
============================================================
📄 Log File: ./logs/linear_records/mb-atmospheric_dust_cls_rdr_dinov3_sat_lr0.001_concat_3.log
⏰ Time: 2026-02-28 00:59:57
============================================================

🚀 Training dinov3_sat on mb-atmospheric_dust_cls_rdr | Mode: LINEAR | LR: 0.001
   📂 [TRAIN] Loading 1 shards...
   ✅ Loaded 9817 samples.
   📂 [TEST] Loading 1 shards...
   ✅ Loaded 5214 samples.
   ⚙️  Config: Workers=8, BS=256, SmallData=False

>>> Loading Model: dinov3_sat (dinov3_hub)
   🔍 Auditing weights for [dinov3_sat]...
   ✅ [PERFECT MATCH] 368/368 layers loaded (100.0%)

   🔍 [Structure Check] dinov3_sat Output Analysis:
      Type: Tuple (len=2)
      Item 0: Shape (1, 1024)
      Item 1: Shape (1, 256, 1024)
      ✅ Identified: CLS=True, Patch=True
      👉 Final Strategy: concat_3 | Input Dim: 3072
   ❄️  Mode: Linear Probe (Backbone Frozen)
   🚀 Compiling model with torch.compile...
   ⚡ AMP Precision: torch.bfloat16
   🔄 Training Start... (Epochs: 40, Patience: 5)
   📅 Epoch 1 | Loss: 0.1802 | Val Accuracy: 97.76%
      ⭐ New Best! Saved.
   📅 Epoch 2 | Loss: 0.0783 | Val Accuracy: 97.16%
   📅 Epoch 3 | Loss: 0.0665 | Val Accuracy: 96.61%
   📅 Epoch 4 | Loss: 0.0637 | Val Accuracy: 96.95%
   📅 Epoch 5 | Loss: 0.0595 | Val Accuracy: 96.43%
   📅 Epoch 6 | Loss: 0.0553 | Val Accuracy: 96.78%

   🛑 Early Stopping triggered after 5 epochs.

========================================
🏆 Best Val Accuracy: 97.76%
💾 Best Checkpoint: ./checkpoints/linear_mb-atmospheric_dust_cls_rdr_dinov3_sat_lr0.001_concat_3.pth
========================================

