
============================================================
📄 Log File: ./logs/linear_records/mb-atmospheric_dust_cls_rdr_mars_mae_lr0.001_original.log
⏰ Time: 2026-02-28 12:32:05
============================================================

🚀 Training mars_mae on mb-atmospheric_dust_cls_rdr | Mode: LINEAR | LR: 0.001
   📂 [TRAIN] Loading 1 shards...
   ✅ Loaded 9817 samples.
   📂 [TEST] Loading 1 shards...
   ✅ Loaded 5214 samples.
   ⚙️  Config: Workers=8, BS=256, SmallData=False

>>> Loading Model: mars_mae (timm_mae)
   ℹ️  Config: in_chans=1
   🔍 Auditing weights for [mars_mae]...
   ✅ [PERFECT MATCH] 150/150 layers loaded (100.0%)

   🔍 [Structure Check] mars_mae Output Analysis:
      Type: Tuple (len=2)
      Item 0: Shape (1, 768)
      Item 1: Shape (1, 196, 768)
      ✅ Identified: CLS=True, Patch=True
      👉 Final Strategy: GAP_only | Input Dim: 768
   ❄️  Mode: Linear Probe (Backbone Frozen)
   🚀 Compiling model with torch.compile...
   ⚡ AMP Precision: torch.bfloat16
   🔄 Training Start... (Epochs: 40, Patience: 5)
   📅 Epoch 1 | Loss: 0.4542 | Val Accuracy: 90.85%
      ⭐ New Best! Saved.
   📅 Epoch 2 | Loss: 0.2670 | Val Accuracy: 92.75%
      ⭐ New Best! Saved.
   📅 Epoch 3 | Loss: 0.2232 | Val Accuracy: 93.50%
      ⭐ New Best! Saved.
   📅 Epoch 4 | Loss: 0.2016 | Val Accuracy: 93.56%
      ⭐ New Best! Saved.
   📅 Epoch 5 | Loss: 0.1874 | Val Accuracy: 93.44%
   📅 Epoch 6 | Loss: 0.1789 | Val Accuracy: 93.90%
      ⭐ New Best! Saved.
   📅 Epoch 7 | Loss: 0.1727 | Val Accuracy: 93.82%
   📅 Epoch 8 | Loss: 0.1666 | Val Accuracy: 94.09%
      ⭐ New Best! Saved.
   📅 Epoch 9 | Loss: 0.1603 | Val Accuracy: 94.42%
      ⭐ New Best! Saved.
   📅 Epoch 10 | Loss: 0.1551 | Val Accuracy: 94.46%
      ⭐ New Best! Saved.
   📅 Epoch 11 | Loss: 0.1480 | Val Accuracy: 94.48%
      ⭐ New Best! Saved.
   📅 Epoch 12 | Loss: 0.1493 | Val Accuracy: 94.48%
   📅 Epoch 13 | Loss: 0.1417 | Val Accuracy: 94.48%
   📅 Epoch 14 | Loss: 0.1380 | Val Accuracy: 94.46%
   📅 Epoch 15 | Loss: 0.1439 | Val Accuracy: 94.50%
      ⭐ New Best! Saved.
   📅 Epoch 16 | Loss: 0.1372 | Val Accuracy: 94.55%
      ⭐ New Best! Saved.
   📅 Epoch 17 | Loss: 0.1400 | Val Accuracy: 94.57%
      ⭐ New Best! Saved.
   📅 Epoch 18 | Loss: 0.1369 | Val Accuracy: 94.76%
      ⭐ New Best! Saved.
   📅 Epoch 19 | Loss: 0.1327 | Val Accuracy: 94.71%
   📅 Epoch 20 | Loss: 0.1291 | Val Accuracy: 94.67%
   📅 Epoch 21 | Loss: 0.1318 | Val Accuracy: 94.59%
   📅 Epoch 22 | Loss: 0.1296 | Val Accuracy: 94.51%
   📅 Epoch 23 | Loss: 0.1289 | Val Accuracy: 94.57%

   🛑 Early Stopping triggered after 5 epochs.

========================================
🏆 Best Val Accuracy: 94.76%
💾 Best Checkpoint: ./checkpoints/linear_mb-atmospheric_dust_cls_rdr_mars_mae_lr0.001_original.pth
========================================

