
============================================================
📄 Log File: ./logs/linear_records/mb-atmospheric_dust_cls_rdr_swin_v2_lr0.001_original.log
⏰ Time: 2026-02-28 08:12:06
============================================================

🚀 Training swin_v2 on mb-atmospheric_dust_cls_rdr | Mode: LINEAR | LR: 0.001
   📂 [TRAIN] Loading 1 shards...
   ✅ Loaded 9817 samples.
   📂 [TEST] Loading 1 shards...
   ✅ Loaded 5214 samples.
   ⚙️  Config: Workers=8, BS=256, SmallData=False

>>> Loading Model: swin_v2 (torchvision_swin)
   🔍 Auditing weights for [swin_v2]...
   ✅ [PERFECT MATCH] 449/449 layers loaded (100.0%)

   🔍 [Structure Check] swin_v2 Output Analysis:
      Type: Tuple (len=2)
      Item 0: Shape (1, 1024)
      Item 1: Shape (1, 64, 1024)
      ✅ Identified: CLS=True, Patch=True
      👉 Final Strategy: GAP_only | Input Dim: 1024
   ❄️  Mode: Linear Probe (Backbone Frozen)
   🚀 Compiling model with torch.compile...
   ⚡ AMP Precision: torch.bfloat16
   🔄 Training Start... (Epochs: 40, Patience: 5)
   📅 Epoch 1 | Loss: 0.2532 | Val Accuracy: 96.14%
      ⭐ New Best! Saved.
   📅 Epoch 2 | Loss: 0.1268 | Val Accuracy: 96.41%
      ⭐ New Best! Saved.
   📅 Epoch 3 | Loss: 0.1150 | Val Accuracy: 96.43%
      ⭐ New Best! Saved.
   📅 Epoch 4 | Loss: 0.1114 | Val Accuracy: 96.39%
   📅 Epoch 5 | Loss: 0.1061 | Val Accuracy: 96.43%
   📅 Epoch 6 | Loss: 0.1019 | Val Accuracy: 96.39%
   📅 Epoch 7 | Loss: 0.1002 | Val Accuracy: 96.36%
   📅 Epoch 8 | Loss: 0.0973 | Val Accuracy: 96.28%

   🛑 Early Stopping triggered after 5 epochs.

========================================
🏆 Best Val Accuracy: 96.43%
💾 Best Checkpoint: ./checkpoints/linear_mb-atmospheric_dust_cls_rdr_swin_v2_lr0.001_original.pth
========================================

