
============================================================
📄 Log File: ./logs/linear_records/mb-atmospheric_dust_cls_rdr_dinov3_lvd_1cha_lr0.01_original.log
⏰ Time: 2026-04-01 23:44:14
============================================================

🚀 Training dinov3_lvd_1cha on mb-atmospheric_dust_cls_rdr | Mode: LINEAR | LR: 0.01
   📂 [TRAIN] Loading 1 shards...
   ✅ Loaded 9817 samples.
   📂 [TEST] Loading 1 shards...
   ✅ Loaded 5214 samples.
   ⚙️  Config: Workers=8, BS=256, SmallData=False

>>> Loading Model: dinov3_lvd_1cha (dinov3_hub)
   🔍 Auditing weights for [dinov3_lvd_1cha]...
   ✅ [PERFECT MATCH] 368/368 layers loaded (100.0%)

   🔍 [Structure Check] dinov3_lvd_1cha Output Analysis:
      Type: Tuple (len=2)
      Item 0: Shape (1, 1024)
      Item 1: Shape (1, 256, 1024)
      ✅ Identified: CLS=True, Patch=True
      👉 Final Strategy: CLS_only | Input Dim: 1024
   ❄️  Mode: Linear Probe (Backbone Frozen)
   🚀 Compiling model with torch.compile...
   ⚡ AMP Precision: torch.bfloat16
   🔄 Training Start... (Epochs: 40, Patience: 5)
   📅 Epoch 1 | Loss: 0.1028 | Val Accuracy: 96.91%
      ⭐ New Best! Saved.
   📅 Epoch 2 | Loss: 0.0730 | Val Accuracy: 97.05%
      ⭐ New Best! Saved.
   📅 Epoch 3 | Loss: 0.0609 | Val Accuracy: 96.47%
   📅 Epoch 4 | Loss: 0.0590 | Val Accuracy: 96.78%
   📅 Epoch 5 | Loss: 0.0586 | Val Accuracy: 96.64%
   📅 Epoch 6 | Loss: 0.0542 | Val Accuracy: 95.59%
   📅 Epoch 7 | Loss: 0.0551 | Val Accuracy: 96.49%

   🛑 Early Stopping triggered after 5 epochs.

========================================
🏆 Best Val Accuracy: 97.05%
💾 Best Checkpoint: ./checkpoints/linear_mb-atmospheric_dust_cls_rdr_dinov3_lvd_1cha_lr0.01_original.pth
========================================

