
============================================================
📄 Log File: ./logs/linear_records/mb-atmospheric_dust_cls_rdr_scale_mae_lr0.01_concat_3.log
⏰ Time: 2026-02-28 09:32:30
============================================================

🚀 Training scale_mae on mb-atmospheric_dust_cls_rdr | Mode: LINEAR | LR: 0.01
   📂 [TRAIN] Loading 1 shards...
   ✅ Loaded 9817 samples.
   📂 [TEST] Loading 1 shards...
   ✅ Loaded 5214 samples.
   ⚙️  Config: Workers=8, BS=256, SmallData=False

>>> Loading Model: scale_mae (scalemae)
   🔍 Auditing weights for [scale_mae]...
   ⚠️ [PARTIAL MATCH] 344/435 layers loaded (79.1%)

   🔍 [Structure Check] scale_mae Output Analysis:
      Type: Tuple (len=2)
      Item 0: Shape (1, 1024)
      Item 1: Shape (1, 196, 1024)
      ✅ Identified: CLS=True, Patch=True
      👉 Final Strategy: concat_3 | Input Dim: 3072
      📏 ScaleMAE GSD: 0.3 m/px
   ❄️  Mode: Linear Probe (Backbone Frozen)
   🚀 Compiling model with torch.compile...
   ⚡ AMP Precision: torch.bfloat16
   🔄 Training Start... (Epochs: 40, Patience: 5)
   📅 Epoch 1 | Loss: 1.2671 | Val Accuracy: 89.18%
      ⭐ New Best! Saved.
   📅 Epoch 2 | Loss: 0.3879 | Val Accuracy: 87.86%
   📅 Epoch 3 | Loss: 0.3237 | Val Accuracy: 82.62%
   📅 Epoch 4 | Loss: 0.3275 | Val Accuracy: 85.65%
   📅 Epoch 5 | Loss: 0.3281 | Val Accuracy: 90.35%
      ⭐ New Best! Saved.
   📅 Epoch 6 | Loss: 0.3067 | Val Accuracy: 90.81%
      ⭐ New Best! Saved.
   📅 Epoch 7 | Loss: 0.2870 | Val Accuracy: 89.99%
   📅 Epoch 8 | Loss: 0.2814 | Val Accuracy: 92.44%
      ⭐ New Best! Saved.
   📅 Epoch 9 | Loss: 0.3211 | Val Accuracy: 91.39%
   📅 Epoch 10 | Loss: 0.3187 | Val Accuracy: 91.77%
   📅 Epoch 11 | Loss: 0.3259 | Val Accuracy: 88.47%
   📅 Epoch 12 | Loss: 0.3054 | Val Accuracy: 89.59%
   📅 Epoch 13 | Loss: 0.4541 | Val Accuracy: 82.30%

   🛑 Early Stopping triggered after 5 epochs.

========================================
🏆 Best Val Accuracy: 92.44%
💾 Best Checkpoint: ./checkpoints/linear_mb-atmospheric_dust_cls_rdr_scale_mae_lr0.01_concat_3.pth
========================================

