
============================================================
📄 Log File: ./logs/linear_records/mb-atmospheric_dust_cls_rdr_dinov2_l14_lr0.0001_concat_2.log
⏰ Time: 2026-02-28 02:02:05
============================================================

🚀 Training dinov2_l14 on mb-atmospheric_dust_cls_rdr | Mode: LINEAR | LR: 0.0001
   📂 [TRAIN] Loading 1 shards...
   ✅ Loaded 9817 samples.
   📂 [TEST] Loading 1 shards...
   ✅ Loaded 5214 samples.
   ⚙️  Config: Workers=8, BS=256, SmallData=False

>>> Loading Model: dinov2_l14 (dinov2_hub)
   🔍 Auditing weights for [dinov2_l14]...
   ✅ [PERFECT MATCH] 343/343 layers loaded (100.0%)

   🔍 [Structure Check] dinov2_l14 Output Analysis:
      Type: Tuple (len=2)
      Item 0: Shape (1, 1024)
      Item 1: Shape (1, 256, 1024)
      ✅ Identified: CLS=True, Patch=True
      👉 Final Strategy: concat_2 | Input Dim: 2048
   ❄️  Mode: Linear Probe (Backbone Frozen)
   🚀 Compiling model with torch.compile...
   ⚡ AMP Precision: torch.bfloat16
   🔄 Training Start... (Epochs: 40, Patience: 5)
   📅 Epoch 1 | Loss: 0.3792 | Val Accuracy: 97.18%
      ⭐ New Best! Saved.
   📅 Epoch 2 | Loss: 0.1378 | Val Accuracy: 98.37%
      ⭐ New Best! Saved.
   📅 Epoch 3 | Loss: 0.1101 | Val Accuracy: 98.50%
      ⭐ New Best! Saved.
   📅 Epoch 4 | Loss: 0.0961 | Val Accuracy: 98.66%
      ⭐ New Best! Saved.
   📅 Epoch 5 | Loss: 0.0891 | Val Accuracy: 98.64%
   📅 Epoch 6 | Loss: 0.0820 | Val Accuracy: 98.66%
   📅 Epoch 7 | Loss: 0.0782 | Val Accuracy: 98.77%
      ⭐ New Best! Saved.
   📅 Epoch 8 | Loss: 0.0731 | Val Accuracy: 98.71%
   📅 Epoch 9 | Loss: 0.0735 | Val Accuracy: 98.73%
   📅 Epoch 10 | Loss: 0.0710 | Val Accuracy: 98.68%
   📅 Epoch 11 | Loss: 0.0693 | Val Accuracy: 98.68%
   📅 Epoch 12 | Loss: 0.0667 | Val Accuracy: 98.66%

   🛑 Early Stopping triggered after 5 epochs.

========================================
🏆 Best Val Accuracy: 98.77%
💾 Best Checkpoint: ./checkpoints/linear_mb-atmospheric_dust_cls_rdr_dinov2_l14_lr0.0001_concat_2.pth
========================================

