
============================================================
📄 Log File: ./logs/linear_records/mb-atmospheric_dust_cls_rdr_dinov3_sat_1cha_lr0.001_original.log
⏰ Time: 2026-04-01 22:26:22
============================================================

🚀 Training dinov3_sat_1cha on mb-atmospheric_dust_cls_rdr | Mode: LINEAR | LR: 0.001
   📂 [TRAIN] Loading 1 shards...
   ✅ Loaded 9817 samples.
   📂 [TEST] Loading 1 shards...
   ✅ Loaded 5214 samples.
   ⚙️  Config: Workers=8, BS=256, SmallData=False

>>> Loading Model: dinov3_sat_1cha (dinov3_hub)
   🔍 Auditing weights for [dinov3_sat_1cha]...
   ✅ [PERFECT MATCH] 368/368 layers loaded (100.0%)

   🔍 [Structure Check] dinov3_sat_1cha Output Analysis:
      Type: Tuple (len=2)
      Item 0: Shape (1, 1024)
      Item 1: Shape (1, 256, 1024)
      ✅ Identified: CLS=True, Patch=True
      👉 Final Strategy: GAP_only | Input Dim: 1024
   ❄️  Mode: Linear Probe (Backbone Frozen)
   🚀 Compiling model with torch.compile...
   ⚡ AMP Precision: torch.bfloat16
   🔄 Training Start... (Epochs: 40, Patience: 5)
   📅 Epoch 1 | Loss: 0.3867 | Val Accuracy: 97.10%
      ⭐ New Best! Saved.
   📅 Epoch 2 | Loss: 0.1812 | Val Accuracy: 97.20%
      ⭐ New Best! Saved.
   📅 Epoch 3 | Loss: 0.1407 | Val Accuracy: 97.20%
   📅 Epoch 4 | Loss: 0.1242 | Val Accuracy: 97.26%
      ⭐ New Best! Saved.
   📅 Epoch 5 | Loss: 0.1101 | Val Accuracy: 97.26%
   📅 Epoch 6 | Loss: 0.1029 | Val Accuracy: 97.30%
      ⭐ New Best! Saved.
   📅 Epoch 7 | Loss: 0.0982 | Val Accuracy: 97.28%
   📅 Epoch 8 | Loss: 0.0931 | Val Accuracy: 97.39%
      ⭐ New Best! Saved.
   📅 Epoch 9 | Loss: 0.0891 | Val Accuracy: 97.30%
   📅 Epoch 10 | Loss: 0.0870 | Val Accuracy: 97.33%
   📅 Epoch 11 | Loss: 0.0831 | Val Accuracy: 97.26%
   📅 Epoch 12 | Loss: 0.0794 | Val Accuracy: 97.28%
   📅 Epoch 13 | Loss: 0.0797 | Val Accuracy: 97.18%

   🛑 Early Stopping triggered after 5 epochs.

========================================
🏆 Best Val Accuracy: 97.39%
💾 Best Checkpoint: ./checkpoints/linear_mb-atmospheric_dust_cls_rdr_dinov3_sat_1cha_lr0.001_original.pth
========================================

