
============================================================
📄 Log File: ./logs/linear_records/mb-atmospheric_dust_cls_rdr_dinov3_sat_lr0.001_original.log
⏰ Time: 2026-02-28 01:04:36
============================================================

🚀 Training dinov3_sat on mb-atmospheric_dust_cls_rdr | Mode: LINEAR | LR: 0.001
   📂 [TRAIN] Loading 1 shards...
   ✅ Loaded 9817 samples.
   📂 [TEST] Loading 1 shards...
   ✅ Loaded 5214 samples.
   ⚙️  Config: Workers=8, BS=256, SmallData=False

>>> Loading Model: dinov3_sat (dinov3_hub)
   🔍 Auditing weights for [dinov3_sat]...
   ✅ [PERFECT MATCH] 368/368 layers loaded (100.0%)

   🔍 [Structure Check] dinov3_sat Output Analysis:
      Type: Tuple (len=2)
      Item 0: Shape (1, 1024)
      Item 1: Shape (1, 256, 1024)
      ✅ Identified: CLS=True, Patch=True
      👉 Final Strategy: GAP_only | Input Dim: 1024
   ❄️  Mode: Linear Probe (Backbone Frozen)
   🚀 Compiling model with torch.compile...
   ⚡ AMP Precision: torch.bfloat16
   🔄 Training Start... (Epochs: 40, Patience: 5)
   📅 Epoch 1 | Loss: 0.3774 | Val Accuracy: 98.18%
      ⭐ New Best! Saved.
   📅 Epoch 2 | Loss: 0.1805 | Val Accuracy: 98.02%
   📅 Epoch 3 | Loss: 0.1368 | Val Accuracy: 98.01%
   📅 Epoch 4 | Loss: 0.1177 | Val Accuracy: 97.95%
   📅 Epoch 5 | Loss: 0.1066 | Val Accuracy: 97.89%
   📅 Epoch 6 | Loss: 0.0992 | Val Accuracy: 97.81%

   🛑 Early Stopping triggered after 5 epochs.

========================================
🏆 Best Val Accuracy: 98.18%
💾 Best Checkpoint: ./checkpoints/linear_mb-atmospheric_dust_cls_rdr_dinov3_sat_lr0.001_original.pth
========================================

