
============================================================
📄 Log File: ./logs/linear_records/mb-atmospheric_dust_cls_rdr_dinov3_sat_1cha_lr0.01_concat_2.log
⏰ Time: 2026-04-01 21:34:15
============================================================

🚀 Training dinov3_sat_1cha on mb-atmospheric_dust_cls_rdr | Mode: LINEAR | LR: 0.01
   📂 [TRAIN] Loading 1 shards...
   ✅ Loaded 9817 samples.
   📂 [TEST] Loading 1 shards...
   ✅ Loaded 5214 samples.
   ⚙️  Config: Workers=8, BS=256, SmallData=False

>>> Loading Model: dinov3_sat_1cha (dinov3_hub)
   🔍 Auditing weights for [dinov3_sat_1cha]...
   ✅ [PERFECT MATCH] 368/368 layers loaded (100.0%)

   🔍 [Structure Check] dinov3_sat_1cha Output Analysis:
      Type: Tuple (len=2)
      Item 0: Shape (1, 1024)
      Item 1: Shape (1, 256, 1024)
      ✅ Identified: CLS=True, Patch=True
      👉 Final Strategy: concat_2 | Input Dim: 2048
   ❄️  Mode: Linear Probe (Backbone Frozen)
   🚀 Compiling model with torch.compile...
   ⚡ AMP Precision: torch.bfloat16
   🔄 Training Start... (Epochs: 40, Patience: 5)
   📅 Epoch 1 | Loss: 0.1282 | Val Accuracy: 95.44%
      ⭐ New Best! Saved.
   📅 Epoch 2 | Loss: 0.0601 | Val Accuracy: 95.84%
      ⭐ New Best! Saved.
   📅 Epoch 3 | Loss: 0.0571 | Val Accuracy: 95.65%
   📅 Epoch 4 | Loss: 0.0485 | Val Accuracy: 95.59%
   📅 Epoch 5 | Loss: 0.0493 | Val Accuracy: 95.65%
   📅 Epoch 6 | Loss: 0.0526 | Val Accuracy: 95.32%
   📅 Epoch 7 | Loss: 0.0653 | Val Accuracy: 95.36%

   🛑 Early Stopping triggered after 5 epochs.

========================================
🏆 Best Val Accuracy: 95.84%
💾 Best Checkpoint: ./checkpoints/linear_mb-atmospheric_dust_cls_rdr_dinov3_sat_1cha_lr0.01_concat_2.pth
========================================

