
============================================================
📄 Log File: ./logs/linear_records/mb-atmospheric_dust_cls_rdr_mars_mae_lr0.0001_concat_2.log
⏰ Time: 2026-02-28 12:35:53
============================================================

🚀 Training mars_mae on mb-atmospheric_dust_cls_rdr | Mode: LINEAR | LR: 0.0001
   📂 [TRAIN] Loading 1 shards...
   ✅ Loaded 9817 samples.
   📂 [TEST] Loading 1 shards...
   ✅ Loaded 5214 samples.
   ⚙️  Config: Workers=8, BS=256, SmallData=False

>>> Loading Model: mars_mae (timm_mae)
   ℹ️  Config: in_chans=1
   🔍 Auditing weights for [mars_mae]...
   ✅ [PERFECT MATCH] 150/150 layers loaded (100.0%)

   🔍 [Structure Check] mars_mae Output Analysis:
      Type: Tuple (len=2)
      Item 0: Shape (1, 768)
      Item 1: Shape (1, 196, 768)
      ✅ Identified: CLS=True, Patch=True
      👉 Final Strategy: concat_2 | Input Dim: 1536
   ❄️  Mode: Linear Probe (Backbone Frozen)
   🚀 Compiling model with torch.compile...
   ⚡ AMP Precision: torch.bfloat16
   🔄 Training Start... (Epochs: 40, Patience: 5)
   📅 Epoch 1 | Loss: 0.6416 | Val Accuracy: 85.04%
      ⭐ New Best! Saved.
   📅 Epoch 2 | Loss: 0.5355 | Val Accuracy: 88.28%
      ⭐ New Best! Saved.
   📅 Epoch 3 | Loss: 0.4649 | Val Accuracy: 90.07%
      ⭐ New Best! Saved.
   📅 Epoch 4 | Loss: 0.4167 | Val Accuracy: 90.87%
      ⭐ New Best! Saved.
   📅 Epoch 5 | Loss: 0.3793 | Val Accuracy: 90.76%
   📅 Epoch 6 | Loss: 0.3554 | Val Accuracy: 91.06%
      ⭐ New Best! Saved.
   📅 Epoch 7 | Loss: 0.3310 | Val Accuracy: 91.47%
      ⭐ New Best! Saved.
   📅 Epoch 8 | Loss: 0.3176 | Val Accuracy: 91.56%
      ⭐ New Best! Saved.
   📅 Epoch 9 | Loss: 0.2978 | Val Accuracy: 91.87%
      ⭐ New Best! Saved.
   📅 Epoch 10 | Loss: 0.2842 | Val Accuracy: 91.96%
      ⭐ New Best! Saved.
   📅 Epoch 11 | Loss: 0.2768 | Val Accuracy: 92.16%
      ⭐ New Best! Saved.
   📅 Epoch 12 | Loss: 0.2674 | Val Accuracy: 92.39%
      ⭐ New Best! Saved.
   📅 Epoch 13 | Loss: 0.2610 | Val Accuracy: 92.65%
      ⭐ New Best! Saved.
   📅 Epoch 14 | Loss: 0.2528 | Val Accuracy: 92.60%
   📅 Epoch 15 | Loss: 0.2461 | Val Accuracy: 92.83%
      ⭐ New Best! Saved.
   📅 Epoch 16 | Loss: 0.2420 | Val Accuracy: 92.92%
      ⭐ New Best! Saved.
   📅 Epoch 17 | Loss: 0.2354 | Val Accuracy: 92.75%
   📅 Epoch 18 | Loss: 0.2302 | Val Accuracy: 92.85%
   📅 Epoch 19 | Loss: 0.2243 | Val Accuracy: 92.87%
   📅 Epoch 20 | Loss: 0.2208 | Val Accuracy: 92.92%
   📅 Epoch 21 | Loss: 0.2147 | Val Accuracy: 92.92%

   🛑 Early Stopping triggered after 5 epochs.

========================================
🏆 Best Val Accuracy: 92.92%
💾 Best Checkpoint: ./checkpoints/linear_mb-atmospheric_dust_cls_rdr_mars_mae_lr0.0001_concat_2.pth
========================================

