
============================================================
📄 Log File: ./logs/linear_records/mb-atmospheric_dust_cls_rdr_siglip2_lr0.01_original.log
⏰ Time: 2026-02-28 11:13:35
============================================================

🚀 Training siglip2 on mb-atmospheric_dust_cls_rdr | Mode: LINEAR | LR: 0.01
   📂 [TRAIN] Loading 1 shards...
   ✅ Loaded 9817 samples.
   📂 [TEST] Loading 1 shards...
   ✅ Loaded 5214 samples.
   ⚙️  Config: Workers=8, BS=256, SmallData=False

>>> Loading Model: siglip2 (transformers)

   🔍 [Structure Check] siglip2 Output Analysis:
      Type: Tuple (len=2)
      Item 0: Shape (1, 1024)
      Item 1: Shape (1, 256, 1024)
      ✅ Identified: CLS=True, Patch=True
      👉 Final Strategy: CLS_only | Input Dim: 1024
   ❄️  Mode: Linear Probe (Backbone Frozen)
   🚀 Compiling model with torch.compile...
   ⚡ AMP Precision: torch.bfloat16
   🔄 Training Start... (Epochs: 40, Patience: 5)
   📅 Epoch 1 | Loss: 0.2278 | Val Accuracy: 97.39%
      ⭐ New Best! Saved.
   📅 Epoch 2 | Loss: 0.1047 | Val Accuracy: 97.43%
      ⭐ New Best! Saved.
   📅 Epoch 3 | Loss: 0.0924 | Val Accuracy: 97.07%
   📅 Epoch 4 | Loss: 0.0845 | Val Accuracy: 96.85%
   📅 Epoch 5 | Loss: 0.0890 | Val Accuracy: 97.39%
   📅 Epoch 6 | Loss: 0.0844 | Val Accuracy: 97.33%
   📅 Epoch 7 | Loss: 0.0834 | Val Accuracy: 96.66%

   🛑 Early Stopping triggered after 5 epochs.

========================================
🏆 Best Val Accuracy: 97.43%
💾 Best Checkpoint: ./checkpoints/linear_mb-atmospheric_dust_cls_rdr_siglip2_lr0.01_original.pth
========================================

