
============================================================
📄 Log File: ./logs/linear_records/mb-atmospheric_dust_cls_rdr_dinov2_l14_lr0.01_original.log
⏰ Time: 2026-02-28 01:40:53
============================================================

🚀 Training dinov2_l14 on mb-atmospheric_dust_cls_rdr | Mode: LINEAR | LR: 0.01
   📂 [TRAIN] Loading 1 shards...
   ✅ Loaded 9817 samples.
   📂 [TEST] Loading 1 shards...
   ✅ Loaded 5214 samples.
   ⚙️  Config: Workers=8, BS=256, SmallData=False

>>> Loading Model: dinov2_l14 (dinov2_hub)
   🔍 Auditing weights for [dinov2_l14]...
   ✅ [PERFECT MATCH] 343/343 layers loaded (100.0%)

   🔍 [Structure Check] dinov2_l14 Output Analysis:
      Type: Tuple (len=2)
      Item 0: Shape (1, 1024)
      Item 1: Shape (1, 256, 1024)
      ✅ Identified: CLS=True, Patch=True
      👉 Final Strategy: CLS_only | Input Dim: 1024
   ❄️  Mode: Linear Probe (Backbone Frozen)
   🚀 Compiling model with torch.compile...
   ⚡ AMP Precision: torch.bfloat16
   🔄 Training Start... (Epochs: 40, Patience: 5)
   📅 Epoch 1 | Loss: 0.1632 | Val Accuracy: 97.79%
      ⭐ New Best! Saved.
   📅 Epoch 2 | Loss: 0.0899 | Val Accuracy: 98.54%
      ⭐ New Best! Saved.
   📅 Epoch 3 | Loss: 0.0810 | Val Accuracy: 96.57%
   📅 Epoch 4 | Loss: 0.0726 | Val Accuracy: 94.57%
   📅 Epoch 5 | Loss: 0.0601 | Val Accuracy: 96.68%
   📅 Epoch 6 | Loss: 0.0661 | Val Accuracy: 96.36%
   📅 Epoch 7 | Loss: 0.0634 | Val Accuracy: 95.03%

   🛑 Early Stopping triggered after 5 epochs.

========================================
🏆 Best Val Accuracy: 98.54%
💾 Best Checkpoint: ./checkpoints/linear_mb-atmospheric_dust_cls_rdr_dinov2_l14_lr0.01_original.pth
========================================

