
============================================================
📄 Log File: ./logs/linear_records/mb-atmospheric_dust_cls_rdr_vit_l_lr0.01_original.log
⏰ Time: 2026-02-28 08:42:51
============================================================

🚀 Training vit_l on mb-atmospheric_dust_cls_rdr | Mode: LINEAR | LR: 0.01
   📂 [TRAIN] Loading 1 shards...
   ✅ Loaded 9817 samples.
   📂 [TEST] Loading 1 shards...
   ✅ Loaded 5214 samples.
   ⚙️  Config: Workers=8, BS=256, SmallData=False

>>> Loading Model: vit_l (torchvision_vit)
   🔍 Auditing weights for [vit_l]...
   ✅ [PERFECT MATCH] 296/296 layers loaded (100.0%)

   🔍 [Structure Check] vit_l Output Analysis:
      Type: Tuple (len=2)
      Item 0: Shape (1, 1024)
      Item 1: Shape (1, 196, 1024)
      ✅ Identified: CLS=True, Patch=True
      👉 Final Strategy: CLS_only | Input Dim: 1024
   ❄️  Mode: Linear Probe (Backbone Frozen)
   🚀 Compiling model with torch.compile...
   ⚡ AMP Precision: torch.bfloat16
   🔄 Training Start... (Epochs: 40, Patience: 5)
   📅 Epoch 1 | Loss: 0.1646 | Val Accuracy: 95.22%
      ⭐ New Best! Saved.
   📅 Epoch 2 | Loss: 0.0930 | Val Accuracy: 95.47%
      ⭐ New Best! Saved.
   📅 Epoch 3 | Loss: 0.0837 | Val Accuracy: 95.44%
   📅 Epoch 4 | Loss: 0.0788 | Val Accuracy: 94.84%
   📅 Epoch 5 | Loss: 0.0849 | Val Accuracy: 93.88%
   📅 Epoch 6 | Loss: 0.0917 | Val Accuracy: 95.05%
   📅 Epoch 7 | Loss: 0.0810 | Val Accuracy: 95.01%

   🛑 Early Stopping triggered after 5 epochs.

========================================
🏆 Best Val Accuracy: 95.47%
💾 Best Checkpoint: ./checkpoints/linear_mb-atmospheric_dust_cls_rdr_vit_l_lr0.01_original.pth
========================================

