
============================================================
📄 Log File: ./logs/linear_records/mb-atmospheric_dust_cls_rdr_openclip_lr0.001_concat_3.log
⏰ Time: 2026-02-28 06:58:03
============================================================

🚀 Training openclip on mb-atmospheric_dust_cls_rdr | Mode: LINEAR | LR: 0.001
   📂 [TRAIN] Loading 1 shards...
   ✅ Loaded 9817 samples.
   📂 [TEST] Loading 1 shards...
   ✅ Loaded 5214 samples.
   ⚙️  Config: Workers=8, BS=256, SmallData=False

>>> Loading Model: openclip (transformers_clip)

   🔍 [Structure Check] openclip Output Analysis:
      Type: Tuple (len=2)
      Item 0: Shape (1, 1024)
      Item 1: Shape (1, 256, 1024)
      ✅ Identified: CLS=True, Patch=True
      👉 Final Strategy: concat_3 | Input Dim: 3072
   ❄️  Mode: Linear Probe (Backbone Frozen)
   🚀 Compiling model with torch.compile...
   ⚡ AMP Precision: torch.bfloat16
   🔄 Training Start... (Epochs: 40, Patience: 5)
   📅 Epoch 1 | Loss: 0.2468 | Val Accuracy: 92.71%
      ⭐ New Best! Saved.
   📅 Epoch 2 | Loss: 0.1264 | Val Accuracy: 96.11%
      ⭐ New Best! Saved.
   📅 Epoch 3 | Loss: 0.1078 | Val Accuracy: 96.39%
      ⭐ New Best! Saved.
   📅 Epoch 4 | Loss: 0.1065 | Val Accuracy: 96.62%
      ⭐ New Best! Saved.
   📅 Epoch 5 | Loss: 0.0973 | Val Accuracy: 96.26%
   📅 Epoch 6 | Loss: 0.0949 | Val Accuracy: 96.64%
      ⭐ New Best! Saved.
   📅 Epoch 7 | Loss: 0.0898 | Val Accuracy: 96.55%
   📅 Epoch 8 | Loss: 0.0880 | Val Accuracy: 96.34%
   📅 Epoch 9 | Loss: 0.0872 | Val Accuracy: 95.67%
   📅 Epoch 10 | Loss: 0.0840 | Val Accuracy: 96.11%
   📅 Epoch 11 | Loss: 0.0849 | Val Accuracy: 95.70%

   🛑 Early Stopping triggered after 5 epochs.

========================================
🏆 Best Val Accuracy: 96.64%
💾 Best Checkpoint: ./checkpoints/linear_mb-atmospheric_dust_cls_rdr_openclip_lr0.001_concat_3.pth
========================================

