
============================================================
📄 Log File: ./logs/linear_records/mb-atmospheric_dust_cls_rdr_dinov2_l14_lr0.001_concat_2.log
⏰ Time: 2026-02-28 01:45:50
============================================================

🚀 Training dinov2_l14 on mb-atmospheric_dust_cls_rdr | Mode: LINEAR | LR: 0.001
   📂 [TRAIN] Loading 1 shards...
   ✅ Loaded 9817 samples.
   📂 [TEST] Loading 1 shards...
   ✅ Loaded 5214 samples.
   ⚙️  Config: Workers=8, BS=256, SmallData=False

>>> Loading Model: dinov2_l14 (dinov2_hub)
   🔍 Auditing weights for [dinov2_l14]...
   ✅ [PERFECT MATCH] 343/343 layers loaded (100.0%)

   🔍 [Structure Check] dinov2_l14 Output Analysis:
      Type: Tuple (len=2)
      Item 0: Shape (1, 1024)
      Item 1: Shape (1, 256, 1024)
      ✅ Identified: CLS=True, Patch=True
      👉 Final Strategy: concat_2 | Input Dim: 2048
   ❄️  Mode: Linear Probe (Backbone Frozen)
   🚀 Compiling model with torch.compile...
   ⚡ AMP Precision: torch.bfloat16
   🔄 Training Start... (Epochs: 40, Patience: 5)
   📅 Epoch 1 | Loss: 0.1220 | Val Accuracy: 97.31%
      ⭐ New Best! Saved.
   📅 Epoch 2 | Loss: 0.0680 | Val Accuracy: 97.55%
      ⭐ New Best! Saved.
   📅 Epoch 3 | Loss: 0.0619 | Val Accuracy: 98.29%
      ⭐ New Best! Saved.
   📅 Epoch 4 | Loss: 0.0561 | Val Accuracy: 98.73%
      ⭐ New Best! Saved.
   📅 Epoch 5 | Loss: 0.0492 | Val Accuracy: 98.41%
   📅 Epoch 6 | Loss: 0.0496 | Val Accuracy: 97.81%
   📅 Epoch 7 | Loss: 0.0457 | Val Accuracy: 97.95%
   📅 Epoch 8 | Loss: 0.0484 | Val Accuracy: 97.56%
   📅 Epoch 9 | Loss: 0.0506 | Val Accuracy: 97.35%

   🛑 Early Stopping triggered after 5 epochs.

========================================
🏆 Best Val Accuracy: 98.73%
💾 Best Checkpoint: ./checkpoints/linear_mb-atmospheric_dust_cls_rdr_dinov2_l14_lr0.001_concat_2.pth
========================================

