
============================================================
📄 Log File: ./logs/linear_records/mb-atmospheric_dust_cls_rdr_dinov3_sat_1cha_lr0.0001_concat_2.log
⏰ Time: 2026-04-01 22:38:51
============================================================

🚀 Training dinov3_sat_1cha on mb-atmospheric_dust_cls_rdr | Mode: LINEAR | LR: 0.0001
   📂 [TRAIN] Loading 1 shards...
   ✅ Loaded 9817 samples.
   📂 [TEST] Loading 1 shards...
   ✅ Loaded 5214 samples.
   ⚙️  Config: Workers=8, BS=256, SmallData=False

>>> Loading Model: dinov3_sat_1cha (dinov3_hub)
   🔍 Auditing weights for [dinov3_sat_1cha]...
   ✅ [PERFECT MATCH] 368/368 layers loaded (100.0%)

   🔍 [Structure Check] dinov3_sat_1cha Output Analysis:
      Type: Tuple (len=2)
      Item 0: Shape (1, 1024)
      Item 1: Shape (1, 256, 1024)
      ✅ Identified: CLS=True, Patch=True
      👉 Final Strategy: concat_2 | Input Dim: 2048
   ❄️  Mode: Linear Probe (Backbone Frozen)
   🚀 Compiling model with torch.compile...
   ⚡ AMP Precision: torch.bfloat16
   🔄 Training Start... (Epochs: 40, Patience: 5)
   📅 Epoch 1 | Loss: 0.4866 | Val Accuracy: 96.05%
      ⭐ New Best! Saved.
   📅 Epoch 2 | Loss: 0.2870 | Val Accuracy: 96.38%
      ⭐ New Best! Saved.
   📅 Epoch 3 | Loss: 0.2115 | Val Accuracy: 96.59%
      ⭐ New Best! Saved.
   📅 Epoch 4 | Loss: 0.1795 | Val Accuracy: 96.64%
      ⭐ New Best! Saved.
   📅 Epoch 5 | Loss: 0.1559 | Val Accuracy: 96.72%
      ⭐ New Best! Saved.
   📅 Epoch 6 | Loss: 0.1392 | Val Accuracy: 96.68%
   📅 Epoch 7 | Loss: 0.1283 | Val Accuracy: 96.66%
   📅 Epoch 8 | Loss: 0.1213 | Val Accuracy: 96.72%
   📅 Epoch 9 | Loss: 0.1146 | Val Accuracy: 96.76%
      ⭐ New Best! Saved.
   📅 Epoch 10 | Loss: 0.1083 | Val Accuracy: 96.74%
   📅 Epoch 11 | Loss: 0.1045 | Val Accuracy: 96.78%
      ⭐ New Best! Saved.
   📅 Epoch 12 | Loss: 0.0989 | Val Accuracy: 96.76%
   📅 Epoch 13 | Loss: 0.0970 | Val Accuracy: 96.78%
   📅 Epoch 14 | Loss: 0.0951 | Val Accuracy: 96.91%
      ⭐ New Best! Saved.
   📅 Epoch 15 | Loss: 0.0906 | Val Accuracy: 96.87%
   📅 Epoch 16 | Loss: 0.0878 | Val Accuracy: 96.84%
   📅 Epoch 17 | Loss: 0.0860 | Val Accuracy: 96.85%
   📅 Epoch 18 | Loss: 0.0859 | Val Accuracy: 96.84%
   📅 Epoch 19 | Loss: 0.0815 | Val Accuracy: 96.85%

   🛑 Early Stopping triggered after 5 epochs.

========================================
🏆 Best Val Accuracy: 96.91%
💾 Best Checkpoint: ./checkpoints/linear_mb-atmospheric_dust_cls_rdr_dinov3_sat_1cha_lr0.0001_concat_2.pth
========================================

