
============================================================
📄 Log File: ./logs/linear_records/mb-atmospheric_dust_cls_rdr_swin_v2_lr0.01_original.log
⏰ Time: 2026-02-28 08:04:11
============================================================

🚀 Training swin_v2 on mb-atmospheric_dust_cls_rdr | Mode: LINEAR | LR: 0.01
   📂 [TRAIN] Loading 1 shards...
   ✅ Loaded 9817 samples.
   📂 [TEST] Loading 1 shards...
   ✅ Loaded 5214 samples.
   ⚙️  Config: Workers=8, BS=256, SmallData=False

>>> Loading Model: swin_v2 (torchvision_swin)
   🔍 Auditing weights for [swin_v2]...
   ✅ [PERFECT MATCH] 449/449 layers loaded (100.0%)

   🔍 [Structure Check] swin_v2 Output Analysis:
      Type: Tuple (len=2)
      Item 0: Shape (1, 1024)
      Item 1: Shape (1, 64, 1024)
      ✅ Identified: CLS=True, Patch=True
      👉 Final Strategy: GAP_only | Input Dim: 1024
   ❄️  Mode: Linear Probe (Backbone Frozen)
   🚀 Compiling model with torch.compile...
   ⚡ AMP Precision: torch.bfloat16
   🔄 Training Start... (Epochs: 40, Patience: 5)
   📅 Epoch 1 | Loss: 0.1396 | Val Accuracy: 96.49%
      ⭐ New Best! Saved.
   📅 Epoch 2 | Loss: 0.0991 | Val Accuracy: 96.51%
      ⭐ New Best! Saved.
   📅 Epoch 3 | Loss: 0.0965 | Val Accuracy: 96.14%
   📅 Epoch 4 | Loss: 0.0927 | Val Accuracy: 96.36%
   📅 Epoch 5 | Loss: 0.0898 | Val Accuracy: 96.03%
   📅 Epoch 6 | Loss: 0.0931 | Val Accuracy: 95.72%
   📅 Epoch 7 | Loss: 0.0912 | Val Accuracy: 95.80%

   🛑 Early Stopping triggered after 5 epochs.

========================================
🏆 Best Val Accuracy: 96.51%
💾 Best Checkpoint: ./checkpoints/linear_mb-atmospheric_dust_cls_rdr_swin_v2_lr0.01_original.pth
========================================

