
============================================================
📄 Log File: ./logs/linear_records/mb-atmospheric_dust_cls_rdr_mars_mae_lr0.001_concat_3.log
⏰ Time: 2026-02-28 12:29:39
============================================================

🚀 Training mars_mae on mb-atmospheric_dust_cls_rdr | Mode: LINEAR | LR: 0.001
   📂 [TRAIN] Loading 1 shards...
   ✅ Loaded 9817 samples.
   📂 [TEST] Loading 1 shards...
   ✅ Loaded 5214 samples.
   ⚙️  Config: Workers=8, BS=256, SmallData=False

>>> Loading Model: mars_mae (timm_mae)
   ℹ️  Config: in_chans=1
   🔍 Auditing weights for [mars_mae]...
   ✅ [PERFECT MATCH] 150/150 layers loaded (100.0%)

   🔍 [Structure Check] mars_mae Output Analysis:
      Type: Tuple (len=2)
      Item 0: Shape (1, 768)
      Item 1: Shape (1, 196, 768)
      ✅ Identified: CLS=True, Patch=True
      👉 Final Strategy: concat_3 | Input Dim: 2304
   ❄️  Mode: Linear Probe (Backbone Frozen)
   🚀 Compiling model with torch.compile...
   ⚡ AMP Precision: torch.bfloat16
   🔄 Training Start... (Epochs: 40, Patience: 5)
   📅 Epoch 1 | Loss: 0.3244 | Val Accuracy: 92.81%
      ⭐ New Best! Saved.
   📅 Epoch 2 | Loss: 0.1879 | Val Accuracy: 93.67%
      ⭐ New Best! Saved.
   📅 Epoch 3 | Loss: 0.1641 | Val Accuracy: 93.56%
   📅 Epoch 4 | Loss: 0.1548 | Val Accuracy: 92.35%
   📅 Epoch 5 | Loss: 0.1457 | Val Accuracy: 94.30%
      ⭐ New Best! Saved.
   📅 Epoch 6 | Loss: 0.1349 | Val Accuracy: 94.53%
      ⭐ New Best! Saved.
   📅 Epoch 7 | Loss: 0.1308 | Val Accuracy: 94.63%
      ⭐ New Best! Saved.
   📅 Epoch 8 | Loss: 0.1307 | Val Accuracy: 94.59%
   📅 Epoch 9 | Loss: 0.1254 | Val Accuracy: 94.71%
      ⭐ New Best! Saved.
   📅 Epoch 10 | Loss: 0.1257 | Val Accuracy: 94.50%
   📅 Epoch 11 | Loss: 0.1245 | Val Accuracy: 94.67%
   📅 Epoch 12 | Loss: 0.1249 | Val Accuracy: 94.36%
   📅 Epoch 13 | Loss: 0.1147 | Val Accuracy: 94.25%
   📅 Epoch 14 | Loss: 0.1179 | Val Accuracy: 94.36%

   🛑 Early Stopping triggered after 5 epochs.

========================================
🏆 Best Val Accuracy: 94.71%
💾 Best Checkpoint: ./checkpoints/linear_mb-atmospheric_dust_cls_rdr_mars_mae_lr0.001_concat_3.pth
========================================

