
============================================================
📄 Log File: ./logs/linear_records/mb-atmospheric_dust_cls_rdr_dinov3_lvd_1cha_lr0.001_concat_2.log
⏰ Time: 2026-04-01 23:51:58
============================================================

🚀 Training dinov3_lvd_1cha on mb-atmospheric_dust_cls_rdr | Mode: LINEAR | LR: 0.001
   📂 [TRAIN] Loading 1 shards...
   ✅ Loaded 9817 samples.
   📂 [TEST] Loading 1 shards...
   ✅ Loaded 5214 samples.
   ⚙️  Config: Workers=8, BS=256, SmallData=False

>>> Loading Model: dinov3_lvd_1cha (dinov3_hub)
   🔍 Auditing weights for [dinov3_lvd_1cha]...
   ✅ [PERFECT MATCH] 368/368 layers loaded (100.0%)

   🔍 [Structure Check] dinov3_lvd_1cha Output Analysis:
      Type: Tuple (len=2)
      Item 0: Shape (1, 1024)
      Item 1: Shape (1, 256, 1024)
      ✅ Identified: CLS=True, Patch=True
      👉 Final Strategy: concat_2 | Input Dim: 2048
   ❄️  Mode: Linear Probe (Backbone Frozen)
   🚀 Compiling model with torch.compile...
   ⚡ AMP Precision: torch.bfloat16
   🔄 Training Start... (Epochs: 40, Patience: 5)
   📅 Epoch 1 | Loss: 0.1579 | Val Accuracy: 97.91%
      ⭐ New Best! Saved.
   📅 Epoch 2 | Loss: 0.0786 | Val Accuracy: 97.79%
   📅 Epoch 3 | Loss: 0.0704 | Val Accuracy: 97.62%
   📅 Epoch 4 | Loss: 0.0685 | Val Accuracy: 97.64%
   📅 Epoch 5 | Loss: 0.0648 | Val Accuracy: 96.99%
   📅 Epoch 6 | Loss: 0.0627 | Val Accuracy: 97.18%

   🛑 Early Stopping triggered after 5 epochs.

========================================
🏆 Best Val Accuracy: 97.91%
💾 Best Checkpoint: ./checkpoints/linear_mb-atmospheric_dust_cls_rdr_dinov3_lvd_1cha_lr0.001_concat_2.pth
========================================

