
============================================================
📄 Log File: ./logs/linear_records/mb-atmospheric_dust_cls_rdr_dinov1_b8_lr0.001_original.log
⏰ Time: 2026-02-28 03:22:20
============================================================

🚀 Training dinov1_b8 on mb-atmospheric_dust_cls_rdr | Mode: LINEAR | LR: 0.001
   📂 [TRAIN] Loading 1 shards...
   ✅ Loaded 9817 samples.
   📂 [TEST] Loading 1 shards...
   ✅ Loaded 5214 samples.
   ⚙️  Config: Workers=8, BS=256, SmallData=False

>>> Loading Model: dinov1_b8 (dinov1)

   🔍 [Structure Check] dinov1_b8 Output Analysis:
      Type: Tuple (len=2)
      Item 0: Shape (1, 768)
      Item 1: Shape (1, 784, 768)
      ✅ Identified: CLS=True, Patch=True
      👉 Final Strategy: CLS_only | Input Dim: 768
   ❄️  Mode: Linear Probe (Backbone Frozen)
   🚀 Compiling model with torch.compile...
   ⚡ AMP Precision: torch.bfloat16
   🔄 Training Start... (Epochs: 40, Patience: 5)
   📅 Epoch 1 | Loss: 0.1513 | Val Accuracy: 95.65%
      ⭐ New Best! Saved.
   📅 Epoch 2 | Loss: 0.0751 | Val Accuracy: 95.49%
   📅 Epoch 3 | Loss: 0.0683 | Val Accuracy: 95.59%
   📅 Epoch 4 | Loss: 0.0651 | Val Accuracy: 95.61%
   📅 Epoch 5 | Loss: 0.0615 | Val Accuracy: 95.55%
   📅 Epoch 6 | Loss: 0.0601 | Val Accuracy: 95.70%
      ⭐ New Best! Saved.
   📅 Epoch 7 | Loss: 0.0572 | Val Accuracy: 95.61%
   📅 Epoch 8 | Loss: 0.0597 | Val Accuracy: 95.57%
   📅 Epoch 9 | Loss: 0.0597 | Val Accuracy: 95.67%
   📅 Epoch 10 | Loss: 0.0575 | Val Accuracy: 95.63%
   📅 Epoch 11 | Loss: 0.0520 | Val Accuracy: 95.68%

   🛑 Early Stopping triggered after 5 epochs.

========================================
🏆 Best Val Accuracy: 95.70%
💾 Best Checkpoint: ./checkpoints/linear_mb-atmospheric_dust_cls_rdr_dinov1_b8_lr0.001_original.pth
========================================

