
============================================================
📄 Log File: ./logs/linear_records/mb-atmospheric_dust_cls_rdr_openclip_lr0.01_concat_2.log
⏰ Time: 2026-02-28 06:36:53
============================================================

🚀 Training openclip on mb-atmospheric_dust_cls_rdr | Mode: LINEAR | LR: 0.01
   📂 [TRAIN] Loading 1 shards...
   ✅ Loaded 9817 samples.
   📂 [TEST] Loading 1 shards...
   ✅ Loaded 5214 samples.
   ⚙️  Config: Workers=8, BS=256, SmallData=False

>>> Loading Model: openclip (transformers_clip)

   🔍 [Structure Check] openclip Output Analysis:
      Type: Tuple (len=2)
      Item 0: Shape (1, 1024)
      Item 1: Shape (1, 256, 1024)
      ✅ Identified: CLS=True, Patch=True
      👉 Final Strategy: concat_2 | Input Dim: 2048
   ❄️  Mode: Linear Probe (Backbone Frozen)
   🚀 Compiling model with torch.compile...
   ⚡ AMP Precision: torch.bfloat16
   🔄 Training Start... (Epochs: 40, Patience: 5)
   📅 Epoch 1 | Loss: 0.3686 | Val Accuracy: 97.14%
      ⭐ New Best! Saved.
   📅 Epoch 2 | Loss: 0.1295 | Val Accuracy: 96.36%
   📅 Epoch 3 | Loss: 0.1070 | Val Accuracy: 95.57%
   📅 Epoch 4 | Loss: 0.1073 | Val Accuracy: 95.86%
   📅 Epoch 5 | Loss: 0.0953 | Val Accuracy: 95.68%
   📅 Epoch 6 | Loss: 0.0905 | Val Accuracy: 95.53%

   🛑 Early Stopping triggered after 5 epochs.

========================================
🏆 Best Val Accuracy: 97.14%
💾 Best Checkpoint: ./checkpoints/linear_mb-atmospheric_dust_cls_rdr_openclip_lr0.01_concat_2.pth
========================================

