
============================================================
📄 Log File: ./logs/linear_records/mb-atmospheric_dust_cls_rdr_vit_l_lr0.0001_concat_3.log
⏰ Time: 2026-02-28 09:10:29
============================================================

🚀 Training vit_l on mb-atmospheric_dust_cls_rdr | Mode: LINEAR | LR: 0.0001
   📂 [TRAIN] Loading 1 shards...
   ✅ Loaded 9817 samples.
   📂 [TEST] Loading 1 shards...
   ✅ Loaded 5214 samples.
   ⚙️  Config: Workers=8, BS=256, SmallData=False

>>> Loading Model: vit_l (torchvision_vit)
   🔍 Auditing weights for [vit_l]...
   ✅ [PERFECT MATCH] 296/296 layers loaded (100.0%)

   🔍 [Structure Check] vit_l Output Analysis:
      Type: Tuple (len=2)
      Item 0: Shape (1, 1024)
      Item 1: Shape (1, 196, 1024)
      ✅ Identified: CLS=True, Patch=True
      👉 Final Strategy: concat_3 | Input Dim: 3072
   ❄️  Mode: Linear Probe (Backbone Frozen)
   🚀 Compiling model with torch.compile...
   ⚡ AMP Precision: torch.bfloat16
   🔄 Training Start... (Epochs: 40, Patience: 5)
   📅 Epoch 1 | Loss: 0.5281 | Val Accuracy: 94.65%
      ⭐ New Best! Saved.
   📅 Epoch 2 | Loss: 0.2629 | Val Accuracy: 95.72%
      ⭐ New Best! Saved.
   📅 Epoch 3 | Loss: 0.1986 | Val Accuracy: 95.76%
      ⭐ New Best! Saved.
   📅 Epoch 4 | Loss: 0.1684 | Val Accuracy: 95.91%
      ⭐ New Best! Saved.
   📅 Epoch 5 | Loss: 0.1505 | Val Accuracy: 95.95%
      ⭐ New Best! Saved.
   📅 Epoch 6 | Loss: 0.1415 | Val Accuracy: 96.05%
      ⭐ New Best! Saved.
   📅 Epoch 7 | Loss: 0.1332 | Val Accuracy: 96.03%
   📅 Epoch 8 | Loss: 0.1273 | Val Accuracy: 96.18%
      ⭐ New Best! Saved.
   📅 Epoch 9 | Loss: 0.1213 | Val Accuracy: 96.18%
   📅 Epoch 10 | Loss: 0.1175 | Val Accuracy: 96.16%
   📅 Epoch 11 | Loss: 0.1136 | Val Accuracy: 96.13%
   📅 Epoch 12 | Loss: 0.1162 | Val Accuracy: 95.91%
   📅 Epoch 13 | Loss: 0.1126 | Val Accuracy: 96.05%

   🛑 Early Stopping triggered after 5 epochs.

========================================
🏆 Best Val Accuracy: 96.18%
💾 Best Checkpoint: ./checkpoints/linear_mb-atmospheric_dust_cls_rdr_vit_l_lr0.0001_concat_3.pth
========================================

