
============================================================
📄 Log File: ./logs/linear_records/mb-change_cls_hirise_vit_l_lr0.01_concat_3.log
⏰ Time: 2026-02-28 19:44:25
============================================================

🚀 Training vit_l on mb-change_cls_hirise | Mode: LINEAR | LR: 0.01
   📂 [TRAIN] Loading 1 shards...
   ✅ Loaded 6206 samples.
   📂 [TEST] Loading 1 shards...
   ✅ Loaded 1340 samples.
   ⚙️  Config: Workers=8, BS=256, SmallData=False

>>> Loading Model: vit_l (torchvision_vit)
   🔍 Auditing weights for [vit_l]...
   ✅ [PERFECT MATCH] 296/296 layers loaded (100.0%)

   🔍 [Structure Check] vit_l Output Analysis:
      Type: Tuple (len=2)
      Item 0: Shape (1, 1024)
      Item 1: Shape (1, 196, 1024)
      ✅ Identified: CLS=True, Patch=True
      👉 Final Strategy: concat_3 | Input Dim: 3072
   ❄️  Mode: Linear Probe (Backbone Frozen)
   🚀 Compiling model with torch.compile...
   ⚡ AMP Precision: torch.bfloat16
   🔄 Training Start... (Epochs: 40, Patience: 5)
   📅 Epoch 1 | Loss: 1.3432 | Val Accuracy: 88.96%
      ⭐ New Best! Saved.
   📅 Epoch 2 | Loss: 0.3941 | Val Accuracy: 92.39%
      ⭐ New Best! Saved.
   📅 Epoch 3 | Loss: 0.2605 | Val Accuracy: 95.37%
      ⭐ New Best! Saved.
   📅 Epoch 4 | Loss: 0.1756 | Val Accuracy: 95.30%
   📅 Epoch 5 | Loss: 0.1662 | Val Accuracy: 95.97%
      ⭐ New Best! Saved.
   📅 Epoch 6 | Loss: 0.1981 | Val Accuracy: 95.37%
   📅 Epoch 7 | Loss: 0.1719 | Val Accuracy: 95.82%
   📅 Epoch 8 | Loss: 0.1654 | Val Accuracy: 95.37%
   📅 Epoch 9 | Loss: 0.1821 | Val Accuracy: 96.12%
      ⭐ New Best! Saved.
   📅 Epoch 10 | Loss: 0.1468 | Val Accuracy: 95.97%
   📅 Epoch 11 | Loss: 0.1610 | Val Accuracy: 95.97%
   📅 Epoch 12 | Loss: 0.1846 | Val Accuracy: 96.19%
      ⭐ New Best! Saved.
   📅 Epoch 13 | Loss: 0.1980 | Val Accuracy: 95.45%
   📅 Epoch 14 | Loss: 0.3622 | Val Accuracy: 95.67%
   📅 Epoch 15 | Loss: 0.2381 | Val Accuracy: 96.27%
      ⭐ New Best! Saved.
   📅 Epoch 16 | Loss: 0.1518 | Val Accuracy: 96.57%
      ⭐ New Best! Saved.
   📅 Epoch 17 | Loss: 0.1417 | Val Accuracy: 95.82%
   📅 Epoch 18 | Loss: 0.3284 | Val Accuracy: 91.42%
   📅 Epoch 19 | Loss: 0.3685 | Val Accuracy: 95.60%
   📅 Epoch 20 | Loss: 0.1871 | Val Accuracy: 96.34%
   📅 Epoch 21 | Loss: 0.1698 | Val Accuracy: 95.90%

   🛑 Early Stopping triggered after 5 epochs.

========================================
🏆 Best Val Accuracy: 96.57%
💾 Best Checkpoint: ./checkpoints/linear_mb-change_cls_hirise_vit_l_lr0.01_concat_3.pth
========================================

