
============================================================
📄 Log File: ./logs/linear_records/mb-change_cls_hirise_vit_l_lr0.01_concat_2.log
⏰ Time: 2026-02-28 19:39:08
============================================================

🚀 Training vit_l on mb-change_cls_hirise | Mode: LINEAR | LR: 0.01
   📂 [TRAIN] Loading 1 shards...
   ✅ Loaded 6206 samples.
   📂 [TEST] Loading 1 shards...
   ✅ Loaded 1340 samples.
   ⚙️  Config: Workers=8, BS=256, SmallData=False

>>> Loading Model: vit_l (torchvision_vit)
   🔍 Auditing weights for [vit_l]...
   ✅ [PERFECT MATCH] 296/296 layers loaded (100.0%)

   🔍 [Structure Check] vit_l Output Analysis:
      Type: Tuple (len=2)
      Item 0: Shape (1, 1024)
      Item 1: Shape (1, 196, 1024)
      ✅ Identified: CLS=True, Patch=True
      👉 Final Strategy: concat_2 | Input Dim: 2048
   ❄️  Mode: Linear Probe (Backbone Frozen)
   🚀 Compiling model with torch.compile...
   ⚡ AMP Precision: torch.bfloat16
   🔄 Training Start... (Epochs: 40, Patience: 5)
   📅 Epoch 1 | Loss: 0.6893 | Val Accuracy: 90.22%
      ⭐ New Best! Saved.
   📅 Epoch 2 | Loss: 0.2478 | Val Accuracy: 94.03%
      ⭐ New Best! Saved.
   📅 Epoch 3 | Loss: 0.1703 | Val Accuracy: 95.90%
      ⭐ New Best! Saved.
   📅 Epoch 4 | Loss: 0.1553 | Val Accuracy: 95.67%
   📅 Epoch 5 | Loss: 0.1506 | Val Accuracy: 95.37%
   📅 Epoch 6 | Loss: 0.1525 | Val Accuracy: 95.75%
   📅 Epoch 7 | Loss: 0.1313 | Val Accuracy: 95.60%
   📅 Epoch 8 | Loss: 0.1329 | Val Accuracy: 96.19%
      ⭐ New Best! Saved.
   📅 Epoch 9 | Loss: 0.1323 | Val Accuracy: 95.67%
   📅 Epoch 10 | Loss: 0.1432 | Val Accuracy: 96.19%
   📅 Epoch 11 | Loss: 0.1325 | Val Accuracy: 95.75%
   📅 Epoch 12 | Loss: 0.1339 | Val Accuracy: 95.97%
   📅 Epoch 13 | Loss: 0.1334 | Val Accuracy: 96.57%
      ⭐ New Best! Saved.
   📅 Epoch 14 | Loss: 0.1350 | Val Accuracy: 96.19%
   📅 Epoch 15 | Loss: 0.1462 | Val Accuracy: 96.34%
   📅 Epoch 16 | Loss: 0.1264 | Val Accuracy: 96.27%
   📅 Epoch 17 | Loss: 0.1338 | Val Accuracy: 95.82%
   📅 Epoch 18 | Loss: 0.1489 | Val Accuracy: 96.27%

   🛑 Early Stopping triggered after 5 epochs.

========================================
🏆 Best Val Accuracy: 96.57%
💾 Best Checkpoint: ./checkpoints/linear_mb-change_cls_hirise_vit_l_lr0.01_concat_2.pth
========================================

