
============================================================
📄 Log File: ./logs/linear_records/mb-change_cls_hirise_siglip2_lr0.01_concat_2.log
⏰ Time: 2026-02-28 20:45:59
============================================================

🚀 Training siglip2 on mb-change_cls_hirise | Mode: LINEAR | LR: 0.01
   📂 [TRAIN] Loading 1 shards...
   ✅ Loaded 6206 samples.
   📂 [TEST] Loading 1 shards...
   ✅ Loaded 1340 samples.
   ⚙️  Config: Workers=8, BS=256, SmallData=False

>>> Loading Model: siglip2 (transformers)

   🔍 [Structure Check] siglip2 Output Analysis:
      Type: Tuple (len=2)
      Item 0: Shape (1, 1024)
      Item 1: Shape (1, 256, 1024)
      ✅ Identified: CLS=True, Patch=True
      👉 Final Strategy: concat_2 | Input Dim: 2048
   ❄️  Mode: Linear Probe (Backbone Frozen)
   🚀 Compiling model with torch.compile...
   ⚡ AMP Precision: torch.bfloat16
   🔄 Training Start... (Epochs: 40, Patience: 5)
   📅 Epoch 1 | Loss: 0.7134 | Val Accuracy: 85.60%
      ⭐ New Best! Saved.
   📅 Epoch 2 | Loss: 0.2017 | Val Accuracy: 94.85%
      ⭐ New Best! Saved.
   📅 Epoch 3 | Loss: 0.1790 | Val Accuracy: 94.70%
   📅 Epoch 4 | Loss: 0.1798 | Val Accuracy: 95.45%
      ⭐ New Best! Saved.
   📅 Epoch 5 | Loss: 0.1730 | Val Accuracy: 90.52%
   📅 Epoch 6 | Loss: 0.1827 | Val Accuracy: 95.97%
      ⭐ New Best! Saved.
   📅 Epoch 7 | Loss: 0.1654 | Val Accuracy: 95.60%
   📅 Epoch 8 | Loss: 0.1736 | Val Accuracy: 96.49%
      ⭐ New Best! Saved.
   📅 Epoch 9 | Loss: 0.1696 | Val Accuracy: 95.67%
   📅 Epoch 10 | Loss: 0.1728 | Val Accuracy: 96.12%
   📅 Epoch 11 | Loss: 0.1639 | Val Accuracy: 96.57%
      ⭐ New Best! Saved.
   📅 Epoch 12 | Loss: 0.1580 | Val Accuracy: 95.37%
   📅 Epoch 13 | Loss: 0.1667 | Val Accuracy: 96.34%
   📅 Epoch 14 | Loss: 0.1394 | Val Accuracy: 95.97%
   📅 Epoch 15 | Loss: 0.1456 | Val Accuracy: 96.34%
   📅 Epoch 16 | Loss: 0.1530 | Val Accuracy: 96.19%

   🛑 Early Stopping triggered after 5 epochs.

========================================
🏆 Best Val Accuracy: 96.57%
💾 Best Checkpoint: ./checkpoints/linear_mb-change_cls_hirise_siglip2_lr0.01_concat_2.pth
========================================

