
============================================================
📄 Log File: ./logs/linear_records/mb-change_cls_hirise_dinov1_b8_lr0.01_concat_2.log
⏰ Time: 2026-02-28 16:27:41
============================================================

🚀 Training dinov1_b8 on mb-change_cls_hirise | Mode: LINEAR | LR: 0.01
   📂 [TRAIN] Loading 1 shards...
   ✅ Loaded 6206 samples.
   📂 [TEST] Loading 1 shards...
   ✅ Loaded 1340 samples.
   ⚙️  Config: Workers=8, BS=256, SmallData=False

>>> Loading Model: dinov1_b8 (dinov1)

   🔍 [Structure Check] dinov1_b8 Output Analysis:
      Type: Tuple (len=2)
      Item 0: Shape (1, 768)
      Item 1: Shape (1, 784, 768)
      ✅ Identified: CLS=True, Patch=True
      👉 Final Strategy: concat_2 | Input Dim: 1536
   ❄️  Mode: Linear Probe (Backbone Frozen)
   🚀 Compiling model with torch.compile...
   ⚡ AMP Precision: torch.bfloat16
   🔄 Training Start... (Epochs: 40, Patience: 5)
   📅 Epoch 1 | Loss: 1.4335 | Val Accuracy: 93.81%
      ⭐ New Best! Saved.
   📅 Epoch 2 | Loss: 0.4665 | Val Accuracy: 96.27%
      ⭐ New Best! Saved.
   📅 Epoch 3 | Loss: 0.2725 | Val Accuracy: 95.07%
   📅 Epoch 4 | Loss: 0.2921 | Val Accuracy: 96.94%
      ⭐ New Best! Saved.
   📅 Epoch 5 | Loss: 0.1782 | Val Accuracy: 96.72%
   📅 Epoch 6 | Loss: 0.1480 | Val Accuracy: 96.27%
   📅 Epoch 7 | Loss: 0.2003 | Val Accuracy: 96.19%
   📅 Epoch 8 | Loss: 0.1357 | Val Accuracy: 96.79%
   📅 Epoch 9 | Loss: 0.1340 | Val Accuracy: 97.09%
      ⭐ New Best! Saved.
   📅 Epoch 10 | Loss: 0.1450 | Val Accuracy: 95.82%
   📅 Epoch 11 | Loss: 0.2473 | Val Accuracy: 96.04%
   📅 Epoch 12 | Loss: 0.2833 | Val Accuracy: 96.57%
   📅 Epoch 13 | Loss: 0.3244 | Val Accuracy: 96.12%
   📅 Epoch 14 | Loss: 0.2207 | Val Accuracy: 97.31%
      ⭐ New Best! Saved.
   📅 Epoch 15 | Loss: 0.1885 | Val Accuracy: 96.79%
   📅 Epoch 16 | Loss: 0.2267 | Val Accuracy: 97.01%
   📅 Epoch 17 | Loss: 0.1363 | Val Accuracy: 97.01%
   📅 Epoch 18 | Loss: 0.1629 | Val Accuracy: 96.79%
   📅 Epoch 19 | Loss: 0.1806 | Val Accuracy: 95.67%

   🛑 Early Stopping triggered after 5 epochs.

========================================
🏆 Best Val Accuracy: 97.31%
💾 Best Checkpoint: ./checkpoints/linear_mb-change_cls_hirise_dinov1_b8_lr0.01_concat_2.pth
========================================

