
============================================================
📄 Log File: ./logs/linear_records/mb-change_cls_hirise_dinov3_sat_lr0.001_original.log
⏰ Time: 2026-02-28 14:50:29
============================================================

🚀 Training dinov3_sat on mb-change_cls_hirise | Mode: LINEAR | LR: 0.001
   📂 [TRAIN] Loading 1 shards...
   ✅ Loaded 6206 samples.
   📂 [TEST] Loading 1 shards...
   ✅ Loaded 1340 samples.
   ⚙️  Config: Workers=8, BS=256, SmallData=False

>>> Loading Model: dinov3_sat (dinov3_hub)
   🔍 Auditing weights for [dinov3_sat]...
   ✅ [PERFECT MATCH] 368/368 layers loaded (100.0%)

   🔍 [Structure Check] dinov3_sat Output Analysis:
      Type: Tuple (len=2)
      Item 0: Shape (1, 1024)
      Item 1: Shape (1, 256, 1024)
      ✅ Identified: CLS=True, Patch=True
      👉 Final Strategy: GAP_only | Input Dim: 1024
   ❄️  Mode: Linear Probe (Backbone Frozen)
   🚀 Compiling model with torch.compile...
   ⚡ AMP Precision: torch.bfloat16
   🔄 Training Start... (Epochs: 40, Patience: 5)
   📅 Epoch 1 | Loss: 0.3424 | Val Accuracy: 91.94%
      ⭐ New Best! Saved.
   📅 Epoch 2 | Loss: 0.2461 | Val Accuracy: 91.94%
   📅 Epoch 3 | Loss: 0.2220 | Val Accuracy: 92.31%
      ⭐ New Best! Saved.
   📅 Epoch 4 | Loss: 0.2027 | Val Accuracy: 93.43%
      ⭐ New Best! Saved.
   📅 Epoch 5 | Loss: 0.1938 | Val Accuracy: 94.18%
      ⭐ New Best! Saved.
   📅 Epoch 6 | Loss: 0.1805 | Val Accuracy: 94.48%
      ⭐ New Best! Saved.
   📅 Epoch 7 | Loss: 0.1707 | Val Accuracy: 94.78%
      ⭐ New Best! Saved.
   📅 Epoch 8 | Loss: 0.1697 | Val Accuracy: 95.07%
      ⭐ New Best! Saved.
   📅 Epoch 9 | Loss: 0.1648 | Val Accuracy: 95.15%
      ⭐ New Best! Saved.
   📅 Epoch 10 | Loss: 0.1597 | Val Accuracy: 95.30%
      ⭐ New Best! Saved.
   📅 Epoch 11 | Loss: 0.1638 | Val Accuracy: 95.37%
      ⭐ New Best! Saved.
   📅 Epoch 12 | Loss: 0.1579 | Val Accuracy: 95.30%
   📅 Epoch 13 | Loss: 0.1509 | Val Accuracy: 95.60%
      ⭐ New Best! Saved.
   📅 Epoch 14 | Loss: 0.1462 | Val Accuracy: 95.52%
   📅 Epoch 15 | Loss: 0.1492 | Val Accuracy: 95.67%
      ⭐ New Best! Saved.
   📅 Epoch 16 | Loss: 0.1498 | Val Accuracy: 95.67%
   📅 Epoch 17 | Loss: 0.1439 | Val Accuracy: 95.82%
      ⭐ New Best! Saved.
   📅 Epoch 18 | Loss: 0.1472 | Val Accuracy: 95.75%
   📅 Epoch 19 | Loss: 0.1485 | Val Accuracy: 95.75%
   📅 Epoch 20 | Loss: 0.1474 | Val Accuracy: 95.97%
      ⭐ New Best! Saved.
   📅 Epoch 21 | Loss: 0.1443 | Val Accuracy: 95.97%
   📅 Epoch 22 | Loss: 0.1495 | Val Accuracy: 95.82%
   📅 Epoch 23 | Loss: 0.1485 | Val Accuracy: 96.04%
      ⭐ New Best! Saved.
   📅 Epoch 24 | Loss: 0.1503 | Val Accuracy: 96.19%
      ⭐ New Best! Saved.
   📅 Epoch 25 | Loss: 0.1413 | Val Accuracy: 95.97%
   📅 Epoch 26 | Loss: 0.1451 | Val Accuracy: 96.19%
   📅 Epoch 27 | Loss: 0.1422 | Val Accuracy: 96.27%
      ⭐ New Best! Saved.
   📅 Epoch 28 | Loss: 0.1435 | Val Accuracy: 95.97%
   📅 Epoch 29 | Loss: 0.1372 | Val Accuracy: 96.12%
   📅 Epoch 30 | Loss: 0.1384 | Val Accuracy: 95.97%
   📅 Epoch 31 | Loss: 0.1351 | Val Accuracy: 96.12%
   📅 Epoch 32 | Loss: 0.1380 | Val Accuracy: 96.19%

   🛑 Early Stopping triggered after 5 epochs.

========================================
🏆 Best Val Accuracy: 96.27%
💾 Best Checkpoint: ./checkpoints/linear_mb-change_cls_hirise_dinov3_sat_lr0.001_original.pth
========================================

