
============================================================
📄 Log File: ./logs/linear_records/mb-change_cls_ctx_satmae_lr0.01_concat_3.log
⏰ Time: 2026-02-28 13:02:19
============================================================

🚀 Training satmae on mb-change_cls_ctx | Mode: LINEAR | LR: 0.01
   📂 [TRAIN] Loading 1 shards...
   ✅ Loaded 72 samples.
   📂 [TEST] Loading 1 shards...
   ✅ Loaded 20 samples.
   ⚙️  Config: Workers=0, BS=72, SmallData=True

>>> Loading Model: satmae (timm_mae)
   ℹ️  Config: in_chans=3
   🔍 Auditing weights for [satmae]...
   ✅ [PERFECT MATCH] 294/294 layers loaded (100.0%)

   🔍 [Structure Check] satmae Output Analysis:
      Type: Tuple (len=2)
      Item 0: Shape (1, 1024)
      Item 1: Shape (1, 196, 1024)
      ✅ Identified: CLS=True, Patch=True
      👉 Final Strategy: concat_3 | Input Dim: 3072
   ❄️  Mode: Linear Probe (Backbone Frozen)
   ⚠️ Skipping torch.compile (Small dataset or Windows detected).
   ⚡ AMP Precision: torch.bfloat16
   🔄 Training Start... (Epochs: 40, Patience: 5)
   📅 Epoch 1 | Loss: 1.7730 | Val Accuracy: 80.00%
      ⭐ New Best! Saved.
   📅 Epoch 2 | Loss: 4.7743 | Val Accuracy: 80.00%
   📅 Epoch 3 | Loss: 7.3681 | Val Accuracy: 80.00%
   📅 Epoch 4 | Loss: 8.8333 | Val Accuracy: 80.00%
   📅 Epoch 5 | Loss: 9.7986 | Val Accuracy: 80.00%
   📅 Epoch 6 | Loss: 10.1458 | Val Accuracy: 80.00%

   🛑 Early Stopping triggered after 5 epochs.

========================================
🏆 Best Val Accuracy: 80.00%
💾 Best Checkpoint: ./checkpoints/linear_mb-change_cls_ctx_satmae_lr0.01_concat_3.pth
========================================

