
============================================================
📄 Log File: ./logs/linear_records/mb-change_cls_hirise_swin_v2_lr0.0001_concat_3.log
⏰ Time: 2026-02-28 19:34:02
============================================================

🚀 Training swin_v2 on mb-change_cls_hirise | Mode: LINEAR | LR: 0.0001
   📂 [TRAIN] Loading 1 shards...
   ✅ Loaded 6206 samples.
   📂 [TEST] Loading 1 shards...
   ✅ Loaded 1340 samples.
   ⚙️  Config: Workers=8, BS=256, SmallData=False

>>> Loading Model: swin_v2 (torchvision_swin)
   🔍 Auditing weights for [swin_v2]...
   ✅ [PERFECT MATCH] 449/449 layers loaded (100.0%)

   🔍 [Structure Check] swin_v2 Output Analysis:
      Type: Tuple (len=2)
      Item 0: Shape (1, 1024)
      Item 1: Shape (1, 64, 1024)
      ✅ Identified: CLS=True, Patch=True
      👉 Final Strategy: concat_3 | Input Dim: 3072
   ❄️  Mode: Linear Probe (Backbone Frozen)
   🚀 Compiling model with torch.compile...
   ⚡ AMP Precision: torch.bfloat16
   🔄 Training Start... (Epochs: 40, Patience: 5)
   📅 Epoch 1 | Loss: 0.3619 | Val Accuracy: 91.94%
      ⭐ New Best! Saved.
   📅 Epoch 2 | Loss: 0.2804 | Val Accuracy: 91.94%
   📅 Epoch 3 | Loss: 0.2456 | Val Accuracy: 91.94%
   📅 Epoch 4 | Loss: 0.2207 | Val Accuracy: 92.76%
      ⭐ New Best! Saved.
   📅 Epoch 5 | Loss: 0.2008 | Val Accuracy: 93.66%
      ⭐ New Best! Saved.
   📅 Epoch 6 | Loss: 0.1915 | Val Accuracy: 94.70%
      ⭐ New Best! Saved.
   📅 Epoch 7 | Loss: 0.1814 | Val Accuracy: 94.78%
      ⭐ New Best! Saved.
   📅 Epoch 8 | Loss: 0.1791 | Val Accuracy: 94.85%
      ⭐ New Best! Saved.
   📅 Epoch 9 | Loss: 0.1824 | Val Accuracy: 95.07%
      ⭐ New Best! Saved.
   📅 Epoch 10 | Loss: 0.1743 | Val Accuracy: 95.00%
   📅 Epoch 11 | Loss: 0.1714 | Val Accuracy: 95.15%
      ⭐ New Best! Saved.
   📅 Epoch 12 | Loss: 0.1687 | Val Accuracy: 95.30%
      ⭐ New Best! Saved.
   📅 Epoch 13 | Loss: 0.1737 | Val Accuracy: 95.22%
   📅 Epoch 14 | Loss: 0.1598 | Val Accuracy: 95.22%
   📅 Epoch 15 | Loss: 0.1637 | Val Accuracy: 95.07%
   📅 Epoch 16 | Loss: 0.1618 | Val Accuracy: 94.70%
   📅 Epoch 17 | Loss: 0.1668 | Val Accuracy: 95.22%

   🛑 Early Stopping triggered after 5 epochs.

========================================
🏆 Best Val Accuracy: 95.30%
💾 Best Checkpoint: ./checkpoints/linear_mb-change_cls_hirise_swin_v2_lr0.0001_concat_3.pth
========================================

