
============================================================
📄 Log File: ./logs/linear_records/mb-change_cls_hirise_vit_l_lr0.01_original.log
⏰ Time: 2026-02-28 19:50:42
============================================================

🚀 Training vit_l on mb-change_cls_hirise | Mode: LINEAR | LR: 0.01
   📂 [TRAIN] Loading 1 shards...
   ✅ Loaded 6206 samples.
   📂 [TEST] Loading 1 shards...
   ✅ Loaded 1340 samples.
   ⚙️  Config: Workers=8, BS=256, SmallData=False

>>> Loading Model: vit_l (torchvision_vit)
   🔍 Auditing weights for [vit_l]...
   ✅ [PERFECT MATCH] 296/296 layers loaded (100.0%)

   🔍 [Structure Check] vit_l Output Analysis:
      Type: Tuple (len=2)
      Item 0: Shape (1, 1024)
      Item 1: Shape (1, 196, 1024)
      ✅ Identified: CLS=True, Patch=True
      👉 Final Strategy: CLS_only | Input Dim: 1024
   ❄️  Mode: Linear Probe (Backbone Frozen)
   🚀 Compiling model with torch.compile...
   ⚡ AMP Precision: torch.bfloat16
   🔄 Training Start... (Epochs: 40, Patience: 5)
   📅 Epoch 1 | Loss: 0.3803 | Val Accuracy: 94.03%
      ⭐ New Best! Saved.
   📅 Epoch 2 | Loss: 0.2293 | Val Accuracy: 94.93%
      ⭐ New Best! Saved.
   📅 Epoch 3 | Loss: 0.1632 | Val Accuracy: 95.52%
      ⭐ New Best! Saved.
   📅 Epoch 4 | Loss: 0.1440 | Val Accuracy: 95.15%
   📅 Epoch 5 | Loss: 0.1514 | Val Accuracy: 94.93%
   📅 Epoch 6 | Loss: 0.1403 | Val Accuracy: 95.75%
      ⭐ New Best! Saved.
   📅 Epoch 7 | Loss: 0.1412 | Val Accuracy: 95.82%
      ⭐ New Best! Saved.
   📅 Epoch 8 | Loss: 0.1363 | Val Accuracy: 95.97%
      ⭐ New Best! Saved.
   📅 Epoch 9 | Loss: 0.1338 | Val Accuracy: 95.15%
   📅 Epoch 10 | Loss: 0.1410 | Val Accuracy: 95.67%
   📅 Epoch 11 | Loss: 0.1432 | Val Accuracy: 95.37%
   📅 Epoch 12 | Loss: 0.1320 | Val Accuracy: 95.90%
   📅 Epoch 13 | Loss: 0.1359 | Val Accuracy: 95.97%

   🛑 Early Stopping triggered after 5 epochs.

========================================
🏆 Best Val Accuracy: 95.97%
💾 Best Checkpoint: ./checkpoints/linear_mb-change_cls_hirise_vit_l_lr0.01_original.pth
========================================

