
============================================================
📄 Log File: ./logs/linear_records/mb-change_cls_hirise_vit_l_lr0.001_original.log
⏰ Time: 2026-02-28 20:05:23
============================================================

🚀 Training vit_l on mb-change_cls_hirise | Mode: LINEAR | LR: 0.001
   📂 [TRAIN] Loading 1 shards...
   ✅ Loaded 6206 samples.
   📂 [TEST] Loading 1 shards...
   ✅ Loaded 1340 samples.
   ⚙️  Config: Workers=8, BS=256, SmallData=False

>>> Loading Model: vit_l (torchvision_vit)
   🔍 Auditing weights for [vit_l]...
   ✅ [PERFECT MATCH] 296/296 layers loaded (100.0%)

   🔍 [Structure Check] vit_l Output Analysis:
      Type: Tuple (len=2)
      Item 0: Shape (1, 1024)
      Item 1: Shape (1, 196, 1024)
      ✅ Identified: CLS=True, Patch=True
      👉 Final Strategy: CLS_only | Input Dim: 1024
   ❄️  Mode: Linear Probe (Backbone Frozen)
   🚀 Compiling model with torch.compile...
   ⚡ AMP Precision: torch.bfloat16
   🔄 Training Start... (Epochs: 40, Patience: 5)
   📅 Epoch 1 | Loss: 0.2658 | Val Accuracy: 93.88%
      ⭐ New Best! Saved.
   📅 Epoch 2 | Loss: 0.1808 | Val Accuracy: 94.85%
      ⭐ New Best! Saved.
   📅 Epoch 3 | Loss: 0.1639 | Val Accuracy: 94.78%
   📅 Epoch 4 | Loss: 0.1580 | Val Accuracy: 94.33%
   📅 Epoch 5 | Loss: 0.1541 | Val Accuracy: 95.60%
      ⭐ New Best! Saved.
   📅 Epoch 6 | Loss: 0.1493 | Val Accuracy: 94.78%
   📅 Epoch 7 | Loss: 0.1490 | Val Accuracy: 95.15%
   📅 Epoch 8 | Loss: 0.1387 | Val Accuracy: 94.93%
   📅 Epoch 9 | Loss: 0.1416 | Val Accuracy: 95.07%
   📅 Epoch 10 | Loss: 0.1496 | Val Accuracy: 95.22%

   🛑 Early Stopping triggered after 5 epochs.

========================================
🏆 Best Val Accuracy: 95.60%
💾 Best Checkpoint: ./checkpoints/linear_mb-change_cls_hirise_vit_l_lr0.001_original.pth
========================================

