
============================================================
📄 Log File: ./logs/linear_records/mb-change_cls_hirise_mars_mae_lr0.001_concat_3.log
⏰ Time: 2026-02-28 21:58:55
============================================================

🚀 Training mars_mae on mb-change_cls_hirise | Mode: LINEAR | LR: 0.001
   📂 [TRAIN] Loading 1 shards...
   ✅ Loaded 6206 samples.
   📂 [TEST] Loading 1 shards...
   ✅ Loaded 1340 samples.
   ⚙️  Config: Workers=8, BS=256, SmallData=False

>>> Loading Model: mars_mae (timm_mae)
   ℹ️  Config: in_chans=1
   🔍 Auditing weights for [mars_mae]...
   ✅ [PERFECT MATCH] 150/150 layers loaded (100.0%)

   🔍 [Structure Check] mars_mae Output Analysis:
      Type: Tuple (len=2)
      Item 0: Shape (1, 768)
      Item 1: Shape (1, 196, 768)
      ✅ Identified: CLS=True, Patch=True
      👉 Final Strategy: concat_3 | Input Dim: 2304
   ❄️  Mode: Linear Probe (Backbone Frozen)
   🚀 Compiling model with torch.compile...
   ⚡ AMP Precision: torch.bfloat16
   🔄 Training Start... (Epochs: 40, Patience: 5)
   📅 Epoch 1 | Loss: 0.3223 | Val Accuracy: 91.94%
      ⭐ New Best! Saved.
   📅 Epoch 2 | Loss: 0.2416 | Val Accuracy: 92.54%
      ⭐ New Best! Saved.
   📅 Epoch 3 | Loss: 0.2220 | Val Accuracy: 93.43%
      ⭐ New Best! Saved.
   📅 Epoch 4 | Loss: 0.2109 | Val Accuracy: 94.33%
      ⭐ New Best! Saved.
   📅 Epoch 5 | Loss: 0.2012 | Val Accuracy: 95.07%
      ⭐ New Best! Saved.
   📅 Epoch 6 | Loss: 0.1902 | Val Accuracy: 95.22%
      ⭐ New Best! Saved.
   📅 Epoch 7 | Loss: 0.1896 | Val Accuracy: 95.52%
      ⭐ New Best! Saved.
   📅 Epoch 8 | Loss: 0.1869 | Val Accuracy: 95.15%
   📅 Epoch 9 | Loss: 0.1829 | Val Accuracy: 95.30%
   📅 Epoch 10 | Loss: 0.1847 | Val Accuracy: 95.67%
      ⭐ New Best! Saved.
   📅 Epoch 11 | Loss: 0.1828 | Val Accuracy: 95.90%
      ⭐ New Best! Saved.
   📅 Epoch 12 | Loss: 0.1776 | Val Accuracy: 95.97%
      ⭐ New Best! Saved.
   📅 Epoch 13 | Loss: 0.1806 | Val Accuracy: 95.75%
   📅 Epoch 14 | Loss: 0.1806 | Val Accuracy: 95.75%
   📅 Epoch 15 | Loss: 0.1725 | Val Accuracy: 95.90%
   📅 Epoch 16 | Loss: 0.1747 | Val Accuracy: 95.82%
   📅 Epoch 17 | Loss: 0.1714 | Val Accuracy: 95.90%

   🛑 Early Stopping triggered after 5 epochs.

========================================
🏆 Best Val Accuracy: 95.97%
💾 Best Checkpoint: ./checkpoints/linear_mb-change_cls_hirise_mars_mae_lr0.001_concat_3.pth
========================================

