
============================================================
📄 Log File: ./logs/linear_records/mb-change_cls_ctx_mars_mae_lr0.001_original.log
⏰ Time: 2026-02-28 13:15:13
============================================================

🚀 Training mars_mae on mb-change_cls_ctx | Mode: LINEAR | LR: 0.001
   📂 [TRAIN] Loading 1 shards...
   ✅ Loaded 72 samples.
   📂 [TEST] Loading 1 shards...
   ✅ Loaded 20 samples.
   ⚙️  Config: Workers=0, BS=72, SmallData=True

>>> Loading Model: mars_mae (timm_mae)
   ℹ️  Config: in_chans=1
   🔍 Auditing weights for [mars_mae]...
   ✅ [PERFECT MATCH] 150/150 layers loaded (100.0%)

   🔍 [Structure Check] mars_mae Output Analysis:
      Type: Tuple (len=2)
      Item 0: Shape (1, 768)
      Item 1: Shape (1, 196, 768)
      ✅ Identified: CLS=True, Patch=True
      👉 Final Strategy: GAP_only | Input Dim: 768
   ❄️  Mode: Linear Probe (Backbone Frozen)
   ⚠️ Skipping torch.compile (Small dataset or Windows detected).
   ⚡ AMP Precision: torch.bfloat16
   🔄 Training Start... (Epochs: 40, Patience: 5)
   📅 Epoch 1 | Loss: 0.6650 | Val Accuracy: 85.00%
      ⭐ New Best! Saved.
   📅 Epoch 2 | Loss: 0.5836 | Val Accuracy: 80.00%
   📅 Epoch 3 | Loss: 0.5121 | Val Accuracy: 80.00%
   📅 Epoch 4 | Loss: 0.4512 | Val Accuracy: 80.00%
   📅 Epoch 5 | Loss: 0.4239 | Val Accuracy: 80.00%
   📅 Epoch 6 | Loss: 0.3865 | Val Accuracy: 80.00%

   🛑 Early Stopping triggered after 5 epochs.

========================================
🏆 Best Val Accuracy: 85.00%
💾 Best Checkpoint: ./checkpoints/linear_mb-change_cls_ctx_mars_mae_lr0.001_original.pth
========================================

