
============================================================
📄 Log File: ./logs/linear_records/mb-change_cls_hirise_siglip2_lr0.001_original.log
⏰ Time: 2026-02-28 21:22:51
============================================================

🚀 Training siglip2 on mb-change_cls_hirise | Mode: LINEAR | LR: 0.001
   📂 [TRAIN] Loading 1 shards...
   ✅ Loaded 6206 samples.
   📂 [TEST] Loading 1 shards...
   ✅ Loaded 1340 samples.
   ⚙️  Config: Workers=8, BS=256, SmallData=False

>>> Loading Model: siglip2 (transformers)

   🔍 [Structure Check] siglip2 Output Analysis:
      Type: Tuple (len=2)
      Item 0: Shape (1, 1024)
      Item 1: Shape (1, 256, 1024)
      ✅ Identified: CLS=True, Patch=True
      👉 Final Strategy: CLS_only | Input Dim: 1024
   ❄️  Mode: Linear Probe (Backbone Frozen)
   🚀 Compiling model with torch.compile...
   ⚡ AMP Precision: torch.bfloat16
   🔄 Training Start... (Epochs: 40, Patience: 5)
   📅 Epoch 1 | Loss: 0.3431 | Val Accuracy: 91.94%
      ⭐ New Best! Saved.
   📅 Epoch 2 | Loss: 0.2381 | Val Accuracy: 91.94%
   📅 Epoch 3 | Loss: 0.2091 | Val Accuracy: 91.94%
   📅 Epoch 4 | Loss: 0.1967 | Val Accuracy: 93.06%
      ⭐ New Best! Saved.
   📅 Epoch 5 | Loss: 0.1836 | Val Accuracy: 93.66%
      ⭐ New Best! Saved.
   📅 Epoch 6 | Loss: 0.1756 | Val Accuracy: 93.36%
   📅 Epoch 7 | Loss: 0.1736 | Val Accuracy: 93.58%
   📅 Epoch 8 | Loss: 0.1661 | Val Accuracy: 94.03%
      ⭐ New Best! Saved.
   📅 Epoch 9 | Loss: 0.1722 | Val Accuracy: 94.03%
   📅 Epoch 10 | Loss: 0.1593 | Val Accuracy: 94.40%
      ⭐ New Best! Saved.
   📅 Epoch 11 | Loss: 0.1557 | Val Accuracy: 94.25%
   📅 Epoch 12 | Loss: 0.1526 | Val Accuracy: 94.03%
   📅 Epoch 13 | Loss: 0.1604 | Val Accuracy: 94.18%
   📅 Epoch 14 | Loss: 0.1602 | Val Accuracy: 94.33%
   📅 Epoch 15 | Loss: 0.1535 | Val Accuracy: 94.55%
      ⭐ New Best! Saved.
   📅 Epoch 16 | Loss: 0.1577 | Val Accuracy: 94.55%
   📅 Epoch 17 | Loss: 0.1557 | Val Accuracy: 94.48%
   📅 Epoch 18 | Loss: 0.1482 | Val Accuracy: 94.55%
   📅 Epoch 19 | Loss: 0.1519 | Val Accuracy: 94.33%
   📅 Epoch 20 | Loss: 0.1523 | Val Accuracy: 94.55%

   🛑 Early Stopping triggered after 5 epochs.

========================================
🏆 Best Val Accuracy: 94.55%
💾 Best Checkpoint: ./checkpoints/linear_mb-change_cls_hirise_siglip2_lr0.001_original.pth
========================================

