
============================================================
📄 Log File: ./logs/linear_records/mb-change_cls_hirise_dinov3_lvd_1cha_lr0.0001_concat_2.log
⏰ Time: 2026-04-02 02:59:41
============================================================

🚀 Training dinov3_lvd_1cha on mb-change_cls_hirise | Mode: LINEAR | LR: 0.0001
   📂 [TRAIN] Loading 1 shards...
   ✅ Loaded 6206 samples.
   📂 [TEST] Loading 1 shards...
   ✅ Loaded 1340 samples.
   ⚙️  Config: Workers=8, BS=256, SmallData=False

>>> Loading Model: dinov3_lvd_1cha (dinov3_hub)
   🔍 Auditing weights for [dinov3_lvd_1cha]...
   ✅ [PERFECT MATCH] 368/368 layers loaded (100.0%)

   🔍 [Structure Check] dinov3_lvd_1cha Output Analysis:
      Type: Tuple (len=2)
      Item 0: Shape (1, 1024)
      Item 1: Shape (1, 256, 1024)
      ✅ Identified: CLS=True, Patch=True
      👉 Final Strategy: concat_2 | Input Dim: 2048
   ❄️  Mode: Linear Probe (Backbone Frozen)
   🚀 Compiling model with torch.compile...
   ⚡ AMP Precision: torch.bfloat16
   🔄 Training Start... (Epochs: 40, Patience: 5)
   📅 Epoch 1 | Loss: 0.4687 | Val Accuracy: 91.94%
      ⭐ New Best! Saved.
   📅 Epoch 2 | Loss: 0.2628 | Val Accuracy: 91.94%
   📅 Epoch 3 | Loss: 0.2290 | Val Accuracy: 91.94%
   📅 Epoch 4 | Loss: 0.2129 | Val Accuracy: 91.94%
   📅 Epoch 5 | Loss: 0.2008 | Val Accuracy: 91.94%
   📅 Epoch 6 | Loss: 0.1900 | Val Accuracy: 92.09%
      ⭐ New Best! Saved.
   📅 Epoch 7 | Loss: 0.1780 | Val Accuracy: 93.21%
      ⭐ New Best! Saved.
   📅 Epoch 8 | Loss: 0.1717 | Val Accuracy: 93.96%
      ⭐ New Best! Saved.
   📅 Epoch 9 | Loss: 0.1629 | Val Accuracy: 94.33%
      ⭐ New Best! Saved.
   📅 Epoch 10 | Loss: 0.1587 | Val Accuracy: 94.63%
      ⭐ New Best! Saved.
   📅 Epoch 11 | Loss: 0.1584 | Val Accuracy: 94.93%
      ⭐ New Best! Saved.
   📅 Epoch 12 | Loss: 0.1526 | Val Accuracy: 95.37%
      ⭐ New Best! Saved.
   📅 Epoch 13 | Loss: 0.1588 | Val Accuracy: 95.37%
   📅 Epoch 14 | Loss: 0.1486 | Val Accuracy: 95.37%
   📅 Epoch 15 | Loss: 0.1461 | Val Accuracy: 95.45%
      ⭐ New Best! Saved.
   📅 Epoch 16 | Loss: 0.1479 | Val Accuracy: 95.60%
      ⭐ New Best! Saved.
   📅 Epoch 17 | Loss: 0.1451 | Val Accuracy: 95.75%
      ⭐ New Best! Saved.
   📅 Epoch 18 | Loss: 0.1418 | Val Accuracy: 95.67%
   📅 Epoch 19 | Loss: 0.1452 | Val Accuracy: 95.75%
   📅 Epoch 20 | Loss: 0.1409 | Val Accuracy: 95.82%
      ⭐ New Best! Saved.
   📅 Epoch 21 | Loss: 0.1389 | Val Accuracy: 95.82%
   📅 Epoch 22 | Loss: 0.1407 | Val Accuracy: 95.90%
      ⭐ New Best! Saved.
   📅 Epoch 23 | Loss: 0.1343 | Val Accuracy: 95.97%
      ⭐ New Best! Saved.
   📅 Epoch 24 | Loss: 0.1353 | Val Accuracy: 96.04%
      ⭐ New Best! Saved.
   📅 Epoch 25 | Loss: 0.1388 | Val Accuracy: 95.90%
   📅 Epoch 26 | Loss: 0.1360 | Val Accuracy: 95.97%
   📅 Epoch 27 | Loss: 0.1402 | Val Accuracy: 95.97%
   📅 Epoch 28 | Loss: 0.1370 | Val Accuracy: 95.97%
   📅 Epoch 29 | Loss: 0.1342 | Val Accuracy: 96.04%

   🛑 Early Stopping triggered after 5 epochs.

========================================
🏆 Best Val Accuracy: 96.04%
💾 Best Checkpoint: ./checkpoints/linear_mb-change_cls_hirise_dinov3_lvd_1cha_lr0.0001_concat_2.pth
========================================

