
============================================================
📄 Log File: ./logs/linear_records/mb-change_cls_hirise_openclip_lr0.01_concat_3.log
⏰ Time: 2026-02-28 18:30:22
============================================================

🚀 Training openclip on mb-change_cls_hirise | Mode: LINEAR | LR: 0.01
   📂 [TRAIN] Loading 1 shards...
   ✅ Loaded 6206 samples.
   📂 [TEST] Loading 1 shards...
   ✅ Loaded 1340 samples.
   ⚙️  Config: Workers=8, BS=256, SmallData=False

>>> Loading Model: openclip (transformers_clip)

   🔍 [Structure Check] openclip Output Analysis:
      Type: Tuple (len=2)
      Item 0: Shape (1, 1024)
      Item 1: Shape (1, 256, 1024)
      ✅ Identified: CLS=True, Patch=True
      👉 Final Strategy: concat_3 | Input Dim: 3072
   ❄️  Mode: Linear Probe (Backbone Frozen)
   🚀 Compiling model with torch.compile...
   ⚡ AMP Precision: torch.bfloat16
   🔄 Training Start... (Epochs: 40, Patience: 5)
   📅 Epoch 1 | Loss: 2.1267 | Val Accuracy: 94.10%
      ⭐ New Best! Saved.
   📅 Epoch 2 | Loss: 0.6583 | Val Accuracy: 95.67%
      ⭐ New Best! Saved.
   📅 Epoch 3 | Loss: 0.3338 | Val Accuracy: 95.75%
      ⭐ New Best! Saved.
   📅 Epoch 4 | Loss: 0.2321 | Val Accuracy: 95.22%
   📅 Epoch 5 | Loss: 0.2110 | Val Accuracy: 95.45%
   📅 Epoch 6 | Loss: 0.2547 | Val Accuracy: 93.36%
   📅 Epoch 7 | Loss: 0.3193 | Val Accuracy: 78.96%
   📅 Epoch 8 | Loss: 1.5454 | Val Accuracy: 92.16%

   🛑 Early Stopping triggered after 5 epochs.

========================================
🏆 Best Val Accuracy: 95.75%
💾 Best Checkpoint: ./checkpoints/linear_mb-change_cls_hirise_openclip_lr0.01_concat_3.pth
========================================

