
============================================================
📄 Log File: ./logs/linear_records/mb-change_cls_hirise_openclip_lr0.0001_concat_2.log
⏰ Time: 2026-02-28 18:55:07
============================================================

🚀 Training openclip on mb-change_cls_hirise | Mode: LINEAR | LR: 0.0001
   📂 [TRAIN] Loading 1 shards...
   ✅ Loaded 6206 samples.
   📂 [TEST] Loading 1 shards...
   ✅ Loaded 1340 samples.
   ⚙️  Config: Workers=8, BS=256, SmallData=False

>>> Loading Model: openclip (transformers_clip)

   🔍 [Structure Check] openclip Output Analysis:
      Type: Tuple (len=2)
      Item 0: Shape (1, 1024)
      Item 1: Shape (1, 256, 1024)
      ✅ Identified: CLS=True, Patch=True
      👉 Final Strategy: concat_2 | Input Dim: 2048
   ❄️  Mode: Linear Probe (Backbone Frozen)
   🚀 Compiling model with torch.compile...
   ⚡ AMP Precision: torch.bfloat16
   🔄 Training Start... (Epochs: 40, Patience: 5)
   📅 Epoch 1 | Loss: 0.4483 | Val Accuracy: 91.94%
      ⭐ New Best! Saved.
   📅 Epoch 2 | Loss: 0.2803 | Val Accuracy: 91.94%
   📅 Epoch 3 | Loss: 0.2670 | Val Accuracy: 91.94%
   📅 Epoch 4 | Loss: 0.2568 | Val Accuracy: 91.94%
   📅 Epoch 5 | Loss: 0.2473 | Val Accuracy: 91.94%
   📅 Epoch 6 | Loss: 0.2372 | Val Accuracy: 91.94%

   🛑 Early Stopping triggered after 5 epochs.

========================================
🏆 Best Val Accuracy: 91.94%
💾 Best Checkpoint: ./checkpoints/linear_mb-change_cls_hirise_openclip_lr0.0001_concat_2.pth
========================================

