
============================================================
📄 Log File: ./logs/linear_records/mb-change_cls_hirise_dinov3_lvd_lr0.0001_concat_3.log
⏰ Time: 2026-02-28 13:59:48
============================================================

🚀 Training dinov3_lvd on mb-change_cls_hirise | Mode: LINEAR | LR: 0.0001
   📂 [TRAIN] Loading 1 shards...
   ✅ Loaded 6206 samples.
   📂 [TEST] Loading 1 shards...
   ✅ Loaded 1340 samples.
   ⚙️  Config: Workers=8, BS=256, SmallData=False

>>> Loading Model: dinov3_lvd (dinov3_hub)
   🔍 Auditing weights for [dinov3_lvd]...
   ✅ [PERFECT MATCH] 368/368 layers loaded (100.0%)

   🔍 [Structure Check] dinov3_lvd Output Analysis:
      Type: Tuple (len=2)
      Item 0: Shape (1, 1024)
      Item 1: Shape (1, 256, 1024)
      ✅ Identified: CLS=True, Patch=True
      👉 Final Strategy: concat_3 | Input Dim: 3072
   ❄️  Mode: Linear Probe (Backbone Frozen)
   🚀 Compiling model with torch.compile...
   ⚡ AMP Precision: torch.bfloat16
   🔄 Training Start... (Epochs: 40, Patience: 5)
   📅 Epoch 1 | Loss: 0.3559 | Val Accuracy: 91.94%
      ⭐ New Best! Saved.
   📅 Epoch 2 | Loss: 0.2415 | Val Accuracy: 91.94%
   📅 Epoch 3 | Loss: 0.2148 | Val Accuracy: 91.94%
   📅 Epoch 4 | Loss: 0.1980 | Val Accuracy: 91.94%
   📅 Epoch 5 | Loss: 0.1814 | Val Accuracy: 92.91%
      ⭐ New Best! Saved.
   📅 Epoch 6 | Loss: 0.1696 | Val Accuracy: 94.10%
      ⭐ New Best! Saved.
   📅 Epoch 7 | Loss: 0.1620 | Val Accuracy: 94.33%
      ⭐ New Best! Saved.
   📅 Epoch 8 | Loss: 0.1600 | Val Accuracy: 95.00%
      ⭐ New Best! Saved.
   📅 Epoch 9 | Loss: 0.1499 | Val Accuracy: 95.22%
      ⭐ New Best! Saved.
   📅 Epoch 10 | Loss: 0.1520 | Val Accuracy: 95.60%
      ⭐ New Best! Saved.
   📅 Epoch 11 | Loss: 0.1446 | Val Accuracy: 95.67%
      ⭐ New Best! Saved.
   📅 Epoch 12 | Loss: 0.1430 | Val Accuracy: 95.60%
   📅 Epoch 13 | Loss: 0.1415 | Val Accuracy: 95.60%
   📅 Epoch 14 | Loss: 0.1382 | Val Accuracy: 95.60%
   📅 Epoch 15 | Loss: 0.1344 | Val Accuracy: 95.67%
   📅 Epoch 16 | Loss: 0.1326 | Val Accuracy: 96.12%
      ⭐ New Best! Saved.
   📅 Epoch 17 | Loss: 0.1381 | Val Accuracy: 96.12%
   📅 Epoch 18 | Loss: 0.1368 | Val Accuracy: 96.04%
   📅 Epoch 19 | Loss: 0.1334 | Val Accuracy: 95.90%
   📅 Epoch 20 | Loss: 0.1342 | Val Accuracy: 95.97%
   📅 Epoch 21 | Loss: 0.1306 | Val Accuracy: 95.97%

   🛑 Early Stopping triggered after 5 epochs.

========================================
🏆 Best Val Accuracy: 96.12%
💾 Best Checkpoint: ./checkpoints/linear_mb-change_cls_hirise_dinov3_lvd_lr0.0001_concat_3.pth
========================================

