
============================================================
📄 Log File: ./logs/linear_records/mb-change_cls_hirise_dinov2_l14_lr0.0001_concat_2.log
⏰ Time: 2026-02-28 15:56:02
============================================================

🚀 Training dinov2_l14 on mb-change_cls_hirise | Mode: LINEAR | LR: 0.0001
   📂 [TRAIN] Loading 1 shards...
   ✅ Loaded 6206 samples.
   📂 [TEST] Loading 1 shards...
   ✅ Loaded 1340 samples.
   ⚙️  Config: Workers=8, BS=256, SmallData=False

>>> Loading Model: dinov2_l14 (dinov2_hub)
   🔍 Auditing weights for [dinov2_l14]...
   ✅ [PERFECT MATCH] 343/343 layers loaded (100.0%)

   🔍 [Structure Check] dinov2_l14 Output Analysis:
      Type: Tuple (len=2)
      Item 0: Shape (1, 1024)
      Item 1: Shape (1, 256, 1024)
      ✅ Identified: CLS=True, Patch=True
      👉 Final Strategy: concat_2 | Input Dim: 2048
   ❄️  Mode: Linear Probe (Backbone Frozen)
   🚀 Compiling model with torch.compile...
   ⚡ AMP Precision: torch.bfloat16
   🔄 Training Start... (Epochs: 40, Patience: 5)
   📅 Epoch 1 | Loss: 0.4156 | Val Accuracy: 92.01%
      ⭐ New Best! Saved.
   📅 Epoch 2 | Loss: 0.2306 | Val Accuracy: 92.46%
      ⭐ New Best! Saved.
   📅 Epoch 3 | Loss: 0.1926 | Val Accuracy: 95.00%
      ⭐ New Best! Saved.
   📅 Epoch 4 | Loss: 0.1731 | Val Accuracy: 95.52%
      ⭐ New Best! Saved.
   📅 Epoch 5 | Loss: 0.1647 | Val Accuracy: 95.67%
      ⭐ New Best! Saved.
   📅 Epoch 6 | Loss: 0.1524 | Val Accuracy: 95.90%
      ⭐ New Best! Saved.
   📅 Epoch 7 | Loss: 0.1525 | Val Accuracy: 95.67%
   📅 Epoch 8 | Loss: 0.1480 | Val Accuracy: 95.82%
   📅 Epoch 9 | Loss: 0.1441 | Val Accuracy: 95.75%
   📅 Epoch 10 | Loss: 0.1392 | Val Accuracy: 95.97%
      ⭐ New Best! Saved.
   📅 Epoch 11 | Loss: 0.1364 | Val Accuracy: 95.90%
   📅 Epoch 12 | Loss: 0.1333 | Val Accuracy: 96.04%
      ⭐ New Best! Saved.
   📅 Epoch 13 | Loss: 0.1350 | Val Accuracy: 95.97%
   📅 Epoch 14 | Loss: 0.1320 | Val Accuracy: 96.12%
      ⭐ New Best! Saved.
   📅 Epoch 15 | Loss: 0.1288 | Val Accuracy: 96.19%
      ⭐ New Best! Saved.
   📅 Epoch 16 | Loss: 0.1342 | Val Accuracy: 96.27%
      ⭐ New Best! Saved.
   📅 Epoch 17 | Loss: 0.1231 | Val Accuracy: 96.34%
      ⭐ New Best! Saved.
   📅 Epoch 18 | Loss: 0.1286 | Val Accuracy: 96.27%
   📅 Epoch 19 | Loss: 0.1224 | Val Accuracy: 96.27%
   📅 Epoch 20 | Loss: 0.1340 | Val Accuracy: 96.57%
      ⭐ New Best! Saved.
   📅 Epoch 21 | Loss: 0.1324 | Val Accuracy: 96.72%
      ⭐ New Best! Saved.
   📅 Epoch 22 | Loss: 0.1254 | Val Accuracy: 96.64%
   📅 Epoch 23 | Loss: 0.1197 | Val Accuracy: 96.79%
      ⭐ New Best! Saved.
   📅 Epoch 24 | Loss: 0.1276 | Val Accuracy: 96.94%
      ⭐ New Best! Saved.
   📅 Epoch 25 | Loss: 0.1270 | Val Accuracy: 96.34%
   📅 Epoch 26 | Loss: 0.1249 | Val Accuracy: 96.94%
   📅 Epoch 27 | Loss: 0.1234 | Val Accuracy: 96.72%
   📅 Epoch 28 | Loss: 0.1209 | Val Accuracy: 97.01%
      ⭐ New Best! Saved.
   📅 Epoch 29 | Loss: 0.1172 | Val Accuracy: 96.72%
   📅 Epoch 30 | Loss: 0.1212 | Val Accuracy: 96.87%
   📅 Epoch 31 | Loss: 0.1159 | Val Accuracy: 96.79%
   📅 Epoch 32 | Loss: 0.1220 | Val Accuracy: 96.79%
   📅 Epoch 33 | Loss: 0.1166 | Val Accuracy: 96.87%

   🛑 Early Stopping triggered after 5 epochs.

========================================
🏆 Best Val Accuracy: 97.01%
💾 Best Checkpoint: ./checkpoints/linear_mb-change_cls_hirise_dinov2_l14_lr0.0001_concat_2.pth
========================================

