
============================================================
📄 Log File: ./logs/linear_records/mb-change_cls_hirise_dinov3_sat_1cha_lr0.001_concat_2.log
⏰ Time: 2026-04-02 01:28:53
============================================================

🚀 Training dinov3_sat_1cha on mb-change_cls_hirise | Mode: LINEAR | LR: 0.001
   📂 [TRAIN] Loading 1 shards...
   ✅ Loaded 6206 samples.
   📂 [TEST] Loading 1 shards...
   ✅ Loaded 1340 samples.
   ⚙️  Config: Workers=8, BS=256, SmallData=False

>>> Loading Model: dinov3_sat_1cha (dinov3_hub)
   🔍 Auditing weights for [dinov3_sat_1cha]...
   ✅ [PERFECT MATCH] 368/368 layers loaded (100.0%)

   🔍 [Structure Check] dinov3_sat_1cha Output Analysis:
      Type: Tuple (len=2)
      Item 0: Shape (1, 1024)
      Item 1: Shape (1, 256, 1024)
      ✅ Identified: CLS=True, Patch=True
      👉 Final Strategy: concat_2 | Input Dim: 2048
   ❄️  Mode: Linear Probe (Backbone Frozen)
   🚀 Compiling model with torch.compile...
   ⚡ AMP Precision: torch.bfloat16
   🔄 Training Start... (Epochs: 40, Patience: 5)
   📅 Epoch 1 | Loss: 0.2890 | Val Accuracy: 93.06%
      ⭐ New Best! Saved.
   📅 Epoch 2 | Loss: 0.2042 | Val Accuracy: 93.73%
      ⭐ New Best! Saved.
   📅 Epoch 3 | Loss: 0.1771 | Val Accuracy: 94.48%
      ⭐ New Best! Saved.
   📅 Epoch 4 | Loss: 0.1616 | Val Accuracy: 94.78%
      ⭐ New Best! Saved.
   📅 Epoch 5 | Loss: 0.1499 | Val Accuracy: 95.30%
      ⭐ New Best! Saved.
   📅 Epoch 6 | Loss: 0.1515 | Val Accuracy: 94.93%
   📅 Epoch 7 | Loss: 0.1458 | Val Accuracy: 95.30%
   📅 Epoch 8 | Loss: 0.1482 | Val Accuracy: 95.67%
      ⭐ New Best! Saved.
   📅 Epoch 9 | Loss: 0.1402 | Val Accuracy: 95.45%
   📅 Epoch 10 | Loss: 0.1399 | Val Accuracy: 95.82%
      ⭐ New Best! Saved.
   📅 Epoch 11 | Loss: 0.1375 | Val Accuracy: 95.67%
   📅 Epoch 12 | Loss: 0.1428 | Val Accuracy: 95.90%
      ⭐ New Best! Saved.
   📅 Epoch 13 | Loss: 0.1442 | Val Accuracy: 95.97%
      ⭐ New Best! Saved.
   📅 Epoch 14 | Loss: 0.1411 | Val Accuracy: 95.90%
   📅 Epoch 15 | Loss: 0.1374 | Val Accuracy: 96.04%
      ⭐ New Best! Saved.
   📅 Epoch 16 | Loss: 0.1343 | Val Accuracy: 95.82%
   📅 Epoch 17 | Loss: 0.1396 | Val Accuracy: 95.97%
   📅 Epoch 18 | Loss: 0.1320 | Val Accuracy: 95.97%
   📅 Epoch 19 | Loss: 0.1337 | Val Accuracy: 95.90%
   📅 Epoch 20 | Loss: 0.1362 | Val Accuracy: 96.19%
      ⭐ New Best! Saved.
   📅 Epoch 21 | Loss: 0.1377 | Val Accuracy: 96.12%
   📅 Epoch 22 | Loss: 0.1314 | Val Accuracy: 96.42%
      ⭐ New Best! Saved.
   📅 Epoch 23 | Loss: 0.1363 | Val Accuracy: 96.34%
   📅 Epoch 24 | Loss: 0.1309 | Val Accuracy: 96.49%
      ⭐ New Best! Saved.
   📅 Epoch 25 | Loss: 0.1307 | Val Accuracy: 96.04%
   📅 Epoch 26 | Loss: 0.1292 | Val Accuracy: 96.49%
   📅 Epoch 27 | Loss: 0.1316 | Val Accuracy: 96.57%
      ⭐ New Best! Saved.
   📅 Epoch 28 | Loss: 0.1377 | Val Accuracy: 96.34%
   📅 Epoch 29 | Loss: 0.1332 | Val Accuracy: 96.57%
   📅 Epoch 30 | Loss: 0.1282 | Val Accuracy: 96.72%
      ⭐ New Best! Saved.
   📅 Epoch 31 | Loss: 0.1305 | Val Accuracy: 96.94%
      ⭐ New Best! Saved.
   📅 Epoch 32 | Loss: 0.1243 | Val Accuracy: 96.79%
   📅 Epoch 33 | Loss: 0.1256 | Val Accuracy: 96.79%
   📅 Epoch 34 | Loss: 0.1249 | Val Accuracy: 96.19%
   📅 Epoch 35 | Loss: 0.1311 | Val Accuracy: 96.27%
   📅 Epoch 36 | Loss: 0.1351 | Val Accuracy: 96.64%

   🛑 Early Stopping triggered after 5 epochs.

========================================
🏆 Best Val Accuracy: 96.94%
💾 Best Checkpoint: ./checkpoints/linear_mb-change_cls_hirise_dinov3_sat_1cha_lr0.001_concat_2.pth
========================================

