
============================================================
📄 Log File: ./logs/linear_records/mb-change_cls_ctx_dinov3_lvd_lr0.0001_concat_3.log
⏰ Time: 2026-02-28 12:54:24
============================================================

🚀 Training dinov3_lvd on mb-change_cls_ctx | Mode: LINEAR | LR: 0.0001
   📂 [TRAIN] Loading 1 shards...
   ✅ Loaded 72 samples.
   📂 [TEST] Loading 1 shards...
   ✅ Loaded 20 samples.
   ⚙️  Config: Workers=0, BS=72, SmallData=True

>>> Loading Model: dinov3_lvd (dinov3_hub)
   🔍 Auditing weights for [dinov3_lvd]...
   ✅ [PERFECT MATCH] 368/368 layers loaded (100.0%)

   🔍 [Structure Check] dinov3_lvd Output Analysis:
      Type: Tuple (len=2)
      Item 0: Shape (1, 1024)
      Item 1: Shape (1, 256, 1024)
      ✅ Identified: CLS=True, Patch=True
      👉 Final Strategy: concat_3 | Input Dim: 3072
   ❄️  Mode: Linear Probe (Backbone Frozen)
   ⚠️ Skipping torch.compile (Small dataset or Windows detected).
   ⚡ AMP Precision: torch.bfloat16
   🔄 Training Start... (Epochs: 40, Patience: 5)
   📅 Epoch 1 | Loss: 0.7158 | Val Accuracy: 75.00%
      ⭐ New Best! Saved.
   📅 Epoch 2 | Loss: 0.6661 | Val Accuracy: 85.00%
      ⭐ New Best! Saved.
   📅 Epoch 3 | Loss: 0.6092 | Val Accuracy: 80.00%
   📅 Epoch 4 | Loss: 0.5623 | Val Accuracy: 80.00%
   📅 Epoch 5 | Loss: 0.5201 | Val Accuracy: 80.00%
   📅 Epoch 6 | Loss: 0.4867 | Val Accuracy: 80.00%
   📅 Epoch 7 | Loss: 0.4582 | Val Accuracy: 80.00%

   🛑 Early Stopping triggered after 5 epochs.

========================================
🏆 Best Val Accuracy: 85.00%
💾 Best Checkpoint: ./checkpoints/linear_mb-change_cls_ctx_dinov3_lvd_lr0.0001_concat_3.pth
========================================

