
============================================================
📄 Log File: ./logs/linear_records/mb-change_cls_hirise_siglip2_lr0.001_concat_2.log
⏰ Time: 2026-02-28 21:04:07
============================================================

🚀 Training siglip2 on mb-change_cls_hirise | Mode: LINEAR | LR: 0.001
   📂 [TRAIN] Loading 1 shards...
   ✅ Loaded 6206 samples.
   📂 [TEST] Loading 1 shards...
   ✅ Loaded 1340 samples.
   ⚙️  Config: Workers=8, BS=256, SmallData=False

>>> Loading Model: siglip2 (transformers)

   🔍 [Structure Check] siglip2 Output Analysis:
      Type: Tuple (len=2)
      Item 0: Shape (1, 1024)
      Item 1: Shape (1, 256, 1024)
      ✅ Identified: CLS=True, Patch=True
      👉 Final Strategy: concat_2 | Input Dim: 2048
   ❄️  Mode: Linear Probe (Backbone Frozen)
   🚀 Compiling model with torch.compile...
   ⚡ AMP Precision: torch.bfloat16
   🔄 Training Start... (Epochs: 40, Patience: 5)
   📅 Epoch 1 | Loss: 0.4068 | Val Accuracy: 91.94%
      ⭐ New Best! Saved.
   📅 Epoch 2 | Loss: 0.2153 | Val Accuracy: 93.73%
      ⭐ New Best! Saved.
   📅 Epoch 3 | Loss: 0.1837 | Val Accuracy: 94.55%
      ⭐ New Best! Saved.
   📅 Epoch 4 | Loss: 0.1701 | Val Accuracy: 94.78%
      ⭐ New Best! Saved.
   📅 Epoch 5 | Loss: 0.1635 | Val Accuracy: 94.55%
   📅 Epoch 6 | Loss: 0.1627 | Val Accuracy: 94.85%
      ⭐ New Best! Saved.
   📅 Epoch 7 | Loss: 0.1559 | Val Accuracy: 94.78%
   📅 Epoch 8 | Loss: 0.1526 | Val Accuracy: 95.00%
      ⭐ New Best! Saved.
   📅 Epoch 9 | Loss: 0.1519 | Val Accuracy: 95.00%
   📅 Epoch 10 | Loss: 0.1563 | Val Accuracy: 95.22%
      ⭐ New Best! Saved.
   📅 Epoch 11 | Loss: 0.1393 | Val Accuracy: 95.30%
      ⭐ New Best! Saved.
   📅 Epoch 12 | Loss: 0.1464 | Val Accuracy: 95.07%
   📅 Epoch 13 | Loss: 0.1534 | Val Accuracy: 95.52%
      ⭐ New Best! Saved.
   📅 Epoch 14 | Loss: 0.1481 | Val Accuracy: 95.52%
   📅 Epoch 15 | Loss: 0.1463 | Val Accuracy: 95.60%
      ⭐ New Best! Saved.
   📅 Epoch 16 | Loss: 0.1539 | Val Accuracy: 95.52%
   📅 Epoch 17 | Loss: 0.1515 | Val Accuracy: 95.45%
   📅 Epoch 18 | Loss: 0.1462 | Val Accuracy: 95.60%
   📅 Epoch 19 | Loss: 0.1519 | Val Accuracy: 95.75%
      ⭐ New Best! Saved.
   📅 Epoch 20 | Loss: 0.1447 | Val Accuracy: 95.75%
   📅 Epoch 21 | Loss: 0.1406 | Val Accuracy: 95.90%
      ⭐ New Best! Saved.
   📅 Epoch 22 | Loss: 0.1403 | Val Accuracy: 95.90%
   📅 Epoch 23 | Loss: 0.1420 | Val Accuracy: 95.97%
      ⭐ New Best! Saved.
   📅 Epoch 24 | Loss: 0.1433 | Val Accuracy: 95.82%
   📅 Epoch 25 | Loss: 0.1432 | Val Accuracy: 95.82%
   📅 Epoch 26 | Loss: 0.1455 | Val Accuracy: 95.97%
   📅 Epoch 27 | Loss: 0.1449 | Val Accuracy: 95.97%
   📅 Epoch 28 | Loss: 0.1448 | Val Accuracy: 95.97%

   🛑 Early Stopping triggered after 5 epochs.

========================================
🏆 Best Val Accuracy: 95.97%
💾 Best Checkpoint: ./checkpoints/linear_mb-change_cls_hirise_siglip2_lr0.001_concat_2.pth
========================================

