
============================================================
📄 Log File: ./logs/linear_records/mb-change_cls_ctx_swin_v2_lr0.0001_original.log
⏰ Time: 2026-02-28 13:07:49
============================================================

🚀 Training swin_v2 on mb-change_cls_ctx | Mode: LINEAR | LR: 0.0001
   📂 [TRAIN] Loading 1 shards...
   ✅ Loaded 72 samples.
   📂 [TEST] Loading 1 shards...
   ✅ Loaded 20 samples.
   ⚙️  Config: Workers=0, BS=72, SmallData=True

>>> Loading Model: swin_v2 (torchvision_swin)
   🔍 Auditing weights for [swin_v2]...
   ✅ [PERFECT MATCH] 449/449 layers loaded (100.0%)

   🔍 [Structure Check] swin_v2 Output Analysis:
      Type: Tuple (len=2)
      Item 0: Shape (1, 1024)
      Item 1: Shape (1, 64, 1024)
      ✅ Identified: CLS=True, Patch=True
      👉 Final Strategy: GAP_only | Input Dim: 1024
   ❄️  Mode: Linear Probe (Backbone Frozen)
   ⚠️ Skipping torch.compile (Small dataset or Windows detected).
   ⚡ AMP Precision: torch.bfloat16
   🔄 Training Start... (Epochs: 40, Patience: 5)
   📅 Epoch 1 | Loss: 0.6347 | Val Accuracy: 60.00%
      ⭐ New Best! Saved.
   📅 Epoch 2 | Loss: 0.6267 | Val Accuracy: 70.00%
      ⭐ New Best! Saved.
   📅 Epoch 3 | Loss: 0.6106 | Val Accuracy: 75.00%
      ⭐ New Best! Saved.
   📅 Epoch 4 | Loss: 0.5910 | Val Accuracy: 75.00%
   📅 Epoch 5 | Loss: 0.5986 | Val Accuracy: 75.00%
   📅 Epoch 6 | Loss: 0.5866 | Val Accuracy: 75.00%
   📅 Epoch 7 | Loss: 0.5600 | Val Accuracy: 80.00%
      ⭐ New Best! Saved.
   📅 Epoch 8 | Loss: 0.5373 | Val Accuracy: 80.00%
   📅 Epoch 9 | Loss: 0.5064 | Val Accuracy: 80.00%
   📅 Epoch 10 | Loss: 0.5264 | Val Accuracy: 80.00%
   📅 Epoch 11 | Loss: 0.5195 | Val Accuracy: 80.00%
   📅 Epoch 12 | Loss: 0.5249 | Val Accuracy: 80.00%

   🛑 Early Stopping triggered after 5 epochs.

========================================
🏆 Best Val Accuracy: 80.00%
💾 Best Checkpoint: ./checkpoints/linear_mb-change_cls_ctx_swin_v2_lr0.0001_original.pth
========================================

