
============================================================
📄 Log File: ./logs/linear_records/mb-change_cls_hirise_satmae_lr0.001_concat_2.log
⏰ Time: 2026-02-28 17:58:00
============================================================

🚀 Training satmae on mb-change_cls_hirise | Mode: LINEAR | LR: 0.001
   📂 [TRAIN] Loading 1 shards...
   ✅ Loaded 6206 samples.
   📂 [TEST] Loading 1 shards...
   ✅ Loaded 1340 samples.
   ⚙️  Config: Workers=8, BS=256, SmallData=False

>>> Loading Model: satmae (timm_mae)
   ℹ️  Config: in_chans=3
   🔍 Auditing weights for [satmae]...
   ✅ [PERFECT MATCH] 294/294 layers loaded (100.0%)

   🔍 [Structure Check] satmae Output Analysis:
      Type: Tuple (len=2)
      Item 0: Shape (1, 1024)
      Item 1: Shape (1, 196, 1024)
      ✅ Identified: CLS=True, Patch=True
      👉 Final Strategy: concat_2 | Input Dim: 2048
   ❄️  Mode: Linear Probe (Backbone Frozen)
   🚀 Compiling model with torch.compile...
   ⚡ AMP Precision: torch.bfloat16
   🔄 Training Start... (Epochs: 40, Patience: 5)
   📅 Epoch 1 | Loss: 0.2665 | Val Accuracy: 92.91%
      ⭐ New Best! Saved.
   📅 Epoch 2 | Loss: 0.1946 | Val Accuracy: 94.40%
      ⭐ New Best! Saved.
   📅 Epoch 3 | Loss: 0.1751 | Val Accuracy: 94.40%
   📅 Epoch 4 | Loss: 0.1686 | Val Accuracy: 95.00%
      ⭐ New Best! Saved.
   📅 Epoch 5 | Loss: 0.1615 | Val Accuracy: 94.93%
   📅 Epoch 6 | Loss: 0.1576 | Val Accuracy: 94.85%
   📅 Epoch 7 | Loss: 0.1629 | Val Accuracy: 95.30%
      ⭐ New Best! Saved.
   📅 Epoch 8 | Loss: 0.1581 | Val Accuracy: 95.45%
      ⭐ New Best! Saved.
   📅 Epoch 9 | Loss: 0.1552 | Val Accuracy: 95.15%
   📅 Epoch 10 | Loss: 0.1569 | Val Accuracy: 95.22%
   📅 Epoch 11 | Loss: 0.1635 | Val Accuracy: 95.75%
      ⭐ New Best! Saved.
   📅 Epoch 12 | Loss: 0.1504 | Val Accuracy: 95.30%
   📅 Epoch 13 | Loss: 0.1558 | Val Accuracy: 95.45%
   📅 Epoch 14 | Loss: 0.1555 | Val Accuracy: 95.30%
   📅 Epoch 15 | Loss: 0.1439 | Val Accuracy: 95.67%
   📅 Epoch 16 | Loss: 0.1470 | Val Accuracy: 95.45%

   🛑 Early Stopping triggered after 5 epochs.

========================================
🏆 Best Val Accuracy: 95.75%
💾 Best Checkpoint: ./checkpoints/linear_mb-change_cls_hirise_satmae_lr0.001_concat_2.pth
========================================

