
============================================================
📄 Log File: ./logs/linear_records/mb-change_cls_ctx_dinov2_l14_lr0.001_original.log
⏰ Time: 2026-02-28 12:58:57
============================================================

🚀 Training dinov2_l14 on mb-change_cls_ctx | Mode: LINEAR | LR: 0.001
   📂 [TRAIN] Loading 1 shards...
   ✅ Loaded 72 samples.
   📂 [TEST] Loading 1 shards...
   ✅ Loaded 20 samples.
   ⚙️  Config: Workers=0, BS=72, SmallData=True

>>> Loading Model: dinov2_l14 (dinov2_hub)
   🔍 Auditing weights for [dinov2_l14]...
   ✅ [PERFECT MATCH] 343/343 layers loaded (100.0%)

   🔍 [Structure Check] dinov2_l14 Output Analysis:
      Type: Tuple (len=2)
      Item 0: Shape (1, 1024)
      Item 1: Shape (1, 256, 1024)
      ✅ Identified: CLS=True, Patch=True
      👉 Final Strategy: CLS_only | Input Dim: 1024
   ❄️  Mode: Linear Probe (Backbone Frozen)
   ⚠️ Skipping torch.compile (Small dataset or Windows detected).
   ⚡ AMP Precision: torch.bfloat16
   🔄 Training Start... (Epochs: 40, Patience: 5)
   📅 Epoch 1 | Loss: 1.0221 | Val Accuracy: 75.00%
      ⭐ New Best! Saved.
   📅 Epoch 2 | Loss: 0.5006 | Val Accuracy: 80.00%
      ⭐ New Best! Saved.
   📅 Epoch 3 | Loss: 0.3363 | Val Accuracy: 80.00%
   📅 Epoch 4 | Loss: 0.3784 | Val Accuracy: 80.00%
   📅 Epoch 5 | Loss: 0.3607 | Val Accuracy: 80.00%
   📅 Epoch 6 | Loss: 0.4571 | Val Accuracy: 80.00%
   📅 Epoch 7 | Loss: 0.4750 | Val Accuracy: 80.00%

   🛑 Early Stopping triggered after 5 epochs.

========================================
🏆 Best Val Accuracy: 80.00%
💾 Best Checkpoint: ./checkpoints/linear_mb-change_cls_ctx_dinov2_l14_lr0.001_original.pth
========================================

