
============================================================
📄 Log File: ./logs/linear_records/mb-change_cls_hirise_swin_v2_lr0.0001_concat_2.log
⏰ Time: 2026-02-28 19:29:58
============================================================

🚀 Training swin_v2 on mb-change_cls_hirise | Mode: LINEAR | LR: 0.0001
   📂 [TRAIN] Loading 1 shards...
   ✅ Loaded 6206 samples.
   📂 [TEST] Loading 1 shards...
   ✅ Loaded 1340 samples.
   ⚙️  Config: Workers=8, BS=256, SmallData=False

>>> Loading Model: swin_v2 (torchvision_swin)
   🔍 Auditing weights for [swin_v2]...
   ✅ [PERFECT MATCH] 449/449 layers loaded (100.0%)

   🔍 [Structure Check] swin_v2 Output Analysis:
      Type: Tuple (len=2)
      Item 0: Shape (1, 1024)
      Item 1: Shape (1, 64, 1024)
      ✅ Identified: CLS=True, Patch=True
      👉 Final Strategy: concat_2 | Input Dim: 2048
   ❄️  Mode: Linear Probe (Backbone Frozen)
   🚀 Compiling model with torch.compile...
   ⚡ AMP Precision: torch.bfloat16
   🔄 Training Start... (Epochs: 40, Patience: 5)
   📅 Epoch 1 | Loss: 0.4664 | Val Accuracy: 91.94%
      ⭐ New Best! Saved.
   📅 Epoch 2 | Loss: 0.2674 | Val Accuracy: 91.94%
   📅 Epoch 3 | Loss: 0.2457 | Val Accuracy: 91.94%
   📅 Epoch 4 | Loss: 0.2318 | Val Accuracy: 91.94%
   📅 Epoch 5 | Loss: 0.2215 | Val Accuracy: 91.94%
   📅 Epoch 6 | Loss: 0.2122 | Val Accuracy: 92.84%
      ⭐ New Best! Saved.
   📅 Epoch 7 | Loss: 0.2084 | Val Accuracy: 93.28%
      ⭐ New Best! Saved.
   📅 Epoch 8 | Loss: 0.1978 | Val Accuracy: 93.88%
      ⭐ New Best! Saved.
   📅 Epoch 9 | Loss: 0.1940 | Val Accuracy: 94.10%
      ⭐ New Best! Saved.
   📅 Epoch 10 | Loss: 0.1892 | Val Accuracy: 94.33%
      ⭐ New Best! Saved.
   📅 Epoch 11 | Loss: 0.1872 | Val Accuracy: 94.55%
      ⭐ New Best! Saved.
   📅 Epoch 12 | Loss: 0.1867 | Val Accuracy: 94.78%
      ⭐ New Best! Saved.
   📅 Epoch 13 | Loss: 0.1820 | Val Accuracy: 95.07%
      ⭐ New Best! Saved.
   📅 Epoch 14 | Loss: 0.1779 | Val Accuracy: 94.93%
   📅 Epoch 15 | Loss: 0.1749 | Val Accuracy: 95.00%
   📅 Epoch 16 | Loss: 0.1743 | Val Accuracy: 95.22%
      ⭐ New Best! Saved.
   📅 Epoch 17 | Loss: 0.1789 | Val Accuracy: 95.07%
   📅 Epoch 18 | Loss: 0.1693 | Val Accuracy: 94.93%
   📅 Epoch 19 | Loss: 0.1700 | Val Accuracy: 94.93%
   📅 Epoch 20 | Loss: 0.1703 | Val Accuracy: 95.00%
   📅 Epoch 21 | Loss: 0.1718 | Val Accuracy: 95.00%

   🛑 Early Stopping triggered after 5 epochs.

========================================
🏆 Best Val Accuracy: 95.22%
💾 Best Checkpoint: ./checkpoints/linear_mb-change_cls_hirise_swin_v2_lr0.0001_concat_2.pth
========================================

