
============================================================
📄 Log File: ./logs/linear_records/mb-change_cls_hirise_scale_mae_lr0.0001_original.log
⏰ Time: 2026-02-28 20:44:05
============================================================

🚀 Training scale_mae on mb-change_cls_hirise | Mode: LINEAR | LR: 0.0001
   📂 [TRAIN] Loading 1 shards...
   ✅ Loaded 6206 samples.
   📂 [TEST] Loading 1 shards...
   ✅ Loaded 1340 samples.
   ⚙️  Config: Workers=8, BS=256, SmallData=False

>>> Loading Model: scale_mae (scalemae)
   🔍 Auditing weights for [scale_mae]...
   ⚠️ [PARTIAL MATCH] 344/435 layers loaded (79.1%)

   🔍 [Structure Check] scale_mae Output Analysis:
      Type: Tuple (len=2)
      Item 0: Shape (1, 1024)
      Item 1: Shape (1, 196, 1024)
      ✅ Identified: CLS=True, Patch=True
      👉 Final Strategy: GAP_only | Input Dim: 1024
      📏 ScaleMAE GSD: 0.3 m/px
   ❄️  Mode: Linear Probe (Backbone Frozen)
   🚀 Compiling model with torch.compile...
   ⚡ AMP Precision: torch.bfloat16
   🔄 Training Start... (Epochs: 40, Patience: 5)
   📅 Epoch 1 | Loss: 0.6455 | Val Accuracy: 91.94%
      ⭐ New Best! Saved.
   📅 Epoch 2 | Loss: 0.3838 | Val Accuracy: 91.94%
   📅 Epoch 3 | Loss: 0.3054 | Val Accuracy: 91.94%
   📅 Epoch 4 | Loss: 0.2846 | Val Accuracy: 91.94%
   📅 Epoch 5 | Loss: 0.2781 | Val Accuracy: 91.94%
   📅 Epoch 6 | Loss: 0.2732 | Val Accuracy: 91.94%

   🛑 Early Stopping triggered after 5 epochs.

========================================
🏆 Best Val Accuracy: 91.94%
💾 Best Checkpoint: ./checkpoints/linear_mb-change_cls_hirise_scale_mae_lr0.0001_original.pth
========================================

