
============================================================
📄 Log File: ./logs/linear_records/mb-change_cls_hirise_satmae_lr0.01_concat_2.log
⏰ Time: 2026-02-28 17:49:02
============================================================

🚀 Training satmae on mb-change_cls_hirise | Mode: LINEAR | LR: 0.01
   📂 [TRAIN] Loading 1 shards...
   ✅ Loaded 6206 samples.
   📂 [TEST] Loading 1 shards...
   ✅ Loaded 1340 samples.
   ⚙️  Config: Workers=8, BS=256, SmallData=False

>>> Loading Model: satmae (timm_mae)
   ℹ️  Config: in_chans=3
   🔍 Auditing weights for [satmae]...
   ✅ [PERFECT MATCH] 294/294 layers loaded (100.0%)

   🔍 [Structure Check] satmae Output Analysis:
      Type: Tuple (len=2)
      Item 0: Shape (1, 1024)
      Item 1: Shape (1, 196, 1024)
      ✅ Identified: CLS=True, Patch=True
      👉 Final Strategy: concat_2 | Input Dim: 2048
   ❄️  Mode: Linear Probe (Backbone Frozen)
   🚀 Compiling model with torch.compile...
   ⚡ AMP Precision: torch.bfloat16
   🔄 Training Start... (Epochs: 40, Patience: 5)
   📅 Epoch 1 | Loss: 1.6802 | Val Accuracy: 92.99%
      ⭐ New Best! Saved.
   📅 Epoch 2 | Loss: 0.3385 | Val Accuracy: 95.45%
      ⭐ New Best! Saved.
   📅 Epoch 3 | Loss: 0.1806 | Val Accuracy: 95.45%
   📅 Epoch 4 | Loss: 0.1703 | Val Accuracy: 95.75%
      ⭐ New Best! Saved.
   📅 Epoch 5 | Loss: 0.1649 | Val Accuracy: 95.60%
   📅 Epoch 6 | Loss: 0.1639 | Val Accuracy: 95.07%
   📅 Epoch 7 | Loss: 0.1749 | Val Accuracy: 95.15%
   📅 Epoch 8 | Loss: 0.1874 | Val Accuracy: 95.37%
   📅 Epoch 9 | Loss: 0.1695 | Val Accuracy: 95.60%

   🛑 Early Stopping triggered after 5 epochs.

========================================
🏆 Best Val Accuracy: 95.75%
💾 Best Checkpoint: ./checkpoints/linear_mb-change_cls_hirise_satmae_lr0.01_concat_2.pth
========================================

