
============================================================
📄 Log File: ./logs/linear_records/mb-change_cls_hirise_mars_mae_lr0.01_concat_2.log
⏰ Time: 2026-02-28 21:53:06
============================================================

🚀 Training mars_mae on mb-change_cls_hirise | Mode: LINEAR | LR: 0.01
   📂 [TRAIN] Loading 1 shards...
   ✅ Loaded 6206 samples.
   📂 [TEST] Loading 1 shards...
   ✅ Loaded 1340 samples.
   ⚙️  Config: Workers=8, BS=256, SmallData=False

>>> Loading Model: mars_mae (timm_mae)
   ℹ️  Config: in_chans=1
   🔍 Auditing weights for [mars_mae]...
   ✅ [PERFECT MATCH] 150/150 layers loaded (100.0%)

   🔍 [Structure Check] mars_mae Output Analysis:
      Type: Tuple (len=2)
      Item 0: Shape (1, 768)
      Item 1: Shape (1, 196, 768)
      ✅ Identified: CLS=True, Patch=True
      👉 Final Strategy: concat_2 | Input Dim: 1536
   ❄️  Mode: Linear Probe (Backbone Frozen)
   🚀 Compiling model with torch.compile...
   ⚡ AMP Precision: torch.bfloat16
   🔄 Training Start... (Epochs: 40, Patience: 5)
   📅 Epoch 1 | Loss: 0.6329 | Val Accuracy: 94.03%
      ⭐ New Best! Saved.
   📅 Epoch 2 | Loss: 0.2696 | Val Accuracy: 95.00%
      ⭐ New Best! Saved.
   📅 Epoch 3 | Loss: 0.1900 | Val Accuracy: 95.90%
      ⭐ New Best! Saved.
   📅 Epoch 4 | Loss: 0.1837 | Val Accuracy: 95.75%
   📅 Epoch 5 | Loss: 0.1800 | Val Accuracy: 95.75%
   📅 Epoch 6 | Loss: 0.1779 | Val Accuracy: 95.67%
   📅 Epoch 7 | Loss: 0.1841 | Val Accuracy: 95.75%
   📅 Epoch 8 | Loss: 0.1743 | Val Accuracy: 95.30%

   🛑 Early Stopping triggered after 5 epochs.

========================================
🏆 Best Val Accuracy: 95.90%
💾 Best Checkpoint: ./checkpoints/linear_mb-change_cls_hirise_mars_mae_lr0.01_concat_2.pth
========================================

