
============================================================
📄 Log File: ./logs/linear_records/mb-change_cls_ctx_openclip_lr0.0001_original.log
⏰ Time: 2026-02-28 13:05:53
============================================================

🚀 Training openclip on mb-change_cls_ctx | Mode: LINEAR | LR: 0.0001
   📂 [TRAIN] Loading 1 shards...
   ✅ Loaded 72 samples.
   📂 [TEST] Loading 1 shards...
   ✅ Loaded 20 samples.
   ⚙️  Config: Workers=0, BS=72, SmallData=True

>>> Loading Model: openclip (transformers_clip)

   🔍 [Structure Check] openclip Output Analysis:
      Type: Tuple (len=2)
      Item 0: Shape (1, 1024)
      Item 1: Shape (1, 256, 1024)
      ✅ Identified: CLS=True, Patch=True
      👉 Final Strategy: CLS_only | Input Dim: 1024
   ❄️  Mode: Linear Probe (Backbone Frozen)
   ⚠️ Skipping torch.compile (Small dataset or Windows detected).
   ⚡ AMP Precision: torch.bfloat16
   🔄 Training Start... (Epochs: 40, Patience: 5)
   📅 Epoch 1 | Loss: 0.7451 | Val Accuracy: 60.00%
      ⭐ New Best! Saved.
   📅 Epoch 2 | Loss: 0.6581 | Val Accuracy: 60.00%
   📅 Epoch 3 | Loss: 0.6246 | Val Accuracy: 60.00%
   📅 Epoch 4 | Loss: 0.6280 | Val Accuracy: 70.00%
      ⭐ New Best! Saved.
   📅 Epoch 5 | Loss: 0.5481 | Val Accuracy: 80.00%
      ⭐ New Best! Saved.
   📅 Epoch 6 | Loss: 0.5066 | Val Accuracy: 80.00%
   📅 Epoch 7 | Loss: 0.4973 | Val Accuracy: 80.00%
   📅 Epoch 8 | Loss: 0.4731 | Val Accuracy: 80.00%
   📅 Epoch 9 | Loss: 0.4405 | Val Accuracy: 80.00%
   📅 Epoch 10 | Loss: 0.4320 | Val Accuracy: 80.00%

   🛑 Early Stopping triggered after 5 epochs.

========================================
🏆 Best Val Accuracy: 80.00%
💾 Best Checkpoint: ./checkpoints/linear_mb-change_cls_ctx_openclip_lr0.0001_original.pth
========================================

