
============================================================
📄 Log File: ./logs/linear_records/mb-change_cls_hirise_dinov1_b8_lr0.001_concat_2.log
⏰ Time: 2026-02-28 16:51:13
============================================================

🚀 Training dinov1_b8 on mb-change_cls_hirise | Mode: LINEAR | LR: 0.001
   📂 [TRAIN] Loading 1 shards...
   ✅ Loaded 6206 samples.
   📂 [TEST] Loading 1 shards...
   ✅ Loaded 1340 samples.
   ⚙️  Config: Workers=8, BS=256, SmallData=False

>>> Loading Model: dinov1_b8 (dinov1)

   🔍 [Structure Check] dinov1_b8 Output Analysis:
      Type: Tuple (len=2)
      Item 0: Shape (1, 768)
      Item 1: Shape (1, 784, 768)
      ✅ Identified: CLS=True, Patch=True
      👉 Final Strategy: concat_2 | Input Dim: 1536
   ❄️  Mode: Linear Probe (Backbone Frozen)
   🚀 Compiling model with torch.compile...
   ⚡ AMP Precision: torch.bfloat16
   🔄 Training Start... (Epochs: 40, Patience: 5)
   📅 Epoch 1 | Loss: 0.3640 | Val Accuracy: 91.49%
      ⭐ New Best! Saved.
   📅 Epoch 2 | Loss: 0.1677 | Val Accuracy: 95.22%
      ⭐ New Best! Saved.
   📅 Epoch 3 | Loss: 0.1477 | Val Accuracy: 95.67%
      ⭐ New Best! Saved.
   📅 Epoch 4 | Loss: 0.1329 | Val Accuracy: 95.97%
      ⭐ New Best! Saved.
   📅 Epoch 5 | Loss: 0.1314 | Val Accuracy: 96.57%
      ⭐ New Best! Saved.
   📅 Epoch 6 | Loss: 0.1332 | Val Accuracy: 96.27%
   📅 Epoch 7 | Loss: 0.1259 | Val Accuracy: 96.57%
   📅 Epoch 8 | Loss: 0.1331 | Val Accuracy: 96.49%
   📅 Epoch 9 | Loss: 0.1304 | Val Accuracy: 96.94%
      ⭐ New Best! Saved.
   📅 Epoch 10 | Loss: 0.1256 | Val Accuracy: 96.87%
   📅 Epoch 11 | Loss: 0.1246 | Val Accuracy: 96.42%
   📅 Epoch 12 | Loss: 0.1254 | Val Accuracy: 97.09%
      ⭐ New Best! Saved.
   📅 Epoch 13 | Loss: 0.1242 | Val Accuracy: 96.72%
   📅 Epoch 14 | Loss: 0.1238 | Val Accuracy: 97.31%
      ⭐ New Best! Saved.
   📅 Epoch 15 | Loss: 0.1261 | Val Accuracy: 97.16%
   📅 Epoch 16 | Loss: 0.1230 | Val Accuracy: 96.42%
   📅 Epoch 17 | Loss: 0.1279 | Val Accuracy: 97.24%
   📅 Epoch 18 | Loss: 0.1200 | Val Accuracy: 96.64%
   📅 Epoch 19 | Loss: 0.1179 | Val Accuracy: 97.16%

   🛑 Early Stopping triggered after 5 epochs.

========================================
🏆 Best Val Accuracy: 97.31%
💾 Best Checkpoint: ./checkpoints/linear_mb-change_cls_hirise_dinov1_b8_lr0.001_concat_2.pth
========================================

