
============================================================
📄 Log File: ./logs/linear_records/mb-change_cls_hirise_dinov3_lvd_1cha_lr0.001_original.log
⏰ Time: 2026-04-02 02:52:17
============================================================

🚀 Training dinov3_lvd_1cha on mb-change_cls_hirise | Mode: LINEAR | LR: 0.001
   📂 [TRAIN] Loading 1 shards...
   ✅ Loaded 6206 samples.
   📂 [TEST] Loading 1 shards...
   ✅ Loaded 1340 samples.
   ⚙️  Config: Workers=8, BS=256, SmallData=False

>>> Loading Model: dinov3_lvd_1cha (dinov3_hub)
   🔍 Auditing weights for [dinov3_lvd_1cha]...
   ✅ [PERFECT MATCH] 368/368 layers loaded (100.0%)

   🔍 [Structure Check] dinov3_lvd_1cha Output Analysis:
      Type: Tuple (len=2)
      Item 0: Shape (1, 1024)
      Item 1: Shape (1, 256, 1024)
      ✅ Identified: CLS=True, Patch=True
      👉 Final Strategy: CLS_only | Input Dim: 1024
   ❄️  Mode: Linear Probe (Backbone Frozen)
   🚀 Compiling model with torch.compile...
   ⚡ AMP Precision: torch.bfloat16
   🔄 Training Start... (Epochs: 40, Patience: 5)
   📅 Epoch 1 | Loss: 0.2454 | Val Accuracy: 92.84%
      ⭐ New Best! Saved.
   📅 Epoch 2 | Loss: 0.1555 | Val Accuracy: 95.22%
      ⭐ New Best! Saved.
   📅 Epoch 3 | Loss: 0.1408 | Val Accuracy: 95.52%
      ⭐ New Best! Saved.
   📅 Epoch 4 | Loss: 0.1382 | Val Accuracy: 95.67%
      ⭐ New Best! Saved.
   📅 Epoch 5 | Loss: 0.1352 | Val Accuracy: 95.82%
      ⭐ New Best! Saved.
   📅 Epoch 6 | Loss: 0.1285 | Val Accuracy: 95.75%
   📅 Epoch 7 | Loss: 0.1311 | Val Accuracy: 95.90%
      ⭐ New Best! Saved.
   📅 Epoch 8 | Loss: 0.1281 | Val Accuracy: 95.97%
      ⭐ New Best! Saved.
   📅 Epoch 9 | Loss: 0.1316 | Val Accuracy: 96.34%
      ⭐ New Best! Saved.
   📅 Epoch 10 | Loss: 0.1277 | Val Accuracy: 95.97%
   📅 Epoch 11 | Loss: 0.1268 | Val Accuracy: 95.90%
   📅 Epoch 12 | Loss: 0.1263 | Val Accuracy: 95.97%
   📅 Epoch 13 | Loss: 0.1293 | Val Accuracy: 95.97%
   📅 Epoch 14 | Loss: 0.1244 | Val Accuracy: 96.34%

   🛑 Early Stopping triggered after 5 epochs.

========================================
🏆 Best Val Accuracy: 96.34%
💾 Best Checkpoint: ./checkpoints/linear_mb-change_cls_hirise_dinov3_lvd_1cha_lr0.001_original.pth
========================================

