
============================================================
📄 Log File: ./logs/linear_records/mb-change_cls_hirise_dinov3_sat_lr0.001_concat_2.log
⏰ Time: 2026-02-28 14:32:57
============================================================

🚀 Training dinov3_sat on mb-change_cls_hirise | Mode: LINEAR | LR: 0.001
   📂 [TRAIN] Loading 1 shards...
   ✅ Loaded 6206 samples.
   📂 [TEST] Loading 1 shards...
   ✅ Loaded 1340 samples.
   ⚙️  Config: Workers=8, BS=256, SmallData=False

>>> Loading Model: dinov3_sat (dinov3_hub)
   🔍 Auditing weights for [dinov3_sat]...
   ✅ [PERFECT MATCH] 368/368 layers loaded (100.0%)

   🔍 [Structure Check] dinov3_sat Output Analysis:
      Type: Tuple (len=2)
      Item 0: Shape (1, 1024)
      Item 1: Shape (1, 256, 1024)
      ✅ Identified: CLS=True, Patch=True
      👉 Final Strategy: concat_2 | Input Dim: 2048
   ❄️  Mode: Linear Probe (Backbone Frozen)
   🚀 Compiling model with torch.compile...
   ⚡ AMP Precision: torch.bfloat16
   🔄 Training Start... (Epochs: 40, Patience: 5)
   📅 Epoch 1 | Loss: 0.2919 | Val Accuracy: 92.16%
      ⭐ New Best! Saved.
   📅 Epoch 2 | Loss: 0.1912 | Val Accuracy: 94.70%
      ⭐ New Best! Saved.
   📅 Epoch 3 | Loss: 0.1606 | Val Accuracy: 95.97%
      ⭐ New Best! Saved.
   📅 Epoch 4 | Loss: 0.1530 | Val Accuracy: 95.82%
   📅 Epoch 5 | Loss: 0.1447 | Val Accuracy: 96.19%
      ⭐ New Best! Saved.
   📅 Epoch 6 | Loss: 0.1512 | Val Accuracy: 96.34%
      ⭐ New Best! Saved.
   📅 Epoch 7 | Loss: 0.1401 | Val Accuracy: 96.64%
      ⭐ New Best! Saved.
   📅 Epoch 8 | Loss: 0.1348 | Val Accuracy: 96.79%
      ⭐ New Best! Saved.
   📅 Epoch 9 | Loss: 0.1366 | Val Accuracy: 96.72%
   📅 Epoch 10 | Loss: 0.1448 | Val Accuracy: 96.64%
   📅 Epoch 11 | Loss: 0.1266 | Val Accuracy: 96.87%
      ⭐ New Best! Saved.
   📅 Epoch 12 | Loss: 0.1355 | Val Accuracy: 96.72%
   📅 Epoch 13 | Loss: 0.1350 | Val Accuracy: 97.01%
      ⭐ New Best! Saved.
   📅 Epoch 14 | Loss: 0.1344 | Val Accuracy: 97.16%
      ⭐ New Best! Saved.
   📅 Epoch 15 | Loss: 0.1258 | Val Accuracy: 97.16%
   📅 Epoch 16 | Loss: 0.1258 | Val Accuracy: 97.24%
      ⭐ New Best! Saved.
   📅 Epoch 17 | Loss: 0.1310 | Val Accuracy: 97.24%
   📅 Epoch 18 | Loss: 0.1281 | Val Accuracy: 97.16%
   📅 Epoch 19 | Loss: 0.1233 | Val Accuracy: 97.31%
      ⭐ New Best! Saved.
   📅 Epoch 20 | Loss: 0.1197 | Val Accuracy: 97.24%
   📅 Epoch 21 | Loss: 0.1264 | Val Accuracy: 97.39%
      ⭐ New Best! Saved.
   📅 Epoch 22 | Loss: 0.1248 | Val Accuracy: 97.31%
   📅 Epoch 23 | Loss: 0.1212 | Val Accuracy: 97.31%
   📅 Epoch 24 | Loss: 0.1188 | Val Accuracy: 97.54%
      ⭐ New Best! Saved.
   📅 Epoch 25 | Loss: 0.1236 | Val Accuracy: 97.39%
   📅 Epoch 26 | Loss: 0.1228 | Val Accuracy: 97.24%
   📅 Epoch 27 | Loss: 0.1254 | Val Accuracy: 97.24%
   📅 Epoch 28 | Loss: 0.1223 | Val Accuracy: 97.31%
   📅 Epoch 29 | Loss: 0.1205 | Val Accuracy: 97.09%

   🛑 Early Stopping triggered after 5 epochs.

========================================
🏆 Best Val Accuracy: 97.54%
💾 Best Checkpoint: ./checkpoints/linear_mb-change_cls_hirise_dinov3_sat_lr0.001_concat_2.pth
========================================

