
============================================================
📄 Log File: ./logs/linear_records/mb-change_cls_hirise_dinov3_lvd_1cha_lr0.01_concat_2.log
⏰ Time: 2026-04-02 02:21:53
============================================================

🚀 Training dinov3_lvd_1cha on mb-change_cls_hirise | Mode: LINEAR | LR: 0.01
   📂 [TRAIN] Loading 1 shards...
   ✅ Loaded 6206 samples.
   📂 [TEST] Loading 1 shards...
   ✅ Loaded 1340 samples.
   ⚙️  Config: Workers=8, BS=256, SmallData=False

>>> Loading Model: dinov3_lvd_1cha (dinov3_hub)
   🔍 Auditing weights for [dinov3_lvd_1cha]...
   ✅ [PERFECT MATCH] 368/368 layers loaded (100.0%)

   🔍 [Structure Check] dinov3_lvd_1cha Output Analysis:
      Type: Tuple (len=2)
      Item 0: Shape (1, 1024)
      Item 1: Shape (1, 256, 1024)
      ✅ Identified: CLS=True, Patch=True
      👉 Final Strategy: concat_2 | Input Dim: 2048
   ❄️  Mode: Linear Probe (Backbone Frozen)
   🚀 Compiling model with torch.compile...
   ⚡ AMP Precision: torch.bfloat16
   🔄 Training Start... (Epochs: 40, Patience: 5)
   📅 Epoch 1 | Loss: 0.3555 | Val Accuracy: 95.97%
      ⭐ New Best! Saved.
   📅 Epoch 2 | Loss: 0.1930 | Val Accuracy: 95.90%
   📅 Epoch 3 | Loss: 0.1376 | Val Accuracy: 95.90%
   📅 Epoch 4 | Loss: 0.1294 | Val Accuracy: 96.04%
      ⭐ New Best! Saved.
   📅 Epoch 5 | Loss: 0.1358 | Val Accuracy: 96.42%
      ⭐ New Best! Saved.
   📅 Epoch 6 | Loss: 0.1329 | Val Accuracy: 96.42%
   📅 Epoch 7 | Loss: 0.1321 | Val Accuracy: 96.19%
   📅 Epoch 8 | Loss: 0.1316 | Val Accuracy: 96.57%
      ⭐ New Best! Saved.
   📅 Epoch 9 | Loss: 0.1315 | Val Accuracy: 97.01%
      ⭐ New Best! Saved.
   📅 Epoch 10 | Loss: 0.1177 | Val Accuracy: 96.94%
   📅 Epoch 11 | Loss: 0.1130 | Val Accuracy: 96.79%
   📅 Epoch 12 | Loss: 0.1194 | Val Accuracy: 96.64%
   📅 Epoch 13 | Loss: 0.1101 | Val Accuracy: 95.45%
   📅 Epoch 14 | Loss: 0.1192 | Val Accuracy: 96.57%

   🛑 Early Stopping triggered after 5 epochs.

========================================
🏆 Best Val Accuracy: 97.01%
💾 Best Checkpoint: ./checkpoints/linear_mb-change_cls_hirise_dinov3_lvd_1cha_lr0.01_concat_2.pth
========================================

