
============================================================
📄 Log File: ./logs/linear_records/mb-change_cls_hirise_dinov2_l14_lr0.0001_concat_3.log
⏰ Time: 2026-02-28 16:07:34
============================================================

🚀 Training dinov2_l14 on mb-change_cls_hirise | Mode: LINEAR | LR: 0.0001
   📂 [TRAIN] Loading 1 shards...
   ✅ Loaded 6206 samples.
   📂 [TEST] Loading 1 shards...
   ✅ Loaded 1340 samples.
   ⚙️  Config: Workers=8, BS=256, SmallData=False

>>> Loading Model: dinov2_l14 (dinov2_hub)
   🔍 Auditing weights for [dinov2_l14]...
   ✅ [PERFECT MATCH] 343/343 layers loaded (100.0%)

   🔍 [Structure Check] dinov2_l14 Output Analysis:
      Type: Tuple (len=2)
      Item 0: Shape (1, 1024)
      Item 1: Shape (1, 256, 1024)
      ✅ Identified: CLS=True, Patch=True
      👉 Final Strategy: concat_3 | Input Dim: 3072
   ❄️  Mode: Linear Probe (Backbone Frozen)
   🚀 Compiling model with torch.compile...
   ⚡ AMP Precision: torch.bfloat16
   🔄 Training Start... (Epochs: 40, Patience: 5)
   📅 Epoch 1 | Loss: 0.3500 | Val Accuracy: 91.94%
      ⭐ New Best! Saved.
   📅 Epoch 2 | Loss: 0.2163 | Val Accuracy: 92.39%
      ⭐ New Best! Saved.
   📅 Epoch 3 | Loss: 0.1801 | Val Accuracy: 95.07%
      ⭐ New Best! Saved.
   📅 Epoch 4 | Loss: 0.1623 | Val Accuracy: 96.19%
      ⭐ New Best! Saved.
   📅 Epoch 5 | Loss: 0.1518 | Val Accuracy: 95.82%
   📅 Epoch 6 | Loss: 0.1470 | Val Accuracy: 96.12%
   📅 Epoch 7 | Loss: 0.1420 | Val Accuracy: 96.42%
      ⭐ New Best! Saved.
   📅 Epoch 8 | Loss: 0.1376 | Val Accuracy: 96.49%
      ⭐ New Best! Saved.
   📅 Epoch 9 | Loss: 0.1390 | Val Accuracy: 96.34%
   📅 Epoch 10 | Loss: 0.1258 | Val Accuracy: 96.49%
   📅 Epoch 11 | Loss: 0.1298 | Val Accuracy: 96.49%
   📅 Epoch 12 | Loss: 0.1335 | Val Accuracy: 96.57%
      ⭐ New Best! Saved.
   📅 Epoch 13 | Loss: 0.1311 | Val Accuracy: 96.57%
   📅 Epoch 14 | Loss: 0.1242 | Val Accuracy: 96.42%
   📅 Epoch 15 | Loss: 0.1272 | Val Accuracy: 96.42%
   📅 Epoch 16 | Loss: 0.1287 | Val Accuracy: 96.57%
   📅 Epoch 17 | Loss: 0.1202 | Val Accuracy: 96.27%

   🛑 Early Stopping triggered after 5 epochs.

========================================
🏆 Best Val Accuracy: 96.57%
💾 Best Checkpoint: ./checkpoints/linear_mb-change_cls_hirise_dinov2_l14_lr0.0001_concat_3.pth
========================================

