
============================================================
📄 Log File: ./logs/linear_records/mb-change_cls_hirise_vit_l_lr0.001_concat_2.log
⏰ Time: 2026-02-28 19:54:46
============================================================

🚀 Training vit_l on mb-change_cls_hirise | Mode: LINEAR | LR: 0.001
   📂 [TRAIN] Loading 1 shards...
   ✅ Loaded 6206 samples.
   📂 [TEST] Loading 1 shards...
   ✅ Loaded 1340 samples.
   ⚙️  Config: Workers=8, BS=256, SmallData=False

>>> Loading Model: vit_l (torchvision_vit)
   🔍 Auditing weights for [vit_l]...
   ✅ [PERFECT MATCH] 296/296 layers loaded (100.0%)

   🔍 [Structure Check] vit_l Output Analysis:
      Type: Tuple (len=2)
      Item 0: Shape (1, 1024)
      Item 1: Shape (1, 196, 1024)
      ✅ Identified: CLS=True, Patch=True
      👉 Final Strategy: concat_2 | Input Dim: 2048
   ❄️  Mode: Linear Probe (Backbone Frozen)
   🚀 Compiling model with torch.compile...
   ⚡ AMP Precision: torch.bfloat16
   🔄 Training Start... (Epochs: 40, Patience: 5)
   📅 Epoch 1 | Loss: 0.2708 | Val Accuracy: 94.33%
      ⭐ New Best! Saved.
   📅 Epoch 2 | Loss: 0.1666 | Val Accuracy: 94.70%
      ⭐ New Best! Saved.
   📅 Epoch 3 | Loss: 0.1579 | Val Accuracy: 95.15%
      ⭐ New Best! Saved.
   📅 Epoch 4 | Loss: 0.1502 | Val Accuracy: 95.52%
      ⭐ New Best! Saved.
   📅 Epoch 5 | Loss: 0.1470 | Val Accuracy: 95.15%
   📅 Epoch 6 | Loss: 0.1494 | Val Accuracy: 95.75%
      ⭐ New Best! Saved.
   📅 Epoch 7 | Loss: 0.1405 | Val Accuracy: 95.75%
   📅 Epoch 8 | Loss: 0.1374 | Val Accuracy: 95.67%
   📅 Epoch 9 | Loss: 0.1405 | Val Accuracy: 95.30%
   📅 Epoch 10 | Loss: 0.1410 | Val Accuracy: 95.82%
      ⭐ New Best! Saved.
   📅 Epoch 11 | Loss: 0.1386 | Val Accuracy: 95.90%
      ⭐ New Best! Saved.
   📅 Epoch 12 | Loss: 0.1333 | Val Accuracy: 95.67%
   📅 Epoch 13 | Loss: 0.1344 | Val Accuracy: 95.60%
   📅 Epoch 14 | Loss: 0.1290 | Val Accuracy: 95.82%
   📅 Epoch 15 | Loss: 0.1339 | Val Accuracy: 95.97%
      ⭐ New Best! Saved.
   📅 Epoch 16 | Loss: 0.1348 | Val Accuracy: 96.04%
      ⭐ New Best! Saved.
   📅 Epoch 17 | Loss: 0.1353 | Val Accuracy: 95.97%
   📅 Epoch 18 | Loss: 0.1299 | Val Accuracy: 95.97%
   📅 Epoch 19 | Loss: 0.1303 | Val Accuracy: 95.37%
   📅 Epoch 20 | Loss: 0.1262 | Val Accuracy: 96.12%
      ⭐ New Best! Saved.
   📅 Epoch 21 | Loss: 0.1367 | Val Accuracy: 96.12%
   📅 Epoch 22 | Loss: 0.1351 | Val Accuracy: 96.04%
   📅 Epoch 23 | Loss: 0.1347 | Val Accuracy: 96.12%
   📅 Epoch 24 | Loss: 0.1292 | Val Accuracy: 96.12%
   📅 Epoch 25 | Loss: 0.1383 | Val Accuracy: 95.90%

   🛑 Early Stopping triggered after 5 epochs.

========================================
🏆 Best Val Accuracy: 96.12%
💾 Best Checkpoint: ./checkpoints/linear_mb-change_cls_hirise_vit_l_lr0.001_concat_2.pth
========================================

