
============================================================
📄 Log File: ./logs/linear_records/mb-change_cls_hirise_dinov3_lvd_lr0.0001_concat_2.log
⏰ Time: 2026-02-28 13:50:26
============================================================

🚀 Training dinov3_lvd on mb-change_cls_hirise | Mode: LINEAR | LR: 0.0001
   📂 [TRAIN] Loading 1 shards...
   ✅ Loaded 6206 samples.
   📂 [TEST] Loading 1 shards...
   ✅ Loaded 1340 samples.
   ⚙️  Config: Workers=8, BS=256, SmallData=False

>>> Loading Model: dinov3_lvd (dinov3_hub)
   🔍 Auditing weights for [dinov3_lvd]...
   ✅ [PERFECT MATCH] 368/368 layers loaded (100.0%)

   🔍 [Structure Check] dinov3_lvd Output Analysis:
      Type: Tuple (len=2)
      Item 0: Shape (1, 1024)
      Item 1: Shape (1, 256, 1024)
      ✅ Identified: CLS=True, Patch=True
      👉 Final Strategy: concat_2 | Input Dim: 2048
   ❄️  Mode: Linear Probe (Backbone Frozen)
   🚀 Compiling model with torch.compile...
   ⚡ AMP Precision: torch.bfloat16
   🔄 Training Start... (Epochs: 40, Patience: 5)
   📅 Epoch 1 | Loss: 0.5797 | Val Accuracy: 91.94%
      ⭐ New Best! Saved.
   📅 Epoch 2 | Loss: 0.2969 | Val Accuracy: 91.94%
   📅 Epoch 3 | Loss: 0.2463 | Val Accuracy: 91.94%
   📅 Epoch 4 | Loss: 0.2291 | Val Accuracy: 91.94%
   📅 Epoch 5 | Loss: 0.2129 | Val Accuracy: 91.94%
   📅 Epoch 6 | Loss: 0.2020 | Val Accuracy: 92.01%
      ⭐ New Best! Saved.
   📅 Epoch 7 | Loss: 0.1939 | Val Accuracy: 92.16%
      ⭐ New Best! Saved.
   📅 Epoch 8 | Loss: 0.1839 | Val Accuracy: 92.76%
      ⭐ New Best! Saved.
   📅 Epoch 9 | Loss: 0.1761 | Val Accuracy: 93.73%
      ⭐ New Best! Saved.
   📅 Epoch 10 | Loss: 0.1668 | Val Accuracy: 94.03%
      ⭐ New Best! Saved.
   📅 Epoch 11 | Loss: 0.1645 | Val Accuracy: 94.10%
      ⭐ New Best! Saved.
   📅 Epoch 12 | Loss: 0.1581 | Val Accuracy: 94.63%
      ⭐ New Best! Saved.
   📅 Epoch 13 | Loss: 0.1579 | Val Accuracy: 94.78%
      ⭐ New Best! Saved.
   📅 Epoch 14 | Loss: 0.1561 | Val Accuracy: 94.78%
   📅 Epoch 15 | Loss: 0.1519 | Val Accuracy: 95.15%
      ⭐ New Best! Saved.
   📅 Epoch 16 | Loss: 0.1463 | Val Accuracy: 95.22%
      ⭐ New Best! Saved.
   📅 Epoch 17 | Loss: 0.1440 | Val Accuracy: 95.30%
      ⭐ New Best! Saved.
   📅 Epoch 18 | Loss: 0.1509 | Val Accuracy: 95.52%
      ⭐ New Best! Saved.
   📅 Epoch 19 | Loss: 0.1457 | Val Accuracy: 95.67%
      ⭐ New Best! Saved.
   📅 Epoch 20 | Loss: 0.1419 | Val Accuracy: 95.60%
   📅 Epoch 21 | Loss: 0.1402 | Val Accuracy: 95.67%
   📅 Epoch 22 | Loss: 0.1401 | Val Accuracy: 95.60%
   📅 Epoch 23 | Loss: 0.1416 | Val Accuracy: 95.67%
   📅 Epoch 24 | Loss: 0.1347 | Val Accuracy: 95.60%

   🛑 Early Stopping triggered after 5 epochs.

========================================
🏆 Best Val Accuracy: 95.67%
💾 Best Checkpoint: ./checkpoints/linear_mb-change_cls_hirise_dinov3_lvd_lr0.0001_concat_2.pth
========================================

