
============================================================
📄 Log File: ./logs/linear_records/mb-change_cls_ctx_dinov2_l14_lr0.01_original.log
⏰ Time: 2026-02-28 12:58:04
============================================================

🚀 Training dinov2_l14 on mb-change_cls_ctx | Mode: LINEAR | LR: 0.01
   📂 [TRAIN] Loading 1 shards...
   ✅ Loaded 72 samples.
   📂 [TEST] Loading 1 shards...
   ✅ Loaded 20 samples.
   ⚙️  Config: Workers=0, BS=72, SmallData=True

>>> Loading Model: dinov2_l14 (dinov2_hub)
   🔍 Auditing weights for [dinov2_l14]...
   ✅ [PERFECT MATCH] 343/343 layers loaded (100.0%)

   🔍 [Structure Check] dinov2_l14 Output Analysis:
      Type: Tuple (len=2)
      Item 0: Shape (1, 1024)
      Item 1: Shape (1, 256, 1024)
      ✅ Identified: CLS=True, Patch=True
      👉 Final Strategy: CLS_only | Input Dim: 1024
   ❄️  Mode: Linear Probe (Backbone Frozen)
   ⚠️ Skipping torch.compile (Small dataset or Windows detected).
   ⚡ AMP Precision: torch.bfloat16
   🔄 Training Start... (Epochs: 40, Patience: 5)
   📅 Epoch 1 | Loss: 0.4441 | Val Accuracy: 80.00%
      ⭐ New Best! Saved.
   📅 Epoch 2 | Loss: 0.9231 | Val Accuracy: 65.00%
   📅 Epoch 3 | Loss: 0.8257 | Val Accuracy: 80.00%
   📅 Epoch 4 | Loss: 0.7165 | Val Accuracy: 80.00%
   📅 Epoch 5 | Loss: 0.4880 | Val Accuracy: 85.00%
      ⭐ New Best! Saved.
   📅 Epoch 6 | Loss: 0.4540 | Val Accuracy: 90.00%
      ⭐ New Best! Saved.
   📅 Epoch 7 | Loss: 0.2685 | Val Accuracy: 90.00%
   📅 Epoch 8 | Loss: 0.4576 | Val Accuracy: 90.00%
   📅 Epoch 9 | Loss: 0.5625 | Val Accuracy: 90.00%
   📅 Epoch 10 | Loss: 0.2370 | Val Accuracy: 90.00%
   📅 Epoch 11 | Loss: 0.1467 | Val Accuracy: 90.00%

   🛑 Early Stopping triggered after 5 epochs.

========================================
🏆 Best Val Accuracy: 90.00%
💾 Best Checkpoint: ./checkpoints/linear_mb-change_cls_ctx_dinov2_l14_lr0.01_original.pth
========================================

