
============================================================
📄 Log File: ./logs/linear_records/mb-change_cls_ctx_scale_mae_lr0.001_original.log
⏰ Time: 2026-02-28 13:11:21
============================================================

🚀 Training scale_mae on mb-change_cls_ctx | Mode: LINEAR | LR: 0.001
   📂 [TRAIN] Loading 1 shards...
   ✅ Loaded 72 samples.
   📂 [TEST] Loading 1 shards...
   ✅ Loaded 20 samples.
   ⚙️  Config: Workers=0, BS=72, SmallData=True

>>> Loading Model: scale_mae (scalemae)
   🔍 Auditing weights for [scale_mae]...
   ⚠️ [PARTIAL MATCH] 344/435 layers loaded (79.1%)

   🔍 [Structure Check] scale_mae Output Analysis:
      Type: Tuple (len=2)
      Item 0: Shape (1, 1024)
      Item 1: Shape (1, 196, 1024)
      ✅ Identified: CLS=True, Patch=True
      👉 Final Strategy: GAP_only | Input Dim: 1024
      📏 ScaleMAE GSD: 5.0 m/px
   ❄️  Mode: Linear Probe (Backbone Frozen)
   ⚠️ Skipping torch.compile (Small dataset or Windows detected).
   ⚡ AMP Precision: torch.bfloat16
   🔄 Training Start... (Epochs: 40, Patience: 5)
   📅 Epoch 1 | Loss: 0.4338 | Val Accuracy: 80.00%
      ⭐ New Best! Saved.
   📅 Epoch 2 | Loss: 0.3772 | Val Accuracy: 80.00%
   📅 Epoch 3 | Loss: 0.3503 | Val Accuracy: 80.00%
   📅 Epoch 4 | Loss: 0.3465 | Val Accuracy: 80.00%
   📅 Epoch 5 | Loss: 0.3486 | Val Accuracy: 80.00%
   📅 Epoch 6 | Loss: 0.3568 | Val Accuracy: 80.00%

   🛑 Early Stopping triggered after 5 epochs.

========================================
🏆 Best Val Accuracy: 80.00%
💾 Best Checkpoint: ./checkpoints/linear_mb-change_cls_ctx_scale_mae_lr0.001_original.pth
========================================

