
============================================================
📄 Log File: ./logs/linear_records/mb-change_cls_ctx_swin_v2_lr0.001_concat_3.log
⏰ Time: 2026-02-28 13:06:52
============================================================

🚀 Training swin_v2 on mb-change_cls_ctx | Mode: LINEAR | LR: 0.001
   📂 [TRAIN] Loading 1 shards...
   ✅ Loaded 72 samples.
   📂 [TEST] Loading 1 shards...
   ✅ Loaded 20 samples.
   ⚙️  Config: Workers=0, BS=72, SmallData=True

>>> Loading Model: swin_v2 (torchvision_swin)
   🔍 Auditing weights for [swin_v2]...
   ✅ [PERFECT MATCH] 449/449 layers loaded (100.0%)

   🔍 [Structure Check] swin_v2 Output Analysis:
      Type: Tuple (len=2)
      Item 0: Shape (1, 1024)
      Item 1: Shape (1, 64, 1024)
      ✅ Identified: CLS=True, Patch=True
      👉 Final Strategy: concat_3 | Input Dim: 3072
   ❄️  Mode: Linear Probe (Backbone Frozen)
   ⚠️ Skipping torch.compile (Small dataset or Windows detected).
   ⚡ AMP Precision: torch.bfloat16
   🔄 Training Start... (Epochs: 40, Patience: 5)
   📅 Epoch 1 | Loss: 0.6609 | Val Accuracy: 80.00%
      ⭐ New Best! Saved.
   📅 Epoch 2 | Loss: 0.4784 | Val Accuracy: 80.00%
   📅 Epoch 3 | Loss: 0.5655 | Val Accuracy: 80.00%
   📅 Epoch 4 | Loss: 0.6889 | Val Accuracy: 80.00%
   📅 Epoch 5 | Loss: 0.5714 | Val Accuracy: 80.00%
   📅 Epoch 6 | Loss: 0.5099 | Val Accuracy: 80.00%

   🛑 Early Stopping triggered after 5 epochs.

========================================
🏆 Best Val Accuracy: 80.00%
💾 Best Checkpoint: ./checkpoints/linear_mb-change_cls_ctx_swin_v2_lr0.001_concat_3.pth
========================================

