
============================================================
📄 Log File: ./logs/linear_records/mb-change_cls_ctx_dinov1_b8_lr0.001_concat_2.log
⏰ Time: 2026-02-28 13:00:38
============================================================

🚀 Training dinov1_b8 on mb-change_cls_ctx | Mode: LINEAR | LR: 0.001
   📂 [TRAIN] Loading 1 shards...
   ✅ Loaded 72 samples.
   📂 [TEST] Loading 1 shards...
   ✅ Loaded 20 samples.
   ⚙️  Config: Workers=0, BS=72, SmallData=True

>>> Loading Model: dinov1_b8 (dinov1)

   🔍 [Structure Check] dinov1_b8 Output Analysis:
      Type: Tuple (len=2)
      Item 0: Shape (1, 768)
      Item 1: Shape (1, 784, 768)
      ✅ Identified: CLS=True, Patch=True
      👉 Final Strategy: concat_2 | Input Dim: 1536
   ❄️  Mode: Linear Probe (Backbone Frozen)
   ⚠️ Skipping torch.compile (Small dataset or Windows detected).
   ⚡ AMP Precision: torch.bfloat16
   🔄 Training Start... (Epochs: 40, Patience: 5)
   📅 Epoch 1 | Loss: 1.3095 | Val Accuracy: 80.00%
      ⭐ New Best! Saved.
   📅 Epoch 2 | Loss: 0.4603 | Val Accuracy: 80.00%
   📅 Epoch 3 | Loss: 0.3578 | Val Accuracy: 80.00%
   📅 Epoch 4 | Loss: 0.4515 | Val Accuracy: 80.00%
   📅 Epoch 5 | Loss: 0.5172 | Val Accuracy: 80.00%
   📅 Epoch 6 | Loss: 0.5287 | Val Accuracy: 80.00%

   🛑 Early Stopping triggered after 5 epochs.

========================================
🏆 Best Val Accuracy: 80.00%
💾 Best Checkpoint: ./checkpoints/linear_mb-change_cls_ctx_dinov1_b8_lr0.001_concat_2.pth
========================================

