
============================================================
📄 Log File: ./logs/linear_records/mb-change_cls_ctx_dinov2_l14_lr0.01_concat_2.log
⏰ Time: 2026-02-28 12:57:35
============================================================

🚀 Training dinov2_l14 on mb-change_cls_ctx | Mode: LINEAR | LR: 0.01
   📂 [TRAIN] Loading 1 shards...
   ✅ Loaded 72 samples.
   📂 [TEST] Loading 1 shards...
   ✅ Loaded 20 samples.
   ⚙️  Config: Workers=0, BS=72, SmallData=True

>>> Loading Model: dinov2_l14 (dinov2_hub)
   🔍 Auditing weights for [dinov2_l14]...
   ✅ [PERFECT MATCH] 343/343 layers loaded (100.0%)

   🔍 [Structure Check] dinov2_l14 Output Analysis:
      Type: Tuple (len=2)
      Item 0: Shape (1, 1024)
      Item 1: Shape (1, 256, 1024)
      ✅ Identified: CLS=True, Patch=True
      👉 Final Strategy: concat_2 | Input Dim: 2048
   ❄️  Mode: Linear Probe (Backbone Frozen)
   ⚠️ Skipping torch.compile (Small dataset or Windows detected).
   ⚡ AMP Precision: torch.bfloat16
   🔄 Training Start... (Epochs: 40, Patience: 5)
   📅 Epoch 1 | Loss: 0.4699 | Val Accuracy: 80.00%
      ⭐ New Best! Saved.
   📅 Epoch 2 | Loss: 2.5451 | Val Accuracy: 80.00%
   📅 Epoch 3 | Loss: 2.5651 | Val Accuracy: 80.00%
   📅 Epoch 4 | Loss: 1.9111 | Val Accuracy: 75.00%
   📅 Epoch 5 | Loss: 1.1930 | Val Accuracy: 75.00%
   📅 Epoch 6 | Loss: 1.3177 | Val Accuracy: 80.00%

   🛑 Early Stopping triggered after 5 epochs.

========================================
🏆 Best Val Accuracy: 80.00%
💾 Best Checkpoint: ./checkpoints/linear_mb-change_cls_ctx_dinov2_l14_lr0.01_concat_2.pth
========================================

