
============================================================
📄 Log File: ./logs/linear_records/mb-change_cls_hirise_openclip_lr0.001_concat_2.log
⏰ Time: 2026-02-28 18:36:46
============================================================

🚀 Training openclip on mb-change_cls_hirise | Mode: LINEAR | LR: 0.001
   📂 [TRAIN] Loading 1 shards...
   ✅ Loaded 6206 samples.
   📂 [TEST] Loading 1 shards...
   ✅ Loaded 1340 samples.
   ⚙️  Config: Workers=8, BS=256, SmallData=False

>>> Loading Model: openclip (transformers_clip)

   🔍 [Structure Check] openclip Output Analysis:
      Type: Tuple (len=2)
      Item 0: Shape (1, 1024)
      Item 1: Shape (1, 256, 1024)
      ✅ Identified: CLS=True, Patch=True
      👉 Final Strategy: concat_2 | Input Dim: 2048
   ❄️  Mode: Linear Probe (Backbone Frozen)
   🚀 Compiling model with torch.compile...
   ⚡ AMP Precision: torch.bfloat16
   🔄 Training Start... (Epochs: 40, Patience: 5)
   📅 Epoch 1 | Loss: 0.3192 | Val Accuracy: 92.69%
      ⭐ New Best! Saved.
   📅 Epoch 2 | Loss: 0.1999 | Val Accuracy: 95.22%
      ⭐ New Best! Saved.
   📅 Epoch 3 | Loss: 0.1765 | Val Accuracy: 95.45%
      ⭐ New Best! Saved.
   📅 Epoch 4 | Loss: 0.1696 | Val Accuracy: 95.60%
      ⭐ New Best! Saved.
   📅 Epoch 5 | Loss: 0.1662 | Val Accuracy: 95.60%
   📅 Epoch 6 | Loss: 0.1583 | Val Accuracy: 95.82%
      ⭐ New Best! Saved.
   📅 Epoch 7 | Loss: 0.1640 | Val Accuracy: 95.60%
   📅 Epoch 8 | Loss: 0.1609 | Val Accuracy: 95.90%
      ⭐ New Best! Saved.
   📅 Epoch 9 | Loss: 0.1623 | Val Accuracy: 95.45%
   📅 Epoch 10 | Loss: 0.1559 | Val Accuracy: 95.60%
   📅 Epoch 11 | Loss: 0.1579 | Val Accuracy: 95.82%
   📅 Epoch 12 | Loss: 0.1535 | Val Accuracy: 96.12%
      ⭐ New Best! Saved.
   📅 Epoch 13 | Loss: 0.1523 | Val Accuracy: 95.60%
   📅 Epoch 14 | Loss: 0.1617 | Val Accuracy: 95.82%
   📅 Epoch 15 | Loss: 0.1565 | Val Accuracy: 95.75%
   📅 Epoch 16 | Loss: 0.1498 | Val Accuracy: 95.97%
   📅 Epoch 17 | Loss: 0.1484 | Val Accuracy: 95.97%

   🛑 Early Stopping triggered after 5 epochs.

========================================
🏆 Best Val Accuracy: 96.12%
💾 Best Checkpoint: ./checkpoints/linear_mb-change_cls_hirise_openclip_lr0.001_concat_2.pth
========================================

