
============================================================
📄 Log File: ./logs/linear_records/mb-change_cls_hirise_dinov3_sat_lr0.01_concat_2.log
⏰ Time: 2026-02-28 14:10:35
============================================================

🚀 Training dinov3_sat on mb-change_cls_hirise | Mode: LINEAR | LR: 0.01
   📂 [TRAIN] Loading 1 shards...
   ✅ Loaded 6206 samples.
   📂 [TEST] Loading 1 shards...
   ✅ Loaded 1340 samples.
   ⚙️  Config: Workers=8, BS=256, SmallData=False

>>> Loading Model: dinov3_sat (dinov3_hub)
   🔍 Auditing weights for [dinov3_sat]...
   ✅ [PERFECT MATCH] 368/368 layers loaded (100.0%)

   🔍 [Structure Check] dinov3_sat Output Analysis:
      Type: Tuple (len=2)
      Item 0: Shape (1, 1024)
      Item 1: Shape (1, 256, 1024)
      ✅ Identified: CLS=True, Patch=True
      👉 Final Strategy: concat_2 | Input Dim: 2048
   ❄️  Mode: Linear Probe (Backbone Frozen)
   🚀 Compiling model with torch.compile...
   ⚡ AMP Precision: torch.bfloat16
   🔄 Training Start... (Epochs: 40, Patience: 5)
   📅 Epoch 1 | Loss: 0.5196 | Val Accuracy: 94.78%
      ⭐ New Best! Saved.
   📅 Epoch 2 | Loss: 0.2034 | Val Accuracy: 96.57%
      ⭐ New Best! Saved.
   📅 Epoch 3 | Loss: 0.1586 | Val Accuracy: 96.72%
      ⭐ New Best! Saved.
   📅 Epoch 4 | Loss: 0.1621 | Val Accuracy: 96.64%
   📅 Epoch 5 | Loss: 0.1408 | Val Accuracy: 97.01%
      ⭐ New Best! Saved.
   📅 Epoch 6 | Loss: 0.1658 | Val Accuracy: 97.46%
      ⭐ New Best! Saved.
   📅 Epoch 7 | Loss: 0.1689 | Val Accuracy: 97.09%
   📅 Epoch 8 | Loss: 0.1495 | Val Accuracy: 96.79%
   📅 Epoch 9 | Loss: 0.1581 | Val Accuracy: 97.31%
   📅 Epoch 10 | Loss: 0.1376 | Val Accuracy: 97.16%
   📅 Epoch 11 | Loss: 0.1274 | Val Accuracy: 97.39%

   🛑 Early Stopping triggered after 5 epochs.

========================================
🏆 Best Val Accuracy: 97.46%
💾 Best Checkpoint: ./checkpoints/linear_mb-change_cls_hirise_dinov3_sat_lr0.01_concat_2.pth
========================================

