
============================================================
📄 Log File: ./logs/linear_records/mb-change_cls_hirise_dinov3_lvd_lr0.001_concat_3.log
⏰ Time: 2026-02-28 13:39:41
============================================================

🚀 Training dinov3_lvd on mb-change_cls_hirise | Mode: LINEAR | LR: 0.001
   📂 [TRAIN] Loading 1 shards...
   ✅ Loaded 6206 samples.
   📂 [TEST] Loading 1 shards...
   ✅ Loaded 1340 samples.
   ⚙️  Config: Workers=8, BS=256, SmallData=False

>>> Loading Model: dinov3_lvd (dinov3_hub)
   🔍 Auditing weights for [dinov3_lvd]...
   ✅ [PERFECT MATCH] 368/368 layers loaded (100.0%)

   🔍 [Structure Check] dinov3_lvd Output Analysis:
      Type: Tuple (len=2)
      Item 0: Shape (1, 1024)
      Item 1: Shape (1, 256, 1024)
      ✅ Identified: CLS=True, Patch=True
      👉 Final Strategy: concat_3 | Input Dim: 3072
   ❄️  Mode: Linear Probe (Backbone Frozen)
   🚀 Compiling model with torch.compile...
   ⚡ AMP Precision: torch.bfloat16
   🔄 Training Start... (Epochs: 40, Patience: 5)
   📅 Epoch 1 | Loss: 0.2941 | Val Accuracy: 94.18%
      ⭐ New Best! Saved.
   📅 Epoch 2 | Loss: 0.1512 | Val Accuracy: 95.82%
      ⭐ New Best! Saved.
   📅 Epoch 3 | Loss: 0.1388 | Val Accuracy: 96.04%
      ⭐ New Best! Saved.
   📅 Epoch 4 | Loss: 0.1334 | Val Accuracy: 96.34%
      ⭐ New Best! Saved.
   📅 Epoch 5 | Loss: 0.1379 | Val Accuracy: 96.42%
      ⭐ New Best! Saved.
   📅 Epoch 6 | Loss: 0.1362 | Val Accuracy: 96.34%
   📅 Epoch 7 | Loss: 0.1235 | Val Accuracy: 96.42%
   📅 Epoch 8 | Loss: 0.1253 | Val Accuracy: 96.42%
   📅 Epoch 9 | Loss: 0.1296 | Val Accuracy: 96.57%
      ⭐ New Best! Saved.
   📅 Epoch 10 | Loss: 0.1245 | Val Accuracy: 96.42%
   📅 Epoch 11 | Loss: 0.1188 | Val Accuracy: 96.27%
   📅 Epoch 12 | Loss: 0.1232 | Val Accuracy: 96.19%
   📅 Epoch 13 | Loss: 0.1252 | Val Accuracy: 96.19%
   📅 Epoch 14 | Loss: 0.1234 | Val Accuracy: 95.90%

   🛑 Early Stopping triggered after 5 epochs.

========================================
🏆 Best Val Accuracy: 96.57%
💾 Best Checkpoint: ./checkpoints/linear_mb-change_cls_hirise_dinov3_lvd_lr0.001_concat_3.pth
========================================

