
============================================================
📄 Log File: ./logs/linear_records/mb-change_cls_hirise_dinov3_lvd_lr0.01_original.log
⏰ Time: 2026-02-28 13:27:23
============================================================

🚀 Training dinov3_lvd on mb-change_cls_hirise | Mode: LINEAR | LR: 0.01
   📂 [TRAIN] Loading 1 shards...
   ✅ Loaded 6206 samples.
   📂 [TEST] Loading 1 shards...
   ✅ Loaded 1340 samples.
   ⚙️  Config: Workers=8, BS=256, SmallData=False

>>> Loading Model: dinov3_lvd (dinov3_hub)
   🔍 Auditing weights for [dinov3_lvd]...
   ✅ [PERFECT MATCH] 368/368 layers loaded (100.0%)

   🔍 [Structure Check] dinov3_lvd Output Analysis:
      Type: Tuple (len=2)
      Item 0: Shape (1, 1024)
      Item 1: Shape (1, 256, 1024)
      ✅ Identified: CLS=True, Patch=True
      👉 Final Strategy: CLS_only | Input Dim: 1024
   ❄️  Mode: Linear Probe (Backbone Frozen)
   🚀 Compiling model with torch.compile...
   ⚡ AMP Precision: torch.bfloat16
   🔄 Training Start... (Epochs: 40, Patience: 5)
   📅 Epoch 1 | Loss: 0.2477 | Val Accuracy: 95.07%
      ⭐ New Best! Saved.
   📅 Epoch 2 | Loss: 0.1470 | Val Accuracy: 95.75%
      ⭐ New Best! Saved.
   📅 Epoch 3 | Loss: 0.1323 | Val Accuracy: 96.27%
      ⭐ New Best! Saved.
   📅 Epoch 4 | Loss: 0.1269 | Val Accuracy: 96.04%
   📅 Epoch 5 | Loss: 0.1239 | Val Accuracy: 96.19%
   📅 Epoch 6 | Loss: 0.1189 | Val Accuracy: 96.42%
      ⭐ New Best! Saved.
   📅 Epoch 7 | Loss: 0.1208 | Val Accuracy: 96.57%
      ⭐ New Best! Saved.
   📅 Epoch 8 | Loss: 0.1189 | Val Accuracy: 96.72%
      ⭐ New Best! Saved.
   📅 Epoch 9 | Loss: 0.1169 | Val Accuracy: 96.87%
      ⭐ New Best! Saved.
   📅 Epoch 10 | Loss: 0.1076 | Val Accuracy: 97.09%
      ⭐ New Best! Saved.
   📅 Epoch 11 | Loss: 0.1291 | Val Accuracy: 96.64%
   📅 Epoch 12 | Loss: 0.1229 | Val Accuracy: 97.16%
      ⭐ New Best! Saved.
   📅 Epoch 13 | Loss: 0.1244 | Val Accuracy: 96.57%
   📅 Epoch 14 | Loss: 0.1166 | Val Accuracy: 96.49%
   📅 Epoch 15 | Loss: 0.1229 | Val Accuracy: 96.42%
   📅 Epoch 16 | Loss: 0.1223 | Val Accuracy: 96.87%
   📅 Epoch 17 | Loss: 0.1180 | Val Accuracy: 97.16%

   🛑 Early Stopping triggered after 5 epochs.

========================================
🏆 Best Val Accuracy: 97.16%
💾 Best Checkpoint: ./checkpoints/linear_mb-change_cls_hirise_dinov3_lvd_lr0.01_original.pth
========================================

