
============================================================
📄 Log File: ./logs/linear_records/mb-change_cls_hirise_swin_v2_lr0.001_original.log
⏰ Time: 2026-02-28 19:27:57
============================================================

🚀 Training swin_v2 on mb-change_cls_hirise | Mode: LINEAR | LR: 0.001
   📂 [TRAIN] Loading 1 shards...
   ✅ Loaded 6206 samples.
   📂 [TEST] Loading 1 shards...
   ✅ Loaded 1340 samples.
   ⚙️  Config: Workers=8, BS=256, SmallData=False

>>> Loading Model: swin_v2 (torchvision_swin)
   🔍 Auditing weights for [swin_v2]...
   ✅ [PERFECT MATCH] 449/449 layers loaded (100.0%)

   🔍 [Structure Check] swin_v2 Output Analysis:
      Type: Tuple (len=2)
      Item 0: Shape (1, 1024)
      Item 1: Shape (1, 64, 1024)
      ✅ Identified: CLS=True, Patch=True
      👉 Final Strategy: GAP_only | Input Dim: 1024
   ❄️  Mode: Linear Probe (Backbone Frozen)
   🚀 Compiling model with torch.compile...
   ⚡ AMP Precision: torch.bfloat16
   🔄 Training Start... (Epochs: 40, Patience: 5)
   📅 Epoch 1 | Loss: 0.2803 | Val Accuracy: 92.24%
      ⭐ New Best! Saved.
   📅 Epoch 2 | Loss: 0.1931 | Val Accuracy: 94.85%
      ⭐ New Best! Saved.
   📅 Epoch 3 | Loss: 0.1781 | Val Accuracy: 94.85%
   📅 Epoch 4 | Loss: 0.1723 | Val Accuracy: 95.07%
      ⭐ New Best! Saved.
   📅 Epoch 5 | Loss: 0.1712 | Val Accuracy: 95.07%
   📅 Epoch 6 | Loss: 0.1635 | Val Accuracy: 95.07%
   📅 Epoch 7 | Loss: 0.1591 | Val Accuracy: 94.48%
   📅 Epoch 8 | Loss: 0.1636 | Val Accuracy: 95.07%
   📅 Epoch 9 | Loss: 0.1548 | Val Accuracy: 94.93%

   🛑 Early Stopping triggered after 5 epochs.

========================================
🏆 Best Val Accuracy: 95.07%
💾 Best Checkpoint: ./checkpoints/linear_mb-change_cls_hirise_swin_v2_lr0.001_original.pth
========================================

