
============================================================
📄 Log File: ./logs/linear_records/mb-change_cls_hirise_dinov3_sat_1cha_lr0.001_original.log
⏰ Time: 2026-04-02 02:04:48
============================================================

🚀 Training dinov3_sat_1cha on mb-change_cls_hirise | Mode: LINEAR | LR: 0.001
   📂 [TRAIN] Loading 1 shards...
   ✅ Loaded 6206 samples.
   📂 [TEST] Loading 1 shards...
   ✅ Loaded 1340 samples.
   ⚙️  Config: Workers=8, BS=256, SmallData=False

>>> Loading Model: dinov3_sat_1cha (dinov3_hub)
   🔍 Auditing weights for [dinov3_sat_1cha]...
   ✅ [PERFECT MATCH] 368/368 layers loaded (100.0%)

   🔍 [Structure Check] dinov3_sat_1cha Output Analysis:
      Type: Tuple (len=2)
      Item 0: Shape (1, 1024)
      Item 1: Shape (1, 256, 1024)
      ✅ Identified: CLS=True, Patch=True
      👉 Final Strategy: GAP_only | Input Dim: 1024
   ❄️  Mode: Linear Probe (Backbone Frozen)
   🚀 Compiling model with torch.compile...
   ⚡ AMP Precision: torch.bfloat16
   🔄 Training Start... (Epochs: 40, Patience: 5)
   📅 Epoch 1 | Loss: 0.3347 | Val Accuracy: 91.94%
      ⭐ New Best! Saved.
   📅 Epoch 2 | Loss: 0.2541 | Val Accuracy: 91.94%
   📅 Epoch 3 | Loss: 0.2358 | Val Accuracy: 92.01%
      ⭐ New Best! Saved.
   📅 Epoch 4 | Loss: 0.2214 | Val Accuracy: 92.84%
      ⭐ New Best! Saved.
   📅 Epoch 5 | Loss: 0.2100 | Val Accuracy: 93.58%
      ⭐ New Best! Saved.
   📅 Epoch 6 | Loss: 0.2000 | Val Accuracy: 94.18%
      ⭐ New Best! Saved.
   📅 Epoch 7 | Loss: 0.1875 | Val Accuracy: 94.33%
      ⭐ New Best! Saved.
   📅 Epoch 8 | Loss: 0.1796 | Val Accuracy: 94.10%
   📅 Epoch 9 | Loss: 0.1757 | Val Accuracy: 93.96%
   📅 Epoch 10 | Loss: 0.1767 | Val Accuracy: 94.18%
   📅 Epoch 11 | Loss: 0.1683 | Val Accuracy: 94.10%
   📅 Epoch 12 | Loss: 0.1718 | Val Accuracy: 94.10%

   🛑 Early Stopping triggered after 5 epochs.

========================================
🏆 Best Val Accuracy: 94.33%
💾 Best Checkpoint: ./checkpoints/linear_mb-change_cls_hirise_dinov3_sat_1cha_lr0.001_original.pth
========================================

