
============================================================
📄 Log File: ./logs/linear_records/mb-change_cls_hirise_dinov2_l14_lr0.001_concat_2.log
⏰ Time: 2026-02-28 15:36:20
============================================================

🚀 Training dinov2_l14 on mb-change_cls_hirise | Mode: LINEAR | LR: 0.001
   📂 [TRAIN] Loading 1 shards...
   ✅ Loaded 6206 samples.
   📂 [TEST] Loading 1 shards...
   ✅ Loaded 1340 samples.
   ⚙️  Config: Workers=8, BS=256, SmallData=False

>>> Loading Model: dinov2_l14 (dinov2_hub)
   🔍 Auditing weights for [dinov2_l14]...
   ✅ [PERFECT MATCH] 343/343 layers loaded (100.0%)

   🔍 [Structure Check] dinov2_l14 Output Analysis:
      Type: Tuple (len=2)
      Item 0: Shape (1, 1024)
      Item 1: Shape (1, 256, 1024)
      ✅ Identified: CLS=True, Patch=True
      👉 Final Strategy: concat_2 | Input Dim: 2048
   ❄️  Mode: Linear Probe (Backbone Frozen)
   🚀 Compiling model with torch.compile...
   ⚡ AMP Precision: torch.bfloat16
   🔄 Training Start... (Epochs: 40, Patience: 5)
   📅 Epoch 1 | Loss: 0.2980 | Val Accuracy: 93.58%
      ⭐ New Best! Saved.
   📅 Epoch 2 | Loss: 0.1387 | Val Accuracy: 95.60%
      ⭐ New Best! Saved.
   📅 Epoch 3 | Loss: 0.1388 | Val Accuracy: 96.12%
      ⭐ New Best! Saved.
   📅 Epoch 4 | Loss: 0.1250 | Val Accuracy: 96.64%
      ⭐ New Best! Saved.
   📅 Epoch 5 | Loss: 0.1193 | Val Accuracy: 96.94%
      ⭐ New Best! Saved.
   📅 Epoch 6 | Loss: 0.1188 | Val Accuracy: 96.87%
   📅 Epoch 7 | Loss: 0.1180 | Val Accuracy: 96.79%
   📅 Epoch 8 | Loss: 0.1185 | Val Accuracy: 96.87%
   📅 Epoch 9 | Loss: 0.1157 | Val Accuracy: 96.64%
   📅 Epoch 10 | Loss: 0.1037 | Val Accuracy: 96.72%

   🛑 Early Stopping triggered after 5 epochs.

========================================
🏆 Best Val Accuracy: 96.94%
💾 Best Checkpoint: ./checkpoints/linear_mb-change_cls_hirise_dinov2_l14_lr0.001_concat_2.pth
========================================

