
============================================================
📄 Log File: ./logs/linear_records/mb-change_cls_hirise_swin_v2_lr0.01_concat_2.log
⏰ Time: 2026-02-28 19:11:57
============================================================

🚀 Training swin_v2 on mb-change_cls_hirise | Mode: LINEAR | LR: 0.01
   📂 [TRAIN] Loading 1 shards...
   ✅ Loaded 6206 samples.
   📂 [TEST] Loading 1 shards...
   ✅ Loaded 1340 samples.
   ⚙️  Config: Workers=8, BS=256, SmallData=False

>>> Loading Model: swin_v2 (torchvision_swin)
   🔍 Auditing weights for [swin_v2]...
   ✅ [PERFECT MATCH] 449/449 layers loaded (100.0%)

   🔍 [Structure Check] swin_v2 Output Analysis:
      Type: Tuple (len=2)
      Item 0: Shape (1, 1024)
      Item 1: Shape (1, 64, 1024)
      ✅ Identified: CLS=True, Patch=True
      👉 Final Strategy: concat_2 | Input Dim: 2048
   ❄️  Mode: Linear Probe (Backbone Frozen)
   🚀 Compiling model with torch.compile...
   ⚡ AMP Precision: torch.bfloat16
   🔄 Training Start... (Epochs: 40, Patience: 5)
   📅 Epoch 1 | Loss: 0.5426 | Val Accuracy: 90.82%
      ⭐ New Best! Saved.
   📅 Epoch 2 | Loss: 0.2519 | Val Accuracy: 94.63%
      ⭐ New Best! Saved.
   📅 Epoch 3 | Loss: 0.1960 | Val Accuracy: 94.78%
      ⭐ New Best! Saved.
   📅 Epoch 4 | Loss: 0.1711 | Val Accuracy: 94.40%
   📅 Epoch 5 | Loss: 0.1638 | Val Accuracy: 95.22%
      ⭐ New Best! Saved.
   📅 Epoch 6 | Loss: 0.1574 | Val Accuracy: 95.22%
   📅 Epoch 7 | Loss: 0.1606 | Val Accuracy: 94.55%
   📅 Epoch 8 | Loss: 0.1710 | Val Accuracy: 95.30%
      ⭐ New Best! Saved.
   📅 Epoch 9 | Loss: 0.1623 | Val Accuracy: 95.22%
   📅 Epoch 10 | Loss: 0.1969 | Val Accuracy: 92.09%
   📅 Epoch 11 | Loss: 0.1784 | Val Accuracy: 95.67%
      ⭐ New Best! Saved.
   📅 Epoch 12 | Loss: 0.1672 | Val Accuracy: 94.40%
   📅 Epoch 13 | Loss: 0.1886 | Val Accuracy: 95.67%
   📅 Epoch 14 | Loss: 0.1619 | Val Accuracy: 95.90%
      ⭐ New Best! Saved.
   📅 Epoch 15 | Loss: 0.1692 | Val Accuracy: 94.48%
   📅 Epoch 16 | Loss: 0.1770 | Val Accuracy: 95.22%
   📅 Epoch 17 | Loss: 0.1653 | Val Accuracy: 95.60%
   📅 Epoch 18 | Loss: 0.1864 | Val Accuracy: 96.34%
      ⭐ New Best! Saved.
   📅 Epoch 19 | Loss: 0.1670 | Val Accuracy: 95.00%
   📅 Epoch 20 | Loss: 0.1522 | Val Accuracy: 94.78%
   📅 Epoch 21 | Loss: 0.1668 | Val Accuracy: 95.90%
   📅 Epoch 22 | Loss: 0.1630 | Val Accuracy: 94.10%
   📅 Epoch 23 | Loss: 0.1727 | Val Accuracy: 94.93%

   🛑 Early Stopping triggered after 5 epochs.

========================================
🏆 Best Val Accuracy: 96.34%
💾 Best Checkpoint: ./checkpoints/linear_mb-change_cls_hirise_swin_v2_lr0.01_concat_2.pth
========================================

