
============================================================
📄 Log File: ./logs/linear_records/mb-change_cls_ctx_vit_l_lr0.01_concat_2.log
⏰ Time: 2026-02-28 13:08:04
============================================================

🚀 Training vit_l on mb-change_cls_ctx | Mode: LINEAR | LR: 0.01
   📂 [TRAIN] Loading 1 shards...
   ✅ Loaded 72 samples.
   📂 [TEST] Loading 1 shards...
   ✅ Loaded 20 samples.
   ⚙️  Config: Workers=0, BS=72, SmallData=True

>>> Loading Model: vit_l (torchvision_vit)
   🔍 Auditing weights for [vit_l]...
   ✅ [PERFECT MATCH] 296/296 layers loaded (100.0%)

   🔍 [Structure Check] vit_l Output Analysis:
      Type: Tuple (len=2)
      Item 0: Shape (1, 1024)
      Item 1: Shape (1, 196, 1024)
      ✅ Identified: CLS=True, Patch=True
      👉 Final Strategy: concat_2 | Input Dim: 2048
   ❄️  Mode: Linear Probe (Backbone Frozen)
   ⚠️ Skipping torch.compile (Small dataset or Windows detected).
   ⚡ AMP Precision: torch.bfloat16
   🔄 Training Start... (Epochs: 40, Patience: 5)
   📅 Epoch 1 | Loss: 0.8602 | Val Accuracy: 80.00%
      ⭐ New Best! Saved.
   📅 Epoch 2 | Loss: 1.0050 | Val Accuracy: 80.00%
   📅 Epoch 3 | Loss: 1.5174 | Val Accuracy: 80.00%
   📅 Epoch 4 | Loss: 1.7257 | Val Accuracy: 80.00%
   📅 Epoch 5 | Loss: 1.6172 | Val Accuracy: 80.00%
   📅 Epoch 6 | Loss: 1.5417 | Val Accuracy: 80.00%

   🛑 Early Stopping triggered after 5 epochs.

========================================
🏆 Best Val Accuracy: 80.00%
💾 Best Checkpoint: ./checkpoints/linear_mb-change_cls_ctx_vit_l_lr0.01_concat_2.pth
========================================

