
============================================================
📄 Log File: ./logs/linear_records/mb-domars16k_satmae_lr0.01_original.log
⏰ Time: 2026-03-01 09:27:51
============================================================

🚀 Training satmae on mb-domars16k | Mode: LINEAR | LR: 0.01
   📂 [TRAIN] Loading 1 shards...
   ✅ Loaded 11305 samples.
   📂 [TEST] Loading 1 shards...
   ✅ Loaded 1614 samples.
   ⚙️  Config: Workers=8, BS=256, SmallData=False

>>> Loading Model: satmae (timm_mae)
   ℹ️  Config: in_chans=3
   🔍 Auditing weights for [satmae]...
   ✅ [PERFECT MATCH] 294/294 layers loaded (100.0%)

   🔍 [Structure Check] satmae Output Analysis:
      Type: Tuple (len=2)
      Item 0: Shape (1, 1024)
      Item 1: Shape (1, 196, 1024)
      ✅ Identified: CLS=True, Patch=True
      👉 Final Strategy: GAP_only | Input Dim: 1024
   ❄️  Mode: Linear Probe (Backbone Frozen)
   🚀 Compiling model with torch.compile...
   ⚡ AMP Precision: torch.bfloat16
   🔄 Training Start... (Epochs: 40, Patience: 5)
   📅 Epoch 1 | Loss: 1.4131 | Val Accuracy: 73.36%
      ⭐ New Best! Saved.
   📅 Epoch 2 | Loss: 0.9032 | Val Accuracy: 75.96%
      ⭐ New Best! Saved.
   📅 Epoch 3 | Loss: 0.8294 | Val Accuracy: 74.97%
   📅 Epoch 4 | Loss: 0.7795 | Val Accuracy: 79.37%
      ⭐ New Best! Saved.
   📅 Epoch 5 | Loss: 0.7554 | Val Accuracy: 81.16%
      ⭐ New Best! Saved.
   📅 Epoch 6 | Loss: 0.7490 | Val Accuracy: 78.93%
   📅 Epoch 7 | Loss: 0.7259 | Val Accuracy: 80.42%
   📅 Epoch 8 | Loss: 0.7036 | Val Accuracy: 80.73%
   📅 Epoch 9 | Loss: 0.6704 | Val Accuracy: 81.54%
      ⭐ New Best! Saved.
   📅 Epoch 10 | Loss: 0.6744 | Val Accuracy: 80.55%
   📅 Epoch 11 | Loss: 0.6789 | Val Accuracy: 81.16%
   📅 Epoch 12 | Loss: 0.6514 | Val Accuracy: 81.54%
   📅 Epoch 13 | Loss: 0.6320 | Val Accuracy: 80.17%
   📅 Epoch 14 | Loss: 0.6439 | Val Accuracy: 83.40%
      ⭐ New Best! Saved.
   📅 Epoch 15 | Loss: 0.6267 | Val Accuracy: 83.27%
   📅 Epoch 16 | Loss: 0.6253 | Val Accuracy: 81.04%
   📅 Epoch 17 | Loss: 0.6358 | Val Accuracy: 82.96%
   📅 Epoch 18 | Loss: 0.6189 | Val Accuracy: 82.96%
   📅 Epoch 19 | Loss: 0.6123 | Val Accuracy: 83.89%
      ⭐ New Best! Saved.
   📅 Epoch 20 | Loss: 0.6119 | Val Accuracy: 83.71%
   📅 Epoch 21 | Loss: 0.6168 | Val Accuracy: 83.21%
   📅 Epoch 22 | Loss: 0.6031 | Val Accuracy: 83.40%
   📅 Epoch 23 | Loss: 0.6205 | Val Accuracy: 83.40%
   📅 Epoch 24 | Loss: 0.5921 | Val Accuracy: 81.47%

   🛑 Early Stopping triggered after 5 epochs.

========================================
🏆 Best Val Accuracy: 83.89%
💾 Best Checkpoint: ./checkpoints/linear_mb-domars16k_satmae_lr0.01_original.pth
========================================

