
============================================================
📄 Log File: ./logs/linear_records/mb-domars16k_scale_mae_lr0.0001_original.log
⏰ Time: 2026-03-01 18:21:15
============================================================

🚀 Training scale_mae on mb-domars16k | Mode: LINEAR | LR: 0.0001
   📂 [TRAIN] Loading 1 shards...
   ✅ Loaded 11305 samples.
   📂 [TEST] Loading 1 shards...
   ✅ Loaded 1614 samples.
   ⚙️  Config: Workers=8, BS=256, SmallData=False

>>> Loading Model: scale_mae (scalemae)
   🔍 Auditing weights for [scale_mae]...
   ⚠️ [PARTIAL MATCH] 344/435 layers loaded (79.1%)

   🔍 [Structure Check] scale_mae Output Analysis:
      Type: Tuple (len=2)
      Item 0: Shape (1, 1024)
      Item 1: Shape (1, 196, 1024)
      ✅ Identified: CLS=True, Patch=True
      👉 Final Strategy: GAP_only | Input Dim: 1024
      📏 ScaleMAE GSD: 5.0 m/px
   ❄️  Mode: Linear Probe (Backbone Frozen)
   🚀 Compiling model with torch.compile...
   ⚡ AMP Precision: torch.bfloat16
   🔄 Training Start... (Epochs: 40, Patience: 5)
   📅 Epoch 1 | Loss: 2.6867 | Val Accuracy: 14.99%
      ⭐ New Best! Saved.
   📅 Epoch 2 | Loss: 2.5993 | Val Accuracy: 19.89%
      ⭐ New Best! Saved.
   📅 Epoch 3 | Loss: 2.5351 | Val Accuracy: 28.19%
      ⭐ New Best! Saved.
   📅 Epoch 4 | Loss: 2.4761 | Val Accuracy: 30.05%
      ⭐ New Best! Saved.
   📅 Epoch 5 | Loss: 2.4236 | Val Accuracy: 34.82%
      ⭐ New Best! Saved.
   📅 Epoch 6 | Loss: 2.3786 | Val Accuracy: 35.13%
      ⭐ New Best! Saved.
   📅 Epoch 7 | Loss: 2.3344 | Val Accuracy: 37.42%
      ⭐ New Best! Saved.
   📅 Epoch 8 | Loss: 2.2929 | Val Accuracy: 38.79%
      ⭐ New Best! Saved.
   📅 Epoch 9 | Loss: 2.2565 | Val Accuracy: 40.02%
      ⭐ New Best! Saved.
   📅 Epoch 10 | Loss: 2.2251 | Val Accuracy: 39.59%
   📅 Epoch 11 | Loss: 2.1987 | Val Accuracy: 42.44%
      ⭐ New Best! Saved.
   📅 Epoch 12 | Loss: 2.1687 | Val Accuracy: 42.38%
   📅 Epoch 13 | Loss: 2.1479 | Val Accuracy: 43.25%
      ⭐ New Best! Saved.
   📅 Epoch 14 | Loss: 2.1159 | Val Accuracy: 43.99%
      ⭐ New Best! Saved.
   📅 Epoch 15 | Loss: 2.0923 | Val Accuracy: 44.55%
      ⭐ New Best! Saved.
   📅 Epoch 16 | Loss: 2.0727 | Val Accuracy: 44.18%
   📅 Epoch 17 | Loss: 2.0496 | Val Accuracy: 44.98%
      ⭐ New Best! Saved.
   📅 Epoch 18 | Loss: 2.0300 | Val Accuracy: 45.79%
      ⭐ New Best! Saved.
   📅 Epoch 19 | Loss: 2.0107 | Val Accuracy: 45.29%
   📅 Epoch 20 | Loss: 1.9933 | Val Accuracy: 45.29%
   📅 Epoch 21 | Loss: 1.9781 | Val Accuracy: 46.47%
      ⭐ New Best! Saved.
   📅 Epoch 22 | Loss: 1.9650 | Val Accuracy: 46.03%
   📅 Epoch 23 | Loss: 1.9519 | Val Accuracy: 47.27%
      ⭐ New Best! Saved.
   📅 Epoch 24 | Loss: 1.9361 | Val Accuracy: 47.71%
      ⭐ New Best! Saved.
   📅 Epoch 25 | Loss: 1.9228 | Val Accuracy: 48.51%
      ⭐ New Best! Saved.
   📅 Epoch 26 | Loss: 1.9005 | Val Accuracy: 47.46%
   📅 Epoch 27 | Loss: 1.8970 | Val Accuracy: 48.45%
   📅 Epoch 28 | Loss: 1.8835 | Val Accuracy: 49.01%
      ⭐ New Best! Saved.
   📅 Epoch 29 | Loss: 1.8644 | Val Accuracy: 48.70%
   📅 Epoch 30 | Loss: 1.8555 | Val Accuracy: 48.51%
   📅 Epoch 31 | Loss: 1.8456 | Val Accuracy: 49.19%
      ⭐ New Best! Saved.
   📅 Epoch 32 | Loss: 1.8406 | Val Accuracy: 48.88%
   📅 Epoch 33 | Loss: 1.8291 | Val Accuracy: 48.82%
   📅 Epoch 34 | Loss: 1.8158 | Val Accuracy: 49.94%
      ⭐ New Best! Saved.
   📅 Epoch 35 | Loss: 1.8050 | Val Accuracy: 50.06%
      ⭐ New Best! Saved.
   📅 Epoch 36 | Loss: 1.8045 | Val Accuracy: 49.75%
   📅 Epoch 37 | Loss: 1.7948 | Val Accuracy: 50.12%
      ⭐ New Best! Saved.
   📅 Epoch 38 | Loss: 1.7793 | Val Accuracy: 50.56%
      ⭐ New Best! Saved.
   📅 Epoch 39 | Loss: 1.7741 | Val Accuracy: 50.74%
      ⭐ New Best! Saved.
   📅 Epoch 40 | Loss: 1.7684 | Val Accuracy: 51.05%
      ⭐ New Best! Saved.

========================================
🏆 Best Val Accuracy: 51.05%
💾 Best Checkpoint: ./checkpoints/linear_mb-domars16k_scale_mae_lr0.0001_original.pth
========================================

