
============================================================
📄 Log File: ./logs/linear_records/mb-domars16k_vit_l_lr0.01_concat_3.log
⏰ Time: 2026-03-01 14:38:25
============================================================

🚀 Training vit_l on mb-domars16k | Mode: LINEAR | LR: 0.01
   📂 [TRAIN] Loading 1 shards...
   ✅ Loaded 11305 samples.
   📂 [TEST] Loading 1 shards...
   ✅ Loaded 1614 samples.
   ⚙️  Config: Workers=8, BS=256, SmallData=False

>>> Loading Model: vit_l (torchvision_vit)
   🔍 Auditing weights for [vit_l]...
   ✅ [PERFECT MATCH] 296/296 layers loaded (100.0%)

   🔍 [Structure Check] vit_l Output Analysis:
      Type: Tuple (len=2)
      Item 0: Shape (1, 1024)
      Item 1: Shape (1, 196, 1024)
      ✅ Identified: CLS=True, Patch=True
      👉 Final Strategy: concat_3 | Input Dim: 3072
   ❄️  Mode: Linear Probe (Backbone Frozen)
   🚀 Compiling model with torch.compile...
   ⚡ AMP Precision: torch.bfloat16
   🔄 Training Start... (Epochs: 40, Patience: 5)
   📅 Epoch 1 | Loss: 9.0240 | Val Accuracy: 73.61%
      ⭐ New Best! Saved.
   📅 Epoch 2 | Loss: 1.2471 | Val Accuracy: 83.33%
      ⭐ New Best! Saved.
   📅 Epoch 3 | Loss: 0.7794 | Val Accuracy: 84.32%
      ⭐ New Best! Saved.
   📅 Epoch 4 | Loss: 0.6574 | Val Accuracy: 83.58%
   📅 Epoch 5 | Loss: 0.6198 | Val Accuracy: 85.69%
      ⭐ New Best! Saved.
   📅 Epoch 6 | Loss: 0.5527 | Val Accuracy: 85.19%
   📅 Epoch 7 | Loss: 0.5893 | Val Accuracy: 85.38%
   📅 Epoch 8 | Loss: 0.4970 | Val Accuracy: 87.36%
      ⭐ New Best! Saved.
   📅 Epoch 9 | Loss: 0.5056 | Val Accuracy: 80.17%
   📅 Epoch 10 | Loss: 0.5182 | Val Accuracy: 86.37%
   📅 Epoch 11 | Loss: 0.5172 | Val Accuracy: 84.32%
   📅 Epoch 12 | Loss: 0.5199 | Val Accuracy: 80.98%
   📅 Epoch 13 | Loss: 0.6015 | Val Accuracy: 85.56%

   🛑 Early Stopping triggered after 5 epochs.

========================================
🏆 Best Val Accuracy: 87.36%
💾 Best Checkpoint: ./checkpoints/linear_mb-domars16k_vit_l_lr0.01_concat_3.pth
========================================

