
============================================================
📄 Log File: ./logs/linear_records/mb-domars16k_vit_l_lr0.0001_concat_2.log
⏰ Time: 2026-03-01 15:29:55
============================================================

🚀 Training vit_l on mb-domars16k | Mode: LINEAR | LR: 0.0001
   📂 [TRAIN] Loading 1 shards...
   ✅ Loaded 11305 samples.
   📂 [TEST] Loading 1 shards...
   ✅ Loaded 1614 samples.
   ⚙️  Config: Workers=8, BS=256, SmallData=False

>>> Loading Model: vit_l (torchvision_vit)
   🔍 Auditing weights for [vit_l]...
   ✅ [PERFECT MATCH] 296/296 layers loaded (100.0%)

   🔍 [Structure Check] vit_l Output Analysis:
      Type: Tuple (len=2)
      Item 0: Shape (1, 1024)
      Item 1: Shape (1, 196, 1024)
      ✅ Identified: CLS=True, Patch=True
      👉 Final Strategy: concat_2 | Input Dim: 2048
   ❄️  Mode: Linear Probe (Backbone Frozen)
   🚀 Compiling model with torch.compile...
   ⚡ AMP Precision: torch.bfloat16
   🔄 Training Start... (Epochs: 40, Patience: 5)
   📅 Epoch 1 | Loss: 2.2890 | Val Accuracy: 61.59%
      ⭐ New Best! Saved.
   📅 Epoch 2 | Loss: 1.6975 | Val Accuracy: 70.38%
      ⭐ New Best! Saved.
   📅 Epoch 3 | Loss: 1.3446 | Val Accuracy: 74.35%
      ⭐ New Best! Saved.
   📅 Epoch 4 | Loss: 1.1486 | Val Accuracy: 75.40%
      ⭐ New Best! Saved.
   📅 Epoch 5 | Loss: 1.0138 | Val Accuracy: 77.01%
      ⭐ New Best! Saved.
   📅 Epoch 6 | Loss: 0.9207 | Val Accuracy: 78.31%
      ⭐ New Best! Saved.
   📅 Epoch 7 | Loss: 0.8631 | Val Accuracy: 78.75%
      ⭐ New Best! Saved.
   📅 Epoch 8 | Loss: 0.8163 | Val Accuracy: 79.31%
      ⭐ New Best! Saved.
   📅 Epoch 9 | Loss: 0.7813 | Val Accuracy: 79.86%
      ⭐ New Best! Saved.
   📅 Epoch 10 | Loss: 0.7461 | Val Accuracy: 80.17%
      ⭐ New Best! Saved.
   📅 Epoch 11 | Loss: 0.7164 | Val Accuracy: 80.79%
      ⭐ New Best! Saved.
   📅 Epoch 12 | Loss: 0.6995 | Val Accuracy: 80.73%
   📅 Epoch 13 | Loss: 0.6796 | Val Accuracy: 81.47%
      ⭐ New Best! Saved.
   📅 Epoch 14 | Loss: 0.6641 | Val Accuracy: 81.47%
   📅 Epoch 15 | Loss: 0.6439 | Val Accuracy: 81.66%
      ⭐ New Best! Saved.
   📅 Epoch 16 | Loss: 0.6267 | Val Accuracy: 82.09%
      ⭐ New Best! Saved.
   📅 Epoch 17 | Loss: 0.6221 | Val Accuracy: 82.28%
      ⭐ New Best! Saved.
   📅 Epoch 18 | Loss: 0.6091 | Val Accuracy: 82.71%
      ⭐ New Best! Saved.
   📅 Epoch 19 | Loss: 0.5911 | Val Accuracy: 82.71%
   📅 Epoch 20 | Loss: 0.5877 | Val Accuracy: 83.09%
      ⭐ New Best! Saved.
   📅 Epoch 21 | Loss: 0.5819 | Val Accuracy: 83.02%
   📅 Epoch 22 | Loss: 0.5734 | Val Accuracy: 83.09%
   📅 Epoch 23 | Loss: 0.5658 | Val Accuracy: 83.09%
   📅 Epoch 24 | Loss: 0.5594 | Val Accuracy: 83.52%
      ⭐ New Best! Saved.
   📅 Epoch 25 | Loss: 0.5537 | Val Accuracy: 83.46%
   📅 Epoch 26 | Loss: 0.5506 | Val Accuracy: 83.58%
      ⭐ New Best! Saved.
   📅 Epoch 27 | Loss: 0.5438 | Val Accuracy: 83.77%
      ⭐ New Best! Saved.
   📅 Epoch 28 | Loss: 0.5301 | Val Accuracy: 84.14%
      ⭐ New Best! Saved.
   📅 Epoch 29 | Loss: 0.5229 | Val Accuracy: 84.20%
      ⭐ New Best! Saved.
   📅 Epoch 30 | Loss: 0.5237 | Val Accuracy: 84.39%
      ⭐ New Best! Saved.
   📅 Epoch 31 | Loss: 0.5211 | Val Accuracy: 84.45%
      ⭐ New Best! Saved.
   📅 Epoch 32 | Loss: 0.5129 | Val Accuracy: 84.20%
   📅 Epoch 33 | Loss: 0.5056 | Val Accuracy: 84.82%
      ⭐ New Best! Saved.
   📅 Epoch 34 | Loss: 0.5054 | Val Accuracy: 84.88%
      ⭐ New Best! Saved.
   📅 Epoch 35 | Loss: 0.4926 | Val Accuracy: 85.07%
      ⭐ New Best! Saved.
   📅 Epoch 36 | Loss: 0.4862 | Val Accuracy: 84.94%
   📅 Epoch 37 | Loss: 0.4941 | Val Accuracy: 84.76%
   📅 Epoch 38 | Loss: 0.4768 | Val Accuracy: 85.01%
   📅 Epoch 39 | Loss: 0.4858 | Val Accuracy: 85.38%
      ⭐ New Best! Saved.
   📅 Epoch 40 | Loss: 0.4825 | Val Accuracy: 85.32%

========================================
🏆 Best Val Accuracy: 85.38%
💾 Best Checkpoint: ./checkpoints/linear_mb-domars16k_vit_l_lr0.0001_concat_2.pth
========================================

