
============================================================
📄 Log File: ./logs/linear_records/mb-domars16k_dinov3_lvd_lr0.01_concat_2.log
⏰ Time: 2026-02-28 22:04:47
============================================================

🚀 Training dinov3_lvd on mb-domars16k | Mode: LINEAR | LR: 0.01
   📂 [TRAIN] Loading 1 shards...
   ✅ Loaded 11305 samples.
   📂 [TEST] Loading 1 shards...
   ✅ Loaded 1614 samples.
   ⚙️  Config: Workers=8, BS=256, SmallData=False

>>> Loading Model: dinov3_lvd (dinov3_hub)
   🔍 Auditing weights for [dinov3_lvd]...
   ✅ [PERFECT MATCH] 368/368 layers loaded (100.0%)

   🔍 [Structure Check] dinov3_lvd Output Analysis:
      Type: Tuple (len=2)
      Item 0: Shape (1, 1024)
      Item 1: Shape (1, 256, 1024)
      ✅ Identified: CLS=True, Patch=True
      👉 Final Strategy: concat_2 | Input Dim: 2048
   ❄️  Mode: Linear Probe (Backbone Frozen)
   🚀 Compiling model with torch.compile...
   ⚡ AMP Precision: torch.bfloat16
   🔄 Training Start... (Epochs: 40, Patience: 5)
   📅 Epoch 1 | Loss: 0.8247 | Val Accuracy: 83.71%
      ⭐ New Best! Saved.
   📅 Epoch 2 | Loss: 0.4637 | Val Accuracy: 84.32%
      ⭐ New Best! Saved.
   📅 Epoch 3 | Loss: 0.4259 | Val Accuracy: 85.44%
      ⭐ New Best! Saved.
   📅 Epoch 4 | Loss: 0.4010 | Val Accuracy: 85.32%
   📅 Epoch 5 | Loss: 0.4028 | Val Accuracy: 86.06%
      ⭐ New Best! Saved.
   📅 Epoch 6 | Loss: 0.3895 | Val Accuracy: 86.06%
   📅 Epoch 7 | Loss: 0.3851 | Val Accuracy: 84.14%
   📅 Epoch 8 | Loss: 0.3801 | Val Accuracy: 86.68%
      ⭐ New Best! Saved.
   📅 Epoch 9 | Loss: 0.3498 | Val Accuracy: 85.38%
   📅 Epoch 10 | Loss: 0.3554 | Val Accuracy: 87.17%
      ⭐ New Best! Saved.
   📅 Epoch 11 | Loss: 0.3566 | Val Accuracy: 86.86%
   📅 Epoch 12 | Loss: 0.3338 | Val Accuracy: 85.01%
   📅 Epoch 13 | Loss: 0.3386 | Val Accuracy: 85.50%
   📅 Epoch 14 | Loss: 0.3309 | Val Accuracy: 85.87%
   📅 Epoch 15 | Loss: 0.3345 | Val Accuracy: 86.12%

   🛑 Early Stopping triggered after 5 epochs.

========================================
🏆 Best Val Accuracy: 87.17%
💾 Best Checkpoint: ./checkpoints/linear_mb-domars16k_dinov3_lvd_lr0.01_concat_2.pth
========================================

