
============================================================
📄 Log File: ./logs/linear_records/mb-domars16k_dinov3_lvd_1cha_lr0.001_concat_2.log
⏰ Time: 2026-04-02 08:19:54
============================================================

🚀 Training dinov3_lvd_1cha on mb-domars16k | Mode: LINEAR | LR: 0.001
   📂 [TRAIN] Loading 1 shards...
   ✅ Loaded 11305 samples.
   📂 [TEST] Loading 1 shards...
   ✅ Loaded 1614 samples.
   ⚙️  Config: Workers=8, BS=256, SmallData=False

>>> Loading Model: dinov3_lvd_1cha (dinov3_hub)
   🔍 Auditing weights for [dinov3_lvd_1cha]...
   ✅ [PERFECT MATCH] 368/368 layers loaded (100.0%)

   🔍 [Structure Check] dinov3_lvd_1cha Output Analysis:
      Type: Tuple (len=2)
      Item 0: Shape (1, 1024)
      Item 1: Shape (1, 256, 1024)
      ✅ Identified: CLS=True, Patch=True
      👉 Final Strategy: concat_2 | Input Dim: 2048
   ❄️  Mode: Linear Probe (Backbone Frozen)
   🚀 Compiling model with torch.compile...
   ⚡ AMP Precision: torch.bfloat16
   🔄 Training Start... (Epochs: 40, Patience: 5)
   📅 Epoch 1 | Loss: 1.2682 | Val Accuracy: 77.39%
      ⭐ New Best! Saved.
   📅 Epoch 2 | Loss: 0.6728 | Val Accuracy: 81.47%
      ⭐ New Best! Saved.
   📅 Epoch 3 | Loss: 0.5727 | Val Accuracy: 81.72%
      ⭐ New Best! Saved.
   📅 Epoch 4 | Loss: 0.5221 | Val Accuracy: 83.15%
      ⭐ New Best! Saved.
   📅 Epoch 5 | Loss: 0.4906 | Val Accuracy: 84.32%
      ⭐ New Best! Saved.
   📅 Epoch 6 | Loss: 0.4652 | Val Accuracy: 84.39%
      ⭐ New Best! Saved.
   📅 Epoch 7 | Loss: 0.4468 | Val Accuracy: 84.39%
   📅 Epoch 8 | Loss: 0.4298 | Val Accuracy: 85.32%
      ⭐ New Best! Saved.
   📅 Epoch 9 | Loss: 0.4204 | Val Accuracy: 85.87%
      ⭐ New Best! Saved.
   📅 Epoch 10 | Loss: 0.4109 | Val Accuracy: 86.56%
      ⭐ New Best! Saved.
   📅 Epoch 11 | Loss: 0.3955 | Val Accuracy: 86.12%
   📅 Epoch 12 | Loss: 0.3881 | Val Accuracy: 86.00%
   📅 Epoch 13 | Loss: 0.3827 | Val Accuracy: 86.68%
      ⭐ New Best! Saved.
   📅 Epoch 14 | Loss: 0.3783 | Val Accuracy: 86.62%
   📅 Epoch 15 | Loss: 0.3702 | Val Accuracy: 86.37%
   📅 Epoch 16 | Loss: 0.3592 | Val Accuracy: 86.68%
   📅 Epoch 17 | Loss: 0.3558 | Val Accuracy: 87.30%
      ⭐ New Best! Saved.
   📅 Epoch 18 | Loss: 0.3633 | Val Accuracy: 87.61%
      ⭐ New Best! Saved.
   📅 Epoch 19 | Loss: 0.3514 | Val Accuracy: 87.17%
   📅 Epoch 20 | Loss: 0.3537 | Val Accuracy: 87.11%
   📅 Epoch 21 | Loss: 0.3429 | Val Accuracy: 87.36%
   📅 Epoch 22 | Loss: 0.3411 | Val Accuracy: 87.42%
   📅 Epoch 23 | Loss: 0.3379 | Val Accuracy: 87.30%

   🛑 Early Stopping triggered after 5 epochs.

========================================
🏆 Best Val Accuracy: 87.61%
💾 Best Checkpoint: ./checkpoints/linear_mb-domars16k_dinov3_lvd_1cha_lr0.001_concat_2.pth
========================================

