
============================================================
📄 Log File: ./logs/linear_records/mb-domars16k_mars_mae_lr0.001_original.log
⏰ Time: 2026-03-01 21:03:01
============================================================

🚀 Training mars_mae on mb-domars16k | Mode: LINEAR | LR: 0.001
   📂 [TRAIN] Loading 1 shards...
   ✅ Loaded 11305 samples.
   📂 [TEST] Loading 1 shards...
   ✅ Loaded 1614 samples.
   ⚙️  Config: Workers=8, BS=256, SmallData=False

>>> Loading Model: mars_mae (timm_mae)
   ℹ️  Config: in_chans=1
   🔍 Auditing weights for [mars_mae]...
   ✅ [PERFECT MATCH] 150/150 layers loaded (100.0%)

   🔍 [Structure Check] mars_mae Output Analysis:
      Type: Tuple (len=2)
      Item 0: Shape (1, 768)
      Item 1: Shape (1, 196, 768)
      ✅ Identified: CLS=True, Patch=True
      👉 Final Strategy: GAP_only | Input Dim: 768
   ❄️  Mode: Linear Probe (Backbone Frozen)
   🚀 Compiling model with torch.compile...
   ⚡ AMP Precision: torch.bfloat16
   🔄 Training Start... (Epochs: 40, Patience: 5)
   📅 Epoch 1 | Loss: 2.0412 | Val Accuracy: 67.91%
      ⭐ New Best! Saved.
   📅 Epoch 2 | Loss: 1.3576 | Val Accuracy: 74.29%
      ⭐ New Best! Saved.
   📅 Epoch 3 | Loss: 1.1202 | Val Accuracy: 76.46%
      ⭐ New Best! Saved.
   📅 Epoch 4 | Loss: 1.0005 | Val Accuracy: 79.62%
      ⭐ New Best! Saved.
   📅 Epoch 5 | Loss: 0.9189 | Val Accuracy: 80.55%
      ⭐ New Best! Saved.
   📅 Epoch 6 | Loss: 0.8700 | Val Accuracy: 81.78%
      ⭐ New Best! Saved.
   📅 Epoch 7 | Loss: 0.8260 | Val Accuracy: 81.66%
   📅 Epoch 8 | Loss: 0.7864 | Val Accuracy: 82.09%
      ⭐ New Best! Saved.
   📅 Epoch 9 | Loss: 0.7665 | Val Accuracy: 82.47%
      ⭐ New Best! Saved.
   📅 Epoch 10 | Loss: 0.7425 | Val Accuracy: 82.84%
      ⭐ New Best! Saved.
   📅 Epoch 11 | Loss: 0.7182 | Val Accuracy: 83.40%
      ⭐ New Best! Saved.
   📅 Epoch 12 | Loss: 0.7055 | Val Accuracy: 84.14%
      ⭐ New Best! Saved.
   📅 Epoch 13 | Loss: 0.6935 | Val Accuracy: 84.20%
      ⭐ New Best! Saved.
   📅 Epoch 14 | Loss: 0.6747 | Val Accuracy: 84.14%
   📅 Epoch 15 | Loss: 0.6723 | Val Accuracy: 84.08%
   📅 Epoch 16 | Loss: 0.6475 | Val Accuracy: 84.39%
      ⭐ New Best! Saved.
   📅 Epoch 17 | Loss: 0.6478 | Val Accuracy: 84.57%
      ⭐ New Best! Saved.
   📅 Epoch 18 | Loss: 0.6303 | Val Accuracy: 84.51%
   📅 Epoch 19 | Loss: 0.6310 | Val Accuracy: 84.57%
   📅 Epoch 20 | Loss: 0.6303 | Val Accuracy: 84.82%
      ⭐ New Best! Saved.
   📅 Epoch 21 | Loss: 0.6228 | Val Accuracy: 84.76%
   📅 Epoch 22 | Loss: 0.6119 | Val Accuracy: 84.70%
   📅 Epoch 23 | Loss: 0.6008 | Val Accuracy: 84.57%
   📅 Epoch 24 | Loss: 0.6009 | Val Accuracy: 85.25%
      ⭐ New Best! Saved.
   📅 Epoch 25 | Loss: 0.5984 | Val Accuracy: 85.38%
      ⭐ New Best! Saved.
   📅 Epoch 26 | Loss: 0.5906 | Val Accuracy: 85.19%
   📅 Epoch 27 | Loss: 0.5904 | Val Accuracy: 85.32%
   📅 Epoch 28 | Loss: 0.5778 | Val Accuracy: 85.63%
      ⭐ New Best! Saved.
   📅 Epoch 29 | Loss: 0.5829 | Val Accuracy: 85.50%
   📅 Epoch 30 | Loss: 0.5785 | Val Accuracy: 85.32%
   📅 Epoch 31 | Loss: 0.5676 | Val Accuracy: 85.63%
   📅 Epoch 32 | Loss: 0.5672 | Val Accuracy: 85.50%
   📅 Epoch 33 | Loss: 0.5573 | Val Accuracy: 85.50%

   🛑 Early Stopping triggered after 5 epochs.

========================================
🏆 Best Val Accuracy: 85.63%
💾 Best Checkpoint: ./checkpoints/linear_mb-domars16k_mars_mae_lr0.001_original.pth
========================================

