
============================================================
📄 Log File: ./logs/linear_records/mb-domars16k_dinov1_b8_lr0.01_original.log
⏰ Time: 2026-03-01 06:21:35
============================================================

🚀 Training dinov1_b8 on mb-domars16k | Mode: LINEAR | LR: 0.01
   📂 [TRAIN] Loading 1 shards...
   ✅ Loaded 11305 samples.
   📂 [TEST] Loading 1 shards...
   ✅ Loaded 1614 samples.
   ⚙️  Config: Workers=8, BS=256, SmallData=False

>>> Loading Model: dinov1_b8 (dinov1)

   🔍 [Structure Check] dinov1_b8 Output Analysis:
      Type: Tuple (len=2)
      Item 0: Shape (1, 768)
      Item 1: Shape (1, 784, 768)
      ✅ Identified: CLS=True, Patch=True
      👉 Final Strategy: CLS_only | Input Dim: 768
   ❄️  Mode: Linear Probe (Backbone Frozen)
   🚀 Compiling model with torch.compile...
   ⚡ AMP Precision: torch.bfloat16
   🔄 Training Start... (Epochs: 40, Patience: 5)
   📅 Epoch 1 | Loss: 1.0692 | Val Accuracy: 82.96%
      ⭐ New Best! Saved.
   📅 Epoch 2 | Loss: 0.6065 | Val Accuracy: 84.70%
      ⭐ New Best! Saved.
   📅 Epoch 3 | Loss: 0.5722 | Val Accuracy: 86.74%
      ⭐ New Best! Saved.
   📅 Epoch 4 | Loss: 0.5649 | Val Accuracy: 84.57%
   📅 Epoch 5 | Loss: 0.5482 | Val Accuracy: 85.19%
   📅 Epoch 6 | Loss: 0.5476 | Val Accuracy: 85.63%
   📅 Epoch 7 | Loss: 0.5189 | Val Accuracy: 84.51%
   📅 Epoch 8 | Loss: 0.5305 | Val Accuracy: 86.37%

   🛑 Early Stopping triggered after 5 epochs.

========================================
🏆 Best Val Accuracy: 86.74%
💾 Best Checkpoint: ./checkpoints/linear_mb-domars16k_dinov1_b8_lr0.01_original.pth
========================================

