
============================================================
📄 Log File: ./logs/linear_records/mb-domars16k_dinov3_sat_lr0.01_original.log
⏰ Time: 2026-03-01 00:57:30
============================================================

🚀 Training dinov3_sat on mb-domars16k | Mode: LINEAR | LR: 0.01
   📂 [TRAIN] Loading 1 shards...
   ✅ Loaded 11305 samples.
   📂 [TEST] Loading 1 shards...
   ✅ Loaded 1614 samples.
   ⚙️  Config: Workers=8, BS=256, SmallData=False

>>> Loading Model: dinov3_sat (dinov3_hub)
   🔍 Auditing weights for [dinov3_sat]...
   ✅ [PERFECT MATCH] 368/368 layers loaded (100.0%)

   🔍 [Structure Check] dinov3_sat Output Analysis:
      Type: Tuple (len=2)
      Item 0: Shape (1, 1024)
      Item 1: Shape (1, 256, 1024)
      ✅ Identified: CLS=True, Patch=True
      👉 Final Strategy: GAP_only | Input Dim: 1024
   ❄️  Mode: Linear Probe (Backbone Frozen)
   🚀 Compiling model with torch.compile...
   ⚡ AMP Precision: torch.bfloat16
   🔄 Training Start... (Epochs: 40, Patience: 5)
   📅 Epoch 1 | Loss: 1.1442 | Val Accuracy: 80.67%
      ⭐ New Best! Saved.
   📅 Epoch 2 | Loss: 0.6366 | Val Accuracy: 82.90%
      ⭐ New Best! Saved.
   📅 Epoch 3 | Loss: 0.5514 | Val Accuracy: 83.71%
      ⭐ New Best! Saved.
   📅 Epoch 4 | Loss: 0.4990 | Val Accuracy: 85.69%
      ⭐ New Best! Saved.
   📅 Epoch 5 | Loss: 0.4711 | Val Accuracy: 85.25%
   📅 Epoch 6 | Loss: 0.4448 | Val Accuracy: 85.87%
      ⭐ New Best! Saved.
   📅 Epoch 7 | Loss: 0.4280 | Val Accuracy: 86.49%
      ⭐ New Best! Saved.
   📅 Epoch 8 | Loss: 0.4190 | Val Accuracy: 86.43%
   📅 Epoch 9 | Loss: 0.4014 | Val Accuracy: 86.18%
   📅 Epoch 10 | Loss: 0.3971 | Val Accuracy: 86.62%
      ⭐ New Best! Saved.
   📅 Epoch 11 | Loss: 0.3923 | Val Accuracy: 87.48%
      ⭐ New Best! Saved.
   📅 Epoch 12 | Loss: 0.3815 | Val Accuracy: 87.61%
      ⭐ New Best! Saved.
   📅 Epoch 13 | Loss: 0.3733 | Val Accuracy: 87.98%
      ⭐ New Best! Saved.
   📅 Epoch 14 | Loss: 0.3689 | Val Accuracy: 87.11%
   📅 Epoch 15 | Loss: 0.3757 | Val Accuracy: 87.24%
   📅 Epoch 16 | Loss: 0.3538 | Val Accuracy: 87.67%
   📅 Epoch 17 | Loss: 0.3530 | Val Accuracy: 88.10%
      ⭐ New Best! Saved.
   📅 Epoch 18 | Loss: 0.3552 | Val Accuracy: 88.04%
   📅 Epoch 19 | Loss: 0.3482 | Val Accuracy: 88.54%
      ⭐ New Best! Saved.
   📅 Epoch 20 | Loss: 0.3411 | Val Accuracy: 88.48%
   📅 Epoch 21 | Loss: 0.3455 | Val Accuracy: 87.92%
   📅 Epoch 22 | Loss: 0.3369 | Val Accuracy: 88.35%
   📅 Epoch 23 | Loss: 0.3438 | Val Accuracy: 88.10%
   📅 Epoch 24 | Loss: 0.3336 | Val Accuracy: 88.48%

   🛑 Early Stopping triggered after 5 epochs.

========================================
🏆 Best Val Accuracy: 88.54%
💾 Best Checkpoint: ./checkpoints/linear_mb-domars16k_dinov3_sat_lr0.01_original.pth
========================================

