
============================================================
📄 Log File: ./logs/linear_records/mb-domars16k_swin_v2_lr0.001_original.log
⏰ Time: 2026-03-01 13:47:21
============================================================

🚀 Training swin_v2 on mb-domars16k | Mode: LINEAR | LR: 0.001
   📂 [TRAIN] Loading 1 shards...
   ✅ Loaded 11305 samples.
   📂 [TEST] Loading 1 shards...
   ✅ Loaded 1614 samples.
   ⚙️  Config: Workers=8, BS=256, SmallData=False

>>> Loading Model: swin_v2 (torchvision_swin)
   🔍 Auditing weights for [swin_v2]...
   ✅ [PERFECT MATCH] 449/449 layers loaded (100.0%)

   🔍 [Structure Check] swin_v2 Output Analysis:
      Type: Tuple (len=2)
      Item 0: Shape (1, 1024)
      Item 1: Shape (1, 64, 1024)
      ✅ Identified: CLS=True, Patch=True
      👉 Final Strategy: GAP_only | Input Dim: 1024
   ❄️  Mode: Linear Probe (Backbone Frozen)
   🚀 Compiling model with torch.compile...
   ⚡ AMP Precision: torch.bfloat16
   🔄 Training Start... (Epochs: 40, Patience: 5)
   📅 Epoch 1 | Loss: 1.6192 | Val Accuracy: 70.63%
      ⭐ New Best! Saved.
   📅 Epoch 2 | Loss: 0.9591 | Val Accuracy: 75.65%
      ⭐ New Best! Saved.
   📅 Epoch 3 | Loss: 0.8275 | Val Accuracy: 78.00%
      ⭐ New Best! Saved.
   📅 Epoch 4 | Loss: 0.7612 | Val Accuracy: 79.55%
      ⭐ New Best! Saved.
   📅 Epoch 5 | Loss: 0.7334 | Val Accuracy: 79.74%
      ⭐ New Best! Saved.
   📅 Epoch 6 | Loss: 0.7018 | Val Accuracy: 80.24%
      ⭐ New Best! Saved.
   📅 Epoch 7 | Loss: 0.6798 | Val Accuracy: 80.42%
      ⭐ New Best! Saved.
   📅 Epoch 8 | Loss: 0.6625 | Val Accuracy: 80.92%
      ⭐ New Best! Saved.
   📅 Epoch 9 | Loss: 0.6392 | Val Accuracy: 81.16%
      ⭐ New Best! Saved.
   📅 Epoch 10 | Loss: 0.6327 | Val Accuracy: 81.23%
      ⭐ New Best! Saved.
   📅 Epoch 11 | Loss: 0.6171 | Val Accuracy: 81.78%
      ⭐ New Best! Saved.
   📅 Epoch 12 | Loss: 0.6168 | Val Accuracy: 81.72%
   📅 Epoch 13 | Loss: 0.6055 | Val Accuracy: 82.28%
      ⭐ New Best! Saved.
   📅 Epoch 14 | Loss: 0.5994 | Val Accuracy: 81.54%
   📅 Epoch 15 | Loss: 0.5984 | Val Accuracy: 82.47%
      ⭐ New Best! Saved.
   📅 Epoch 16 | Loss: 0.5950 | Val Accuracy: 82.71%
      ⭐ New Best! Saved.
   📅 Epoch 17 | Loss: 0.5833 | Val Accuracy: 82.40%
   📅 Epoch 18 | Loss: 0.5746 | Val Accuracy: 83.02%
      ⭐ New Best! Saved.
   📅 Epoch 19 | Loss: 0.5725 | Val Accuracy: 83.21%
      ⭐ New Best! Saved.
   📅 Epoch 20 | Loss: 0.5677 | Val Accuracy: 82.90%
   📅 Epoch 21 | Loss: 0.5657 | Val Accuracy: 82.71%
   📅 Epoch 22 | Loss: 0.5673 | Val Accuracy: 83.33%
      ⭐ New Best! Saved.
   📅 Epoch 23 | Loss: 0.5648 | Val Accuracy: 83.02%
   📅 Epoch 24 | Loss: 0.5560 | Val Accuracy: 83.33%
   📅 Epoch 25 | Loss: 0.5484 | Val Accuracy: 83.52%
      ⭐ New Best! Saved.
   📅 Epoch 26 | Loss: 0.5456 | Val Accuracy: 83.27%
   📅 Epoch 27 | Loss: 0.5473 | Val Accuracy: 83.40%
   📅 Epoch 28 | Loss: 0.5446 | Val Accuracy: 83.52%
   📅 Epoch 29 | Loss: 0.5451 | Val Accuracy: 83.77%
      ⭐ New Best! Saved.
   📅 Epoch 30 | Loss: 0.5397 | Val Accuracy: 83.27%
   📅 Epoch 31 | Loss: 0.5242 | Val Accuracy: 82.65%
   📅 Epoch 32 | Loss: 0.5376 | Val Accuracy: 83.89%
      ⭐ New Best! Saved.
   📅 Epoch 33 | Loss: 0.5360 | Val Accuracy: 83.77%
   📅 Epoch 34 | Loss: 0.5289 | Val Accuracy: 83.83%
   📅 Epoch 35 | Loss: 0.5311 | Val Accuracy: 84.14%
      ⭐ New Best! Saved.
   📅 Epoch 36 | Loss: 0.5231 | Val Accuracy: 83.33%
   📅 Epoch 37 | Loss: 0.5320 | Val Accuracy: 83.46%
   📅 Epoch 38 | Loss: 0.5174 | Val Accuracy: 83.33%
   📅 Epoch 39 | Loss: 0.5328 | Val Accuracy: 83.15%
   📅 Epoch 40 | Loss: 0.5268 | Val Accuracy: 83.09%

   🛑 Early Stopping triggered after 5 epochs.

========================================
🏆 Best Val Accuracy: 84.14%
💾 Best Checkpoint: ./checkpoints/linear_mb-domars16k_swin_v2_lr0.001_original.pth
========================================

