
============================================================
📄 Log File: ./logs/linear_records/mb-domars16k_dinov2_l14_lr0.001_concat_3.log
⏰ Time: 2026-03-01 04:09:34
============================================================

🚀 Training dinov2_l14 on mb-domars16k | Mode: LINEAR | LR: 0.001
   📂 [TRAIN] Loading 1 shards...
   ✅ Loaded 11305 samples.
   📂 [TEST] Loading 1 shards...
   ✅ Loaded 1614 samples.
   ⚙️  Config: Workers=8, BS=256, SmallData=False

>>> Loading Model: dinov2_l14 (dinov2_hub)
   🔍 Auditing weights for [dinov2_l14]...
   ✅ [PERFECT MATCH] 343/343 layers loaded (100.0%)

   🔍 [Structure Check] dinov2_l14 Output Analysis:
      Type: Tuple (len=2)
      Item 0: Shape (1, 1024)
      Item 1: Shape (1, 256, 1024)
      ✅ Identified: CLS=True, Patch=True
      👉 Final Strategy: concat_3 | Input Dim: 3072
   ❄️  Mode: Linear Probe (Backbone Frozen)
   🚀 Compiling model with torch.compile...
   ⚡ AMP Precision: torch.bfloat16
   🔄 Training Start... (Epochs: 40, Patience: 5)
   📅 Epoch 1 | Loss: 1.1848 | Val Accuracy: 79.06%
      ⭐ New Best! Saved.
   📅 Epoch 2 | Loss: 0.5559 | Val Accuracy: 82.47%
      ⭐ New Best! Saved.
   📅 Epoch 3 | Loss: 0.4840 | Val Accuracy: 84.39%
      ⭐ New Best! Saved.
   📅 Epoch 4 | Loss: 0.4584 | Val Accuracy: 83.46%
   📅 Epoch 5 | Loss: 0.4134 | Val Accuracy: 85.01%
      ⭐ New Best! Saved.
   📅 Epoch 6 | Loss: 0.3995 | Val Accuracy: 83.89%
   📅 Epoch 7 | Loss: 0.3840 | Val Accuracy: 86.06%
      ⭐ New Best! Saved.
   📅 Epoch 8 | Loss: 0.3615 | Val Accuracy: 86.06%
   📅 Epoch 9 | Loss: 0.3506 | Val Accuracy: 86.00%
   📅 Epoch 10 | Loss: 0.3480 | Val Accuracy: 87.17%
      ⭐ New Best! Saved.
   📅 Epoch 11 | Loss: 0.3522 | Val Accuracy: 86.00%
   📅 Epoch 12 | Loss: 0.3375 | Val Accuracy: 86.86%
   📅 Epoch 13 | Loss: 0.3258 | Val Accuracy: 87.11%
   📅 Epoch 14 | Loss: 0.3184 | Val Accuracy: 87.86%
      ⭐ New Best! Saved.
   📅 Epoch 15 | Loss: 0.3141 | Val Accuracy: 85.63%
   📅 Epoch 16 | Loss: 0.3225 | Val Accuracy: 87.79%
   📅 Epoch 17 | Loss: 0.3048 | Val Accuracy: 87.86%
   📅 Epoch 18 | Loss: 0.3034 | Val Accuracy: 86.62%
   📅 Epoch 19 | Loss: 0.3022 | Val Accuracy: 88.10%
      ⭐ New Best! Saved.
   📅 Epoch 20 | Loss: 0.3075 | Val Accuracy: 88.79%
      ⭐ New Best! Saved.
   📅 Epoch 21 | Loss: 0.2907 | Val Accuracy: 87.17%
   📅 Epoch 22 | Loss: 0.2810 | Val Accuracy: 88.23%
   📅 Epoch 23 | Loss: 0.2651 | Val Accuracy: 87.79%
   📅 Epoch 24 | Loss: 0.2711 | Val Accuracy: 87.73%
   📅 Epoch 25 | Loss: 0.2906 | Val Accuracy: 86.06%

   🛑 Early Stopping triggered after 5 epochs.

========================================
🏆 Best Val Accuracy: 88.79%
💾 Best Checkpoint: ./checkpoints/linear_mb-domars16k_dinov2_l14_lr0.001_concat_3.pth
========================================

