
============================================================
📄 Log File: ./logs/linear_records/mb-domars16k_siglip2_lr0.0001_concat_2.log
⏰ Time: 2026-03-01 19:44:02
============================================================

🚀 Training siglip2 on mb-domars16k | Mode: LINEAR | LR: 0.0001
   📂 [TRAIN] Loading 1 shards...
   ✅ Loaded 11305 samples.
   📂 [TEST] Loading 1 shards...
   ✅ Loaded 1614 samples.
   ⚙️  Config: Workers=8, BS=256, SmallData=False

>>> Loading Model: siglip2 (transformers)

   🔍 [Structure Check] siglip2 Output Analysis:
      Type: Tuple (len=2)
      Item 0: Shape (1, 1024)
      Item 1: Shape (1, 256, 1024)
      ✅ Identified: CLS=True, Patch=True
      👉 Final Strategy: concat_2 | Input Dim: 2048
   ❄️  Mode: Linear Probe (Backbone Frozen)
   🚀 Compiling model with torch.compile...
   ⚡ AMP Precision: torch.bfloat16
   🔄 Training Start... (Epochs: 40, Patience: 5)
   📅 Epoch 1 | Loss: 2.4306 | Val Accuracy: 43.43%
      ⭐ New Best! Saved.
   📅 Epoch 2 | Loss: 1.9241 | Val Accuracy: 52.11%
      ⭐ New Best! Saved.
   📅 Epoch 3 | Loss: 1.6176 | Val Accuracy: 58.67%
      ⭐ New Best! Saved.
   📅 Epoch 4 | Loss: 1.4139 | Val Accuracy: 62.27%
      ⭐ New Best! Saved.
   📅 Epoch 5 | Loss: 1.2616 | Val Accuracy: 64.56%
      ⭐ New Best! Saved.
   📅 Epoch 6 | Loss: 1.1647 | Val Accuracy: 66.42%
      ⭐ New Best! Saved.
   📅 Epoch 7 | Loss: 1.0787 | Val Accuracy: 67.22%
      ⭐ New Best! Saved.
   📅 Epoch 8 | Loss: 1.0120 | Val Accuracy: 68.96%
      ⭐ New Best! Saved.
   📅 Epoch 9 | Loss: 0.9647 | Val Accuracy: 69.83%
      ⭐ New Best! Saved.
   📅 Epoch 10 | Loss: 0.9168 | Val Accuracy: 70.69%
      ⭐ New Best! Saved.
   📅 Epoch 11 | Loss: 0.8810 | Val Accuracy: 71.62%
      ⭐ New Best! Saved.
   📅 Epoch 12 | Loss: 0.8517 | Val Accuracy: 72.06%
      ⭐ New Best! Saved.
   📅 Epoch 13 | Loss: 0.8220 | Val Accuracy: 72.68%
      ⭐ New Best! Saved.
   📅 Epoch 14 | Loss: 0.7961 | Val Accuracy: 73.92%
      ⭐ New Best! Saved.
   📅 Epoch 15 | Loss: 0.7791 | Val Accuracy: 74.72%
      ⭐ New Best! Saved.
   📅 Epoch 16 | Loss: 0.7678 | Val Accuracy: 75.65%
      ⭐ New Best! Saved.
   📅 Epoch 17 | Loss: 0.7440 | Val Accuracy: 75.34%
   📅 Epoch 18 | Loss: 0.7272 | Val Accuracy: 75.03%
   📅 Epoch 19 | Loss: 0.7153 | Val Accuracy: 75.28%
   📅 Epoch 20 | Loss: 0.7045 | Val Accuracy: 75.71%
      ⭐ New Best! Saved.
   📅 Epoch 21 | Loss: 0.6894 | Val Accuracy: 76.70%
      ⭐ New Best! Saved.
   📅 Epoch 22 | Loss: 0.6773 | Val Accuracy: 76.08%
   📅 Epoch 23 | Loss: 0.6675 | Val Accuracy: 76.95%
      ⭐ New Best! Saved.
   📅 Epoch 24 | Loss: 0.6676 | Val Accuracy: 77.70%
      ⭐ New Best! Saved.
   📅 Epoch 25 | Loss: 0.6523 | Val Accuracy: 77.39%
   📅 Epoch 26 | Loss: 0.6468 | Val Accuracy: 77.45%
   📅 Epoch 27 | Loss: 0.6414 | Val Accuracy: 77.88%
      ⭐ New Best! Saved.
   📅 Epoch 28 | Loss: 0.6210 | Val Accuracy: 78.62%
      ⭐ New Best! Saved.
   📅 Epoch 29 | Loss: 0.6320 | Val Accuracy: 77.39%
   📅 Epoch 30 | Loss: 0.6221 | Val Accuracy: 78.56%
   📅 Epoch 31 | Loss: 0.6186 | Val Accuracy: 78.25%
   📅 Epoch 32 | Loss: 0.6080 | Val Accuracy: 78.62%
   📅 Epoch 33 | Loss: 0.6005 | Val Accuracy: 79.06%
      ⭐ New Best! Saved.
   📅 Epoch 34 | Loss: 0.5929 | Val Accuracy: 79.00%
   📅 Epoch 35 | Loss: 0.5941 | Val Accuracy: 79.37%
      ⭐ New Best! Saved.
   📅 Epoch 36 | Loss: 0.5950 | Val Accuracy: 79.74%
      ⭐ New Best! Saved.
   📅 Epoch 37 | Loss: 0.5832 | Val Accuracy: 79.49%
   📅 Epoch 38 | Loss: 0.5867 | Val Accuracy: 79.80%
      ⭐ New Best! Saved.
   📅 Epoch 39 | Loss: 0.5783 | Val Accuracy: 79.24%
   📅 Epoch 40 | Loss: 0.5690 | Val Accuracy: 79.43%

========================================
🏆 Best Val Accuracy: 79.80%
💾 Best Checkpoint: ./checkpoints/linear_mb-domars16k_siglip2_lr0.0001_concat_2.pth
========================================

