
============================================================
📄 Log File: ./logs/linear_records/mb-domars16k_satmae_lr0.01_concat_3.log
⏰ Time: 2026-03-01 09:18:24
============================================================

🚀 Training satmae on mb-domars16k | Mode: LINEAR | LR: 0.01
   📂 [TRAIN] Loading 1 shards...
   ✅ Loaded 11305 samples.
   📂 [TEST] Loading 1 shards...
   ✅ Loaded 1614 samples.
   ⚙️  Config: Workers=8, BS=256, SmallData=False

>>> Loading Model: satmae (timm_mae)
   ℹ️  Config: in_chans=3
   🔍 Auditing weights for [satmae]...
   ✅ [PERFECT MATCH] 294/294 layers loaded (100.0%)

   🔍 [Structure Check] satmae Output Analysis:
      Type: Tuple (len=2)
      Item 0: Shape (1, 1024)
      Item 1: Shape (1, 196, 1024)
      ✅ Identified: CLS=True, Patch=True
      👉 Final Strategy: concat_3 | Input Dim: 3072
   ❄️  Mode: Linear Probe (Backbone Frozen)
   🚀 Compiling model with torch.compile...
   ⚡ AMP Precision: torch.bfloat16
   🔄 Training Start... (Epochs: 40, Patience: 5)
   📅 Epoch 1 | Loss: 10.7705 | Val Accuracy: 65.12%
      ⭐ New Best! Saved.
   📅 Epoch 2 | Loss: 1.5537 | Val Accuracy: 69.83%
      ⭐ New Best! Saved.
   📅 Epoch 3 | Loss: 1.0952 | Val Accuracy: 76.21%
      ⭐ New Best! Saved.
   📅 Epoch 4 | Loss: 1.0195 | Val Accuracy: 75.59%
   📅 Epoch 5 | Loss: 1.0312 | Val Accuracy: 77.51%
      ⭐ New Best! Saved.
   📅 Epoch 6 | Loss: 0.8673 | Val Accuracy: 71.69%
   📅 Epoch 7 | Loss: 0.9447 | Val Accuracy: 72.80%
   📅 Epoch 8 | Loss: 0.9360 | Val Accuracy: 79.93%
      ⭐ New Best! Saved.
   📅 Epoch 9 | Loss: 1.0000 | Val Accuracy: 71.62%
   📅 Epoch 10 | Loss: 0.9517 | Val Accuracy: 80.92%
      ⭐ New Best! Saved.
   📅 Epoch 11 | Loss: 0.9163 | Val Accuracy: 75.96%
   📅 Epoch 12 | Loss: 0.8640 | Val Accuracy: 74.10%
   📅 Epoch 13 | Loss: 0.9267 | Val Accuracy: 75.53%
   📅 Epoch 14 | Loss: 0.8854 | Val Accuracy: 80.48%
   📅 Epoch 15 | Loss: 0.9428 | Val Accuracy: 81.85%
      ⭐ New Best! Saved.
   📅 Epoch 16 | Loss: 0.9325 | Val Accuracy: 82.28%
      ⭐ New Best! Saved.
   📅 Epoch 17 | Loss: 0.8952 | Val Accuracy: 74.91%
   📅 Epoch 18 | Loss: 0.9057 | Val Accuracy: 80.17%
   📅 Epoch 19 | Loss: 0.8753 | Val Accuracy: 79.55%
   📅 Epoch 20 | Loss: 0.9893 | Val Accuracy: 76.39%
   📅 Epoch 21 | Loss: 0.9870 | Val Accuracy: 78.38%

   🛑 Early Stopping triggered after 5 epochs.

========================================
🏆 Best Val Accuracy: 82.28%
💾 Best Checkpoint: ./checkpoints/linear_mb-domars16k_satmae_lr0.01_concat_3.pth
========================================

