
============================================================
📄 Log File: ./logs/linear_records/mb-domars16k_vit_l_lr0.01_concat_2.log
⏰ Time: 2026-03-01 14:33:25
============================================================

🚀 Training vit_l on mb-domars16k | Mode: LINEAR | LR: 0.01
   📂 [TRAIN] Loading 1 shards...
   ✅ Loaded 11305 samples.
   📂 [TEST] Loading 1 shards...
   ✅ Loaded 1614 samples.
   ⚙️  Config: Workers=8, BS=256, SmallData=False

>>> Loading Model: vit_l (torchvision_vit)
   🔍 Auditing weights for [vit_l]...
   ✅ [PERFECT MATCH] 296/296 layers loaded (100.0%)

   🔍 [Structure Check] vit_l Output Analysis:
      Type: Tuple (len=2)
      Item 0: Shape (1, 1024)
      Item 1: Shape (1, 196, 1024)
      ✅ Identified: CLS=True, Patch=True
      👉 Final Strategy: concat_2 | Input Dim: 2048
   ❄️  Mode: Linear Probe (Backbone Frozen)
   🚀 Compiling model with torch.compile...
   ⚡ AMP Precision: torch.bfloat16
   🔄 Training Start... (Epochs: 40, Patience: 5)
   📅 Epoch 1 | Loss: 0.8642 | Val Accuracy: 83.40%
      ⭐ New Best! Saved.
   📅 Epoch 2 | Loss: 0.5526 | Val Accuracy: 85.07%
      ⭐ New Best! Saved.
   📅 Epoch 3 | Loss: 0.4858 | Val Accuracy: 84.57%
   📅 Epoch 4 | Loss: 0.4666 | Val Accuracy: 84.51%
   📅 Epoch 5 | Loss: 0.4625 | Val Accuracy: 86.93%
      ⭐ New Best! Saved.
   📅 Epoch 6 | Loss: 0.4832 | Val Accuracy: 83.77%
   📅 Epoch 7 | Loss: 0.4454 | Val Accuracy: 86.49%
   📅 Epoch 8 | Loss: 0.4113 | Val Accuracy: 86.18%
   📅 Epoch 9 | Loss: 0.4195 | Val Accuracy: 86.31%
   📅 Epoch 10 | Loss: 0.4168 | Val Accuracy: 86.86%

   🛑 Early Stopping triggered after 5 epochs.

========================================
🏆 Best Val Accuracy: 86.93%
💾 Best Checkpoint: ./checkpoints/linear_mb-domars16k_vit_l_lr0.01_concat_2.pth
========================================

