
============================================================
📄 Log File: ./logs/linear_records/mb-domars16k_openclip_lr0.001_concat_3.log
⏰ Time: 2026-03-01 11:52:44
============================================================

🚀 Training openclip on mb-domars16k | Mode: LINEAR | LR: 0.001
   📂 [TRAIN] Loading 1 shards...
   ✅ Loaded 11305 samples.
   📂 [TEST] Loading 1 shards...
   ✅ Loaded 1614 samples.
   ⚙️  Config: Workers=8, BS=256, SmallData=False

>>> Loading Model: openclip (transformers_clip)

   🔍 [Structure Check] openclip Output Analysis:
      Type: Tuple (len=2)
      Item 0: Shape (1, 1024)
      Item 1: Shape (1, 256, 1024)
      ✅ Identified: CLS=True, Patch=True
      👉 Final Strategy: concat_3 | Input Dim: 3072
   ❄️  Mode: Linear Probe (Backbone Frozen)
   🚀 Compiling model with torch.compile...
   ⚡ AMP Precision: torch.bfloat16
   🔄 Training Start... (Epochs: 40, Patience: 5)
   📅 Epoch 1 | Loss: 1.6599 | Val Accuracy: 73.42%
      ⭐ New Best! Saved.
   📅 Epoch 2 | Loss: 0.8503 | Val Accuracy: 79.12%
      ⭐ New Best! Saved.
   📅 Epoch 3 | Loss: 0.7313 | Val Accuracy: 81.91%
      ⭐ New Best! Saved.
   📅 Epoch 4 | Loss: 0.6785 | Val Accuracy: 81.66%
   📅 Epoch 5 | Loss: 0.6461 | Val Accuracy: 84.45%
      ⭐ New Best! Saved.
   📅 Epoch 6 | Loss: 0.6096 | Val Accuracy: 82.22%
   📅 Epoch 7 | Loss: 0.5796 | Val Accuracy: 83.89%
   📅 Epoch 8 | Loss: 0.5882 | Val Accuracy: 83.83%
   📅 Epoch 9 | Loss: 0.5707 | Val Accuracy: 83.89%
   📅 Epoch 10 | Loss: 0.5434 | Val Accuracy: 85.19%
      ⭐ New Best! Saved.
   📅 Epoch 11 | Loss: 0.5416 | Val Accuracy: 84.70%
   📅 Epoch 12 | Loss: 0.5230 | Val Accuracy: 86.80%
      ⭐ New Best! Saved.
   📅 Epoch 13 | Loss: 0.5390 | Val Accuracy: 85.25%
   📅 Epoch 14 | Loss: 0.5155 | Val Accuracy: 83.89%
   📅 Epoch 15 | Loss: 0.5182 | Val Accuracy: 85.25%
   📅 Epoch 16 | Loss: 0.4993 | Val Accuracy: 84.45%
   📅 Epoch 17 | Loss: 0.4918 | Val Accuracy: 84.39%

   🛑 Early Stopping triggered after 5 epochs.

========================================
🏆 Best Val Accuracy: 86.80%
💾 Best Checkpoint: ./checkpoints/linear_mb-domars16k_openclip_lr0.001_concat_3.pth
========================================

