
============================================================
📄 Log File: ./logs/linear_records/mb-domars16k_mars_mae_lr0.01_concat_2.log
⏰ Time: 2026-03-01 20:48:14
============================================================

🚀 Training mars_mae on mb-domars16k | Mode: LINEAR | LR: 0.01
   📂 [TRAIN] Loading 1 shards...
   ✅ Loaded 11305 samples.
   📂 [TEST] Loading 1 shards...
   ✅ Loaded 1614 samples.
   ⚙️  Config: Workers=8, BS=256, SmallData=False

>>> Loading Model: mars_mae (timm_mae)
   ℹ️  Config: in_chans=1
   🔍 Auditing weights for [mars_mae]...
   ✅ [PERFECT MATCH] 150/150 layers loaded (100.0%)

   🔍 [Structure Check] mars_mae Output Analysis:
      Type: Tuple (len=2)
      Item 0: Shape (1, 768)
      Item 1: Shape (1, 196, 768)
      ✅ Identified: CLS=True, Patch=True
      👉 Final Strategy: concat_2 | Input Dim: 1536
   ❄️  Mode: Linear Probe (Backbone Frozen)
   🚀 Compiling model with torch.compile...
   ⚡ AMP Precision: torch.bfloat16
   🔄 Training Start... (Epochs: 40, Patience: 5)
   📅 Epoch 1 | Loss: 1.1937 | Val Accuracy: 81.72%
      ⭐ New Best! Saved.
   📅 Epoch 2 | Loss: 0.7236 | Val Accuracy: 81.60%
   📅 Epoch 3 | Loss: 0.6597 | Val Accuracy: 83.33%
      ⭐ New Best! Saved.
   📅 Epoch 4 | Loss: 0.6359 | Val Accuracy: 84.76%
      ⭐ New Best! Saved.
   📅 Epoch 5 | Loss: 0.6031 | Val Accuracy: 85.25%
      ⭐ New Best! Saved.
   📅 Epoch 6 | Loss: 0.5878 | Val Accuracy: 84.82%
   📅 Epoch 7 | Loss: 0.5731 | Val Accuracy: 85.01%
   📅 Epoch 8 | Loss: 0.5622 | Val Accuracy: 85.87%
      ⭐ New Best! Saved.
   📅 Epoch 9 | Loss: 0.5584 | Val Accuracy: 86.00%
      ⭐ New Best! Saved.
   📅 Epoch 10 | Loss: 0.5648 | Val Accuracy: 85.87%
   📅 Epoch 11 | Loss: 0.5456 | Val Accuracy: 86.49%
      ⭐ New Best! Saved.
   📅 Epoch 12 | Loss: 0.5537 | Val Accuracy: 86.49%
   📅 Epoch 13 | Loss: 0.5079 | Val Accuracy: 86.06%
   📅 Epoch 14 | Loss: 0.5149 | Val Accuracy: 86.99%
      ⭐ New Best! Saved.
   📅 Epoch 15 | Loss: 0.5158 | Val Accuracy: 87.55%
      ⭐ New Best! Saved.
   📅 Epoch 16 | Loss: 0.5061 | Val Accuracy: 87.17%
   📅 Epoch 17 | Loss: 0.5157 | Val Accuracy: 86.18%
   📅 Epoch 18 | Loss: 0.4968 | Val Accuracy: 88.17%
      ⭐ New Best! Saved.
   📅 Epoch 19 | Loss: 0.4877 | Val Accuracy: 87.48%
   📅 Epoch 20 | Loss: 0.4861 | Val Accuracy: 87.30%
   📅 Epoch 21 | Loss: 0.4891 | Val Accuracy: 86.06%
   📅 Epoch 22 | Loss: 0.5113 | Val Accuracy: 87.55%
   📅 Epoch 23 | Loss: 0.4900 | Val Accuracy: 85.44%

   🛑 Early Stopping triggered after 5 epochs.

========================================
🏆 Best Val Accuracy: 88.17%
💾 Best Checkpoint: ./checkpoints/linear_mb-domars16k_mars_mae_lr0.01_concat_2.pth
========================================

