
============================================================
📄 Log File: ./logs/linear_records/mb-domars16k_dinov3_lvd_lr0.001_original.log
⏰ Time: 2026-02-28 22:58:55
============================================================

🚀 Training dinov3_lvd on mb-domars16k | Mode: LINEAR | LR: 0.001
   📂 [TRAIN] Loading 1 shards...
   ✅ Loaded 11305 samples.
   📂 [TEST] Loading 1 shards...
   ✅ Loaded 1614 samples.
   ⚙️  Config: Workers=8, BS=256, SmallData=False

>>> Loading Model: dinov3_lvd (dinov3_hub)
   🔍 Auditing weights for [dinov3_lvd]...
   ✅ [PERFECT MATCH] 368/368 layers loaded (100.0%)

   🔍 [Structure Check] dinov3_lvd Output Analysis:
      Type: Tuple (len=2)
      Item 0: Shape (1, 1024)
      Item 1: Shape (1, 256, 1024)
      ✅ Identified: CLS=True, Patch=True
      👉 Final Strategy: CLS_only | Input Dim: 1024
   ❄️  Mode: Linear Probe (Backbone Frozen)
   🚀 Compiling model with torch.compile...
   ⚡ AMP Precision: torch.bfloat16
   🔄 Training Start... (Epochs: 40, Patience: 5)
   📅 Epoch 1 | Loss: 1.4699 | Val Accuracy: 75.09%
      ⭐ New Best! Saved.
   📅 Epoch 2 | Loss: 0.7690 | Val Accuracy: 79.06%
      ⭐ New Best! Saved.
   📅 Epoch 3 | Loss: 0.6375 | Val Accuracy: 80.36%
      ⭐ New Best! Saved.
   📅 Epoch 4 | Loss: 0.5764 | Val Accuracy: 82.28%
      ⭐ New Best! Saved.
   📅 Epoch 5 | Loss: 0.5328 | Val Accuracy: 82.84%
      ⭐ New Best! Saved.
   📅 Epoch 6 | Loss: 0.5039 | Val Accuracy: 83.71%
      ⭐ New Best! Saved.
   📅 Epoch 7 | Loss: 0.4961 | Val Accuracy: 83.58%
   📅 Epoch 8 | Loss: 0.4777 | Val Accuracy: 84.01%
      ⭐ New Best! Saved.
   📅 Epoch 9 | Loss: 0.4538 | Val Accuracy: 84.70%
      ⭐ New Best! Saved.
   📅 Epoch 10 | Loss: 0.4404 | Val Accuracy: 84.76%
      ⭐ New Best! Saved.
   📅 Epoch 11 | Loss: 0.4347 | Val Accuracy: 84.32%
   📅 Epoch 12 | Loss: 0.4165 | Val Accuracy: 85.44%
      ⭐ New Best! Saved.
   📅 Epoch 13 | Loss: 0.4106 | Val Accuracy: 85.13%
   📅 Epoch 14 | Loss: 0.4185 | Val Accuracy: 84.94%
   📅 Epoch 15 | Loss: 0.4072 | Val Accuracy: 85.63%
      ⭐ New Best! Saved.
   📅 Epoch 16 | Loss: 0.4016 | Val Accuracy: 85.69%
      ⭐ New Best! Saved.
   📅 Epoch 17 | Loss: 0.3901 | Val Accuracy: 85.63%
   📅 Epoch 18 | Loss: 0.3920 | Val Accuracy: 85.56%
   📅 Epoch 19 | Loss: 0.3884 | Val Accuracy: 86.43%
      ⭐ New Best! Saved.
   📅 Epoch 20 | Loss: 0.3783 | Val Accuracy: 86.18%
   📅 Epoch 21 | Loss: 0.3683 | Val Accuracy: 86.06%
   📅 Epoch 22 | Loss: 0.3699 | Val Accuracy: 86.99%
      ⭐ New Best! Saved.
   📅 Epoch 23 | Loss: 0.3630 | Val Accuracy: 86.74%
   📅 Epoch 24 | Loss: 0.3633 | Val Accuracy: 86.00%
   📅 Epoch 25 | Loss: 0.3632 | Val Accuracy: 86.25%
   📅 Epoch 26 | Loss: 0.3550 | Val Accuracy: 86.68%
   📅 Epoch 27 | Loss: 0.3552 | Val Accuracy: 87.61%
      ⭐ New Best! Saved.
   📅 Epoch 28 | Loss: 0.3576 | Val Accuracy: 86.43%
   📅 Epoch 29 | Loss: 0.3492 | Val Accuracy: 86.62%
   📅 Epoch 30 | Loss: 0.3482 | Val Accuracy: 86.56%
   📅 Epoch 31 | Loss: 0.3498 | Val Accuracy: 87.11%
   📅 Epoch 32 | Loss: 0.3403 | Val Accuracy: 86.86%

   🛑 Early Stopping triggered after 5 epochs.

========================================
🏆 Best Val Accuracy: 87.61%
💾 Best Checkpoint: ./checkpoints/linear_mb-domars16k_dinov3_lvd_lr0.001_original.pth
========================================

