
============================================================
📄 Log File: ./logs/linear_records/mb-frost_cls_dinov3_lvd_1cha_lr0.001_concat_2.log
⏰ Time: 2026-04-09 18:02:53
============================================================

🚀 Training dinov3_lvd_1cha on mb-frost_cls | Mode: LINEAR | LR: 0.001
   📂 [TRAIN] Loading 4 shards...
   ✅ Loaded 30124 samples.
   📂 [TEST] Loading 2 shards...
   ✅ Loaded 12249 samples.
   ⚙️  Config: Workers=8, BS=256, SmallData=False

>>> Loading Model: dinov3_lvd_1cha (dinov3_hub)
   🔍 Auditing weights for [dinov3_lvd_1cha]...
   ✅ [PERFECT MATCH] 368/368 layers loaded (100.0%)

   🔍 [Structure Check] dinov3_lvd_1cha Output Analysis:
      Type: Tuple (len=2)
      Item 0: Shape (1, 1024)
      Item 1: Shape (1, 256, 1024)
      ✅ Identified: CLS=True, Patch=True
      👉 Final Strategy: concat_2 | Input Dim: 2048
   ❄️  Mode: Linear Probe (Backbone Frozen)
   🚀 Compiling model with torch.compile...
   ⚡ AMP Precision: torch.bfloat16
   🔄 Training Start... (Epochs: 40, Patience: 5)
   📅 Epoch 1 | Loss: 0.2265 | Val Accuracy: 96.23%
      ⭐ New Best! (Model saving disabled to save space)
   📅 Epoch 2 | Loss: 0.1211 | Val Accuracy: 96.58%
      ⭐ New Best! (Model saving disabled to save space)
   📅 Epoch 3 | Loss: 0.0988 | Val Accuracy: 96.25%
   📅 Epoch 4 | Loss: 0.0851 | Val Accuracy: 96.17%
   📅 Epoch 5 | Loss: 0.0764 | Val Accuracy: 96.32%
   📅 Epoch 6 | Loss: 0.0699 | Val Accuracy: 96.58%
   📅 Epoch 7 | Loss: 0.0667 | Val Accuracy: 96.56%

   🛑 Early Stopping triggered after 5 epochs.

========================================
🏆 Best Val Accuracy: 96.58%
💾 Best Checkpoint: ./checkpoints/linear_mb-frost_cls_dinov3_lvd_1cha_lr0.001_concat_2.pth
========================================

