
============================================================
📄 Log File: ./logs/linear_records/mb-frost_cls_dinov1_b8_lr0.0001_concat_2.log
⏰ Time: 2026-03-02 10:54:03
============================================================

🚀 Training dinov1_b8 on mb-frost_cls | Mode: LINEAR | LR: 0.0001
   📂 [TRAIN] Loading 4 shards...
   ✅ Loaded 30124 samples.
   📂 [TEST] Loading 2 shards...
   ✅ Loaded 12249 samples.
   ⚙️  Config: Workers=8, BS=256, SmallData=False

>>> Loading Model: dinov1_b8 (dinov1)

   🔍 [Structure Check] dinov1_b8 Output Analysis:
      Type: Tuple (len=2)
      Item 0: Shape (1, 768)
      Item 1: Shape (1, 784, 768)
      ✅ Identified: CLS=True, Patch=True
      👉 Final Strategy: concat_2 | Input Dim: 1536
   ❄️  Mode: Linear Probe (Backbone Frozen)
   🚀 Compiling model with torch.compile...
   ⚡ AMP Precision: torch.bfloat16
   🔄 Training Start... (Epochs: 40, Patience: 5)
   📅 Epoch 1 | Loss: 0.3112 | Val Accuracy: 96.23%
      ⭐ New Best! Saved.
   📅 Epoch 2 | Loss: 0.1454 | Val Accuracy: 96.94%
      ⭐ New Best! Saved.
   📅 Epoch 3 | Loss: 0.1081 | Val Accuracy: 97.12%
      ⭐ New Best! Saved.
   📅 Epoch 4 | Loss: 0.0893 | Val Accuracy: 96.85%
   📅 Epoch 5 | Loss: 0.0785 | Val Accuracy: 96.87%
   📅 Epoch 6 | Loss: 0.0713 | Val Accuracy: 97.11%
   📅 Epoch 7 | Loss: 0.0666 | Val Accuracy: 96.93%
   📅 Epoch 8 | Loss: 0.0611 | Val Accuracy: 97.22%
      ⭐ New Best! Saved.
   📅 Epoch 9 | Loss: 0.0577 | Val Accuracy: 97.06%
   📅 Epoch 10 | Loss: 0.0533 | Val Accuracy: 97.00%
   📅 Epoch 11 | Loss: 0.0512 | Val Accuracy: 96.95%
   📅 Epoch 12 | Loss: 0.0480 | Val Accuracy: 97.27%
      ⭐ New Best! Saved.
   📅 Epoch 13 | Loss: 0.0481 | Val Accuracy: 97.16%
   📅 Epoch 14 | Loss: 0.0451 | Val Accuracy: 97.00%
   📅 Epoch 15 | Loss: 0.0443 | Val Accuracy: 97.04%
   📅 Epoch 16 | Loss: 0.0428 | Val Accuracy: 97.09%
   📅 Epoch 17 | Loss: 0.0400 | Val Accuracy: 97.08%

   🛑 Early Stopping triggered after 5 epochs.

========================================
🏆 Best Val Accuracy: 97.27%
💾 Best Checkpoint: ./checkpoints/linear_mb-frost_cls_dinov1_b8_lr0.0001_concat_2.pth
========================================

