
============================================================
📄 Log File: ./logs/linear_records/mb-frost_cls_satmae_lr0.0001_concat_2.log
⏰ Time: 2026-03-02 14:06:15
============================================================

🚀 Training satmae on mb-frost_cls | Mode: LINEAR | LR: 0.0001
   📂 [TRAIN] Loading 4 shards...
   ✅ Loaded 30124 samples.
   📂 [TEST] Loading 2 shards...
   ✅ Loaded 12249 samples.
   ⚙️  Config: Workers=8, BS=256, SmallData=False

>>> Loading Model: satmae (timm_mae)
   ℹ️  Config: in_chans=3
   🔍 Auditing weights for [satmae]...
   ✅ [PERFECT MATCH] 294/294 layers loaded (100.0%)

   🔍 [Structure Check] satmae Output Analysis:
      Type: Tuple (len=2)
      Item 0: Shape (1, 1024)
      Item 1: Shape (1, 196, 1024)
      ✅ Identified: CLS=True, Patch=True
      👉 Final Strategy: concat_2 | Input Dim: 2048
   ❄️  Mode: Linear Probe (Backbone Frozen)
   🚀 Compiling model with torch.compile...
   ⚡ AMP Precision: torch.bfloat16
   🔄 Training Start... (Epochs: 40, Patience: 5)
   📅 Epoch 1 | Loss: 0.5317 | Val Accuracy: 87.57%
      ⭐ New Best! Saved.
   📅 Epoch 2 | Loss: 0.3963 | Val Accuracy: 92.69%
      ⭐ New Best! Saved.
   📅 Epoch 3 | Loss: 0.3384 | Val Accuracy: 92.85%
      ⭐ New Best! Saved.
   📅 Epoch 4 | Loss: 0.3044 | Val Accuracy: 93.53%
      ⭐ New Best! Saved.
   📅 Epoch 5 | Loss: 0.2806 | Val Accuracy: 93.77%
      ⭐ New Best! Saved.
   📅 Epoch 6 | Loss: 0.2642 | Val Accuracy: 93.84%
      ⭐ New Best! Saved.
   📅 Epoch 7 | Loss: 0.2519 | Val Accuracy: 94.41%
      ⭐ New Best! Saved.
   📅 Epoch 8 | Loss: 0.2402 | Val Accuracy: 94.21%
   📅 Epoch 9 | Loss: 0.2307 | Val Accuracy: 94.20%
   📅 Epoch 10 | Loss: 0.2231 | Val Accuracy: 93.85%
   📅 Epoch 11 | Loss: 0.2189 | Val Accuracy: 94.81%
      ⭐ New Best! Saved.
   📅 Epoch 12 | Loss: 0.2123 | Val Accuracy: 94.15%
   📅 Epoch 13 | Loss: 0.2079 | Val Accuracy: 94.38%
   📅 Epoch 14 | Loss: 0.2023 | Val Accuracy: 94.91%
      ⭐ New Best! Saved.
   📅 Epoch 15 | Loss: 0.1951 | Val Accuracy: 95.22%
      ⭐ New Best! Saved.
   📅 Epoch 16 | Loss: 0.1956 | Val Accuracy: 94.83%
   📅 Epoch 17 | Loss: 0.1888 | Val Accuracy: 94.75%
   📅 Epoch 18 | Loss: 0.1865 | Val Accuracy: 94.57%
   📅 Epoch 19 | Loss: 0.1827 | Val Accuracy: 94.60%
   📅 Epoch 20 | Loss: 0.1822 | Val Accuracy: 95.30%
      ⭐ New Best! Saved.
   📅 Epoch 21 | Loss: 0.1767 | Val Accuracy: 94.90%
   📅 Epoch 22 | Loss: 0.1745 | Val Accuracy: 94.91%
   📅 Epoch 23 | Loss: 0.1749 | Val Accuracy: 95.45%
      ⭐ New Best! Saved.
   📅 Epoch 24 | Loss: 0.1731 | Val Accuracy: 94.99%
   📅 Epoch 25 | Loss: 0.1699 | Val Accuracy: 95.38%
   📅 Epoch 26 | Loss: 0.1682 | Val Accuracy: 95.21%
   📅 Epoch 27 | Loss: 0.1670 | Val Accuracy: 95.62%
      ⭐ New Best! Saved.
   📅 Epoch 28 | Loss: 0.1640 | Val Accuracy: 95.61%
   📅 Epoch 29 | Loss: 0.1630 | Val Accuracy: 95.40%
   📅 Epoch 30 | Loss: 0.1606 | Val Accuracy: 95.22%
   📅 Epoch 31 | Loss: 0.1586 | Val Accuracy: 95.36%
   📅 Epoch 32 | Loss: 0.1586 | Val Accuracy: 95.35%

   🛑 Early Stopping triggered after 5 epochs.

========================================
🏆 Best Val Accuracy: 95.62%
💾 Best Checkpoint: ./checkpoints/linear_mb-frost_cls_satmae_lr0.0001_concat_2.pth
========================================

