
============================================================
📄 Log File: ./logs/linear_records/mb-frost_cls_dinov3_lvd_lr0.01_concat_3.log
⏰ Time: 2026-03-01 21:45:08
============================================================

🚀 Training dinov3_lvd on mb-frost_cls | Mode: LINEAR | LR: 0.01
   📂 [TRAIN] Loading 4 shards...
   ✅ Loaded 30124 samples.
   📂 [TEST] Loading 2 shards...
   ✅ Loaded 12249 samples.
   ⚙️  Config: Workers=8, BS=256, SmallData=False

>>> Loading Model: dinov3_lvd (dinov3_hub)
   🔍 Auditing weights for [dinov3_lvd]...
   ✅ [PERFECT MATCH] 368/368 layers loaded (100.0%)

   🔍 [Structure Check] dinov3_lvd Output Analysis:
      Type: Tuple (len=2)
      Item 0: Shape (1, 1024)
      Item 1: Shape (1, 256, 1024)
      ✅ Identified: CLS=True, Patch=True
      👉 Final Strategy: concat_3 | Input Dim: 3072
   ❄️  Mode: Linear Probe (Backbone Frozen)
   🚀 Compiling model with torch.compile...
   ⚡ AMP Precision: torch.bfloat16
   🔄 Training Start... (Epochs: 40, Patience: 5)
   📅 Epoch 1 | Loss: 0.2280 | Val Accuracy: 95.20%
      ⭐ New Best! Saved.
   📅 Epoch 2 | Loss: 0.0679 | Val Accuracy: 96.98%
      ⭐ New Best! Saved.
   📅 Epoch 3 | Loss: 0.0556 | Val Accuracy: 95.29%
   📅 Epoch 4 | Loss: 0.0493 | Val Accuracy: 97.10%
      ⭐ New Best! Saved.
   📅 Epoch 5 | Loss: 0.0463 | Val Accuracy: 94.13%
   📅 Epoch 6 | Loss: 0.0394 | Val Accuracy: 97.43%
      ⭐ New Best! Saved.
   📅 Epoch 7 | Loss: 0.0438 | Val Accuracy: 97.67%
      ⭐ New Best! Saved.
   📅 Epoch 8 | Loss: 0.0403 | Val Accuracy: 96.32%
   📅 Epoch 9 | Loss: 0.0377 | Val Accuracy: 96.76%
   📅 Epoch 10 | Loss: 0.0393 | Val Accuracy: 96.27%
   📅 Epoch 11 | Loss: 0.0419 | Val Accuracy: 96.26%
   📅 Epoch 12 | Loss: 0.0372 | Val Accuracy: 96.58%

   🛑 Early Stopping triggered after 5 epochs.

========================================
🏆 Best Val Accuracy: 97.67%
💾 Best Checkpoint: ./checkpoints/linear_mb-frost_cls_dinov3_lvd_lr0.01_concat_3.pth
========================================

