
============================================================
📄 Log File: ./logs/linear_records/mb-frost_cls_dinov3_sat_lr0.01_concat_2.log
⏰ Time: 2026-03-02 01:06:45
============================================================

🚀 Training dinov3_sat on mb-frost_cls | Mode: LINEAR | LR: 0.01
   📂 [TRAIN] Loading 4 shards...
   ✅ Loaded 30124 samples.
   📂 [TEST] Loading 2 shards...
   ✅ Loaded 12249 samples.
   ⚙️  Config: Workers=8, BS=256, SmallData=False

>>> Loading Model: dinov3_sat (dinov3_hub)
   🔍 Auditing weights for [dinov3_sat]...
   ✅ [PERFECT MATCH] 368/368 layers loaded (100.0%)

   🔍 [Structure Check] dinov3_sat Output Analysis:
      Type: Tuple (len=2)
      Item 0: Shape (1, 1024)
      Item 1: Shape (1, 256, 1024)
      ✅ Identified: CLS=True, Patch=True
      👉 Final Strategy: concat_2 | Input Dim: 2048
   ❄️  Mode: Linear Probe (Backbone Frozen)
   🚀 Compiling model with torch.compile...
   ⚡ AMP Precision: torch.bfloat16
   🔄 Training Start... (Epochs: 40, Patience: 5)
   📅 Epoch 1 | Loss: 0.0816 | Val Accuracy: 98.51%
      ⭐ New Best! Saved.
   📅 Epoch 2 | Loss: 0.0309 | Val Accuracy: 98.88%
      ⭐ New Best! Saved.
   📅 Epoch 3 | Loss: 0.0246 | Val Accuracy: 99.28%
      ⭐ New Best! Saved.
   📅 Epoch 4 | Loss: 0.0203 | Val Accuracy: 98.10%
   📅 Epoch 5 | Loss: 0.0185 | Val Accuracy: 99.34%
      ⭐ New Best! Saved.
   📅 Epoch 6 | Loss: 0.0192 | Val Accuracy: 99.31%
   📅 Epoch 7 | Loss: 0.0178 | Val Accuracy: 99.53%
      ⭐ New Best! Saved.
   📅 Epoch 8 | Loss: 0.0177 | Val Accuracy: 99.32%
   📅 Epoch 9 | Loss: 0.0172 | Val Accuracy: 99.22%
   📅 Epoch 10 | Loss: 0.0147 | Val Accuracy: 99.54%
      ⭐ New Best! Saved.
   📅 Epoch 11 | Loss: 0.0135 | Val Accuracy: 99.56%
      ⭐ New Best! Saved.
   📅 Epoch 12 | Loss: 0.0140 | Val Accuracy: 99.37%
   📅 Epoch 13 | Loss: 0.0170 | Val Accuracy: 98.85%
   📅 Epoch 14 | Loss: 0.0173 | Val Accuracy: 99.31%
   📅 Epoch 15 | Loss: 0.0130 | Val Accuracy: 98.09%
   📅 Epoch 16 | Loss: 0.0162 | Val Accuracy: 99.52%

   🛑 Early Stopping triggered after 5 epochs.

========================================
🏆 Best Val Accuracy: 99.56%
💾 Best Checkpoint: ./checkpoints/linear_mb-frost_cls_dinov3_sat_lr0.01_concat_2.pth
========================================

