
============================================================
📄 Log File: ./logs/linear_records/mb-frost_cls_dinov3_sat_lr0.0001_original.log
⏰ Time: 2026-03-02 04:56:58
============================================================

🚀 Training dinov3_sat on mb-frost_cls | Mode: LINEAR | LR: 0.0001
   📂 [TRAIN] Loading 4 shards...
   ✅ Loaded 30124 samples.
   📂 [TEST] Loading 2 shards...
   ✅ Loaded 12249 samples.
   ⚙️  Config: Workers=8, BS=256, SmallData=False

>>> Loading Model: dinov3_sat (dinov3_hub)
   🔍 Auditing weights for [dinov3_sat]...
   ✅ [PERFECT MATCH] 368/368 layers loaded (100.0%)

   🔍 [Structure Check] dinov3_sat Output Analysis:
      Type: Tuple (len=2)
      Item 0: Shape (1, 1024)
      Item 1: Shape (1, 256, 1024)
      ✅ Identified: CLS=True, Patch=True
      👉 Final Strategy: GAP_only | Input Dim: 1024
   ❄️  Mode: Linear Probe (Backbone Frozen)
   🚀 Compiling model with torch.compile...
   ⚡ AMP Precision: torch.bfloat16
   🔄 Training Start... (Epochs: 40, Patience: 5)
   📅 Epoch 1 | Loss: 0.6150 | Val Accuracy: 95.81%
      ⭐ New Best! Saved.
   📅 Epoch 2 | Loss: 0.5054 | Val Accuracy: 98.02%
      ⭐ New Best! Saved.
   📅 Epoch 3 | Loss: 0.4311 | Val Accuracy: 98.59%
      ⭐ New Best! Saved.
   📅 Epoch 4 | Loss: 0.3779 | Val Accuracy: 98.54%
   📅 Epoch 5 | Loss: 0.3395 | Val Accuracy: 98.60%
      ⭐ New Best! Saved.
   📅 Epoch 6 | Loss: 0.3079 | Val Accuracy: 98.59%
   📅 Epoch 7 | Loss: 0.2836 | Val Accuracy: 98.57%
   📅 Epoch 8 | Loss: 0.2644 | Val Accuracy: 98.64%
      ⭐ New Best! Saved.
   📅 Epoch 9 | Loss: 0.2471 | Val Accuracy: 98.60%
   📅 Epoch 10 | Loss: 0.2320 | Val Accuracy: 98.56%
   📅 Epoch 11 | Loss: 0.2196 | Val Accuracy: 98.60%
   📅 Epoch 12 | Loss: 0.2085 | Val Accuracy: 98.62%
   📅 Epoch 13 | Loss: 0.1988 | Val Accuracy: 98.57%

   🛑 Early Stopping triggered after 5 epochs.

========================================
🏆 Best Val Accuracy: 98.64%
💾 Best Checkpoint: ./checkpoints/linear_mb-frost_cls_dinov3_sat_lr0.0001_original.pth
========================================

