
============================================================
📄 Log File: ./logs/linear_records/mb-frost_cls_dinov3_sat_1cha_lr0.01_original.log
⏰ Time: 2026-04-09 13:30:10
============================================================

🚀 Training dinov3_sat_1cha on mb-frost_cls | Mode: LINEAR | LR: 0.01
   📂 [TRAIN] Loading 4 shards...
   ✅ Loaded 30124 samples.
   📂 [TEST] Loading 2 shards...
   ✅ Loaded 12249 samples.
   ⚙️  Config: Workers=8, BS=256, SmallData=False

>>> Loading Model: dinov3_sat_1cha (dinov3_hub)
   🔍 Auditing weights for [dinov3_sat_1cha]...
   ✅ [PERFECT MATCH] 368/368 layers loaded (100.0%)

   🔍 [Structure Check] dinov3_sat_1cha Output Analysis:
      Type: Tuple (len=2)
      Item 0: Shape (1, 1024)
      Item 1: Shape (1, 256, 1024)
      ✅ Identified: CLS=True, Patch=True
      👉 Final Strategy: GAP_only | Input Dim: 1024
   ❄️  Mode: Linear Probe (Backbone Frozen)
   🚀 Compiling model with torch.compile...
   ⚡ AMP Precision: torch.bfloat16
   🔄 Training Start... (Epochs: 40, Patience: 5)
   📅 Epoch 1 | Loss: 0.1523 | Val Accuracy: 97.80%
      ⭐ New Best! (Model saving disabled to save space)
   📅 Epoch 2 | Loss: 0.0746 | Val Accuracy: 98.20%
      ⭐ New Best! (Model saving disabled to save space)
   📅 Epoch 3 | Loss: 0.0607 | Val Accuracy: 98.10%
   📅 Epoch 4 | Loss: 0.0517 | Val Accuracy: 97.78%
   📅 Epoch 5 | Loss: 0.0471 | Val Accuracy: 97.80%
   📅 Epoch 6 | Loss: 0.0441 | Val Accuracy: 98.20%
   📅 Epoch 7 | Loss: 0.0415 | Val Accuracy: 98.00%

   🛑 Early Stopping triggered after 5 epochs.

========================================
🏆 Best Val Accuracy: 98.20%
💾 Best Checkpoint: ./checkpoints/linear_mb-frost_cls_dinov3_sat_1cha_lr0.01_original.pth
========================================

