
============================================================
📄 Log File: ./logs/linear_records/mb-frost_cls_siglip2_lr0.0001_concat_2.log
⏰ Time: 2026-03-03 04:58:07
============================================================

🚀 Training siglip2 on mb-frost_cls | Mode: LINEAR | LR: 0.0001
   📂 [TRAIN] Loading 4 shards...
   ✅ Loaded 30124 samples.
   📂 [TEST] Loading 2 shards...
   ✅ Loaded 12249 samples.
   ⚙️  Config: Workers=8, BS=256, SmallData=False

>>> Loading Model: siglip2 (transformers)

   🔍 [Structure Check] siglip2 Output Analysis:
      Type: Tuple (len=2)
      Item 0: Shape (1, 1024)
      Item 1: Shape (1, 256, 1024)
      ✅ Identified: CLS=True, Patch=True
      👉 Final Strategy: concat_2 | Input Dim: 2048
   ❄️  Mode: Linear Probe (Backbone Frozen)
   🚀 Compiling model with torch.compile...
   ⚡ AMP Precision: torch.bfloat16
   🔄 Training Start... (Epochs: 40, Patience: 5)
   📅 Epoch 1 | Loss: 0.4920 | Val Accuracy: 93.71%
      ⭐ New Best! Saved.
   📅 Epoch 2 | Loss: 0.3388 | Val Accuracy: 94.99%
      ⭐ New Best! Saved.
   📅 Epoch 3 | Loss: 0.2795 | Val Accuracy: 95.09%
      ⭐ New Best! Saved.
   📅 Epoch 4 | Loss: 0.2450 | Val Accuracy: 95.49%
      ⭐ New Best! Saved.
   📅 Epoch 5 | Loss: 0.2261 | Val Accuracy: 95.75%
      ⭐ New Best! Saved.
   📅 Epoch 6 | Loss: 0.2050 | Val Accuracy: 95.88%
      ⭐ New Best! Saved.
   📅 Epoch 7 | Loss: 0.1939 | Val Accuracy: 95.95%
      ⭐ New Best! Saved.
   📅 Epoch 8 | Loss: 0.1832 | Val Accuracy: 95.95%
   📅 Epoch 9 | Loss: 0.1744 | Val Accuracy: 96.04%
      ⭐ New Best! Saved.
   📅 Epoch 10 | Loss: 0.1645 | Val Accuracy: 96.02%
   📅 Epoch 11 | Loss: 0.1593 | Val Accuracy: 96.09%
      ⭐ New Best! Saved.
   📅 Epoch 12 | Loss: 0.1534 | Val Accuracy: 96.05%
   📅 Epoch 13 | Loss: 0.1477 | Val Accuracy: 96.15%
      ⭐ New Best! Saved.
   📅 Epoch 14 | Loss: 0.1432 | Val Accuracy: 96.15%
      ⭐ New Best! Saved.
   📅 Epoch 15 | Loss: 0.1394 | Val Accuracy: 96.05%
   📅 Epoch 16 | Loss: 0.1357 | Val Accuracy: 96.08%
   📅 Epoch 17 | Loss: 0.1321 | Val Accuracy: 96.11%
   📅 Epoch 18 | Loss: 0.1274 | Val Accuracy: 96.05%
   📅 Epoch 19 | Loss: 0.1260 | Val Accuracy: 96.18%
      ⭐ New Best! Saved.
   📅 Epoch 20 | Loss: 0.1221 | Val Accuracy: 96.20%
      ⭐ New Best! Saved.
   📅 Epoch 21 | Loss: 0.1216 | Val Accuracy: 96.19%
   📅 Epoch 22 | Loss: 0.1186 | Val Accuracy: 96.15%
   📅 Epoch 23 | Loss: 0.1151 | Val Accuracy: 95.98%
   📅 Epoch 24 | Loss: 0.1152 | Val Accuracy: 95.83%
   📅 Epoch 25 | Loss: 0.1125 | Val Accuracy: 96.08%

   🛑 Early Stopping triggered after 5 epochs.

========================================
🏆 Best Val Accuracy: 96.20%
💾 Best Checkpoint: ./checkpoints/linear_mb-frost_cls_siglip2_lr0.0001_concat_2.pth
========================================

