
============================================================
📄 Log File: ./logs/linear_records/mb-frost_cls_openclip_lr0.01_concat_2.log
⏰ Time: 2026-03-02 15:53:49
============================================================

🚀 Training openclip on mb-frost_cls | Mode: LINEAR | LR: 0.01
   📂 [TRAIN] Loading 4 shards...
   ✅ Loaded 30124 samples.
   📂 [TEST] Loading 2 shards...
   ✅ Loaded 12249 samples.
   ⚙️  Config: Workers=8, BS=256, SmallData=False

>>> Loading Model: openclip (transformers_clip)

   🔍 [Structure Check] openclip Output Analysis:
      Type: Tuple (len=2)
      Item 0: Shape (1, 1024)
      Item 1: Shape (1, 256, 1024)
      ✅ Identified: CLS=True, Patch=True
      👉 Final Strategy: concat_2 | Input Dim: 2048
   ❄️  Mode: Linear Probe (Backbone Frozen)
   🚀 Compiling model with torch.compile...
   ⚡ AMP Precision: torch.bfloat16
   🔄 Training Start... (Epochs: 40, Patience: 5)
   📅 Epoch 1 | Loss: 0.4677 | Val Accuracy: 95.92%
      ⭐ New Best! Saved.
   📅 Epoch 2 | Loss: 0.0870 | Val Accuracy: 95.75%
   📅 Epoch 3 | Loss: 0.0757 | Val Accuracy: 96.08%
      ⭐ New Best! Saved.
   📅 Epoch 4 | Loss: 0.0704 | Val Accuracy: 95.34%
   📅 Epoch 5 | Loss: 0.0641 | Val Accuracy: 94.72%
   📅 Epoch 6 | Loss: 0.0732 | Val Accuracy: 96.10%
      ⭐ New Best! Saved.
   📅 Epoch 7 | Loss: 0.0651 | Val Accuracy: 97.29%
      ⭐ New Best! Saved.
   📅 Epoch 8 | Loss: 0.0574 | Val Accuracy: 96.02%
   📅 Epoch 9 | Loss: 0.0562 | Val Accuracy: 97.20%
   📅 Epoch 10 | Loss: 0.0534 | Val Accuracy: 96.10%
   📅 Epoch 11 | Loss: 0.0539 | Val Accuracy: 96.48%
   📅 Epoch 12 | Loss: 0.0534 | Val Accuracy: 95.76%

   🛑 Early Stopping triggered after 5 epochs.

========================================
🏆 Best Val Accuracy: 97.29%
💾 Best Checkpoint: ./checkpoints/linear_mb-frost_cls_openclip_lr0.01_concat_2.pth
========================================

