
============================================================
📄 Log File: ./logs/linear_records/mb-frost_cls_scale_mae_lr0.001_concat_3.log
⏰ Time: 2026-03-02 23:58:17
============================================================

🚀 Training scale_mae on mb-frost_cls | Mode: LINEAR | LR: 0.001
   📂 [TRAIN] Loading 4 shards...
   ✅ Loaded 30124 samples.
   📂 [TEST] Loading 2 shards...
   ✅ Loaded 12249 samples.
   ⚙️  Config: Workers=8, BS=256, SmallData=False

>>> Loading Model: scale_mae (scalemae)
   🔍 Auditing weights for [scale_mae]...
   ⚠️ [PARTIAL MATCH] 344/435 layers loaded (79.1%)

   🔍 [Structure Check] scale_mae Output Analysis:
      Type: Tuple (len=2)
      Item 0: Shape (1, 1024)
      Item 1: Shape (1, 196, 1024)
      ✅ Identified: CLS=True, Patch=True
      👉 Final Strategy: concat_3 | Input Dim: 3072
      📏 ScaleMAE GSD: 0.3 m/px
   ❄️  Mode: Linear Probe (Backbone Frozen)
   🚀 Compiling model with torch.compile...
   ⚡ AMP Precision: torch.bfloat16
   🔄 Training Start... (Epochs: 40, Patience: 5)
   📅 Epoch 1 | Loss: 0.5089 | Val Accuracy: 94.15%
      ⭐ New Best! Saved.
   📅 Epoch 2 | Loss: 0.3856 | Val Accuracy: 92.45%
   📅 Epoch 3 | Loss: 0.3486 | Val Accuracy: 94.35%
      ⭐ New Best! Saved.
   📅 Epoch 4 | Loss: 0.3217 | Val Accuracy: 95.84%
      ⭐ New Best! Saved.
   📅 Epoch 5 | Loss: 0.3037 | Val Accuracy: 95.00%
   📅 Epoch 6 | Loss: 0.2887 | Val Accuracy: 94.96%
   📅 Epoch 7 | Loss: 0.2751 | Val Accuracy: 96.64%
      ⭐ New Best! Saved.
   📅 Epoch 8 | Loss: 0.2759 | Val Accuracy: 96.55%
   📅 Epoch 9 | Loss: 0.2610 | Val Accuracy: 96.32%
   📅 Epoch 10 | Loss: 0.2627 | Val Accuracy: 96.71%
      ⭐ New Best! Saved.
   📅 Epoch 11 | Loss: 0.2544 | Val Accuracy: 96.09%
   📅 Epoch 12 | Loss: 0.2463 | Val Accuracy: 96.22%
   📅 Epoch 13 | Loss: 0.2463 | Val Accuracy: 95.31%
   📅 Epoch 14 | Loss: 0.2362 | Val Accuracy: 96.29%
   📅 Epoch 15 | Loss: 0.2347 | Val Accuracy: 95.98%

   🛑 Early Stopping triggered after 5 epochs.

========================================
🏆 Best Val Accuracy: 96.71%
💾 Best Checkpoint: ./checkpoints/linear_mb-frost_cls_scale_mae_lr0.001_concat_3.pth
========================================

