
============================================================
📄 Log File: ./logs/linear_records/mb-frost_cls_dinov3_lvd_lr0.0001_concat_3.log
⏰ Time: 2026-03-02 00:03:23
============================================================

🚀 Training dinov3_lvd on mb-frost_cls | Mode: LINEAR | LR: 0.0001
   📂 [TRAIN] Loading 4 shards...
   ✅ Loaded 30124 samples.
   📂 [TEST] Loading 2 shards...
   ✅ Loaded 12249 samples.
   ⚙️  Config: Workers=8, BS=256, SmallData=False

>>> Loading Model: dinov3_lvd (dinov3_hub)
   🔍 Auditing weights for [dinov3_lvd]...
   ✅ [PERFECT MATCH] 368/368 layers loaded (100.0%)

   🔍 [Structure Check] dinov3_lvd Output Analysis:
      Type: Tuple (len=2)
      Item 0: Shape (1, 1024)
      Item 1: Shape (1, 256, 1024)
      ✅ Identified: CLS=True, Patch=True
      👉 Final Strategy: concat_3 | Input Dim: 3072
   ❄️  Mode: Linear Probe (Backbone Frozen)
   🚀 Compiling model with torch.compile...
   ⚡ AMP Precision: torch.bfloat16
   🔄 Training Start... (Epochs: 40, Patience: 5)
   📅 Epoch 1 | Loss: 0.4421 | Val Accuracy: 95.35%
      ⭐ New Best! Saved.
   📅 Epoch 2 | Loss: 0.2842 | Val Accuracy: 95.44%
      ⭐ New Best! Saved.
   📅 Epoch 3 | Loss: 0.2343 | Val Accuracy: 96.10%
      ⭐ New Best! Saved.
   📅 Epoch 4 | Loss: 0.2059 | Val Accuracy: 96.29%
      ⭐ New Best! Saved.
   📅 Epoch 5 | Loss: 0.1826 | Val Accuracy: 96.35%
      ⭐ New Best! Saved.
   📅 Epoch 6 | Loss: 0.1645 | Val Accuracy: 96.44%
      ⭐ New Best! Saved.
   📅 Epoch 7 | Loss: 0.1544 | Val Accuracy: 96.50%
      ⭐ New Best! Saved.
   📅 Epoch 8 | Loss: 0.1426 | Val Accuracy: 96.33%
   📅 Epoch 9 | Loss: 0.1336 | Val Accuracy: 96.52%
      ⭐ New Best! Saved.
   📅 Epoch 10 | Loss: 0.1273 | Val Accuracy: 96.33%
   📅 Epoch 11 | Loss: 0.1199 | Val Accuracy: 96.46%
   📅 Epoch 12 | Loss: 0.1146 | Val Accuracy: 96.44%
   📅 Epoch 13 | Loss: 0.1088 | Val Accuracy: 96.30%
   📅 Epoch 14 | Loss: 0.1046 | Val Accuracy: 96.49%

   🛑 Early Stopping triggered after 5 epochs.

========================================
🏆 Best Val Accuracy: 96.52%
💾 Best Checkpoint: ./checkpoints/linear_mb-frost_cls_dinov3_lvd_lr0.0001_concat_3.pth
========================================

