
============================================================
📄 Log File: ./logs/linear_records/mb-frost_cls_dinov3_sat_lr0.01_original.log
⏰ Time: 2026-03-02 02:03:39
============================================================

🚀 Training dinov3_sat on mb-frost_cls | Mode: LINEAR | LR: 0.01
   📂 [TRAIN] Loading 4 shards...
   ✅ Loaded 30124 samples.
   📂 [TEST] Loading 2 shards...
   ✅ Loaded 12249 samples.
   ⚙️  Config: Workers=8, BS=256, SmallData=False

>>> Loading Model: dinov3_sat (dinov3_hub)
   🔍 Auditing weights for [dinov3_sat]...
   ✅ [PERFECT MATCH] 368/368 layers loaded (100.0%)

   🔍 [Structure Check] dinov3_sat Output Analysis:
      Type: Tuple (len=2)
      Item 0: Shape (1, 1024)
      Item 1: Shape (1, 256, 1024)
      ✅ Identified: CLS=True, Patch=True
      👉 Final Strategy: GAP_only | Input Dim: 1024
   ❄️  Mode: Linear Probe (Backbone Frozen)
   🚀 Compiling model with torch.compile...
   ⚡ AMP Precision: torch.bfloat16
   🔄 Training Start... (Epochs: 40, Patience: 5)
   📅 Epoch 1 | Loss: 0.1256 | Val Accuracy: 98.73%
      ⭐ New Best! Saved.
   📅 Epoch 2 | Loss: 0.0575 | Val Accuracy: 99.30%
      ⭐ New Best! Saved.
   📅 Epoch 3 | Loss: 0.0463 | Val Accuracy: 99.27%
   📅 Epoch 4 | Loss: 0.0391 | Val Accuracy: 99.49%
      ⭐ New Best! Saved.
   📅 Epoch 5 | Loss: 0.0365 | Val Accuracy: 99.48%
   📅 Epoch 6 | Loss: 0.0343 | Val Accuracy: 99.37%
   📅 Epoch 7 | Loss: 0.0308 | Val Accuracy: 99.43%
   📅 Epoch 8 | Loss: 0.0304 | Val Accuracy: 99.51%
      ⭐ New Best! Saved.
   📅 Epoch 9 | Loss: 0.0288 | Val Accuracy: 99.40%
   📅 Epoch 10 | Loss: 0.0272 | Val Accuracy: 99.36%
   📅 Epoch 11 | Loss: 0.0280 | Val Accuracy: 99.47%
   📅 Epoch 12 | Loss: 0.0253 | Val Accuracy: 99.46%
   📅 Epoch 13 | Loss: 0.0253 | Val Accuracy: 99.46%

   🛑 Early Stopping triggered after 5 epochs.

========================================
🏆 Best Val Accuracy: 99.51%
💾 Best Checkpoint: ./checkpoints/linear_mb-frost_cls_dinov3_sat_lr0.01_original.pth
========================================

