
============================================================
📄 Log File: ./logs/linear_records/mb-frost_cls_dinov3_lvd_lr0.001_concat_2.log
⏰ Time: 2026-03-01 22:32:26
============================================================

🚀 Training dinov3_lvd on mb-frost_cls | Mode: LINEAR | LR: 0.001
   📂 [TRAIN] Loading 4 shards...
   ✅ Loaded 30124 samples.
   📂 [TEST] Loading 2 shards...
   ✅ Loaded 12249 samples.
   ⚙️  Config: Workers=8, BS=256, SmallData=False

>>> Loading Model: dinov3_lvd (dinov3_hub)
   🔍 Auditing weights for [dinov3_lvd]...
   ✅ [PERFECT MATCH] 368/368 layers loaded (100.0%)

   🔍 [Structure Check] dinov3_lvd Output Analysis:
      Type: Tuple (len=2)
      Item 0: Shape (1, 1024)
      Item 1: Shape (1, 256, 1024)
      ✅ Identified: CLS=True, Patch=True
      👉 Final Strategy: concat_2 | Input Dim: 2048
   ❄️  Mode: Linear Probe (Backbone Frozen)
   🚀 Compiling model with torch.compile...
   ⚡ AMP Precision: torch.bfloat16
   🔄 Training Start... (Epochs: 40, Patience: 5)
   📅 Epoch 1 | Loss: 0.2238 | Val Accuracy: 96.49%
      ⭐ New Best! Saved.
   📅 Epoch 2 | Loss: 0.1174 | Val Accuracy: 96.37%
   📅 Epoch 3 | Loss: 0.0893 | Val Accuracy: 96.29%
   📅 Epoch 4 | Loss: 0.0770 | Val Accuracy: 96.55%
      ⭐ New Best! Saved.
   📅 Epoch 5 | Loss: 0.0711 | Val Accuracy: 96.54%
   📅 Epoch 6 | Loss: 0.0649 | Val Accuracy: 97.35%
      ⭐ New Best! Saved.
   📅 Epoch 7 | Loss: 0.0623 | Val Accuracy: 96.82%
   📅 Epoch 8 | Loss: 0.0564 | Val Accuracy: 96.34%
   📅 Epoch 9 | Loss: 0.0533 | Val Accuracy: 96.82%
   📅 Epoch 10 | Loss: 0.0519 | Val Accuracy: 96.97%
   📅 Epoch 11 | Loss: 0.0472 | Val Accuracy: 96.51%

   🛑 Early Stopping triggered after 5 epochs.

========================================
🏆 Best Val Accuracy: 97.35%
💾 Best Checkpoint: ./checkpoints/linear_mb-frost_cls_dinov3_lvd_lr0.001_concat_2.pth
========================================

