
============================================================
📄 Log File: ./logs/linear_records/mb-frost_cls_siglip2_lr0.001_concat_2.log
⏰ Time: 2026-03-03 03:50:01
============================================================

🚀 Training siglip2 on mb-frost_cls | Mode: LINEAR | LR: 0.001
   📂 [TRAIN] Loading 4 shards...
   ✅ Loaded 30124 samples.
   📂 [TEST] Loading 2 shards...
   ✅ Loaded 12249 samples.
   ⚙️  Config: Workers=8, BS=256, SmallData=False

>>> Loading Model: siglip2 (transformers)

   🔍 [Structure Check] siglip2 Output Analysis:
      Type: Tuple (len=2)
      Item 0: Shape (1, 1024)
      Item 1: Shape (1, 256, 1024)
      ✅ Identified: CLS=True, Patch=True
      👉 Final Strategy: concat_2 | Input Dim: 2048
   ❄️  Mode: Linear Probe (Backbone Frozen)
   🚀 Compiling model with torch.compile...
   ⚡ AMP Precision: torch.bfloat16
   🔄 Training Start... (Epochs: 40, Patience: 5)
   📅 Epoch 1 | Loss: 0.2785 | Val Accuracy: 95.97%
      ⭐ New Best! Saved.
   📅 Epoch 2 | Loss: 0.1600 | Val Accuracy: 96.04%
      ⭐ New Best! Saved.
   📅 Epoch 3 | Loss: 0.1287 | Val Accuracy: 95.98%
   📅 Epoch 4 | Loss: 0.1147 | Val Accuracy: 95.97%
   📅 Epoch 5 | Loss: 0.1075 | Val Accuracy: 95.89%
   📅 Epoch 6 | Loss: 0.0950 | Val Accuracy: 95.96%
   📅 Epoch 7 | Loss: 0.0908 | Val Accuracy: 95.86%

   🛑 Early Stopping triggered after 5 epochs.

========================================
🏆 Best Val Accuracy: 96.04%
💾 Best Checkpoint: ./checkpoints/linear_mb-frost_cls_siglip2_lr0.001_concat_2.pth
========================================

