
============================================================
📄 Log File: ./logs/linear_records/mb-frost_cls_dinov2_l14_lr0.0001_concat_2.log
⏰ Time: 2026-03-02 07:01:31
============================================================

🚀 Training dinov2_l14 on mb-frost_cls | Mode: LINEAR | LR: 0.0001
   📂 [TRAIN] Loading 4 shards...
   ✅ Loaded 30124 samples.
   📂 [TEST] Loading 2 shards...
   ✅ Loaded 12249 samples.
   ⚙️  Config: Workers=8, BS=256, SmallData=False

>>> Loading Model: dinov2_l14 (dinov2_hub)
   🔍 Auditing weights for [dinov2_l14]...
   ✅ [PERFECT MATCH] 343/343 layers loaded (100.0%)

   🔍 [Structure Check] dinov2_l14 Output Analysis:
      Type: Tuple (len=2)
      Item 0: Shape (1, 1024)
      Item 1: Shape (1, 256, 1024)
      ✅ Identified: CLS=True, Patch=True
      👉 Final Strategy: concat_2 | Input Dim: 2048
   ❄️  Mode: Linear Probe (Backbone Frozen)
   🚀 Compiling model with torch.compile...
   ⚡ AMP Precision: torch.bfloat16
   🔄 Training Start... (Epochs: 40, Patience: 5)
   📅 Epoch 1 | Loss: 0.3496 | Val Accuracy: 95.65%
      ⭐ New Best! Saved.
   📅 Epoch 2 | Loss: 0.1941 | Val Accuracy: 95.93%
      ⭐ New Best! Saved.
   📅 Epoch 3 | Loss: 0.1502 | Val Accuracy: 96.22%
      ⭐ New Best! Saved.
   📅 Epoch 4 | Loss: 0.1283 | Val Accuracy: 96.30%
      ⭐ New Best! Saved.
   📅 Epoch 5 | Loss: 0.1138 | Val Accuracy: 96.03%
   📅 Epoch 6 | Loss: 0.1017 | Val Accuracy: 96.09%
   📅 Epoch 7 | Loss: 0.0953 | Val Accuracy: 96.01%
   📅 Epoch 8 | Loss: 0.0877 | Val Accuracy: 96.19%
   📅 Epoch 9 | Loss: 0.0837 | Val Accuracy: 96.22%

   🛑 Early Stopping triggered after 5 epochs.

========================================
🏆 Best Val Accuracy: 96.30%
💾 Best Checkpoint: ./checkpoints/linear_mb-frost_cls_dinov2_l14_lr0.0001_concat_2.pth
========================================

