
============================================================
📄 Log File: ./logs/linear_records/mb-frost_cls_dinov1_b8_lr0.0001_concat_3.log
⏰ Time: 2026-03-02 11:45:32
============================================================

🚀 Training dinov1_b8 on mb-frost_cls | Mode: LINEAR | LR: 0.0001
   📂 [TRAIN] Loading 4 shards...
   ✅ Loaded 30124 samples.
   📂 [TEST] Loading 2 shards...
   ✅ Loaded 12249 samples.
   ⚙️  Config: Workers=8, BS=256, SmallData=False

>>> Loading Model: dinov1_b8 (dinov1)

   🔍 [Structure Check] dinov1_b8 Output Analysis:
      Type: Tuple (len=2)
      Item 0: Shape (1, 768)
      Item 1: Shape (1, 784, 768)
      ✅ Identified: CLS=True, Patch=True
      👉 Final Strategy: concat_3 | Input Dim: 2304
   ❄️  Mode: Linear Probe (Backbone Frozen)
   🚀 Compiling model with torch.compile...
   ⚡ AMP Precision: torch.bfloat16
   🔄 Training Start... (Epochs: 40, Patience: 5)
   📅 Epoch 1 | Loss: 0.2996 | Val Accuracy: 97.18%
      ⭐ New Best! Saved.
   📅 Epoch 2 | Loss: 0.1446 | Val Accuracy: 96.95%
   📅 Epoch 3 | Loss: 0.1093 | Val Accuracy: 97.00%
   📅 Epoch 4 | Loss: 0.0921 | Val Accuracy: 97.29%
      ⭐ New Best! Saved.
   📅 Epoch 5 | Loss: 0.0796 | Val Accuracy: 97.29%
   📅 Epoch 6 | Loss: 0.0735 | Val Accuracy: 97.02%
   📅 Epoch 7 | Loss: 0.0668 | Val Accuracy: 97.13%
   📅 Epoch 8 | Loss: 0.0610 | Val Accuracy: 97.20%
   📅 Epoch 9 | Loss: 0.0585 | Val Accuracy: 96.98%

   🛑 Early Stopping triggered after 5 epochs.

========================================
🏆 Best Val Accuracy: 97.29%
💾 Best Checkpoint: ./checkpoints/linear_mb-frost_cls_dinov1_b8_lr0.0001_concat_3.pth
========================================

