
============================================================
📄 Log File: ./logs/linear_records/mb-frost_cls_vit_l_lr0.0001_concat_2.log
⏰ Time: 2026-03-02 22:05:03
============================================================

🚀 Training vit_l on mb-frost_cls | Mode: LINEAR | LR: 0.0001
   📂 [TRAIN] Loading 4 shards...
   ✅ Loaded 30124 samples.
   📂 [TEST] Loading 2 shards...
   ✅ Loaded 12249 samples.
   ⚙️  Config: Workers=8, BS=256, SmallData=False

>>> Loading Model: vit_l (torchvision_vit)
   🔍 Auditing weights for [vit_l]...
   ✅ [PERFECT MATCH] 296/296 layers loaded (100.0%)

   🔍 [Structure Check] vit_l Output Analysis:
      Type: Tuple (len=2)
      Item 0: Shape (1, 1024)
      Item 1: Shape (1, 196, 1024)
      ✅ Identified: CLS=True, Patch=True
      👉 Final Strategy: concat_2 | Input Dim: 2048
   ❄️  Mode: Linear Probe (Backbone Frozen)
   🚀 Compiling model with torch.compile...
   ⚡ AMP Precision: torch.bfloat16
   🔄 Training Start... (Epochs: 40, Patience: 5)
   📅 Epoch 1 | Loss: 0.4692 | Val Accuracy: 93.34%
      ⭐ New Best! Saved.
   📅 Epoch 2 | Loss: 0.3225 | Val Accuracy: 94.63%
      ⭐ New Best! Saved.
   📅 Epoch 3 | Loss: 0.2710 | Val Accuracy: 94.82%
      ⭐ New Best! Saved.
   📅 Epoch 4 | Loss: 0.2396 | Val Accuracy: 94.67%
   📅 Epoch 5 | Loss: 0.2206 | Val Accuracy: 94.64%
   📅 Epoch 6 | Loss: 0.2061 | Val Accuracy: 94.62%
   📅 Epoch 7 | Loss: 0.1963 | Val Accuracy: 94.74%
   📅 Epoch 8 | Loss: 0.1847 | Val Accuracy: 94.70%

   🛑 Early Stopping triggered after 5 epochs.

========================================
🏆 Best Val Accuracy: 94.82%
💾 Best Checkpoint: ./checkpoints/linear_mb-frost_cls_vit_l_lr0.0001_concat_2.pth
========================================

