
============================================================
📄 Log File: ./logs/linear_records/mb-frost_cls_scale_mae_lr0.001_original.log
⏰ Time: 2026-03-03 00:19:15
============================================================

🚀 Training scale_mae on mb-frost_cls | Mode: LINEAR | LR: 0.001
   📂 [TRAIN] Loading 4 shards...
   ✅ Loaded 30124 samples.
   📂 [TEST] Loading 2 shards...
   ✅ Loaded 12249 samples.
   ⚙️  Config: Workers=8, BS=256, SmallData=False

>>> Loading Model: scale_mae (scalemae)
   🔍 Auditing weights for [scale_mae]...
   ⚠️ [PARTIAL MATCH] 344/435 layers loaded (79.1%)

   🔍 [Structure Check] scale_mae Output Analysis:
      Type: Tuple (len=2)
      Item 0: Shape (1, 1024)
      Item 1: Shape (1, 196, 1024)
      ✅ Identified: CLS=True, Patch=True
      👉 Final Strategy: GAP_only | Input Dim: 1024
      📏 ScaleMAE GSD: 0.3 m/px
   ❄️  Mode: Linear Probe (Backbone Frozen)
   🚀 Compiling model with torch.compile...
   ⚡ AMP Precision: torch.bfloat16
   🔄 Training Start... (Epochs: 40, Patience: 5)
   📅 Epoch 1 | Loss: 0.5005 | Val Accuracy: 93.93%
      ⭐ New Best! Saved.
   📅 Epoch 2 | Loss: 0.4088 | Val Accuracy: 94.83%
      ⭐ New Best! Saved.
   📅 Epoch 3 | Loss: 0.3766 | Val Accuracy: 95.23%
      ⭐ New Best! Saved.
   📅 Epoch 4 | Loss: 0.3516 | Val Accuracy: 95.34%
      ⭐ New Best! Saved.
   📅 Epoch 5 | Loss: 0.3405 | Val Accuracy: 94.09%
   📅 Epoch 6 | Loss: 0.3278 | Val Accuracy: 95.51%
      ⭐ New Best! Saved.
   📅 Epoch 7 | Loss: 0.3175 | Val Accuracy: 95.42%
   📅 Epoch 8 | Loss: 0.3132 | Val Accuracy: 96.04%
      ⭐ New Best! Saved.
   📅 Epoch 9 | Loss: 0.3027 | Val Accuracy: 95.67%
   📅 Epoch 10 | Loss: 0.2985 | Val Accuracy: 95.90%
   📅 Epoch 11 | Loss: 0.2934 | Val Accuracy: 95.77%
   📅 Epoch 12 | Loss: 0.2881 | Val Accuracy: 96.30%
      ⭐ New Best! Saved.
   📅 Epoch 13 | Loss: 0.2865 | Val Accuracy: 95.46%
   📅 Epoch 14 | Loss: 0.2763 | Val Accuracy: 95.06%
   📅 Epoch 15 | Loss: 0.2748 | Val Accuracy: 95.67%
   📅 Epoch 16 | Loss: 0.2774 | Val Accuracy: 95.74%
   📅 Epoch 17 | Loss: 0.2697 | Val Accuracy: 95.72%

   🛑 Early Stopping triggered after 5 epochs.

========================================
🏆 Best Val Accuracy: 96.30%
💾 Best Checkpoint: ./checkpoints/linear_mb-frost_cls_scale_mae_lr0.001_original.pth
========================================

