
============================================================
📄 Log File: ./logs/linear_records/mb-frost_cls_swin_v2_lr0.01_original.log
⏰ Time: 2026-03-02 18:55:17
============================================================

🚀 Training swin_v2 on mb-frost_cls | Mode: LINEAR | LR: 0.01
   📂 [TRAIN] Loading 4 shards...
   ✅ Loaded 30124 samples.
   📂 [TEST] Loading 2 shards...
   ✅ Loaded 12249 samples.
   ⚙️  Config: Workers=8, BS=256, SmallData=False

>>> Loading Model: swin_v2 (torchvision_swin)
   🔍 Auditing weights for [swin_v2]...
   ✅ [PERFECT MATCH] 449/449 layers loaded (100.0%)

   🔍 [Structure Check] swin_v2 Output Analysis:
      Type: Tuple (len=2)
      Item 0: Shape (1, 1024)
      Item 1: Shape (1, 64, 1024)
      ✅ Identified: CLS=True, Patch=True
      👉 Final Strategy: GAP_only | Input Dim: 1024
   ❄️  Mode: Linear Probe (Backbone Frozen)
   🚀 Compiling model with torch.compile...
   ⚡ AMP Precision: torch.bfloat16
   🔄 Training Start... (Epochs: 40, Patience: 5)
   📅 Epoch 1 | Loss: 0.2301 | Val Accuracy: 96.15%
      ⭐ New Best! Saved.
   📅 Epoch 2 | Loss: 0.1643 | Val Accuracy: 96.37%
      ⭐ New Best! Saved.
   📅 Epoch 3 | Loss: 0.1582 | Val Accuracy: 95.31%
   📅 Epoch 4 | Loss: 0.1539 | Val Accuracy: 94.25%
   📅 Epoch 5 | Loss: 0.1532 | Val Accuracy: 96.47%
      ⭐ New Best! Saved.
   📅 Epoch 6 | Loss: 0.1493 | Val Accuracy: 95.00%
   📅 Epoch 7 | Loss: 0.1479 | Val Accuracy: 94.82%
   📅 Epoch 8 | Loss: 0.1437 | Val Accuracy: 95.80%
   📅 Epoch 9 | Loss: 0.1404 | Val Accuracy: 95.39%
   📅 Epoch 10 | Loss: 0.1441 | Val Accuracy: 96.09%

   🛑 Early Stopping triggered after 5 epochs.

========================================
🏆 Best Val Accuracy: 96.47%
💾 Best Checkpoint: ./checkpoints/linear_mb-frost_cls_swin_v2_lr0.01_original.pth
========================================

