
============================================================
📄 Log File: ./logs/linear_records/mb-frost_cls_dinov1_b8_lr0.001_concat_2.log
⏰ Time: 2026-03-02 09:20:34
============================================================

🚀 Training dinov1_b8 on mb-frost_cls | Mode: LINEAR | LR: 0.001
   📂 [TRAIN] Loading 4 shards...
   ✅ Loaded 30124 samples.
   📂 [TEST] Loading 2 shards...
   ✅ Loaded 12249 samples.
   ⚙️  Config: Workers=8, BS=256, SmallData=False

>>> Loading Model: dinov1_b8 (dinov1)

   🔍 [Structure Check] dinov1_b8 Output Analysis:
      Type: Tuple (len=2)
      Item 0: Shape (1, 768)
      Item 1: Shape (1, 784, 768)
      ✅ Identified: CLS=True, Patch=True
      👉 Final Strategy: concat_2 | Input Dim: 1536
   ❄️  Mode: Linear Probe (Backbone Frozen)
   🚀 Compiling model with torch.compile...
   ⚡ AMP Precision: torch.bfloat16
   🔄 Training Start... (Epochs: 40, Patience: 5)
   📅 Epoch 1 | Loss: 0.1445 | Val Accuracy: 96.66%
      ⭐ New Best! Saved.
   📅 Epoch 2 | Loss: 0.0571 | Val Accuracy: 96.93%
      ⭐ New Best! Saved.
   📅 Epoch 3 | Loss: 0.0453 | Val Accuracy: 96.93%
   📅 Epoch 4 | Loss: 0.0393 | Val Accuracy: 96.82%
   📅 Epoch 5 | Loss: 0.0379 | Val Accuracy: 97.19%
      ⭐ New Best! Saved.
   📅 Epoch 6 | Loss: 0.0337 | Val Accuracy: 97.07%
   📅 Epoch 7 | Loss: 0.0310 | Val Accuracy: 97.01%
   📅 Epoch 8 | Loss: 0.0303 | Val Accuracy: 97.08%
   📅 Epoch 9 | Loss: 0.0280 | Val Accuracy: 97.26%
      ⭐ New Best! Saved.
   📅 Epoch 10 | Loss: 0.0273 | Val Accuracy: 96.68%
   📅 Epoch 11 | Loss: 0.0265 | Val Accuracy: 95.78%
   📅 Epoch 12 | Loss: 0.0267 | Val Accuracy: 97.02%
   📅 Epoch 13 | Loss: 0.0245 | Val Accuracy: 97.25%
   📅 Epoch 14 | Loss: 0.0232 | Val Accuracy: 97.03%

   🛑 Early Stopping triggered after 5 epochs.

========================================
🏆 Best Val Accuracy: 97.26%
💾 Best Checkpoint: ./checkpoints/linear_mb-frost_cls_dinov1_b8_lr0.001_concat_2.pth
========================================

