
============================================================
📄 Log File: ./logs/linear_records/mb-frost_cls_dinov1_b8_lr0.001_original.log
⏰ Time: 2026-03-02 10:20:58
============================================================

🚀 Training dinov1_b8 on mb-frost_cls | Mode: LINEAR | LR: 0.001
   📂 [TRAIN] Loading 4 shards...
   ✅ Loaded 30124 samples.
   📂 [TEST] Loading 2 shards...
   ✅ Loaded 12249 samples.
   ⚙️  Config: Workers=8, BS=256, SmallData=False

>>> Loading Model: dinov1_b8 (dinov1)

   🔍 [Structure Check] dinov1_b8 Output Analysis:
      Type: Tuple (len=2)
      Item 0: Shape (1, 768)
      Item 1: Shape (1, 784, 768)
      ✅ Identified: CLS=True, Patch=True
      👉 Final Strategy: CLS_only | Input Dim: 768
   ❄️  Mode: Linear Probe (Backbone Frozen)
   🚀 Compiling model with torch.compile...
   ⚡ AMP Precision: torch.bfloat16
   🔄 Training Start... (Epochs: 40, Patience: 5)
   📅 Epoch 1 | Loss: 0.1379 | Val Accuracy: 96.69%
      ⭐ New Best! Saved.
   📅 Epoch 2 | Loss: 0.0590 | Val Accuracy: 96.83%
      ⭐ New Best! Saved.
   📅 Epoch 3 | Loss: 0.0477 | Val Accuracy: 96.13%
   📅 Epoch 4 | Loss: 0.0438 | Val Accuracy: 96.60%
   📅 Epoch 5 | Loss: 0.0394 | Val Accuracy: 96.73%
   📅 Epoch 6 | Loss: 0.0383 | Val Accuracy: 96.99%
      ⭐ New Best! Saved.
   📅 Epoch 7 | Loss: 0.0352 | Val Accuracy: 96.79%
   📅 Epoch 8 | Loss: 0.0339 | Val Accuracy: 96.96%
   📅 Epoch 9 | Loss: 0.0325 | Val Accuracy: 96.38%
   📅 Epoch 10 | Loss: 0.0330 | Val Accuracy: 96.99%
   📅 Epoch 11 | Loss: 0.0281 | Val Accuracy: 96.80%

   🛑 Early Stopping triggered after 5 epochs.

========================================
🏆 Best Val Accuracy: 96.99%
💾 Best Checkpoint: ./checkpoints/linear_mb-frost_cls_dinov1_b8_lr0.001_original.pth
========================================

