
============================================================
📄 Log File: ./logs/linear_records/mb-frost_cls_dinov2_l14_lr0.01_concat_2.log
⏰ Time: 2026-03-02 05:22:31
============================================================

🚀 Training dinov2_l14 on mb-frost_cls | Mode: LINEAR | LR: 0.01
   📂 [TRAIN] Loading 4 shards...
   ✅ Loaded 30124 samples.
   📂 [TEST] Loading 2 shards...
   ✅ Loaded 12249 samples.
   ⚙️  Config: Workers=8, BS=256, SmallData=False

>>> Loading Model: dinov2_l14 (dinov2_hub)
   🔍 Auditing weights for [dinov2_l14]...
   ✅ [PERFECT MATCH] 343/343 layers loaded (100.0%)

   🔍 [Structure Check] dinov2_l14 Output Analysis:
      Type: Tuple (len=2)
      Item 0: Shape (1, 1024)
      Item 1: Shape (1, 256, 1024)
      ✅ Identified: CLS=True, Patch=True
      👉 Final Strategy: concat_2 | Input Dim: 2048
   ❄️  Mode: Linear Probe (Backbone Frozen)
   🚀 Compiling model with torch.compile...
   ⚡ AMP Precision: torch.bfloat16
   🔄 Training Start... (Epochs: 40, Patience: 5)
   📅 Epoch 1 | Loss: 0.4125 | Val Accuracy: 95.79%
      ⭐ New Best! Saved.
   📅 Epoch 2 | Loss: 0.0664 | Val Accuracy: 96.44%
      ⭐ New Best! Saved.
   📅 Epoch 3 | Loss: 0.0563 | Val Accuracy: 94.20%
   📅 Epoch 4 | Loss: 0.0576 | Val Accuracy: 95.73%
   📅 Epoch 5 | Loss: 0.0604 | Val Accuracy: 95.33%
   📅 Epoch 6 | Loss: 0.0684 | Val Accuracy: 96.65%
      ⭐ New Best! Saved.
   📅 Epoch 7 | Loss: 0.0619 | Val Accuracy: 95.27%
   📅 Epoch 8 | Loss: 0.0884 | Val Accuracy: 96.82%
      ⭐ New Best! Saved.
   📅 Epoch 9 | Loss: 0.0578 | Val Accuracy: 95.35%
   📅 Epoch 10 | Loss: 0.0531 | Val Accuracy: 94.27%
   📅 Epoch 11 | Loss: 0.0546 | Val Accuracy: 96.42%
   📅 Epoch 12 | Loss: 0.0714 | Val Accuracy: 93.84%
   📅 Epoch 13 | Loss: 0.0613 | Val Accuracy: 96.37%

   🛑 Early Stopping triggered after 5 epochs.

========================================
🏆 Best Val Accuracy: 96.82%
💾 Best Checkpoint: ./checkpoints/linear_mb-frost_cls_dinov2_l14_lr0.01_concat_2.pth
========================================

