
============================================================
📄 Log File: ./logs/linear_records/mb-frost_cls_swin_v2_lr0.0001_concat_2.log
⏰ Time: 2026-03-02 19:20:37
============================================================

🚀 Training swin_v2 on mb-frost_cls | Mode: LINEAR | LR: 0.0001
   📂 [TRAIN] Loading 4 shards...
   ✅ Loaded 30124 samples.
   📂 [TEST] Loading 2 shards...
   ✅ Loaded 12249 samples.
   ⚙️  Config: Workers=8, BS=256, SmallData=False

>>> Loading Model: swin_v2 (torchvision_swin)
   🔍 Auditing weights for [swin_v2]...
   ✅ [PERFECT MATCH] 449/449 layers loaded (100.0%)

   🔍 [Structure Check] swin_v2 Output Analysis:
      Type: Tuple (len=2)
      Item 0: Shape (1, 1024)
      Item 1: Shape (1, 64, 1024)
      ✅ Identified: CLS=True, Patch=True
      👉 Final Strategy: concat_2 | Input Dim: 2048
   ❄️  Mode: Linear Probe (Backbone Frozen)
   🚀 Compiling model with torch.compile...
   ⚡ AMP Precision: torch.bfloat16
   🔄 Training Start... (Epochs: 40, Patience: 5)
   📅 Epoch 1 | Loss: 0.4765 | Val Accuracy: 93.63%
      ⭐ New Best! Saved.
   📅 Epoch 2 | Loss: 0.3341 | Val Accuracy: 95.14%
      ⭐ New Best! Saved.
   📅 Epoch 3 | Loss: 0.2852 | Val Accuracy: 95.58%
      ⭐ New Best! Saved.
   📅 Epoch 4 | Loss: 0.2601 | Val Accuracy: 95.86%
      ⭐ New Best! Saved.
   📅 Epoch 5 | Loss: 0.2419 | Val Accuracy: 95.92%
      ⭐ New Best! Saved.
   📅 Epoch 6 | Loss: 0.2292 | Val Accuracy: 95.34%
   📅 Epoch 7 | Loss: 0.2197 | Val Accuracy: 95.52%
   📅 Epoch 8 | Loss: 0.2113 | Val Accuracy: 95.61%
   📅 Epoch 9 | Loss: 0.2034 | Val Accuracy: 95.37%
   📅 Epoch 10 | Loss: 0.1995 | Val Accuracy: 95.41%

   🛑 Early Stopping triggered after 5 epochs.

========================================
🏆 Best Val Accuracy: 95.92%
💾 Best Checkpoint: ./checkpoints/linear_mb-frost_cls_swin_v2_lr0.0001_concat_2.pth
========================================

