
============================================================
📄 Log File: ./logs/linear_records/mb-frost_cls_scale_mae_lr0.001_concat_2.log
⏰ Time: 2026-03-02 23:32:54
============================================================

🚀 Training scale_mae on mb-frost_cls | Mode: LINEAR | LR: 0.001
   📂 [TRAIN] Loading 4 shards...
   ✅ Loaded 30124 samples.
   📂 [TEST] Loading 2 shards...
   ✅ Loaded 12249 samples.
   ⚙️  Config: Workers=8, BS=256, SmallData=False

>>> Loading Model: scale_mae (scalemae)
   🔍 Auditing weights for [scale_mae]...
   ⚠️ [PARTIAL MATCH] 344/435 layers loaded (79.1%)

   🔍 [Structure Check] scale_mae Output Analysis:
      Type: Tuple (len=2)
      Item 0: Shape (1, 1024)
      Item 1: Shape (1, 196, 1024)
      ✅ Identified: CLS=True, Patch=True
      👉 Final Strategy: concat_2 | Input Dim: 2048
      📏 ScaleMAE GSD: 0.3 m/px
   ❄️  Mode: Linear Probe (Backbone Frozen)
   🚀 Compiling model with torch.compile...
   ⚡ AMP Precision: torch.bfloat16
   🔄 Training Start... (Epochs: 40, Patience: 5)
   📅 Epoch 1 | Loss: 0.4888 | Val Accuracy: 92.66%
      ⭐ New Best! Saved.
   📅 Epoch 2 | Loss: 0.3911 | Val Accuracy: 95.84%
      ⭐ New Best! Saved.
   📅 Epoch 3 | Loss: 0.3516 | Val Accuracy: 94.04%
   📅 Epoch 4 | Loss: 0.3254 | Val Accuracy: 94.97%
   📅 Epoch 5 | Loss: 0.3122 | Val Accuracy: 95.35%
   📅 Epoch 6 | Loss: 0.2992 | Val Accuracy: 95.86%
      ⭐ New Best! Saved.
   📅 Epoch 7 | Loss: 0.2869 | Val Accuracy: 96.18%
      ⭐ New Best! Saved.
   📅 Epoch 8 | Loss: 0.2809 | Val Accuracy: 96.14%
   📅 Epoch 9 | Loss: 0.2724 | Val Accuracy: 96.06%
   📅 Epoch 10 | Loss: 0.2709 | Val Accuracy: 96.12%
   📅 Epoch 11 | Loss: 0.2632 | Val Accuracy: 96.20%
      ⭐ New Best! Saved.
   📅 Epoch 12 | Loss: 0.2573 | Val Accuracy: 95.99%
   📅 Epoch 13 | Loss: 0.2526 | Val Accuracy: 96.20%
      ⭐ New Best! Saved.
   📅 Epoch 14 | Loss: 0.2506 | Val Accuracy: 95.45%
   📅 Epoch 15 | Loss: 0.2448 | Val Accuracy: 95.81%
   📅 Epoch 16 | Loss: 0.2441 | Val Accuracy: 95.99%
   📅 Epoch 17 | Loss: 0.2406 | Val Accuracy: 96.08%
   📅 Epoch 18 | Loss: 0.2387 | Val Accuracy: 96.04%

   🛑 Early Stopping triggered after 5 epochs.

========================================
🏆 Best Val Accuracy: 96.20%
💾 Best Checkpoint: ./checkpoints/linear_mb-frost_cls_scale_mae_lr0.001_concat_2.pth
========================================

