
============================================================
📄 Log File: ./logs/linear_records/mb-frost_cls_dinov3_sat_1cha_lr0.01_concat_2.log
⏰ Time: 2026-04-09 12:59:59
============================================================

🚀 Training dinov3_sat_1cha on mb-frost_cls | Mode: LINEAR | LR: 0.01
   📂 [TRAIN] Loading 4 shards...
   ✅ Loaded 30124 samples.
   📂 [TEST] Loading 2 shards...
   ✅ Loaded 12249 samples.
   ⚙️  Config: Workers=8, BS=256, SmallData=False

>>> Loading Model: dinov3_sat_1cha (dinov3_hub)
   🔍 Auditing weights for [dinov3_sat_1cha]...
   ✅ [PERFECT MATCH] 368/368 layers loaded (100.0%)

   🔍 [Structure Check] dinov3_sat_1cha Output Analysis:
      Type: Tuple (len=2)
      Item 0: Shape (1, 1024)
      Item 1: Shape (1, 256, 1024)
      ✅ Identified: CLS=True, Patch=True
      👉 Final Strategy: concat_2 | Input Dim: 2048
   ❄️  Mode: Linear Probe (Backbone Frozen)
   🚀 Compiling model with torch.compile...
   ⚡ AMP Precision: torch.bfloat16
   🔄 Training Start... (Epochs: 40, Patience: 5)
   📅 Epoch 1 | Loss: 0.0869 | Val Accuracy: 98.24%
      ⭐ New Best! (Model saving disabled to save space)
   📅 Epoch 2 | Loss: 0.0351 | Val Accuracy: 98.11%
   📅 Epoch 3 | Loss: 0.0290 | Val Accuracy: 98.17%
   📅 Epoch 4 | Loss: 0.0250 | Val Accuracy: 96.89%
   📅 Epoch 5 | Loss: 0.0216 | Val Accuracy: 97.71%
   📅 Epoch 6 | Loss: 0.0258 | Val Accuracy: 96.15%

   🛑 Early Stopping triggered after 5 epochs.

========================================
🏆 Best Val Accuracy: 98.24%
💾 Best Checkpoint: ./checkpoints/linear_mb-frost_cls_dinov3_sat_1cha_lr0.01_concat_2.pth
========================================

