
============================================================
📄 Log File: ./logs/linear_records/mb-frost_cls_satmae_lr0.001_original.log
⏰ Time: 2026-03-02 13:47:49
============================================================

🚀 Training satmae on mb-frost_cls | Mode: LINEAR | LR: 0.001
   📂 [TRAIN] Loading 4 shards...
   ✅ Loaded 30124 samples.
   📂 [TEST] Loading 2 shards...
   ✅ Loaded 12249 samples.
   ⚙️  Config: Workers=8, BS=256, SmallData=False

>>> Loading Model: satmae (timm_mae)
   ℹ️  Config: in_chans=3
   🔍 Auditing weights for [satmae]...
   ✅ [PERFECT MATCH] 294/294 layers loaded (100.0%)

   🔍 [Structure Check] satmae Output Analysis:
      Type: Tuple (len=2)
      Item 0: Shape (1, 1024)
      Item 1: Shape (1, 196, 1024)
      ✅ Identified: CLS=True, Patch=True
      👉 Final Strategy: GAP_only | Input Dim: 1024
   ❄️  Mode: Linear Probe (Backbone Frozen)
   🚀 Compiling model with torch.compile...
   ⚡ AMP Precision: torch.bfloat16
   🔄 Training Start... (Epochs: 40, Patience: 5)
   📅 Epoch 1 | Loss: 0.3796 | Val Accuracy: 94.22%
      ⭐ New Best! Saved.
   📅 Epoch 2 | Loss: 0.2591 | Val Accuracy: 95.08%
      ⭐ New Best! Saved.
   📅 Epoch 3 | Loss: 0.2246 | Val Accuracy: 94.86%
   📅 Epoch 4 | Loss: 0.2042 | Val Accuracy: 94.86%
   📅 Epoch 5 | Loss: 0.1934 | Val Accuracy: 95.34%
      ⭐ New Best! Saved.
   📅 Epoch 6 | Loss: 0.1851 | Val Accuracy: 95.13%
   📅 Epoch 7 | Loss: 0.1749 | Val Accuracy: 95.29%
   📅 Epoch 8 | Loss: 0.1691 | Val Accuracy: 95.85%
      ⭐ New Best! Saved.
   📅 Epoch 9 | Loss: 0.1678 | Val Accuracy: 95.67%
   📅 Epoch 10 | Loss: 0.1638 | Val Accuracy: 95.71%
   📅 Epoch 11 | Loss: 0.1588 | Val Accuracy: 95.58%
   📅 Epoch 12 | Loss: 0.1575 | Val Accuracy: 95.41%
   📅 Epoch 13 | Loss: 0.1541 | Val Accuracy: 95.81%

   🛑 Early Stopping triggered after 5 epochs.

========================================
🏆 Best Val Accuracy: 95.85%
💾 Best Checkpoint: ./checkpoints/linear_mb-frost_cls_satmae_lr0.001_original.pth
========================================

