
============================================================
📄 Log File: ./logs/linear_records/mb-frost_cls_openclip_lr0.0001_concat_2.log
⏰ Time: 2026-03-02 17:23:49
============================================================

🚀 Training openclip on mb-frost_cls | Mode: LINEAR | LR: 0.0001
   📂 [TRAIN] Loading 4 shards...
   ✅ Loaded 30124 samples.
   📂 [TEST] Loading 2 shards...
   ✅ Loaded 12249 samples.
   ⚙️  Config: Workers=8, BS=256, SmallData=False

>>> Loading Model: openclip (transformers_clip)

   🔍 [Structure Check] openclip Output Analysis:
      Type: Tuple (len=2)
      Item 0: Shape (1, 1024)
      Item 1: Shape (1, 256, 1024)
      ✅ Identified: CLS=True, Patch=True
      👉 Final Strategy: concat_2 | Input Dim: 2048
   ❄️  Mode: Linear Probe (Backbone Frozen)
   🚀 Compiling model with torch.compile...
   ⚡ AMP Precision: torch.bfloat16
   🔄 Training Start... (Epochs: 40, Patience: 5)
   📅 Epoch 1 | Loss: 0.4641 | Val Accuracy: 94.03%
      ⭐ New Best! Saved.
   📅 Epoch 2 | Loss: 0.3049 | Val Accuracy: 96.90%
      ⭐ New Best! Saved.
   📅 Epoch 3 | Loss: 0.2467 | Val Accuracy: 97.13%
      ⭐ New Best! Saved.
   📅 Epoch 4 | Loss: 0.2142 | Val Accuracy: 97.34%
      ⭐ New Best! Saved.
   📅 Epoch 5 | Loss: 0.1926 | Val Accuracy: 97.41%
      ⭐ New Best! Saved.
   📅 Epoch 6 | Loss: 0.1750 | Val Accuracy: 97.35%
   📅 Epoch 7 | Loss: 0.1626 | Val Accuracy: 97.37%
   📅 Epoch 8 | Loss: 0.1499 | Val Accuracy: 97.40%
   📅 Epoch 9 | Loss: 0.1428 | Val Accuracy: 97.12%
   📅 Epoch 10 | Loss: 0.1369 | Val Accuracy: 97.10%

   🛑 Early Stopping triggered after 5 epochs.

========================================
🏆 Best Val Accuracy: 97.41%
💾 Best Checkpoint: ./checkpoints/linear_mb-frost_cls_openclip_lr0.0001_concat_2.pth
========================================

