
============================================================
📄 Log File: ./logs/linear_records/mb-frost_cls_dinov3_lvd_lr0.001_original.log
⏰ Time: 2026-03-01 23:21:56
============================================================

🚀 Training dinov3_lvd on mb-frost_cls | Mode: LINEAR | LR: 0.001
   📂 [TRAIN] Loading 4 shards...
   ✅ Loaded 30124 samples.
   📂 [TEST] Loading 2 shards...
   ✅ Loaded 12249 samples.
   ⚙️  Config: Workers=8, BS=256, SmallData=False

>>> Loading Model: dinov3_lvd (dinov3_hub)
   🔍 Auditing weights for [dinov3_lvd]...
   ✅ [PERFECT MATCH] 368/368 layers loaded (100.0%)

   🔍 [Structure Check] dinov3_lvd Output Analysis:
      Type: Tuple (len=2)
      Item 0: Shape (1, 1024)
      Item 1: Shape (1, 256, 1024)
      ✅ Identified: CLS=True, Patch=True
      👉 Final Strategy: CLS_only | Input Dim: 1024
   ❄️  Mode: Linear Probe (Backbone Frozen)
   🚀 Compiling model with torch.compile...
   ⚡ AMP Precision: torch.bfloat16
   🔄 Training Start... (Epochs: 40, Patience: 5)
   📅 Epoch 1 | Loss: 0.2489 | Val Accuracy: 96.20%
      ⭐ New Best! Saved.
   📅 Epoch 2 | Loss: 0.1324 | Val Accuracy: 96.55%
      ⭐ New Best! Saved.
   📅 Epoch 3 | Loss: 0.1034 | Val Accuracy: 96.61%
      ⭐ New Best! Saved.
   📅 Epoch 4 | Loss: 0.0905 | Val Accuracy: 96.05%
   📅 Epoch 5 | Loss: 0.0818 | Val Accuracy: 96.61%
   📅 Epoch 6 | Loss: 0.0751 | Val Accuracy: 96.60%
   📅 Epoch 7 | Loss: 0.0708 | Val Accuracy: 96.09%
   📅 Epoch 8 | Loss: 0.0663 | Val Accuracy: 96.33%

   🛑 Early Stopping triggered after 5 epochs.

========================================
🏆 Best Val Accuracy: 96.61%
💾 Best Checkpoint: ./checkpoints/linear_mb-frost_cls_dinov3_lvd_lr0.001_original.pth
========================================

