
============================================================
📄 Log File: ./logs/linear_records/mb-frost_cls_dinov2_l14_lr0.0001_original.log
⏰ Time: 2026-03-02 07:42:42
============================================================

🚀 Training dinov2_l14 on mb-frost_cls | Mode: LINEAR | LR: 0.0001
   📂 [TRAIN] Loading 4 shards...
   ✅ Loaded 30124 samples.
   📂 [TEST] Loading 2 shards...
   ✅ Loaded 12249 samples.
   ⚙️  Config: Workers=8, BS=256, SmallData=False

>>> Loading Model: dinov2_l14 (dinov2_hub)
   🔍 Auditing weights for [dinov2_l14]...
   ✅ [PERFECT MATCH] 343/343 layers loaded (100.0%)

   🔍 [Structure Check] dinov2_l14 Output Analysis:
      Type: Tuple (len=2)
      Item 0: Shape (1, 1024)
      Item 1: Shape (1, 256, 1024)
      ✅ Identified: CLS=True, Patch=True
      👉 Final Strategy: CLS_only | Input Dim: 1024
   ❄️  Mode: Linear Probe (Backbone Frozen)
   🚀 Compiling model with torch.compile...
   ⚡ AMP Precision: torch.bfloat16
   🔄 Training Start... (Epochs: 40, Patience: 5)
   📅 Epoch 1 | Loss: 0.3578 | Val Accuracy: 95.31%
      ⭐ New Best! Saved.
   📅 Epoch 2 | Loss: 0.2217 | Val Accuracy: 95.26%
   📅 Epoch 3 | Loss: 0.1759 | Val Accuracy: 95.64%
      ⭐ New Best! Saved.
   📅 Epoch 4 | Loss: 0.1495 | Val Accuracy: 95.61%
   📅 Epoch 5 | Loss: 0.1341 | Val Accuracy: 95.61%
   📅 Epoch 6 | Loss: 0.1226 | Val Accuracy: 96.08%
      ⭐ New Best! Saved.
   📅 Epoch 7 | Loss: 0.1111 | Val Accuracy: 95.91%
   📅 Epoch 8 | Loss: 0.1038 | Val Accuracy: 95.95%
   📅 Epoch 9 | Loss: 0.0994 | Val Accuracy: 95.97%
   📅 Epoch 10 | Loss: 0.0923 | Val Accuracy: 95.74%
   📅 Epoch 11 | Loss: 0.0884 | Val Accuracy: 95.88%

   🛑 Early Stopping triggered after 5 epochs.

========================================
🏆 Best Val Accuracy: 96.08%
💾 Best Checkpoint: ./checkpoints/linear_mb-frost_cls_dinov2_l14_lr0.0001_original.pth
========================================

