
============================================================
📄 Log File: ./logs/linear_records/mb-frost_cls_dinov3_lvd_lr0.01_original.log
⏰ Time: 2026-03-01 22:08:45
============================================================

🚀 Training dinov3_lvd on mb-frost_cls | Mode: LINEAR | LR: 0.01
   📂 [TRAIN] Loading 4 shards...
   ✅ Loaded 30124 samples.
   📂 [TEST] Loading 2 shards...
   ✅ Loaded 12249 samples.
   ⚙️  Config: Workers=8, BS=256, SmallData=False

>>> Loading Model: dinov3_lvd (dinov3_hub)
   🔍 Auditing weights for [dinov3_lvd]...
   ✅ [PERFECT MATCH] 368/368 layers loaded (100.0%)

   🔍 [Structure Check] dinov3_lvd Output Analysis:
      Type: Tuple (len=2)
      Item 0: Shape (1, 1024)
      Item 1: Shape (1, 256, 1024)
      ✅ Identified: CLS=True, Patch=True
      👉 Final Strategy: CLS_only | Input Dim: 1024
   ❄️  Mode: Linear Probe (Backbone Frozen)
   🚀 Compiling model with torch.compile...
   ⚡ AMP Precision: torch.bfloat16
   🔄 Training Start... (Epochs: 40, Patience: 5)
   📅 Epoch 1 | Loss: 0.1625 | Val Accuracy: 96.46%
      ⭐ New Best! Saved.
   📅 Epoch 2 | Loss: 0.0709 | Val Accuracy: 96.70%
      ⭐ New Best! Saved.
   📅 Epoch 3 | Loss: 0.0586 | Val Accuracy: 96.55%
   📅 Epoch 4 | Loss: 0.0531 | Val Accuracy: 95.65%
   📅 Epoch 5 | Loss: 0.0520 | Val Accuracy: 97.03%
      ⭐ New Best! Saved.
   📅 Epoch 6 | Loss: 0.0459 | Val Accuracy: 94.36%
   📅 Epoch 7 | Loss: 0.0484 | Val Accuracy: 97.81%
      ⭐ New Best! Saved.
   📅 Epoch 8 | Loss: 0.0407 | Val Accuracy: 97.33%
   📅 Epoch 9 | Loss: 0.0436 | Val Accuracy: 93.71%
   📅 Epoch 10 | Loss: 0.0420 | Val Accuracy: 95.87%
   📅 Epoch 11 | Loss: 0.0424 | Val Accuracy: 95.36%
   📅 Epoch 12 | Loss: 0.0398 | Val Accuracy: 96.35%

   🛑 Early Stopping triggered after 5 epochs.

========================================
🏆 Best Val Accuracy: 97.81%
💾 Best Checkpoint: ./checkpoints/linear_mb-frost_cls_dinov3_lvd_lr0.01_original.pth
========================================

