
============================================================
📄 Log File: ./logs/linear_records/mb-frost_cls_openclip_lr0.0001_original.log
⏰ Time: 2026-03-02 18:09:56
============================================================

🚀 Training openclip on mb-frost_cls | Mode: LINEAR | LR: 0.0001
   📂 [TRAIN] Loading 4 shards...
   ✅ Loaded 30124 samples.
   📂 [TEST] Loading 2 shards...
   ✅ Loaded 12249 samples.
   ⚙️  Config: Workers=8, BS=256, SmallData=False

>>> Loading Model: openclip (transformers_clip)

   🔍 [Structure Check] openclip Output Analysis:
      Type: Tuple (len=2)
      Item 0: Shape (1, 1024)
      Item 1: Shape (1, 256, 1024)
      ✅ Identified: CLS=True, Patch=True
      👉 Final Strategy: CLS_only | Input Dim: 1024
   ❄️  Mode: Linear Probe (Backbone Frozen)
   🚀 Compiling model with torch.compile...
   ⚡ AMP Precision: torch.bfloat16
   🔄 Training Start... (Epochs: 40, Patience: 5)
   📅 Epoch 1 | Loss: 0.5687 | Val Accuracy: 91.53%
      ⭐ New Best! Saved.
   📅 Epoch 2 | Loss: 0.3891 | Val Accuracy: 94.63%
      ⭐ New Best! Saved.
   📅 Epoch 3 | Loss: 0.3193 | Val Accuracy: 95.57%
      ⭐ New Best! Saved.
   📅 Epoch 4 | Loss: 0.2768 | Val Accuracy: 95.94%
      ⭐ New Best! Saved.
   📅 Epoch 5 | Loss: 0.2501 | Val Accuracy: 96.16%
      ⭐ New Best! Saved.
   📅 Epoch 6 | Loss: 0.2287 | Val Accuracy: 96.36%
      ⭐ New Best! Saved.
   📅 Epoch 7 | Loss: 0.2095 | Val Accuracy: 96.38%
      ⭐ New Best! Saved.
   📅 Epoch 8 | Loss: 0.1981 | Val Accuracy: 96.43%
      ⭐ New Best! Saved.
   📅 Epoch 9 | Loss: 0.1849 | Val Accuracy: 96.59%
      ⭐ New Best! Saved.
   📅 Epoch 10 | Loss: 0.1763 | Val Accuracy: 96.52%
   📅 Epoch 11 | Loss: 0.1699 | Val Accuracy: 96.60%
      ⭐ New Best! Saved.
   📅 Epoch 12 | Loss: 0.1606 | Val Accuracy: 96.51%
   📅 Epoch 13 | Loss: 0.1546 | Val Accuracy: 96.43%
   📅 Epoch 14 | Loss: 0.1506 | Val Accuracy: 96.40%
   📅 Epoch 15 | Loss: 0.1421 | Val Accuracy: 96.40%
   📅 Epoch 16 | Loss: 0.1411 | Val Accuracy: 96.26%

   🛑 Early Stopping triggered after 5 epochs.

========================================
🏆 Best Val Accuracy: 96.60%
💾 Best Checkpoint: ./checkpoints/linear_mb-frost_cls_openclip_lr0.0001_original.pth
========================================

