
============================================================
📄 Log File: ./logs/linear_records/mb-frost_cls_dinov1_b8_lr0.01_concat_2.log
⏰ Time: 2026-03-02 08:03:17
============================================================

🚀 Training dinov1_b8 on mb-frost_cls | Mode: LINEAR | LR: 0.01
   📂 [TRAIN] Loading 4 shards...
   ✅ Loaded 30124 samples.
   📂 [TEST] Loading 2 shards...
   ✅ Loaded 12249 samples.
   ⚙️  Config: Workers=8, BS=256, SmallData=False

>>> Loading Model: dinov1_b8 (dinov1)

   🔍 [Structure Check] dinov1_b8 Output Analysis:
      Type: Tuple (len=2)
      Item 0: Shape (1, 768)
      Item 1: Shape (1, 784, 768)
      ✅ Identified: CLS=True, Patch=True
      👉 Final Strategy: concat_2 | Input Dim: 1536
   ❄️  Mode: Linear Probe (Backbone Frozen)
   🚀 Compiling model with torch.compile...
   ⚡ AMP Precision: torch.bfloat16
   🔄 Training Start... (Epochs: 40, Patience: 5)
   📅 Epoch 1 | Loss: 0.1470 | Val Accuracy: 94.88%
      ⭐ New Best! Saved.
   📅 Epoch 2 | Loss: 0.0653 | Val Accuracy: 94.32%
   📅 Epoch 3 | Loss: 0.0729 | Val Accuracy: 97.06%
      ⭐ New Best! Saved.
   📅 Epoch 4 | Loss: 0.0674 | Val Accuracy: 96.11%
   📅 Epoch 5 | Loss: 0.0756 | Val Accuracy: 96.43%
   📅 Epoch 6 | Loss: 0.0508 | Val Accuracy: 96.46%
   📅 Epoch 7 | Loss: 0.0653 | Val Accuracy: 95.89%
   📅 Epoch 8 | Loss: 0.0515 | Val Accuracy: 96.93%

   🛑 Early Stopping triggered after 5 epochs.

========================================
🏆 Best Val Accuracy: 97.06%
💾 Best Checkpoint: ./checkpoints/linear_mb-frost_cls_dinov1_b8_lr0.01_concat_2.pth
========================================

