
============================================================
📄 Log File: ./logs/linear_records/mb-frost_cls_swin_v2_lr0.001_concat_2.log
⏰ Time: 2026-03-02 19:03:51
============================================================

🚀 Training swin_v2 on mb-frost_cls | Mode: LINEAR | LR: 0.001
   📂 [TRAIN] Loading 4 shards...
   ✅ Loaded 30124 samples.
   📂 [TEST] Loading 2 shards...
   ✅ Loaded 12249 samples.
   ⚙️  Config: Workers=8, BS=256, SmallData=False

>>> Loading Model: swin_v2 (torchvision_swin)
   🔍 Auditing weights for [swin_v2]...
   ✅ [PERFECT MATCH] 449/449 layers loaded (100.0%)

   🔍 [Structure Check] swin_v2 Output Analysis:
      Type: Tuple (len=2)
      Item 0: Shape (1, 1024)
      Item 1: Shape (1, 64, 1024)
      ✅ Identified: CLS=True, Patch=True
      👉 Final Strategy: concat_2 | Input Dim: 2048
   ❄️  Mode: Linear Probe (Backbone Frozen)
   🚀 Compiling model with torch.compile...
   ⚡ AMP Precision: torch.bfloat16
   🔄 Training Start... (Epochs: 40, Patience: 5)
   📅 Epoch 1 | Loss: 0.2743 | Val Accuracy: 94.68%
      ⭐ New Best! Saved.
   📅 Epoch 2 | Loss: 0.1868 | Val Accuracy: 95.78%
      ⭐ New Best! Saved.
   📅 Epoch 3 | Loss: 0.1711 | Val Accuracy: 95.11%
   📅 Epoch 4 | Loss: 0.1630 | Val Accuracy: 95.22%
   📅 Epoch 5 | Loss: 0.1542 | Val Accuracy: 95.53%
   📅 Epoch 6 | Loss: 0.1503 | Val Accuracy: 94.55%
   📅 Epoch 7 | Loss: 0.1447 | Val Accuracy: 95.53%

   🛑 Early Stopping triggered after 5 epochs.

========================================
🏆 Best Val Accuracy: 95.78%
💾 Best Checkpoint: ./checkpoints/linear_mb-frost_cls_swin_v2_lr0.001_concat_2.pth
========================================

