
============================================================
📄 Log File: ./logs/linear_records/mb-frost_cls_dinov2_l14_lr0.01_original.log
⏰ Time: 2026-03-02 06:10:51
============================================================

🚀 Training dinov2_l14 on mb-frost_cls | Mode: LINEAR | LR: 0.01
   📂 [TRAIN] Loading 4 shards...
   ✅ Loaded 30124 samples.
   📂 [TEST] Loading 2 shards...
   ✅ Loaded 12249 samples.
   ⚙️  Config: Workers=8, BS=256, SmallData=False

>>> Loading Model: dinov2_l14 (dinov2_hub)
   🔍 Auditing weights for [dinov2_l14]...
   ✅ [PERFECT MATCH] 343/343 layers loaded (100.0%)

   🔍 [Structure Check] dinov2_l14 Output Analysis:
      Type: Tuple (len=2)
      Item 0: Shape (1, 1024)
      Item 1: Shape (1, 256, 1024)
      ✅ Identified: CLS=True, Patch=True
      👉 Final Strategy: CLS_only | Input Dim: 1024
   ❄️  Mode: Linear Probe (Backbone Frozen)
   🚀 Compiling model with torch.compile...
   ⚡ AMP Precision: torch.bfloat16
   🔄 Training Start... (Epochs: 40, Patience: 5)
   📅 Epoch 1 | Loss: 0.2527 | Val Accuracy: 95.25%
      ⭐ New Best! Saved.
   📅 Epoch 2 | Loss: 0.0647 | Val Accuracy: 95.13%
   📅 Epoch 3 | Loss: 0.0612 | Val Accuracy: 94.43%
   📅 Epoch 4 | Loss: 0.0641 | Val Accuracy: 92.81%
   📅 Epoch 5 | Loss: 0.0648 | Val Accuracy: 93.71%
   📅 Epoch 6 | Loss: 0.0650 | Val Accuracy: 95.01%

   🛑 Early Stopping triggered after 5 epochs.

========================================
🏆 Best Val Accuracy: 95.25%
💾 Best Checkpoint: ./checkpoints/linear_mb-frost_cls_dinov2_l14_lr0.01_original.pth
========================================

