
============================================================
📄 Log File: ./logs/linear_records/mb-frost_cls_vit_l_lr0.01_concat_2.log
⏰ Time: 2026-03-02 19:50:31
============================================================

🚀 Training vit_l on mb-frost_cls | Mode: LINEAR | LR: 0.01
   📂 [TRAIN] Loading 4 shards...
   ✅ Loaded 30124 samples.
   📂 [TEST] Loading 2 shards...
   ✅ Loaded 12249 samples.
   ⚙️  Config: Workers=8, BS=256, SmallData=False

>>> Loading Model: vit_l (torchvision_vit)
   🔍 Auditing weights for [vit_l]...
   ✅ [PERFECT MATCH] 296/296 layers loaded (100.0%)

   🔍 [Structure Check] vit_l Output Analysis:
      Type: Tuple (len=2)
      Item 0: Shape (1, 1024)
      Item 1: Shape (1, 196, 1024)
      ✅ Identified: CLS=True, Patch=True
      👉 Final Strategy: concat_2 | Input Dim: 2048
   ❄️  Mode: Linear Probe (Backbone Frozen)
   🚀 Compiling model with torch.compile...
   ⚡ AMP Precision: torch.bfloat16
   🔄 Training Start... (Epochs: 40, Patience: 5)
   📅 Epoch 1 | Loss: 0.1950 | Val Accuracy: 94.15%
      ⭐ New Best! Saved.
   📅 Epoch 2 | Loss: 0.1132 | Val Accuracy: 94.31%
      ⭐ New Best! Saved.
   📅 Epoch 3 | Loss: 0.1077 | Val Accuracy: 93.84%
   📅 Epoch 4 | Loss: 0.0938 | Val Accuracy: 95.08%
      ⭐ New Best! Saved.
   📅 Epoch 5 | Loss: 0.0868 | Val Accuracy: 92.86%
   📅 Epoch 6 | Loss: 0.0818 | Val Accuracy: 95.21%
      ⭐ New Best! Saved.
   📅 Epoch 7 | Loss: 0.0840 | Val Accuracy: 94.82%
   📅 Epoch 8 | Loss: 0.0802 | Val Accuracy: 95.85%
      ⭐ New Best! Saved.
   📅 Epoch 9 | Loss: 0.0792 | Val Accuracy: 94.34%
   📅 Epoch 10 | Loss: 0.0823 | Val Accuracy: 95.17%
   📅 Epoch 11 | Loss: 0.0879 | Val Accuracy: 95.77%
   📅 Epoch 12 | Loss: 0.1004 | Val Accuracy: 96.03%
      ⭐ New Best! Saved.
   📅 Epoch 13 | Loss: 0.0815 | Val Accuracy: 92.95%
   📅 Epoch 14 | Loss: 0.0765 | Val Accuracy: 94.67%
   📅 Epoch 15 | Loss: 0.0813 | Val Accuracy: 93.99%
   📅 Epoch 16 | Loss: 0.0776 | Val Accuracy: 94.38%
   📅 Epoch 17 | Loss: 0.0723 | Val Accuracy: 95.58%

   🛑 Early Stopping triggered after 5 epochs.

========================================
🏆 Best Val Accuracy: 96.03%
💾 Best Checkpoint: ./checkpoints/linear_mb-frost_cls_vit_l_lr0.01_concat_2.pth
========================================

