
============================================================
📄 Log File: ./logs/linear_records/mb-frost_cls_siglip2_lr0.01_concat_2.log
⏰ Time: 2026-03-03 02:34:50
============================================================

🚀 Training siglip2 on mb-frost_cls | Mode: LINEAR | LR: 0.01
   📂 [TRAIN] Loading 4 shards...
   ✅ Loaded 30124 samples.
   📂 [TEST] Loading 2 shards...
   ✅ Loaded 12249 samples.
   ⚙️  Config: Workers=8, BS=256, SmallData=False

>>> Loading Model: siglip2 (transformers)

   🔍 [Structure Check] siglip2 Output Analysis:
      Type: Tuple (len=2)
      Item 0: Shape (1, 1024)
      Item 1: Shape (1, 256, 1024)
      ✅ Identified: CLS=True, Patch=True
      👉 Final Strategy: concat_2 | Input Dim: 2048
   ❄️  Mode: Linear Probe (Backbone Frozen)
   🚀 Compiling model with torch.compile...
   ⚡ AMP Precision: torch.bfloat16
   🔄 Training Start... (Epochs: 40, Patience: 5)
   📅 Epoch 1 | Loss: 0.3131 | Val Accuracy: 94.46%
      ⭐ New Best! Saved.
   📅 Epoch 2 | Loss: 0.1006 | Val Accuracy: 95.49%
      ⭐ New Best! Saved.
   📅 Epoch 3 | Loss: 0.0854 | Val Accuracy: 94.96%
   📅 Epoch 4 | Loss: 0.0789 | Val Accuracy: 95.07%
   📅 Epoch 5 | Loss: 0.0765 | Val Accuracy: 93.51%
   📅 Epoch 6 | Loss: 0.0677 | Val Accuracy: 96.09%
      ⭐ New Best! Saved.
   📅 Epoch 7 | Loss: 0.0670 | Val Accuracy: 95.09%
   📅 Epoch 8 | Loss: 0.0639 | Val Accuracy: 96.61%
      ⭐ New Best! Saved.
   📅 Epoch 9 | Loss: 0.0650 | Val Accuracy: 96.11%
   📅 Epoch 10 | Loss: 0.0589 | Val Accuracy: 94.56%
   📅 Epoch 11 | Loss: 0.0576 | Val Accuracy: 96.05%
   📅 Epoch 12 | Loss: 0.0617 | Val Accuracy: 96.51%
   📅 Epoch 13 | Loss: 0.0566 | Val Accuracy: 90.81%

   🛑 Early Stopping triggered after 5 epochs.

========================================
🏆 Best Val Accuracy: 96.61%
💾 Best Checkpoint: ./checkpoints/linear_mb-frost_cls_siglip2_lr0.01_concat_2.pth
========================================

