
============================================================
📄 Log File: ./logs/linear_records/mb-landmark_cls_vit_l_lr0.001_original.log
⏰ Time: 2026-03-03 17:24:00
============================================================

🚀 Training vit_l on mb-landmark_cls | Mode: LINEAR | LR: 0.001
   📂 [TRAIN] Loading 1 shards...
   ✅ Loaded 6997 samples.
   📂 [TEST] Loading 1 shards...
   ✅ Loaded 1793 samples.
   ⚙️  Config: Workers=8, BS=256, SmallData=False

>>> Loading Model: vit_l (torchvision_vit)
   🔍 Auditing weights for [vit_l]...
   ✅ [PERFECT MATCH] 296/296 layers loaded (100.0%)

   🔍 [Structure Check] vit_l Output Analysis:
      Type: Tuple (len=2)
      Item 0: Shape (1, 1024)
      Item 1: Shape (1, 196, 1024)
      ✅ Identified: CLS=True, Patch=True
      👉 Final Strategy: CLS_only | Input Dim: 1024
   ❄️  Mode: Linear Probe (Backbone Frozen)
   🚀 Compiling model with torch.compile...
   ⚡ AMP Precision: torch.bfloat16
   🔄 Training Start... (Epochs: 40, Patience: 5)
   📅 Epoch 1 | Loss: 0.7994 | Val Accuracy: 84.50%
      ⭐ New Best! Saved.
   📅 Epoch 2 | Loss: 0.3388 | Val Accuracy: 90.30%
      ⭐ New Best! Saved.
   📅 Epoch 3 | Loss: 0.2520 | Val Accuracy: 91.47%
      ⭐ New Best! Saved.
   📅 Epoch 4 | Loss: 0.2196 | Val Accuracy: 91.41%
   📅 Epoch 5 | Loss: 0.2016 | Val Accuracy: 91.75%
      ⭐ New Best! Saved.
   📅 Epoch 6 | Loss: 0.1941 | Val Accuracy: 91.91%
      ⭐ New Best! Saved.
   📅 Epoch 7 | Loss: 0.1780 | Val Accuracy: 91.80%
   📅 Epoch 8 | Loss: 0.1735 | Val Accuracy: 91.80%
   📅 Epoch 9 | Loss: 0.1580 | Val Accuracy: 91.75%
   📅 Epoch 10 | Loss: 0.1563 | Val Accuracy: 91.86%
   📅 Epoch 11 | Loss: 0.1575 | Val Accuracy: 91.97%
      ⭐ New Best! Saved.
   📅 Epoch 12 | Loss: 0.1518 | Val Accuracy: 91.80%
   📅 Epoch 13 | Loss: 0.1542 | Val Accuracy: 91.69%
   📅 Epoch 14 | Loss: 0.1445 | Val Accuracy: 91.91%
   📅 Epoch 15 | Loss: 0.1364 | Val Accuracy: 91.97%
   📅 Epoch 16 | Loss: 0.1440 | Val Accuracy: 91.86%

   🛑 Early Stopping triggered after 5 epochs.

========================================
🏆 Best Val Accuracy: 91.97%
💾 Best Checkpoint: ./checkpoints/linear_mb-landmark_cls_vit_l_lr0.001_original.pth
========================================

