
============================================================
📄 Log File: ./logs/linear_records/mb-landmark_cls_dinov3_sat_lr0.001_original.log
⏰ Time: 2026-03-03 10:23:36
============================================================

🚀 Training dinov3_sat on mb-landmark_cls | Mode: LINEAR | LR: 0.001
   📂 [TRAIN] Loading 1 shards...
   ✅ Loaded 6997 samples.
   📂 [TEST] Loading 1 shards...
   ✅ Loaded 1793 samples.
   ⚙️  Config: Workers=8, BS=256, SmallData=False

>>> Loading Model: dinov3_sat (dinov3_hub)
   🔍 Auditing weights for [dinov3_sat]...
   ✅ [PERFECT MATCH] 368/368 layers loaded (100.0%)

   🔍 [Structure Check] dinov3_sat Output Analysis:
      Type: Tuple (len=2)
      Item 0: Shape (1, 1024)
      Item 1: Shape (1, 256, 1024)
      ✅ Identified: CLS=True, Patch=True
      👉 Final Strategy: GAP_only | Input Dim: 1024
   ❄️  Mode: Linear Probe (Backbone Frozen)
   🚀 Compiling model with torch.compile...
   ⚡ AMP Precision: torch.bfloat16
   🔄 Training Start... (Epochs: 40, Patience: 5)
   📅 Epoch 1 | Loss: 1.2741 | Val Accuracy: 82.65%
      ⭐ New Best! Saved.
   📅 Epoch 2 | Loss: 0.7471 | Val Accuracy: 82.65%
   📅 Epoch 3 | Loss: 0.6381 | Val Accuracy: 82.65%
   📅 Epoch 4 | Loss: 0.5671 | Val Accuracy: 82.71%
      ⭐ New Best! Saved.
   📅 Epoch 5 | Loss: 0.5150 | Val Accuracy: 83.10%
      ⭐ New Best! Saved.
   📅 Epoch 6 | Loss: 0.4727 | Val Accuracy: 84.10%
      ⭐ New Best! Saved.
   📅 Epoch 7 | Loss: 0.4438 | Val Accuracy: 84.89%
      ⭐ New Best! Saved.
   📅 Epoch 8 | Loss: 0.4184 | Val Accuracy: 85.50%
      ⭐ New Best! Saved.
   📅 Epoch 9 | Loss: 0.3956 | Val Accuracy: 85.89%
      ⭐ New Best! Saved.
   📅 Epoch 10 | Loss: 0.3784 | Val Accuracy: 86.39%
      ⭐ New Best! Saved.
   📅 Epoch 11 | Loss: 0.3625 | Val Accuracy: 86.78%
      ⭐ New Best! Saved.
   📅 Epoch 12 | Loss: 0.3503 | Val Accuracy: 87.01%
      ⭐ New Best! Saved.
   📅 Epoch 13 | Loss: 0.3411 | Val Accuracy: 87.45%
      ⭐ New Best! Saved.
   📅 Epoch 14 | Loss: 0.3332 | Val Accuracy: 87.90%
      ⭐ New Best! Saved.
   📅 Epoch 15 | Loss: 0.3172 | Val Accuracy: 88.29%
      ⭐ New Best! Saved.
   📅 Epoch 16 | Loss: 0.3098 | Val Accuracy: 88.46%
      ⭐ New Best! Saved.
   📅 Epoch 17 | Loss: 0.3125 | Val Accuracy: 88.85%
      ⭐ New Best! Saved.
   📅 Epoch 18 | Loss: 0.3002 | Val Accuracy: 89.12%
      ⭐ New Best! Saved.
   📅 Epoch 19 | Loss: 0.2951 | Val Accuracy: 89.24%
      ⭐ New Best! Saved.
   📅 Epoch 20 | Loss: 0.2942 | Val Accuracy: 89.46%
      ⭐ New Best! Saved.
   📅 Epoch 21 | Loss: 0.2804 | Val Accuracy: 89.46%
   📅 Epoch 22 | Loss: 0.2776 | Val Accuracy: 89.68%
      ⭐ New Best! Saved.
   📅 Epoch 23 | Loss: 0.2736 | Val Accuracy: 89.91%
      ⭐ New Best! Saved.
   📅 Epoch 24 | Loss: 0.2724 | Val Accuracy: 90.02%
      ⭐ New Best! Saved.
   📅 Epoch 25 | Loss: 0.2686 | Val Accuracy: 90.02%
   📅 Epoch 26 | Loss: 0.2653 | Val Accuracy: 90.07%
      ⭐ New Best! Saved.
   📅 Epoch 27 | Loss: 0.2605 | Val Accuracy: 90.02%
   📅 Epoch 28 | Loss: 0.2561 | Val Accuracy: 90.02%
   📅 Epoch 29 | Loss: 0.2514 | Val Accuracy: 90.24%
      ⭐ New Best! Saved.
   📅 Epoch 30 | Loss: 0.2467 | Val Accuracy: 90.13%
   📅 Epoch 31 | Loss: 0.2478 | Val Accuracy: 90.07%
   📅 Epoch 32 | Loss: 0.2485 | Val Accuracy: 90.07%
   📅 Epoch 33 | Loss: 0.2439 | Val Accuracy: 90.35%
      ⭐ New Best! Saved.
   📅 Epoch 34 | Loss: 0.2377 | Val Accuracy: 90.52%
      ⭐ New Best! Saved.
   📅 Epoch 35 | Loss: 0.2361 | Val Accuracy: 90.57%
      ⭐ New Best! Saved.
   📅 Epoch 36 | Loss: 0.2295 | Val Accuracy: 90.52%
   📅 Epoch 37 | Loss: 0.2300 | Val Accuracy: 90.63%
      ⭐ New Best! Saved.
   📅 Epoch 38 | Loss: 0.2321 | Val Accuracy: 90.57%
   📅 Epoch 39 | Loss: 0.2330 | Val Accuracy: 90.74%
      ⭐ New Best! Saved.
   📅 Epoch 40 | Loss: 0.2266 | Val Accuracy: 90.63%

========================================
🏆 Best Val Accuracy: 90.74%
💾 Best Checkpoint: ./checkpoints/linear_mb-landmark_cls_dinov3_sat_lr0.001_original.pth
========================================

