
============================================================
📄 Log File: ./logs/linear_records/mb-landmark_cls_dinov2_l14_lr0.01_concat_3.log
⏰ Time: 2026-03-03 10:57:38
============================================================

🚀 Training dinov2_l14 on mb-landmark_cls | Mode: LINEAR | LR: 0.01
   📂 [TRAIN] Loading 1 shards...
   ✅ Loaded 6997 samples.
   📂 [TEST] Loading 1 shards...
   ✅ Loaded 1793 samples.
   ⚙️  Config: Workers=8, BS=256, SmallData=False

>>> Loading Model: dinov2_l14 (dinov2_hub)
   🔍 Auditing weights for [dinov2_l14]...
   ✅ [PERFECT MATCH] 343/343 layers loaded (100.0%)

   🔍 [Structure Check] dinov2_l14 Output Analysis:
      Type: Tuple (len=2)
      Item 0: Shape (1, 1024)
      Item 1: Shape (1, 256, 1024)
      ✅ Identified: CLS=True, Patch=True
      👉 Final Strategy: concat_3 | Input Dim: 3072
   ❄️  Mode: Linear Probe (Backbone Frozen)
   🚀 Compiling model with torch.compile...
   ⚡ AMP Precision: torch.bfloat16
   🔄 Training Start... (Epochs: 40, Patience: 5)
   📅 Epoch 1 | Loss: 6.8140 | Val Accuracy: 86.61%
      ⭐ New Best! Saved.
   📅 Epoch 2 | Loss: 1.3649 | Val Accuracy: 92.14%
      ⭐ New Best! Saved.
   📅 Epoch 3 | Loss: 0.5713 | Val Accuracy: 90.41%
   📅 Epoch 4 | Loss: 0.4300 | Val Accuracy: 92.02%
   📅 Epoch 5 | Loss: 0.3534 | Val Accuracy: 92.86%
      ⭐ New Best! Saved.
   📅 Epoch 6 | Loss: 0.3679 | Val Accuracy: 91.13%
   📅 Epoch 7 | Loss: 0.2757 | Val Accuracy: 92.92%
      ⭐ New Best! Saved.
   📅 Epoch 8 | Loss: 0.2243 | Val Accuracy: 90.13%
   📅 Epoch 9 | Loss: 0.2071 | Val Accuracy: 93.59%
      ⭐ New Best! Saved.
   📅 Epoch 10 | Loss: 0.2072 | Val Accuracy: 92.97%
   📅 Epoch 11 | Loss: 0.1748 | Val Accuracy: 90.96%
   📅 Epoch 12 | Loss: 0.1838 | Val Accuracy: 89.18%
   📅 Epoch 13 | Loss: 0.3889 | Val Accuracy: 92.19%
   📅 Epoch 14 | Loss: 0.2552 | Val Accuracy: 93.25%

   🛑 Early Stopping triggered after 5 epochs.

========================================
🏆 Best Val Accuracy: 93.59%
💾 Best Checkpoint: ./checkpoints/linear_mb-landmark_cls_dinov2_l14_lr0.01_concat_3.pth
========================================

