
============================================================
📄 Log File: ./logs/linear_records/mb-landmark_cls_dinov2_l14_lr0.001_original.log
⏰ Time: 2026-03-03 11:20:15
============================================================

🚀 Training dinov2_l14 on mb-landmark_cls | Mode: LINEAR | LR: 0.001
   📂 [TRAIN] Loading 1 shards...
   ✅ Loaded 6997 samples.
   📂 [TEST] Loading 1 shards...
   ✅ Loaded 1793 samples.
   ⚙️  Config: Workers=8, BS=256, SmallData=False

>>> Loading Model: dinov2_l14 (dinov2_hub)
   🔍 Auditing weights for [dinov2_l14]...
   ✅ [PERFECT MATCH] 343/343 layers loaded (100.0%)

   🔍 [Structure Check] dinov2_l14 Output Analysis:
      Type: Tuple (len=2)
      Item 0: Shape (1, 1024)
      Item 1: Shape (1, 256, 1024)
      ✅ Identified: CLS=True, Patch=True
      👉 Final Strategy: CLS_only | Input Dim: 1024
   ❄️  Mode: Linear Probe (Backbone Frozen)
   🚀 Compiling model with torch.compile...
   ⚡ AMP Precision: torch.bfloat16
   🔄 Training Start... (Epochs: 40, Patience: 5)
   📅 Epoch 1 | Loss: 0.5510 | Val Accuracy: 89.91%
      ⭐ New Best! Saved.
   📅 Epoch 2 | Loss: 0.2199 | Val Accuracy: 91.08%
      ⭐ New Best! Saved.
   📅 Epoch 3 | Loss: 0.1750 | Val Accuracy: 91.19%
      ⭐ New Best! Saved.
   📅 Epoch 4 | Loss: 0.1538 | Val Accuracy: 91.97%
      ⭐ New Best! Saved.
   📅 Epoch 5 | Loss: 0.1518 | Val Accuracy: 92.47%
      ⭐ New Best! Saved.
   📅 Epoch 6 | Loss: 0.1471 | Val Accuracy: 92.47%
   📅 Epoch 7 | Loss: 0.1347 | Val Accuracy: 92.69%
      ⭐ New Best! Saved.
   📅 Epoch 8 | Loss: 0.1238 | Val Accuracy: 92.64%
   📅 Epoch 9 | Loss: 0.1263 | Val Accuracy: 93.03%
      ⭐ New Best! Saved.
   📅 Epoch 10 | Loss: 0.1189 | Val Accuracy: 92.81%
   📅 Epoch 11 | Loss: 0.1157 | Val Accuracy: 92.86%
   📅 Epoch 12 | Loss: 0.1130 | Val Accuracy: 92.86%
   📅 Epoch 13 | Loss: 0.1192 | Val Accuracy: 93.08%
      ⭐ New Best! Saved.
   📅 Epoch 14 | Loss: 0.1173 | Val Accuracy: 92.64%
   📅 Epoch 15 | Loss: 0.1115 | Val Accuracy: 92.30%
   📅 Epoch 16 | Loss: 0.1080 | Val Accuracy: 93.14%
      ⭐ New Best! Saved.
   📅 Epoch 17 | Loss: 0.1094 | Val Accuracy: 93.03%
   📅 Epoch 18 | Loss: 0.0979 | Val Accuracy: 92.81%
   📅 Epoch 19 | Loss: 0.1094 | Val Accuracy: 92.86%
   📅 Epoch 20 | Loss: 0.1043 | Val Accuracy: 92.36%
   📅 Epoch 21 | Loss: 0.1041 | Val Accuracy: 93.14%

   🛑 Early Stopping triggered after 5 epochs.

========================================
🏆 Best Val Accuracy: 93.14%
💾 Best Checkpoint: ./checkpoints/linear_mb-landmark_cls_dinov2_l14_lr0.001_original.pth
========================================

