
============================================================
📄 Log File: ./logs/linear_records/mb-landmark_cls_satmae_lr0.001_concat_3.log
⏰ Time: 2026-03-03 14:15:34
============================================================

🚀 Training satmae on mb-landmark_cls | Mode: LINEAR | LR: 0.001
   📂 [TRAIN] Loading 1 shards...
   ✅ Loaded 6997 samples.
   📂 [TEST] Loading 1 shards...
   ✅ Loaded 1793 samples.
   ⚙️  Config: Workers=8, BS=256, SmallData=False

>>> Loading Model: satmae (timm_mae)
   ℹ️  Config: in_chans=3
   🔍 Auditing weights for [satmae]...
   ✅ [PERFECT MATCH] 294/294 layers loaded (100.0%)

   🔍 [Structure Check] satmae Output Analysis:
      Type: Tuple (len=2)
      Item 0: Shape (1, 1024)
      Item 1: Shape (1, 196, 1024)
      ✅ Identified: CLS=True, Patch=True
      👉 Final Strategy: concat_3 | Input Dim: 3072
   ❄️  Mode: Linear Probe (Backbone Frozen)
   🚀 Compiling model with torch.compile...
   ⚡ AMP Precision: torch.bfloat16
   🔄 Training Start... (Epochs: 40, Patience: 5)
   📅 Epoch 1 | Loss: 0.8699 | Val Accuracy: 86.28%
      ⭐ New Best! Saved.
   📅 Epoch 2 | Loss: 0.4714 | Val Accuracy: 85.39%
   📅 Epoch 3 | Loss: 0.3812 | Val Accuracy: 87.45%
      ⭐ New Best! Saved.
   📅 Epoch 4 | Loss: 0.3464 | Val Accuracy: 87.12%
   📅 Epoch 5 | Loss: 0.3252 | Val Accuracy: 88.40%
      ⭐ New Best! Saved.
   📅 Epoch 6 | Loss: 0.3096 | Val Accuracy: 89.35%
      ⭐ New Best! Saved.
   📅 Epoch 7 | Loss: 0.3027 | Val Accuracy: 89.18%
   📅 Epoch 8 | Loss: 0.3026 | Val Accuracy: 89.12%
   📅 Epoch 9 | Loss: 0.2876 | Val Accuracy: 89.85%
      ⭐ New Best! Saved.
   📅 Epoch 10 | Loss: 0.2765 | Val Accuracy: 89.74%
   📅 Epoch 11 | Loss: 0.2753 | Val Accuracy: 89.96%
      ⭐ New Best! Saved.
   📅 Epoch 12 | Loss: 0.2718 | Val Accuracy: 90.46%
      ⭐ New Best! Saved.
   📅 Epoch 13 | Loss: 0.2575 | Val Accuracy: 89.35%
   📅 Epoch 14 | Loss: 0.2668 | Val Accuracy: 90.41%
   📅 Epoch 15 | Loss: 0.2581 | Val Accuracy: 90.02%
   📅 Epoch 16 | Loss: 0.2409 | Val Accuracy: 90.35%
   📅 Epoch 17 | Loss: 0.2463 | Val Accuracy: 90.57%
      ⭐ New Best! Saved.
   📅 Epoch 18 | Loss: 0.2452 | Val Accuracy: 90.07%
   📅 Epoch 19 | Loss: 0.2370 | Val Accuracy: 90.02%
   📅 Epoch 20 | Loss: 0.2364 | Val Accuracy: 90.52%
   📅 Epoch 21 | Loss: 0.2359 | Val Accuracy: 90.02%
   📅 Epoch 22 | Loss: 0.2305 | Val Accuracy: 90.30%

   🛑 Early Stopping triggered after 5 epochs.

========================================
🏆 Best Val Accuracy: 90.57%
💾 Best Checkpoint: ./checkpoints/linear_mb-landmark_cls_satmae_lr0.001_concat_3.pth
========================================

