
============================================================
📄 Log File: ./logs/linear_records/mb-landmark_cls_openclip_lr0.001_original.log
⏰ Time: 2026-03-03 15:23:04
============================================================

🚀 Training openclip on mb-landmark_cls | Mode: LINEAR | LR: 0.001
   📂 [TRAIN] Loading 1 shards...
   ✅ Loaded 6997 samples.
   📂 [TEST] Loading 1 shards...
   ✅ Loaded 1793 samples.
   ⚙️  Config: Workers=8, BS=256, SmallData=False

>>> Loading Model: openclip (transformers_clip)

   🔍 [Structure Check] openclip Output Analysis:
      Type: Tuple (len=2)
      Item 0: Shape (1, 1024)
      Item 1: Shape (1, 256, 1024)
      ✅ Identified: CLS=True, Patch=True
      👉 Final Strategy: CLS_only | Input Dim: 1024
   ❄️  Mode: Linear Probe (Backbone Frozen)
   🚀 Compiling model with torch.compile...
   ⚡ AMP Precision: torch.bfloat16
   🔄 Training Start... (Epochs: 40, Patience: 5)
   📅 Epoch 1 | Loss: 0.9220 | Val Accuracy: 83.32%
      ⭐ New Best! Saved.
   📅 Epoch 2 | Loss: 0.3668 | Val Accuracy: 89.40%
      ⭐ New Best! Saved.
   📅 Epoch 3 | Loss: 0.2817 | Val Accuracy: 90.13%
      ⭐ New Best! Saved.
   📅 Epoch 4 | Loss: 0.2519 | Val Accuracy: 92.02%
      ⭐ New Best! Saved.
   📅 Epoch 5 | Loss: 0.2330 | Val Accuracy: 91.58%
   📅 Epoch 6 | Loss: 0.2264 | Val Accuracy: 92.41%
      ⭐ New Best! Saved.
   📅 Epoch 7 | Loss: 0.2143 | Val Accuracy: 92.14%
   📅 Epoch 8 | Loss: 0.2084 | Val Accuracy: 92.30%
   📅 Epoch 9 | Loss: 0.1933 | Val Accuracy: 92.30%
   📅 Epoch 10 | Loss: 0.1893 | Val Accuracy: 92.14%
   📅 Epoch 11 | Loss: 0.1856 | Val Accuracy: 92.58%
      ⭐ New Best! Saved.
   📅 Epoch 12 | Loss: 0.1873 | Val Accuracy: 91.69%
   📅 Epoch 13 | Loss: 0.1768 | Val Accuracy: 92.02%
   📅 Epoch 14 | Loss: 0.1656 | Val Accuracy: 92.69%
      ⭐ New Best! Saved.
   📅 Epoch 15 | Loss: 0.1682 | Val Accuracy: 92.53%
   📅 Epoch 16 | Loss: 0.1679 | Val Accuracy: 92.58%
   📅 Epoch 17 | Loss: 0.1566 | Val Accuracy: 92.81%
      ⭐ New Best! Saved.
   📅 Epoch 18 | Loss: 0.1548 | Val Accuracy: 92.30%
   📅 Epoch 19 | Loss: 0.1578 | Val Accuracy: 92.75%
   📅 Epoch 20 | Loss: 0.1607 | Val Accuracy: 92.64%
   📅 Epoch 21 | Loss: 0.1613 | Val Accuracy: 91.69%
   📅 Epoch 22 | Loss: 0.1559 | Val Accuracy: 92.75%

   🛑 Early Stopping triggered after 5 epochs.

========================================
🏆 Best Val Accuracy: 92.81%
💾 Best Checkpoint: ./checkpoints/linear_mb-landmark_cls_openclip_lr0.001_original.pth
========================================

