
============================================================
📄 Log File: ./logs/linear_records/mb-landmark_cls_dinov3_sat_lr0.001_concat_3.log
⏰ Time: 2026-03-03 10:10:11
============================================================

🚀 Training dinov3_sat on mb-landmark_cls | Mode: LINEAR | LR: 0.001
   📂 [TRAIN] Loading 1 shards...
   ✅ Loaded 6997 samples.
   📂 [TEST] Loading 1 shards...
   ✅ Loaded 1793 samples.
   ⚙️  Config: Workers=8, BS=256, SmallData=False

>>> Loading Model: dinov3_sat (dinov3_hub)
   🔍 Auditing weights for [dinov3_sat]...
   ✅ [PERFECT MATCH] 368/368 layers loaded (100.0%)

   🔍 [Structure Check] dinov3_sat Output Analysis:
      Type: Tuple (len=2)
      Item 0: Shape (1, 1024)
      Item 1: Shape (1, 256, 1024)
      ✅ Identified: CLS=True, Patch=True
      👉 Final Strategy: concat_3 | Input Dim: 3072
   ❄️  Mode: Linear Probe (Backbone Frozen)
   🚀 Compiling model with torch.compile...
   ⚡ AMP Precision: torch.bfloat16
   🔄 Training Start... (Epochs: 40, Patience: 5)
   📅 Epoch 1 | Loss: 0.7658 | Val Accuracy: 85.28%
      ⭐ New Best! Saved.
   📅 Epoch 2 | Loss: 0.4018 | Val Accuracy: 87.84%
      ⭐ New Best! Saved.
   📅 Epoch 3 | Loss: 0.3146 | Val Accuracy: 89.79%
      ⭐ New Best! Saved.
   📅 Epoch 4 | Loss: 0.2748 | Val Accuracy: 90.13%
      ⭐ New Best! Saved.
   📅 Epoch 5 | Loss: 0.2520 | Val Accuracy: 91.08%
      ⭐ New Best! Saved.
   📅 Epoch 6 | Loss: 0.2326 | Val Accuracy: 91.13%
      ⭐ New Best! Saved.
   📅 Epoch 7 | Loss: 0.2230 | Val Accuracy: 91.19%
      ⭐ New Best! Saved.
   📅 Epoch 8 | Loss: 0.2102 | Val Accuracy: 90.91%
   📅 Epoch 9 | Loss: 0.2017 | Val Accuracy: 91.13%
   📅 Epoch 10 | Loss: 0.1995 | Val Accuracy: 91.08%
   📅 Epoch 11 | Loss: 0.1915 | Val Accuracy: 90.85%
   📅 Epoch 12 | Loss: 0.1852 | Val Accuracy: 91.24%
      ⭐ New Best! Saved.
   📅 Epoch 13 | Loss: 0.1791 | Val Accuracy: 90.96%
   📅 Epoch 14 | Loss: 0.1761 | Val Accuracy: 91.08%
   📅 Epoch 15 | Loss: 0.1708 | Val Accuracy: 91.13%
   📅 Epoch 16 | Loss: 0.1636 | Val Accuracy: 91.41%
      ⭐ New Best! Saved.
   📅 Epoch 17 | Loss: 0.1606 | Val Accuracy: 91.02%
   📅 Epoch 18 | Loss: 0.1702 | Val Accuracy: 91.02%
   📅 Epoch 19 | Loss: 0.1597 | Val Accuracy: 91.36%
   📅 Epoch 20 | Loss: 0.1600 | Val Accuracy: 91.47%
      ⭐ New Best! Saved.
   📅 Epoch 21 | Loss: 0.1566 | Val Accuracy: 91.41%
   📅 Epoch 22 | Loss: 0.1564 | Val Accuracy: 91.47%
   📅 Epoch 23 | Loss: 0.1528 | Val Accuracy: 91.69%
      ⭐ New Best! Saved.
   📅 Epoch 24 | Loss: 0.1538 | Val Accuracy: 91.36%
   📅 Epoch 25 | Loss: 0.1488 | Val Accuracy: 91.58%
   📅 Epoch 26 | Loss: 0.1540 | Val Accuracy: 91.80%
      ⭐ New Best! Saved.
   📅 Epoch 27 | Loss: 0.1484 | Val Accuracy: 91.75%
   📅 Epoch 28 | Loss: 0.1462 | Val Accuracy: 91.75%
   📅 Epoch 29 | Loss: 0.1416 | Val Accuracy: 91.41%
   📅 Epoch 30 | Loss: 0.1408 | Val Accuracy: 91.58%
   📅 Epoch 31 | Loss: 0.1416 | Val Accuracy: 91.75%

   🛑 Early Stopping triggered after 5 epochs.

========================================
🏆 Best Val Accuracy: 91.80%
💾 Best Checkpoint: ./checkpoints/linear_mb-landmark_cls_dinov3_sat_lr0.001_concat_3.pth
========================================

