
============================================================
📄 Log File: ./logs/linear_records/mb-landmark_cls_dinov3_sat_lr0.0001_original.log
⏰ Time: 2026-03-03 10:47:06
============================================================

🚀 Training dinov3_sat on mb-landmark_cls | Mode: LINEAR | LR: 0.0001
   📂 [TRAIN] Loading 1 shards...
   ✅ Loaded 6997 samples.
   📂 [TEST] Loading 1 shards...
   ✅ Loaded 1793 samples.
   ⚙️  Config: Workers=8, BS=256, SmallData=False

>>> Loading Model: dinov3_sat (dinov3_hub)
   🔍 Auditing weights for [dinov3_sat]...
   ✅ [PERFECT MATCH] 368/368 layers loaded (100.0%)

   🔍 [Structure Check] dinov3_sat Output Analysis:
      Type: Tuple (len=2)
      Item 0: Shape (1, 1024)
      Item 1: Shape (1, 256, 1024)
      ✅ Identified: CLS=True, Patch=True
      👉 Final Strategy: GAP_only | Input Dim: 1024
   ❄️  Mode: Linear Probe (Backbone Frozen)
   🚀 Compiling model with torch.compile...
   ⚡ AMP Precision: torch.bfloat16
   🔄 Training Start... (Epochs: 40, Patience: 5)
   📅 Epoch 1 | Loss: 1.9459 | Val Accuracy: 81.48%
      ⭐ New Best! Saved.
   📅 Epoch 2 | Loss: 1.7306 | Val Accuracy: 82.54%
      ⭐ New Best! Saved.
   📅 Epoch 3 | Loss: 1.5373 | Val Accuracy: 82.60%
      ⭐ New Best! Saved.
   📅 Epoch 4 | Loss: 1.3821 | Val Accuracy: 82.65%
      ⭐ New Best! Saved.
   📅 Epoch 5 | Loss: 1.2508 | Val Accuracy: 82.65%
   📅 Epoch 6 | Loss: 1.1462 | Val Accuracy: 82.65%
   📅 Epoch 7 | Loss: 1.0645 | Val Accuracy: 82.65%
   📅 Epoch 8 | Loss: 0.9954 | Val Accuracy: 82.65%
   📅 Epoch 9 | Loss: 0.9451 | Val Accuracy: 82.65%

   🛑 Early Stopping triggered after 5 epochs.

========================================
🏆 Best Val Accuracy: 82.65%
💾 Best Checkpoint: ./checkpoints/linear_mb-landmark_cls_dinov3_sat_lr0.0001_original.pth
========================================

