
============================================================
📄 Log File: ./logs/linear_records/mb-landmark_cls_dinov3_sat_1cha_lr0.001_concat_2.log
⏰ Time: 2026-04-09 21:01:37
============================================================

🚀 Training dinov3_sat_1cha on mb-landmark_cls | Mode: LINEAR | LR: 0.001
   📂 [TRAIN] Loading 1 shards...
   ✅ Loaded 6997 samples.
   📂 [TEST] Loading 1 shards...
   ✅ Loaded 1793 samples.
   ⚙️  Config: Workers=8, BS=256, SmallData=False

>>> Loading Model: dinov3_sat_1cha (dinov3_hub)
   🔍 Auditing weights for [dinov3_sat_1cha]...
   ✅ [PERFECT MATCH] 368/368 layers loaded (100.0%)

   🔍 [Structure Check] dinov3_sat_1cha Output Analysis:
      Type: Tuple (len=2)
      Item 0: Shape (1, 1024)
      Item 1: Shape (1, 256, 1024)
      ✅ Identified: CLS=True, Patch=True
      👉 Final Strategy: concat_2 | Input Dim: 2048
   ❄️  Mode: Linear Probe (Backbone Frozen)
   🚀 Compiling model with torch.compile...
   ⚡ AMP Precision: torch.bfloat16
   🔄 Training Start... (Epochs: 40, Patience: 5)
   📅 Epoch 1 | Loss: 0.8198 | Val Accuracy: 82.88%
      ⭐ New Best! (Model saving disabled to save space)
   📅 Epoch 2 | Loss: 0.4687 | Val Accuracy: 87.56%
      ⭐ New Best! (Model saving disabled to save space)
   📅 Epoch 3 | Loss: 0.3623 | Val Accuracy: 89.24%
      ⭐ New Best! (Model saving disabled to save space)
   📅 Epoch 4 | Loss: 0.3235 | Val Accuracy: 89.74%
      ⭐ New Best! (Model saving disabled to save space)
   📅 Epoch 5 | Loss: 0.2849 | Val Accuracy: 90.46%
      ⭐ New Best! (Model saving disabled to save space)
   📅 Epoch 6 | Loss: 0.2653 | Val Accuracy: 90.41%
   📅 Epoch 7 | Loss: 0.2561 | Val Accuracy: 90.69%
      ⭐ New Best! (Model saving disabled to save space)
   📅 Epoch 8 | Loss: 0.2379 | Val Accuracy: 90.63%
   📅 Epoch 9 | Loss: 0.2374 | Val Accuracy: 90.80%
      ⭐ New Best! (Model saving disabled to save space)
   📅 Epoch 10 | Loss: 0.2190 | Val Accuracy: 90.80%
   📅 Epoch 11 | Loss: 0.2177 | Val Accuracy: 90.85%
      ⭐ New Best! (Model saving disabled to save space)
   📅 Epoch 12 | Loss: 0.2093 | Val Accuracy: 91.02%
      ⭐ New Best! (Model saving disabled to save space)
   📅 Epoch 13 | Loss: 0.2040 | Val Accuracy: 91.02%
   📅 Epoch 14 | Loss: 0.2006 | Val Accuracy: 90.85%
   📅 Epoch 15 | Loss: 0.1949 | Val Accuracy: 90.91%
   📅 Epoch 16 | Loss: 0.1948 | Val Accuracy: 90.96%
   📅 Epoch 17 | Loss: 0.1885 | Val Accuracy: 90.96%

   🛑 Early Stopping triggered after 5 epochs.

========================================
🏆 Best Val Accuracy: 91.02%
💾 Best Checkpoint: ./checkpoints/linear_mb-landmark_cls_dinov3_sat_1cha_lr0.001_concat_2.pth
========================================

