
============================================================
📄 Log File: ./logs/linear_records/mb-landmark_cls_dinov1_b8_lr0.001_concat_2.log
⏰ Time: 2026-03-03 12:31:21
============================================================

🚀 Training dinov1_b8 on mb-landmark_cls | Mode: LINEAR | LR: 0.001
   📂 [TRAIN] Loading 1 shards...
   ✅ Loaded 6997 samples.
   📂 [TEST] Loading 1 shards...
   ✅ Loaded 1793 samples.
   ⚙️  Config: Workers=8, BS=256, SmallData=False

>>> Loading Model: dinov1_b8 (dinov1)

   🔍 [Structure Check] dinov1_b8 Output Analysis:
      Type: Tuple (len=2)
      Item 0: Shape (1, 768)
      Item 1: Shape (1, 784, 768)
      ✅ Identified: CLS=True, Patch=True
      👉 Final Strategy: concat_2 | Input Dim: 1536
   ❄️  Mode: Linear Probe (Backbone Frozen)
   🚀 Compiling model with torch.compile...
   ⚡ AMP Precision: torch.bfloat16
   🔄 Training Start... (Epochs: 40, Patience: 5)
   📅 Epoch 1 | Loss: 0.5058 | Val Accuracy: 90.91%
      ⭐ New Best! Saved.
   📅 Epoch 2 | Loss: 0.1800 | Val Accuracy: 91.80%
      ⭐ New Best! Saved.
   📅 Epoch 3 | Loss: 0.1401 | Val Accuracy: 92.02%
      ⭐ New Best! Saved.
   📅 Epoch 4 | Loss: 0.1283 | Val Accuracy: 92.19%
      ⭐ New Best! Saved.
   📅 Epoch 5 | Loss: 0.1258 | Val Accuracy: 92.47%
      ⭐ New Best! Saved.
   📅 Epoch 6 | Loss: 0.1146 | Val Accuracy: 92.36%
   📅 Epoch 7 | Loss: 0.1081 | Val Accuracy: 92.47%
   📅 Epoch 8 | Loss: 0.1004 | Val Accuracy: 92.53%
      ⭐ New Best! Saved.
   📅 Epoch 9 | Loss: 0.0982 | Val Accuracy: 92.41%
   📅 Epoch 10 | Loss: 0.0980 | Val Accuracy: 92.58%
      ⭐ New Best! Saved.
   📅 Epoch 11 | Loss: 0.0905 | Val Accuracy: 92.58%
   📅 Epoch 12 | Loss: 0.0857 | Val Accuracy: 92.47%
   📅 Epoch 13 | Loss: 0.0826 | Val Accuracy: 92.41%
   📅 Epoch 14 | Loss: 0.0884 | Val Accuracy: 92.69%
      ⭐ New Best! Saved.
   📅 Epoch 15 | Loss: 0.0859 | Val Accuracy: 92.69%
   📅 Epoch 16 | Loss: 0.0806 | Val Accuracy: 92.75%
      ⭐ New Best! Saved.
   📅 Epoch 17 | Loss: 0.0815 | Val Accuracy: 92.36%
   📅 Epoch 18 | Loss: 0.0828 | Val Accuracy: 92.47%
   📅 Epoch 19 | Loss: 0.0769 | Val Accuracy: 92.64%
   📅 Epoch 20 | Loss: 0.0820 | Val Accuracy: 92.47%
   📅 Epoch 21 | Loss: 0.0763 | Val Accuracy: 92.14%

   🛑 Early Stopping triggered after 5 epochs.

========================================
🏆 Best Val Accuracy: 92.75%
💾 Best Checkpoint: ./checkpoints/linear_mb-landmark_cls_dinov1_b8_lr0.001_concat_2.pth
========================================

