
============================================================
📄 Log File: ./logs/linear_records/mb-landmark_cls_dinov3_lvd_1cha_lr0.0001_original.log
⏰ Time: 2026-04-09 23:53:24
============================================================

🚀 Training dinov3_lvd_1cha on mb-landmark_cls | Mode: LINEAR | LR: 0.0001
   📂 [TRAIN] Loading 1 shards...
   ✅ Loaded 6997 samples.
   📂 [TEST] Loading 1 shards...
   ✅ Loaded 1793 samples.
   ⚙️  Config: Workers=8, BS=256, SmallData=False

>>> Loading Model: dinov3_lvd_1cha (dinov3_hub)
   🔍 Auditing weights for [dinov3_lvd_1cha]...
   ✅ [PERFECT MATCH] 368/368 layers loaded (100.0%)

   🔍 [Structure Check] dinov3_lvd_1cha Output Analysis:
      Type: Tuple (len=2)
      Item 0: Shape (1, 1024)
      Item 1: Shape (1, 256, 1024)
      ✅ Identified: CLS=True, Patch=True
      👉 Final Strategy: CLS_only | Input Dim: 1024
   ❄️  Mode: Linear Probe (Backbone Frozen)
   🚀 Compiling model with torch.compile...
   ⚡ AMP Precision: torch.bfloat16
   🔄 Training Start... (Epochs: 40, Patience: 5)
   📅 Epoch 1 | Loss: 1.6763 | Val Accuracy: 82.38%
      ⭐ New Best! (Model saving disabled to save space)
   📅 Epoch 2 | Loss: 1.0080 | Val Accuracy: 82.65%
      ⭐ New Best! (Model saving disabled to save space)
   📅 Epoch 3 | Loss: 0.7426 | Val Accuracy: 82.65%
   📅 Epoch 4 | Loss: 0.6355 | Val Accuracy: 82.65%
   📅 Epoch 5 | Loss: 0.5747 | Val Accuracy: 82.77%
      ⭐ New Best! (Model saving disabled to save space)
   📅 Epoch 6 | Loss: 0.5341 | Val Accuracy: 82.99%
      ⭐ New Best! (Model saving disabled to save space)
   📅 Epoch 7 | Loss: 0.5018 | Val Accuracy: 83.60%
      ⭐ New Best! (Model saving disabled to save space)
   📅 Epoch 8 | Loss: 0.4699 | Val Accuracy: 84.10%
      ⭐ New Best! (Model saving disabled to save space)
   📅 Epoch 9 | Loss: 0.4442 | Val Accuracy: 84.38%
      ⭐ New Best! (Model saving disabled to save space)
   📅 Epoch 10 | Loss: 0.4246 | Val Accuracy: 84.72%
      ⭐ New Best! (Model saving disabled to save space)
   📅 Epoch 11 | Loss: 0.4060 | Val Accuracy: 85.11%
      ⭐ New Best! (Model saving disabled to save space)
   📅 Epoch 12 | Loss: 0.3905 | Val Accuracy: 85.61%
      ⭐ New Best! (Model saving disabled to save space)
   📅 Epoch 13 | Loss: 0.3704 | Val Accuracy: 85.78%
      ⭐ New Best! (Model saving disabled to save space)
   📅 Epoch 14 | Loss: 0.3553 | Val Accuracy: 86.50%
      ⭐ New Best! (Model saving disabled to save space)
   📅 Epoch 15 | Loss: 0.3458 | Val Accuracy: 86.61%
      ⭐ New Best! (Model saving disabled to save space)
   📅 Epoch 16 | Loss: 0.3311 | Val Accuracy: 87.12%
      ⭐ New Best! (Model saving disabled to save space)
   📅 Epoch 17 | Loss: 0.3239 | Val Accuracy: 87.45%
      ⭐ New Best! (Model saving disabled to save space)
   📅 Epoch 18 | Loss: 0.3095 | Val Accuracy: 87.56%
      ⭐ New Best! (Model saving disabled to save space)
   📅 Epoch 19 | Loss: 0.3031 | Val Accuracy: 87.62%
      ⭐ New Best! (Model saving disabled to save space)
   📅 Epoch 20 | Loss: 0.2980 | Val Accuracy: 87.95%
      ⭐ New Best! (Model saving disabled to save space)
   📅 Epoch 21 | Loss: 0.2874 | Val Accuracy: 88.06%
      ⭐ New Best! (Model saving disabled to save space)
   📅 Epoch 22 | Loss: 0.2820 | Val Accuracy: 88.18%
      ⭐ New Best! (Model saving disabled to save space)
   📅 Epoch 23 | Loss: 0.2743 | Val Accuracy: 88.40%
      ⭐ New Best! (Model saving disabled to save space)
   📅 Epoch 24 | Loss: 0.2704 | Val Accuracy: 88.40%
   📅 Epoch 25 | Loss: 0.2657 | Val Accuracy: 88.51%
      ⭐ New Best! (Model saving disabled to save space)
   📅 Epoch 26 | Loss: 0.2571 | Val Accuracy: 88.79%
      ⭐ New Best! (Model saving disabled to save space)
   📅 Epoch 27 | Loss: 0.2520 | Val Accuracy: 88.96%
      ⭐ New Best! (Model saving disabled to save space)
   📅 Epoch 28 | Loss: 0.2485 | Val Accuracy: 89.24%
      ⭐ New Best! (Model saving disabled to save space)
   📅 Epoch 29 | Loss: 0.2385 | Val Accuracy: 89.18%
   📅 Epoch 30 | Loss: 0.2371 | Val Accuracy: 89.07%
   📅 Epoch 31 | Loss: 0.2329 | Val Accuracy: 89.18%
   📅 Epoch 32 | Loss: 0.2362 | Val Accuracy: 89.46%
      ⭐ New Best! (Model saving disabled to save space)
   📅 Epoch 33 | Loss: 0.2290 | Val Accuracy: 89.40%
   📅 Epoch 34 | Loss: 0.2256 | Val Accuracy: 89.63%
      ⭐ New Best! (Model saving disabled to save space)
   📅 Epoch 35 | Loss: 0.2245 | Val Accuracy: 89.74%
      ⭐ New Best! (Model saving disabled to save space)
   📅 Epoch 36 | Loss: 0.2198 | Val Accuracy: 89.85%
      ⭐ New Best! (Model saving disabled to save space)
   📅 Epoch 37 | Loss: 0.2216 | Val Accuracy: 89.79%
   📅 Epoch 38 | Loss: 0.2157 | Val Accuracy: 89.96%
      ⭐ New Best! (Model saving disabled to save space)
   📅 Epoch 39 | Loss: 0.2150 | Val Accuracy: 90.13%
      ⭐ New Best! (Model saving disabled to save space)
   📅 Epoch 40 | Loss: 0.2093 | Val Accuracy: 90.13%

========================================
🏆 Best Val Accuracy: 90.13%
💾 Best Checkpoint: ./checkpoints/linear_mb-landmark_cls_dinov3_lvd_1cha_lr0.0001_original.pth
========================================

