
============================================================
📄 Log File: ./logs/linear_records/mb-landmark_cls_dinov3_lvd_lr0.01_original.log
⏰ Time: 2026-03-03 08:05:07
============================================================

🚀 Training dinov3_lvd on mb-landmark_cls | Mode: LINEAR | LR: 0.01
   📂 [TRAIN] Loading 1 shards...
   ✅ Loaded 6997 samples.
   📂 [TEST] Loading 1 shards...
   ✅ Loaded 1793 samples.
   ⚙️  Config: Workers=8, BS=256, SmallData=False

>>> Loading Model: dinov3_lvd (dinov3_hub)
   🔍 Auditing weights for [dinov3_lvd]...
   ✅ [PERFECT MATCH] 368/368 layers loaded (100.0%)

   🔍 [Structure Check] dinov3_lvd Output Analysis:
      Type: Tuple (len=2)
      Item 0: Shape (1, 1024)
      Item 1: Shape (1, 256, 1024)
      ✅ Identified: CLS=True, Patch=True
      👉 Final Strategy: CLS_only | Input Dim: 1024
   ❄️  Mode: Linear Probe (Backbone Frozen)
   🚀 Compiling model with torch.compile...
   ⚡ AMP Precision: torch.bfloat16
   🔄 Training Start... (Epochs: 40, Patience: 5)
   📅 Epoch 1 | Loss: 0.4531 | Val Accuracy: 91.97%
      ⭐ New Best! Saved.
   📅 Epoch 2 | Loss: 0.1697 | Val Accuracy: 92.92%
      ⭐ New Best! Saved.
   📅 Epoch 3 | Loss: 0.1357 | Val Accuracy: 93.36%
      ⭐ New Best! Saved.
   📅 Epoch 4 | Loss: 0.1260 | Val Accuracy: 94.37%
      ⭐ New Best! Saved.
   📅 Epoch 5 | Loss: 0.1216 | Val Accuracy: 93.70%
   📅 Epoch 6 | Loss: 0.1172 | Val Accuracy: 94.31%
   📅 Epoch 7 | Loss: 0.1124 | Val Accuracy: 94.03%
   📅 Epoch 8 | Loss: 0.1123 | Val Accuracy: 93.87%
   📅 Epoch 9 | Loss: 0.1083 | Val Accuracy: 94.20%

   🛑 Early Stopping triggered after 5 epochs.

========================================
🏆 Best Val Accuracy: 94.37%
💾 Best Checkpoint: ./checkpoints/linear_mb-landmark_cls_dinov3_lvd_lr0.01_original.pth
========================================

