
============================================================
📄 Log File: ./logs/linear_records/mb-landmark_cls_openclip_lr0.001_concat_2.log
⏰ Time: 2026-03-03 15:10:44
============================================================

🚀 Training openclip on mb-landmark_cls | Mode: LINEAR | LR: 0.001
   📂 [TRAIN] Loading 1 shards...
   ✅ Loaded 6997 samples.
   📂 [TEST] Loading 1 shards...
   ✅ Loaded 1793 samples.
   ⚙️  Config: Workers=8, BS=256, SmallData=False

>>> Loading Model: openclip (transformers_clip)

   🔍 [Structure Check] openclip Output Analysis:
      Type: Tuple (len=2)
      Item 0: Shape (1, 1024)
      Item 1: Shape (1, 256, 1024)
      ✅ Identified: CLS=True, Patch=True
      👉 Final Strategy: concat_2 | Input Dim: 2048
   ❄️  Mode: Linear Probe (Backbone Frozen)
   🚀 Compiling model with torch.compile...
   ⚡ AMP Precision: torch.bfloat16
   🔄 Training Start... (Epochs: 40, Patience: 5)
   📅 Epoch 1 | Loss: 0.6966 | Val Accuracy: 88.68%
      ⭐ New Best! Saved.
   📅 Epoch 2 | Loss: 0.3067 | Val Accuracy: 90.91%
      ⭐ New Best! Saved.
   📅 Epoch 3 | Loss: 0.2425 | Val Accuracy: 91.58%
      ⭐ New Best! Saved.
   📅 Epoch 4 | Loss: 0.2235 | Val Accuracy: 91.52%
   📅 Epoch 5 | Loss: 0.2071 | Val Accuracy: 91.52%
   📅 Epoch 6 | Loss: 0.1953 | Val Accuracy: 91.52%
   📅 Epoch 7 | Loss: 0.1932 | Val Accuracy: 92.30%
      ⭐ New Best! Saved.
   📅 Epoch 8 | Loss: 0.1834 | Val Accuracy: 92.02%
   📅 Epoch 9 | Loss: 0.1700 | Val Accuracy: 91.58%
   📅 Epoch 10 | Loss: 0.1654 | Val Accuracy: 91.80%
   📅 Epoch 11 | Loss: 0.1624 | Val Accuracy: 92.58%
      ⭐ New Best! Saved.
   📅 Epoch 12 | Loss: 0.1587 | Val Accuracy: 92.19%
   📅 Epoch 13 | Loss: 0.1554 | Val Accuracy: 93.14%
      ⭐ New Best! Saved.
   📅 Epoch 14 | Loss: 0.1556 | Val Accuracy: 92.97%
   📅 Epoch 15 | Loss: 0.1513 | Val Accuracy: 92.97%
   📅 Epoch 16 | Loss: 0.1426 | Val Accuracy: 91.86%
   📅 Epoch 17 | Loss: 0.1476 | Val Accuracy: 92.36%
   📅 Epoch 18 | Loss: 0.1467 | Val Accuracy: 92.92%

   🛑 Early Stopping triggered after 5 epochs.

========================================
🏆 Best Val Accuracy: 93.14%
💾 Best Checkpoint: ./checkpoints/linear_mb-landmark_cls_openclip_lr0.001_concat_2.pth
========================================

