
============================================================
📄 Log File: ./logs/linear_records/mb-landmark_cls_dinov3_lvd_lr0.01_concat_3.log
⏰ Time: 2026-03-03 08:01:12
============================================================

🚀 Training dinov3_lvd on mb-landmark_cls | Mode: LINEAR | LR: 0.01
   📂 [TRAIN] Loading 1 shards...
   ✅ Loaded 6997 samples.
   📂 [TEST] Loading 1 shards...
   ✅ Loaded 1793 samples.
   ⚙️  Config: Workers=8, BS=256, SmallData=False

>>> Loading Model: dinov3_lvd (dinov3_hub)
   🔍 Auditing weights for [dinov3_lvd]...
   ✅ [PERFECT MATCH] 368/368 layers loaded (100.0%)

   🔍 [Structure Check] dinov3_lvd Output Analysis:
      Type: Tuple (len=2)
      Item 0: Shape (1, 1024)
      Item 1: Shape (1, 256, 1024)
      ✅ Identified: CLS=True, Patch=True
      👉 Final Strategy: concat_3 | Input Dim: 3072
   ❄️  Mode: Linear Probe (Backbone Frozen)
   🚀 Compiling model with torch.compile...
   ⚡ AMP Precision: torch.bfloat16
   🔄 Training Start... (Epochs: 40, Patience: 5)
   📅 Epoch 1 | Loss: 1.0931 | Val Accuracy: 90.35%
      ⭐ New Best! Saved.
   📅 Epoch 2 | Loss: 0.2862 | Val Accuracy: 92.36%
      ⭐ New Best! Saved.
   📅 Epoch 3 | Loss: 0.1670 | Val Accuracy: 93.92%
      ⭐ New Best! Saved.
   📅 Epoch 4 | Loss: 0.1401 | Val Accuracy: 92.30%
   📅 Epoch 5 | Loss: 0.1340 | Val Accuracy: 93.47%
   📅 Epoch 6 | Loss: 0.1113 | Val Accuracy: 93.87%
   📅 Epoch 7 | Loss: 0.1211 | Val Accuracy: 92.92%
   📅 Epoch 8 | Loss: 0.1397 | Val Accuracy: 93.31%

   🛑 Early Stopping triggered after 5 epochs.

========================================
🏆 Best Val Accuracy: 93.92%
💾 Best Checkpoint: ./checkpoints/linear_mb-landmark_cls_dinov3_lvd_lr0.01_concat_3.pth
========================================

