
============================================================
📄 Log File: ./logs/linear_records/mb-landmark_cls_satmae_lr0.0001_concat_3.log
⏰ Time: 2026-03-03 14:45:24
============================================================

🚀 Training satmae on mb-landmark_cls | Mode: LINEAR | LR: 0.0001
   📂 [TRAIN] Loading 1 shards...
   ✅ Loaded 6997 samples.
   📂 [TEST] Loading 1 shards...
   ✅ Loaded 1793 samples.
   ⚙️  Config: Workers=8, BS=256, SmallData=False

>>> Loading Model: satmae (timm_mae)
   ℹ️  Config: in_chans=3
   🔍 Auditing weights for [satmae]...
   ✅ [PERFECT MATCH] 294/294 layers loaded (100.0%)

   🔍 [Structure Check] satmae Output Analysis:
      Type: Tuple (len=2)
      Item 0: Shape (1, 1024)
      Item 1: Shape (1, 196, 1024)
      ✅ Identified: CLS=True, Patch=True
      👉 Final Strategy: concat_3 | Input Dim: 3072
   ❄️  Mode: Linear Probe (Backbone Frozen)
   🚀 Compiling model with torch.compile...
   ⚡ AMP Precision: torch.bfloat16
   🔄 Training Start... (Epochs: 40, Patience: 5)
   📅 Epoch 1 | Loss: 1.1910 | Val Accuracy: 82.65%
      ⭐ New Best! Saved.
   📅 Epoch 2 | Loss: 0.7575 | Val Accuracy: 82.65%
   📅 Epoch 3 | Loss: 0.6830 | Val Accuracy: 82.65%
   📅 Epoch 4 | Loss: 0.6379 | Val Accuracy: 82.65%
   📅 Epoch 5 | Loss: 0.5981 | Val Accuracy: 82.65%
   📅 Epoch 6 | Loss: 0.5715 | Val Accuracy: 82.77%
      ⭐ New Best! Saved.
   📅 Epoch 7 | Loss: 0.5425 | Val Accuracy: 83.05%
      ⭐ New Best! Saved.
   📅 Epoch 8 | Loss: 0.5213 | Val Accuracy: 83.83%
      ⭐ New Best! Saved.
   📅 Epoch 9 | Loss: 0.5043 | Val Accuracy: 84.22%
      ⭐ New Best! Saved.
   📅 Epoch 10 | Loss: 0.4882 | Val Accuracy: 84.44%
      ⭐ New Best! Saved.
   📅 Epoch 11 | Loss: 0.4747 | Val Accuracy: 84.72%
      ⭐ New Best! Saved.
   📅 Epoch 12 | Loss: 0.4587 | Val Accuracy: 84.66%
   📅 Epoch 13 | Loss: 0.4409 | Val Accuracy: 85.55%
      ⭐ New Best! Saved.
   📅 Epoch 14 | Loss: 0.4348 | Val Accuracy: 85.72%
      ⭐ New Best! Saved.
   📅 Epoch 15 | Loss: 0.4271 | Val Accuracy: 85.55%
   📅 Epoch 16 | Loss: 0.4202 | Val Accuracy: 86.45%
      ⭐ New Best! Saved.
   📅 Epoch 17 | Loss: 0.4053 | Val Accuracy: 86.45%
   📅 Epoch 18 | Loss: 0.4027 | Val Accuracy: 86.34%
   📅 Epoch 19 | Loss: 0.3986 | Val Accuracy: 86.11%
   📅 Epoch 20 | Loss: 0.3894 | Val Accuracy: 87.28%
      ⭐ New Best! Saved.
   📅 Epoch 21 | Loss: 0.3814 | Val Accuracy: 86.67%
   📅 Epoch 22 | Loss: 0.3785 | Val Accuracy: 87.56%
      ⭐ New Best! Saved.
   📅 Epoch 23 | Loss: 0.3728 | Val Accuracy: 87.79%
      ⭐ New Best! Saved.
   📅 Epoch 24 | Loss: 0.3655 | Val Accuracy: 87.17%
   📅 Epoch 25 | Loss: 0.3669 | Val Accuracy: 87.73%
   📅 Epoch 26 | Loss: 0.3533 | Val Accuracy: 87.56%
   📅 Epoch 27 | Loss: 0.3465 | Val Accuracy: 88.29%
      ⭐ New Best! Saved.
   📅 Epoch 28 | Loss: 0.3499 | Val Accuracy: 87.40%
   📅 Epoch 29 | Loss: 0.3463 | Val Accuracy: 87.62%
   📅 Epoch 30 | Loss: 0.3401 | Val Accuracy: 88.40%
      ⭐ New Best! Saved.
   📅 Epoch 31 | Loss: 0.3386 | Val Accuracy: 88.34%
   📅 Epoch 32 | Loss: 0.3358 | Val Accuracy: 88.34%
   📅 Epoch 33 | Loss: 0.3320 | Val Accuracy: 88.18%
   📅 Epoch 34 | Loss: 0.3294 | Val Accuracy: 88.51%
      ⭐ New Best! Saved.
   📅 Epoch 35 | Loss: 0.3292 | Val Accuracy: 88.29%
   📅 Epoch 36 | Loss: 0.3213 | Val Accuracy: 88.23%
   📅 Epoch 37 | Loss: 0.3197 | Val Accuracy: 88.90%
      ⭐ New Best! Saved.
   📅 Epoch 38 | Loss: 0.3185 | Val Accuracy: 88.73%
   📅 Epoch 39 | Loss: 0.3211 | Val Accuracy: 89.01%
      ⭐ New Best! Saved.
   📅 Epoch 40 | Loss: 0.3098 | Val Accuracy: 88.51%

========================================
🏆 Best Val Accuracy: 89.01%
💾 Best Checkpoint: ./checkpoints/linear_mb-landmark_cls_satmae_lr0.0001_concat_3.pth
========================================

