
============================================================
📄 Log File: ./logs/linear_records/mb-landmark_cls_openclip_lr0.01_concat_2.log
⏰ Time: 2026-03-03 15:00:32
============================================================

🚀 Training openclip on mb-landmark_cls | Mode: LINEAR | LR: 0.01
   📂 [TRAIN] Loading 1 shards...
   ✅ Loaded 6997 samples.
   📂 [TEST] Loading 1 shards...
   ✅ Loaded 1793 samples.
   ⚙️  Config: Workers=8, BS=256, SmallData=False

>>> Loading Model: openclip (transformers_clip)

   🔍 [Structure Check] openclip Output Analysis:
      Type: Tuple (len=2)
      Item 0: Shape (1, 1024)
      Item 1: Shape (1, 256, 1024)
      ✅ Identified: CLS=True, Patch=True
      👉 Final Strategy: concat_2 | Input Dim: 2048
   ❄️  Mode: Linear Probe (Backbone Frozen)
   🚀 Compiling model with torch.compile...
   ⚡ AMP Precision: torch.bfloat16
   🔄 Training Start... (Epochs: 40, Patience: 5)
   📅 Epoch 1 | Loss: 1.6251 | Val Accuracy: 91.97%
      ⭐ New Best! Saved.
   📅 Epoch 2 | Loss: 0.3937 | Val Accuracy: 92.19%
      ⭐ New Best! Saved.
   📅 Epoch 3 | Loss: 0.2357 | Val Accuracy: 92.92%
      ⭐ New Best! Saved.
   📅 Epoch 4 | Loss: 0.1906 | Val Accuracy: 91.52%
   📅 Epoch 5 | Loss: 0.1957 | Val Accuracy: 92.69%
   📅 Epoch 6 | Loss: 0.1523 | Val Accuracy: 90.69%
   📅 Epoch 7 | Loss: 0.2106 | Val Accuracy: 90.74%
   📅 Epoch 8 | Loss: 0.1995 | Val Accuracy: 92.75%

   🛑 Early Stopping triggered after 5 epochs.

========================================
🏆 Best Val Accuracy: 92.92%
💾 Best Checkpoint: ./checkpoints/linear_mb-landmark_cls_openclip_lr0.01_concat_2.pth
========================================

