
============================================================
📄 Log File: ./logs/linear_records/mb-landmark_cls_dinov3_lvd_1cha_lr0.01_concat_2.log
⏰ Time: 2026-04-09 21:53:56
============================================================

🚀 Training dinov3_lvd_1cha on mb-landmark_cls | Mode: LINEAR | LR: 0.01
   📂 [TRAIN] Loading 1 shards...
   ✅ Loaded 6997 samples.
   📂 [TEST] Loading 1 shards...
   ✅ Loaded 1793 samples.
   ⚙️  Config: Workers=8, BS=256, SmallData=False

>>> Loading Model: dinov3_lvd_1cha (dinov3_hub)
   🔍 Auditing weights for [dinov3_lvd_1cha]...
   ✅ [PERFECT MATCH] 368/368 layers loaded (100.0%)

   🔍 [Structure Check] dinov3_lvd_1cha Output Analysis:
      Type: Tuple (len=2)
      Item 0: Shape (1, 1024)
      Item 1: Shape (1, 256, 1024)
      ✅ Identified: CLS=True, Patch=True
      👉 Final Strategy: concat_2 | Input Dim: 2048
   ❄️  Mode: Linear Probe (Backbone Frozen)
   🚀 Compiling model with torch.compile...
   ⚡ AMP Precision: torch.bfloat16
   🔄 Training Start... (Epochs: 40, Patience: 5)
   📅 Epoch 1 | Loss: 0.6785 | Val Accuracy: 90.07%
      ⭐ New Best! (Model saving disabled to save space)
   📅 Epoch 2 | Loss: 0.2182 | Val Accuracy: 92.08%
      ⭐ New Best! (Model saving disabled to save space)
   📅 Epoch 3 | Loss: 0.1493 | Val Accuracy: 93.42%
      ⭐ New Best! (Model saving disabled to save space)
   📅 Epoch 4 | Loss: 0.1333 | Val Accuracy: 93.36%
   📅 Epoch 5 | Loss: 0.1140 | Val Accuracy: 93.14%
   📅 Epoch 6 | Loss: 0.1220 | Val Accuracy: 92.81%
   📅 Epoch 7 | Loss: 0.1226 | Val Accuracy: 93.36%
   📅 Epoch 8 | Loss: 0.1046 | Val Accuracy: 93.75%
      ⭐ New Best! (Model saving disabled to save space)
   📅 Epoch 9 | Loss: 0.1002 | Val Accuracy: 93.70%
   📅 Epoch 10 | Loss: 0.1029 | Val Accuracy: 93.70%
   📅 Epoch 11 | Loss: 0.1196 | Val Accuracy: 93.59%
   📅 Epoch 12 | Loss: 0.0933 | Val Accuracy: 93.87%
      ⭐ New Best! (Model saving disabled to save space)
   📅 Epoch 13 | Loss: 0.1127 | Val Accuracy: 92.81%
   📅 Epoch 14 | Loss: 0.0973 | Val Accuracy: 93.08%
   📅 Epoch 15 | Loss: 0.1043 | Val Accuracy: 93.03%
   📅 Epoch 16 | Loss: 0.1151 | Val Accuracy: 94.26%
      ⭐ New Best! (Model saving disabled to save space)
   📅 Epoch 17 | Loss: 0.0962 | Val Accuracy: 93.47%
   📅 Epoch 18 | Loss: 0.0952 | Val Accuracy: 93.25%
   📅 Epoch 19 | Loss: 0.1082 | Val Accuracy: 93.03%
   📅 Epoch 20 | Loss: 0.0946 | Val Accuracy: 93.25%
   📅 Epoch 21 | Loss: 0.1008 | Val Accuracy: 93.64%

   🛑 Early Stopping triggered after 5 epochs.

========================================
🏆 Best Val Accuracy: 94.26%
💾 Best Checkpoint: ./checkpoints/linear_mb-landmark_cls_dinov3_lvd_1cha_lr0.01_concat_2.pth
========================================

