
============================================================
📄 Log File: ./logs/linear_records/mb-landmark_cls_mars_mae_lr0.001_original.log
⏰ Time: 2026-03-03 20:15:44
============================================================

🚀 Training mars_mae on mb-landmark_cls | Mode: LINEAR | LR: 0.001
   📂 [TRAIN] Loading 1 shards...
   ✅ Loaded 6997 samples.
   📂 [TEST] Loading 1 shards...
   ✅ Loaded 1793 samples.
   ⚙️  Config: Workers=8, BS=256, SmallData=False

>>> Loading Model: mars_mae (timm_mae)
   ℹ️  Config: in_chans=1
   🔍 Auditing weights for [mars_mae]...
   ✅ [PERFECT MATCH] 150/150 layers loaded (100.0%)

   🔍 [Structure Check] mars_mae Output Analysis:
      Type: Tuple (len=2)
      Item 0: Shape (1, 768)
      Item 1: Shape (1, 196, 768)
      ✅ Identified: CLS=True, Patch=True
      👉 Final Strategy: GAP_only | Input Dim: 768
   ❄️  Mode: Linear Probe (Backbone Frozen)
   🚀 Compiling model with torch.compile...
   ⚡ AMP Precision: torch.bfloat16
   🔄 Training Start... (Epochs: 40, Patience: 5)
   📅 Epoch 1 | Loss: 1.1502 | Val Accuracy: 82.65%
      ⭐ New Best! Saved.
   📅 Epoch 2 | Loss: 0.6763 | Val Accuracy: 82.65%
   📅 Epoch 3 | Loss: 0.5731 | Val Accuracy: 83.32%
      ⭐ New Best! Saved.
   📅 Epoch 4 | Loss: 0.5218 | Val Accuracy: 83.99%
      ⭐ New Best! Saved.
   📅 Epoch 5 | Loss: 0.4684 | Val Accuracy: 85.16%
      ⭐ New Best! Saved.
   📅 Epoch 6 | Loss: 0.4362 | Val Accuracy: 85.61%
      ⭐ New Best! Saved.
   📅 Epoch 7 | Loss: 0.4061 | Val Accuracy: 85.78%
      ⭐ New Best! Saved.
   📅 Epoch 8 | Loss: 0.3927 | Val Accuracy: 85.83%
      ⭐ New Best! Saved.
   📅 Epoch 9 | Loss: 0.3708 | Val Accuracy: 85.83%
   📅 Epoch 10 | Loss: 0.3606 | Val Accuracy: 86.34%
      ⭐ New Best! Saved.
   📅 Epoch 11 | Loss: 0.3408 | Val Accuracy: 87.01%
      ⭐ New Best! Saved.
   📅 Epoch 12 | Loss: 0.3381 | Val Accuracy: 86.84%
   📅 Epoch 13 | Loss: 0.3176 | Val Accuracy: 86.89%
   📅 Epoch 14 | Loss: 0.3172 | Val Accuracy: 87.23%
      ⭐ New Best! Saved.
   📅 Epoch 15 | Loss: 0.3062 | Val Accuracy: 87.23%
   📅 Epoch 16 | Loss: 0.2989 | Val Accuracy: 87.06%
   📅 Epoch 17 | Loss: 0.2919 | Val Accuracy: 87.67%
      ⭐ New Best! Saved.
   📅 Epoch 18 | Loss: 0.2893 | Val Accuracy: 87.56%
   📅 Epoch 19 | Loss: 0.2835 | Val Accuracy: 87.73%
      ⭐ New Best! Saved.
   📅 Epoch 20 | Loss: 0.2803 | Val Accuracy: 87.62%
   📅 Epoch 21 | Loss: 0.2728 | Val Accuracy: 87.73%
   📅 Epoch 22 | Loss: 0.2774 | Val Accuracy: 88.12%
      ⭐ New Best! Saved.
   📅 Epoch 23 | Loss: 0.2589 | Val Accuracy: 88.29%
      ⭐ New Best! Saved.
   📅 Epoch 24 | Loss: 0.2651 | Val Accuracy: 88.34%
      ⭐ New Best! Saved.
   📅 Epoch 25 | Loss: 0.2543 | Val Accuracy: 88.18%
   📅 Epoch 26 | Loss: 0.2565 | Val Accuracy: 88.51%
      ⭐ New Best! Saved.
   📅 Epoch 27 | Loss: 0.2518 | Val Accuracy: 88.62%
      ⭐ New Best! Saved.
   📅 Epoch 28 | Loss: 0.2505 | Val Accuracy: 88.62%
   📅 Epoch 29 | Loss: 0.2511 | Val Accuracy: 88.51%
   📅 Epoch 30 | Loss: 0.2394 | Val Accuracy: 88.96%
      ⭐ New Best! Saved.
   📅 Epoch 31 | Loss: 0.2448 | Val Accuracy: 88.68%
   📅 Epoch 32 | Loss: 0.2455 | Val Accuracy: 89.07%
      ⭐ New Best! Saved.
   📅 Epoch 33 | Loss: 0.2371 | Val Accuracy: 88.96%
   📅 Epoch 34 | Loss: 0.2319 | Val Accuracy: 88.73%
   📅 Epoch 35 | Loss: 0.2337 | Val Accuracy: 89.18%
      ⭐ New Best! Saved.
   📅 Epoch 36 | Loss: 0.2349 | Val Accuracy: 89.18%
   📅 Epoch 37 | Loss: 0.2286 | Val Accuracy: 89.07%
   📅 Epoch 38 | Loss: 0.2229 | Val Accuracy: 89.24%
      ⭐ New Best! Saved.
   📅 Epoch 39 | Loss: 0.2284 | Val Accuracy: 89.18%
   📅 Epoch 40 | Loss: 0.2276 | Val Accuracy: 89.07%

========================================
🏆 Best Val Accuracy: 89.24%
💾 Best Checkpoint: ./checkpoints/linear_mb-landmark_cls_mars_mae_lr0.001_original.pth
========================================

