
============================================================
📄 Log File: ./logs/linear_records/mb-landmark_cls_dinov3_lvd_lr0.001_original.log
⏰ Time: 2026-03-03 08:31:03
============================================================

🚀 Training dinov3_lvd on mb-landmark_cls | Mode: LINEAR | LR: 0.001
   📂 [TRAIN] Loading 1 shards...
   ✅ Loaded 6997 samples.
   📂 [TEST] Loading 1 shards...
   ✅ Loaded 1793 samples.
   ⚙️  Config: Workers=8, BS=256, SmallData=False

>>> Loading Model: dinov3_lvd (dinov3_hub)
   🔍 Auditing weights for [dinov3_lvd]...
   ✅ [PERFECT MATCH] 368/368 layers loaded (100.0%)

   🔍 [Structure Check] dinov3_lvd Output Analysis:
      Type: Tuple (len=2)
      Item 0: Shape (1, 1024)
      Item 1: Shape (1, 256, 1024)
      ✅ Identified: CLS=True, Patch=True
      👉 Final Strategy: CLS_only | Input Dim: 1024
   ❄️  Mode: Linear Probe (Backbone Frozen)
   🚀 Compiling model with torch.compile...
   ⚡ AMP Precision: torch.bfloat16
   🔄 Training Start... (Epochs: 40, Patience: 5)
   📅 Epoch 1 | Loss: 0.7553 | Val Accuracy: 84.83%
      ⭐ New Best! Saved.
   📅 Epoch 2 | Loss: 0.3470 | Val Accuracy: 88.06%
      ⭐ New Best! Saved.
   📅 Epoch 3 | Loss: 0.2506 | Val Accuracy: 90.07%
      ⭐ New Best! Saved.
   📅 Epoch 4 | Loss: 0.2222 | Val Accuracy: 90.63%
      ⭐ New Best! Saved.
   📅 Epoch 5 | Loss: 0.1987 | Val Accuracy: 91.13%
      ⭐ New Best! Saved.
   📅 Epoch 6 | Loss: 0.1840 | Val Accuracy: 91.24%
      ⭐ New Best! Saved.
   📅 Epoch 7 | Loss: 0.1758 | Val Accuracy: 91.91%
      ⭐ New Best! Saved.
   📅 Epoch 8 | Loss: 0.1634 | Val Accuracy: 92.25%
      ⭐ New Best! Saved.
   📅 Epoch 9 | Loss: 0.1619 | Val Accuracy: 92.36%
      ⭐ New Best! Saved.
   📅 Epoch 10 | Loss: 0.1515 | Val Accuracy: 92.53%
      ⭐ New Best! Saved.
   📅 Epoch 11 | Loss: 0.1457 | Val Accuracy: 92.58%
      ⭐ New Best! Saved.
   📅 Epoch 12 | Loss: 0.1470 | Val Accuracy: 92.92%
      ⭐ New Best! Saved.
   📅 Epoch 13 | Loss: 0.1427 | Val Accuracy: 92.69%
   📅 Epoch 14 | Loss: 0.1379 | Val Accuracy: 93.03%
      ⭐ New Best! Saved.
   📅 Epoch 15 | Loss: 0.1358 | Val Accuracy: 93.25%
      ⭐ New Best! Saved.
   📅 Epoch 16 | Loss: 0.1284 | Val Accuracy: 93.42%
      ⭐ New Best! Saved.
   📅 Epoch 17 | Loss: 0.1351 | Val Accuracy: 93.42%
   📅 Epoch 18 | Loss: 0.1291 | Val Accuracy: 93.53%
      ⭐ New Best! Saved.
   📅 Epoch 19 | Loss: 0.1295 | Val Accuracy: 93.59%
      ⭐ New Best! Saved.
   📅 Epoch 20 | Loss: 0.1234 | Val Accuracy: 93.53%
   📅 Epoch 21 | Loss: 0.1199 | Val Accuracy: 93.42%
   📅 Epoch 22 | Loss: 0.1281 | Val Accuracy: 93.47%
   📅 Epoch 23 | Loss: 0.1222 | Val Accuracy: 93.87%
      ⭐ New Best! Saved.
   📅 Epoch 24 | Loss: 0.1211 | Val Accuracy: 93.87%
   📅 Epoch 25 | Loss: 0.1154 | Val Accuracy: 93.81%
   📅 Epoch 26 | Loss: 0.1196 | Val Accuracy: 94.03%
      ⭐ New Best! Saved.
   📅 Epoch 27 | Loss: 0.1132 | Val Accuracy: 93.87%
   📅 Epoch 28 | Loss: 0.1101 | Val Accuracy: 93.87%
   📅 Epoch 29 | Loss: 0.1121 | Val Accuracy: 93.64%
   📅 Epoch 30 | Loss: 0.1133 | Val Accuracy: 93.92%
   📅 Epoch 31 | Loss: 0.1114 | Val Accuracy: 93.53%

   🛑 Early Stopping triggered after 5 epochs.

========================================
🏆 Best Val Accuracy: 94.03%
💾 Best Checkpoint: ./checkpoints/linear_mb-landmark_cls_dinov3_lvd_lr0.001_original.pth
========================================

