
============================================================
📄 Log File: ./logs/linear_records/mb-landmark_cls_dinov3_sat_1cha_lr0.01_concat_2.log
⏰ Time: 2026-04-09 20:37:50
============================================================

🚀 Training dinov3_sat_1cha on mb-landmark_cls | Mode: LINEAR | LR: 0.01
   📂 [TRAIN] Loading 1 shards...
   ✅ Loaded 6997 samples.
   📂 [TEST] Loading 1 shards...
   ✅ Loaded 1793 samples.
   ⚙️  Config: Workers=8, BS=256, SmallData=False

>>> Loading Model: dinov3_sat_1cha (dinov3_hub)
   🔍 Auditing weights for [dinov3_sat_1cha]...
   ✅ [PERFECT MATCH] 368/368 layers loaded (100.0%)

   🔍 [Structure Check] dinov3_sat_1cha Output Analysis:
      Type: Tuple (len=2)
      Item 0: Shape (1, 1024)
      Item 1: Shape (1, 256, 1024)
      ✅ Identified: CLS=True, Patch=True
      👉 Final Strategy: concat_2 | Input Dim: 2048
   ❄️  Mode: Linear Probe (Backbone Frozen)
   🚀 Compiling model with torch.compile...
   ⚡ AMP Precision: torch.bfloat16
   🔄 Training Start... (Epochs: 40, Patience: 5)
   📅 Epoch 1 | Loss: 0.7485 | Val Accuracy: 89.18%
      ⭐ New Best! (Model saving disabled to save space)
   📅 Epoch 2 | Loss: 0.2580 | Val Accuracy: 90.57%
      ⭐ New Best! (Model saving disabled to save space)
   📅 Epoch 3 | Loss: 0.2084 | Val Accuracy: 90.24%
   📅 Epoch 4 | Loss: 0.1850 | Val Accuracy: 90.13%
   📅 Epoch 5 | Loss: 0.1718 | Val Accuracy: 87.12%
   📅 Epoch 6 | Loss: 0.1795 | Val Accuracy: 90.13%
   📅 Epoch 7 | Loss: 0.1690 | Val Accuracy: 91.36%
      ⭐ New Best! (Model saving disabled to save space)
   📅 Epoch 8 | Loss: 0.1694 | Val Accuracy: 90.35%
   📅 Epoch 9 | Loss: 0.1688 | Val Accuracy: 88.57%
   📅 Epoch 10 | Loss: 0.1559 | Val Accuracy: 91.52%
      ⭐ New Best! (Model saving disabled to save space)
   📅 Epoch 11 | Loss: 0.1613 | Val Accuracy: 88.29%
   📅 Epoch 12 | Loss: 0.1480 | Val Accuracy: 89.91%
   📅 Epoch 13 | Loss: 0.1593 | Val Accuracy: 88.34%
   📅 Epoch 14 | Loss: 0.1494 | Val Accuracy: 91.36%
   📅 Epoch 15 | Loss: 0.1525 | Val Accuracy: 90.96%

   🛑 Early Stopping triggered after 5 epochs.

========================================
🏆 Best Val Accuracy: 91.52%
💾 Best Checkpoint: ./checkpoints/linear_mb-landmark_cls_dinov3_sat_1cha_lr0.01_concat_2.pth
========================================

