
============================================================
📄 Log File: ./logs/linear_records/mb-landmark_cls_scale_mae_lr0.001_concat_3.log
⏰ Time: 2026-03-03 18:27:57
============================================================

🚀 Training scale_mae on mb-landmark_cls | Mode: LINEAR | LR: 0.001
   📂 [TRAIN] Loading 1 shards...
   ✅ Loaded 6997 samples.
   📂 [TEST] Loading 1 shards...
   ✅ Loaded 1793 samples.
   ⚙️  Config: Workers=8, BS=256, SmallData=False

>>> Loading Model: scale_mae (scalemae)
   🔍 Auditing weights for [scale_mae]...
   ⚠️ [PARTIAL MATCH] 344/435 layers loaded (79.1%)

   🔍 [Structure Check] scale_mae Output Analysis:
      Type: Tuple (len=2)
      Item 0: Shape (1, 1024)
      Item 1: Shape (1, 196, 1024)
      ✅ Identified: CLS=True, Patch=True
      👉 Final Strategy: concat_3 | Input Dim: 3072
      📏 ScaleMAE GSD: 0.3 m/px
   ❄️  Mode: Linear Probe (Backbone Frozen)
   🚀 Compiling model with torch.compile...
   ⚡ AMP Precision: torch.bfloat16
   🔄 Training Start... (Epochs: 40, Patience: 5)
   📅 Epoch 1 | Loss: 0.9286 | Val Accuracy: 82.65%
      ⭐ New Best! Saved.
   📅 Epoch 2 | Loss: 0.6961 | Val Accuracy: 82.60%
   📅 Epoch 3 | Loss: 0.6305 | Val Accuracy: 82.65%
   📅 Epoch 4 | Loss: 0.5933 | Val Accuracy: 83.55%
      ⭐ New Best! Saved.
   📅 Epoch 5 | Loss: 0.5593 | Val Accuracy: 84.16%
      ⭐ New Best! Saved.
   📅 Epoch 6 | Loss: 0.5390 | Val Accuracy: 83.94%
   📅 Epoch 7 | Loss: 0.5321 | Val Accuracy: 84.72%
      ⭐ New Best! Saved.
   📅 Epoch 8 | Loss: 0.5000 | Val Accuracy: 84.77%
      ⭐ New Best! Saved.
   📅 Epoch 9 | Loss: 0.4886 | Val Accuracy: 84.83%
      ⭐ New Best! Saved.
   📅 Epoch 10 | Loss: 0.4773 | Val Accuracy: 84.83%
   📅 Epoch 11 | Loss: 0.4667 | Val Accuracy: 85.11%
      ⭐ New Best! Saved.
   📅 Epoch 12 | Loss: 0.4638 | Val Accuracy: 85.33%
      ⭐ New Best! Saved.
   📅 Epoch 13 | Loss: 0.4502 | Val Accuracy: 85.55%
      ⭐ New Best! Saved.
   📅 Epoch 14 | Loss: 0.4470 | Val Accuracy: 85.05%
   📅 Epoch 15 | Loss: 0.4464 | Val Accuracy: 85.22%
   📅 Epoch 16 | Loss: 0.4496 | Val Accuracy: 85.61%
      ⭐ New Best! Saved.
   📅 Epoch 17 | Loss: 0.4428 | Val Accuracy: 85.55%
   📅 Epoch 18 | Loss: 0.4317 | Val Accuracy: 85.16%
   📅 Epoch 19 | Loss: 0.4241 | Val Accuracy: 85.16%
   📅 Epoch 20 | Loss: 0.4190 | Val Accuracy: 85.44%
   📅 Epoch 21 | Loss: 0.4175 | Val Accuracy: 85.78%
      ⭐ New Best! Saved.
   📅 Epoch 22 | Loss: 0.4178 | Val Accuracy: 85.67%
   📅 Epoch 23 | Loss: 0.4185 | Val Accuracy: 85.61%
   📅 Epoch 24 | Loss: 0.4146 | Val Accuracy: 86.22%
      ⭐ New Best! Saved.
   📅 Epoch 25 | Loss: 0.4199 | Val Accuracy: 86.17%
   📅 Epoch 26 | Loss: 0.4185 | Val Accuracy: 86.39%
      ⭐ New Best! Saved.
   📅 Epoch 27 | Loss: 0.4103 | Val Accuracy: 85.22%
   📅 Epoch 28 | Loss: 0.4071 | Val Accuracy: 86.06%
   📅 Epoch 29 | Loss: 0.3961 | Val Accuracy: 86.28%
   📅 Epoch 30 | Loss: 0.3882 | Val Accuracy: 86.34%
   📅 Epoch 31 | Loss: 0.3970 | Val Accuracy: 85.95%

   🛑 Early Stopping triggered after 5 epochs.

========================================
🏆 Best Val Accuracy: 86.39%
💾 Best Checkpoint: ./checkpoints/linear_mb-landmark_cls_scale_mae_lr0.001_concat_3.pth
========================================

