
============================================================
📄 Log File: ./logs/linear_records/mb-landmark_cls_satmae_lr0.0001_concat_2.log
⏰ Time: 2026-03-03 14:32:26
============================================================

🚀 Training satmae on mb-landmark_cls | Mode: LINEAR | LR: 0.0001
   📂 [TRAIN] Loading 1 shards...
   ✅ Loaded 6997 samples.
   📂 [TEST] Loading 1 shards...
   ✅ Loaded 1793 samples.
   ⚙️  Config: Workers=8, BS=256, SmallData=False

>>> Loading Model: satmae (timm_mae)
   ℹ️  Config: in_chans=3
   🔍 Auditing weights for [satmae]...
   ✅ [PERFECT MATCH] 294/294 layers loaded (100.0%)

   🔍 [Structure Check] satmae Output Analysis:
      Type: Tuple (len=2)
      Item 0: Shape (1, 1024)
      Item 1: Shape (1, 196, 1024)
      ✅ Identified: CLS=True, Patch=True
      👉 Final Strategy: concat_2 | Input Dim: 2048
   ❄️  Mode: Linear Probe (Backbone Frozen)
   🚀 Compiling model with torch.compile...
   ⚡ AMP Precision: torch.bfloat16
   🔄 Training Start... (Epochs: 40, Patience: 5)
   📅 Epoch 1 | Loss: 1.0748 | Val Accuracy: 82.65%
      ⭐ New Best! Saved.
   📅 Epoch 2 | Loss: 0.7300 | Val Accuracy: 82.65%
   📅 Epoch 3 | Loss: 0.6747 | Val Accuracy: 82.65%
   📅 Epoch 4 | Loss: 0.6369 | Val Accuracy: 82.65%
   📅 Epoch 5 | Loss: 0.6077 | Val Accuracy: 82.71%
      ⭐ New Best! Saved.
   📅 Epoch 6 | Loss: 0.5793 | Val Accuracy: 82.71%
   📅 Epoch 7 | Loss: 0.5546 | Val Accuracy: 83.16%
      ⭐ New Best! Saved.
   📅 Epoch 8 | Loss: 0.5316 | Val Accuracy: 83.88%
      ⭐ New Best! Saved.
   📅 Epoch 9 | Loss: 0.5132 | Val Accuracy: 84.05%
      ⭐ New Best! Saved.
   📅 Epoch 10 | Loss: 0.4997 | Val Accuracy: 84.38%
      ⭐ New Best! Saved.
   📅 Epoch 11 | Loss: 0.4772 | Val Accuracy: 84.77%
      ⭐ New Best! Saved.
   📅 Epoch 12 | Loss: 0.4709 | Val Accuracy: 85.00%
      ⭐ New Best! Saved.
   📅 Epoch 13 | Loss: 0.4578 | Val Accuracy: 85.28%
      ⭐ New Best! Saved.
   📅 Epoch 14 | Loss: 0.4512 | Val Accuracy: 85.44%
      ⭐ New Best! Saved.
   📅 Epoch 15 | Loss: 0.4384 | Val Accuracy: 85.67%
      ⭐ New Best! Saved.
   📅 Epoch 16 | Loss: 0.4269 | Val Accuracy: 85.61%
   📅 Epoch 17 | Loss: 0.4309 | Val Accuracy: 85.72%
      ⭐ New Best! Saved.
   📅 Epoch 18 | Loss: 0.4128 | Val Accuracy: 85.67%
   📅 Epoch 19 | Loss: 0.4103 | Val Accuracy: 85.50%
   📅 Epoch 20 | Loss: 0.4069 | Val Accuracy: 85.50%
   📅 Epoch 21 | Loss: 0.3998 | Val Accuracy: 85.78%
      ⭐ New Best! Saved.
   📅 Epoch 22 | Loss: 0.3937 | Val Accuracy: 85.78%
   📅 Epoch 23 | Loss: 0.3937 | Val Accuracy: 85.95%
      ⭐ New Best! Saved.
   📅 Epoch 24 | Loss: 0.3807 | Val Accuracy: 85.95%
   📅 Epoch 25 | Loss: 0.3775 | Val Accuracy: 86.06%
      ⭐ New Best! Saved.
   📅 Epoch 26 | Loss: 0.3761 | Val Accuracy: 86.28%
      ⭐ New Best! Saved.
   📅 Epoch 27 | Loss: 0.3707 | Val Accuracy: 86.17%
   📅 Epoch 28 | Loss: 0.3739 | Val Accuracy: 86.45%
      ⭐ New Best! Saved.
   📅 Epoch 29 | Loss: 0.3687 | Val Accuracy: 86.39%
   📅 Epoch 30 | Loss: 0.3621 | Val Accuracy: 86.67%
      ⭐ New Best! Saved.
   📅 Epoch 31 | Loss: 0.3573 | Val Accuracy: 86.95%
      ⭐ New Best! Saved.
   📅 Epoch 32 | Loss: 0.3575 | Val Accuracy: 87.06%
      ⭐ New Best! Saved.
   📅 Epoch 33 | Loss: 0.3552 | Val Accuracy: 87.12%
      ⭐ New Best! Saved.
   📅 Epoch 34 | Loss: 0.3447 | Val Accuracy: 87.40%
      ⭐ New Best! Saved.
   📅 Epoch 35 | Loss: 0.3454 | Val Accuracy: 87.45%
      ⭐ New Best! Saved.
   📅 Epoch 36 | Loss: 0.3444 | Val Accuracy: 87.51%
      ⭐ New Best! Saved.
   📅 Epoch 37 | Loss: 0.3390 | Val Accuracy: 87.45%
   📅 Epoch 38 | Loss: 0.3412 | Val Accuracy: 87.40%
   📅 Epoch 39 | Loss: 0.3379 | Val Accuracy: 87.67%
      ⭐ New Best! Saved.
   📅 Epoch 40 | Loss: 0.3316 | Val Accuracy: 87.67%

========================================
🏆 Best Val Accuracy: 87.67%
💾 Best Checkpoint: ./checkpoints/linear_mb-landmark_cls_satmae_lr0.0001_concat_2.pth
========================================

