
============================================================
📄 Log File: ./logs/linear_records/mb-landmark_cls_swin_v2_lr0.001_original.log
⏰ Time: 2026-03-03 16:35:11
============================================================

🚀 Training swin_v2 on mb-landmark_cls | Mode: LINEAR | LR: 0.001
   📂 [TRAIN] Loading 1 shards...
   ✅ Loaded 6997 samples.
   📂 [TEST] Loading 1 shards...
   ✅ Loaded 1793 samples.
   ⚙️  Config: Workers=8, BS=256, SmallData=False

>>> Loading Model: swin_v2 (torchvision_swin)
   🔍 Auditing weights for [swin_v2]...
   ✅ [PERFECT MATCH] 449/449 layers loaded (100.0%)

   🔍 [Structure Check] swin_v2 Output Analysis:
      Type: Tuple (len=2)
      Item 0: Shape (1, 1024)
      Item 1: Shape (1, 64, 1024)
      ✅ Identified: CLS=True, Patch=True
      👉 Final Strategy: GAP_only | Input Dim: 1024
   ❄️  Mode: Linear Probe (Backbone Frozen)
   🚀 Compiling model with torch.compile...
   ⚡ AMP Precision: torch.bfloat16
   🔄 Training Start... (Epochs: 40, Patience: 5)
   📅 Epoch 1 | Loss: 0.8540 | Val Accuracy: 82.77%
      ⭐ New Best! Saved.
   📅 Epoch 2 | Loss: 0.4613 | Val Accuracy: 86.95%
      ⭐ New Best! Saved.
   📅 Epoch 3 | Loss: 0.3667 | Val Accuracy: 88.85%
      ⭐ New Best! Saved.
   📅 Epoch 4 | Loss: 0.3191 | Val Accuracy: 89.63%
      ⭐ New Best! Saved.
   📅 Epoch 5 | Loss: 0.2928 | Val Accuracy: 90.41%
      ⭐ New Best! Saved.
   📅 Epoch 6 | Loss: 0.2626 | Val Accuracy: 90.52%
      ⭐ New Best! Saved.
   📅 Epoch 7 | Loss: 0.2498 | Val Accuracy: 90.63%
      ⭐ New Best! Saved.
   📅 Epoch 8 | Loss: 0.2405 | Val Accuracy: 90.35%
   📅 Epoch 9 | Loss: 0.2365 | Val Accuracy: 90.63%
   📅 Epoch 10 | Loss: 0.2283 | Val Accuracy: 90.63%
   📅 Epoch 11 | Loss: 0.2204 | Val Accuracy: 91.08%
      ⭐ New Best! Saved.
   📅 Epoch 12 | Loss: 0.2121 | Val Accuracy: 91.02%
   📅 Epoch 13 | Loss: 0.2088 | Val Accuracy: 91.13%
      ⭐ New Best! Saved.
   📅 Epoch 14 | Loss: 0.2160 | Val Accuracy: 91.08%
   📅 Epoch 15 | Loss: 0.2057 | Val Accuracy: 91.02%
   📅 Epoch 16 | Loss: 0.2067 | Val Accuracy: 91.08%
   📅 Epoch 17 | Loss: 0.2002 | Val Accuracy: 90.96%
   📅 Epoch 18 | Loss: 0.1977 | Val Accuracy: 90.96%

   🛑 Early Stopping triggered after 5 epochs.

========================================
🏆 Best Val Accuracy: 91.13%
💾 Best Checkpoint: ./checkpoints/linear_mb-landmark_cls_swin_v2_lr0.001_original.pth
========================================

