
============================================================
📄 Log File: ./logs/linear_records/mb-landmark_cls_vit_l_lr0.01_concat_2.log
⏰ Time: 2026-03-03 17:02:07
============================================================

🚀 Training vit_l on mb-landmark_cls | Mode: LINEAR | LR: 0.01
   📂 [TRAIN] Loading 1 shards...
   ✅ Loaded 6997 samples.
   📂 [TEST] Loading 1 shards...
   ✅ Loaded 1793 samples.
   ⚙️  Config: Workers=8, BS=256, SmallData=False

>>> Loading Model: vit_l (torchvision_vit)
   🔍 Auditing weights for [vit_l]...
   ✅ [PERFECT MATCH] 296/296 layers loaded (100.0%)

   🔍 [Structure Check] vit_l Output Analysis:
      Type: Tuple (len=2)
      Item 0: Shape (1, 1024)
      Item 1: Shape (1, 196, 1024)
      ✅ Identified: CLS=True, Patch=True
      👉 Final Strategy: concat_2 | Input Dim: 2048
   ❄️  Mode: Linear Probe (Backbone Frozen)
   🚀 Compiling model with torch.compile...
   ⚡ AMP Precision: torch.bfloat16
   🔄 Training Start... (Epochs: 40, Patience: 5)
   📅 Epoch 1 | Loss: 0.6105 | Val Accuracy: 88.96%
      ⭐ New Best! Saved.
   📅 Epoch 2 | Loss: 0.2113 | Val Accuracy: 89.91%
      ⭐ New Best! Saved.
   📅 Epoch 3 | Loss: 0.1652 | Val Accuracy: 91.63%
      ⭐ New Best! Saved.
   📅 Epoch 4 | Loss: 0.1320 | Val Accuracy: 91.47%
   📅 Epoch 5 | Loss: 0.1281 | Val Accuracy: 91.41%
   📅 Epoch 6 | Loss: 0.1210 | Val Accuracy: 91.63%
   📅 Epoch 7 | Loss: 0.1304 | Val Accuracy: 89.63%
   📅 Epoch 8 | Loss: 0.1227 | Val Accuracy: 91.97%
      ⭐ New Best! Saved.
   📅 Epoch 9 | Loss: 0.1205 | Val Accuracy: 90.85%
   📅 Epoch 10 | Loss: 0.1234 | Val Accuracy: 91.58%
   📅 Epoch 11 | Loss: 0.1138 | Val Accuracy: 91.30%
   📅 Epoch 12 | Loss: 0.1274 | Val Accuracy: 92.02%
      ⭐ New Best! Saved.
   📅 Epoch 13 | Loss: 0.1112 | Val Accuracy: 90.85%
   📅 Epoch 14 | Loss: 0.1192 | Val Accuracy: 91.69%
   📅 Epoch 15 | Loss: 0.0981 | Val Accuracy: 91.13%
   📅 Epoch 16 | Loss: 0.1153 | Val Accuracy: 91.47%
   📅 Epoch 17 | Loss: 0.1125 | Val Accuracy: 91.24%

   🛑 Early Stopping triggered after 5 epochs.

========================================
🏆 Best Val Accuracy: 92.02%
💾 Best Checkpoint: ./checkpoints/linear_mb-landmark_cls_vit_l_lr0.01_concat_2.pth
========================================

