
============================================================
📄 Log File: ./logs/linear_records/mb-landmark_cls_scale_mae_lr0.01_original.log
⏰ Time: 2026-03-03 18:12:59
============================================================

🚀 Training scale_mae on mb-landmark_cls | Mode: LINEAR | LR: 0.01
   📂 [TRAIN] Loading 1 shards...
   ✅ Loaded 6997 samples.
   📂 [TEST] Loading 1 shards...
   ✅ Loaded 1793 samples.
   ⚙️  Config: Workers=8, BS=256, SmallData=False

>>> Loading Model: scale_mae (scalemae)
   🔍 Auditing weights for [scale_mae]...
   ⚠️ [PARTIAL MATCH] 344/435 layers loaded (79.1%)

   🔍 [Structure Check] scale_mae Output Analysis:
      Type: Tuple (len=2)
      Item 0: Shape (1, 1024)
      Item 1: Shape (1, 196, 1024)
      ✅ Identified: CLS=True, Patch=True
      👉 Final Strategy: GAP_only | Input Dim: 1024
      📏 ScaleMAE GSD: 0.3 m/px
   ❄️  Mode: Linear Probe (Backbone Frozen)
   🚀 Compiling model with torch.compile...
   ⚡ AMP Precision: torch.bfloat16
   🔄 Training Start... (Epochs: 40, Patience: 5)
   📅 Epoch 1 | Loss: 0.9721 | Val Accuracy: 82.65%
      ⭐ New Best! Saved.
   📅 Epoch 2 | Loss: 0.6204 | Val Accuracy: 83.32%
      ⭐ New Best! Saved.
   📅 Epoch 3 | Loss: 0.5730 | Val Accuracy: 82.99%
   📅 Epoch 4 | Loss: 0.5483 | Val Accuracy: 84.72%
      ⭐ New Best! Saved.
   📅 Epoch 5 | Loss: 0.5373 | Val Accuracy: 84.83%
      ⭐ New Best! Saved.
   📅 Epoch 6 | Loss: 0.5280 | Val Accuracy: 84.77%
   📅 Epoch 7 | Loss: 0.5021 | Val Accuracy: 83.88%
   📅 Epoch 8 | Loss: 0.4882 | Val Accuracy: 84.50%
   📅 Epoch 9 | Loss: 0.4905 | Val Accuracy: 85.22%
      ⭐ New Best! Saved.
   📅 Epoch 10 | Loss: 0.5318 | Val Accuracy: 83.66%
   📅 Epoch 11 | Loss: 0.5192 | Val Accuracy: 82.32%
   📅 Epoch 12 | Loss: 0.4647 | Val Accuracy: 83.49%
   📅 Epoch 13 | Loss: 0.4838 | Val Accuracy: 84.94%
   📅 Epoch 14 | Loss: 0.4709 | Val Accuracy: 85.28%
      ⭐ New Best! Saved.
   📅 Epoch 15 | Loss: 0.4394 | Val Accuracy: 85.11%
   📅 Epoch 16 | Loss: 0.4526 | Val Accuracy: 84.27%
   📅 Epoch 17 | Loss: 0.4594 | Val Accuracy: 85.55%
      ⭐ New Best! Saved.
   📅 Epoch 18 | Loss: 0.4511 | Val Accuracy: 83.27%
   📅 Epoch 19 | Loss: 0.4461 | Val Accuracy: 85.00%
   📅 Epoch 20 | Loss: 0.4501 | Val Accuracy: 85.11%
   📅 Epoch 21 | Loss: 0.4416 | Val Accuracy: 82.88%
   📅 Epoch 22 | Loss: 0.4791 | Val Accuracy: 85.00%

   🛑 Early Stopping triggered after 5 epochs.

========================================
🏆 Best Val Accuracy: 85.55%
💾 Best Checkpoint: ./checkpoints/linear_mb-landmark_cls_scale_mae_lr0.01_original.pth
========================================

