
============================================================
📄 Log File: ./logs/linear_records/mb-landmark_cls_dinov3_sat_lr0.001_concat_2.log
⏰ Time: 2026-03-03 10:01:35
============================================================

🚀 Training dinov3_sat on mb-landmark_cls | Mode: LINEAR | LR: 0.001
   📂 [TRAIN] Loading 1 shards...
   ✅ Loaded 6997 samples.
   📂 [TEST] Loading 1 shards...
   ✅ Loaded 1793 samples.
   ⚙️  Config: Workers=8, BS=256, SmallData=False

>>> Loading Model: dinov3_sat (dinov3_hub)
   🔍 Auditing weights for [dinov3_sat]...
   ✅ [PERFECT MATCH] 368/368 layers loaded (100.0%)

   🔍 [Structure Check] dinov3_sat Output Analysis:
      Type: Tuple (len=2)
      Item 0: Shape (1, 1024)
      Item 1: Shape (1, 256, 1024)
      ✅ Identified: CLS=True, Patch=True
      👉 Final Strategy: concat_2 | Input Dim: 2048
   ❄️  Mode: Linear Probe (Backbone Frozen)
   🚀 Compiling model with torch.compile...
   ⚡ AMP Precision: torch.bfloat16
   🔄 Training Start... (Epochs: 40, Patience: 5)
   📅 Epoch 1 | Loss: 0.8466 | Val Accuracy: 82.77%
      ⭐ New Best! Saved.
   📅 Epoch 2 | Loss: 0.4439 | Val Accuracy: 86.50%
      ⭐ New Best! Saved.
   📅 Epoch 3 | Loss: 0.3492 | Val Accuracy: 89.01%
      ⭐ New Best! Saved.
   📅 Epoch 4 | Loss: 0.3026 | Val Accuracy: 89.85%
      ⭐ New Best! Saved.
   📅 Epoch 5 | Loss: 0.2782 | Val Accuracy: 90.46%
      ⭐ New Best! Saved.
   📅 Epoch 6 | Loss: 0.2541 | Val Accuracy: 90.46%
   📅 Epoch 7 | Loss: 0.2366 | Val Accuracy: 90.74%
      ⭐ New Best! Saved.
   📅 Epoch 8 | Loss: 0.2294 | Val Accuracy: 91.02%
      ⭐ New Best! Saved.
   📅 Epoch 9 | Loss: 0.2187 | Val Accuracy: 90.85%
   📅 Epoch 10 | Loss: 0.2085 | Val Accuracy: 91.13%
      ⭐ New Best! Saved.
   📅 Epoch 11 | Loss: 0.2072 | Val Accuracy: 91.24%
      ⭐ New Best! Saved.
   📅 Epoch 12 | Loss: 0.1941 | Val Accuracy: 91.36%
      ⭐ New Best! Saved.
   📅 Epoch 13 | Loss: 0.1937 | Val Accuracy: 91.13%
   📅 Epoch 14 | Loss: 0.1867 | Val Accuracy: 91.47%
      ⭐ New Best! Saved.
   📅 Epoch 15 | Loss: 0.1864 | Val Accuracy: 91.47%
   📅 Epoch 16 | Loss: 0.1817 | Val Accuracy: 90.96%
   📅 Epoch 17 | Loss: 0.1768 | Val Accuracy: 91.19%
   📅 Epoch 18 | Loss: 0.1730 | Val Accuracy: 91.13%
   📅 Epoch 19 | Loss: 0.1712 | Val Accuracy: 91.19%

   🛑 Early Stopping triggered after 5 epochs.

========================================
🏆 Best Val Accuracy: 91.47%
💾 Best Checkpoint: ./checkpoints/linear_mb-landmark_cls_dinov3_sat_lr0.001_concat_2.pth
========================================

