
============================================================
📄 Log File: ./logs/full_records/mb-atmospheric_dust_cls_rdr_dinov3_lvd_lr1e-05_concat_3.log
⏰ Time: 2026-02-27 23:54:20
============================================================

🚀 Training dinov3_lvd on mb-atmospheric_dust_cls_rdr | Mode: FULL | LR: 1e-05
   📂 [TRAIN] Loading 1 shards...
   ✅ Loaded 9817 samples.
   📂 [TEST] Loading 1 shards...
   ✅ Loaded 5214 samples.
   ⚙️  Config: Workers=8, BS=32, SmallData=False

>>> Loading Model: dinov3_lvd (dinov3_hub)
   🔍 Auditing weights for [dinov3_lvd]...
   ✅ [PERFECT MATCH] 368/368 layers loaded (100.0%)

   🔍 [Structure Check] dinov3_lvd Output Analysis:
      Type: Tuple (len=2)
      Item 0: Shape (1, 1024)
      Item 1: Shape (1, 256, 1024)
      ✅ Identified: CLS=True, Patch=True
      👉 Final Strategy: concat_3 | Input Dim: 3072
   🔥 Mode: Full Fine-tuning (Backbone Unfrozen)
   🚀 Compiling model with torch.compile...
   ⚡ AMP Precision: torch.bfloat16
   🔄 Training Start... (Epochs: 50, Patience: 7)
   📅 Epoch 1 | Loss: 0.4071 | Val Accuracy: 97.16%
      ⭐ New Best! Saved.
   📅 Epoch 2 | Loss: 0.1188 | Val Accuracy: 96.49%
   📅 Epoch 3 | Loss: 0.0772 | Val Accuracy: 96.26%
   📅 Epoch 4 | Loss: 0.0691 | Val Accuracy: 96.14%
   📅 Epoch 5 | Loss: 0.0591 | Val Accuracy: 96.18%
   📅 Epoch 6 | Loss: 0.0571 | Val Accuracy: 95.93%
   📅 Epoch 7 | Loss: 0.0550 | Val Accuracy: 96.26%
   📅 Epoch 8 | Loss: 0.0521 | Val Accuracy: 96.09%

   🛑 Early Stopping triggered after 7 epochs.

========================================
🏆 Best Val Accuracy: 97.16%
💾 Best Checkpoint: ./checkpoints/full_mb-atmospheric_dust_cls_rdr_dinov3_lvd_lr1e-05_concat_3.pth
========================================

