
============================================================
📄 Log File: ./logs/full_records/mb-atmospheric_dust_cls_rdr_vit_l_lr0.0001_original.log
⏰ Time: 2026-02-28 08:32:04
============================================================

🚀 Training vit_l on mb-atmospheric_dust_cls_rdr | Mode: FULL | LR: 0.0001
   📂 [TRAIN] Loading 1 shards...
   ✅ Loaded 9817 samples.
   📂 [TEST] Loading 1 shards...
   ✅ Loaded 5214 samples.
   ⚙️  Config: Workers=8, BS=32, SmallData=False

>>> Loading Model: vit_l (torchvision_vit)
   🔍 Auditing weights for [vit_l]...
   ✅ [PERFECT MATCH] 296/296 layers loaded (100.0%)

   🔍 [Structure Check] vit_l Output Analysis:
      Type: Tuple (len=2)
      Item 0: Shape (1, 1024)
      Item 1: Shape (1, 196, 1024)
      ✅ Identified: CLS=True, Patch=True
      👉 Final Strategy: CLS_only | Input Dim: 1024
   🔥 Mode: Full Fine-tuning (Backbone Unfrozen)
   🚀 Compiling model with torch.compile...
   ⚡ AMP Precision: torch.bfloat16
   🔄 Training Start... (Epochs: 50, Patience: 7)
   📅 Epoch 1 | Loss: 0.1121 | Val Accuracy: 95.91%
      ⭐ New Best! Saved.
   📅 Epoch 2 | Loss: 0.0747 | Val Accuracy: 96.28%
      ⭐ New Best! Saved.
   📅 Epoch 3 | Loss: 0.0715 | Val Accuracy: 95.88%
   📅 Epoch 4 | Loss: 0.0674 | Val Accuracy: 95.82%
   📅 Epoch 5 | Loss: 0.0681 | Val Accuracy: 96.09%
   📅 Epoch 6 | Loss: 0.0630 | Val Accuracy: 95.90%
   📅 Epoch 7 | Loss: 0.0653 | Val Accuracy: 95.67%
   📅 Epoch 8 | Loss: 0.0534 | Val Accuracy: 95.32%
   📅 Epoch 9 | Loss: 0.0509 | Val Accuracy: 95.80%

   🛑 Early Stopping triggered after 7 epochs.

========================================
🏆 Best Val Accuracy: 96.28%
💾 Best Checkpoint: ./checkpoints/full_mb-atmospheric_dust_cls_rdr_vit_l_lr0.0001_original.pth
========================================

