
============================================================
📄 Log File: ./logs/full_records/mb-atmospheric_dust_cls_rdr_vit_l_lr0.001_concat_3.log
⏰ Time: 2026-02-28 07:14:17
============================================================

🚀 Training vit_l on mb-atmospheric_dust_cls_rdr | Mode: FULL | LR: 0.001
   📂 [TRAIN] Loading 1 shards...
   ✅ Loaded 9817 samples.
   📂 [TEST] Loading 1 shards...
   ✅ Loaded 5214 samples.
   ⚙️  Config: Workers=8, BS=32, SmallData=False

>>> Loading Model: vit_l (torchvision_vit)
   🔍 Auditing weights for [vit_l]...
   ✅ [PERFECT MATCH] 296/296 layers loaded (100.0%)

   🔍 [Structure Check] vit_l Output Analysis:
      Type: Tuple (len=2)
      Item 0: Shape (1, 1024)
      Item 1: Shape (1, 196, 1024)
      ✅ Identified: CLS=True, Patch=True
      👉 Final Strategy: concat_3 | Input Dim: 3072
   🔥 Mode: Full Fine-tuning (Backbone Unfrozen)
   🚀 Compiling model with torch.compile...
   ⚡ AMP Precision: torch.bfloat16
   🔄 Training Start... (Epochs: 50, Patience: 7)
   📅 Epoch 1 | Loss: 0.2076 | Val Accuracy: 94.50%
      ⭐ New Best! Saved.
   📅 Epoch 2 | Loss: 0.1896 | Val Accuracy: 94.78%
      ⭐ New Best! Saved.
   📅 Epoch 3 | Loss: 0.1479 | Val Accuracy: 94.53%
   📅 Epoch 4 | Loss: 0.1213 | Val Accuracy: 95.19%
      ⭐ New Best! Saved.
   📅 Epoch 5 | Loss: 0.1132 | Val Accuracy: 95.59%
      ⭐ New Best! Saved.
   📅 Epoch 6 | Loss: 0.1252 | Val Accuracy: 95.13%
   📅 Epoch 7 | Loss: 0.1174 | Val Accuracy: 95.09%
   📅 Epoch 8 | Loss: 0.1182 | Val Accuracy: 94.80%
   📅 Epoch 9 | Loss: 0.1165 | Val Accuracy: 94.27%
   📅 Epoch 10 | Loss: 0.1233 | Val Accuracy: 95.91%
      ⭐ New Best! Saved.
   📅 Epoch 11 | Loss: 0.1229 | Val Accuracy: 96.03%
      ⭐ New Best! Saved.
   📅 Epoch 12 | Loss: 0.1098 | Val Accuracy: 94.86%
   📅 Epoch 13 | Loss: 0.1162 | Val Accuracy: 94.88%
   📅 Epoch 14 | Loss: 0.1070 | Val Accuracy: 93.52%
   📅 Epoch 15 | Loss: 0.1051 | Val Accuracy: 94.74%
   📅 Epoch 16 | Loss: 0.1088 | Val Accuracy: 95.34%
   📅 Epoch 17 | Loss: 0.1054 | Val Accuracy: 95.67%
   📅 Epoch 18 | Loss: 0.1049 | Val Accuracy: 95.78%

   🛑 Early Stopping triggered after 7 epochs.

========================================
🏆 Best Val Accuracy: 96.03%
💾 Best Checkpoint: ./checkpoints/full_mb-atmospheric_dust_cls_rdr_vit_l_lr0.001_concat_3.pth
========================================

