
============================================================
📄 Log File: ./logs/full_records/mb-atmospheric_dust_cls_rdr_satmae_lr0.001_original.log
⏰ Time: 2026-02-28 04:44:32
============================================================

🚀 Training satmae on mb-atmospheric_dust_cls_rdr | Mode: FULL | LR: 0.001
   📂 [TRAIN] Loading 1 shards...
   ✅ Loaded 9817 samples.
   📂 [TEST] Loading 1 shards...
   ✅ Loaded 5214 samples.
   ⚙️  Config: Workers=8, BS=32, SmallData=False

>>> Loading Model: satmae (timm_mae)
   ℹ️  Config: in_chans=3
   🔍 Auditing weights for [satmae]...
   ✅ [PERFECT MATCH] 294/294 layers loaded (100.0%)

   🔍 [Structure Check] satmae Output Analysis:
      Type: Tuple (len=2)
      Item 0: Shape (1, 1024)
      Item 1: Shape (1, 196, 1024)
      ✅ Identified: CLS=True, Patch=True
      👉 Final Strategy: GAP_only | Input Dim: 1024
   🔥 Mode: Full Fine-tuning (Backbone Unfrozen)
   🚀 Compiling model with torch.compile...
   ⚡ AMP Precision: torch.bfloat16
   🔄 Training Start... (Epochs: 50, Patience: 7)
   📅 Epoch 1 | Loss: 0.5203 | Val Accuracy: 84.37%
      ⭐ New Best! Saved.
   📅 Epoch 2 | Loss: 0.3456 | Val Accuracy: 85.40%
      ⭐ New Best! Saved.
   📅 Epoch 3 | Loss: 0.3173 | Val Accuracy: 88.36%
      ⭐ New Best! Saved.
   📅 Epoch 4 | Loss: 0.2793 | Val Accuracy: 86.86%
   📅 Epoch 5 | Loss: 0.2534 | Val Accuracy: 91.47%
      ⭐ New Best! Saved.
   📅 Epoch 6 | Loss: 0.2417 | Val Accuracy: 85.50%
   📅 Epoch 7 | Loss: 0.2147 | Val Accuracy: 90.70%
   📅 Epoch 8 | Loss: 0.2012 | Val Accuracy: 91.04%
   📅 Epoch 9 | Loss: 0.2017 | Val Accuracy: 90.16%
   📅 Epoch 10 | Loss: 0.1863 | Val Accuracy: 92.06%
      ⭐ New Best! Saved.
   📅 Epoch 11 | Loss: 0.1803 | Val Accuracy: 92.79%
      ⭐ New Best! Saved.
   📅 Epoch 12 | Loss: 0.1769 | Val Accuracy: 93.44%
      ⭐ New Best! Saved.
   📅 Epoch 13 | Loss: 0.1663 | Val Accuracy: 94.00%
      ⭐ New Best! Saved.
   📅 Epoch 14 | Loss: 0.1712 | Val Accuracy: 93.25%
   📅 Epoch 15 | Loss: 0.1603 | Val Accuracy: 92.10%
   📅 Epoch 16 | Loss: 0.1671 | Val Accuracy: 91.54%
   📅 Epoch 17 | Loss: 0.1572 | Val Accuracy: 93.88%
   📅 Epoch 18 | Loss: 0.1573 | Val Accuracy: 92.67%
   📅 Epoch 19 | Loss: 0.1526 | Val Accuracy: 92.56%
   📅 Epoch 20 | Loss: 0.1583 | Val Accuracy: 93.92%

   🛑 Early Stopping triggered after 7 epochs.

========================================
🏆 Best Val Accuracy: 94.00%
💾 Best Checkpoint: ./checkpoints/full_mb-atmospheric_dust_cls_rdr_satmae_lr0.001_original.pth
========================================

