
============================================================
📄 Log File: ./logs/full_records/mb-atmospheric_dust_cls_rdr_openclip_lr0.001_original.log
⏰ Time: 2026-02-28 05:47:21
============================================================

🚀 Training openclip on mb-atmospheric_dust_cls_rdr | Mode: FULL | LR: 0.001
   📂 [TRAIN] Loading 1 shards...
   ✅ Loaded 9817 samples.
   📂 [TEST] Loading 1 shards...
   ✅ Loaded 5214 samples.
   ⚙️  Config: Workers=8, BS=32, SmallData=False

>>> Loading Model: openclip (transformers_clip)

   🔍 [Structure Check] openclip Output Analysis:
      Type: Tuple (len=2)
      Item 0: Shape (1, 1024)
      Item 1: Shape (1, 256, 1024)
      ✅ Identified: CLS=True, Patch=True
      👉 Final Strategy: CLS_only | Input Dim: 1024
   🔥 Mode: Full Fine-tuning (Backbone Unfrozen)
   🚀 Compiling model with torch.compile...
   ⚡ AMP Precision: torch.bfloat16
   🔄 Training Start... (Epochs: 50, Patience: 7)
   📅 Epoch 1 | Loss: 0.6426 | Val Accuracy: 84.10%
      ⭐ New Best! Saved.
   📅 Epoch 2 | Loss: 0.3633 | Val Accuracy: 88.99%
      ⭐ New Best! Saved.
   📅 Epoch 3 | Loss: 0.2954 | Val Accuracy: 89.64%
      ⭐ New Best! Saved.
   📅 Epoch 4 | Loss: 0.2410 | Val Accuracy: 91.89%
      ⭐ New Best! Saved.
   📅 Epoch 5 | Loss: 0.2183 | Val Accuracy: 89.89%
   📅 Epoch 6 | Loss: 0.2063 | Val Accuracy: 90.53%
   📅 Epoch 7 | Loss: 0.2043 | Val Accuracy: 92.27%
      ⭐ New Best! Saved.
   📅 Epoch 8 | Loss: 0.1725 | Val Accuracy: 93.67%
      ⭐ New Best! Saved.
   📅 Epoch 9 | Loss: 0.1747 | Val Accuracy: 93.44%
   📅 Epoch 10 | Loss: 0.1608 | Val Accuracy: 92.46%
   📅 Epoch 11 | Loss: 0.1535 | Val Accuracy: 94.13%
      ⭐ New Best! Saved.
   📅 Epoch 12 | Loss: 0.1679 | Val Accuracy: 94.05%
   📅 Epoch 13 | Loss: 0.1574 | Val Accuracy: 93.54%
   📅 Epoch 14 | Loss: 0.1514 | Val Accuracy: 94.15%
      ⭐ New Best! Saved.
   📅 Epoch 15 | Loss: 0.1528 | Val Accuracy: 93.71%
   📅 Epoch 16 | Loss: 0.1433 | Val Accuracy: 92.42%
   📅 Epoch 17 | Loss: 0.1536 | Val Accuracy: 93.65%
   📅 Epoch 18 | Loss: 0.1581 | Val Accuracy: 94.17%
      ⭐ New Best! Saved.
   📅 Epoch 19 | Loss: 0.1397 | Val Accuracy: 94.25%
      ⭐ New Best! Saved.
   📅 Epoch 20 | Loss: 0.1456 | Val Accuracy: 94.05%
   📅 Epoch 21 | Loss: 0.1449 | Val Accuracy: 93.79%
   📅 Epoch 22 | Loss: 0.1383 | Val Accuracy: 93.15%
   📅 Epoch 23 | Loss: 0.1374 | Val Accuracy: 92.85%
   📅 Epoch 24 | Loss: 0.1488 | Val Accuracy: 94.36%
      ⭐ New Best! Saved.
   📅 Epoch 25 | Loss: 0.1391 | Val Accuracy: 92.83%
   📅 Epoch 26 | Loss: 0.1456 | Val Accuracy: 92.75%
   📅 Epoch 27 | Loss: 0.1390 | Val Accuracy: 93.82%
   📅 Epoch 28 | Loss: 0.1309 | Val Accuracy: 91.58%
   📅 Epoch 29 | Loss: 0.1434 | Val Accuracy: 93.86%
   📅 Epoch 30 | Loss: 0.1389 | Val Accuracy: 94.59%
      ⭐ New Best! Saved.
   📅 Epoch 31 | Loss: 0.1329 | Val Accuracy: 93.81%
   📅 Epoch 32 | Loss: 0.1226 | Val Accuracy: 93.77%
   📅 Epoch 33 | Loss: 0.1264 | Val Accuracy: 93.94%
   📅 Epoch 34 | Loss: 0.1316 | Val Accuracy: 93.96%
   📅 Epoch 35 | Loss: 0.1290 | Val Accuracy: 94.65%
      ⭐ New Best! Saved.
   📅 Epoch 36 | Loss: 0.1275 | Val Accuracy: 93.86%
   📅 Epoch 37 | Loss: 0.1354 | Val Accuracy: 93.59%
   📅 Epoch 38 | Loss: 0.1274 | Val Accuracy: 93.59%
   📅 Epoch 39 | Loss: 0.1242 | Val Accuracy: 94.00%
   📅 Epoch 40 | Loss: 0.1245 | Val Accuracy: 94.48%
   📅 Epoch 41 | Loss: 0.1252 | Val Accuracy: 94.53%
   📅 Epoch 42 | Loss: 0.1227 | Val Accuracy: 93.69%

   🛑 Early Stopping triggered after 7 epochs.

========================================
🏆 Best Val Accuracy: 94.65%
💾 Best Checkpoint: ./checkpoints/full_mb-atmospheric_dust_cls_rdr_openclip_lr0.001_original.pth
========================================

