
============================================================
📄 Log File: ./logs/full_records/mb-atmospheric_dust_cls_rdr_dinov3_sat_lr0.0001_concat_3.log
⏰ Time: 2026-02-28 00:21:36
============================================================

🚀 Training dinov3_sat on mb-atmospheric_dust_cls_rdr | Mode: FULL | LR: 0.0001
   📂 [TRAIN] Loading 1 shards...
   ✅ Loaded 9817 samples.
   📂 [TEST] Loading 1 shards...
   ✅ Loaded 5214 samples.
   ⚙️  Config: Workers=8, BS=32, SmallData=False

>>> Loading Model: dinov3_sat (dinov3_hub)
   🔍 Auditing weights for [dinov3_sat]...
   ✅ [PERFECT MATCH] 368/368 layers loaded (100.0%)

   🔍 [Structure Check] dinov3_sat Output Analysis:
      Type: Tuple (len=2)
      Item 0: Shape (1, 1024)
      Item 1: Shape (1, 256, 1024)
      ✅ Identified: CLS=True, Patch=True
      👉 Final Strategy: concat_3 | Input Dim: 3072
   🔥 Mode: Full Fine-tuning (Backbone Unfrozen)
   🚀 Compiling model with torch.compile...
   ⚡ AMP Precision: torch.bfloat16
   🔄 Training Start... (Epochs: 50, Patience: 7)
   📅 Epoch 1 | Loss: 0.1474 | Val Accuracy: 98.20%
      ⭐ New Best! Saved.
   📅 Epoch 2 | Loss: 0.0602 | Val Accuracy: 96.99%
   📅 Epoch 3 | Loss: 0.0510 | Val Accuracy: 97.03%
   📅 Epoch 4 | Loss: 0.0499 | Val Accuracy: 96.72%
   📅 Epoch 5 | Loss: 0.0445 | Val Accuracy: 96.59%
   📅 Epoch 6 | Loss: 0.0406 | Val Accuracy: 96.39%
   📅 Epoch 7 | Loss: 0.0370 | Val Accuracy: 95.90%
   📅 Epoch 8 | Loss: 0.0344 | Val Accuracy: 95.90%

   🛑 Early Stopping triggered after 7 epochs.

========================================
🏆 Best Val Accuracy: 98.20%
💾 Best Checkpoint: ./checkpoints/full_mb-atmospheric_dust_cls_rdr_dinov3_sat_lr0.0001_concat_3.pth
========================================

