
============================================================
📄 Log File: ./logs/full_records/mb-atmospheric_dust_cls_rdr_scale_mae_lr0.0001_concat_3.log
⏰ Time: 2026-02-28 08:48:14
============================================================

🚀 Training scale_mae on mb-atmospheric_dust_cls_rdr | Mode: FULL | LR: 0.0001
   📂 [TRAIN] Loading 1 shards...
   ✅ Loaded 9817 samples.
   📂 [TEST] Loading 1 shards...
   ✅ Loaded 5214 samples.
   ⚙️  Config: Workers=8, BS=32, SmallData=False

>>> Loading Model: scale_mae (scalemae)
   🔍 Auditing weights for [scale_mae]...
   ⚠️ [PARTIAL MATCH] 344/435 layers loaded (79.1%)

   🔍 [Structure Check] scale_mae Output Analysis:
      Type: Tuple (len=2)
      Item 0: Shape (1, 1024)
      Item 1: Shape (1, 196, 1024)
      ✅ Identified: CLS=True, Patch=True
      👉 Final Strategy: concat_3 | Input Dim: 3072
      📏 ScaleMAE GSD: 0.3 m/px
   🔥 Mode: Full Fine-tuning (Backbone Unfrozen)
   🚀 Compiling model with torch.compile...
   ⚡ AMP Precision: torch.bfloat16
   🔄 Training Start... (Epochs: 50, Patience: 7)
   📅 Epoch 1 | Loss: 0.4471 | Val Accuracy: 85.02%
      ⭐ New Best! Saved.
   📅 Epoch 2 | Loss: 0.3767 | Val Accuracy: 92.77%
      ⭐ New Best! Saved.
   📅 Epoch 3 | Loss: 0.2156 | Val Accuracy: 92.39%
   📅 Epoch 4 | Loss: 0.2975 | Val Accuracy: 63.16%
   📅 Epoch 5 | Loss: 0.6623 | Val Accuracy: 50.15%
   📅 Epoch 6 | Loss: 0.6826 | Val Accuracy: 52.92%
   📅 Epoch 7 | Loss: 0.6758 | Val Accuracy: 68.22%
   📅 Epoch 8 | Loss: 0.6592 | Val Accuracy: 67.87%
   📅 Epoch 9 | Loss: 0.6640 | Val Accuracy: 60.87%

   🛑 Early Stopping triggered after 7 epochs.

========================================
🏆 Best Val Accuracy: 92.77%
💾 Best Checkpoint: ./checkpoints/full_mb-atmospheric_dust_cls_rdr_scale_mae_lr0.0001_concat_3.pth
========================================

