
============================================================
📄 Log File: ./logs/full_records/mb-atmospheric_dust_cls_rdr_dinov3_lvd_lr1e-05_original.log
⏰ Time: 2026-02-28 00:18:42
============================================================

🚀 Training dinov3_lvd on mb-atmospheric_dust_cls_rdr | Mode: FULL | LR: 1e-05
   📂 [TRAIN] Loading 1 shards...
   ✅ Loaded 9817 samples.
   📂 [TEST] Loading 1 shards...
   ✅ Loaded 5214 samples.
   ⚙️  Config: Workers=8, BS=32, SmallData=False

>>> Loading Model: dinov3_lvd (dinov3_hub)
   🔍 Auditing weights for [dinov3_lvd]...
   ✅ [PERFECT MATCH] 368/368 layers loaded (100.0%)

   🔍 [Structure Check] dinov3_lvd Output Analysis:
      Type: Tuple (len=2)
      Item 0: Shape (1, 1024)
      Item 1: Shape (1, 256, 1024)
      ✅ Identified: CLS=True, Patch=True
      👉 Final Strategy: CLS_only | Input Dim: 1024
   🔥 Mode: Full Fine-tuning (Backbone Unfrozen)
   🚀 Compiling model with torch.compile...
   ⚡ AMP Precision: torch.bfloat16
   🔄 Training Start... (Epochs: 50, Patience: 7)
   📅 Epoch 1 | Loss: 0.3640 | Val Accuracy: 97.56%
      ⭐ New Best! Saved.
   📅 Epoch 2 | Loss: 0.1164 | Val Accuracy: 96.97%
   📅 Epoch 3 | Loss: 0.0756 | Val Accuracy: 96.36%
   📅 Epoch 4 | Loss: 0.0652 | Val Accuracy: 95.80%
   📅 Epoch 5 | Loss: 0.0613 | Val Accuracy: 96.20%
   📅 Epoch 6 | Loss: 0.0570 | Val Accuracy: 95.74%
   📅 Epoch 7 | Loss: 0.0500 | Val Accuracy: 95.86%
   📅 Epoch 8 | Loss: 0.0505 | Val Accuracy: 95.63%

   🛑 Early Stopping triggered after 7 epochs.

========================================
🏆 Best Val Accuracy: 97.56%
💾 Best Checkpoint: ./checkpoints/full_mb-atmospheric_dust_cls_rdr_dinov3_lvd_lr1e-05_original.pth
========================================

