
============================================================
📄 Log File: ./logs/full_records/mb-atmospheric_dust_cls_rdr_dinov1_b8_lr1e-05_concat_2.log
⏰ Time: 2026-02-28 03:01:36
============================================================

🚀 Training dinov1_b8 on mb-atmospheric_dust_cls_rdr | Mode: FULL | LR: 1e-05
   📂 [TRAIN] Loading 1 shards...
   ✅ Loaded 9817 samples.
   📂 [TEST] Loading 1 shards...
   ✅ Loaded 5214 samples.
   ⚙️  Config: Workers=8, BS=32, SmallData=False

>>> Loading Model: dinov1_b8 (dinov1)

   🔍 [Structure Check] dinov1_b8 Output Analysis:
      Type: Tuple (len=2)
      Item 0: Shape (1, 768)
      Item 1: Shape (1, 784, 768)
      ✅ Identified: CLS=True, Patch=True
      👉 Final Strategy: concat_2 | Input Dim: 1536
   🔥 Mode: Full Fine-tuning (Backbone Unfrozen)
   🚀 Compiling model with torch.compile...
   ⚡ AMP Precision: torch.bfloat16
   🔄 Training Start... (Epochs: 50, Patience: 7)
   📅 Epoch 1 | Loss: 0.1948 | Val Accuracy: 95.22%
      ⭐ New Best! Saved.
   📅 Epoch 2 | Loss: 0.0857 | Val Accuracy: 95.45%
      ⭐ New Best! Saved.
   📅 Epoch 3 | Loss: 0.0690 | Val Accuracy: 95.47%
      ⭐ New Best! Saved.
   📅 Epoch 4 | Loss: 0.0624 | Val Accuracy: 95.17%
   📅 Epoch 5 | Loss: 0.0593 | Val Accuracy: 95.59%
      ⭐ New Best! Saved.
   📅 Epoch 6 | Loss: 0.0554 | Val Accuracy: 95.55%
   📅 Epoch 7 | Loss: 0.0547 | Val Accuracy: 95.82%
      ⭐ New Best! Saved.
   📅 Epoch 8 | Loss: 0.0498 | Val Accuracy: 95.91%
      ⭐ New Best! Saved.
   📅 Epoch 9 | Loss: 0.0462 | Val Accuracy: 95.99%
      ⭐ New Best! Saved.
   📅 Epoch 10 | Loss: 0.0460 | Val Accuracy: 95.86%
   📅 Epoch 11 | Loss: 0.0439 | Val Accuracy: 94.65%
   📅 Epoch 12 | Loss: 0.0427 | Val Accuracy: 95.93%
   📅 Epoch 13 | Loss: 0.0433 | Val Accuracy: 95.80%
   📅 Epoch 14 | Loss: 0.0434 | Val Accuracy: 95.84%
   📅 Epoch 15 | Loss: 0.0408 | Val Accuracy: 95.44%
   📅 Epoch 16 | Loss: 0.0384 | Val Accuracy: 95.70%

   🛑 Early Stopping triggered after 7 epochs.

========================================
🏆 Best Val Accuracy: 95.99%
💾 Best Checkpoint: ./checkpoints/full_mb-atmospheric_dust_cls_rdr_dinov1_b8_lr1e-05_concat_2.pth
========================================

