
============================================================
📄 Log File: ./logs/full_records/mb-atmospheric_dust_cls_rdr_openclip_lr0.0001_original.log
⏰ Time: 2026-02-28 06:59:03
============================================================

🚀 Training openclip on mb-atmospheric_dust_cls_rdr | Mode: FULL | LR: 0.0001
   📂 [TRAIN] Loading 1 shards...
   ✅ Loaded 9817 samples.
   📂 [TEST] Loading 1 shards...
   ✅ Loaded 5214 samples.
   ⚙️  Config: Workers=8, BS=32, SmallData=False

>>> Loading Model: openclip (transformers_clip)

   🔍 [Structure Check] openclip Output Analysis:
      Type: Tuple (len=2)
      Item 0: Shape (1, 1024)
      Item 1: Shape (1, 256, 1024)
      ✅ Identified: CLS=True, Patch=True
      👉 Final Strategy: CLS_only | Input Dim: 1024
   🔥 Mode: Full Fine-tuning (Backbone Unfrozen)
   🚀 Compiling model with torch.compile...
   ⚡ AMP Precision: torch.bfloat16
   🔄 Training Start... (Epochs: 50, Patience: 7)
   📅 Epoch 1 | Loss: 0.1447 | Val Accuracy: 95.13%
      ⭐ New Best! Saved.
   📅 Epoch 2 | Loss: 0.1044 | Val Accuracy: 95.28%
      ⭐ New Best! Saved.
   📅 Epoch 3 | Loss: 0.0877 | Val Accuracy: 95.99%
      ⭐ New Best! Saved.
   📅 Epoch 4 | Loss: 0.0845 | Val Accuracy: 96.22%
      ⭐ New Best! Saved.
   📅 Epoch 5 | Loss: 0.0779 | Val Accuracy: 95.47%
   📅 Epoch 6 | Loss: 0.0776 | Val Accuracy: 96.20%
   📅 Epoch 7 | Loss: 0.0721 | Val Accuracy: 95.30%
   📅 Epoch 8 | Loss: 0.0710 | Val Accuracy: 95.74%
   📅 Epoch 9 | Loss: 0.0726 | Val Accuracy: 95.05%
   📅 Epoch 10 | Loss: 0.0676 | Val Accuracy: 96.74%
      ⭐ New Best! Saved.
   📅 Epoch 11 | Loss: 0.0663 | Val Accuracy: 96.28%
   📅 Epoch 12 | Loss: 0.0688 | Val Accuracy: 94.98%
   📅 Epoch 13 | Loss: 0.0600 | Val Accuracy: 96.55%
   📅 Epoch 14 | Loss: 0.0520 | Val Accuracy: 95.55%
   📅 Epoch 15 | Loss: 0.0616 | Val Accuracy: 96.39%
   📅 Epoch 16 | Loss: 0.0580 | Val Accuracy: 94.92%
   📅 Epoch 17 | Loss: 0.0578 | Val Accuracy: 95.57%

   🛑 Early Stopping triggered after 7 epochs.

========================================
🏆 Best Val Accuracy: 96.74%
💾 Best Checkpoint: ./checkpoints/full_mb-atmospheric_dust_cls_rdr_openclip_lr0.0001_original.pth
========================================

