
============================================================
📄 Log File: ./logs/full_records/mb-atmospheric_dust_cls_rdr_dinov2_l14_lr1e-05_original.log
⏰ Time: 2026-02-28 02:13:52
============================================================

🚀 Training dinov2_l14 on mb-atmospheric_dust_cls_rdr | Mode: FULL | LR: 1e-05
   📂 [TRAIN] Loading 1 shards...
   ✅ Loaded 9817 samples.
   📂 [TEST] Loading 1 shards...
   ✅ Loaded 5214 samples.
   ⚙️  Config: Workers=8, BS=32, SmallData=False

>>> Loading Model: dinov2_l14 (dinov2_hub)
   🔍 Auditing weights for [dinov2_l14]...
   ✅ [PERFECT MATCH] 343/343 layers loaded (100.0%)

   🔍 [Structure Check] dinov2_l14 Output Analysis:
      Type: Tuple (len=2)
      Item 0: Shape (1, 1024)
      Item 1: Shape (1, 256, 1024)
      ✅ Identified: CLS=True, Patch=True
      👉 Final Strategy: CLS_only | Input Dim: 1024
   🔥 Mode: Full Fine-tuning (Backbone Unfrozen)
   🚀 Compiling model with torch.compile...
   ⚡ AMP Precision: torch.bfloat16
   🔄 Training Start... (Epochs: 50, Patience: 7)
   📅 Epoch 1 | Loss: 0.1060 | Val Accuracy: 96.70%
      ⭐ New Best! Saved.
   📅 Epoch 2 | Loss: 0.0567 | Val Accuracy: 97.01%
      ⭐ New Best! Saved.
   📅 Epoch 3 | Loss: 0.0486 | Val Accuracy: 94.50%
   📅 Epoch 4 | Loss: 0.0437 | Val Accuracy: 96.91%
   📅 Epoch 5 | Loss: 0.0441 | Val Accuracy: 96.24%
   📅 Epoch 6 | Loss: 0.0423 | Val Accuracy: 95.74%
   📅 Epoch 7 | Loss: 0.0347 | Val Accuracy: 96.76%
   📅 Epoch 8 | Loss: 0.0339 | Val Accuracy: 96.89%
   📅 Epoch 9 | Loss: 0.0357 | Val Accuracy: 95.70%

   🛑 Early Stopping triggered after 7 epochs.

========================================
🏆 Best Val Accuracy: 97.01%
💾 Best Checkpoint: ./checkpoints/full_mb-atmospheric_dust_cls_rdr_dinov2_l14_lr1e-05_original.pth
========================================

