
============================================================
📄 Log File: ./logs/full_records/mb-atmospheric_dust_cls_rdr_dinov3_lvd_1cha_lr0.001_original.log
⏰ Time: 2026-04-01 23:18:23
============================================================

🚀 Training dinov3_lvd_1cha on mb-atmospheric_dust_cls_rdr | Mode: FULL | LR: 0.001
   📂 [TRAIN] Loading 1 shards...
   ✅ Loaded 9817 samples.
   📂 [TEST] Loading 1 shards...
   ✅ Loaded 5214 samples.
   ⚙️  Config: Workers=8, BS=32, SmallData=False

>>> Loading Model: dinov3_lvd_1cha (dinov3_hub)
   🔍 Auditing weights for [dinov3_lvd_1cha]...
   ✅ [PERFECT MATCH] 368/368 layers loaded (100.0%)

   🔍 [Structure Check] dinov3_lvd_1cha Output Analysis:
      Type: Tuple (len=2)
      Item 0: Shape (1, 1024)
      Item 1: Shape (1, 256, 1024)
      ✅ Identified: CLS=True, Patch=True
      👉 Final Strategy: CLS_only | Input Dim: 1024
   🔥 Mode: Full Fine-tuning (Backbone Unfrozen)
   🚀 Compiling model with torch.compile...
   ⚡ AMP Precision: torch.bfloat16
   🔄 Training Start... (Epochs: 50, Patience: 7)
   📅 Epoch 1 | Loss: 0.1578 | Val Accuracy: 97.66%
      ⭐ New Best! Saved.
   📅 Epoch 2 | Loss: 0.0948 | Val Accuracy: 96.30%
   📅 Epoch 3 | Loss: 0.0977 | Val Accuracy: 95.95%
   📅 Epoch 4 | Loss: 0.0932 | Val Accuracy: 87.27%
   📅 Epoch 5 | Loss: 0.3436 | Val Accuracy: 85.77%
   📅 Epoch 6 | Loss: 0.2666 | Val Accuracy: 92.00%
   📅 Epoch 7 | Loss: 0.1392 | Val Accuracy: 96.03%
   📅 Epoch 8 | Loss: 0.0975 | Val Accuracy: 96.97%

   🛑 Early Stopping triggered after 7 epochs.

========================================
🏆 Best Val Accuracy: 97.66%
💾 Best Checkpoint: ./checkpoints/full_mb-atmospheric_dust_cls_rdr_dinov3_lvd_1cha_lr0.001_original.pth
========================================

