
============================================================
📄 Log File: ./logs/full_records/mb-atmospheric_dust_cls_rdr_vit_l_lr0.001_original.log
⏰ Time: 2026-02-28 08:21:09
============================================================

🚀 Training vit_l on mb-atmospheric_dust_cls_rdr | Mode: FULL | LR: 0.001
   📂 [TRAIN] Loading 1 shards...
   ✅ Loaded 9817 samples.
   📂 [TEST] Loading 1 shards...
   ✅ Loaded 5214 samples.
   ⚙️  Config: Workers=8, BS=32, SmallData=False

>>> Loading Model: vit_l (torchvision_vit)
   🔍 Auditing weights for [vit_l]...
   ✅ [PERFECT MATCH] 296/296 layers loaded (100.0%)

   🔍 [Structure Check] vit_l Output Analysis:
      Type: Tuple (len=2)
      Item 0: Shape (1, 1024)
      Item 1: Shape (1, 196, 1024)
      ✅ Identified: CLS=True, Patch=True
      👉 Final Strategy: CLS_only | Input Dim: 1024
   🔥 Mode: Full Fine-tuning (Backbone Unfrozen)
   🚀 Compiling model with torch.compile...
   ⚡ AMP Precision: torch.bfloat16
   🔄 Training Start... (Epochs: 50, Patience: 7)
   📅 Epoch 1 | Loss: 0.1972 | Val Accuracy: 95.88%
      ⭐ New Best! Saved.
   📅 Epoch 2 | Loss: 0.1654 | Val Accuracy: 95.55%
   📅 Epoch 3 | Loss: 0.1367 | Val Accuracy: 94.15%
   📅 Epoch 4 | Loss: 0.1264 | Val Accuracy: 95.86%
   📅 Epoch 5 | Loss: 0.1219 | Val Accuracy: 94.51%
   📅 Epoch 6 | Loss: 0.1543 | Val Accuracy: 95.34%
   📅 Epoch 7 | Loss: 0.1325 | Val Accuracy: 95.59%
   📅 Epoch 8 | Loss: 0.1254 | Val Accuracy: 93.92%

   🛑 Early Stopping triggered after 7 epochs.

========================================
🏆 Best Val Accuracy: 95.88%
💾 Best Checkpoint: ./checkpoints/full_mb-atmospheric_dust_cls_rdr_vit_l_lr0.001_original.pth
========================================

