
============================================================
📄 Log File: ./logs/full_records/mb-atmospheric_dust_cls_rdr_scale_mae_lr0.0001_concat_2.log
⏰ Time: 2026-02-28 07:17:08
============================================================

🚀 Training scale_mae on mb-atmospheric_dust_cls_rdr | Mode: FULL | LR: 0.0001
   📂 [TRAIN] Loading 1 shards...
   ✅ Loaded 9817 samples.
   📂 [TEST] Loading 1 shards...
   ✅ Loaded 5214 samples.
   ⚙️  Config: Workers=8, BS=32, SmallData=False

>>> Loading Model: scale_mae (scalemae)
   🔍 Auditing weights for [scale_mae]...
   ⚠️ [PARTIAL MATCH] 344/435 layers loaded (79.1%)

   🔍 [Structure Check] scale_mae Output Analysis:
      Type: Tuple (len=2)
      Item 0: Shape (1, 1024)
      Item 1: Shape (1, 196, 1024)
      ✅ Identified: CLS=True, Patch=True
      👉 Final Strategy: concat_2 | Input Dim: 2048
      📏 ScaleMAE GSD: 0.3 m/px
   🔥 Mode: Full Fine-tuning (Backbone Unfrozen)
   🚀 Compiling model with torch.compile...
   ⚡ AMP Precision: torch.bfloat16
   🔄 Training Start... (Epochs: 50, Patience: 7)
   📅 Epoch 1 | Loss: 0.3829 | Val Accuracy: 95.65%
      ⭐ New Best! Saved.
   📅 Epoch 2 | Loss: 0.1465 | Val Accuracy: 95.44%
   📅 Epoch 3 | Loss: 0.1250 | Val Accuracy: 96.01%
      ⭐ New Best! Saved.
   📅 Epoch 4 | Loss: 0.1075 | Val Accuracy: 96.49%
      ⭐ New Best! Saved.
   📅 Epoch 5 | Loss: 0.1071 | Val Accuracy: 96.91%
      ⭐ New Best! Saved.
   📅 Epoch 6 | Loss: 0.0920 | Val Accuracy: 96.85%
   📅 Epoch 7 | Loss: 0.0884 | Val Accuracy: 96.55%
   📅 Epoch 8 | Loss: 0.0884 | Val Accuracy: 96.62%
   📅 Epoch 9 | Loss: 0.0991 | Val Accuracy: 96.68%
   📅 Epoch 10 | Loss: 0.0918 | Val Accuracy: 96.24%
   📅 Epoch 11 | Loss: 0.0764 | Val Accuracy: 96.57%
   📅 Epoch 12 | Loss: 0.0830 | Val Accuracy: 96.68%

   🛑 Early Stopping triggered after 7 epochs.

========================================
🏆 Best Val Accuracy: 96.91%
💾 Best Checkpoint: ./checkpoints/full_mb-atmospheric_dust_cls_rdr_scale_mae_lr0.0001_concat_2.pth
========================================

