
============================================================
📄 Log File: ./logs/full_records/mb-atmospheric_dust_cls_rdr_dinov2_l14_lr1e-05_concat_3.log
⏰ Time: 2026-02-28 01:43:46
============================================================

🚀 Training dinov2_l14 on mb-atmospheric_dust_cls_rdr | Mode: FULL | LR: 1e-05
   📂 [TRAIN] Loading 1 shards...
   ✅ Loaded 9817 samples.
   📂 [TEST] Loading 1 shards...
   ✅ Loaded 5214 samples.
   ⚙️  Config: Workers=8, BS=32, SmallData=False

>>> Loading Model: dinov2_l14 (dinov2_hub)
   🔍 Auditing weights for [dinov2_l14]...
   ✅ [PERFECT MATCH] 343/343 layers loaded (100.0%)

   🔍 [Structure Check] dinov2_l14 Output Analysis:
      Type: Tuple (len=2)
      Item 0: Shape (1, 1024)
      Item 1: Shape (1, 256, 1024)
      ✅ Identified: CLS=True, Patch=True
      👉 Final Strategy: concat_3 | Input Dim: 3072
   🔥 Mode: Full Fine-tuning (Backbone Unfrozen)
   🚀 Compiling model with torch.compile...
   ⚡ AMP Precision: torch.bfloat16
   🔄 Training Start... (Epochs: 50, Patience: 7)
   📅 Epoch 1 | Loss: 0.1263 | Val Accuracy: 98.33%
      ⭐ New Best! Saved.
   📅 Epoch 2 | Loss: 0.0609 | Val Accuracy: 96.97%
   📅 Epoch 3 | Loss: 0.0522 | Val Accuracy: 97.01%
   📅 Epoch 4 | Loss: 0.0452 | Val Accuracy: 97.85%
   📅 Epoch 5 | Loss: 0.0407 | Val Accuracy: 97.99%
   📅 Epoch 6 | Loss: 0.0379 | Val Accuracy: 96.24%
   📅 Epoch 7 | Loss: 0.0337 | Val Accuracy: 96.95%
   📅 Epoch 8 | Loss: 0.0315 | Val Accuracy: 95.84%

   🛑 Early Stopping triggered after 7 epochs.

========================================
🏆 Best Val Accuracy: 98.33%
💾 Best Checkpoint: ./checkpoints/full_mb-atmospheric_dust_cls_rdr_dinov2_l14_lr1e-05_concat_3.pth
========================================

