
============================================================
📄 Log File: ./logs/full_records/mb-atmospheric_dust_cls_rdr_vit_l_lr0.0001_concat_2.log
⏰ Time: 2026-02-28 06:39:16
============================================================

🚀 Training vit_l on mb-atmospheric_dust_cls_rdr | Mode: FULL | LR: 0.0001
   📂 [TRAIN] Loading 1 shards...
   ✅ Loaded 9817 samples.
   📂 [TEST] Loading 1 shards...
   ✅ Loaded 5214 samples.
   ⚙️  Config: Workers=8, BS=32, SmallData=False

>>> Loading Model: vit_l (torchvision_vit)
   🔍 Auditing weights for [vit_l]...
   ✅ [PERFECT MATCH] 296/296 layers loaded (100.0%)

   🔍 [Structure Check] vit_l Output Analysis:
      Type: Tuple (len=2)
      Item 0: Shape (1, 1024)
      Item 1: Shape (1, 196, 1024)
      ✅ Identified: CLS=True, Patch=True
      👉 Final Strategy: concat_2 | Input Dim: 2048
   🔥 Mode: Full Fine-tuning (Backbone Unfrozen)
   🚀 Compiling model with torch.compile...
   ⚡ AMP Precision: torch.bfloat16
   🔄 Training Start... (Epochs: 50, Patience: 7)
   📅 Epoch 1 | Loss: 0.1117 | Val Accuracy: 95.53%
      ⭐ New Best! Saved.
   📅 Epoch 2 | Loss: 0.0802 | Val Accuracy: 95.67%
      ⭐ New Best! Saved.
   📅 Epoch 3 | Loss: 0.0760 | Val Accuracy: 95.95%
      ⭐ New Best! Saved.
   📅 Epoch 4 | Loss: 0.0707 | Val Accuracy: 94.98%
   📅 Epoch 5 | Loss: 0.0702 | Val Accuracy: 95.67%
   📅 Epoch 6 | Loss: 0.0639 | Val Accuracy: 96.01%
      ⭐ New Best! Saved.
   📅 Epoch 7 | Loss: 0.0576 | Val Accuracy: 95.97%
   📅 Epoch 8 | Loss: 0.0543 | Val Accuracy: 96.16%
      ⭐ New Best! Saved.
   📅 Epoch 9 | Loss: 0.0521 | Val Accuracy: 95.28%
   📅 Epoch 10 | Loss: 0.0529 | Val Accuracy: 95.34%
   📅 Epoch 11 | Loss: 0.0560 | Val Accuracy: 95.38%
   📅 Epoch 12 | Loss: 0.0515 | Val Accuracy: 95.44%
   📅 Epoch 13 | Loss: 0.0492 | Val Accuracy: 94.86%
   📅 Epoch 14 | Loss: 0.0485 | Val Accuracy: 94.84%
   📅 Epoch 15 | Loss: 0.0509 | Val Accuracy: 95.42%

   🛑 Early Stopping triggered after 7 epochs.

========================================
🏆 Best Val Accuracy: 96.16%
💾 Best Checkpoint: ./checkpoints/full_mb-atmospheric_dust_cls_rdr_vit_l_lr0.0001_concat_2.pth
========================================

