
============================================================
📄 Log File: ./logs/full_records/mb-atmospheric_dust_cls_rdr_mars_mae_lr0.001_concat_3.log
⏰ Time: 2026-02-28 10:22:18
============================================================

🚀 Training mars_mae on mb-atmospheric_dust_cls_rdr | Mode: FULL | LR: 0.001
   📂 [TRAIN] Loading 1 shards...
   ✅ Loaded 9817 samples.
   📂 [TEST] Loading 1 shards...
   ✅ Loaded 5214 samples.
   ⚙️  Config: Workers=8, BS=32, SmallData=False

>>> Loading Model: mars_mae (timm_mae)
   ℹ️  Config: in_chans=1
   🔍 Auditing weights for [mars_mae]...
   ✅ [PERFECT MATCH] 150/150 layers loaded (100.0%)

   🔍 [Structure Check] mars_mae Output Analysis:
      Type: Tuple (len=2)
      Item 0: Shape (1, 768)
      Item 1: Shape (1, 196, 768)
      ✅ Identified: CLS=True, Patch=True
      👉 Final Strategy: concat_3 | Input Dim: 2304
   🔥 Mode: Full Fine-tuning (Backbone Unfrozen)
   🚀 Compiling model with torch.compile...
   ⚡ AMP Precision: torch.bfloat16
   🔄 Training Start... (Epochs: 50, Patience: 7)
   📅 Epoch 1 | Loss: 0.3497 | Val Accuracy: 93.88%
      ⭐ New Best! Saved.
   📅 Epoch 2 | Loss: 0.2260 | Val Accuracy: 91.87%
   📅 Epoch 3 | Loss: 0.2115 | Val Accuracy: 78.12%
   📅 Epoch 4 | Loss: 0.2047 | Val Accuracy: 92.23%
   📅 Epoch 5 | Loss: 0.2069 | Val Accuracy: 93.54%
   📅 Epoch 6 | Loss: 0.1730 | Val Accuracy: 93.10%
   📅 Epoch 7 | Loss: 0.1711 | Val Accuracy: 93.15%
   📅 Epoch 8 | Loss: 0.1782 | Val Accuracy: 93.17%

   🛑 Early Stopping triggered after 7 epochs.

========================================
🏆 Best Val Accuracy: 93.88%
💾 Best Checkpoint: ./checkpoints/full_mb-atmospheric_dust_cls_rdr_mars_mae_lr0.001_concat_3.pth
========================================

