
============================================================
📄 Log File: ./logs/full_records/mb-atmospheric_dust_cls_rdr_vit_l_lr0.0001_concat_3.log
⏰ Time: 2026-02-28 07:36:22
============================================================

🚀 Training vit_l on mb-atmospheric_dust_cls_rdr | Mode: FULL | LR: 0.0001
   📂 [TRAIN] Loading 1 shards...
   ✅ Loaded 9817 samples.
   📂 [TEST] Loading 1 shards...
   ✅ Loaded 5214 samples.
   ⚙️  Config: Workers=8, BS=32, SmallData=False

>>> Loading Model: vit_l (torchvision_vit)
   🔍 Auditing weights for [vit_l]...
   ✅ [PERFECT MATCH] 296/296 layers loaded (100.0%)

   🔍 [Structure Check] vit_l Output Analysis:
      Type: Tuple (len=2)
      Item 0: Shape (1, 1024)
      Item 1: Shape (1, 196, 1024)
      ✅ Identified: CLS=True, Patch=True
      👉 Final Strategy: concat_3 | Input Dim: 3072
   🔥 Mode: Full Fine-tuning (Backbone Unfrozen)
   🚀 Compiling model with torch.compile...
   ⚡ AMP Precision: torch.bfloat16
   🔄 Training Start... (Epochs: 50, Patience: 7)
   📅 Epoch 1 | Loss: 0.1295 | Val Accuracy: 95.38%
      ⭐ New Best! Saved.
   📅 Epoch 2 | Loss: 0.0762 | Val Accuracy: 94.61%
   📅 Epoch 3 | Loss: 0.0682 | Val Accuracy: 94.78%
   📅 Epoch 4 | Loss: 0.0667 | Val Accuracy: 95.78%
      ⭐ New Best! Saved.
   📅 Epoch 5 | Loss: 0.0662 | Val Accuracy: 96.16%
      ⭐ New Best! Saved.
   📅 Epoch 6 | Loss: 0.0615 | Val Accuracy: 95.91%
   📅 Epoch 7 | Loss: 0.0620 | Val Accuracy: 95.01%
   📅 Epoch 8 | Loss: 0.0643 | Val Accuracy: 94.61%
   📅 Epoch 9 | Loss: 0.0514 | Val Accuracy: 95.01%
   📅 Epoch 10 | Loss: 0.0557 | Val Accuracy: 95.91%
   📅 Epoch 11 | Loss: 0.0537 | Val Accuracy: 95.57%
   📅 Epoch 12 | Loss: 0.0502 | Val Accuracy: 95.55%

   🛑 Early Stopping triggered after 7 epochs.

========================================
🏆 Best Val Accuracy: 96.16%
💾 Best Checkpoint: ./checkpoints/full_mb-atmospheric_dust_cls_rdr_vit_l_lr0.0001_concat_3.pth
========================================

