
============================================================
📄 Log File: ./logs/full_records/mb-atmospheric_dust_cls_rdr_dinov1_b8_lr0.001_original.log
⏰ Time: 2026-02-28 02:29:50
============================================================

🚀 Training dinov1_b8 on mb-atmospheric_dust_cls_rdr | Mode: FULL | LR: 0.001
   📂 [TRAIN] Loading 1 shards...
   ✅ Loaded 9817 samples.
   📂 [TEST] Loading 1 shards...
   ✅ Loaded 5214 samples.
   ⚙️  Config: Workers=8, BS=32, SmallData=False

>>> Loading Model: dinov1_b8 (dinov1)

   🔍 [Structure Check] dinov1_b8 Output Analysis:
      Type: Tuple (len=2)
      Item 0: Shape (1, 768)
      Item 1: Shape (1, 784, 768)
      ✅ Identified: CLS=True, Patch=True
      👉 Final Strategy: CLS_only | Input Dim: 768
   🔥 Mode: Full Fine-tuning (Backbone Unfrozen)
   🚀 Compiling model with torch.compile...
   ⚡ AMP Precision: torch.bfloat16
   🔄 Training Start... (Epochs: 50, Patience: 7)
   📅 Epoch 1 | Loss: 0.3230 | Val Accuracy: 90.31%
      ⭐ New Best! Saved.
   📅 Epoch 2 | Loss: 0.1743 | Val Accuracy: 93.52%
      ⭐ New Best! Saved.
   📅 Epoch 3 | Loss: 0.1742 | Val Accuracy: 95.72%
      ⭐ New Best! Saved.
   📅 Epoch 4 | Loss: 0.1442 | Val Accuracy: 95.26%
   📅 Epoch 5 | Loss: 0.1306 | Val Accuracy: 95.17%
   📅 Epoch 6 | Loss: 0.1180 | Val Accuracy: 96.20%
      ⭐ New Best! Saved.
   📅 Epoch 7 | Loss: 0.1359 | Val Accuracy: 94.92%
   📅 Epoch 8 | Loss: 0.1441 | Val Accuracy: 94.28%
   📅 Epoch 9 | Loss: 0.1384 | Val Accuracy: 94.86%
   📅 Epoch 10 | Loss: 0.1304 | Val Accuracy: 94.05%
   📅 Epoch 11 | Loss: 0.1249 | Val Accuracy: 95.90%
   📅 Epoch 12 | Loss: 0.1323 | Val Accuracy: 96.05%
   📅 Epoch 13 | Loss: 0.1359 | Val Accuracy: 96.22%
      ⭐ New Best! Saved.
   📅 Epoch 14 | Loss: 0.1257 | Val Accuracy: 94.90%
   📅 Epoch 15 | Loss: 0.1111 | Val Accuracy: 95.78%
   📅 Epoch 16 | Loss: 0.1265 | Val Accuracy: 94.02%
   📅 Epoch 17 | Loss: 0.1240 | Val Accuracy: 96.09%
   📅 Epoch 18 | Loss: 0.1420 | Val Accuracy: 94.86%
   📅 Epoch 19 | Loss: 0.1373 | Val Accuracy: 95.01%
   📅 Epoch 20 | Loss: 0.1313 | Val Accuracy: 92.12%

   🛑 Early Stopping triggered after 7 epochs.

========================================
🏆 Best Val Accuracy: 96.22%
💾 Best Checkpoint: ./checkpoints/full_mb-atmospheric_dust_cls_rdr_dinov1_b8_lr0.001_original.pth
========================================

