
============================================================
📄 Log File: ./logs/full_records/mb-atmospheric_dust_cls_rdr_dinov2_l14_lr0.0001_concat_2.log
⏰ Time: 2026-02-28 01:28:59
============================================================

🚀 Training dinov2_l14 on mb-atmospheric_dust_cls_rdr | Mode: FULL | LR: 0.0001
   📂 [TRAIN] Loading 1 shards...
   ✅ Loaded 9817 samples.
   📂 [TEST] Loading 1 shards...
   ✅ Loaded 5214 samples.
   ⚙️  Config: Workers=8, BS=32, SmallData=False

>>> Loading Model: dinov2_l14 (dinov2_hub)
   🔍 Auditing weights for [dinov2_l14]...
   ✅ [PERFECT MATCH] 343/343 layers loaded (100.0%)

   🔍 [Structure Check] dinov2_l14 Output Analysis:
      Type: Tuple (len=2)
      Item 0: Shape (1, 1024)
      Item 1: Shape (1, 256, 1024)
      ✅ Identified: CLS=True, Patch=True
      👉 Final Strategy: concat_2 | Input Dim: 2048
   🔥 Mode: Full Fine-tuning (Backbone Unfrozen)
   🚀 Compiling model with torch.compile...
   ⚡ AMP Precision: torch.bfloat16
   🔄 Training Start... (Epochs: 50, Patience: 7)
   📅 Epoch 1 | Loss: 0.1293 | Val Accuracy: 96.01%
      ⭐ New Best! Saved.
   📅 Epoch 2 | Loss: 0.0986 | Val Accuracy: 96.38%
      ⭐ New Best! Saved.
   📅 Epoch 3 | Loss: 0.0750 | Val Accuracy: 97.03%
      ⭐ New Best! Saved.
   📅 Epoch 4 | Loss: 0.0785 | Val Accuracy: 95.97%
   📅 Epoch 5 | Loss: 0.0806 | Val Accuracy: 97.03%
   📅 Epoch 6 | Loss: 0.0700 | Val Accuracy: 97.16%
      ⭐ New Best! Saved.
   📅 Epoch 7 | Loss: 0.0833 | Val Accuracy: 96.87%
   📅 Epoch 8 | Loss: 0.0745 | Val Accuracy: 95.74%
   📅 Epoch 9 | Loss: 0.0614 | Val Accuracy: 95.34%
   📅 Epoch 10 | Loss: 0.0586 | Val Accuracy: 92.12%
   📅 Epoch 11 | Loss: 0.0618 | Val Accuracy: 95.90%
   📅 Epoch 12 | Loss: 0.0543 | Val Accuracy: 94.46%
   📅 Epoch 13 | Loss: 0.0502 | Val Accuracy: 95.07%

   🛑 Early Stopping triggered after 7 epochs.

========================================
🏆 Best Val Accuracy: 97.16%
💾 Best Checkpoint: ./checkpoints/full_mb-atmospheric_dust_cls_rdr_dinov2_l14_lr0.0001_concat_2.pth
========================================

