
============================================================
📄 Log File: ./logs/full_records/mb-atmospheric_dust_cls_rdr_dinov3_lvd_1cha_lr1e-05_concat_2.log
⏰ Time: 2026-04-02 00:32:23
============================================================

🚀 Training dinov3_lvd_1cha on mb-atmospheric_dust_cls_rdr | Mode: FULL | LR: 1e-05
   📂 [TRAIN] Loading 1 shards...
   ✅ Loaded 9817 samples.
   📂 [TEST] Loading 1 shards...
   ✅ Loaded 5214 samples.
   ⚙️  Config: Workers=8, BS=32, SmallData=False

>>> Loading Model: dinov3_lvd_1cha (dinov3_hub)
   🔍 Auditing weights for [dinov3_lvd_1cha]...
   ✅ [PERFECT MATCH] 368/368 layers loaded (100.0%)

   🔍 [Structure Check] dinov3_lvd_1cha Output Analysis:
      Type: Tuple (len=2)
      Item 0: Shape (1, 1024)
      Item 1: Shape (1, 256, 1024)
      ✅ Identified: CLS=True, Patch=True
      👉 Final Strategy: concat_2 | Input Dim: 2048
   🔥 Mode: Full Fine-tuning (Backbone Unfrozen)
   🚀 Compiling model with torch.compile...
   ⚡ AMP Precision: torch.bfloat16
   🔄 Training Start... (Epochs: 50, Patience: 7)
   📅 Epoch 1 | Loss: 0.4278 | Val Accuracy: 96.49%
      ⭐ New Best! Saved.
   📅 Epoch 2 | Loss: 0.1294 | Val Accuracy: 96.09%
   📅 Epoch 3 | Loss: 0.0818 | Val Accuracy: 96.32%
   📅 Epoch 4 | Loss: 0.0679 | Val Accuracy: 96.07%
   📅 Epoch 5 | Loss: 0.0628 | Val Accuracy: 96.28%
   📅 Epoch 6 | Loss: 0.0589 | Val Accuracy: 95.95%
   📅 Epoch 7 | Loss: 0.0524 | Val Accuracy: 96.32%
   📅 Epoch 8 | Loss: 0.0533 | Val Accuracy: 96.30%

   🛑 Early Stopping triggered after 7 epochs.

========================================
🏆 Best Val Accuracy: 96.49%
💾 Best Checkpoint: ./checkpoints/full_mb-atmospheric_dust_cls_rdr_dinov3_lvd_1cha_lr1e-05_concat_2.pth
========================================

