
============================================================
📄 Log File: ./logs/full_records/mb-atmospheric_dust_cls_rdr_dinov3_sat_lr1e-05_concat_3.log
⏰ Time: 2026-02-28 00:34:32
============================================================

🚀 Training dinov3_sat on mb-atmospheric_dust_cls_rdr | Mode: FULL | LR: 1e-05
   📂 [TRAIN] Loading 1 shards...
   ✅ Loaded 9817 samples.
   📂 [TEST] Loading 1 shards...
   ✅ Loaded 5214 samples.
   ⚙️  Config: Workers=8, BS=32, SmallData=False

>>> Loading Model: dinov3_sat (dinov3_hub)
   🔍 Auditing weights for [dinov3_sat]...
   ✅ [PERFECT MATCH] 368/368 layers loaded (100.0%)

   🔍 [Structure Check] dinov3_sat Output Analysis:
      Type: Tuple (len=2)
      Item 0: Shape (1, 1024)
      Item 1: Shape (1, 256, 1024)
      ✅ Identified: CLS=True, Patch=True
      👉 Final Strategy: concat_3 | Input Dim: 3072
   🔥 Mode: Full Fine-tuning (Backbone Unfrozen)
   🚀 Compiling model with torch.compile...
   ⚡ AMP Precision: torch.bfloat16
   🔄 Training Start... (Epochs: 50, Patience: 7)
   📅 Epoch 1 | Loss: 0.4911 | Val Accuracy: 97.28%
      ⭐ New Best! Saved.
   📅 Epoch 2 | Loss: 0.2175 | Val Accuracy: 97.58%
      ⭐ New Best! Saved.
   📅 Epoch 3 | Loss: 0.1029 | Val Accuracy: 97.49%
   📅 Epoch 4 | Loss: 0.0736 | Val Accuracy: 97.05%
   📅 Epoch 5 | Loss: 0.0636 | Val Accuracy: 96.80%
   📅 Epoch 6 | Loss: 0.0578 | Val Accuracy: 96.61%
   📅 Epoch 7 | Loss: 0.0548 | Val Accuracy: 96.09%
   📅 Epoch 8 | Loss: 0.0530 | Val Accuracy: 96.30%
   📅 Epoch 9 | Loss: 0.0493 | Val Accuracy: 96.20%

   🛑 Early Stopping triggered after 7 epochs.

========================================
🏆 Best Val Accuracy: 97.58%
💾 Best Checkpoint: ./checkpoints/full_mb-atmospheric_dust_cls_rdr_dinov3_sat_lr1e-05_concat_3.pth
========================================

