
============================================================
📄 Log File: ./logs/full_records/mb-atmospheric_dust_cls_rdr_dinov2_l14_lr0.001_original.log
⏰ Time: 2026-02-28 01:36:52
============================================================

🚀 Training dinov2_l14 on mb-atmospheric_dust_cls_rdr | Mode: FULL | LR: 0.001
   📂 [TRAIN] Loading 1 shards...
   ✅ Loaded 9817 samples.
   📂 [TEST] Loading 1 shards...
   ✅ Loaded 5214 samples.
   ⚙️  Config: Workers=8, BS=32, SmallData=False

>>> Loading Model: dinov2_l14 (dinov2_hub)
   🔍 Auditing weights for [dinov2_l14]...
   ✅ [PERFECT MATCH] 343/343 layers loaded (100.0%)

   🔍 [Structure Check] dinov2_l14 Output Analysis:
      Type: Tuple (len=2)
      Item 0: Shape (1, 1024)
      Item 1: Shape (1, 256, 1024)
      ✅ Identified: CLS=True, Patch=True
      👉 Final Strategy: CLS_only | Input Dim: 1024
   🔥 Mode: Full Fine-tuning (Backbone Unfrozen)
   🚀 Compiling model with torch.compile...
   ⚡ AMP Precision: torch.bfloat16
   🔄 Training Start... (Epochs: 50, Patience: 7)
   📅 Epoch 1 | Loss: 0.6988 | Val Accuracy: 72.69%
      ⭐ New Best! Saved.
   📅 Epoch 2 | Loss: 0.4156 | Val Accuracy: 92.67%
      ⭐ New Best! Saved.
   📅 Epoch 3 | Loss: 0.2644 | Val Accuracy: 92.83%
      ⭐ New Best! Saved.
   📅 Epoch 4 | Loss: 0.2224 | Val Accuracy: 94.07%
      ⭐ New Best! Saved.
   📅 Epoch 5 | Loss: 0.2021 | Val Accuracy: 93.79%
   📅 Epoch 6 | Loss: 0.2017 | Val Accuracy: 94.51%
      ⭐ New Best! Saved.
   📅 Epoch 7 | Loss: 0.1999 | Val Accuracy: 91.56%
   📅 Epoch 8 | Loss: 0.1932 | Val Accuracy: 93.88%
   📅 Epoch 9 | Loss: 0.1774 | Val Accuracy: 93.71%
   📅 Epoch 10 | Loss: 0.1953 | Val Accuracy: 94.50%
   📅 Epoch 11 | Loss: 0.1795 | Val Accuracy: 92.69%
   📅 Epoch 12 | Loss: 0.2050 | Val Accuracy: 93.29%
   📅 Epoch 13 | Loss: 0.1880 | Val Accuracy: 94.51%

   🛑 Early Stopping triggered after 7 epochs.

========================================
🏆 Best Val Accuracy: 94.51%
💾 Best Checkpoint: ./checkpoints/full_mb-atmospheric_dust_cls_rdr_dinov2_l14_lr0.001_original.pth
========================================

