
============================================================
📄 Log File: ./logs/full_records/mb-atmospheric_dust_cls_rdr_dinov3_sat_lr0.0001_concat_2.log
⏰ Time: 2026-02-28 00:17:16
============================================================

🚀 Training dinov3_sat on mb-atmospheric_dust_cls_rdr | Mode: FULL | LR: 0.0001
   📂 [TRAIN] Loading 1 shards...
   ✅ Loaded 9817 samples.
   📂 [TEST] Loading 1 shards...
   ✅ Loaded 5214 samples.
   ⚙️  Config: Workers=8, BS=32, SmallData=False

>>> Loading Model: dinov3_sat (dinov3_hub)
   🔍 Auditing weights for [dinov3_sat]...
   ✅ [PERFECT MATCH] 368/368 layers loaded (100.0%)

   🔍 [Structure Check] dinov3_sat Output Analysis:
      Type: Tuple (len=2)
      Item 0: Shape (1, 1024)
      Item 1: Shape (1, 256, 1024)
      ✅ Identified: CLS=True, Patch=True
      👉 Final Strategy: concat_2 | Input Dim: 2048
   🔥 Mode: Full Fine-tuning (Backbone Unfrozen)
   🚀 Compiling model with torch.compile...
   ⚡ AMP Precision: torch.bfloat16
   🔄 Training Start... (Epochs: 50, Patience: 7)
   📅 Epoch 1 | Loss: 0.1420 | Val Accuracy: 97.60%
      ⭐ New Best! Saved.
   📅 Epoch 2 | Loss: 0.0557 | Val Accuracy: 97.97%
      ⭐ New Best! Saved.
   📅 Epoch 3 | Loss: 0.0442 | Val Accuracy: 96.49%
   📅 Epoch 4 | Loss: 0.0454 | Val Accuracy: 96.59%
   📅 Epoch 5 | Loss: 0.0404 | Val Accuracy: 96.45%
   📅 Epoch 6 | Loss: 0.0340 | Val Accuracy: 95.74%
   📅 Epoch 7 | Loss: 0.0360 | Val Accuracy: 96.16%
   📅 Epoch 8 | Loss: 0.0335 | Val Accuracy: 96.16%
   📅 Epoch 9 | Loss: 0.0294 | Val Accuracy: 96.26%

   🛑 Early Stopping triggered after 7 epochs.

========================================
🏆 Best Val Accuracy: 97.97%
💾 Best Checkpoint: ./checkpoints/full_mb-atmospheric_dust_cls_rdr_dinov3_sat_lr0.0001_concat_2.pth
========================================

