
============================================================
📄 Log File: ./logs/full_records/mb-atmospheric_dust_cls_rdr_dinov1_b8_lr0.001_concat_3.log
⏰ Time: 2026-02-28 01:56:13
============================================================

🚀 Training dinov1_b8 on mb-atmospheric_dust_cls_rdr | Mode: FULL | LR: 0.001
   📂 [TRAIN] Loading 1 shards...
   ✅ Loaded 9817 samples.
   📂 [TEST] Loading 1 shards...
   ✅ Loaded 5214 samples.
   ⚙️  Config: Workers=8, BS=32, SmallData=False

>>> Loading Model: dinov1_b8 (dinov1)

   🔍 [Structure Check] dinov1_b8 Output Analysis:
      Type: Tuple (len=2)
      Item 0: Shape (1, 768)
      Item 1: Shape (1, 784, 768)
      ✅ Identified: CLS=True, Patch=True
      👉 Final Strategy: concat_3 | Input Dim: 2304
   🔥 Mode: Full Fine-tuning (Backbone Unfrozen)
   🚀 Compiling model with torch.compile...
   ⚡ AMP Precision: torch.bfloat16
   🔄 Training Start... (Epochs: 50, Patience: 7)
   📅 Epoch 1 | Loss: 0.4497 | Val Accuracy: 90.33%
      ⭐ New Best! Saved.
   📅 Epoch 2 | Loss: 0.1847 | Val Accuracy: 93.69%
      ⭐ New Best! Saved.
   📅 Epoch 3 | Loss: 0.1553 | Val Accuracy: 95.55%
      ⭐ New Best! Saved.
   📅 Epoch 4 | Loss: 0.1576 | Val Accuracy: 94.25%
   📅 Epoch 5 | Loss: 0.1661 | Val Accuracy: 95.59%
      ⭐ New Best! Saved.
   📅 Epoch 6 | Loss: 0.1614 | Val Accuracy: 95.26%
   📅 Epoch 7 | Loss: 0.1395 | Val Accuracy: 95.70%
      ⭐ New Best! Saved.
   📅 Epoch 8 | Loss: 0.1370 | Val Accuracy: 95.21%
   📅 Epoch 9 | Loss: 0.1524 | Val Accuracy: 94.88%
   📅 Epoch 10 | Loss: 0.1349 | Val Accuracy: 95.07%
   📅 Epoch 11 | Loss: 0.1316 | Val Accuracy: 96.05%
      ⭐ New Best! Saved.
   📅 Epoch 12 | Loss: 0.1255 | Val Accuracy: 95.55%
   📅 Epoch 13 | Loss: 0.1222 | Val Accuracy: 95.11%
   📅 Epoch 14 | Loss: 0.1343 | Val Accuracy: 95.74%
   📅 Epoch 15 | Loss: 0.1263 | Val Accuracy: 94.88%
   📅 Epoch 16 | Loss: 0.1261 | Val Accuracy: 95.91%
   📅 Epoch 17 | Loss: 0.1277 | Val Accuracy: 92.81%
   📅 Epoch 18 | Loss: 0.1264 | Val Accuracy: 95.36%

   🛑 Early Stopping triggered after 7 epochs.

========================================
🏆 Best Val Accuracy: 96.05%
💾 Best Checkpoint: ./checkpoints/full_mb-atmospheric_dust_cls_rdr_dinov1_b8_lr0.001_concat_3.pth
========================================

