
============================================================
📄 Log File: ./logs/full_records/mb-atmospheric_dust_cls_rdr_siglip2_lr0.001_concat_2.log
⏰ Time: 2026-02-28 07:46:18
============================================================

🚀 Training siglip2 on mb-atmospheric_dust_cls_rdr | Mode: FULL | LR: 0.001
   📂 [TRAIN] Loading 1 shards...
   ✅ Loaded 9817 samples.
   📂 [TEST] Loading 1 shards...
   ✅ Loaded 5214 samples.
   ⚙️  Config: Workers=8, BS=32, SmallData=False

>>> Loading Model: siglip2 (transformers)

   🔍 [Structure Check] siglip2 Output Analysis:
      Type: Tuple (len=2)
      Item 0: Shape (1, 1024)
      Item 1: Shape (1, 256, 1024)
      ✅ Identified: CLS=True, Patch=True
      👉 Final Strategy: concat_2 | Input Dim: 2048
   🔥 Mode: Full Fine-tuning (Backbone Unfrozen)
   🚀 Compiling model with torch.compile...
   ⚡ AMP Precision: torch.bfloat16
   🔄 Training Start... (Epochs: 50, Patience: 7)
   📅 Epoch 1 | Loss: 0.6342 | Val Accuracy: 80.94%
      ⭐ New Best! Saved.
   📅 Epoch 2 | Loss: 0.3982 | Val Accuracy: 87.11%
      ⭐ New Best! Saved.
   📅 Epoch 3 | Loss: 0.3242 | Val Accuracy: 87.55%
      ⭐ New Best! Saved.
   📅 Epoch 4 | Loss: 0.2886 | Val Accuracy: 88.76%
      ⭐ New Best! Saved.
   📅 Epoch 5 | Loss: 0.2630 | Val Accuracy: 89.55%
      ⭐ New Best! Saved.
   📅 Epoch 6 | Loss: 0.2382 | Val Accuracy: 91.16%
      ⭐ New Best! Saved.
   📅 Epoch 7 | Loss: 0.2160 | Val Accuracy: 91.41%
      ⭐ New Best! Saved.
   📅 Epoch 8 | Loss: 0.2156 | Val Accuracy: 89.59%
   📅 Epoch 9 | Loss: 0.1965 | Val Accuracy: 91.43%
      ⭐ New Best! Saved.
   📅 Epoch 10 | Loss: 0.1870 | Val Accuracy: 90.77%
   📅 Epoch 11 | Loss: 0.1886 | Val Accuracy: 92.69%
      ⭐ New Best! Saved.
   📅 Epoch 12 | Loss: 0.1771 | Val Accuracy: 93.11%
      ⭐ New Best! Saved.
   📅 Epoch 13 | Loss: 0.1918 | Val Accuracy: 92.41%
   📅 Epoch 14 | Loss: 0.1726 | Val Accuracy: 93.04%
   📅 Epoch 15 | Loss: 0.1818 | Val Accuracy: 93.04%
   📅 Epoch 16 | Loss: 0.1851 | Val Accuracy: 89.66%
   📅 Epoch 17 | Loss: 0.1635 | Val Accuracy: 93.38%
      ⭐ New Best! Saved.
   📅 Epoch 18 | Loss: 0.1657 | Val Accuracy: 91.29%
   📅 Epoch 19 | Loss: 0.1506 | Val Accuracy: 92.79%
   📅 Epoch 20 | Loss: 0.1640 | Val Accuracy: 93.48%
      ⭐ New Best! Saved.
   📅 Epoch 21 | Loss: 0.1590 | Val Accuracy: 93.48%
   📅 Epoch 22 | Loss: 0.1504 | Val Accuracy: 93.63%
      ⭐ New Best! Saved.
   📅 Epoch 23 | Loss: 0.1490 | Val Accuracy: 93.69%
      ⭐ New Best! Saved.
   📅 Epoch 24 | Loss: 0.1481 | Val Accuracy: 93.10%
   📅 Epoch 25 | Loss: 0.1432 | Val Accuracy: 93.69%
   📅 Epoch 26 | Loss: 0.1592 | Val Accuracy: 93.90%
      ⭐ New Best! Saved.
   📅 Epoch 27 | Loss: 0.1464 | Val Accuracy: 94.55%
      ⭐ New Best! Saved.
   📅 Epoch 28 | Loss: 0.1418 | Val Accuracy: 94.02%
   📅 Epoch 29 | Loss: 0.1441 | Val Accuracy: 93.31%
   📅 Epoch 30 | Loss: 0.1380 | Val Accuracy: 94.38%
   📅 Epoch 31 | Loss: 0.1427 | Val Accuracy: 93.90%
   📅 Epoch 32 | Loss: 0.1336 | Val Accuracy: 94.30%
   📅 Epoch 33 | Loss: 0.1408 | Val Accuracy: 94.04%
   📅 Epoch 34 | Loss: 0.1375 | Val Accuracy: 94.02%

   🛑 Early Stopping triggered after 7 epochs.

========================================
🏆 Best Val Accuracy: 94.55%
💾 Best Checkpoint: ./checkpoints/full_mb-atmospheric_dust_cls_rdr_siglip2_lr0.001_concat_2.pth
========================================

