
============================================================
📄 Log File: ./logs/full_records/mb-atmospheric_dust_cls_rdr_scale_mae_lr1e-05_concat_2.log
⏰ Time: 2026-02-28 07:30:39
============================================================

🚀 Training scale_mae on mb-atmospheric_dust_cls_rdr | Mode: FULL | LR: 1e-05
   📂 [TRAIN] Loading 1 shards...
   ✅ Loaded 9817 samples.
   📂 [TEST] Loading 1 shards...
   ✅ Loaded 5214 samples.
   ⚙️  Config: Workers=8, BS=32, SmallData=False

>>> Loading Model: scale_mae (scalemae)
   🔍 Auditing weights for [scale_mae]...
   ⚠️ [PARTIAL MATCH] 344/435 layers loaded (79.1%)

   🔍 [Structure Check] scale_mae Output Analysis:
      Type: Tuple (len=2)
      Item 0: Shape (1, 1024)
      Item 1: Shape (1, 196, 1024)
      ✅ Identified: CLS=True, Patch=True
      👉 Final Strategy: concat_2 | Input Dim: 2048
      📏 ScaleMAE GSD: 0.3 m/px
   🔥 Mode: Full Fine-tuning (Backbone Unfrozen)
   🚀 Compiling model with torch.compile...
   ⚡ AMP Precision: torch.bfloat16
   🔄 Training Start... (Epochs: 50, Patience: 7)
   📅 Epoch 1 | Loss: 0.5302 | Val Accuracy: 89.64%
      ⭐ New Best! Saved.
   📅 Epoch 2 | Loss: 0.3643 | Val Accuracy: 90.58%
      ⭐ New Best! Saved.
   📅 Epoch 3 | Loss: 0.3177 | Val Accuracy: 90.76%
      ⭐ New Best! Saved.
   📅 Epoch 4 | Loss: 0.3081 | Val Accuracy: 90.64%
   📅 Epoch 5 | Loss: 0.2744 | Val Accuracy: 90.72%
   📅 Epoch 6 | Loss: 0.2850 | Val Accuracy: 91.12%
      ⭐ New Best! Saved.
   📅 Epoch 7 | Loss: 0.2933 | Val Accuracy: 91.25%
      ⭐ New Best! Saved.
   📅 Epoch 8 | Loss: 0.2793 | Val Accuracy: 90.08%
   📅 Epoch 9 | Loss: 0.2792 | Val Accuracy: 90.64%
   📅 Epoch 10 | Loss: 0.2700 | Val Accuracy: 90.07%
   📅 Epoch 11 | Loss: 0.2768 | Val Accuracy: 90.12%
   📅 Epoch 12 | Loss: 0.2618 | Val Accuracy: 90.22%
   📅 Epoch 13 | Loss: 0.2803 | Val Accuracy: 86.54%
   📅 Epoch 14 | Loss: 0.2975 | Val Accuracy: 88.43%

   🛑 Early Stopping triggered after 7 epochs.

========================================
🏆 Best Val Accuracy: 91.25%
💾 Best Checkpoint: ./checkpoints/full_mb-atmospheric_dust_cls_rdr_scale_mae_lr1e-05_concat_2.pth
========================================

