
============================================================
📄 Log File: ./logs/full_records/mb-atmospheric_dust_cls_rdr_vit_l_lr1e-05_concat_2.log
⏰ Time: 2026-02-28 06:57:20
============================================================

🚀 Training vit_l on mb-atmospheric_dust_cls_rdr | Mode: FULL | LR: 1e-05
   📂 [TRAIN] Loading 1 shards...
   ✅ Loaded 9817 samples.
   📂 [TEST] Loading 1 shards...
   ✅ Loaded 5214 samples.
   ⚙️  Config: Workers=8, BS=32, SmallData=False

>>> Loading Model: vit_l (torchvision_vit)
   🔍 Auditing weights for [vit_l]...
   ✅ [PERFECT MATCH] 296/296 layers loaded (100.0%)

   🔍 [Structure Check] vit_l Output Analysis:
      Type: Tuple (len=2)
      Item 0: Shape (1, 1024)
      Item 1: Shape (1, 196, 1024)
      ✅ Identified: CLS=True, Patch=True
      👉 Final Strategy: concat_2 | Input Dim: 2048
   🔥 Mode: Full Fine-tuning (Backbone Unfrozen)
   🚀 Compiling model with torch.compile...
   ⚡ AMP Precision: torch.bfloat16
   🔄 Training Start... (Epochs: 50, Patience: 7)
   📅 Epoch 1 | Loss: 0.2672 | Val Accuracy: 96.13%
      ⭐ New Best! Saved.
   📅 Epoch 2 | Loss: 0.0943 | Val Accuracy: 95.67%
   📅 Epoch 3 | Loss: 0.0768 | Val Accuracy: 95.57%
   📅 Epoch 4 | Loss: 0.0757 | Val Accuracy: 95.53%
   📅 Epoch 5 | Loss: 0.0702 | Val Accuracy: 95.70%
   📅 Epoch 6 | Loss: 0.0653 | Val Accuracy: 95.84%
   📅 Epoch 7 | Loss: 0.0653 | Val Accuracy: 95.70%
   📅 Epoch 8 | Loss: 0.0643 | Val Accuracy: 95.61%

   🛑 Early Stopping triggered after 7 epochs.

========================================
🏆 Best Val Accuracy: 96.13%
💾 Best Checkpoint: ./checkpoints/full_mb-atmospheric_dust_cls_rdr_vit_l_lr1e-05_concat_2.pth
========================================

