
============================================================
📄 Log File: ./logs/full_records/mb-atmospheric_dust_cls_rdr_siglip2_lr0.0001_concat_3.log
⏰ Time: 2026-02-28 09:44:00
============================================================

🚀 Training siglip2 on mb-atmospheric_dust_cls_rdr | Mode: FULL | LR: 0.0001
   📂 [TRAIN] Loading 1 shards...
   ✅ Loaded 9817 samples.
   📂 [TEST] Loading 1 shards...
   ✅ Loaded 5214 samples.
   ⚙️  Config: Workers=8, BS=32, SmallData=False

>>> Loading Model: siglip2 (transformers)

   🔍 [Structure Check] siglip2 Output Analysis:
      Type: Tuple (len=2)
      Item 0: Shape (1, 1024)
      Item 1: Shape (1, 256, 1024)
      ✅ Identified: CLS=True, Patch=True
      👉 Final Strategy: concat_3 | Input Dim: 3072
   🔥 Mode: Full Fine-tuning (Backbone Unfrozen)
   🚀 Compiling model with torch.compile...
   ⚡ AMP Precision: torch.bfloat16
   🔄 Training Start... (Epochs: 50, Patience: 7)
   📅 Epoch 1 | Loss: 0.1781 | Val Accuracy: 95.38%
      ⭐ New Best! Saved.
   📅 Epoch 2 | Loss: 0.1063 | Val Accuracy: 96.18%
      ⭐ New Best! Saved.
   📅 Epoch 3 | Loss: 0.1018 | Val Accuracy: 96.78%
      ⭐ New Best! Saved.
   📅 Epoch 4 | Loss: 0.0985 | Val Accuracy: 95.86%
   📅 Epoch 5 | Loss: 0.0964 | Val Accuracy: 96.70%
   📅 Epoch 6 | Loss: 0.0850 | Val Accuracy: 94.59%
   📅 Epoch 7 | Loss: 0.0834 | Val Accuracy: 95.86%
   📅 Epoch 8 | Loss: 0.0948 | Val Accuracy: 96.41%
   📅 Epoch 9 | Loss: 0.0850 | Val Accuracy: 96.78%
   📅 Epoch 10 | Loss: 0.0795 | Val Accuracy: 96.51%

   🛑 Early Stopping triggered after 7 epochs.

========================================
🏆 Best Val Accuracy: 96.78%
💾 Best Checkpoint: ./checkpoints/full_mb-atmospheric_dust_cls_rdr_siglip2_lr0.0001_concat_3.pth
========================================

