
============================================================
📄 Log File: ./logs/full_records/mb-atmospheric_dust_cls_rdr_dinov3_sat_1cha_lr0.0001_original.log
⏰ Time: 2026-04-01 21:56:11
============================================================

🚀 Training dinov3_sat_1cha on mb-atmospheric_dust_cls_rdr | Mode: FULL | LR: 0.0001
   📂 [TRAIN] Loading 1 shards...
   ✅ Loaded 9817 samples.
   📂 [TEST] Loading 1 shards...
   ✅ Loaded 5214 samples.
   ⚙️  Config: Workers=8, BS=32, SmallData=False

>>> Loading Model: dinov3_sat_1cha (dinov3_hub)
   🔍 Auditing weights for [dinov3_sat_1cha]...
   ✅ [PERFECT MATCH] 368/368 layers loaded (100.0%)

   🔍 [Structure Check] dinov3_sat_1cha Output Analysis:
      Type: Tuple (len=2)
      Item 0: Shape (1, 1024)
      Item 1: Shape (1, 256, 1024)
      ✅ Identified: CLS=True, Patch=True
      👉 Final Strategy: GAP_only | Input Dim: 1024
   🔥 Mode: Full Fine-tuning (Backbone Unfrozen)
   🚀 Compiling model with torch.compile...
   ⚡ AMP Precision: torch.bfloat16
   🔄 Training Start... (Epochs: 50, Patience: 7)
   📅 Epoch 1 | Loss: 0.1712 | Val Accuracy: 96.24%
      ⭐ New Best! Saved.
   📅 Epoch 2 | Loss: 0.0684 | Val Accuracy: 95.86%
   📅 Epoch 3 | Loss: 0.0524 | Val Accuracy: 96.87%
      ⭐ New Best! Saved.
   📅 Epoch 4 | Loss: 0.0548 | Val Accuracy: 95.47%
   📅 Epoch 5 | Loss: 0.0500 | Val Accuracy: 96.47%
   📅 Epoch 6 | Loss: 0.0466 | Val Accuracy: 96.03%
   📅 Epoch 7 | Loss: 0.0424 | Val Accuracy: 95.70%
   📅 Epoch 8 | Loss: 0.0394 | Val Accuracy: 95.82%
   📅 Epoch 9 | Loss: 0.0367 | Val Accuracy: 95.72%
   📅 Epoch 10 | Loss: 0.0335 | Val Accuracy: 96.05%

   🛑 Early Stopping triggered after 7 epochs.

========================================
🏆 Best Val Accuracy: 96.87%
💾 Best Checkpoint: ./checkpoints/full_mb-atmospheric_dust_cls_rdr_dinov3_sat_1cha_lr0.0001_original.pth
========================================

