
============================================================
📄 Log File: ./logs/full_records/mb-atmospheric_dust_cls_rdr_dinov3_sat_1cha_lr1e-05_original.log
⏰ Time: 2026-04-01 22:20:37
============================================================

🚀 Training dinov3_sat_1cha on mb-atmospheric_dust_cls_rdr | Mode: FULL | LR: 1e-05
   📂 [TRAIN] Loading 1 shards...
   ✅ Loaded 9817 samples.
   📂 [TEST] Loading 1 shards...
   ✅ Loaded 5214 samples.
   ⚙️  Config: Workers=8, BS=32, SmallData=False

>>> Loading Model: dinov3_sat_1cha (dinov3_hub)
   🔍 Auditing weights for [dinov3_sat_1cha]...
   ✅ [PERFECT MATCH] 368/368 layers loaded (100.0%)

   🔍 [Structure Check] dinov3_sat_1cha Output Analysis:
      Type: Tuple (len=2)
      Item 0: Shape (1, 1024)
      Item 1: Shape (1, 256, 1024)
      ✅ Identified: CLS=True, Patch=True
      👉 Final Strategy: GAP_only | Input Dim: 1024
   🔥 Mode: Full Fine-tuning (Backbone Unfrozen)
   🚀 Compiling model with torch.compile...
   ⚡ AMP Precision: torch.bfloat16
   🔄 Training Start... (Epochs: 50, Patience: 7)
   📅 Epoch 1 | Loss: 0.5571 | Val Accuracy: 95.76%
      ⭐ New Best! Saved.
   📅 Epoch 2 | Loss: 0.1877 | Val Accuracy: 95.55%
   📅 Epoch 3 | Loss: 0.1031 | Val Accuracy: 95.11%
   📅 Epoch 4 | Loss: 0.0828 | Val Accuracy: 95.53%
   📅 Epoch 5 | Loss: 0.0737 | Val Accuracy: 95.61%
   📅 Epoch 6 | Loss: 0.0688 | Val Accuracy: 95.84%
      ⭐ New Best! Saved.
   📅 Epoch 7 | Loss: 0.0624 | Val Accuracy: 95.76%
   📅 Epoch 8 | Loss: 0.0558 | Val Accuracy: 95.63%
   📅 Epoch 9 | Loss: 0.0539 | Val Accuracy: 95.91%
      ⭐ New Best! Saved.
   📅 Epoch 10 | Loss: 0.0532 | Val Accuracy: 95.65%
   📅 Epoch 11 | Loss: 0.0524 | Val Accuracy: 95.76%
   📅 Epoch 12 | Loss: 0.0489 | Val Accuracy: 95.67%
   📅 Epoch 13 | Loss: 0.0505 | Val Accuracy: 95.95%
      ⭐ New Best! Saved.
   📅 Epoch 14 | Loss: 0.0460 | Val Accuracy: 95.86%
   📅 Epoch 15 | Loss: 0.0464 | Val Accuracy: 95.51%
   📅 Epoch 16 | Loss: 0.0428 | Val Accuracy: 95.90%
   📅 Epoch 17 | Loss: 0.0462 | Val Accuracy: 96.03%
      ⭐ New Best! Saved.
   📅 Epoch 18 | Loss: 0.0413 | Val Accuracy: 95.95%
   📅 Epoch 19 | Loss: 0.0413 | Val Accuracy: 95.86%
   📅 Epoch 20 | Loss: 0.0384 | Val Accuracy: 95.90%
   📅 Epoch 21 | Loss: 0.0400 | Val Accuracy: 95.91%
   📅 Epoch 22 | Loss: 0.0368 | Val Accuracy: 95.32%
   📅 Epoch 23 | Loss: 0.0389 | Val Accuracy: 95.93%
   📅 Epoch 24 | Loss: 0.0382 | Val Accuracy: 95.49%

   🛑 Early Stopping triggered after 7 epochs.

========================================
🏆 Best Val Accuracy: 96.03%
💾 Best Checkpoint: ./checkpoints/full_mb-atmospheric_dust_cls_rdr_dinov3_sat_1cha_lr1e-05_original.pth
========================================

