
============================================================
📄 Log File: ./logs/full_records/mb-atmospheric_dust_cls_rdr_satmae_lr1e-05_concat_3.log
⏰ Time: 2026-02-28 04:49:25
============================================================

🚀 Training satmae on mb-atmospheric_dust_cls_rdr | Mode: FULL | LR: 1e-05
   📂 [TRAIN] Loading 1 shards...
   ✅ Loaded 9817 samples.
   📂 [TEST] Loading 1 shards...
   ✅ Loaded 5214 samples.
   ⚙️  Config: Workers=8, BS=32, SmallData=False

>>> Loading Model: satmae (timm_mae)
   ℹ️  Config: in_chans=3
   🔍 Auditing weights for [satmae]...
   ✅ [PERFECT MATCH] 294/294 layers loaded (100.0%)

   🔍 [Structure Check] satmae Output Analysis:
      Type: Tuple (len=2)
      Item 0: Shape (1, 1024)
      Item 1: Shape (1, 196, 1024)
      ✅ Identified: CLS=True, Patch=True
      👉 Final Strategy: concat_3 | Input Dim: 3072
   🔥 Mode: Full Fine-tuning (Backbone Unfrozen)
   🚀 Compiling model with torch.compile...
   ⚡ AMP Precision: torch.bfloat16
   🔄 Training Start... (Epochs: 50, Patience: 7)
   📅 Epoch 1 | Loss: 0.2875 | Val Accuracy: 93.84%
      ⭐ New Best! Saved.
   📅 Epoch 2 | Loss: 0.1572 | Val Accuracy: 94.55%
      ⭐ New Best! Saved.
   📅 Epoch 3 | Loss: 0.1303 | Val Accuracy: 95.61%
      ⭐ New Best! Saved.
   📅 Epoch 4 | Loss: 0.1192 | Val Accuracy: 95.72%
      ⭐ New Best! Saved.
   📅 Epoch 5 | Loss: 0.1033 | Val Accuracy: 95.40%
   📅 Epoch 6 | Loss: 0.0982 | Val Accuracy: 96.20%
      ⭐ New Best! Saved.
   📅 Epoch 7 | Loss: 0.0936 | Val Accuracy: 95.88%
   📅 Epoch 8 | Loss: 0.0850 | Val Accuracy: 96.39%
      ⭐ New Best! Saved.
   📅 Epoch 9 | Loss: 0.0858 | Val Accuracy: 96.16%
   📅 Epoch 10 | Loss: 0.0814 | Val Accuracy: 96.07%
   📅 Epoch 11 | Loss: 0.0738 | Val Accuracy: 96.05%
   📅 Epoch 12 | Loss: 0.0824 | Val Accuracy: 95.40%
   📅 Epoch 13 | Loss: 0.0769 | Val Accuracy: 95.72%
   📅 Epoch 14 | Loss: 0.0744 | Val Accuracy: 95.17%
   📅 Epoch 15 | Loss: 0.0759 | Val Accuracy: 96.11%

   🛑 Early Stopping triggered after 7 epochs.

========================================
🏆 Best Val Accuracy: 96.39%
💾 Best Checkpoint: ./checkpoints/full_mb-atmospheric_dust_cls_rdr_satmae_lr1e-05_concat_3.pth
========================================

