
============================================================
📄 Log File: ./logs/full_records/mb-atmospheric_dust_cls_rdr_mars_mae_lr0.0001_concat_2.log
⏰ Time: 2026-02-28 09:30:43
============================================================

🚀 Training mars_mae on mb-atmospheric_dust_cls_rdr | Mode: FULL | LR: 0.0001
   📂 [TRAIN] Loading 1 shards...
   ✅ Loaded 9817 samples.
   📂 [TEST] Loading 1 shards...
   ✅ Loaded 5214 samples.
   ⚙️  Config: Workers=8, BS=32, SmallData=False

>>> Loading Model: mars_mae (timm_mae)
   ℹ️  Config: in_chans=1
   🔍 Auditing weights for [mars_mae]...
   ✅ [PERFECT MATCH] 150/150 layers loaded (100.0%)

   🔍 [Structure Check] mars_mae Output Analysis:
      Type: Tuple (len=2)
      Item 0: Shape (1, 768)
      Item 1: Shape (1, 196, 768)
      ✅ Identified: CLS=True, Patch=True
      👉 Final Strategy: concat_2 | Input Dim: 1536
   🔥 Mode: Full Fine-tuning (Backbone Unfrozen)
   🚀 Compiling model with torch.compile...
   ⚡ AMP Precision: torch.bfloat16
   🔄 Training Start... (Epochs: 50, Patience: 7)
   📅 Epoch 1 | Loss: 0.2267 | Val Accuracy: 94.55%
      ⭐ New Best! Saved.
   📅 Epoch 2 | Loss: 0.1297 | Val Accuracy: 95.17%
      ⭐ New Best! Saved.
   📅 Epoch 3 | Loss: 0.1194 | Val Accuracy: 94.57%
   📅 Epoch 4 | Loss: 0.1048 | Val Accuracy: 94.76%
   📅 Epoch 5 | Loss: 0.1090 | Val Accuracy: 94.86%
   📅 Epoch 6 | Loss: 0.0975 | Val Accuracy: 95.90%
      ⭐ New Best! Saved.
   📅 Epoch 7 | Loss: 0.0959 | Val Accuracy: 95.61%
   📅 Epoch 8 | Loss: 0.0945 | Val Accuracy: 95.55%
   📅 Epoch 9 | Loss: 0.0889 | Val Accuracy: 94.65%
   📅 Epoch 10 | Loss: 0.0869 | Val Accuracy: 95.74%
   📅 Epoch 11 | Loss: 0.0830 | Val Accuracy: 96.11%
      ⭐ New Best! Saved.
   📅 Epoch 12 | Loss: 0.0827 | Val Accuracy: 95.70%
   📅 Epoch 13 | Loss: 0.0766 | Val Accuracy: 95.74%
   📅 Epoch 14 | Loss: 0.0768 | Val Accuracy: 95.82%
   📅 Epoch 15 | Loss: 0.0775 | Val Accuracy: 95.49%
   📅 Epoch 16 | Loss: 0.0727 | Val Accuracy: 95.80%
   📅 Epoch 17 | Loss: 0.0732 | Val Accuracy: 95.55%
   📅 Epoch 18 | Loss: 0.0688 | Val Accuracy: 95.49%

   🛑 Early Stopping triggered after 7 epochs.

========================================
🏆 Best Val Accuracy: 96.11%
💾 Best Checkpoint: ./checkpoints/full_mb-atmospheric_dust_cls_rdr_mars_mae_lr0.0001_concat_2.pth
========================================

