
============================================================
📄 Log File: ./logs/full_records/mb-atmospheric_dust_cls_rdr_dinov3_lvd_1cha_lr0.0001_original.log
⏰ Time: 2026-04-01 23:39:04
============================================================

🚀 Training dinov3_lvd_1cha on mb-atmospheric_dust_cls_rdr | Mode: FULL | LR: 0.0001
   📂 [TRAIN] Loading 1 shards...
   ✅ Loaded 9817 samples.
   📂 [TEST] Loading 1 shards...
   ✅ Loaded 5214 samples.
   ⚙️  Config: Workers=8, BS=32, SmallData=False

>>> Loading Model: dinov3_lvd_1cha (dinov3_hub)
   🔍 Auditing weights for [dinov3_lvd_1cha]...
   ✅ [PERFECT MATCH] 368/368 layers loaded (100.0%)

   🔍 [Structure Check] dinov3_lvd_1cha Output Analysis:
      Type: Tuple (len=2)
      Item 0: Shape (1, 1024)
      Item 1: Shape (1, 256, 1024)
      ✅ Identified: CLS=True, Patch=True
      👉 Final Strategy: CLS_only | Input Dim: 1024
   🔥 Mode: Full Fine-tuning (Backbone Unfrozen)
   🚀 Compiling model with torch.compile...
   ⚡ AMP Precision: torch.bfloat16
   🔄 Training Start... (Epochs: 50, Patience: 7)
   📅 Epoch 1 | Loss: 0.1115 | Val Accuracy: 96.74%
      ⭐ New Best! Saved.
   📅 Epoch 2 | Loss: 0.0603 | Val Accuracy: 95.49%
   📅 Epoch 3 | Loss: 0.0544 | Val Accuracy: 96.28%
   📅 Epoch 4 | Loss: 0.0474 | Val Accuracy: 97.45%
      ⭐ New Best! Saved.
   📅 Epoch 5 | Loss: 0.0471 | Val Accuracy: 97.55%
      ⭐ New Best! Saved.
   📅 Epoch 6 | Loss: 0.0400 | Val Accuracy: 95.47%
   📅 Epoch 7 | Loss: 0.0380 | Val Accuracy: 96.13%
   📅 Epoch 8 | Loss: 0.0381 | Val Accuracy: 94.76%
   📅 Epoch 9 | Loss: 0.0342 | Val Accuracy: 94.71%
   📅 Epoch 10 | Loss: 0.0361 | Val Accuracy: 95.45%
   📅 Epoch 11 | Loss: 0.0336 | Val Accuracy: 96.09%
   📅 Epoch 12 | Loss: 0.0320 | Val Accuracy: 95.76%

   🛑 Early Stopping triggered after 7 epochs.

========================================
🏆 Best Val Accuracy: 97.55%
💾 Best Checkpoint: ./checkpoints/full_mb-atmospheric_dust_cls_rdr_dinov3_lvd_1cha_lr0.0001_original.pth
========================================

