
============================================================
📄 Log File: ./logs/full_records/mb-atmospheric_dust_cls_rdr_dinov3_sat_1cha_lr0.001_concat_3.log
⏰ Time: 2026-04-01 21:34:15
============================================================

🚀 Training dinov3_sat_1cha on mb-atmospheric_dust_cls_rdr | Mode: FULL | LR: 0.001
   📂 [TRAIN] Loading 1 shards...
   ✅ Loaded 9817 samples.
   📂 [TEST] Loading 1 shards...
   ✅ Loaded 5214 samples.
   ⚙️  Config: Workers=8, BS=32, SmallData=False

>>> Loading Model: dinov3_sat_1cha (dinov3_hub)
   🔍 Auditing weights for [dinov3_sat_1cha]...
   ✅ [PERFECT MATCH] 368/368 layers loaded (100.0%)

   🔍 [Structure Check] dinov3_sat_1cha Output Analysis:
      Type: Tuple (len=2)
      Item 0: Shape (1, 1024)
      Item 1: Shape (1, 256, 1024)
      ✅ Identified: CLS=True, Patch=True
      👉 Final Strategy: concat_3 | Input Dim: 3072
   🔥 Mode: Full Fine-tuning (Backbone Unfrozen)
   🚀 Compiling model with torch.compile...
   ⚡ AMP Precision: torch.bfloat16
   🔄 Training Start... (Epochs: 50, Patience: 7)
   📅 Epoch 1 | Loss: 0.1191 | Val Accuracy: 96.45%
      ⭐ New Best! Saved.
   📅 Epoch 2 | Loss: 0.0994 | Val Accuracy: 95.86%
   📅 Epoch 3 | Loss: 0.0987 | Val Accuracy: 95.21%
   📅 Epoch 4 | Loss: 0.0948 | Val Accuracy: 95.34%
   📅 Epoch 5 | Loss: 0.0835 | Val Accuracy: 95.68%
   📅 Epoch 6 | Loss: 0.0654 | Val Accuracy: 96.32%
   📅 Epoch 7 | Loss: 0.0620 | Val Accuracy: 96.68%
      ⭐ New Best! Saved.
   📅 Epoch 8 | Loss: 0.0641 | Val Accuracy: 95.80%
   📅 Epoch 9 | Loss: 0.0667 | Val Accuracy: 95.57%
   📅 Epoch 10 | Loss: 0.0662 | Val Accuracy: 96.14%
   📅 Epoch 11 | Loss: 0.0617 | Val Accuracy: 95.70%
   📅 Epoch 12 | Loss: 0.0529 | Val Accuracy: 95.42%
   📅 Epoch 13 | Loss: 0.0651 | Val Accuracy: 96.45%
   📅 Epoch 14 | Loss: 0.0505 | Val Accuracy: 95.72%

   🛑 Early Stopping triggered after 7 epochs.

========================================
🏆 Best Val Accuracy: 96.68%
💾 Best Checkpoint: ./checkpoints/full_mb-atmospheric_dust_cls_rdr_dinov3_sat_1cha_lr0.001_concat_3.pth
========================================

