
============================================================
📄 Log File: ./logs/full_records/mb-atmospheric_dust_cls_rdr_siglip2_lr1e-05_original.log
⏰ Time: 2026-02-28 12:21:20
============================================================

🚀 Training siglip2 on mb-atmospheric_dust_cls_rdr | Mode: FULL | LR: 1e-05
   📂 [TRAIN] Loading 1 shards...
   ✅ Loaded 9817 samples.
   📂 [TEST] Loading 1 shards...
   ✅ Loaded 5214 samples.
   ⚙️  Config: Workers=8, BS=32, SmallData=False

>>> Loading Model: siglip2 (transformers)

   🔍 [Structure Check] siglip2 Output Analysis:
      Type: Tuple (len=2)
      Item 0: Shape (1, 1024)
      Item 1: Shape (1, 256, 1024)
      ✅ Identified: CLS=True, Patch=True
      👉 Final Strategy: CLS_only | Input Dim: 1024
   🔥 Mode: Full Fine-tuning (Backbone Unfrozen)
   🚀 Compiling model with torch.compile...
   ⚡ AMP Precision: torch.bfloat16
   🔄 Training Start... (Epochs: 50, Patience: 7)
   📅 Epoch 1 | Loss: 0.1934 | Val Accuracy: 94.55%
      ⭐ New Best! Saved.
   📅 Epoch 2 | Loss: 0.0838 | Val Accuracy: 94.99%
      ⭐ New Best! Saved.
   📅 Epoch 3 | Loss: 0.0711 | Val Accuracy: 95.61%
      ⭐ New Best! Saved.
   📅 Epoch 4 | Loss: 0.0667 | Val Accuracy: 95.36%
   📅 Epoch 5 | Loss: 0.0668 | Val Accuracy: 95.47%
   📅 Epoch 6 | Loss: 0.0651 | Val Accuracy: 95.49%
   📅 Epoch 7 | Loss: 0.0605 | Val Accuracy: 95.47%
   📅 Epoch 8 | Loss: 0.0583 | Val Accuracy: 95.68%
      ⭐ New Best! Saved.
   📅 Epoch 9 | Loss: 0.0539 | Val Accuracy: 95.34%
   📅 Epoch 10 | Loss: 0.0561 | Val Accuracy: 95.74%
      ⭐ New Best! Saved.
   📅 Epoch 11 | Loss: 0.0515 | Val Accuracy: 96.13%
      ⭐ New Best! Saved.
   📅 Epoch 12 | Loss: 0.0488 | Val Accuracy: 95.90%
   📅 Epoch 13 | Loss: 0.0487 | Val Accuracy: 95.86%
   📅 Epoch 14 | Loss: 0.0524 | Val Accuracy: 95.36%
   📅 Epoch 15 | Loss: 0.0447 | Val Accuracy: 94.02%
   📅 Epoch 16 | Loss: 0.0481 | Val Accuracy: 95.36%
   📅 Epoch 17 | Loss: 0.0458 | Val Accuracy: 95.63%
   📅 Epoch 18 | Loss: 0.0395 | Val Accuracy: 95.17%

   🛑 Early Stopping triggered after 7 epochs.

========================================
🏆 Best Val Accuracy: 96.13%
💾 Best Checkpoint: ./checkpoints/full_mb-atmospheric_dust_cls_rdr_siglip2_lr1e-05_original.pth
========================================

