
============================================================
📄 Log File: ./logs/full_records/mb-atmospheric_dust_cls_rdr_dinov3_sat_1cha_lr1e-05_concat_2.log
⏰ Time: 2026-04-01 23:06:03
============================================================

🚀 Training dinov3_sat_1cha on mb-atmospheric_dust_cls_rdr | Mode: FULL | LR: 1e-05
   📂 [TRAIN] Loading 1 shards...
   ✅ Loaded 9817 samples.
   📂 [TEST] Loading 1 shards...
   ✅ Loaded 5214 samples.
   ⚙️  Config: Workers=8, BS=32, SmallData=False

>>> Loading Model: dinov3_sat_1cha (dinov3_hub)
   🔍 Auditing weights for [dinov3_sat_1cha]...
   ✅ [PERFECT MATCH] 368/368 layers loaded (100.0%)

   🔍 [Structure Check] dinov3_sat_1cha Output Analysis:
      Type: Tuple (len=2)
      Item 0: Shape (1, 1024)
      Item 1: Shape (1, 256, 1024)
      ✅ Identified: CLS=True, Patch=True
      👉 Final Strategy: concat_2 | Input Dim: 2048
   🔥 Mode: Full Fine-tuning (Backbone Unfrozen)
   🚀 Compiling model with torch.compile...
   ⚡ AMP Precision: torch.bfloat16
   🔄 Training Start... (Epochs: 50, Patience: 7)
   📅 Epoch 1 | Loss: 0.4875 | Val Accuracy: 97.35%
      ⭐ New Best! Saved.
   📅 Epoch 2 | Loss: 0.2014 | Val Accuracy: 97.51%
      ⭐ New Best! Saved.
   📅 Epoch 3 | Loss: 0.1054 | Val Accuracy: 97.12%
   📅 Epoch 4 | Loss: 0.0794 | Val Accuracy: 97.08%
   📅 Epoch 5 | Loss: 0.0658 | Val Accuracy: 96.97%
   📅 Epoch 6 | Loss: 0.0600 | Val Accuracy: 96.74%
   📅 Epoch 7 | Loss: 0.0547 | Val Accuracy: 96.95%
   📅 Epoch 8 | Loss: 0.0530 | Val Accuracy: 96.39%
   📅 Epoch 9 | Loss: 0.0519 | Val Accuracy: 95.82%

   🛑 Early Stopping triggered after 7 epochs.

========================================
🏆 Best Val Accuracy: 97.51%
💾 Best Checkpoint: ./checkpoints/full_mb-atmospheric_dust_cls_rdr_dinov3_sat_1cha_lr1e-05_concat_2.pth
========================================

