
============================================================
📄 Log File: ./logs/full_records/mb-atmospheric_dust_cls_rdr_dinov3_lvd_1cha_lr0.0001_concat_3.log
⏰ Time: 2026-04-01 23:40:30
============================================================

🚀 Training dinov3_lvd_1cha on mb-atmospheric_dust_cls_rdr | Mode: FULL | LR: 0.0001
   📂 [TRAIN] Loading 1 shards...
   ✅ Loaded 9817 samples.
   📂 [TEST] Loading 1 shards...
   ✅ Loaded 5214 samples.
   ⚙️  Config: Workers=8, BS=32, SmallData=False

>>> Loading Model: dinov3_lvd_1cha (dinov3_hub)
   🔍 Auditing weights for [dinov3_lvd_1cha]...
   ✅ [PERFECT MATCH] 368/368 layers loaded (100.0%)

   🔍 [Structure Check] dinov3_lvd_1cha Output Analysis:
      Type: Tuple (len=2)
      Item 0: Shape (1, 1024)
      Item 1: Shape (1, 256, 1024)
      ✅ Identified: CLS=True, Patch=True
      👉 Final Strategy: concat_3 | Input Dim: 3072
   🔥 Mode: Full Fine-tuning (Backbone Unfrozen)
   🚀 Compiling model with torch.compile...
   ⚡ AMP Precision: torch.bfloat16
   🔄 Training Start... (Epochs: 50, Patience: 7)
   📅 Epoch 1 | Loss: 0.1173 | Val Accuracy: 96.99%
      ⭐ New Best! Saved.
   📅 Epoch 2 | Loss: 0.0583 | Val Accuracy: 97.79%
      ⭐ New Best! Saved.
   📅 Epoch 3 | Loss: 0.0606 | Val Accuracy: 97.51%
   📅 Epoch 4 | Loss: 0.0467 | Val Accuracy: 96.82%
   📅 Epoch 5 | Loss: 0.0516 | Val Accuracy: 97.87%
      ⭐ New Best! Saved.
   📅 Epoch 6 | Loss: 0.0486 | Val Accuracy: 97.31%
   📅 Epoch 7 | Loss: 0.0411 | Val Accuracy: 95.88%
   📅 Epoch 8 | Loss: 0.0395 | Val Accuracy: 94.05%
   📅 Epoch 9 | Loss: 0.0354 | Val Accuracy: 95.97%
   📅 Epoch 10 | Loss: 0.0344 | Val Accuracy: 96.64%
   📅 Epoch 11 | Loss: 0.0320 | Val Accuracy: 96.05%
   📅 Epoch 12 | Loss: 0.0355 | Val Accuracy: 96.28%

   🛑 Early Stopping triggered after 7 epochs.

========================================
🏆 Best Val Accuracy: 97.87%
💾 Best Checkpoint: ./checkpoints/full_mb-atmospheric_dust_cls_rdr_dinov3_lvd_1cha_lr0.0001_concat_3.pth
========================================

