
============================================================
📄 Log File: ./logs/full_records/mb-atmospheric_dust_cls_rdr_siglip2_lr0.0001_original.log
⏰ Time: 2026-02-28 11:44:35
============================================================

🚀 Training siglip2 on mb-atmospheric_dust_cls_rdr | Mode: FULL | LR: 0.0001
   📂 [TRAIN] Loading 1 shards...
   ✅ Loaded 9817 samples.
   📂 [TEST] Loading 1 shards...
   ✅ Loaded 5214 samples.
   ⚙️  Config: Workers=8, BS=32, SmallData=False

>>> Loading Model: siglip2 (transformers)

   🔍 [Structure Check] siglip2 Output Analysis:
      Type: Tuple (len=2)
      Item 0: Shape (1, 1024)
      Item 1: Shape (1, 256, 1024)
      ✅ Identified: CLS=True, Patch=True
      👉 Final Strategy: CLS_only | Input Dim: 1024
   🔥 Mode: Full Fine-tuning (Backbone Unfrozen)
   🚀 Compiling model with torch.compile...
   ⚡ AMP Precision: torch.bfloat16
   🔄 Training Start... (Epochs: 50, Patience: 7)
   📅 Epoch 1 | Loss: 0.1550 | Val Accuracy: 95.67%
      ⭐ New Best! Saved.
   📅 Epoch 2 | Loss: 0.1216 | Val Accuracy: 94.92%
   📅 Epoch 3 | Loss: 0.1160 | Val Accuracy: 95.91%
      ⭐ New Best! Saved.
   📅 Epoch 4 | Loss: 0.0939 | Val Accuracy: 96.11%
      ⭐ New Best! Saved.
   📅 Epoch 5 | Loss: 0.0810 | Val Accuracy: 96.11%
   📅 Epoch 6 | Loss: 0.0872 | Val Accuracy: 94.76%
   📅 Epoch 7 | Loss: 0.0846 | Val Accuracy: 95.61%
   📅 Epoch 8 | Loss: 0.0878 | Val Accuracy: 96.53%
      ⭐ New Best! Saved.
   📅 Epoch 9 | Loss: 0.0810 | Val Accuracy: 95.59%
   📅 Epoch 10 | Loss: 0.0775 | Val Accuracy: 95.99%
   📅 Epoch 11 | Loss: 0.0848 | Val Accuracy: 96.32%
   📅 Epoch 12 | Loss: 0.0819 | Val Accuracy: 95.65%
   📅 Epoch 13 | Loss: 0.0728 | Val Accuracy: 95.95%
   📅 Epoch 14 | Loss: 0.0709 | Val Accuracy: 95.76%
   📅 Epoch 15 | Loss: 0.0761 | Val Accuracy: 96.74%
      ⭐ New Best! Saved.
   📅 Epoch 16 | Loss: 0.0720 | Val Accuracy: 95.34%
   📅 Epoch 17 | Loss: 0.0748 | Val Accuracy: 95.74%
   📅 Epoch 18 | Loss: 0.0630 | Val Accuracy: 96.13%
   📅 Epoch 19 | Loss: 0.0670 | Val Accuracy: 96.01%
   📅 Epoch 20 | Loss: 0.0609 | Val Accuracy: 96.49%
   📅 Epoch 21 | Loss: 0.0700 | Val Accuracy: 96.45%
   📅 Epoch 22 | Loss: 0.0629 | Val Accuracy: 96.68%

   🛑 Early Stopping triggered after 7 epochs.

========================================
🏆 Best Val Accuracy: 96.74%
💾 Best Checkpoint: ./checkpoints/full_mb-atmospheric_dust_cls_rdr_siglip2_lr0.0001_original.pth
========================================

