
============================================================
📄 Log File: ./logs/full_records/mb-atmospheric_dust_cls_rdr_dinov3_sat_1cha_lr0.0001_concat_3.log
⏰ Time: 2026-04-01 22:24:39
============================================================

🚀 Training dinov3_sat_1cha on mb-atmospheric_dust_cls_rdr | Mode: FULL | LR: 0.0001
   📂 [TRAIN] Loading 1 shards...
   ✅ Loaded 9817 samples.
   📂 [TEST] Loading 1 shards...
   ✅ Loaded 5214 samples.
   ⚙️  Config: Workers=8, BS=32, SmallData=False

>>> Loading Model: dinov3_sat_1cha (dinov3_hub)
   🔍 Auditing weights for [dinov3_sat_1cha]...
   ✅ [PERFECT MATCH] 368/368 layers loaded (100.0%)

   🔍 [Structure Check] dinov3_sat_1cha Output Analysis:
      Type: Tuple (len=2)
      Item 0: Shape (1, 1024)
      Item 1: Shape (1, 256, 1024)
      ✅ Identified: CLS=True, Patch=True
      👉 Final Strategy: concat_3 | Input Dim: 3072
   🔥 Mode: Full Fine-tuning (Backbone Unfrozen)
   🚀 Compiling model with torch.compile...
   ⚡ AMP Precision: torch.bfloat16
   🔄 Training Start... (Epochs: 50, Patience: 7)
   📅 Epoch 1 | Loss: 0.1372 | Val Accuracy: 95.99%
      ⭐ New Best! Saved.
   📅 Epoch 2 | Loss: 0.0586 | Val Accuracy: 95.61%
   📅 Epoch 3 | Loss: 0.0483 | Val Accuracy: 96.47%
      ⭐ New Best! Saved.
   📅 Epoch 4 | Loss: 0.0463 | Val Accuracy: 96.38%
   📅 Epoch 5 | Loss: 0.0455 | Val Accuracy: 96.87%
      ⭐ New Best! Saved.
   📅 Epoch 6 | Loss: 0.0440 | Val Accuracy: 96.05%
   📅 Epoch 7 | Loss: 0.0386 | Val Accuracy: 95.97%
   📅 Epoch 8 | Loss: 0.0376 | Val Accuracy: 96.59%
   📅 Epoch 9 | Loss: 0.0348 | Val Accuracy: 95.15%
   📅 Epoch 10 | Loss: 0.0324 | Val Accuracy: 94.59%
   📅 Epoch 11 | Loss: 0.0300 | Val Accuracy: 96.32%
   📅 Epoch 12 | Loss: 0.0289 | Val Accuracy: 96.36%

   🛑 Early Stopping triggered after 7 epochs.

========================================
🏆 Best Val Accuracy: 96.87%
💾 Best Checkpoint: ./checkpoints/full_mb-atmospheric_dust_cls_rdr_dinov3_sat_1cha_lr0.0001_concat_3.pth
========================================

