
============================================================
📄 Log File: ./logs/full_records/mb-atmospheric_dust_cls_rdr_siglip2_lr1e-05_concat_2.log
⏰ Time: 2026-02-28 08:47:42
============================================================

🚀 Training siglip2 on mb-atmospheric_dust_cls_rdr | Mode: FULL | LR: 1e-05
   📂 [TRAIN] Loading 1 shards...
   ✅ Loaded 9817 samples.
   📂 [TEST] Loading 1 shards...
   ✅ Loaded 5214 samples.
   ⚙️  Config: Workers=8, BS=32, SmallData=False

>>> Loading Model: siglip2 (transformers)

   🔍 [Structure Check] siglip2 Output Analysis:
      Type: Tuple (len=2)
      Item 0: Shape (1, 1024)
      Item 1: Shape (1, 256, 1024)
      ✅ Identified: CLS=True, Patch=True
      👉 Final Strategy: concat_2 | Input Dim: 2048
   🔥 Mode: Full Fine-tuning (Backbone Unfrozen)
   🚀 Compiling model with torch.compile...
   ⚡ AMP Precision: torch.bfloat16
   🔄 Training Start... (Epochs: 50, Patience: 7)
   📅 Epoch 1 | Loss: 0.1562 | Val Accuracy: 95.17%
      ⭐ New Best! Saved.
   📅 Epoch 2 | Loss: 0.0777 | Val Accuracy: 95.28%
      ⭐ New Best! Saved.
   📅 Epoch 3 | Loss: 0.0722 | Val Accuracy: 95.45%
      ⭐ New Best! Saved.
   📅 Epoch 4 | Loss: 0.0741 | Val Accuracy: 95.55%
      ⭐ New Best! Saved.
   📅 Epoch 5 | Loss: 0.0627 | Val Accuracy: 95.55%
   📅 Epoch 6 | Loss: 0.0609 | Val Accuracy: 95.53%
   📅 Epoch 7 | Loss: 0.0606 | Val Accuracy: 95.30%
   📅 Epoch 8 | Loss: 0.0569 | Val Accuracy: 95.63%
      ⭐ New Best! Saved.
   📅 Epoch 9 | Loss: 0.0495 | Val Accuracy: 94.99%
   📅 Epoch 10 | Loss: 0.0547 | Val Accuracy: 94.59%
   📅 Epoch 11 | Loss: 0.0468 | Val Accuracy: 93.42%
   📅 Epoch 12 | Loss: 0.0522 | Val Accuracy: 95.76%
      ⭐ New Best! Saved.
   📅 Epoch 13 | Loss: 0.0476 | Val Accuracy: 95.57%
   📅 Epoch 14 | Loss: 0.0501 | Val Accuracy: 95.51%
   📅 Epoch 15 | Loss: 0.0447 | Val Accuracy: 95.76%
   📅 Epoch 16 | Loss: 0.0434 | Val Accuracy: 95.84%
      ⭐ New Best! Saved.
   📅 Epoch 17 | Loss: 0.0440 | Val Accuracy: 95.74%
   📅 Epoch 18 | Loss: 0.0437 | Val Accuracy: 96.70%
      ⭐ New Best! Saved.
   📅 Epoch 19 | Loss: 0.0457 | Val Accuracy: 95.63%
   📅 Epoch 20 | Loss: 0.0383 | Val Accuracy: 95.97%
   📅 Epoch 21 | Loss: 0.0394 | Val Accuracy: 96.07%
   📅 Epoch 22 | Loss: 0.0443 | Val Accuracy: 95.17%
   📅 Epoch 23 | Loss: 0.0391 | Val Accuracy: 95.34%
   📅 Epoch 24 | Loss: 0.0393 | Val Accuracy: 93.90%
   📅 Epoch 25 | Loss: 0.0406 | Val Accuracy: 95.63%

   🛑 Early Stopping triggered after 7 epochs.

========================================
🏆 Best Val Accuracy: 96.70%
💾 Best Checkpoint: ./checkpoints/full_mb-atmospheric_dust_cls_rdr_siglip2_lr1e-05_concat_2.pth
========================================

