
============================================================
📄 Log File: ./logs/full_records/mb-atmospheric_dust_cls_rdr_dinov1_b8_lr0.0001_concat_2.log
⏰ Time: 2026-02-28 02:36:07
============================================================

🚀 Training dinov1_b8 on mb-atmospheric_dust_cls_rdr | Mode: FULL | LR: 0.0001
   📂 [TRAIN] Loading 1 shards...
   ✅ Loaded 9817 samples.
   📂 [TEST] Loading 1 shards...
   ✅ Loaded 5214 samples.
   ⚙️  Config: Workers=8, BS=32, SmallData=False

>>> Loading Model: dinov1_b8 (dinov1)

   🔍 [Structure Check] dinov1_b8 Output Analysis:
      Type: Tuple (len=2)
      Item 0: Shape (1, 768)
      Item 1: Shape (1, 784, 768)
      ✅ Identified: CLS=True, Patch=True
      👉 Final Strategy: concat_2 | Input Dim: 1536
   🔥 Mode: Full Fine-tuning (Backbone Unfrozen)
   🚀 Compiling model with torch.compile...
   ⚡ AMP Precision: torch.bfloat16
   🔄 Training Start... (Epochs: 50, Patience: 7)
   📅 Epoch 1 | Loss: 0.1047 | Val Accuracy: 95.28%
      ⭐ New Best! Saved.
   📅 Epoch 2 | Loss: 0.0738 | Val Accuracy: 95.44%
      ⭐ New Best! Saved.
   📅 Epoch 3 | Loss: 0.0657 | Val Accuracy: 96.39%
      ⭐ New Best! Saved.
   📅 Epoch 4 | Loss: 0.0613 | Val Accuracy: 96.20%
   📅 Epoch 5 | Loss: 0.0604 | Val Accuracy: 97.45%
      ⭐ New Best! Saved.
   📅 Epoch 6 | Loss: 0.0587 | Val Accuracy: 95.34%
   📅 Epoch 7 | Loss: 0.0540 | Val Accuracy: 96.32%
   📅 Epoch 8 | Loss: 0.0550 | Val Accuracy: 96.97%
   📅 Epoch 9 | Loss: 0.0536 | Val Accuracy: 97.05%
   📅 Epoch 10 | Loss: 0.0434 | Val Accuracy: 95.93%
   📅 Epoch 11 | Loss: 0.0455 | Val Accuracy: 95.24%
   📅 Epoch 12 | Loss: 0.0477 | Val Accuracy: 96.70%

   🛑 Early Stopping triggered after 7 epochs.

========================================
🏆 Best Val Accuracy: 97.45%
💾 Best Checkpoint: ./checkpoints/full_mb-atmospheric_dust_cls_rdr_dinov1_b8_lr0.0001_concat_2.pth
========================================

