
============================================================
📄 Log File: ./logs/full_records/mb-atmospheric_dust_cls_rdr_dinov3_lvd_lr0.0001_concat_3.log
⏰ Time: 2026-02-27 23:28:53
============================================================

🚀 Training dinov3_lvd on mb-atmospheric_dust_cls_rdr | Mode: FULL | LR: 0.0001
   📂 [TRAIN] Loading 1 shards...
   ✅ Loaded 9817 samples.
   📂 [TEST] Loading 1 shards...
   ✅ Loaded 5214 samples.
   ⚙️  Config: Workers=8, BS=32, SmallData=False

>>> Loading Model: dinov3_lvd (dinov3_hub)
   🔍 Auditing weights for [dinov3_lvd]...
   ✅ [PERFECT MATCH] 368/368 layers loaded (100.0%)

   🔍 [Structure Check] dinov3_lvd Output Analysis:
      Type: Tuple (len=2)
      Item 0: Shape (1, 1024)
      Item 1: Shape (1, 256, 1024)
      ✅ Identified: CLS=True, Patch=True
      👉 Final Strategy: concat_3 | Input Dim: 3072
   🔥 Mode: Full Fine-tuning (Backbone Unfrozen)
   🚀 Compiling model with torch.compile...
   ⚡ AMP Precision: torch.bfloat16
   🔄 Training Start... (Epochs: 50, Patience: 7)
   📅 Epoch 1 | Loss: 0.1237 | Val Accuracy: 95.84%
      ⭐ New Best! Saved.
   📅 Epoch 2 | Loss: 0.0679 | Val Accuracy: 96.95%
      ⭐ New Best! Saved.
   📅 Epoch 3 | Loss: 0.0533 | Val Accuracy: 96.55%
   📅 Epoch 4 | Loss: 0.0500 | Val Accuracy: 96.55%
   📅 Epoch 5 | Loss: 0.0471 | Val Accuracy: 95.84%
   📅 Epoch 6 | Loss: 0.0436 | Val Accuracy: 96.38%
   📅 Epoch 7 | Loss: 0.0404 | Val Accuracy: 95.67%
   📅 Epoch 8 | Loss: 0.0405 | Val Accuracy: 93.52%
   📅 Epoch 9 | Loss: 0.0443 | Val Accuracy: 97.30%
      ⭐ New Best! Saved.
   📅 Epoch 10 | Loss: 0.0373 | Val Accuracy: 96.72%
   📅 Epoch 11 | Loss: 0.0333 | Val Accuracy: 95.70%
   📅 Epoch 12 | Loss: 0.0343 | Val Accuracy: 96.34%
   📅 Epoch 13 | Loss: 0.0375 | Val Accuracy: 96.26%
   📅 Epoch 14 | Loss: 0.0343 | Val Accuracy: 95.97%
   📅 Epoch 15 | Loss: 0.0289 | Val Accuracy: 96.28%
   📅 Epoch 16 | Loss: 0.0324 | Val Accuracy: 96.38%

   🛑 Early Stopping triggered after 7 epochs.

========================================
🏆 Best Val Accuracy: 97.30%
💾 Best Checkpoint: ./checkpoints/full_mb-atmospheric_dust_cls_rdr_dinov3_lvd_lr0.0001_concat_3.pth
========================================

