
============================================================
📄 Log File: ./logs/full_records/mb-atmospheric_dust_cls_rdr_scale_mae_lr0.001_concat_2.log
⏰ Time: 2026-02-28 07:07:04
============================================================

🚀 Training scale_mae on mb-atmospheric_dust_cls_rdr | Mode: FULL | LR: 0.001
   📂 [TRAIN] Loading 1 shards...
   ✅ Loaded 9817 samples.
   📂 [TEST] Loading 1 shards...
   ✅ Loaded 5214 samples.
   ⚙️  Config: Workers=8, BS=32, SmallData=False

>>> Loading Model: scale_mae (scalemae)
   🔍 Auditing weights for [scale_mae]...
   ⚠️ [PARTIAL MATCH] 344/435 layers loaded (79.1%)

   🔍 [Structure Check] scale_mae Output Analysis:
      Type: Tuple (len=2)
      Item 0: Shape (1, 1024)
      Item 1: Shape (1, 196, 1024)
      ✅ Identified: CLS=True, Patch=True
      👉 Final Strategy: concat_2 | Input Dim: 2048
      📏 ScaleMAE GSD: 0.3 m/px
   🔥 Mode: Full Fine-tuning (Backbone Unfrozen)
   🚀 Compiling model with torch.compile...
   ⚡ AMP Precision: torch.bfloat16
   🔄 Training Start... (Epochs: 50, Patience: 7)
   📅 Epoch 1 | Loss: 0.6146 | Val Accuracy: 75.64%
      ⭐ New Best! Saved.
   📅 Epoch 2 | Loss: 0.5309 | Val Accuracy: 79.48%
      ⭐ New Best! Saved.
   📅 Epoch 3 | Loss: 0.6013 | Val Accuracy: 56.10%
   📅 Epoch 4 | Loss: 0.6245 | Val Accuracy: 73.88%
   📅 Epoch 5 | Loss: 0.5803 | Val Accuracy: 75.20%
   📅 Epoch 6 | Loss: 0.5485 | Val Accuracy: 73.82%
   📅 Epoch 7 | Loss: 0.5497 | Val Accuracy: 73.28%
   📅 Epoch 8 | Loss: 0.5430 | Val Accuracy: 74.45%
   📅 Epoch 9 | Loss: 0.5384 | Val Accuracy: 74.20%

   🛑 Early Stopping triggered after 7 epochs.

========================================
🏆 Best Val Accuracy: 79.48%
💾 Best Checkpoint: ./checkpoints/full_mb-atmospheric_dust_cls_rdr_scale_mae_lr0.001_concat_2.pth
========================================

