
============================================================
📄 Log File: ./logs/full_records/mb-atmospheric_dust_cls_rdr_dinov1_b8_lr0.0001_concat_3.log
⏰ Time: 2026-02-28 02:34:58
============================================================

🚀 Training dinov1_b8 on mb-atmospheric_dust_cls_rdr | Mode: FULL | LR: 0.0001
   📂 [TRAIN] Loading 1 shards...
   ✅ Loaded 9817 samples.
   📂 [TEST] Loading 1 shards...
   ✅ Loaded 5214 samples.
   ⚙️  Config: Workers=8, BS=32, SmallData=False

>>> Loading Model: dinov1_b8 (dinov1)

   🔍 [Structure Check] dinov1_b8 Output Analysis:
      Type: Tuple (len=2)
      Item 0: Shape (1, 768)
      Item 1: Shape (1, 784, 768)
      ✅ Identified: CLS=True, Patch=True
      👉 Final Strategy: concat_3 | Input Dim: 2304
   🔥 Mode: Full Fine-tuning (Backbone Unfrozen)
   🚀 Compiling model with torch.compile...
   ⚡ AMP Precision: torch.bfloat16
   🔄 Training Start... (Epochs: 50, Patience: 7)
   📅 Epoch 1 | Loss: 0.1033 | Val Accuracy: 93.36%
      ⭐ New Best! Saved.
   📅 Epoch 2 | Loss: 0.0763 | Val Accuracy: 96.49%
      ⭐ New Best! Saved.
   📅 Epoch 3 | Loss: 0.0751 | Val Accuracy: 96.18%
   📅 Epoch 4 | Loss: 0.0623 | Val Accuracy: 96.11%
   📅 Epoch 5 | Loss: 0.0625 | Val Accuracy: 96.39%
   📅 Epoch 6 | Loss: 0.0537 | Val Accuracy: 95.53%
   📅 Epoch 7 | Loss: 0.0588 | Val Accuracy: 95.44%
   📅 Epoch 8 | Loss: 0.0571 | Val Accuracy: 96.22%
   📅 Epoch 9 | Loss: 0.0532 | Val Accuracy: 96.93%
      ⭐ New Best! Saved.
   📅 Epoch 10 | Loss: 0.0630 | Val Accuracy: 96.45%
   📅 Epoch 11 | Loss: 0.0574 | Val Accuracy: 94.86%
   📅 Epoch 12 | Loss: 0.0523 | Val Accuracy: 95.26%
   📅 Epoch 13 | Loss: 0.0516 | Val Accuracy: 96.36%
   📅 Epoch 14 | Loss: 0.0456 | Val Accuracy: 96.45%
   📅 Epoch 15 | Loss: 0.0497 | Val Accuracy: 94.57%
   📅 Epoch 16 | Loss: 0.0556 | Val Accuracy: 95.86%

   🛑 Early Stopping triggered after 7 epochs.

========================================
🏆 Best Val Accuracy: 96.93%
💾 Best Checkpoint: ./checkpoints/full_mb-atmospheric_dust_cls_rdr_dinov1_b8_lr0.0001_concat_3.pth
========================================

