
============================================================
📄 Log File: ./logs/full_records/mb-change_cls_ctx_siglip2_lr1e-05_original.log
⏰ Time: 2026-02-28 13:29:15
============================================================

🚀 Training siglip2 on mb-change_cls_ctx | Mode: FULL | LR: 1e-05
   📂 [TRAIN] Loading 1 shards...
   ✅ Loaded 72 samples.
   📂 [TEST] Loading 1 shards...
   ✅ Loaded 20 samples.
   ⚙️  Config: Workers=0, BS=32, SmallData=True

>>> Loading Model: siglip2 (transformers)

   🔍 [Structure Check] siglip2 Output Analysis:
      Type: Tuple (len=2)
      Item 0: Shape (1, 1024)
      Item 1: Shape (1, 256, 1024)
      ✅ Identified: CLS=True, Patch=True
      👉 Final Strategy: CLS_only | Input Dim: 1024
   🔥 Mode: Full Fine-tuning (Backbone Unfrozen)
   ⚠️ Skipping torch.compile (Small dataset or Windows detected).
   ⚡ AMP Precision: torch.bfloat16
   🔄 Training Start... (Epochs: 50, Patience: 7)
   📅 Epoch 1 | Loss: 0.6870 | Val Accuracy: 40.00%
      ⭐ New Best! Saved.
   📅 Epoch 2 | Loss: 0.6327 | Val Accuracy: 75.00%
      ⭐ New Best! Saved.
   📅 Epoch 3 | Loss: 0.5703 | Val Accuracy: 75.00%
   📅 Epoch 4 | Loss: 0.5099 | Val Accuracy: 80.00%
      ⭐ New Best! Saved.
   📅 Epoch 5 | Loss: 0.4858 | Val Accuracy: 80.00%
   📅 Epoch 6 | Loss: 0.4531 | Val Accuracy: 80.00%
   📅 Epoch 7 | Loss: 0.4341 | Val Accuracy: 80.00%
   📅 Epoch 8 | Loss: 0.3968 | Val Accuracy: 80.00%
   📅 Epoch 9 | Loss: 0.3857 | Val Accuracy: 80.00%
   📅 Epoch 10 | Loss: 0.3653 | Val Accuracy: 80.00%
   📅 Epoch 11 | Loss: 0.3714 | Val Accuracy: 80.00%

   🛑 Early Stopping triggered after 7 epochs.

========================================
🏆 Best Val Accuracy: 80.00%
💾 Best Checkpoint: ./checkpoints/full_mb-change_cls_ctx_siglip2_lr1e-05_original.pth
========================================

