
============================================================
📄 Log File: ./logs/full_records/mb-change_cls_ctx_dinov3_lvd_lr1e-05_concat_3.log
⏰ Time: 2026-02-28 10:37:17
============================================================

🚀 Training dinov3_lvd on mb-change_cls_ctx | Mode: FULL | LR: 1e-05
   📂 [TRAIN] Loading 1 shards...
   ✅ Loaded 72 samples.
   📂 [TEST] Loading 1 shards...
   ✅ Loaded 20 samples.
   ⚙️  Config: Workers=0, BS=32, SmallData=True

>>> Loading Model: dinov3_lvd (dinov3_hub)
   🔍 Auditing weights for [dinov3_lvd]...
   ✅ [PERFECT MATCH] 368/368 layers loaded (100.0%)

   🔍 [Structure Check] dinov3_lvd Output Analysis:
      Type: Tuple (len=2)
      Item 0: Shape (1, 1024)
      Item 1: Shape (1, 256, 1024)
      ✅ Identified: CLS=True, Patch=True
      👉 Final Strategy: concat_3 | Input Dim: 3072
   🔥 Mode: Full Fine-tuning (Backbone Unfrozen)
   ⚠️ Skipping torch.compile (Small dataset or Windows detected).
   ⚡ AMP Precision: torch.bfloat16
   🔄 Training Start... (Epochs: 50, Patience: 7)
   📅 Epoch 1 | Loss: 0.7516 | Val Accuracy: 25.00%
      ⭐ New Best! Saved.
   📅 Epoch 2 | Loss: 0.7261 | Val Accuracy: 30.00%
      ⭐ New Best! Saved.
   📅 Epoch 3 | Loss: 0.7078 | Val Accuracy: 35.00%
      ⭐ New Best! Saved.
   📅 Epoch 4 | Loss: 0.6993 | Val Accuracy: 40.00%
      ⭐ New Best! Saved.
   📅 Epoch 5 | Loss: 0.6859 | Val Accuracy: 60.00%
      ⭐ New Best! Saved.
   📅 Epoch 6 | Loss: 0.6830 | Val Accuracy: 65.00%
      ⭐ New Best! Saved.
   📅 Epoch 7 | Loss: 0.6524 | Val Accuracy: 70.00%
      ⭐ New Best! Saved.
   📅 Epoch 8 | Loss: 0.6472 | Val Accuracy: 75.00%
      ⭐ New Best! Saved.
   📅 Epoch 9 | Loss: 0.6443 | Val Accuracy: 75.00%
   📅 Epoch 10 | Loss: 0.6133 | Val Accuracy: 80.00%
      ⭐ New Best! Saved.
   📅 Epoch 11 | Loss: 0.6062 | Val Accuracy: 80.00%
   📅 Epoch 12 | Loss: 0.6089 | Val Accuracy: 80.00%
   📅 Epoch 13 | Loss: 0.5794 | Val Accuracy: 80.00%
   📅 Epoch 14 | Loss: 0.5604 | Val Accuracy: 80.00%
   📅 Epoch 15 | Loss: 0.5627 | Val Accuracy: 80.00%
   📅 Epoch 16 | Loss: 0.5380 | Val Accuracy: 80.00%
   📅 Epoch 17 | Loss: 0.5377 | Val Accuracy: 80.00%

   🛑 Early Stopping triggered after 7 epochs.

========================================
🏆 Best Val Accuracy: 80.00%
💾 Best Checkpoint: ./checkpoints/full_mb-change_cls_ctx_dinov3_lvd_lr1e-05_concat_3.pth
========================================

