
============================================================
📄 Log File: ./logs/full_records/mb-change_cls_hirise_satmae_lr0.001_concat_3.log
⏰ Time: 2026-02-28 14:14:23
============================================================

🚀 Training satmae on mb-change_cls_hirise | Mode: FULL | LR: 0.001
   📂 [TRAIN] Loading 1 shards...
   ✅ Loaded 6206 samples.
   📂 [TEST] Loading 1 shards...
   ✅ Loaded 1340 samples.
   ⚙️  Config: Workers=8, BS=32, SmallData=False

>>> Loading Model: satmae (timm_mae)
   ℹ️  Config: in_chans=3
   🔍 Auditing weights for [satmae]...
   ✅ [PERFECT MATCH] 294/294 layers loaded (100.0%)

   🔍 [Structure Check] satmae Output Analysis:
      Type: Tuple (len=2)
      Item 0: Shape (1, 1024)
      Item 1: Shape (1, 196, 1024)
      ✅ Identified: CLS=True, Patch=True
      👉 Final Strategy: concat_3 | Input Dim: 3072
   🔥 Mode: Full Fine-tuning (Backbone Unfrozen)
   🚀 Compiling model with torch.compile...
   ⚡ AMP Precision: torch.bfloat16
   🔄 Training Start... (Epochs: 50, Patience: 7)
   📅 Epoch 1 | Loss: 0.4036 | Val Accuracy: 91.94%
      ⭐ New Best! Saved.
   📅 Epoch 2 | Loss: 0.3022 | Val Accuracy: 91.94%
   📅 Epoch 3 | Loss: 0.2802 | Val Accuracy: 91.94%
   📅 Epoch 4 | Loss: 0.3043 | Val Accuracy: 91.94%
   📅 Epoch 5 | Loss: 0.3050 | Val Accuracy: 91.94%
   📅 Epoch 6 | Loss: 0.2823 | Val Accuracy: 91.94%
   📅 Epoch 7 | Loss: 0.2744 | Val Accuracy: 91.94%
   📅 Epoch 8 | Loss: 0.2761 | Val Accuracy: 91.94%

   🛑 Early Stopping triggered after 7 epochs.

========================================
🏆 Best Val Accuracy: 91.94%
💾 Best Checkpoint: ./checkpoints/full_mb-change_cls_hirise_satmae_lr0.001_concat_3.pth
========================================

