
============================================================
📄 Log File: ./logs/full_records/mb-change_cls_hirise_dinov2_l14_lr0.0001_concat_3.log
⏰ Time: 2026-02-28 12:30:54
============================================================

🚀 Training dinov2_l14 on mb-change_cls_hirise | Mode: FULL | LR: 0.0001
   📂 [TRAIN] Loading 1 shards...
   ✅ Loaded 6206 samples.
   📂 [TEST] Loading 1 shards...
   ✅ Loaded 1340 samples.
   ⚙️  Config: Workers=8, BS=32, SmallData=False

>>> Loading Model: dinov2_l14 (dinov2_hub)
   🔍 Auditing weights for [dinov2_l14]...
   ✅ [PERFECT MATCH] 343/343 layers loaded (100.0%)

   🔍 [Structure Check] dinov2_l14 Output Analysis:
      Type: Tuple (len=2)
      Item 0: Shape (1, 1024)
      Item 1: Shape (1, 256, 1024)
      ✅ Identified: CLS=True, Patch=True
      👉 Final Strategy: concat_3 | Input Dim: 3072
   🔥 Mode: Full Fine-tuning (Backbone Unfrozen)
   🚀 Compiling model with torch.compile...
   ⚡ AMP Precision: torch.bfloat16
   🔄 Training Start... (Epochs: 50, Patience: 7)
   📅 Epoch 1 | Loss: 0.2195 | Val Accuracy: 94.33%
      ⭐ New Best! Saved.
   📅 Epoch 2 | Loss: 0.1940 | Val Accuracy: 95.90%
      ⭐ New Best! Saved.
   📅 Epoch 3 | Loss: 0.1721 | Val Accuracy: 95.22%
   📅 Epoch 4 | Loss: 0.1681 | Val Accuracy: 94.55%
   📅 Epoch 5 | Loss: 0.1510 | Val Accuracy: 95.82%
   📅 Epoch 6 | Loss: 0.1496 | Val Accuracy: 95.75%
   📅 Epoch 7 | Loss: 0.1365 | Val Accuracy: 94.93%
   📅 Epoch 8 | Loss: 0.1311 | Val Accuracy: 96.72%
      ⭐ New Best! Saved.
   📅 Epoch 9 | Loss: 0.1434 | Val Accuracy: 95.67%
   📅 Epoch 10 | Loss: 0.1191 | Val Accuracy: 95.60%
   📅 Epoch 11 | Loss: 0.1198 | Val Accuracy: 96.64%
   📅 Epoch 12 | Loss: 0.1157 | Val Accuracy: 95.90%
   📅 Epoch 13 | Loss: 0.1249 | Val Accuracy: 96.12%
   📅 Epoch 14 | Loss: 0.1268 | Val Accuracy: 95.22%
   📅 Epoch 15 | Loss: 0.1320 | Val Accuracy: 96.64%

   🛑 Early Stopping triggered after 7 epochs.

========================================
🏆 Best Val Accuracy: 96.72%
💾 Best Checkpoint: ./checkpoints/full_mb-change_cls_hirise_dinov2_l14_lr0.0001_concat_3.pth
========================================

