
============================================================
📄 Log File: ./logs/full_records/mb-change_cls_hirise_dinov3_lvd_lr1e-05_original.log
⏰ Time: 2026-02-28 13:57:58
============================================================

🚀 Training dinov3_lvd on mb-change_cls_hirise | Mode: FULL | LR: 1e-05
   📂 [TRAIN] Loading 1 shards...
   ✅ Loaded 6206 samples.
   📂 [TEST] Loading 1 shards...
   ✅ Loaded 1340 samples.
   ⚙️  Config: Workers=8, BS=32, SmallData=False

>>> Loading Model: dinov3_lvd (dinov3_hub)
   🔍 Auditing weights for [dinov3_lvd]...
   ✅ [PERFECT MATCH] 368/368 layers loaded (100.0%)

   🔍 [Structure Check] dinov3_lvd Output Analysis:
      Type: Tuple (len=2)
      Item 0: Shape (1, 1024)
      Item 1: Shape (1, 256, 1024)
      ✅ Identified: CLS=True, Patch=True
      👉 Final Strategy: CLS_only | Input Dim: 1024
   🔥 Mode: Full Fine-tuning (Backbone Unfrozen)
   🚀 Compiling model with torch.compile...
   ⚡ AMP Precision: torch.bfloat16
   🔄 Training Start... (Epochs: 50, Patience: 7)
   📅 Epoch 1 | Loss: 0.3577 | Val Accuracy: 91.94%
      ⭐ New Best! Saved.
   📅 Epoch 2 | Loss: 0.2164 | Val Accuracy: 91.94%
   📅 Epoch 3 | Loss: 0.1806 | Val Accuracy: 93.58%
      ⭐ New Best! Saved.
   📅 Epoch 4 | Loss: 0.1516 | Val Accuracy: 95.75%
      ⭐ New Best! Saved.
   📅 Epoch 5 | Loss: 0.1366 | Val Accuracy: 95.97%
      ⭐ New Best! Saved.
   📅 Epoch 6 | Loss: 0.1355 | Val Accuracy: 96.79%
      ⭐ New Best! Saved.
   📅 Epoch 7 | Loss: 0.1244 | Val Accuracy: 96.79%
   📅 Epoch 8 | Loss: 0.1238 | Val Accuracy: 96.42%
   📅 Epoch 9 | Loss: 0.1145 | Val Accuracy: 96.94%
      ⭐ New Best! Saved.
   📅 Epoch 10 | Loss: 0.1201 | Val Accuracy: 97.31%
      ⭐ New Best! Saved.
   📅 Epoch 11 | Loss: 0.1171 | Val Accuracy: 97.61%
      ⭐ New Best! Saved.
   📅 Epoch 12 | Loss: 0.1107 | Val Accuracy: 97.16%
   📅 Epoch 13 | Loss: 0.1085 | Val Accuracy: 96.79%
   📅 Epoch 14 | Loss: 0.0958 | Val Accuracy: 97.61%
   📅 Epoch 15 | Loss: 0.1033 | Val Accuracy: 96.64%
   📅 Epoch 16 | Loss: 0.1046 | Val Accuracy: 97.46%
   📅 Epoch 17 | Loss: 0.1014 | Val Accuracy: 97.69%
      ⭐ New Best! Saved.
   📅 Epoch 18 | Loss: 0.1019 | Val Accuracy: 97.69%
   📅 Epoch 19 | Loss: 0.1067 | Val Accuracy: 97.76%
      ⭐ New Best! Saved.
   📅 Epoch 20 | Loss: 0.0991 | Val Accuracy: 97.99%
      ⭐ New Best! Saved.
   📅 Epoch 21 | Loss: 0.0994 | Val Accuracy: 98.21%
      ⭐ New Best! Saved.
   📅 Epoch 22 | Loss: 0.0902 | Val Accuracy: 98.13%
   📅 Epoch 23 | Loss: 0.0950 | Val Accuracy: 97.91%
   📅 Epoch 24 | Loss: 0.0943 | Val Accuracy: 98.06%
   📅 Epoch 25 | Loss: 0.1032 | Val Accuracy: 98.28%
      ⭐ New Best! Saved.
   📅 Epoch 26 | Loss: 0.1023 | Val Accuracy: 98.06%
   📅 Epoch 27 | Loss: 0.0960 | Val Accuracy: 98.13%
   📅 Epoch 28 | Loss: 0.0898 | Val Accuracy: 98.06%
   📅 Epoch 29 | Loss: 0.0995 | Val Accuracy: 97.69%
   📅 Epoch 30 | Loss: 0.0948 | Val Accuracy: 98.28%
   📅 Epoch 31 | Loss: 0.0920 | Val Accuracy: 98.06%
   📅 Epoch 32 | Loss: 0.0960 | Val Accuracy: 97.99%

   🛑 Early Stopping triggered after 7 epochs.

========================================
🏆 Best Val Accuracy: 98.28%
💾 Best Checkpoint: ./checkpoints/full_mb-change_cls_hirise_dinov3_lvd_lr1e-05_original.pth
========================================

