
============================================================
📄 Log File: ./logs/full_records/mb-change_cls_hirise_openclip_lr0.0001_concat_3.log
⏰ Time: 2026-02-28 14:48:36
============================================================

🚀 Training openclip on mb-change_cls_hirise | Mode: FULL | LR: 0.0001
   📂 [TRAIN] Loading 1 shards...
   ✅ Loaded 6206 samples.
   📂 [TEST] Loading 1 shards...
   ✅ Loaded 1340 samples.
   ⚙️  Config: Workers=8, BS=32, SmallData=False

>>> Loading Model: openclip (transformers_clip)

   🔍 [Structure Check] openclip Output Analysis:
      Type: Tuple (len=2)
      Item 0: Shape (1, 1024)
      Item 1: Shape (1, 256, 1024)
      ✅ Identified: CLS=True, Patch=True
      👉 Final Strategy: concat_3 | Input Dim: 3072
   🔥 Mode: Full Fine-tuning (Backbone Unfrozen)
   🚀 Compiling model with torch.compile...
   ⚡ AMP Precision: torch.bfloat16
   🔄 Training Start... (Epochs: 50, Patience: 7)
   📅 Epoch 1 | Loss: 0.2895 | Val Accuracy: 91.94%
      ⭐ New Best! Saved.
   📅 Epoch 2 | Loss: 0.2743 | Val Accuracy: 91.94%
   📅 Epoch 3 | Loss: 0.2637 | Val Accuracy: 91.94%
   📅 Epoch 4 | Loss: 0.2521 | Val Accuracy: 93.13%
      ⭐ New Best! Saved.
   📅 Epoch 5 | Loss: 0.2294 | Val Accuracy: 92.84%
   📅 Epoch 6 | Loss: 0.1817 | Val Accuracy: 95.15%
      ⭐ New Best! Saved.
   📅 Epoch 7 | Loss: 0.1865 | Val Accuracy: 90.30%
   📅 Epoch 8 | Loss: 0.1642 | Val Accuracy: 95.22%
      ⭐ New Best! Saved.
   📅 Epoch 9 | Loss: 0.1516 | Val Accuracy: 94.25%
   📅 Epoch 10 | Loss: 0.1599 | Val Accuracy: 94.33%
   📅 Epoch 11 | Loss: 0.1559 | Val Accuracy: 95.82%
      ⭐ New Best! Saved.
   📅 Epoch 12 | Loss: 0.1432 | Val Accuracy: 96.49%
      ⭐ New Best! Saved.
   📅 Epoch 13 | Loss: 0.1318 | Val Accuracy: 96.27%
   📅 Epoch 14 | Loss: 0.1470 | Val Accuracy: 95.52%
   📅 Epoch 15 | Loss: 0.1283 | Val Accuracy: 95.15%
   📅 Epoch 16 | Loss: 0.1433 | Val Accuracy: 96.64%
      ⭐ New Best! Saved.
   📅 Epoch 17 | Loss: 0.1284 | Val Accuracy: 96.34%
   📅 Epoch 18 | Loss: 0.1341 | Val Accuracy: 94.48%
   📅 Epoch 19 | Loss: 0.1307 | Val Accuracy: 96.42%
   📅 Epoch 20 | Loss: 0.1348 | Val Accuracy: 96.27%
   📅 Epoch 21 | Loss: 0.1191 | Val Accuracy: 96.49%
   📅 Epoch 22 | Loss: 0.1299 | Val Accuracy: 96.49%
   📅 Epoch 23 | Loss: 0.1221 | Val Accuracy: 96.19%

   🛑 Early Stopping triggered after 7 epochs.

========================================
🏆 Best Val Accuracy: 96.64%
💾 Best Checkpoint: ./checkpoints/full_mb-change_cls_hirise_openclip_lr0.0001_concat_3.pth
========================================

