
============================================================
📄 Log File: ./logs/full_records/mb-change_cls_hirise_scale_mae_lr0.0001_concat_2.log
⏰ Time: 2026-02-28 17:12:08
============================================================

🚀 Training scale_mae on mb-change_cls_hirise | Mode: FULL | LR: 0.0001
   📂 [TRAIN] Loading 1 shards...
   ✅ Loaded 6206 samples.
   📂 [TEST] Loading 1 shards...
   ✅ Loaded 1340 samples.
   ⚙️  Config: Workers=8, BS=32, SmallData=False

>>> Loading Model: scale_mae (scalemae)
   🔍 Auditing weights for [scale_mae]...
   ⚠️ [PARTIAL MATCH] 344/435 layers loaded (79.1%)

   🔍 [Structure Check] scale_mae Output Analysis:
      Type: Tuple (len=2)
      Item 0: Shape (1, 1024)
      Item 1: Shape (1, 196, 1024)
      ✅ Identified: CLS=True, Patch=True
      👉 Final Strategy: concat_2 | Input Dim: 2048
      📏 ScaleMAE GSD: 0.3 m/px
   🔥 Mode: Full Fine-tuning (Backbone Unfrozen)
   🚀 Compiling model with torch.compile...
   ⚡ AMP Precision: torch.bfloat16
   🔄 Training Start... (Epochs: 50, Patience: 7)
   📅 Epoch 1 | Loss: 0.2573 | Val Accuracy: 92.39%
      ⭐ New Best! Saved.
   📅 Epoch 2 | Loss: 0.2020 | Val Accuracy: 94.48%
      ⭐ New Best! Saved.
   📅 Epoch 3 | Loss: 0.1961 | Val Accuracy: 95.07%
      ⭐ New Best! Saved.
   📅 Epoch 4 | Loss: 0.1772 | Val Accuracy: 94.55%
   📅 Epoch 5 | Loss: 0.1716 | Val Accuracy: 93.96%
   📅 Epoch 6 | Loss: 0.1725 | Val Accuracy: 95.60%
      ⭐ New Best! Saved.
   📅 Epoch 7 | Loss: 0.1550 | Val Accuracy: 96.19%
      ⭐ New Best! Saved.
   📅 Epoch 8 | Loss: 0.1558 | Val Accuracy: 95.00%
   📅 Epoch 9 | Loss: 0.1420 | Val Accuracy: 95.90%
   📅 Epoch 10 | Loss: 0.1484 | Val Accuracy: 95.60%
   📅 Epoch 11 | Loss: 0.1429 | Val Accuracy: 95.30%
   📅 Epoch 12 | Loss: 0.1407 | Val Accuracy: 96.42%
      ⭐ New Best! Saved.
   📅 Epoch 13 | Loss: 0.1464 | Val Accuracy: 95.90%
   📅 Epoch 14 | Loss: 0.1439 | Val Accuracy: 96.72%
      ⭐ New Best! Saved.
   📅 Epoch 15 | Loss: 0.1373 | Val Accuracy: 96.04%
   📅 Epoch 16 | Loss: 0.1339 | Val Accuracy: 96.94%
      ⭐ New Best! Saved.
   📅 Epoch 17 | Loss: 0.1342 | Val Accuracy: 95.07%
   📅 Epoch 18 | Loss: 0.1361 | Val Accuracy: 96.12%
   📅 Epoch 19 | Loss: 0.1395 | Val Accuracy: 96.42%
   📅 Epoch 20 | Loss: 0.1250 | Val Accuracy: 96.19%
   📅 Epoch 21 | Loss: 0.1230 | Val Accuracy: 96.27%
   📅 Epoch 22 | Loss: 0.1315 | Val Accuracy: 96.49%
   📅 Epoch 23 | Loss: 0.1342 | Val Accuracy: 96.04%

   🛑 Early Stopping triggered after 7 epochs.

========================================
🏆 Best Val Accuracy: 96.94%
💾 Best Checkpoint: ./checkpoints/full_mb-change_cls_hirise_scale_mae_lr0.0001_concat_2.pth
========================================

