
============================================================
📄 Log File: ./logs/full_records/mb-change_cls_hirise_openclip_lr1e-05_concat_3.log
⏰ Time: 2026-02-28 15:08:46
============================================================

🚀 Training openclip on mb-change_cls_hirise | Mode: FULL | LR: 1e-05
   📂 [TRAIN] Loading 1 shards...
   ✅ Loaded 6206 samples.
   📂 [TEST] Loading 1 shards...
   ✅ Loaded 1340 samples.
   ⚙️  Config: Workers=8, BS=32, SmallData=False

>>> Loading Model: openclip (transformers_clip)

   🔍 [Structure Check] openclip Output Analysis:
      Type: Tuple (len=2)
      Item 0: Shape (1, 1024)
      Item 1: Shape (1, 256, 1024)
      ✅ Identified: CLS=True, Patch=True
      👉 Final Strategy: concat_3 | Input Dim: 3072
   🔥 Mode: Full Fine-tuning (Backbone Unfrozen)
   🚀 Compiling model with torch.compile...
   ⚡ AMP Precision: torch.bfloat16
   🔄 Training Start... (Epochs: 50, Patience: 7)
   📅 Epoch 1 | Loss: 0.6087 | Val Accuracy: 91.94%
      ⭐ New Best! Saved.
   📅 Epoch 2 | Loss: 0.1891 | Val Accuracy: 95.15%
      ⭐ New Best! Saved.
   📅 Epoch 3 | Loss: 0.1649 | Val Accuracy: 95.30%
      ⭐ New Best! Saved.
   📅 Epoch 4 | Loss: 0.1553 | Val Accuracy: 96.04%
      ⭐ New Best! Saved.
   📅 Epoch 5 | Loss: 0.1520 | Val Accuracy: 96.12%
      ⭐ New Best! Saved.
   📅 Epoch 6 | Loss: 0.1480 | Val Accuracy: 95.67%
   📅 Epoch 7 | Loss: 0.1374 | Val Accuracy: 95.75%
   📅 Epoch 8 | Loss: 0.1363 | Val Accuracy: 96.12%
   📅 Epoch 9 | Loss: 0.1314 | Val Accuracy: 95.82%
   📅 Epoch 10 | Loss: 0.1381 | Val Accuracy: 96.49%
      ⭐ New Best! Saved.
   📅 Epoch 11 | Loss: 0.1354 | Val Accuracy: 96.12%
   📅 Epoch 12 | Loss: 0.1246 | Val Accuracy: 95.07%
   📅 Epoch 13 | Loss: 0.1252 | Val Accuracy: 95.90%
   📅 Epoch 14 | Loss: 0.1200 | Val Accuracy: 96.64%
      ⭐ New Best! Saved.
   📅 Epoch 15 | Loss: 0.1257 | Val Accuracy: 96.42%
   📅 Epoch 16 | Loss: 0.1194 | Val Accuracy: 96.27%
   📅 Epoch 17 | Loss: 0.1145 | Val Accuracy: 96.49%
   📅 Epoch 18 | Loss: 0.1231 | Val Accuracy: 97.01%
      ⭐ New Best! Saved.
   📅 Epoch 19 | Loss: 0.1177 | Val Accuracy: 95.60%
   📅 Epoch 20 | Loss: 0.1103 | Val Accuracy: 96.94%
   📅 Epoch 21 | Loss: 0.1196 | Val Accuracy: 95.52%
   📅 Epoch 22 | Loss: 0.1038 | Val Accuracy: 96.57%
   📅 Epoch 23 | Loss: 0.1158 | Val Accuracy: 97.01%
   📅 Epoch 24 | Loss: 0.1101 | Val Accuracy: 96.94%
   📅 Epoch 25 | Loss: 0.1060 | Val Accuracy: 97.31%
      ⭐ New Best! Saved.
   📅 Epoch 26 | Loss: 0.1038 | Val Accuracy: 97.61%
      ⭐ New Best! Saved.
   📅 Epoch 27 | Loss: 0.1080 | Val Accuracy: 97.01%
   📅 Epoch 28 | Loss: 0.1067 | Val Accuracy: 97.16%
   📅 Epoch 29 | Loss: 0.1093 | Val Accuracy: 96.49%
   📅 Epoch 30 | Loss: 0.1103 | Val Accuracy: 97.09%
   📅 Epoch 31 | Loss: 0.1046 | Val Accuracy: 96.34%
   📅 Epoch 32 | Loss: 0.1092 | Val Accuracy: 97.16%
   📅 Epoch 33 | Loss: 0.1014 | Val Accuracy: 97.09%

   🛑 Early Stopping triggered after 7 epochs.

========================================
🏆 Best Val Accuracy: 97.61%
💾 Best Checkpoint: ./checkpoints/full_mb-change_cls_hirise_openclip_lr1e-05_concat_3.pth
========================================

