
============================================================
📄 Log File: ./logs/full_records/mb-change_cls_hirise_scale_mae_lr1e-05_concat_2.log
⏰ Time: 2026-02-28 17:27:16
============================================================

🚀 Training scale_mae on mb-change_cls_hirise | Mode: FULL | LR: 1e-05
   📂 [TRAIN] Loading 1 shards...
   ✅ Loaded 6206 samples.
   📂 [TEST] Loading 1 shards...
   ✅ Loaded 1340 samples.
   ⚙️  Config: Workers=8, BS=32, SmallData=False

>>> Loading Model: scale_mae (scalemae)
   🔍 Auditing weights for [scale_mae]...
   ⚠️ [PARTIAL MATCH] 344/435 layers loaded (79.1%)

   🔍 [Structure Check] scale_mae Output Analysis:
      Type: Tuple (len=2)
      Item 0: Shape (1, 1024)
      Item 1: Shape (1, 196, 1024)
      ✅ Identified: CLS=True, Patch=True
      👉 Final Strategy: concat_2 | Input Dim: 2048
      📏 ScaleMAE GSD: 0.3 m/px
   🔥 Mode: Full Fine-tuning (Backbone Unfrozen)
   🚀 Compiling model with torch.compile...
   ⚡ AMP Precision: torch.bfloat16
   🔄 Training Start... (Epochs: 50, Patience: 7)
   📅 Epoch 1 | Loss: 0.4215 | Val Accuracy: 91.94%
      ⭐ New Best! Saved.
   📅 Epoch 2 | Loss: 0.2725 | Val Accuracy: 91.94%
   📅 Epoch 3 | Loss: 0.2616 | Val Accuracy: 91.94%
   📅 Epoch 4 | Loss: 0.2541 | Val Accuracy: 91.94%
   📅 Epoch 5 | Loss: 0.2452 | Val Accuracy: 91.94%
   📅 Epoch 6 | Loss: 0.2285 | Val Accuracy: 91.94%
   📅 Epoch 7 | Loss: 0.2132 | Val Accuracy: 93.06%
      ⭐ New Best! Saved.
   📅 Epoch 8 | Loss: 0.1939 | Val Accuracy: 94.63%
      ⭐ New Best! Saved.
   📅 Epoch 9 | Loss: 0.1847 | Val Accuracy: 94.70%
      ⭐ New Best! Saved.
   📅 Epoch 10 | Loss: 0.1818 | Val Accuracy: 95.00%
      ⭐ New Best! Saved.
   📅 Epoch 11 | Loss: 0.1833 | Val Accuracy: 96.12%
      ⭐ New Best! Saved.
   📅 Epoch 12 | Loss: 0.1786 | Val Accuracy: 95.52%
   📅 Epoch 13 | Loss: 0.1658 | Val Accuracy: 95.75%
   📅 Epoch 14 | Loss: 0.1684 | Val Accuracy: 96.19%
      ⭐ New Best! Saved.
   📅 Epoch 15 | Loss: 0.1643 | Val Accuracy: 96.57%
      ⭐ New Best! Saved.
   📅 Epoch 16 | Loss: 0.1533 | Val Accuracy: 96.04%
   📅 Epoch 17 | Loss: 0.1591 | Val Accuracy: 95.67%
   📅 Epoch 18 | Loss: 0.1497 | Val Accuracy: 96.42%
   📅 Epoch 19 | Loss: 0.1534 | Val Accuracy: 95.22%
   📅 Epoch 20 | Loss: 0.1488 | Val Accuracy: 96.27%
   📅 Epoch 21 | Loss: 0.1549 | Val Accuracy: 95.82%
   📅 Epoch 22 | Loss: 0.1516 | Val Accuracy: 96.42%

   🛑 Early Stopping triggered after 7 epochs.

========================================
🏆 Best Val Accuracy: 96.57%
💾 Best Checkpoint: ./checkpoints/full_mb-change_cls_hirise_scale_mae_lr1e-05_concat_2.pth
========================================

