
============================================================
📄 Log File: ./logs/full_records/mb-change_cls_hirise_swin_v2_lr1e-05_concat_2.log
⏰ Time: 2026-02-28 16:18:47
============================================================

🚀 Training swin_v2 on mb-change_cls_hirise | Mode: FULL | LR: 1e-05
   📂 [TRAIN] Loading 1 shards...
   ✅ Loaded 6206 samples.
   📂 [TEST] Loading 1 shards...
   ✅ Loaded 1340 samples.
   ⚙️  Config: Workers=8, BS=32, SmallData=False

>>> Loading Model: swin_v2 (torchvision_swin)
   🔍 Auditing weights for [swin_v2]...
   ✅ [PERFECT MATCH] 449/449 layers loaded (100.0%)

   🔍 [Structure Check] swin_v2 Output Analysis:
      Type: Tuple (len=2)
      Item 0: Shape (1, 1024)
      Item 1: Shape (1, 64, 1024)
      ✅ Identified: CLS=True, Patch=True
      👉 Final Strategy: concat_2 | Input Dim: 2048
   🔥 Mode: Full Fine-tuning (Backbone Unfrozen)
   🚀 Compiling model with torch.compile...
   ⚡ AMP Precision: torch.bfloat16
   🔄 Training Start... (Epochs: 50, Patience: 7)
   📅 Epoch 1 | Loss: 0.4092 | Val Accuracy: 91.94%
      ⭐ New Best! Saved.
   📅 Epoch 2 | Loss: 0.2548 | Val Accuracy: 91.94%
   📅 Epoch 3 | Loss: 0.2313 | Val Accuracy: 91.94%
   📅 Epoch 4 | Loss: 0.2163 | Val Accuracy: 93.28%
      ⭐ New Best! Saved.
   📅 Epoch 5 | Loss: 0.2039 | Val Accuracy: 94.78%
      ⭐ New Best! Saved.
   📅 Epoch 6 | Loss: 0.1911 | Val Accuracy: 94.85%
      ⭐ New Best! Saved.
   📅 Epoch 7 | Loss: 0.1780 | Val Accuracy: 95.07%
      ⭐ New Best! Saved.
   📅 Epoch 8 | Loss: 0.1732 | Val Accuracy: 95.15%
      ⭐ New Best! Saved.
   📅 Epoch 9 | Loss: 0.1674 | Val Accuracy: 94.85%
   📅 Epoch 10 | Loss: 0.1638 | Val Accuracy: 94.63%
   📅 Epoch 11 | Loss: 0.1596 | Val Accuracy: 94.93%
   📅 Epoch 12 | Loss: 0.1566 | Val Accuracy: 94.85%
   📅 Epoch 13 | Loss: 0.1614 | Val Accuracy: 95.00%
   📅 Epoch 14 | Loss: 0.1525 | Val Accuracy: 95.30%
      ⭐ New Best! Saved.
   📅 Epoch 15 | Loss: 0.1549 | Val Accuracy: 95.30%
   📅 Epoch 16 | Loss: 0.1525 | Val Accuracy: 95.22%
   📅 Epoch 17 | Loss: 0.1490 | Val Accuracy: 94.70%
   📅 Epoch 18 | Loss: 0.1449 | Val Accuracy: 95.15%
   📅 Epoch 19 | Loss: 0.1473 | Val Accuracy: 95.15%
   📅 Epoch 20 | Loss: 0.1414 | Val Accuracy: 95.22%
   📅 Epoch 21 | Loss: 0.1408 | Val Accuracy: 95.22%

   🛑 Early Stopping triggered after 7 epochs.

========================================
🏆 Best Val Accuracy: 95.30%
💾 Best Checkpoint: ./checkpoints/full_mb-change_cls_hirise_swin_v2_lr1e-05_concat_2.pth
========================================

