
============================================================
📄 Log File: ./logs/full_records/mb-change_cls_hirise_swin_v2_lr1e-05_original.log
⏰ Time: 2026-02-28 19:57:49
============================================================

🚀 Training swin_v2 on mb-change_cls_hirise | Mode: FULL | LR: 1e-05
   📂 [TRAIN] Loading 1 shards...
   ✅ Loaded 6206 samples.
   📂 [TEST] Loading 1 shards...
   ✅ Loaded 1340 samples.
   ⚙️  Config: Workers=8, BS=32, SmallData=False

>>> Loading Model: swin_v2 (torchvision_swin)
   🔍 Auditing weights for [swin_v2]...
   ✅ [PERFECT MATCH] 449/449 layers loaded (100.0%)

   🔍 [Structure Check] swin_v2 Output Analysis:
      Type: Tuple (len=2)
      Item 0: Shape (1, 1024)
      Item 1: Shape (1, 64, 1024)
      ✅ Identified: CLS=True, Patch=True
      👉 Final Strategy: GAP_only | Input Dim: 1024
   🔥 Mode: Full Fine-tuning (Backbone Unfrozen)
   🚀 Compiling model with torch.compile...
   ⚡ AMP Precision: torch.bfloat16
   🔄 Training Start... (Epochs: 50, Patience: 7)
   📅 Epoch 1 | Loss: 0.4271 | Val Accuracy: 91.94%
      ⭐ New Best! Saved.
   📅 Epoch 2 | Loss: 0.2562 | Val Accuracy: 91.94%
   📅 Epoch 3 | Loss: 0.2213 | Val Accuracy: 91.94%
   📅 Epoch 4 | Loss: 0.2004 | Val Accuracy: 92.09%
      ⭐ New Best! Saved.
   📅 Epoch 5 | Loss: 0.1854 | Val Accuracy: 93.06%
      ⭐ New Best! Saved.
   📅 Epoch 6 | Loss: 0.1829 | Val Accuracy: 94.40%
      ⭐ New Best! Saved.
   📅 Epoch 7 | Loss: 0.1777 | Val Accuracy: 94.55%
      ⭐ New Best! Saved.
   📅 Epoch 8 | Loss: 0.1705 | Val Accuracy: 95.07%
      ⭐ New Best! Saved.
   📅 Epoch 9 | Loss: 0.1612 | Val Accuracy: 95.07%
   📅 Epoch 10 | Loss: 0.1617 | Val Accuracy: 95.52%
      ⭐ New Best! Saved.
   📅 Epoch 11 | Loss: 0.1638 | Val Accuracy: 95.52%
   📅 Epoch 12 | Loss: 0.1525 | Val Accuracy: 95.52%
   📅 Epoch 13 | Loss: 0.1577 | Val Accuracy: 95.45%
   📅 Epoch 14 | Loss: 0.1600 | Val Accuracy: 95.97%
      ⭐ New Best! Saved.
   📅 Epoch 15 | Loss: 0.1521 | Val Accuracy: 95.67%
   📅 Epoch 16 | Loss: 0.1500 | Val Accuracy: 95.90%
   📅 Epoch 17 | Loss: 0.1503 | Val Accuracy: 95.90%
   📅 Epoch 18 | Loss: 0.1514 | Val Accuracy: 95.90%
   📅 Epoch 19 | Loss: 0.1448 | Val Accuracy: 95.82%
   📅 Epoch 20 | Loss: 0.1432 | Val Accuracy: 95.52%
   📅 Epoch 21 | Loss: 0.1406 | Val Accuracy: 95.22%

   🛑 Early Stopping triggered after 7 epochs.

========================================
🏆 Best Val Accuracy: 95.97%
💾 Best Checkpoint: ./checkpoints/full_mb-change_cls_hirise_swin_v2_lr1e-05_original.pth
========================================

