
============================================================
📄 Log File: ./logs/full_records/mb-change_cls_hirise_mars_mae_lr1e-05_concat_2.log
⏰ Time: 2026-02-28 18:30:00
============================================================

🚀 Training mars_mae on mb-change_cls_hirise | Mode: FULL | LR: 1e-05
   📂 [TRAIN] Loading 1 shards...
   ✅ Loaded 6206 samples.
   📂 [TEST] Loading 1 shards...
   ✅ Loaded 1340 samples.
   ⚙️  Config: Workers=8, BS=32, SmallData=False

>>> Loading Model: mars_mae (timm_mae)
   ℹ️  Config: in_chans=1
   🔍 Auditing weights for [mars_mae]...
   ✅ [PERFECT MATCH] 150/150 layers loaded (100.0%)

   🔍 [Structure Check] mars_mae Output Analysis:
      Type: Tuple (len=2)
      Item 0: Shape (1, 768)
      Item 1: Shape (1, 196, 768)
      ✅ Identified: CLS=True, Patch=True
      👉 Final Strategy: concat_2 | Input Dim: 1536
   🔥 Mode: Full Fine-tuning (Backbone Unfrozen)
   🚀 Compiling model with torch.compile...
   ⚡ AMP Precision: torch.bfloat16
   🔄 Training Start... (Epochs: 50, Patience: 7)
   📅 Epoch 1 | Loss: 0.2807 | Val Accuracy: 91.94%
      ⭐ New Best! Saved.
   📅 Epoch 2 | Loss: 0.2410 | Val Accuracy: 91.94%
   📅 Epoch 3 | Loss: 0.2144 | Val Accuracy: 92.24%
      ⭐ New Best! Saved.
   📅 Epoch 4 | Loss: 0.1921 | Val Accuracy: 94.78%
      ⭐ New Best! Saved.
   📅 Epoch 5 | Loss: 0.1794 | Val Accuracy: 94.93%
      ⭐ New Best! Saved.
   📅 Epoch 6 | Loss: 0.1700 | Val Accuracy: 95.37%
      ⭐ New Best! Saved.
   📅 Epoch 7 | Loss: 0.1662 | Val Accuracy: 95.37%
   📅 Epoch 8 | Loss: 0.1591 | Val Accuracy: 94.48%
   📅 Epoch 9 | Loss: 0.1574 | Val Accuracy: 95.15%
   📅 Epoch 10 | Loss: 0.1488 | Val Accuracy: 95.15%
   📅 Epoch 11 | Loss: 0.1536 | Val Accuracy: 95.37%
   📅 Epoch 12 | Loss: 0.1543 | Val Accuracy: 95.22%
   📅 Epoch 13 | Loss: 0.1484 | Val Accuracy: 95.37%

   🛑 Early Stopping triggered after 7 epochs.

========================================
🏆 Best Val Accuracy: 95.37%
💾 Best Checkpoint: ./checkpoints/full_mb-change_cls_hirise_mars_mae_lr1e-05_concat_2.pth
========================================

