
============================================================
📄 Log File: ./logs/full_records/mb-change_cls_hirise_dinov1_b8_lr0.001_concat_3.log
⏰ Time: 2026-02-28 13:01:39
============================================================

🚀 Training dinov1_b8 on mb-change_cls_hirise | Mode: FULL | LR: 0.001
   📂 [TRAIN] Loading 1 shards...
   ✅ Loaded 6206 samples.
   📂 [TEST] Loading 1 shards...
   ✅ Loaded 1340 samples.
   ⚙️  Config: Workers=8, BS=32, SmallData=False

>>> Loading Model: dinov1_b8 (dinov1)

   🔍 [Structure Check] dinov1_b8 Output Analysis:
      Type: Tuple (len=2)
      Item 0: Shape (1, 768)
      Item 1: Shape (1, 784, 768)
      ✅ Identified: CLS=True, Patch=True
      👉 Final Strategy: concat_3 | Input Dim: 2304
   🔥 Mode: Full Fine-tuning (Backbone Unfrozen)
   🚀 Compiling model with torch.compile...
   ⚡ AMP Precision: torch.bfloat16
   🔄 Training Start... (Epochs: 50, Patience: 7)
   📅 Epoch 1 | Loss: 0.4561 | Val Accuracy: 91.94%
      ⭐ New Best! Saved.
   📅 Epoch 2 | Loss: 0.2824 | Val Accuracy: 91.94%
   📅 Epoch 3 | Loss: 0.2758 | Val Accuracy: 91.94%
   📅 Epoch 4 | Loss: 0.2740 | Val Accuracy: 91.94%
   📅 Epoch 5 | Loss: 0.2627 | Val Accuracy: 91.94%
   📅 Epoch 6 | Loss: 0.2586 | Val Accuracy: 91.94%
   📅 Epoch 7 | Loss: 0.2691 | Val Accuracy: 91.94%
   📅 Epoch 8 | Loss: 0.2547 | Val Accuracy: 92.01%
      ⭐ New Best! Saved.
   📅 Epoch 9 | Loss: 0.2571 | Val Accuracy: 91.94%
   📅 Epoch 10 | Loss: 0.2527 | Val Accuracy: 89.33%
   📅 Epoch 11 | Loss: 0.2449 | Val Accuracy: 92.01%
   📅 Epoch 12 | Loss: 0.2582 | Val Accuracy: 91.94%
   📅 Epoch 13 | Loss: 0.2508 | Val Accuracy: 91.94%
   📅 Epoch 14 | Loss: 0.2425 | Val Accuracy: 91.94%
   📅 Epoch 15 | Loss: 0.2412 | Val Accuracy: 91.94%

   🛑 Early Stopping triggered after 7 epochs.

========================================
🏆 Best Val Accuracy: 92.01%
💾 Best Checkpoint: ./checkpoints/full_mb-change_cls_hirise_dinov1_b8_lr0.001_concat_3.pth
========================================

