
============================================================
📄 Log File: ./logs/full_records/mb-change_cls_ctx_openclip_lr1e-05_concat_3.log
⏰ Time: 2026-02-28 10:43:00
============================================================

🚀 Training openclip on mb-change_cls_ctx | Mode: FULL | LR: 1e-05
   📂 [TRAIN] Loading 1 shards...
   ✅ Loaded 72 samples.
   📂 [TEST] Loading 1 shards...
   ✅ Loaded 20 samples.
   ⚙️  Config: Workers=0, BS=32, SmallData=True

>>> Loading Model: openclip (transformers_clip)

   🔍 [Structure Check] openclip Output Analysis:
      Type: Tuple (len=2)
      Item 0: Shape (1, 1024)
      Item 1: Shape (1, 256, 1024)
      ✅ Identified: CLS=True, Patch=True
      👉 Final Strategy: concat_3 | Input Dim: 3072
   🔥 Mode: Full Fine-tuning (Backbone Unfrozen)
   ⚠️ Skipping torch.compile (Small dataset or Windows detected).
   ⚡ AMP Precision: torch.bfloat16
   🔄 Training Start... (Epochs: 50, Patience: 7)
   📅 Epoch 1 | Loss: 0.7787 | Val Accuracy: 65.00%
      ⭐ New Best! Saved.
   📅 Epoch 2 | Loss: 0.6613 | Val Accuracy: 75.00%
      ⭐ New Best! Saved.
   📅 Epoch 3 | Loss: 0.5817 | Val Accuracy: 80.00%
      ⭐ New Best! Saved.
   📅 Epoch 4 | Loss: 0.4937 | Val Accuracy: 80.00%
   📅 Epoch 5 | Loss: 0.4339 | Val Accuracy: 80.00%
   📅 Epoch 6 | Loss: 0.3995 | Val Accuracy: 80.00%
   📅 Epoch 7 | Loss: 0.4220 | Val Accuracy: 80.00%
   📅 Epoch 8 | Loss: 0.3528 | Val Accuracy: 80.00%
   📅 Epoch 9 | Loss: 0.3326 | Val Accuracy: 80.00%
   📅 Epoch 10 | Loss: 0.3708 | Val Accuracy: 80.00%

   🛑 Early Stopping triggered after 7 epochs.

========================================
🏆 Best Val Accuracy: 80.00%
💾 Best Checkpoint: ./checkpoints/full_mb-change_cls_ctx_openclip_lr1e-05_concat_3.pth
========================================

