
============================================================
📄 Log File: ./logs/full_records/mb-change_cls_hirise_mars_mae_lr0.0001_concat_3.log
⏰ Time: 2026-02-28 17:53:44
============================================================

🚀 Training mars_mae on mb-change_cls_hirise | Mode: FULL | LR: 0.0001
   📂 [TRAIN] Loading 1 shards...
   ✅ Loaded 6206 samples.
   📂 [TEST] Loading 1 shards...
   ✅ Loaded 1340 samples.
   ⚙️  Config: Workers=8, BS=32, SmallData=False

>>> Loading Model: mars_mae (timm_mae)
   ℹ️  Config: in_chans=1
   🔍 Auditing weights for [mars_mae]...
   ✅ [PERFECT MATCH] 150/150 layers loaded (100.0%)

   🔍 [Structure Check] mars_mae Output Analysis:
      Type: Tuple (len=2)
      Item 0: Shape (1, 768)
      Item 1: Shape (1, 196, 768)
      ✅ Identified: CLS=True, Patch=True
      👉 Final Strategy: concat_3 | Input Dim: 2304
   🔥 Mode: Full Fine-tuning (Backbone Unfrozen)
   🚀 Compiling model with torch.compile...
   ⚡ AMP Precision: torch.bfloat16
   🔄 Training Start... (Epochs: 50, Patience: 7)
   📅 Epoch 1 | Loss: 0.2976 | Val Accuracy: 91.94%
      ⭐ New Best! Saved.
   📅 Epoch 2 | Loss: 0.2115 | Val Accuracy: 94.63%
      ⭐ New Best! Saved.
   📅 Epoch 3 | Loss: 0.1824 | Val Accuracy: 94.48%
   📅 Epoch 4 | Loss: 0.1672 | Val Accuracy: 96.04%
      ⭐ New Best! Saved.
   📅 Epoch 5 | Loss: 0.1644 | Val Accuracy: 96.04%
   📅 Epoch 6 | Loss: 0.1623 | Val Accuracy: 95.30%
   📅 Epoch 7 | Loss: 0.1599 | Val Accuracy: 95.22%
   📅 Epoch 8 | Loss: 0.1514 | Val Accuracy: 93.36%
   📅 Epoch 9 | Loss: 0.1471 | Val Accuracy: 95.52%
   📅 Epoch 10 | Loss: 0.1446 | Val Accuracy: 96.49%
      ⭐ New Best! Saved.
   📅 Epoch 11 | Loss: 0.1440 | Val Accuracy: 92.46%
   📅 Epoch 12 | Loss: 0.1516 | Val Accuracy: 95.90%
   📅 Epoch 13 | Loss: 0.1317 | Val Accuracy: 96.34%
   📅 Epoch 14 | Loss: 0.1415 | Val Accuracy: 95.60%
   📅 Epoch 15 | Loss: 0.1357 | Val Accuracy: 95.67%
   📅 Epoch 16 | Loss: 0.1402 | Val Accuracy: 94.63%
   📅 Epoch 17 | Loss: 0.1374 | Val Accuracy: 95.75%

   🛑 Early Stopping triggered after 7 epochs.

========================================
🏆 Best Val Accuracy: 96.49%
💾 Best Checkpoint: ./checkpoints/full_mb-change_cls_hirise_mars_mae_lr0.0001_concat_3.pth
========================================

