
============================================================
📄 Log File: ./logs/full_records/mb-change_cls_hirise_dinov2_l14_lr0.001_original.log
⏰ Time: 2026-02-28 15:54:46
============================================================

🚀 Training dinov2_l14 on mb-change_cls_hirise | Mode: FULL | LR: 0.001
   📂 [TRAIN] Loading 1 shards...
   ✅ Loaded 6206 samples.
   📂 [TEST] Loading 1 shards...
   ✅ Loaded 1340 samples.
   ⚙️  Config: Workers=8, BS=32, SmallData=False

>>> Loading Model: dinov2_l14 (dinov2_hub)
   🔍 Auditing weights for [dinov2_l14]...
   ✅ [PERFECT MATCH] 343/343 layers loaded (100.0%)

   🔍 [Structure Check] dinov2_l14 Output Analysis:
      Type: Tuple (len=2)
      Item 0: Shape (1, 1024)
      Item 1: Shape (1, 256, 1024)
      ✅ Identified: CLS=True, Patch=True
      👉 Final Strategy: CLS_only | Input Dim: 1024
   🔥 Mode: Full Fine-tuning (Backbone Unfrozen)
   🚀 Compiling model with torch.compile...
   ⚡ AMP Precision: torch.bfloat16
   🔄 Training Start... (Epochs: 50, Patience: 7)
   📅 Epoch 1 | Loss: 0.3820 | Val Accuracy: 91.94%
      ⭐ New Best! Saved.
   📅 Epoch 2 | Loss: 0.2772 | Val Accuracy: 91.94%
   📅 Epoch 3 | Loss: 0.2758 | Val Accuracy: 91.94%
   📅 Epoch 4 | Loss: 0.2822 | Val Accuracy: 91.94%
   📅 Epoch 5 | Loss: 0.2742 | Val Accuracy: 91.94%
   📅 Epoch 6 | Loss: 0.2889 | Val Accuracy: 91.94%
   📅 Epoch 7 | Loss: 0.2735 | Val Accuracy: 91.94%
   📅 Epoch 8 | Loss: 0.2774 | Val Accuracy: 91.94%

   🛑 Early Stopping triggered after 7 epochs.

========================================
🏆 Best Val Accuracy: 91.94%
💾 Best Checkpoint: ./checkpoints/full_mb-change_cls_hirise_dinov2_l14_lr0.001_original.pth
========================================

