
============================================================
📄 Log File: ./logs/full_records/mb-change_cls_hirise_mars_mae_lr1e-05_original.log
⏰ Time: 2026-02-28 23:07:03
============================================================

🚀 Training mars_mae on mb-change_cls_hirise | Mode: FULL | LR: 1e-05
   📂 [TRAIN] Loading 1 shards...
   ✅ Loaded 6206 samples.
   📂 [TEST] Loading 1 shards...
   ✅ Loaded 1340 samples.
   ⚙️  Config: Workers=8, BS=32, SmallData=False

>>> Loading Model: mars_mae (timm_mae)
   ℹ️  Config: in_chans=1
   🔍 Auditing weights for [mars_mae]...
   ✅ [PERFECT MATCH] 150/150 layers loaded (100.0%)

   🔍 [Structure Check] mars_mae Output Analysis:
      Type: Tuple (len=2)
      Item 0: Shape (1, 768)
      Item 1: Shape (1, 196, 768)
      ✅ Identified: CLS=True, Patch=True
      👉 Final Strategy: GAP_only | Input Dim: 768
   🔥 Mode: Full Fine-tuning (Backbone Unfrozen)
   🚀 Compiling model with torch.compile...
   ⚡ AMP Precision: torch.bfloat16
   🔄 Training Start... (Epochs: 50, Patience: 7)
   📅 Epoch 1 | Loss: 0.2798 | Val Accuracy: 91.94%
      ⭐ New Best! Saved.
   📅 Epoch 2 | Loss: 0.2325 | Val Accuracy: 91.94%
   📅 Epoch 3 | Loss: 0.2112 | Val Accuracy: 94.18%
      ⭐ New Best! Saved.
   📅 Epoch 4 | Loss: 0.1855 | Val Accuracy: 95.30%
      ⭐ New Best! Saved.
   📅 Epoch 5 | Loss: 0.1701 | Val Accuracy: 95.52%
      ⭐ New Best! Saved.
   📅 Epoch 6 | Loss: 0.1682 | Val Accuracy: 95.30%
   📅 Epoch 7 | Loss: 0.1553 | Val Accuracy: 95.22%
   📅 Epoch 8 | Loss: 0.1603 | Val Accuracy: 95.67%
      ⭐ New Best! Saved.
   📅 Epoch 9 | Loss: 0.1456 | Val Accuracy: 95.67%
   📅 Epoch 10 | Loss: 0.1540 | Val Accuracy: 95.82%
      ⭐ New Best! Saved.
   📅 Epoch 11 | Loss: 0.1474 | Val Accuracy: 95.90%
      ⭐ New Best! Saved.
   📅 Epoch 12 | Loss: 0.1482 | Val Accuracy: 96.19%
      ⭐ New Best! Saved.
   📅 Epoch 13 | Loss: 0.1482 | Val Accuracy: 95.52%
   📅 Epoch 14 | Loss: 0.1405 | Val Accuracy: 96.12%
   📅 Epoch 15 | Loss: 0.1453 | Val Accuracy: 96.12%
   📅 Epoch 16 | Loss: 0.1374 | Val Accuracy: 96.27%
      ⭐ New Best! Saved.
   📅 Epoch 17 | Loss: 0.1339 | Val Accuracy: 96.19%
   📅 Epoch 18 | Loss: 0.1417 | Val Accuracy: 96.57%
      ⭐ New Best! Saved.
   📅 Epoch 19 | Loss: 0.1309 | Val Accuracy: 96.49%
   📅 Epoch 20 | Loss: 0.1365 | Val Accuracy: 96.87%
      ⭐ New Best! Saved.
   📅 Epoch 21 | Loss: 0.1310 | Val Accuracy: 96.04%
   📅 Epoch 22 | Loss: 0.1373 | Val Accuracy: 96.49%
   📅 Epoch 23 | Loss: 0.1368 | Val Accuracy: 96.72%
   📅 Epoch 24 | Loss: 0.1289 | Val Accuracy: 96.42%
   📅 Epoch 25 | Loss: 0.1380 | Val Accuracy: 97.09%
      ⭐ New Best! Saved.
   📅 Epoch 26 | Loss: 0.1288 | Val Accuracy: 96.49%
   📅 Epoch 27 | Loss: 0.1323 | Val Accuracy: 96.34%
   📅 Epoch 28 | Loss: 0.1368 | Val Accuracy: 95.52%
   📅 Epoch 29 | Loss: 0.1351 | Val Accuracy: 96.42%
   📅 Epoch 30 | Loss: 0.1325 | Val Accuracy: 96.87%
   📅 Epoch 31 | Loss: 0.1324 | Val Accuracy: 96.12%
   📅 Epoch 32 | Loss: 0.1292 | Val Accuracy: 96.79%

   🛑 Early Stopping triggered after 7 epochs.

========================================
🏆 Best Val Accuracy: 97.09%
💾 Best Checkpoint: ./checkpoints/full_mb-change_cls_hirise_mars_mae_lr1e-05_original.pth
========================================

