
============================================================
📄 Log File: ./logs/full_records/mb-change_cls_hirise_swin_v2_lr0.001_original.log
⏰ Time: 2026-02-28 19:41:54
============================================================

🚀 Training swin_v2 on mb-change_cls_hirise | Mode: FULL | LR: 0.001
   📂 [TRAIN] Loading 1 shards...
   ✅ Loaded 6206 samples.
   📂 [TEST] Loading 1 shards...
   ✅ Loaded 1340 samples.
   ⚙️  Config: Workers=8, BS=32, SmallData=False

>>> Loading Model: swin_v2 (torchvision_swin)
   🔍 Auditing weights for [swin_v2]...
   ✅ [PERFECT MATCH] 449/449 layers loaded (100.0%)

   🔍 [Structure Check] swin_v2 Output Analysis:
      Type: Tuple (len=2)
      Item 0: Shape (1, 1024)
      Item 1: Shape (1, 64, 1024)
      ✅ Identified: CLS=True, Patch=True
      👉 Final Strategy: GAP_only | Input Dim: 1024
   🔥 Mode: Full Fine-tuning (Backbone Unfrozen)
   🚀 Compiling model with torch.compile...
   ⚡ AMP Precision: torch.bfloat16
   🔄 Training Start... (Epochs: 50, Patience: 7)
   📅 Epoch 1 | Loss: 0.2514 | Val Accuracy: 94.93%
      ⭐ New Best! Saved.
   📅 Epoch 2 | Loss: 0.2196 | Val Accuracy: 92.61%
   📅 Epoch 3 | Loss: 0.1847 | Val Accuracy: 92.01%
   📅 Epoch 4 | Loss: 0.1886 | Val Accuracy: 95.37%
      ⭐ New Best! Saved.
   📅 Epoch 5 | Loss: 0.1806 | Val Accuracy: 95.75%
      ⭐ New Best! Saved.
   📅 Epoch 6 | Loss: 0.1652 | Val Accuracy: 95.60%
   📅 Epoch 7 | Loss: 0.1784 | Val Accuracy: 96.42%
      ⭐ New Best! Saved.
   📅 Epoch 8 | Loss: 0.1622 | Val Accuracy: 95.60%
   📅 Epoch 9 | Loss: 0.1697 | Val Accuracy: 95.97%
   📅 Epoch 10 | Loss: 0.1663 | Val Accuracy: 95.37%
   📅 Epoch 11 | Loss: 0.1561 | Val Accuracy: 96.27%
   📅 Epoch 12 | Loss: 0.1607 | Val Accuracy: 95.37%
   📅 Epoch 13 | Loss: 0.1619 | Val Accuracy: 96.34%
   📅 Epoch 14 | Loss: 0.1569 | Val Accuracy: 95.82%

   🛑 Early Stopping triggered after 7 epochs.

========================================
🏆 Best Val Accuracy: 96.42%
💾 Best Checkpoint: ./checkpoints/full_mb-change_cls_hirise_swin_v2_lr0.001_original.pth
========================================

