
============================================================
📄 Log File: ./logs/full_records/mb-change_cls_hirise_siglip2_lr0.0001_concat_2.log
⏰ Time: 2026-02-28 17:48:21
============================================================

🚀 Training siglip2 on mb-change_cls_hirise | Mode: FULL | LR: 0.0001
   📂 [TRAIN] Loading 1 shards...
   ✅ Loaded 6206 samples.
   📂 [TEST] Loading 1 shards...
   ✅ Loaded 1340 samples.
   ⚙️  Config: Workers=8, BS=32, SmallData=False

>>> Loading Model: siglip2 (transformers)

   🔍 [Structure Check] siglip2 Output Analysis:
      Type: Tuple (len=2)
      Item 0: Shape (1, 1024)
      Item 1: Shape (1, 256, 1024)
      ✅ Identified: CLS=True, Patch=True
      👉 Final Strategy: concat_2 | Input Dim: 2048
   🔥 Mode: Full Fine-tuning (Backbone Unfrozen)
   🚀 Compiling model with torch.compile...
   ⚡ AMP Precision: torch.bfloat16
   🔄 Training Start... (Epochs: 50, Patience: 7)
   📅 Epoch 1 | Loss: 0.2842 | Val Accuracy: 91.94%
      ⭐ New Best! Saved.
   📅 Epoch 2 | Loss: 0.1930 | Val Accuracy: 93.66%
      ⭐ New Best! Saved.
   📅 Epoch 3 | Loss: 0.1890 | Val Accuracy: 95.90%
      ⭐ New Best! Saved.
   📅 Epoch 4 | Loss: 0.1714 | Val Accuracy: 95.67%
   📅 Epoch 5 | Loss: 0.1495 | Val Accuracy: 95.82%
   📅 Epoch 6 | Loss: 0.1479 | Val Accuracy: 96.19%
      ⭐ New Best! Saved.
   📅 Epoch 7 | Loss: 0.1538 | Val Accuracy: 96.34%
      ⭐ New Best! Saved.
   📅 Epoch 8 | Loss: 0.1440 | Val Accuracy: 95.90%
   📅 Epoch 9 | Loss: 0.1488 | Val Accuracy: 95.52%
   📅 Epoch 10 | Loss: 0.1381 | Val Accuracy: 95.97%
   📅 Epoch 11 | Loss: 0.1374 | Val Accuracy: 95.82%
   📅 Epoch 12 | Loss: 0.1323 | Val Accuracy: 96.79%
      ⭐ New Best! Saved.
   📅 Epoch 13 | Loss: 0.1255 | Val Accuracy: 96.64%
   📅 Epoch 14 | Loss: 0.1253 | Val Accuracy: 96.72%
   📅 Epoch 15 | Loss: 0.1326 | Val Accuracy: 95.60%
   📅 Epoch 16 | Loss: 0.1212 | Val Accuracy: 96.79%
   📅 Epoch 17 | Loss: 0.1367 | Val Accuracy: 96.57%
   📅 Epoch 18 | Loss: 0.1274 | Val Accuracy: 96.34%
   📅 Epoch 19 | Loss: 0.1283 | Val Accuracy: 96.04%

   🛑 Early Stopping triggered after 7 epochs.

========================================
🏆 Best Val Accuracy: 96.79%
💾 Best Checkpoint: ./checkpoints/full_mb-change_cls_hirise_siglip2_lr0.0001_concat_2.pth
========================================

