
============================================================
📄 Log File: ./logs/full_records/mb-change_cls_hirise_dinov3_sat_lr1e-05_concat_2.log
⏰ Time: 2026-02-28 12:10:20
============================================================

🚀 Training dinov3_sat on mb-change_cls_hirise | Mode: FULL | LR: 1e-05
   📂 [TRAIN] Loading 1 shards...
   ✅ Loaded 6206 samples.
   📂 [TEST] Loading 1 shards...
   ✅ Loaded 1340 samples.
   ⚙️  Config: Workers=8, BS=32, SmallData=False

>>> Loading Model: dinov3_sat (dinov3_hub)
   🔍 Auditing weights for [dinov3_sat]...
   ✅ [PERFECT MATCH] 368/368 layers loaded (100.0%)

   🔍 [Structure Check] dinov3_sat Output Analysis:
      Type: Tuple (len=2)
      Item 0: Shape (1, 1024)
      Item 1: Shape (1, 256, 1024)
      ✅ Identified: CLS=True, Patch=True
      👉 Final Strategy: concat_2 | Input Dim: 2048
   🔥 Mode: Full Fine-tuning (Backbone Unfrozen)
   🚀 Compiling model with torch.compile...
   ⚡ AMP Precision: torch.bfloat16
   🔄 Training Start... (Epochs: 50, Patience: 7)
   📅 Epoch 1 | Loss: 0.3635 | Val Accuracy: 91.94%
      ⭐ New Best! Saved.
   📅 Epoch 2 | Loss: 0.2546 | Val Accuracy: 91.94%
   📅 Epoch 3 | Loss: 0.2300 | Val Accuracy: 91.94%
   📅 Epoch 4 | Loss: 0.1969 | Val Accuracy: 92.31%
      ⭐ New Best! Saved.
   📅 Epoch 5 | Loss: 0.1717 | Val Accuracy: 93.96%
      ⭐ New Best! Saved.
   📅 Epoch 6 | Loss: 0.1565 | Val Accuracy: 95.97%
      ⭐ New Best! Saved.
   📅 Epoch 7 | Loss: 0.1445 | Val Accuracy: 96.04%
      ⭐ New Best! Saved.
   📅 Epoch 8 | Loss: 0.1413 | Val Accuracy: 96.49%
      ⭐ New Best! Saved.
   📅 Epoch 9 | Loss: 0.1331 | Val Accuracy: 96.42%
   📅 Epoch 10 | Loss: 0.1286 | Val Accuracy: 96.57%
      ⭐ New Best! Saved.
   📅 Epoch 11 | Loss: 0.1281 | Val Accuracy: 96.87%
      ⭐ New Best! Saved.
   📅 Epoch 12 | Loss: 0.1261 | Val Accuracy: 96.42%
   📅 Epoch 13 | Loss: 0.1204 | Val Accuracy: 96.79%
   📅 Epoch 14 | Loss: 0.1166 | Val Accuracy: 96.42%
   📅 Epoch 15 | Loss: 0.1213 | Val Accuracy: 97.01%
      ⭐ New Best! Saved.
   📅 Epoch 16 | Loss: 0.1172 | Val Accuracy: 97.24%
      ⭐ New Best! Saved.
   📅 Epoch 17 | Loss: 0.1190 | Val Accuracy: 97.01%
   📅 Epoch 18 | Loss: 0.1209 | Val Accuracy: 97.24%
   📅 Epoch 19 | Loss: 0.1141 | Val Accuracy: 97.39%
      ⭐ New Best! Saved.
   📅 Epoch 20 | Loss: 0.1060 | Val Accuracy: 96.49%
   📅 Epoch 21 | Loss: 0.1125 | Val Accuracy: 97.16%
   📅 Epoch 22 | Loss: 0.1109 | Val Accuracy: 97.01%
   📅 Epoch 23 | Loss: 0.1081 | Val Accuracy: 97.24%
   📅 Epoch 24 | Loss: 0.1161 | Val Accuracy: 97.16%
   📅 Epoch 25 | Loss: 0.1048 | Val Accuracy: 97.01%
   📅 Epoch 26 | Loss: 0.1039 | Val Accuracy: 97.54%
      ⭐ New Best! Saved.
   📅 Epoch 27 | Loss: 0.1103 | Val Accuracy: 97.39%
   📅 Epoch 28 | Loss: 0.1045 | Val Accuracy: 97.09%
   📅 Epoch 29 | Loss: 0.1070 | Val Accuracy: 97.31%
   📅 Epoch 30 | Loss: 0.1067 | Val Accuracy: 97.46%
   📅 Epoch 31 | Loss: 0.1017 | Val Accuracy: 97.24%
   📅 Epoch 32 | Loss: 0.1042 | Val Accuracy: 97.39%
   📅 Epoch 33 | Loss: 0.1087 | Val Accuracy: 97.39%

   🛑 Early Stopping triggered after 7 epochs.

========================================
🏆 Best Val Accuracy: 97.54%
💾 Best Checkpoint: ./checkpoints/full_mb-change_cls_hirise_dinov3_sat_lr1e-05_concat_2.pth
========================================

