
============================================================
📄 Log File: ./logs/full_records/mb-change_cls_ctx_dinov3_lvd_lr1e-05_concat_2.log
⏰ Time: 2026-02-28 09:55:27
============================================================

🚀 Training dinov3_lvd on mb-change_cls_ctx | Mode: FULL | LR: 1e-05
   📂 [TRAIN] Loading 1 shards...
   ✅ Loaded 72 samples.
   📂 [TEST] Loading 1 shards...
   ✅ Loaded 20 samples.
   ⚙️  Config: Workers=0, BS=32, SmallData=True

>>> Loading Model: dinov3_lvd (dinov3_hub)
   🔍 Auditing weights for [dinov3_lvd]...
   ✅ [PERFECT MATCH] 368/368 layers loaded (100.0%)

   🔍 [Structure Check] dinov3_lvd Output Analysis:
      Type: Tuple (len=2)
      Item 0: Shape (1, 1024)
      Item 1: Shape (1, 256, 1024)
      ✅ Identified: CLS=True, Patch=True
      👉 Final Strategy: concat_2 | Input Dim: 2048
   🔥 Mode: Full Fine-tuning (Backbone Unfrozen)
   ⚠️ Skipping torch.compile (Small dataset or Windows detected).
   ⚡ AMP Precision: torch.bfloat16
   🔄 Training Start... (Epochs: 50, Patience: 7)
   📅 Epoch 1 | Loss: 0.6656 | Val Accuracy: 65.00%
      ⭐ New Best! Saved.
   📅 Epoch 2 | Loss: 0.6583 | Val Accuracy: 70.00%
      ⭐ New Best! Saved.
   📅 Epoch 3 | Loss: 0.6605 | Val Accuracy: 70.00%
   📅 Epoch 4 | Loss: 0.6345 | Val Accuracy: 70.00%
   📅 Epoch 5 | Loss: 0.6360 | Val Accuracy: 75.00%
      ⭐ New Best! Saved.
   📅 Epoch 6 | Loss: 0.6163 | Val Accuracy: 75.00%
   📅 Epoch 7 | Loss: 0.6001 | Val Accuracy: 75.00%
   📅 Epoch 8 | Loss: 0.6043 | Val Accuracy: 75.00%
   📅 Epoch 9 | Loss: 0.5850 | Val Accuracy: 75.00%
   📅 Epoch 10 | Loss: 0.5777 | Val Accuracy: 75.00%
   📅 Epoch 11 | Loss: 0.5742 | Val Accuracy: 75.00%
   📅 Epoch 12 | Loss: 0.5674 | Val Accuracy: 75.00%

   🛑 Early Stopping triggered after 7 epochs.

========================================
🏆 Best Val Accuracy: 75.00%
💾 Best Checkpoint: ./checkpoints/full_mb-change_cls_ctx_dinov3_lvd_lr1e-05_concat_2.pth
========================================

