
============================================================
📄 Log File: ./logs/full_records/mb-change_cls_hirise_mars_mae_lr0.0001_original.log
⏰ Time: 2026-02-28 23:03:11
============================================================

🚀 Training mars_mae on mb-change_cls_hirise | Mode: FULL | LR: 0.0001
   📂 [TRAIN] Loading 1 shards...
   ✅ Loaded 6206 samples.
   📂 [TEST] Loading 1 shards...
   ✅ Loaded 1340 samples.
   ⚙️  Config: Workers=8, BS=32, SmallData=False

>>> Loading Model: mars_mae (timm_mae)
   ℹ️  Config: in_chans=1
   🔍 Auditing weights for [mars_mae]...
   ✅ [PERFECT MATCH] 150/150 layers loaded (100.0%)

   🔍 [Structure Check] mars_mae Output Analysis:
      Type: Tuple (len=2)
      Item 0: Shape (1, 768)
      Item 1: Shape (1, 196, 768)
      ✅ Identified: CLS=True, Patch=True
      👉 Final Strategy: GAP_only | Input Dim: 768
   🔥 Mode: Full Fine-tuning (Backbone Unfrozen)
   🚀 Compiling model with torch.compile...
   ⚡ AMP Precision: torch.bfloat16
   🔄 Training Start... (Epochs: 50, Patience: 7)
   📅 Epoch 1 | Loss: 0.2448 | Val Accuracy: 93.81%
      ⭐ New Best! Saved.
   📅 Epoch 2 | Loss: 0.1841 | Val Accuracy: 93.73%
   📅 Epoch 3 | Loss: 0.1680 | Val Accuracy: 94.25%
      ⭐ New Best! Saved.
   📅 Epoch 4 | Loss: 0.1709 | Val Accuracy: 95.52%
      ⭐ New Best! Saved.
   📅 Epoch 5 | Loss: 0.1568 | Val Accuracy: 95.52%
   📅 Epoch 6 | Loss: 0.1572 | Val Accuracy: 93.51%
   📅 Epoch 7 | Loss: 0.1556 | Val Accuracy: 96.04%
      ⭐ New Best! Saved.
   📅 Epoch 8 | Loss: 0.1510 | Val Accuracy: 96.04%
   📅 Epoch 9 | Loss: 0.1368 | Val Accuracy: 96.42%
      ⭐ New Best! Saved.
   📅 Epoch 10 | Loss: 0.1391 | Val Accuracy: 94.85%
   📅 Epoch 11 | Loss: 0.1368 | Val Accuracy: 96.27%
   📅 Epoch 12 | Loss: 0.1329 | Val Accuracy: 95.00%
   📅 Epoch 13 | Loss: 0.1424 | Val Accuracy: 95.67%
   📅 Epoch 14 | Loss: 0.1398 | Val Accuracy: 95.22%
   📅 Epoch 15 | Loss: 0.1361 | Val Accuracy: 95.15%
   📅 Epoch 16 | Loss: 0.1330 | Val Accuracy: 95.90%

   🛑 Early Stopping triggered after 7 epochs.

========================================
🏆 Best Val Accuracy: 96.42%
💾 Best Checkpoint: ./checkpoints/full_mb-change_cls_hirise_mars_mae_lr0.0001_original.pth
========================================

