
============================================================
📄 Log File: ./logs/full_records/mb-change_cls_hirise_dinov1_b8_lr0.0001_concat_3.log
⏰ Time: 2026-02-28 13:19:56
============================================================

🚀 Training dinov1_b8 on mb-change_cls_hirise | Mode: FULL | LR: 0.0001
   📂 [TRAIN] Loading 1 shards...
   ✅ Loaded 6206 samples.
   📂 [TEST] Loading 1 shards...
   ✅ Loaded 1340 samples.
   ⚙️  Config: Workers=8, BS=32, SmallData=False

>>> Loading Model: dinov1_b8 (dinov1)

   🔍 [Structure Check] dinov1_b8 Output Analysis:
      Type: Tuple (len=2)
      Item 0: Shape (1, 768)
      Item 1: Shape (1, 784, 768)
      ✅ Identified: CLS=True, Patch=True
      👉 Final Strategy: concat_3 | Input Dim: 2304
   🔥 Mode: Full Fine-tuning (Backbone Unfrozen)
   🚀 Compiling model with torch.compile...
   ⚡ AMP Precision: torch.bfloat16
   🔄 Training Start... (Epochs: 50, Patience: 7)
   📅 Epoch 1 | Loss: 0.2045 | Val Accuracy: 96.27%
      ⭐ New Best! Saved.
   📅 Epoch 2 | Loss: 0.1639 | Val Accuracy: 96.04%
   📅 Epoch 3 | Loss: 0.1388 | Val Accuracy: 96.49%
      ⭐ New Best! Saved.
   📅 Epoch 4 | Loss: 0.1332 | Val Accuracy: 95.82%
   📅 Epoch 5 | Loss: 0.1242 | Val Accuracy: 96.04%
   📅 Epoch 6 | Loss: 0.1294 | Val Accuracy: 96.34%
   📅 Epoch 7 | Loss: 0.1277 | Val Accuracy: 96.04%
   📅 Epoch 8 | Loss: 0.1282 | Val Accuracy: 96.57%
      ⭐ New Best! Saved.
   📅 Epoch 9 | Loss: 0.1196 | Val Accuracy: 97.91%
      ⭐ New Best! Saved.
   📅 Epoch 10 | Loss: 0.1280 | Val Accuracy: 96.42%
   📅 Epoch 11 | Loss: 0.1141 | Val Accuracy: 97.54%
   📅 Epoch 12 | Loss: 0.1055 | Val Accuracy: 97.61%
   📅 Epoch 13 | Loss: 0.1126 | Val Accuracy: 96.04%
   📅 Epoch 14 | Loss: 0.1196 | Val Accuracy: 96.87%
   📅 Epoch 15 | Loss: 0.1035 | Val Accuracy: 96.94%
   📅 Epoch 16 | Loss: 0.1066 | Val Accuracy: 96.12%

   🛑 Early Stopping triggered after 7 epochs.

========================================
🏆 Best Val Accuracy: 97.91%
💾 Best Checkpoint: ./checkpoints/full_mb-change_cls_hirise_dinov1_b8_lr0.0001_concat_3.pth
========================================

