
============================================================
📄 Log File: ./logs/full_records/mb-change_cls_hirise_dinov2_l14_lr0.0001_original.log
⏰ Time: 2026-02-28 16:02:40
============================================================

🚀 Training dinov2_l14 on mb-change_cls_hirise | Mode: FULL | LR: 0.0001
   📂 [TRAIN] Loading 1 shards...
   ✅ Loaded 6206 samples.
   📂 [TEST] Loading 1 shards...
   ✅ Loaded 1340 samples.
   ⚙️  Config: Workers=8, BS=32, SmallData=False

>>> Loading Model: dinov2_l14 (dinov2_hub)
   🔍 Auditing weights for [dinov2_l14]...
   ✅ [PERFECT MATCH] 343/343 layers loaded (100.0%)

   🔍 [Structure Check] dinov2_l14 Output Analysis:
      Type: Tuple (len=2)
      Item 0: Shape (1, 1024)
      Item 1: Shape (1, 256, 1024)
      ✅ Identified: CLS=True, Patch=True
      👉 Final Strategy: CLS_only | Input Dim: 1024
   🔥 Mode: Full Fine-tuning (Backbone Unfrozen)
   🚀 Compiling model with torch.compile...
   ⚡ AMP Precision: torch.bfloat16
   🔄 Training Start... (Epochs: 50, Patience: 7)
   📅 Epoch 1 | Loss: 0.1986 | Val Accuracy: 95.67%
      ⭐ New Best! Saved.
   📅 Epoch 2 | Loss: 0.1560 | Val Accuracy: 95.37%
   📅 Epoch 3 | Loss: 0.1266 | Val Accuracy: 96.79%
      ⭐ New Best! Saved.
   📅 Epoch 4 | Loss: 0.1340 | Val Accuracy: 96.94%
      ⭐ New Best! Saved.
   📅 Epoch 5 | Loss: 0.1309 | Val Accuracy: 96.49%
   📅 Epoch 6 | Loss: 0.1267 | Val Accuracy: 96.64%
   📅 Epoch 7 | Loss: 0.1171 | Val Accuracy: 97.24%
      ⭐ New Best! Saved.
   📅 Epoch 8 | Loss: 0.1124 | Val Accuracy: 97.16%
   📅 Epoch 9 | Loss: 0.1076 | Val Accuracy: 97.76%
      ⭐ New Best! Saved.
   📅 Epoch 10 | Loss: 0.1052 | Val Accuracy: 97.69%
   📅 Epoch 11 | Loss: 0.1056 | Val Accuracy: 96.94%
   📅 Epoch 12 | Loss: 0.1070 | Val Accuracy: 97.91%
      ⭐ New Best! Saved.
   📅 Epoch 13 | Loss: 0.1068 | Val Accuracy: 96.79%
   📅 Epoch 14 | Loss: 0.1114 | Val Accuracy: 96.27%
   📅 Epoch 15 | Loss: 0.1121 | Val Accuracy: 96.27%
   📅 Epoch 16 | Loss: 0.0957 | Val Accuracy: 97.54%
   📅 Epoch 17 | Loss: 0.1036 | Val Accuracy: 96.87%
   📅 Epoch 18 | Loss: 0.1059 | Val Accuracy: 96.79%
   📅 Epoch 19 | Loss: 0.1009 | Val Accuracy: 97.24%

   🛑 Early Stopping triggered after 7 epochs.

========================================
🏆 Best Val Accuracy: 97.91%
💾 Best Checkpoint: ./checkpoints/full_mb-change_cls_hirise_dinov2_l14_lr0.0001_original.pth
========================================

