
============================================================
📄 Log File: ./logs/full_records/mb-change_cls_ctx_dinov2_l14_lr0.0001_concat_2.log
⏰ Time: 2026-02-28 09:57:23
============================================================

🚀 Training dinov2_l14 on mb-change_cls_ctx | Mode: FULL | LR: 0.0001
   📂 [TRAIN] Loading 1 shards...
   ✅ Loaded 72 samples.
   📂 [TEST] Loading 1 shards...
   ✅ Loaded 20 samples.
   ⚙️  Config: Workers=0, BS=32, SmallData=True

>>> Loading Model: dinov2_l14 (dinov2_hub)
   🔍 Auditing weights for [dinov2_l14]...
   ✅ [PERFECT MATCH] 343/343 layers loaded (100.0%)

   🔍 [Structure Check] dinov2_l14 Output Analysis:
      Type: Tuple (len=2)
      Item 0: Shape (1, 1024)
      Item 1: Shape (1, 256, 1024)
      ✅ Identified: CLS=True, Patch=True
      👉 Final Strategy: concat_2 | Input Dim: 2048
   🔥 Mode: Full Fine-tuning (Backbone Unfrozen)
   ⚠️ Skipping torch.compile (Small dataset or Windows detected).
   ⚡ AMP Precision: torch.bfloat16
   🔄 Training Start... (Epochs: 50, Patience: 7)
   📅 Epoch 1 | Loss: 0.3919 | Val Accuracy: 80.00%
      ⭐ New Best! Saved.
   📅 Epoch 2 | Loss: 0.3239 | Val Accuracy: 75.00%
   📅 Epoch 3 | Loss: 0.2649 | Val Accuracy: 85.00%
      ⭐ New Best! Saved.
   📅 Epoch 4 | Loss: 0.3676 | Val Accuracy: 80.00%
   📅 Epoch 5 | Loss: 0.2149 | Val Accuracy: 80.00%
   📅 Epoch 6 | Loss: 0.2150 | Val Accuracy: 80.00%
   📅 Epoch 7 | Loss: 0.3753 | Val Accuracy: 80.00%
   📅 Epoch 8 | Loss: 0.2989 | Val Accuracy: 90.00%
      ⭐ New Best! Saved.
   📅 Epoch 9 | Loss: 0.1497 | Val Accuracy: 85.00%
   📅 Epoch 10 | Loss: 0.1692 | Val Accuracy: 85.00%
   📅 Epoch 11 | Loss: 0.1693 | Val Accuracy: 90.00%
   📅 Epoch 12 | Loss: 0.0915 | Val Accuracy: 90.00%
   📅 Epoch 13 | Loss: 0.1063 | Val Accuracy: 90.00%
   📅 Epoch 14 | Loss: 0.1842 | Val Accuracy: 90.00%
   📅 Epoch 15 | Loss: 0.0360 | Val Accuracy: 90.00%

   🛑 Early Stopping triggered after 7 epochs.

========================================
🏆 Best Val Accuracy: 90.00%
💾 Best Checkpoint: ./checkpoints/full_mb-change_cls_ctx_dinov2_l14_lr0.0001_concat_2.pth
========================================

