
============================================================
📄 Log File: ./logs/full_records/mb-change_cls_hirise_siglip2_lr0.001_original.log
⏰ Time: 2026-02-28 21:52:00
============================================================

🚀 Training siglip2 on mb-change_cls_hirise | Mode: FULL | LR: 0.001
   📂 [TRAIN] Loading 1 shards...
   ✅ Loaded 6206 samples.
   📂 [TEST] Loading 1 shards...
   ✅ Loaded 1340 samples.
   ⚙️  Config: Workers=8, BS=32, SmallData=False

>>> Loading Model: siglip2 (transformers)

   🔍 [Structure Check] siglip2 Output Analysis:
      Type: Tuple (len=2)
      Item 0: Shape (1, 1024)
      Item 1: Shape (1, 256, 1024)
      ✅ Identified: CLS=True, Patch=True
      👉 Final Strategy: CLS_only | Input Dim: 1024
   🔥 Mode: Full Fine-tuning (Backbone Unfrozen)
   🚀 Compiling model with torch.compile...
   ⚡ AMP Precision: torch.bfloat16
   🔄 Training Start... (Epochs: 50, Patience: 7)
   📅 Epoch 1 | Loss: 0.2898 | Val Accuracy: 91.94%
      ⭐ New Best! Saved.
   📅 Epoch 2 | Loss: 0.2802 | Val Accuracy: 91.94%
   📅 Epoch 3 | Loss: 0.2766 | Val Accuracy: 91.94%
   📅 Epoch 4 | Loss: 0.2782 | Val Accuracy: 91.94%
   📅 Epoch 5 | Loss: 0.2733 | Val Accuracy: 91.94%
   📅 Epoch 6 | Loss: 0.2746 | Val Accuracy: 91.94%
   📅 Epoch 7 | Loss: 0.2722 | Val Accuracy: 91.94%
   📅 Epoch 8 | Loss: 0.2717 | Val Accuracy: 91.94%

   🛑 Early Stopping triggered after 7 epochs.

========================================
🏆 Best Val Accuracy: 91.94%
💾 Best Checkpoint: ./checkpoints/full_mb-change_cls_hirise_siglip2_lr0.001_original.pth
========================================

