
============================================================
📄 Log File: ./logs/full_records/mb-change_cls_hirise_satmae_lr0.0001_original.log
⏰ Time: 2026-02-28 18:29:47
============================================================

🚀 Training satmae on mb-change_cls_hirise | Mode: FULL | LR: 0.0001
   📂 [TRAIN] Loading 1 shards...
   ✅ Loaded 6206 samples.
   📂 [TEST] Loading 1 shards...
   ✅ Loaded 1340 samples.
   ⚙️  Config: Workers=8, BS=32, SmallData=False

>>> Loading Model: satmae (timm_mae)
   ℹ️  Config: in_chans=3
   🔍 Auditing weights for [satmae]...
   ✅ [PERFECT MATCH] 294/294 layers loaded (100.0%)

   🔍 [Structure Check] satmae Output Analysis:
      Type: Tuple (len=2)
      Item 0: Shape (1, 1024)
      Item 1: Shape (1, 196, 1024)
      ✅ Identified: CLS=True, Patch=True
      👉 Final Strategy: GAP_only | Input Dim: 1024
   🔥 Mode: Full Fine-tuning (Backbone Unfrozen)
   🚀 Compiling model with torch.compile...
   ⚡ AMP Precision: torch.bfloat16
   🔄 Training Start... (Epochs: 50, Patience: 7)
   📅 Epoch 1 | Loss: 0.2653 | Val Accuracy: 92.01%
      ⭐ New Best! Saved.
   📅 Epoch 2 | Loss: 0.2096 | Val Accuracy: 95.22%
      ⭐ New Best! Saved.
   📅 Epoch 3 | Loss: 0.1788 | Val Accuracy: 94.33%
   📅 Epoch 4 | Loss: 0.1685 | Val Accuracy: 95.30%
      ⭐ New Best! Saved.
   📅 Epoch 5 | Loss: 0.1666 | Val Accuracy: 96.12%
      ⭐ New Best! Saved.
   📅 Epoch 6 | Loss: 0.1523 | Val Accuracy: 96.42%
      ⭐ New Best! Saved.
   📅 Epoch 7 | Loss: 0.1535 | Val Accuracy: 93.06%
   📅 Epoch 8 | Loss: 0.1572 | Val Accuracy: 94.40%
   📅 Epoch 9 | Loss: 0.1475 | Val Accuracy: 95.37%
   📅 Epoch 10 | Loss: 0.1490 | Val Accuracy: 96.49%
      ⭐ New Best! Saved.
   📅 Epoch 11 | Loss: 0.1405 | Val Accuracy: 95.07%
   📅 Epoch 12 | Loss: 0.1521 | Val Accuracy: 95.45%
   📅 Epoch 13 | Loss: 0.1492 | Val Accuracy: 96.42%
   📅 Epoch 14 | Loss: 0.1487 | Val Accuracy: 95.75%
   📅 Epoch 15 | Loss: 0.1375 | Val Accuracy: 94.55%
   📅 Epoch 16 | Loss: 0.1330 | Val Accuracy: 95.67%
   📅 Epoch 17 | Loss: 0.1517 | Val Accuracy: 94.40%

   🛑 Early Stopping triggered after 7 epochs.

========================================
🏆 Best Val Accuracy: 96.49%
💾 Best Checkpoint: ./checkpoints/full_mb-change_cls_hirise_satmae_lr0.0001_original.pth
========================================

