
============================================================
📄 Log File: ./logs/full_records/mb-change_cls_hirise_satmae_lr1e-05_concat_3.log
⏰ Time: 2026-02-28 14:26:52
============================================================

🚀 Training satmae on mb-change_cls_hirise | Mode: FULL | LR: 1e-05
   📂 [TRAIN] Loading 1 shards...
   ✅ Loaded 6206 samples.
   📂 [TEST] Loading 1 shards...
   ✅ Loaded 1340 samples.
   ⚙️  Config: Workers=8, BS=32, SmallData=False

>>> Loading Model: satmae (timm_mae)
   ℹ️  Config: in_chans=3
   🔍 Auditing weights for [satmae]...
   ✅ [PERFECT MATCH] 294/294 layers loaded (100.0%)

   🔍 [Structure Check] satmae Output Analysis:
      Type: Tuple (len=2)
      Item 0: Shape (1, 1024)
      Item 1: Shape (1, 196, 1024)
      ✅ Identified: CLS=True, Patch=True
      👉 Final Strategy: concat_3 | Input Dim: 3072
   🔥 Mode: Full Fine-tuning (Backbone Unfrozen)
   🚀 Compiling model with torch.compile...
   ⚡ AMP Precision: torch.bfloat16
   🔄 Training Start... (Epochs: 50, Patience: 7)
   📅 Epoch 1 | Loss: 0.2542 | Val Accuracy: 91.94%
      ⭐ New Best! Saved.
   📅 Epoch 2 | Loss: 0.1999 | Val Accuracy: 95.67%
      ⭐ New Best! Saved.
   📅 Epoch 3 | Loss: 0.1625 | Val Accuracy: 95.15%
   📅 Epoch 4 | Loss: 0.1573 | Val Accuracy: 95.30%
   📅 Epoch 5 | Loss: 0.1529 | Val Accuracy: 95.30%
   📅 Epoch 6 | Loss: 0.1495 | Val Accuracy: 93.81%
   📅 Epoch 7 | Loss: 0.1464 | Val Accuracy: 95.90%
      ⭐ New Best! Saved.
   📅 Epoch 8 | Loss: 0.1420 | Val Accuracy: 95.97%
      ⭐ New Best! Saved.
   📅 Epoch 9 | Loss: 0.1463 | Val Accuracy: 95.37%
   📅 Epoch 10 | Loss: 0.1384 | Val Accuracy: 95.97%
   📅 Epoch 11 | Loss: 0.1460 | Val Accuracy: 95.90%
   📅 Epoch 12 | Loss: 0.1377 | Val Accuracy: 95.30%
   📅 Epoch 13 | Loss: 0.1387 | Val Accuracy: 95.67%
   📅 Epoch 14 | Loss: 0.1323 | Val Accuracy: 96.04%
      ⭐ New Best! Saved.
   📅 Epoch 15 | Loss: 0.1307 | Val Accuracy: 96.72%
      ⭐ New Best! Saved.
   📅 Epoch 16 | Loss: 0.1304 | Val Accuracy: 96.19%
   📅 Epoch 17 | Loss: 0.1321 | Val Accuracy: 94.63%
   📅 Epoch 18 | Loss: 0.1359 | Val Accuracy: 96.34%
   📅 Epoch 19 | Loss: 0.1315 | Val Accuracy: 96.04%
   📅 Epoch 20 | Loss: 0.1300 | Val Accuracy: 96.12%
   📅 Epoch 21 | Loss: 0.1338 | Val Accuracy: 95.75%
   📅 Epoch 22 | Loss: 0.1339 | Val Accuracy: 96.34%

   🛑 Early Stopping triggered after 7 epochs.

========================================
🏆 Best Val Accuracy: 96.72%
💾 Best Checkpoint: ./checkpoints/full_mb-change_cls_hirise_satmae_lr1e-05_concat_3.pth
========================================

