
============================================================
📄 Log File: ./logs/full_records/mb-change_cls_ctx_mars_mae_lr1e-05_concat_2.log
⏰ Time: 2026-02-28 10:04:50
============================================================

🚀 Training mars_mae on mb-change_cls_ctx | Mode: FULL | LR: 1e-05
   📂 [TRAIN] Loading 1 shards...
   ✅ Loaded 72 samples.
   📂 [TEST] Loading 1 shards...
   ✅ Loaded 20 samples.
   ⚙️  Config: Workers=0, BS=32, SmallData=True

>>> Loading Model: mars_mae (timm_mae)
   ℹ️  Config: in_chans=1
   🔍 Auditing weights for [mars_mae]...
   ✅ [PERFECT MATCH] 150/150 layers loaded (100.0%)

   🔍 [Structure Check] mars_mae Output Analysis:
      Type: Tuple (len=2)
      Item 0: Shape (1, 768)
      Item 1: Shape (1, 196, 768)
      ✅ Identified: CLS=True, Patch=True
      👉 Final Strategy: concat_2 | Input Dim: 1536
   🔥 Mode: Full Fine-tuning (Backbone Unfrozen)
   ⚠️ Skipping torch.compile (Small dataset or Windows detected).
   ⚡ AMP Precision: torch.bfloat16
   🔄 Training Start... (Epochs: 50, Patience: 7)
   📅 Epoch 1 | Loss: 0.7842 | Val Accuracy: 25.00%
      ⭐ New Best! Saved.
   📅 Epoch 2 | Loss: 0.8017 | Val Accuracy: 25.00%
   📅 Epoch 3 | Loss: 0.7380 | Val Accuracy: 30.00%
      ⭐ New Best! Saved.
   📅 Epoch 4 | Loss: 0.7230 | Val Accuracy: 35.00%
      ⭐ New Best! Saved.
   📅 Epoch 5 | Loss: 0.7409 | Val Accuracy: 45.00%
      ⭐ New Best! Saved.
   📅 Epoch 6 | Loss: 0.7040 | Val Accuracy: 50.00%
      ⭐ New Best! Saved.
   📅 Epoch 7 | Loss: 0.7125 | Val Accuracy: 45.00%
   📅 Epoch 8 | Loss: 0.6876 | Val Accuracy: 45.00%
   📅 Epoch 9 | Loss: 0.6604 | Val Accuracy: 55.00%
      ⭐ New Best! Saved.
   📅 Epoch 10 | Loss: 0.6336 | Val Accuracy: 55.00%
   📅 Epoch 11 | Loss: 0.6280 | Val Accuracy: 60.00%
      ⭐ New Best! Saved.
   📅 Epoch 12 | Loss: 0.5992 | Val Accuracy: 65.00%
      ⭐ New Best! Saved.
   📅 Epoch 13 | Loss: 0.5740 | Val Accuracy: 70.00%
      ⭐ New Best! Saved.
   📅 Epoch 14 | Loss: 0.5822 | Val Accuracy: 75.00%
      ⭐ New Best! Saved.
   📅 Epoch 15 | Loss: 0.5439 | Val Accuracy: 80.00%
      ⭐ New Best! Saved.
   📅 Epoch 16 | Loss: 0.5497 | Val Accuracy: 80.00%
   📅 Epoch 17 | Loss: 0.5444 | Val Accuracy: 80.00%
   📅 Epoch 18 | Loss: 0.5328 | Val Accuracy: 80.00%
   📅 Epoch 19 | Loss: 0.4949 | Val Accuracy: 80.00%
   📅 Epoch 20 | Loss: 0.4626 | Val Accuracy: 85.00%
      ⭐ New Best! Saved.
   📅 Epoch 21 | Loss: 0.4957 | Val Accuracy: 85.00%
   📅 Epoch 22 | Loss: 0.4907 | Val Accuracy: 80.00%
   📅 Epoch 23 | Loss: 0.4410 | Val Accuracy: 80.00%
   📅 Epoch 24 | Loss: 0.4686 | Val Accuracy: 80.00%
   📅 Epoch 25 | Loss: 0.4496 | Val Accuracy: 80.00%
   📅 Epoch 26 | Loss: 0.4803 | Val Accuracy: 80.00%
   📅 Epoch 27 | Loss: 0.4669 | Val Accuracy: 80.00%

   🛑 Early Stopping triggered after 7 epochs.

========================================
🏆 Best Val Accuracy: 85.00%
💾 Best Checkpoint: ./checkpoints/full_mb-change_cls_ctx_mars_mae_lr1e-05_concat_2.pth
========================================

