
============================================================
📄 Log File: ./logs/full_records/mb-change_cls_hirise_dinov3_lvd_lr0.0001_concat_2.log
⏰ Time: 2026-02-28 10:34:24
============================================================

🚀 Training dinov3_lvd on mb-change_cls_hirise | Mode: FULL | LR: 0.0001
   📂 [TRAIN] Loading 1 shards...
   ✅ Loaded 6206 samples.
   📂 [TEST] Loading 1 shards...
   ✅ Loaded 1340 samples.
   ⚙️  Config: Workers=8, BS=32, SmallData=False

>>> Loading Model: dinov3_lvd (dinov3_hub)
   🔍 Auditing weights for [dinov3_lvd]...
   ✅ [PERFECT MATCH] 368/368 layers loaded (100.0%)

   🔍 [Structure Check] dinov3_lvd Output Analysis:
      Type: Tuple (len=2)
      Item 0: Shape (1, 1024)
      Item 1: Shape (1, 256, 1024)
      ✅ Identified: CLS=True, Patch=True
      👉 Final Strategy: concat_2 | Input Dim: 2048
   🔥 Mode: Full Fine-tuning (Backbone Unfrozen)
   🚀 Compiling model with torch.compile...
   ⚡ AMP Precision: torch.bfloat16
   🔄 Training Start... (Epochs: 50, Patience: 7)
   📅 Epoch 1 | Loss: 0.1850 | Val Accuracy: 95.45%
      ⭐ New Best! Saved.
   📅 Epoch 2 | Loss: 0.1363 | Val Accuracy: 95.97%
      ⭐ New Best! Saved.
   📅 Epoch 3 | Loss: 0.1262 | Val Accuracy: 97.09%
      ⭐ New Best! Saved.
   📅 Epoch 4 | Loss: 0.1189 | Val Accuracy: 97.61%
      ⭐ New Best! Saved.
   📅 Epoch 5 | Loss: 0.1134 | Val Accuracy: 97.39%
   📅 Epoch 6 | Loss: 0.1173 | Val Accuracy: 98.06%
      ⭐ New Best! Saved.
   📅 Epoch 7 | Loss: 0.1089 | Val Accuracy: 97.39%
   📅 Epoch 8 | Loss: 0.1036 | Val Accuracy: 97.01%
   📅 Epoch 9 | Loss: 0.0993 | Val Accuracy: 98.13%
      ⭐ New Best! Saved.
   📅 Epoch 10 | Loss: 0.0993 | Val Accuracy: 98.21%
      ⭐ New Best! Saved.
   📅 Epoch 11 | Loss: 0.1026 | Val Accuracy: 98.28%
      ⭐ New Best! Saved.
   📅 Epoch 12 | Loss: 0.0940 | Val Accuracy: 97.76%
   📅 Epoch 13 | Loss: 0.0994 | Val Accuracy: 98.36%
      ⭐ New Best! Saved.
   📅 Epoch 14 | Loss: 0.0938 | Val Accuracy: 98.13%
   📅 Epoch 15 | Loss: 0.0875 | Val Accuracy: 96.49%
   📅 Epoch 16 | Loss: 0.0987 | Val Accuracy: 97.91%
   📅 Epoch 17 | Loss: 0.0870 | Val Accuracy: 97.24%
   📅 Epoch 18 | Loss: 0.0939 | Val Accuracy: 96.72%
   📅 Epoch 19 | Loss: 0.0902 | Val Accuracy: 98.21%
   📅 Epoch 20 | Loss: 0.0881 | Val Accuracy: 98.81%
      ⭐ New Best! Saved.
   📅 Epoch 21 | Loss: 0.0958 | Val Accuracy: 98.21%
   📅 Epoch 22 | Loss: 0.0868 | Val Accuracy: 98.06%
   📅 Epoch 23 | Loss: 0.0883 | Val Accuracy: 97.99%
   📅 Epoch 24 | Loss: 0.0799 | Val Accuracy: 97.46%
   📅 Epoch 25 | Loss: 0.0907 | Val Accuracy: 98.81%
   📅 Epoch 26 | Loss: 0.0854 | Val Accuracy: 98.28%
   📅 Epoch 27 | Loss: 0.0816 | Val Accuracy: 98.21%

   🛑 Early Stopping triggered after 7 epochs.

========================================
🏆 Best Val Accuracy: 98.81%
💾 Best Checkpoint: ./checkpoints/full_mb-change_cls_hirise_dinov3_lvd_lr0.0001_concat_2.pth
========================================

