
============================================================
📄 Log File: ./logs/full_records/mb-change_cls_ctx_swin_v2_lr0.0001_original.log
⏰ Time: 2026-02-28 13:26:33
============================================================

🚀 Training swin_v2 on mb-change_cls_ctx | Mode: FULL | LR: 0.0001
   📂 [TRAIN] Loading 1 shards...
   ✅ Loaded 72 samples.
   📂 [TEST] Loading 1 shards...
   ✅ Loaded 20 samples.
   ⚙️  Config: Workers=0, BS=32, SmallData=True

>>> Loading Model: swin_v2 (torchvision_swin)
   🔍 Auditing weights for [swin_v2]...
   ✅ [PERFECT MATCH] 449/449 layers loaded (100.0%)

   🔍 [Structure Check] swin_v2 Output Analysis:
      Type: Tuple (len=2)
      Item 0: Shape (1, 1024)
      Item 1: Shape (1, 64, 1024)
      ✅ Identified: CLS=True, Patch=True
      👉 Final Strategy: GAP_only | Input Dim: 1024
   🔥 Mode: Full Fine-tuning (Backbone Unfrozen)
   ⚠️ Skipping torch.compile (Small dataset or Windows detected).
   ⚡ AMP Precision: torch.bfloat16
   🔄 Training Start... (Epochs: 50, Patience: 7)
   📅 Epoch 1 | Loss: 0.7095 | Val Accuracy: 80.00%
      ⭐ New Best! Saved.
   📅 Epoch 2 | Loss: 0.6216 | Val Accuracy: 80.00%
   📅 Epoch 3 | Loss: 0.5531 | Val Accuracy: 80.00%
   📅 Epoch 4 | Loss: 0.5052 | Val Accuracy: 80.00%
   📅 Epoch 5 | Loss: 0.4656 | Val Accuracy: 80.00%
   📅 Epoch 6 | Loss: 0.3999 | Val Accuracy: 80.00%
   📅 Epoch 7 | Loss: 0.3811 | Val Accuracy: 80.00%
   📅 Epoch 8 | Loss: 0.3627 | Val Accuracy: 80.00%

   🛑 Early Stopping triggered after 7 epochs.

========================================
🏆 Best Val Accuracy: 80.00%
💾 Best Checkpoint: ./checkpoints/full_mb-change_cls_ctx_swin_v2_lr0.0001_original.pth
========================================

