
============================================================
📄 Log File: ./logs/full_records/mb-change_cls_hirise_dinov3_sat_lr0.001_concat_2.log
⏰ Time: 2026-02-28 11:16:01
============================================================

🚀 Training dinov3_sat on mb-change_cls_hirise | Mode: FULL | LR: 0.001
   📂 [TRAIN] Loading 1 shards...
   ✅ Loaded 6206 samples.
   📂 [TEST] Loading 1 shards...
   ✅ Loaded 1340 samples.
   ⚙️  Config: Workers=8, BS=32, SmallData=False

>>> Loading Model: dinov3_sat (dinov3_hub)
   🔍 Auditing weights for [dinov3_sat]...
   ✅ [PERFECT MATCH] 368/368 layers loaded (100.0%)

   🔍 [Structure Check] dinov3_sat Output Analysis:
      Type: Tuple (len=2)
      Item 0: Shape (1, 1024)
      Item 1: Shape (1, 256, 1024)
      ✅ Identified: CLS=True, Patch=True
      👉 Final Strategy: concat_2 | Input Dim: 2048
   🔥 Mode: Full Fine-tuning (Backbone Unfrozen)
   🚀 Compiling model with torch.compile...
   ⚡ AMP Precision: torch.bfloat16
   🔄 Training Start... (Epochs: 50, Patience: 7)
   📅 Epoch 1 | Loss: 0.2092 | Val Accuracy: 93.81%
      ⭐ New Best! Saved.
   📅 Epoch 2 | Loss: 0.1791 | Val Accuracy: 95.90%
      ⭐ New Best! Saved.
   📅 Epoch 3 | Loss: 0.1604 | Val Accuracy: 95.97%
      ⭐ New Best! Saved.
   📅 Epoch 4 | Loss: 0.1557 | Val Accuracy: 96.04%
      ⭐ New Best! Saved.
   📅 Epoch 5 | Loss: 0.1615 | Val Accuracy: 95.75%
   📅 Epoch 6 | Loss: 0.1430 | Val Accuracy: 95.67%
   📅 Epoch 7 | Loss: 0.1854 | Val Accuracy: 95.22%
   📅 Epoch 8 | Loss: 0.1679 | Val Accuracy: 96.12%
      ⭐ New Best! Saved.
   📅 Epoch 9 | Loss: 0.1640 | Val Accuracy: 94.78%
   📅 Epoch 10 | Loss: 0.1584 | Val Accuracy: 94.10%
   📅 Epoch 11 | Loss: 0.1454 | Val Accuracy: 95.67%
   📅 Epoch 12 | Loss: 0.1408 | Val Accuracy: 94.93%
   📅 Epoch 13 | Loss: 0.1354 | Val Accuracy: 96.27%
      ⭐ New Best! Saved.
   📅 Epoch 14 | Loss: 0.1376 | Val Accuracy: 94.33%
   📅 Epoch 15 | Loss: 0.1373 | Val Accuracy: 96.34%
      ⭐ New Best! Saved.
   📅 Epoch 16 | Loss: 0.1274 | Val Accuracy: 96.19%
   📅 Epoch 17 | Loss: 0.1287 | Val Accuracy: 95.30%
   📅 Epoch 18 | Loss: 0.1279 | Val Accuracy: 94.70%
   📅 Epoch 19 | Loss: 0.1270 | Val Accuracy: 96.04%
   📅 Epoch 20 | Loss: 0.1281 | Val Accuracy: 95.60%
   📅 Epoch 21 | Loss: 0.1361 | Val Accuracy: 97.01%
      ⭐ New Best! Saved.
   📅 Epoch 22 | Loss: 0.1304 | Val Accuracy: 95.22%
   📅 Epoch 23 | Loss: 0.1300 | Val Accuracy: 96.72%
   📅 Epoch 24 | Loss: 0.1324 | Val Accuracy: 95.82%
   📅 Epoch 25 | Loss: 0.1197 | Val Accuracy: 96.12%
   📅 Epoch 26 | Loss: 0.1311 | Val Accuracy: 95.67%
   📅 Epoch 27 | Loss: 0.1361 | Val Accuracy: 95.45%
   📅 Epoch 28 | Loss: 0.1329 | Val Accuracy: 95.37%

   🛑 Early Stopping triggered after 7 epochs.

========================================
🏆 Best Val Accuracy: 97.01%
💾 Best Checkpoint: ./checkpoints/full_mb-change_cls_hirise_dinov3_sat_lr0.001_concat_2.pth
========================================

