
============================================================
📄 Log File: ./logs/full_records/mb-change_cls_hirise_swin_v2_lr0.0001_concat_2.log
⏰ Time: 2026-02-28 16:09:50
============================================================

🚀 Training swin_v2 on mb-change_cls_hirise | Mode: FULL | LR: 0.0001
   📂 [TRAIN] Loading 1 shards...
   ✅ Loaded 6206 samples.
   📂 [TEST] Loading 1 shards...
   ✅ Loaded 1340 samples.
   ⚙️  Config: Workers=8, BS=32, SmallData=False

>>> Loading Model: swin_v2 (torchvision_swin)
   🔍 Auditing weights for [swin_v2]...
   ✅ [PERFECT MATCH] 449/449 layers loaded (100.0%)

   🔍 [Structure Check] swin_v2 Output Analysis:
      Type: Tuple (len=2)
      Item 0: Shape (1, 1024)
      Item 1: Shape (1, 64, 1024)
      ✅ Identified: CLS=True, Patch=True
      👉 Final Strategy: concat_2 | Input Dim: 2048
   🔥 Mode: Full Fine-tuning (Backbone Unfrozen)
   🚀 Compiling model with torch.compile...
   ⚡ AMP Precision: torch.bfloat16
   🔄 Training Start... (Epochs: 50, Patience: 7)
   📅 Epoch 1 | Loss: 0.2287 | Val Accuracy: 94.55%
      ⭐ New Best! Saved.
   📅 Epoch 2 | Loss: 0.1617 | Val Accuracy: 94.85%
      ⭐ New Best! Saved.
   📅 Epoch 3 | Loss: 0.1536 | Val Accuracy: 95.90%
      ⭐ New Best! Saved.
   📅 Epoch 4 | Loss: 0.1553 | Val Accuracy: 95.00%
   📅 Epoch 5 | Loss: 0.1455 | Val Accuracy: 96.34%
      ⭐ New Best! Saved.
   📅 Epoch 6 | Loss: 0.1357 | Val Accuracy: 96.49%
      ⭐ New Best! Saved.
   📅 Epoch 7 | Loss: 0.1377 | Val Accuracy: 95.00%
   📅 Epoch 8 | Loss: 0.1306 | Val Accuracy: 96.34%
   📅 Epoch 9 | Loss: 0.1402 | Val Accuracy: 96.27%
   📅 Epoch 10 | Loss: 0.1386 | Val Accuracy: 96.12%
   📅 Epoch 11 | Loss: 0.1327 | Val Accuracy: 95.60%
   📅 Epoch 12 | Loss: 0.1217 | Val Accuracy: 96.64%
      ⭐ New Best! Saved.
   📅 Epoch 13 | Loss: 0.1336 | Val Accuracy: 96.42%
   📅 Epoch 14 | Loss: 0.1280 | Val Accuracy: 97.24%
      ⭐ New Best! Saved.
   📅 Epoch 15 | Loss: 0.1295 | Val Accuracy: 95.45%
   📅 Epoch 16 | Loss: 0.1222 | Val Accuracy: 94.03%
   📅 Epoch 17 | Loss: 0.1189 | Val Accuracy: 97.16%
   📅 Epoch 18 | Loss: 0.1175 | Val Accuracy: 95.82%
   📅 Epoch 19 | Loss: 0.1242 | Val Accuracy: 95.37%
   📅 Epoch 20 | Loss: 0.1209 | Val Accuracy: 96.49%
   📅 Epoch 21 | Loss: 0.1166 | Val Accuracy: 96.19%

   🛑 Early Stopping triggered after 7 epochs.

========================================
🏆 Best Val Accuracy: 97.24%
💾 Best Checkpoint: ./checkpoints/full_mb-change_cls_hirise_swin_v2_lr0.0001_concat_2.pth
========================================

