
============================================================
📄 Log File: ./logs/full_records/mb-change_cls_hirise_openclip_lr1e-05_original.log
⏰ Time: 2026-02-28 19:29:02
============================================================

🚀 Training openclip on mb-change_cls_hirise | Mode: FULL | LR: 1e-05
   📂 [TRAIN] Loading 1 shards...
   ✅ Loaded 6206 samples.
   📂 [TEST] Loading 1 shards...
   ✅ Loaded 1340 samples.
   ⚙️  Config: Workers=8, BS=32, SmallData=False

>>> Loading Model: openclip (transformers_clip)

   🔍 [Structure Check] openclip Output Analysis:
      Type: Tuple (len=2)
      Item 0: Shape (1, 1024)
      Item 1: Shape (1, 256, 1024)
      ✅ Identified: CLS=True, Patch=True
      👉 Final Strategy: CLS_only | Input Dim: 1024
   🔥 Mode: Full Fine-tuning (Backbone Unfrozen)
   🚀 Compiling model with torch.compile...
   ⚡ AMP Precision: torch.bfloat16
   🔄 Training Start... (Epochs: 50, Patience: 7)
   📅 Epoch 1 | Loss: 0.2143 | Val Accuracy: 95.07%
      ⭐ New Best! Saved.
   📅 Epoch 2 | Loss: 0.1635 | Val Accuracy: 95.97%
      ⭐ New Best! Saved.
   📅 Epoch 3 | Loss: 0.1456 | Val Accuracy: 95.97%
   📅 Epoch 4 | Loss: 0.1425 | Val Accuracy: 95.67%
   📅 Epoch 5 | Loss: 0.1356 | Val Accuracy: 95.52%
   📅 Epoch 6 | Loss: 0.1322 | Val Accuracy: 96.19%
      ⭐ New Best! Saved.
   📅 Epoch 7 | Loss: 0.1316 | Val Accuracy: 95.90%
   📅 Epoch 8 | Loss: 0.1206 | Val Accuracy: 96.12%
   📅 Epoch 9 | Loss: 0.1253 | Val Accuracy: 95.97%
   📅 Epoch 10 | Loss: 0.1288 | Val Accuracy: 95.30%
   📅 Epoch 11 | Loss: 0.1177 | Val Accuracy: 94.48%
   📅 Epoch 12 | Loss: 0.1154 | Val Accuracy: 94.18%
   📅 Epoch 13 | Loss: 0.1216 | Val Accuracy: 96.19%

   🛑 Early Stopping triggered after 7 epochs.

========================================
🏆 Best Val Accuracy: 96.19%
💾 Best Checkpoint: ./checkpoints/full_mb-change_cls_hirise_openclip_lr1e-05_original.pth
========================================

