
============================================================
📄 Log File: ./logs/full_records/mb-change_cls_hirise_siglip2_lr1e-05_original.log
⏰ Time: 2026-02-28 22:27:00
============================================================

🚀 Training siglip2 on mb-change_cls_hirise | Mode: FULL | LR: 1e-05
   📂 [TRAIN] Loading 1 shards...
   ✅ Loaded 6206 samples.
   📂 [TEST] Loading 1 shards...
   ✅ Loaded 1340 samples.
   ⚙️  Config: Workers=8, BS=32, SmallData=False

>>> Loading Model: siglip2 (transformers)

   🔍 [Structure Check] siglip2 Output Analysis:
      Type: Tuple (len=2)
      Item 0: Shape (1, 1024)
      Item 1: Shape (1, 256, 1024)
      ✅ Identified: CLS=True, Patch=True
      👉 Final Strategy: CLS_only | Input Dim: 1024
   🔥 Mode: Full Fine-tuning (Backbone Unfrozen)
   🚀 Compiling model with torch.compile...
   ⚡ AMP Precision: torch.bfloat16
   🔄 Training Start... (Epochs: 50, Patience: 7)
   📅 Epoch 1 | Loss: 0.2846 | Val Accuracy: 92.09%
      ⭐ New Best! Saved.
   📅 Epoch 2 | Loss: 0.1698 | Val Accuracy: 95.52%
      ⭐ New Best! Saved.
   📅 Epoch 3 | Loss: 0.1596 | Val Accuracy: 95.82%
      ⭐ New Best! Saved.
   📅 Epoch 4 | Loss: 0.1400 | Val Accuracy: 96.27%
      ⭐ New Best! Saved.
   📅 Epoch 5 | Loss: 0.1432 | Val Accuracy: 96.49%
      ⭐ New Best! Saved.
   📅 Epoch 6 | Loss: 0.1412 | Val Accuracy: 95.97%
   📅 Epoch 7 | Loss: 0.1306 | Val Accuracy: 94.70%
   📅 Epoch 8 | Loss: 0.1254 | Val Accuracy: 96.42%
   📅 Epoch 9 | Loss: 0.1258 | Val Accuracy: 96.64%
      ⭐ New Best! Saved.
   📅 Epoch 10 | Loss: 0.1253 | Val Accuracy: 96.87%
      ⭐ New Best! Saved.
   📅 Epoch 11 | Loss: 0.1203 | Val Accuracy: 96.49%
   📅 Epoch 12 | Loss: 0.1230 | Val Accuracy: 96.64%
   📅 Epoch 13 | Loss: 0.1136 | Val Accuracy: 94.93%
   📅 Epoch 14 | Loss: 0.1120 | Val Accuracy: 97.09%
      ⭐ New Best! Saved.
   📅 Epoch 15 | Loss: 0.1165 | Val Accuracy: 97.01%
   📅 Epoch 16 | Loss: 0.1148 | Val Accuracy: 97.09%
   📅 Epoch 17 | Loss: 0.1068 | Val Accuracy: 97.24%
      ⭐ New Best! Saved.
   📅 Epoch 18 | Loss: 0.1150 | Val Accuracy: 97.46%
      ⭐ New Best! Saved.
   📅 Epoch 19 | Loss: 0.1075 | Val Accuracy: 97.61%
      ⭐ New Best! Saved.
   📅 Epoch 20 | Loss: 0.1006 | Val Accuracy: 96.34%
   📅 Epoch 21 | Loss: 0.1008 | Val Accuracy: 97.09%
   📅 Epoch 22 | Loss: 0.1102 | Val Accuracy: 97.39%
   📅 Epoch 23 | Loss: 0.1044 | Val Accuracy: 97.46%
   📅 Epoch 24 | Loss: 0.0984 | Val Accuracy: 97.24%
   📅 Epoch 25 | Loss: 0.1051 | Val Accuracy: 97.69%
      ⭐ New Best! Saved.
   📅 Epoch 26 | Loss: 0.1080 | Val Accuracy: 96.87%
   📅 Epoch 27 | Loss: 0.1062 | Val Accuracy: 96.94%
   📅 Epoch 28 | Loss: 0.1014 | Val Accuracy: 97.84%
      ⭐ New Best! Saved.
   📅 Epoch 29 | Loss: 0.0991 | Val Accuracy: 97.69%
   📅 Epoch 30 | Loss: 0.0992 | Val Accuracy: 97.31%
   📅 Epoch 31 | Loss: 0.0960 | Val Accuracy: 97.09%
   📅 Epoch 32 | Loss: 0.1061 | Val Accuracy: 97.61%
   📅 Epoch 33 | Loss: 0.0988 | Val Accuracy: 97.54%
   📅 Epoch 34 | Loss: 0.0993 | Val Accuracy: 97.24%
   📅 Epoch 35 | Loss: 0.0985 | Val Accuracy: 97.39%

   🛑 Early Stopping triggered after 7 epochs.

========================================
🏆 Best Val Accuracy: 97.84%
💾 Best Checkpoint: ./checkpoints/full_mb-change_cls_hirise_siglip2_lr1e-05_original.pth
========================================

