
============================================================
📄 Log File: ./logs/full_records/mb-change_cls_ctx_dinov3_sat_lr0.0001_concat_2.log
⏰ Time: 2026-02-28 09:56:12
============================================================

🚀 Training dinov3_sat on mb-change_cls_ctx | Mode: FULL | LR: 0.0001
   📂 [TRAIN] Loading 1 shards...
   ✅ Loaded 72 samples.
   📂 [TEST] Loading 1 shards...
   ✅ Loaded 20 samples.
   ⚙️  Config: Workers=0, BS=32, SmallData=True

>>> Loading Model: dinov3_sat (dinov3_hub)
   🔍 Auditing weights for [dinov3_sat]...
   ✅ [PERFECT MATCH] 368/368 layers loaded (100.0%)

   🔍 [Structure Check] dinov3_sat Output Analysis:
      Type: Tuple (len=2)
      Item 0: Shape (1, 1024)
      Item 1: Shape (1, 256, 1024)
      ✅ Identified: CLS=True, Patch=True
      👉 Final Strategy: concat_2 | Input Dim: 2048
   🔥 Mode: Full Fine-tuning (Backbone Unfrozen)
   ⚠️ Skipping torch.compile (Small dataset or Windows detected).
   ⚡ AMP Precision: torch.bfloat16
   🔄 Training Start... (Epochs: 50, Patience: 7)
   📅 Epoch 1 | Loss: 0.7771 | Val Accuracy: 45.00%
      ⭐ New Best! Saved.
   📅 Epoch 2 | Loss: 0.7484 | Val Accuracy: 80.00%
      ⭐ New Best! Saved.
   📅 Epoch 3 | Loss: 0.6506 | Val Accuracy: 80.00%
   📅 Epoch 4 | Loss: 0.6083 | Val Accuracy: 80.00%
   📅 Epoch 5 | Loss: 0.5557 | Val Accuracy: 80.00%
   📅 Epoch 6 | Loss: 0.4996 | Val Accuracy: 80.00%
   📅 Epoch 7 | Loss: 0.4648 | Val Accuracy: 80.00%
   📅 Epoch 8 | Loss: 0.4209 | Val Accuracy: 80.00%
   📅 Epoch 9 | Loss: 0.4309 | Val Accuracy: 80.00%

   🛑 Early Stopping triggered after 7 epochs.

========================================
🏆 Best Val Accuracy: 80.00%
💾 Best Checkpoint: ./checkpoints/full_mb-change_cls_ctx_dinov3_sat_lr0.0001_concat_2.pth
========================================

