
============================================================
📄 Log File: ./logs/full_records/mb-change_cls_hirise_swin_v2_lr1e-05_concat_3.log
⏰ Time: 2026-02-28 16:00:27
============================================================

🚀 Training swin_v2 on mb-change_cls_hirise | Mode: FULL | LR: 1e-05
   📂 [TRAIN] Loading 1 shards...
   ✅ Loaded 6206 samples.
   📂 [TEST] Loading 1 shards...
   ✅ Loaded 1340 samples.
   ⚙️  Config: Workers=8, BS=32, SmallData=False

>>> Loading Model: swin_v2 (torchvision_swin)
   🔍 Auditing weights for [swin_v2]...
   ✅ [PERFECT MATCH] 449/449 layers loaded (100.0%)

   🔍 [Structure Check] swin_v2 Output Analysis:
      Type: Tuple (len=2)
      Item 0: Shape (1, 1024)
      Item 1: Shape (1, 64, 1024)
      ✅ Identified: CLS=True, Patch=True
      👉 Final Strategy: concat_3 | Input Dim: 3072
   🔥 Mode: Full Fine-tuning (Backbone Unfrozen)
   🚀 Compiling model with torch.compile...
   ⚡ AMP Precision: torch.bfloat16
   🔄 Training Start... (Epochs: 50, Patience: 7)
   📅 Epoch 1 | Loss: 0.3339 | Val Accuracy: 91.94%
      ⭐ New Best! Saved.
   📅 Epoch 2 | Loss: 0.2442 | Val Accuracy: 91.94%
   📅 Epoch 3 | Loss: 0.2256 | Val Accuracy: 91.94%
   📅 Epoch 4 | Loss: 0.2050 | Val Accuracy: 92.61%
      ⭐ New Best! Saved.
   📅 Epoch 5 | Loss: 0.1915 | Val Accuracy: 94.48%
      ⭐ New Best! Saved.
   📅 Epoch 6 | Loss: 0.1799 | Val Accuracy: 94.70%
      ⭐ New Best! Saved.
   📅 Epoch 7 | Loss: 0.1703 | Val Accuracy: 95.15%
      ⭐ New Best! Saved.
   📅 Epoch 8 | Loss: 0.1687 | Val Accuracy: 95.22%
      ⭐ New Best! Saved.
   📅 Epoch 9 | Loss: 0.1636 | Val Accuracy: 95.30%
      ⭐ New Best! Saved.
   📅 Epoch 10 | Loss: 0.1576 | Val Accuracy: 95.30%
   📅 Epoch 11 | Loss: 0.1585 | Val Accuracy: 94.85%
   📅 Epoch 12 | Loss: 0.1544 | Val Accuracy: 95.07%
   📅 Epoch 13 | Loss: 0.1486 | Val Accuracy: 95.15%
   📅 Epoch 14 | Loss: 0.1476 | Val Accuracy: 95.07%
   📅 Epoch 15 | Loss: 0.1463 | Val Accuracy: 94.93%
   📅 Epoch 16 | Loss: 0.1403 | Val Accuracy: 95.22%

   🛑 Early Stopping triggered after 7 epochs.

========================================
🏆 Best Val Accuracy: 95.30%
💾 Best Checkpoint: ./checkpoints/full_mb-change_cls_hirise_swin_v2_lr1e-05_concat_3.pth
========================================

