
============================================================
📄 Log File: ./logs/full_records/mb-change_cls_ctx_dinov2_l14_lr1e-05_concat_3.log
⏰ Time: 2026-02-28 10:40:08
============================================================

🚀 Training dinov2_l14 on mb-change_cls_ctx | Mode: FULL | LR: 1e-05
   📂 [TRAIN] Loading 1 shards...
   ✅ Loaded 72 samples.
   📂 [TEST] Loading 1 shards...
   ✅ Loaded 20 samples.
   ⚙️  Config: Workers=0, BS=32, SmallData=True

>>> Loading Model: dinov2_l14 (dinov2_hub)
   🔍 Auditing weights for [dinov2_l14]...
   ✅ [PERFECT MATCH] 343/343 layers loaded (100.0%)

   🔍 [Structure Check] dinov2_l14 Output Analysis:
      Type: Tuple (len=2)
      Item 0: Shape (1, 1024)
      Item 1: Shape (1, 256, 1024)
      ✅ Identified: CLS=True, Patch=True
      👉 Final Strategy: concat_3 | Input Dim: 3072
   🔥 Mode: Full Fine-tuning (Backbone Unfrozen)
   ⚠️ Skipping torch.compile (Small dataset or Windows detected).
   ⚡ AMP Precision: torch.bfloat16
   🔄 Training Start... (Epochs: 50, Patience: 7)
   📅 Epoch 1 | Loss: 0.8328 | Val Accuracy: 75.00%
      ⭐ New Best! Saved.
   📅 Epoch 2 | Loss: 0.6206 | Val Accuracy: 75.00%
   📅 Epoch 3 | Loss: 0.5016 | Val Accuracy: 80.00%
      ⭐ New Best! Saved.
   📅 Epoch 4 | Loss: 0.3876 | Val Accuracy: 80.00%
   📅 Epoch 5 | Loss: 0.3097 | Val Accuracy: 80.00%
   📅 Epoch 6 | Loss: 0.2863 | Val Accuracy: 80.00%
   📅 Epoch 7 | Loss: 0.3296 | Val Accuracy: 80.00%
   📅 Epoch 8 | Loss: 0.3556 | Val Accuracy: 80.00%
   📅 Epoch 9 | Loss: 0.3784 | Val Accuracy: 80.00%
   📅 Epoch 10 | Loss: 0.3266 | Val Accuracy: 80.00%

   🛑 Early Stopping triggered after 7 epochs.

========================================
🏆 Best Val Accuracy: 80.00%
💾 Best Checkpoint: ./checkpoints/full_mb-change_cls_ctx_dinov2_l14_lr1e-05_concat_3.pth
========================================

