
============================================================
📄 Log File: ./logs/full_records/mb-change_cls_ctx_dinov3_sat_lr0.0001_original.log
⏰ Time: 2026-02-28 13:21:37
============================================================

🚀 Training dinov3_sat on mb-change_cls_ctx | Mode: FULL | LR: 0.0001
   📂 [TRAIN] Loading 1 shards...
   ✅ Loaded 72 samples.
   📂 [TEST] Loading 1 shards...
   ✅ Loaded 20 samples.
   ⚙️  Config: Workers=0, BS=32, SmallData=True

>>> Loading Model: dinov3_sat (dinov3_hub)
   🔍 Auditing weights for [dinov3_sat]...
   ✅ [PERFECT MATCH] 368/368 layers loaded (100.0%)

   🔍 [Structure Check] dinov3_sat Output Analysis:
      Type: Tuple (len=2)
      Item 0: Shape (1, 1024)
      Item 1: Shape (1, 256, 1024)
      ✅ Identified: CLS=True, Patch=True
      👉 Final Strategy: GAP_only | Input Dim: 1024
   🔥 Mode: Full Fine-tuning (Backbone Unfrozen)
   ⚠️ Skipping torch.compile (Small dataset or Windows detected).
   ⚡ AMP Precision: torch.bfloat16
   🔄 Training Start... (Epochs: 50, Patience: 7)
   📅 Epoch 1 | Loss: 0.7028 | Val Accuracy: 70.00%
      ⭐ New Best! Saved.
   📅 Epoch 2 | Loss: 0.6838 | Val Accuracy: 75.00%
      ⭐ New Best! Saved.
   📅 Epoch 3 | Loss: 0.6594 | Val Accuracy: 80.00%
      ⭐ New Best! Saved.
   📅 Epoch 4 | Loss: 0.6402 | Val Accuracy: 80.00%
   📅 Epoch 5 | Loss: 0.6183 | Val Accuracy: 80.00%
   📅 Epoch 6 | Loss: 0.5974 | Val Accuracy: 80.00%
   📅 Epoch 7 | Loss: 0.5779 | Val Accuracy: 80.00%
   📅 Epoch 8 | Loss: 0.5522 | Val Accuracy: 80.00%
   📅 Epoch 9 | Loss: 0.5478 | Val Accuracy: 80.00%
   📅 Epoch 10 | Loss: 0.5209 | Val Accuracy: 80.00%

   🛑 Early Stopping triggered after 7 epochs.

========================================
🏆 Best Val Accuracy: 80.00%
💾 Best Checkpoint: ./checkpoints/full_mb-change_cls_ctx_dinov3_sat_lr0.0001_original.pth
========================================

