
============================================================
📄 Log File: ./logs/full_records/mb-change_cls_hirise_dinov3_sat_1cha_lr0.001_concat_2.log
⏰ Time: 2026-04-02 00:55:56
============================================================

🚀 Training dinov3_sat_1cha on mb-change_cls_hirise | Mode: FULL | LR: 0.001
   📂 [TRAIN] Loading 1 shards...
   ✅ Loaded 6206 samples.
   📂 [TEST] Loading 1 shards...
   ✅ Loaded 1340 samples.
   ⚙️  Config: Workers=8, BS=32, SmallData=False

>>> Loading Model: dinov3_sat_1cha (dinov3_hub)
   🔍 Auditing weights for [dinov3_sat_1cha]...
   ✅ [PERFECT MATCH] 368/368 layers loaded (100.0%)

   🔍 [Structure Check] dinov3_sat_1cha Output Analysis:
      Type: Tuple (len=2)
      Item 0: Shape (1, 1024)
      Item 1: Shape (1, 256, 1024)
      ✅ Identified: CLS=True, Patch=True
      👉 Final Strategy: concat_2 | Input Dim: 2048
   🔥 Mode: Full Fine-tuning (Backbone Unfrozen)
   🚀 Compiling model with torch.compile...
   ⚡ AMP Precision: torch.bfloat16
   🔄 Training Start... (Epochs: 50, Patience: 7)
   📅 Epoch 1 | Loss: 0.2052 | Val Accuracy: 94.70%
      ⭐ New Best! Saved.
   📅 Epoch 2 | Loss: 0.1777 | Val Accuracy: 95.90%
      ⭐ New Best! Saved.
   📅 Epoch 3 | Loss: 0.1740 | Val Accuracy: 96.57%
      ⭐ New Best! Saved.
   📅 Epoch 4 | Loss: 0.1613 | Val Accuracy: 95.15%
   📅 Epoch 5 | Loss: 0.1491 | Val Accuracy: 95.75%
   📅 Epoch 6 | Loss: 0.1352 | Val Accuracy: 96.04%
   📅 Epoch 7 | Loss: 0.1392 | Val Accuracy: 96.34%
   📅 Epoch 8 | Loss: 0.1351 | Val Accuracy: 95.60%
   📅 Epoch 9 | Loss: 0.1253 | Val Accuracy: 95.97%
   📅 Epoch 10 | Loss: 0.1208 | Val Accuracy: 96.87%
      ⭐ New Best! Saved.
   📅 Epoch 11 | Loss: 0.1267 | Val Accuracy: 96.12%
   📅 Epoch 12 | Loss: 0.1293 | Val Accuracy: 96.12%
   📅 Epoch 13 | Loss: 0.1219 | Val Accuracy: 97.31%
      ⭐ New Best! Saved.
   📅 Epoch 14 | Loss: 0.1250 | Val Accuracy: 97.16%
   📅 Epoch 15 | Loss: 0.1222 | Val Accuracy: 96.12%
   📅 Epoch 16 | Loss: 0.1549 | Val Accuracy: 94.10%
   📅 Epoch 17 | Loss: 0.1393 | Val Accuracy: 96.34%
   📅 Epoch 18 | Loss: 0.1280 | Val Accuracy: 95.97%
   📅 Epoch 19 | Loss: 0.1402 | Val Accuracy: 95.45%
   📅 Epoch 20 | Loss: 0.1246 | Val Accuracy: 96.27%

   🛑 Early Stopping triggered after 7 epochs.

========================================
🏆 Best Val Accuracy: 97.31%
💾 Best Checkpoint: ./checkpoints/full_mb-change_cls_hirise_dinov3_sat_1cha_lr0.001_concat_2.pth
========================================

