
============================================================
📄 Log File: ./logs/full_records/mb-change_cls_hirise_satmae_lr0.0001_concat_3.log
⏰ Time: 2026-02-28 14:19:54
============================================================

🚀 Training satmae on mb-change_cls_hirise | Mode: FULL | LR: 0.0001
   📂 [TRAIN] Loading 1 shards...
   ✅ Loaded 6206 samples.
   📂 [TEST] Loading 1 shards...
   ✅ Loaded 1340 samples.
   ⚙️  Config: Workers=8, BS=32, SmallData=False

>>> Loading Model: satmae (timm_mae)
   ℹ️  Config: in_chans=3
   🔍 Auditing weights for [satmae]...
   ✅ [PERFECT MATCH] 294/294 layers loaded (100.0%)

   🔍 [Structure Check] satmae Output Analysis:
      Type: Tuple (len=2)
      Item 0: Shape (1, 1024)
      Item 1: Shape (1, 196, 1024)
      ✅ Identified: CLS=True, Patch=True
      👉 Final Strategy: concat_3 | Input Dim: 3072
   🔥 Mode: Full Fine-tuning (Backbone Unfrozen)
   🚀 Compiling model with torch.compile...
   ⚡ AMP Precision: torch.bfloat16
   🔄 Training Start... (Epochs: 50, Patience: 7)
   📅 Epoch 1 | Loss: 0.2261 | Val Accuracy: 94.33%
      ⭐ New Best! Saved.
   📅 Epoch 2 | Loss: 0.1935 | Val Accuracy: 94.70%
      ⭐ New Best! Saved.
   📅 Epoch 3 | Loss: 0.1947 | Val Accuracy: 95.82%
      ⭐ New Best! Saved.
   📅 Epoch 4 | Loss: 0.1746 | Val Accuracy: 94.63%
   📅 Epoch 5 | Loss: 0.1717 | Val Accuracy: 95.60%
   📅 Epoch 6 | Loss: 0.1554 | Val Accuracy: 94.10%
   📅 Epoch 7 | Loss: 0.1636 | Val Accuracy: 95.45%
   📅 Epoch 8 | Loss: 0.1649 | Val Accuracy: 94.78%
   📅 Epoch 9 | Loss: 0.1469 | Val Accuracy: 93.81%
   📅 Epoch 10 | Loss: 0.1576 | Val Accuracy: 94.93%

   🛑 Early Stopping triggered after 7 epochs.

========================================
🏆 Best Val Accuracy: 95.82%
💾 Best Checkpoint: ./checkpoints/full_mb-change_cls_hirise_satmae_lr0.0001_concat_3.pth
========================================

