
============================================================
📄 Log File: ./logs/full_records/mb-change_cls_ctx_dinov3_sat_1cha_lr1e-05_original.log
⏰ Time: 2026-04-02 00:31:29
============================================================

🚀 Training dinov3_sat_1cha on mb-change_cls_ctx | Mode: FULL | LR: 1e-05
   📂 [TRAIN] Loading 1 shards...
   ✅ Loaded 72 samples.
   📂 [TEST] Loading 1 shards...
   ✅ Loaded 20 samples.
   ⚙️  Config: Workers=0, BS=32, SmallData=True

>>> Loading Model: dinov3_sat_1cha (dinov3_hub)
   🔍 Auditing weights for [dinov3_sat_1cha]...
   ✅ [PERFECT MATCH] 368/368 layers loaded (100.0%)

   🔍 [Structure Check] dinov3_sat_1cha Output Analysis:
      Type: Tuple (len=2)
      Item 0: Shape (1, 1024)
      Item 1: Shape (1, 256, 1024)
      ✅ Identified: CLS=True, Patch=True
      👉 Final Strategy: GAP_only | Input Dim: 1024
   🔥 Mode: Full Fine-tuning (Backbone Unfrozen)
   ⚠️ Skipping torch.compile (Small dataset or Windows detected).
   ⚡ AMP Precision: torch.bfloat16
   🔄 Training Start... (Epochs: 50, Patience: 7)
   📅 Epoch 1 | Loss: 0.6996 | Val Accuracy: 50.00%
      ⭐ New Best! Saved.
   📅 Epoch 2 | Loss: 0.6968 | Val Accuracy: 50.00%
   📅 Epoch 3 | Loss: 0.6906 | Val Accuracy: 50.00%
   📅 Epoch 4 | Loss: 0.6891 | Val Accuracy: 55.00%
      ⭐ New Best! Saved.
   📅 Epoch 5 | Loss: 0.6913 | Val Accuracy: 55.00%
   📅 Epoch 6 | Loss: 0.6857 | Val Accuracy: 55.00%
   📅 Epoch 7 | Loss: 0.6871 | Val Accuracy: 60.00%
      ⭐ New Best! Saved.
   📅 Epoch 8 | Loss: 0.6832 | Val Accuracy: 65.00%
      ⭐ New Best! Saved.
   📅 Epoch 9 | Loss: 0.6819 | Val Accuracy: 75.00%
      ⭐ New Best! Saved.
   📅 Epoch 10 | Loss: 0.6727 | Val Accuracy: 75.00%
   📅 Epoch 11 | Loss: 0.6797 | Val Accuracy: 75.00%
   📅 Epoch 12 | Loss: 0.6736 | Val Accuracy: 75.00%
   📅 Epoch 13 | Loss: 0.6666 | Val Accuracy: 75.00%
   📅 Epoch 14 | Loss: 0.6729 | Val Accuracy: 80.00%
      ⭐ New Best! Saved.
   📅 Epoch 15 | Loss: 0.6675 | Val Accuracy: 80.00%
   📅 Epoch 16 | Loss: 0.6567 | Val Accuracy: 80.00%
   📅 Epoch 17 | Loss: 0.6566 | Val Accuracy: 80.00%
   📅 Epoch 18 | Loss: 0.6624 | Val Accuracy: 80.00%
   📅 Epoch 19 | Loss: 0.6542 | Val Accuracy: 80.00%
   📅 Epoch 20 | Loss: 0.6584 | Val Accuracy: 85.00%
      ⭐ New Best! Saved.
   📅 Epoch 21 | Loss: 0.6506 | Val Accuracy: 85.00%
   📅 Epoch 22 | Loss: 0.6462 | Val Accuracy: 80.00%
   📅 Epoch 23 | Loss: 0.6431 | Val Accuracy: 80.00%
   📅 Epoch 24 | Loss: 0.6425 | Val Accuracy: 80.00%
   📅 Epoch 25 | Loss: 0.6401 | Val Accuracy: 80.00%
   📅 Epoch 26 | Loss: 0.6341 | Val Accuracy: 80.00%
   📅 Epoch 27 | Loss: 0.6390 | Val Accuracy: 80.00%

   🛑 Early Stopping triggered after 7 epochs.

========================================
🏆 Best Val Accuracy: 85.00%
💾 Best Checkpoint: ./checkpoints/full_mb-change_cls_ctx_dinov3_sat_1cha_lr1e-05_original.pth
========================================

