
============================================================
📄 Log File: ./logs/full_records/mb-change_cls_hirise_dinov3_lvd_1cha_lr0.0001_concat_3.log
⏰ Time: 2026-04-02 02:58:48
============================================================

🚀 Training dinov3_lvd_1cha on mb-change_cls_hirise | Mode: FULL | LR: 0.0001
   📂 [TRAIN] Loading 1 shards...
   ✅ Loaded 6206 samples.
   📂 [TEST] Loading 1 shards...
   ✅ Loaded 1340 samples.
   ⚙️  Config: Workers=8, BS=32, SmallData=False

>>> Loading Model: dinov3_lvd_1cha (dinov3_hub)
   🔍 Auditing weights for [dinov3_lvd_1cha]...
   ✅ [PERFECT MATCH] 368/368 layers loaded (100.0%)

   🔍 [Structure Check] dinov3_lvd_1cha Output Analysis:
      Type: Tuple (len=2)
      Item 0: Shape (1, 1024)
      Item 1: Shape (1, 256, 1024)
      ✅ Identified: CLS=True, Patch=True
      👉 Final Strategy: concat_3 | Input Dim: 3072
   🔥 Mode: Full Fine-tuning (Backbone Unfrozen)
   🚀 Compiling model with torch.compile...
   ⚡ AMP Precision: torch.bfloat16
   🔄 Training Start... (Epochs: 50, Patience: 7)
   📅 Epoch 1 | Loss: 0.1988 | Val Accuracy: 93.58%
      ⭐ New Best! Saved.
   📅 Epoch 2 | Loss: 0.1367 | Val Accuracy: 96.87%
      ⭐ New Best! Saved.
   📅 Epoch 3 | Loss: 0.1296 | Val Accuracy: 96.87%
   📅 Epoch 4 | Loss: 0.1240 | Val Accuracy: 96.42%
   📅 Epoch 5 | Loss: 0.1147 | Val Accuracy: 97.61%
      ⭐ New Best! Saved.
   📅 Epoch 6 | Loss: 0.1120 | Val Accuracy: 97.99%
      ⭐ New Best! Saved.
   📅 Epoch 7 | Loss: 0.1043 | Val Accuracy: 96.57%
   📅 Epoch 8 | Loss: 0.1101 | Val Accuracy: 97.84%
   📅 Epoch 9 | Loss: 0.1081 | Val Accuracy: 97.69%
   📅 Epoch 10 | Loss: 0.1038 | Val Accuracy: 97.24%
   📅 Epoch 11 | Loss: 0.0954 | Val Accuracy: 97.54%
   📅 Epoch 12 | Loss: 0.1020 | Val Accuracy: 97.46%
   📅 Epoch 13 | Loss: 0.1036 | Val Accuracy: 97.31%

   🛑 Early Stopping triggered after 7 epochs.

========================================
🏆 Best Val Accuracy: 97.99%
💾 Best Checkpoint: ./checkpoints/full_mb-change_cls_hirise_dinov3_lvd_1cha_lr0.0001_concat_3.pth
========================================

