
============================================================
📄 Log File: ./logs/full_records/mb-change_cls_ctx_dinov1_b8_lr1e-05_concat_3.log
⏰ Time: 2026-02-28 10:41:08
============================================================

🚀 Training dinov1_b8 on mb-change_cls_ctx | Mode: FULL | LR: 1e-05
   📂 [TRAIN] Loading 1 shards...
   ✅ Loaded 72 samples.
   📂 [TEST] Loading 1 shards...
   ✅ Loaded 20 samples.
   ⚙️  Config: Workers=0, BS=32, SmallData=True

>>> Loading Model: dinov1_b8 (dinov1)

   🔍 [Structure Check] dinov1_b8 Output Analysis:
      Type: Tuple (len=2)
      Item 0: Shape (1, 768)
      Item 1: Shape (1, 784, 768)
      ✅ Identified: CLS=True, Patch=True
      👉 Final Strategy: concat_3 | Input Dim: 2304
   🔥 Mode: Full Fine-tuning (Backbone Unfrozen)
   ⚠️ Skipping torch.compile (Small dataset or Windows detected).
   ⚡ AMP Precision: torch.bfloat16
   🔄 Training Start... (Epochs: 50, Patience: 7)
   📅 Epoch 1 | Loss: 0.4287 | Val Accuracy: 80.00%
      ⭐ New Best! Saved.
   📅 Epoch 2 | Loss: 0.5188 | Val Accuracy: 80.00%
   📅 Epoch 3 | Loss: 0.4301 | Val Accuracy: 80.00%
   📅 Epoch 4 | Loss: 0.4187 | Val Accuracy: 80.00%
   📅 Epoch 5 | Loss: 0.4299 | Val Accuracy: 80.00%
   📅 Epoch 6 | Loss: 0.3951 | Val Accuracy: 80.00%
   📅 Epoch 7 | Loss: 0.3210 | Val Accuracy: 80.00%
   📅 Epoch 8 | Loss: 0.3486 | Val Accuracy: 80.00%

   🛑 Early Stopping triggered after 7 epochs.

========================================
🏆 Best Val Accuracy: 80.00%
💾 Best Checkpoint: ./checkpoints/full_mb-change_cls_ctx_dinov1_b8_lr1e-05_concat_3.pth
========================================

