
============================================================
📄 Log File: ./logs/full_records/mb-change_cls_hirise_dinov1_b8_lr1e-05_concat_2.log
⏰ Time: 2026-02-28 13:57:59
============================================================

🚀 Training dinov1_b8 on mb-change_cls_hirise | Mode: FULL | LR: 1e-05
   📂 [TRAIN] Loading 1 shards...
   ✅ Loaded 6206 samples.
   📂 [TEST] Loading 1 shards...
   ✅ Loaded 1340 samples.
   ⚙️  Config: Workers=8, BS=32, SmallData=False

>>> Loading Model: dinov1_b8 (dinov1)

   🔍 [Structure Check] dinov1_b8 Output Analysis:
      Type: Tuple (len=2)
      Item 0: Shape (1, 768)
      Item 1: Shape (1, 784, 768)
      ✅ Identified: CLS=True, Patch=True
      👉 Final Strategy: concat_2 | Input Dim: 1536
   🔥 Mode: Full Fine-tuning (Backbone Unfrozen)
   🚀 Compiling model with torch.compile...
   ⚡ AMP Precision: torch.bfloat16
   🔄 Training Start... (Epochs: 50, Patience: 7)
   📅 Epoch 1 | Loss: 0.2394 | Val Accuracy: 94.55%
      ⭐ New Best! Saved.
   📅 Epoch 2 | Loss: 0.1491 | Val Accuracy: 95.67%
      ⭐ New Best! Saved.
   📅 Epoch 3 | Loss: 0.1405 | Val Accuracy: 95.67%
   📅 Epoch 4 | Loss: 0.1287 | Val Accuracy: 95.75%
      ⭐ New Best! Saved.
   📅 Epoch 5 | Loss: 0.1192 | Val Accuracy: 96.12%
      ⭐ New Best! Saved.
   📅 Epoch 6 | Loss: 0.1223 | Val Accuracy: 96.57%
      ⭐ New Best! Saved.
   📅 Epoch 7 | Loss: 0.1222 | Val Accuracy: 96.19%
   📅 Epoch 8 | Loss: 0.1174 | Val Accuracy: 96.72%
      ⭐ New Best! Saved.
   📅 Epoch 9 | Loss: 0.1147 | Val Accuracy: 96.64%
   📅 Epoch 10 | Loss: 0.1147 | Val Accuracy: 97.09%
      ⭐ New Best! Saved.
   📅 Epoch 11 | Loss: 0.1103 | Val Accuracy: 97.16%
      ⭐ New Best! Saved.
   📅 Epoch 12 | Loss: 0.1120 | Val Accuracy: 97.16%
   📅 Epoch 13 | Loss: 0.1169 | Val Accuracy: 97.24%
      ⭐ New Best! Saved.
   📅 Epoch 14 | Loss: 0.1120 | Val Accuracy: 97.46%
      ⭐ New Best! Saved.
   📅 Epoch 15 | Loss: 0.1115 | Val Accuracy: 97.39%
   📅 Epoch 16 | Loss: 0.0970 | Val Accuracy: 97.16%
   📅 Epoch 17 | Loss: 0.0994 | Val Accuracy: 96.87%
   📅 Epoch 18 | Loss: 0.1001 | Val Accuracy: 97.31%
   📅 Epoch 19 | Loss: 0.1006 | Val Accuracy: 97.24%
   📅 Epoch 20 | Loss: 0.1019 | Val Accuracy: 97.24%
   📅 Epoch 21 | Loss: 0.1067 | Val Accuracy: 97.24%

   🛑 Early Stopping triggered after 7 epochs.

========================================
🏆 Best Val Accuracy: 97.46%
💾 Best Checkpoint: ./checkpoints/full_mb-change_cls_hirise_dinov1_b8_lr1e-05_concat_2.pth
========================================

