
============================================================
📄 Log File: ./logs/full_records/mb-change_cls_hirise_dinov3_sat_1cha_lr0.0001_concat_3.log
⏰ Time: 2026-04-02 01:04:55
============================================================

🚀 Training dinov3_sat_1cha on mb-change_cls_hirise | Mode: FULL | LR: 0.0001
   📂 [TRAIN] Loading 1 shards...
   ✅ Loaded 6206 samples.
   📂 [TEST] Loading 1 shards...
   ✅ Loaded 1340 samples.
   ⚙️  Config: Workers=8, BS=32, SmallData=False

>>> Loading Model: dinov3_sat_1cha (dinov3_hub)
   🔍 Auditing weights for [dinov3_sat_1cha]...
   ✅ [PERFECT MATCH] 368/368 layers loaded (100.0%)

   🔍 [Structure Check] dinov3_sat_1cha Output Analysis:
      Type: Tuple (len=2)
      Item 0: Shape (1, 1024)
      Item 1: Shape (1, 256, 1024)
      ✅ Identified: CLS=True, Patch=True
      👉 Final Strategy: concat_3 | Input Dim: 3072
   🔥 Mode: Full Fine-tuning (Backbone Unfrozen)
   🚀 Compiling model with torch.compile...
   ⚡ AMP Precision: torch.bfloat16
   🔄 Training Start... (Epochs: 50, Patience: 7)
   📅 Epoch 1 | Loss: 0.2184 | Val Accuracy: 92.91%
      ⭐ New Best! Saved.
   📅 Epoch 2 | Loss: 0.1461 | Val Accuracy: 96.49%
      ⭐ New Best! Saved.
   📅 Epoch 3 | Loss: 0.1424 | Val Accuracy: 96.87%
      ⭐ New Best! Saved.
   📅 Epoch 4 | Loss: 0.1236 | Val Accuracy: 97.16%
      ⭐ New Best! Saved.
   📅 Epoch 5 | Loss: 0.1165 | Val Accuracy: 97.24%
      ⭐ New Best! Saved.
   📅 Epoch 6 | Loss: 0.1183 | Val Accuracy: 97.16%
   📅 Epoch 7 | Loss: 0.1167 | Val Accuracy: 96.64%
   📅 Epoch 8 | Loss: 0.1148 | Val Accuracy: 97.01%
   📅 Epoch 9 | Loss: 0.1078 | Val Accuracy: 97.16%
   📅 Epoch 10 | Loss: 0.1038 | Val Accuracy: 96.04%
   📅 Epoch 11 | Loss: 0.1027 | Val Accuracy: 97.46%
      ⭐ New Best! Saved.
   📅 Epoch 12 | Loss: 0.0966 | Val Accuracy: 97.31%
   📅 Epoch 13 | Loss: 0.0927 | Val Accuracy: 97.16%
   📅 Epoch 14 | Loss: 0.0979 | Val Accuracy: 97.84%
      ⭐ New Best! Saved.
   📅 Epoch 15 | Loss: 0.1003 | Val Accuracy: 97.61%
   📅 Epoch 16 | Loss: 0.0954 | Val Accuracy: 97.84%
   📅 Epoch 17 | Loss: 0.0828 | Val Accuracy: 97.76%
   📅 Epoch 18 | Loss: 0.0950 | Val Accuracy: 98.21%
      ⭐ New Best! Saved.
   📅 Epoch 19 | Loss: 0.0899 | Val Accuracy: 97.69%
   📅 Epoch 20 | Loss: 0.0864 | Val Accuracy: 98.06%
   📅 Epoch 21 | Loss: 0.0945 | Val Accuracy: 97.61%
   📅 Epoch 22 | Loss: 0.0988 | Val Accuracy: 97.91%
   📅 Epoch 23 | Loss: 0.0872 | Val Accuracy: 97.54%
   📅 Epoch 24 | Loss: 0.0803 | Val Accuracy: 98.13%
   📅 Epoch 25 | Loss: 0.0886 | Val Accuracy: 98.21%

   🛑 Early Stopping triggered after 7 epochs.

========================================
🏆 Best Val Accuracy: 98.21%
💾 Best Checkpoint: ./checkpoints/full_mb-change_cls_hirise_dinov3_sat_1cha_lr0.0001_concat_3.pth
========================================

