
============================================================
📄 Log File: ./logs/full_records/mb-change_cls_ctx_dinov1_b8_lr0.001_original.log
⏰ Time: 2026-02-28 13:23:28
============================================================

🚀 Training dinov1_b8 on mb-change_cls_ctx | Mode: FULL | LR: 0.001
   📂 [TRAIN] Loading 1 shards...
   ✅ Loaded 72 samples.
   📂 [TEST] Loading 1 shards...
   ✅ Loaded 20 samples.
   ⚙️  Config: Workers=0, BS=32, SmallData=True

>>> Loading Model: dinov1_b8 (dinov1)

   🔍 [Structure Check] dinov1_b8 Output Analysis:
      Type: Tuple (len=2)
      Item 0: Shape (1, 768)
      Item 1: Shape (1, 784, 768)
      ✅ Identified: CLS=True, Patch=True
      👉 Final Strategy: CLS_only | Input Dim: 768
   🔥 Mode: Full Fine-tuning (Backbone Unfrozen)
   ⚠️ Skipping torch.compile (Small dataset or Windows detected).
   ⚡ AMP Precision: torch.bfloat16
   🔄 Training Start... (Epochs: 50, Patience: 7)
   📅 Epoch 1 | Loss: 0.4669 | Val Accuracy: 80.00%
      ⭐ New Best! Saved.
   📅 Epoch 2 | Loss: 1.5879 | Val Accuracy: 80.00%
   📅 Epoch 3 | Loss: 0.3912 | Val Accuracy: 20.00%
   📅 Epoch 4 | Loss: 4.3267 | Val Accuracy: 80.00%
   📅 Epoch 5 | Loss: 1.0957 | Val Accuracy: 80.00%
   📅 Epoch 6 | Loss: 0.6123 | Val Accuracy: 80.00%
   📅 Epoch 7 | Loss: 0.5265 | Val Accuracy: 25.00%
   📅 Epoch 8 | Loss: 0.9284 | Val Accuracy: 80.00%

   🛑 Early Stopping triggered after 7 epochs.

========================================
🏆 Best Val Accuracy: 80.00%
💾 Best Checkpoint: ./checkpoints/full_mb-change_cls_ctx_dinov1_b8_lr0.001_original.pth
========================================

