
============================================================
📄 Log File: ./logs/full_records/mb-change_cls_hirise_scale_mae_lr1e-05_concat_3.log
⏰ Time: 2026-02-28 17:01:06
============================================================

🚀 Training scale_mae on mb-change_cls_hirise | Mode: FULL | LR: 1e-05
   📂 [TRAIN] Loading 1 shards...
   ✅ Loaded 6206 samples.
   📂 [TEST] Loading 1 shards...
   ✅ Loaded 1340 samples.
   ⚙️  Config: Workers=8, BS=32, SmallData=False

>>> Loading Model: scale_mae (scalemae)
   🔍 Auditing weights for [scale_mae]...
   ⚠️ [PARTIAL MATCH] 344/435 layers loaded (79.1%)

   🔍 [Structure Check] scale_mae Output Analysis:
      Type: Tuple (len=2)
      Item 0: Shape (1, 1024)
      Item 1: Shape (1, 196, 1024)
      ✅ Identified: CLS=True, Patch=True
      👉 Final Strategy: concat_3 | Input Dim: 3072
      📏 ScaleMAE GSD: 0.3 m/px
   🔥 Mode: Full Fine-tuning (Backbone Unfrozen)
   🚀 Compiling model with torch.compile...
   ⚡ AMP Precision: torch.bfloat16
   🔄 Training Start... (Epochs: 50, Patience: 7)
   📅 Epoch 1 | Loss: 0.3973 | Val Accuracy: 91.94%
      ⭐ New Best! Saved.
   📅 Epoch 2 | Loss: 0.2678 | Val Accuracy: 91.94%
   📅 Epoch 3 | Loss: 0.2611 | Val Accuracy: 91.94%
   📅 Epoch 4 | Loss: 0.2549 | Val Accuracy: 91.94%
   📅 Epoch 5 | Loss: 0.2447 | Val Accuracy: 91.94%
   📅 Epoch 6 | Loss: 0.2333 | Val Accuracy: 91.94%
   📅 Epoch 7 | Loss: 0.2150 | Val Accuracy: 93.21%
      ⭐ New Best! Saved.
   📅 Epoch 8 | Loss: 0.2002 | Val Accuracy: 94.70%
      ⭐ New Best! Saved.
   📅 Epoch 9 | Loss: 0.1983 | Val Accuracy: 95.07%
      ⭐ New Best! Saved.
   📅 Epoch 10 | Loss: 0.2291 | Val Accuracy: 94.85%
   📅 Epoch 11 | Loss: 0.2396 | Val Accuracy: 94.63%
   📅 Epoch 12 | Loss: 0.2270 | Val Accuracy: 94.70%
   📅 Epoch 13 | Loss: 0.2249 | Val Accuracy: 90.82%
   📅 Epoch 14 | Loss: 0.1923 | Val Accuracy: 95.00%
   📅 Epoch 15 | Loss: 0.1877 | Val Accuracy: 96.04%
      ⭐ New Best! Saved.
   📅 Epoch 16 | Loss: 0.1836 | Val Accuracy: 95.60%
   📅 Epoch 17 | Loss: 0.1878 | Val Accuracy: 95.90%
   📅 Epoch 18 | Loss: 0.1803 | Val Accuracy: 95.45%
   📅 Epoch 19 | Loss: 0.1755 | Val Accuracy: 95.97%
   📅 Epoch 20 | Loss: 0.1714 | Val Accuracy: 95.82%
   📅 Epoch 21 | Loss: 0.1714 | Val Accuracy: 96.42%
      ⭐ New Best! Saved.
   📅 Epoch 22 | Loss: 0.1707 | Val Accuracy: 95.82%
   📅 Epoch 23 | Loss: 0.1697 | Val Accuracy: 96.57%
      ⭐ New Best! Saved.
   📅 Epoch 24 | Loss: 0.1710 | Val Accuracy: 95.67%
   📅 Epoch 25 | Loss: 0.1640 | Val Accuracy: 96.34%
   📅 Epoch 26 | Loss: 0.1717 | Val Accuracy: 95.60%
   📅 Epoch 27 | Loss: 0.1870 | Val Accuracy: 95.82%
   📅 Epoch 28 | Loss: 0.1863 | Val Accuracy: 95.67%
   📅 Epoch 29 | Loss: 0.1821 | Val Accuracy: 95.60%
   📅 Epoch 30 | Loss: 0.1889 | Val Accuracy: 95.60%

   🛑 Early Stopping triggered after 7 epochs.

========================================
🏆 Best Val Accuracy: 96.57%
💾 Best Checkpoint: ./checkpoints/full_mb-change_cls_hirise_scale_mae_lr1e-05_concat_3.pth
========================================

