
============================================================
📄 Log File: ./logs/full_records/mb-change_cls_ctx_scale_mae_lr0.001_concat_2.log
⏰ Time: 2026-02-28 10:02:39
============================================================

🚀 Training scale_mae on mb-change_cls_ctx | Mode: FULL | LR: 0.001
   📂 [TRAIN] Loading 1 shards...
   ✅ Loaded 72 samples.
   📂 [TEST] Loading 1 shards...
   ✅ Loaded 20 samples.
   ⚙️  Config: Workers=0, BS=32, SmallData=True

>>> Loading Model: scale_mae (scalemae)
   🔍 Auditing weights for [scale_mae]...
   ⚠️ [PARTIAL MATCH] 344/435 layers loaded (79.1%)

   🔍 [Structure Check] scale_mae Output Analysis:
      Type: Tuple (len=2)
      Item 0: Shape (1, 1024)
      Item 1: Shape (1, 196, 1024)
      ✅ Identified: CLS=True, Patch=True
      👉 Final Strategy: concat_2 | Input Dim: 2048
      📏 ScaleMAE GSD: 5.0 m/px
   🔥 Mode: Full Fine-tuning (Backbone Unfrozen)
   ⚠️ Skipping torch.compile (Small dataset or Windows detected).
   ⚡ AMP Precision: torch.bfloat16
   🔄 Training Start... (Epochs: 50, Patience: 7)
   📅 Epoch 1 | Loss: 0.8521 | Val Accuracy: 80.00%
      ⭐ New Best! Saved.
   📅 Epoch 2 | Loss: 0.3962 | Val Accuracy: 80.00%
   📅 Epoch 3 | Loss: 0.3268 | Val Accuracy: 80.00%
   📅 Epoch 4 | Loss: 0.3063 | Val Accuracy: 85.00%
      ⭐ New Best! Saved.
   📅 Epoch 5 | Loss: 0.3858 | Val Accuracy: 85.00%
   📅 Epoch 6 | Loss: 0.3065 | Val Accuracy: 85.00%
   📅 Epoch 7 | Loss: 0.4075 | Val Accuracy: 80.00%
   📅 Epoch 8 | Loss: 0.2680 | Val Accuracy: 80.00%
   📅 Epoch 9 | Loss: 0.3632 | Val Accuracy: 80.00%
   📅 Epoch 10 | Loss: 0.2244 | Val Accuracy: 80.00%
   📅 Epoch 11 | Loss: 0.2878 | Val Accuracy: 85.00%

   🛑 Early Stopping triggered after 7 epochs.

========================================
🏆 Best Val Accuracy: 85.00%
💾 Best Checkpoint: ./checkpoints/full_mb-change_cls_ctx_scale_mae_lr0.001_concat_2.pth
========================================

