
============================================================
📄 Log File: ./logs/full_records/mb-change_cls_hirise_dinov3_sat_lr0.0001_concat_3.log
⏰ Time: 2026-02-28 11:49:32
============================================================

🚀 Training dinov3_sat on mb-change_cls_hirise | Mode: FULL | LR: 0.0001
   📂 [TRAIN] Loading 1 shards...
   ✅ Loaded 6206 samples.
   📂 [TEST] Loading 1 shards...
   ✅ Loaded 1340 samples.
   ⚙️  Config: Workers=8, BS=32, SmallData=False

>>> Loading Model: dinov3_sat (dinov3_hub)
   🔍 Auditing weights for [dinov3_sat]...
   ✅ [PERFECT MATCH] 368/368 layers loaded (100.0%)

   🔍 [Structure Check] dinov3_sat Output Analysis:
      Type: Tuple (len=2)
      Item 0: Shape (1, 1024)
      Item 1: Shape (1, 256, 1024)
      ✅ Identified: CLS=True, Patch=True
      👉 Final Strategy: concat_3 | Input Dim: 3072
   🔥 Mode: Full Fine-tuning (Backbone Unfrozen)
   🚀 Compiling model with torch.compile...
   ⚡ AMP Precision: torch.bfloat16
   🔄 Training Start... (Epochs: 50, Patience: 7)
   📅 Epoch 1 | Loss: 0.2127 | Val Accuracy: 95.52%
      ⭐ New Best! Saved.
   📅 Epoch 2 | Loss: 0.1517 | Val Accuracy: 96.57%
      ⭐ New Best! Saved.
   📅 Epoch 3 | Loss: 0.1269 | Val Accuracy: 96.57%
   📅 Epoch 4 | Loss: 0.1288 | Val Accuracy: 96.04%
   📅 Epoch 5 | Loss: 0.1119 | Val Accuracy: 96.87%
      ⭐ New Best! Saved.
   📅 Epoch 6 | Loss: 0.1110 | Val Accuracy: 96.12%
   📅 Epoch 7 | Loss: 0.1150 | Val Accuracy: 97.24%
      ⭐ New Best! Saved.
   📅 Epoch 8 | Loss: 0.1150 | Val Accuracy: 97.31%
      ⭐ New Best! Saved.
   📅 Epoch 9 | Loss: 0.1122 | Val Accuracy: 97.39%
      ⭐ New Best! Saved.
   📅 Epoch 10 | Loss: 0.1060 | Val Accuracy: 97.54%
      ⭐ New Best! Saved.
   📅 Epoch 11 | Loss: 0.0962 | Val Accuracy: 97.39%
   📅 Epoch 12 | Loss: 0.0999 | Val Accuracy: 97.54%
   📅 Epoch 13 | Loss: 0.0992 | Val Accuracy: 97.54%
   📅 Epoch 14 | Loss: 0.1067 | Val Accuracy: 97.84%
      ⭐ New Best! Saved.
   📅 Epoch 15 | Loss: 0.1013 | Val Accuracy: 96.64%
   📅 Epoch 16 | Loss: 0.1177 | Val Accuracy: 95.90%
   📅 Epoch 17 | Loss: 0.1204 | Val Accuracy: 97.31%
   📅 Epoch 18 | Loss: 0.1101 | Val Accuracy: 97.46%
   📅 Epoch 19 | Loss: 0.1075 | Val Accuracy: 97.39%
   📅 Epoch 20 | Loss: 0.1012 | Val Accuracy: 97.46%
   📅 Epoch 21 | Loss: 0.1018 | Val Accuracy: 97.31%

   🛑 Early Stopping triggered after 7 epochs.

========================================
🏆 Best Val Accuracy: 97.84%
💾 Best Checkpoint: ./checkpoints/full_mb-change_cls_hirise_dinov3_sat_lr0.0001_concat_3.pth
========================================

