
============================================================
📄 Log File: ./logs/full_records/mb-change_cls_hirise_scale_mae_lr1e-05_original.log
⏰ Time: 2026-02-28 21:30:40
============================================================

🚀 Training scale_mae on mb-change_cls_hirise | Mode: FULL | LR: 1e-05
   📂 [TRAIN] Loading 1 shards...
   ✅ Loaded 6206 samples.
   📂 [TEST] Loading 1 shards...
   ✅ Loaded 1340 samples.
   ⚙️  Config: Workers=8, BS=32, SmallData=False

>>> Loading Model: scale_mae (scalemae)
   🔍 Auditing weights for [scale_mae]...
   ⚠️ [PARTIAL MATCH] 344/435 layers loaded (79.1%)

   🔍 [Structure Check] scale_mae Output Analysis:
      Type: Tuple (len=2)
      Item 0: Shape (1, 1024)
      Item 1: Shape (1, 196, 1024)
      ✅ Identified: CLS=True, Patch=True
      👉 Final Strategy: GAP_only | Input Dim: 1024
      📏 ScaleMAE GSD: 0.3 m/px
   🔥 Mode: Full Fine-tuning (Backbone Unfrozen)
   🚀 Compiling model with torch.compile...
   ⚡ AMP Precision: torch.bfloat16
   🔄 Training Start... (Epochs: 50, Patience: 7)
   📅 Epoch 1 | Loss: 0.4746 | Val Accuracy: 91.94%
      ⭐ New Best! Saved.
   📅 Epoch 2 | Loss: 0.2793 | Val Accuracy: 91.94%
   📅 Epoch 3 | Loss: 0.2555 | Val Accuracy: 91.94%
   📅 Epoch 4 | Loss: 0.2405 | Val Accuracy: 91.94%
   📅 Epoch 5 | Loss: 0.2258 | Val Accuracy: 91.87%
   📅 Epoch 6 | Loss: 0.2131 | Val Accuracy: 92.69%
      ⭐ New Best! Saved.
   📅 Epoch 7 | Loss: 0.1963 | Val Accuracy: 94.63%
      ⭐ New Best! Saved.
   📅 Epoch 8 | Loss: 0.1846 | Val Accuracy: 94.33%
   📅 Epoch 9 | Loss: 0.1769 | Val Accuracy: 94.85%
      ⭐ New Best! Saved.
   📅 Epoch 10 | Loss: 0.1775 | Val Accuracy: 95.22%
      ⭐ New Best! Saved.
   📅 Epoch 11 | Loss: 0.1696 | Val Accuracy: 94.85%
   📅 Epoch 12 | Loss: 0.1646 | Val Accuracy: 95.15%
   📅 Epoch 13 | Loss: 0.1666 | Val Accuracy: 94.78%
   📅 Epoch 14 | Loss: 0.1617 | Val Accuracy: 95.30%
      ⭐ New Best! Saved.
   📅 Epoch 15 | Loss: 0.1597 | Val Accuracy: 96.34%
      ⭐ New Best! Saved.
   📅 Epoch 16 | Loss: 0.1557 | Val Accuracy: 95.97%
   📅 Epoch 17 | Loss: 0.1652 | Val Accuracy: 95.90%
   📅 Epoch 18 | Loss: 0.1499 | Val Accuracy: 96.49%
      ⭐ New Best! Saved.
   📅 Epoch 19 | Loss: 0.1483 | Val Accuracy: 95.60%
   📅 Epoch 20 | Loss: 0.1575 | Val Accuracy: 95.60%
   📅 Epoch 21 | Loss: 0.1520 | Val Accuracy: 96.57%
      ⭐ New Best! Saved.
   📅 Epoch 22 | Loss: 0.1516 | Val Accuracy: 96.49%
   📅 Epoch 23 | Loss: 0.1491 | Val Accuracy: 96.04%
   📅 Epoch 24 | Loss: 0.1457 | Val Accuracy: 95.90%
   📅 Epoch 25 | Loss: 0.1481 | Val Accuracy: 96.04%
   📅 Epoch 26 | Loss: 0.1422 | Val Accuracy: 95.90%
   📅 Epoch 27 | Loss: 0.1484 | Val Accuracy: 96.27%
   📅 Epoch 28 | Loss: 0.1517 | Val Accuracy: 96.57%

   🛑 Early Stopping triggered after 7 epochs.

========================================
🏆 Best Val Accuracy: 96.57%
💾 Best Checkpoint: ./checkpoints/full_mb-change_cls_hirise_scale_mae_lr1e-05_original.pth
========================================

