
============================================================
📄 Log File: ./logs/full_records/mb-change_cls_hirise_vit_l_lr1e-05_concat_2.log
⏰ Time: 2026-02-28 16:48:58
============================================================

🚀 Training vit_l on mb-change_cls_hirise | Mode: FULL | LR: 1e-05
   📂 [TRAIN] Loading 1 shards...
   ✅ Loaded 6206 samples.
   📂 [TEST] Loading 1 shards...
   ✅ Loaded 1340 samples.
   ⚙️  Config: Workers=8, BS=32, SmallData=False

>>> Loading Model: vit_l (torchvision_vit)
   🔍 Auditing weights for [vit_l]...
   ✅ [PERFECT MATCH] 296/296 layers loaded (100.0%)

   🔍 [Structure Check] vit_l Output Analysis:
      Type: Tuple (len=2)
      Item 0: Shape (1, 1024)
      Item 1: Shape (1, 196, 1024)
      ✅ Identified: CLS=True, Patch=True
      👉 Final Strategy: concat_2 | Input Dim: 2048
   🔥 Mode: Full Fine-tuning (Backbone Unfrozen)
   🚀 Compiling model with torch.compile...
   ⚡ AMP Precision: torch.bfloat16
   🔄 Training Start... (Epochs: 50, Patience: 7)
   📅 Epoch 1 | Loss: 0.2841 | Val Accuracy: 93.28%
      ⭐ New Best! Saved.
   📅 Epoch 2 | Loss: 0.1777 | Val Accuracy: 95.07%
      ⭐ New Best! Saved.
   📅 Epoch 3 | Loss: 0.1546 | Val Accuracy: 95.52%
      ⭐ New Best! Saved.
   📅 Epoch 4 | Loss: 0.1514 | Val Accuracy: 95.67%
      ⭐ New Best! Saved.
   📅 Epoch 5 | Loss: 0.1392 | Val Accuracy: 95.30%
   📅 Epoch 6 | Loss: 0.1382 | Val Accuracy: 95.82%
      ⭐ New Best! Saved.
   📅 Epoch 7 | Loss: 0.1306 | Val Accuracy: 96.12%
      ⭐ New Best! Saved.
   📅 Epoch 8 | Loss: 0.1287 | Val Accuracy: 95.90%
   📅 Epoch 9 | Loss: 0.1275 | Val Accuracy: 96.19%
      ⭐ New Best! Saved.
   📅 Epoch 10 | Loss: 0.1281 | Val Accuracy: 96.19%
   📅 Epoch 11 | Loss: 0.1308 | Val Accuracy: 96.34%
      ⭐ New Best! Saved.
   📅 Epoch 12 | Loss: 0.1258 | Val Accuracy: 96.34%
   📅 Epoch 13 | Loss: 0.1193 | Val Accuracy: 96.42%
      ⭐ New Best! Saved.
   📅 Epoch 14 | Loss: 0.1171 | Val Accuracy: 96.49%
      ⭐ New Best! Saved.
   📅 Epoch 15 | Loss: 0.1227 | Val Accuracy: 96.57%
      ⭐ New Best! Saved.
   📅 Epoch 16 | Loss: 0.1210 | Val Accuracy: 96.57%
   📅 Epoch 17 | Loss: 0.1144 | Val Accuracy: 97.16%
      ⭐ New Best! Saved.
   📅 Epoch 18 | Loss: 0.1165 | Val Accuracy: 96.87%
   📅 Epoch 19 | Loss: 0.1100 | Val Accuracy: 97.31%
      ⭐ New Best! Saved.
   📅 Epoch 20 | Loss: 0.1139 | Val Accuracy: 97.09%
   📅 Epoch 21 | Loss: 0.1103 | Val Accuracy: 97.09%
   📅 Epoch 22 | Loss: 0.1131 | Val Accuracy: 96.94%
   📅 Epoch 23 | Loss: 0.1101 | Val Accuracy: 97.01%
   📅 Epoch 24 | Loss: 0.1064 | Val Accuracy: 97.24%
   📅 Epoch 25 | Loss: 0.1075 | Val Accuracy: 96.87%
   📅 Epoch 26 | Loss: 0.1109 | Val Accuracy: 97.24%

   🛑 Early Stopping triggered after 7 epochs.

========================================
🏆 Best Val Accuracy: 97.31%
💾 Best Checkpoint: ./checkpoints/full_mb-change_cls_hirise_vit_l_lr1e-05_concat_2.pth
========================================

