
============================================================
📄 Log File: ./logs/full_records/mb-change_cls_hirise_dinov1_b8_lr0.0001_original.log
⏰ Time: 2026-02-28 16:52:01
============================================================

🚀 Training dinov1_b8 on mb-change_cls_hirise | Mode: FULL | LR: 0.0001
   📂 [TRAIN] Loading 1 shards...
   ✅ Loaded 6206 samples.
   📂 [TEST] Loading 1 shards...
   ✅ Loaded 1340 samples.
   ⚙️  Config: Workers=8, BS=32, SmallData=False

>>> Loading Model: dinov1_b8 (dinov1)

   🔍 [Structure Check] dinov1_b8 Output Analysis:
      Type: Tuple (len=2)
      Item 0: Shape (1, 768)
      Item 1: Shape (1, 784, 768)
      ✅ Identified: CLS=True, Patch=True
      👉 Final Strategy: CLS_only | Input Dim: 768
   🔥 Mode: Full Fine-tuning (Backbone Unfrozen)
   🚀 Compiling model with torch.compile...
   ⚡ AMP Precision: torch.bfloat16
   🔄 Training Start... (Epochs: 50, Patience: 7)
   📅 Epoch 1 | Loss: 0.2179 | Val Accuracy: 96.04%
      ⭐ New Best! Saved.
   📅 Epoch 2 | Loss: 0.1541 | Val Accuracy: 95.45%
   📅 Epoch 3 | Loss: 0.1337 | Val Accuracy: 96.42%
      ⭐ New Best! Saved.
   📅 Epoch 4 | Loss: 0.1483 | Val Accuracy: 95.90%
   📅 Epoch 5 | Loss: 0.1335 | Val Accuracy: 96.79%
      ⭐ New Best! Saved.
   📅 Epoch 6 | Loss: 0.1090 | Val Accuracy: 96.79%
   📅 Epoch 7 | Loss: 0.1134 | Val Accuracy: 96.12%
   📅 Epoch 8 | Loss: 0.1246 | Val Accuracy: 97.54%
      ⭐ New Best! Saved.
   📅 Epoch 9 | Loss: 0.1209 | Val Accuracy: 97.31%
   📅 Epoch 10 | Loss: 0.1086 | Val Accuracy: 95.37%
   📅 Epoch 11 | Loss: 0.1243 | Val Accuracy: 96.94%
   📅 Epoch 12 | Loss: 0.1066 | Val Accuracy: 96.94%
   📅 Epoch 13 | Loss: 0.1136 | Val Accuracy: 97.69%
      ⭐ New Best! Saved.
   📅 Epoch 14 | Loss: 0.1059 | Val Accuracy: 96.27%
   📅 Epoch 15 | Loss: 0.1031 | Val Accuracy: 97.39%
   📅 Epoch 16 | Loss: 0.1007 | Val Accuracy: 98.06%
      ⭐ New Best! Saved.
   📅 Epoch 17 | Loss: 0.0980 | Val Accuracy: 96.12%
   📅 Epoch 18 | Loss: 0.1042 | Val Accuracy: 96.04%
   📅 Epoch 19 | Loss: 0.0955 | Val Accuracy: 96.87%
   📅 Epoch 20 | Loss: 0.0921 | Val Accuracy: 97.16%
   📅 Epoch 21 | Loss: 0.1033 | Val Accuracy: 97.09%
   📅 Epoch 22 | Loss: 0.1151 | Val Accuracy: 97.39%
   📅 Epoch 23 | Loss: 0.1034 | Val Accuracy: 96.49%

   🛑 Early Stopping triggered after 7 epochs.

========================================
🏆 Best Val Accuracy: 98.06%
💾 Best Checkpoint: ./checkpoints/full_mb-change_cls_hirise_dinov1_b8_lr0.0001_original.pth
========================================

