
============================================================
📄 Log File: ./logs/full_records/mb-change_cls_hirise_openclip_lr1e-05_concat_2.log
⏰ Time: 2026-02-28 15:39:36
============================================================

🚀 Training openclip on mb-change_cls_hirise | Mode: FULL | LR: 1e-05
   📂 [TRAIN] Loading 1 shards...
   ✅ Loaded 6206 samples.
   📂 [TEST] Loading 1 shards...
   ✅ Loaded 1340 samples.
   ⚙️  Config: Workers=8, BS=32, SmallData=False

>>> Loading Model: openclip (transformers_clip)

   🔍 [Structure Check] openclip Output Analysis:
      Type: Tuple (len=2)
      Item 0: Shape (1, 1024)
      Item 1: Shape (1, 256, 1024)
      ✅ Identified: CLS=True, Patch=True
      👉 Final Strategy: concat_2 | Input Dim: 2048
   🔥 Mode: Full Fine-tuning (Backbone Unfrozen)
   🚀 Compiling model with torch.compile...
   ⚡ AMP Precision: torch.bfloat16
   🔄 Training Start... (Epochs: 50, Patience: 7)
   📅 Epoch 1 | Loss: 0.2677 | Val Accuracy: 94.55%
      ⭐ New Best! Saved.
   📅 Epoch 2 | Loss: 0.1652 | Val Accuracy: 95.60%
      ⭐ New Best! Saved.
   📅 Epoch 3 | Loss: 0.1579 | Val Accuracy: 95.60%
   📅 Epoch 4 | Loss: 0.1540 | Val Accuracy: 96.19%
      ⭐ New Best! Saved.
   📅 Epoch 5 | Loss: 0.1410 | Val Accuracy: 95.67%
   📅 Epoch 6 | Loss: 0.1418 | Val Accuracy: 96.49%
      ⭐ New Best! Saved.
   📅 Epoch 7 | Loss: 0.1322 | Val Accuracy: 96.34%
   📅 Epoch 8 | Loss: 0.1365 | Val Accuracy: 96.34%
   📅 Epoch 9 | Loss: 0.1230 | Val Accuracy: 97.09%
      ⭐ New Best! Saved.
   📅 Epoch 10 | Loss: 0.1236 | Val Accuracy: 96.64%
   📅 Epoch 11 | Loss: 0.1219 | Val Accuracy: 96.19%
   📅 Epoch 12 | Loss: 0.1235 | Val Accuracy: 95.07%
   📅 Epoch 13 | Loss: 0.1172 | Val Accuracy: 95.97%
   📅 Epoch 14 | Loss: 0.1189 | Val Accuracy: 96.12%
   📅 Epoch 15 | Loss: 0.1129 | Val Accuracy: 95.82%
   📅 Epoch 16 | Loss: 0.1141 | Val Accuracy: 95.60%

   🛑 Early Stopping triggered after 7 epochs.

========================================
🏆 Best Val Accuracy: 97.09%
💾 Best Checkpoint: ./checkpoints/full_mb-change_cls_hirise_openclip_lr1e-05_concat_2.pth
========================================

