
============================================================
📄 Log File: ./logs/full_records/mb-change_cls_ctx_scale_mae_lr1e-05_concat_3.log
⏰ Time: 2026-02-28 10:45:28
============================================================

🚀 Training scale_mae on mb-change_cls_ctx | Mode: FULL | LR: 1e-05
   📂 [TRAIN] Loading 1 shards...
   ✅ Loaded 72 samples.
   📂 [TEST] Loading 1 shards...
   ✅ Loaded 20 samples.
   ⚙️  Config: Workers=0, BS=32, SmallData=True

>>> Loading Model: scale_mae (scalemae)
   🔍 Auditing weights for [scale_mae]...
   ⚠️ [PARTIAL MATCH] 344/435 layers loaded (79.1%)

   🔍 [Structure Check] scale_mae Output Analysis:
      Type: Tuple (len=2)
      Item 0: Shape (1, 1024)
      Item 1: Shape (1, 196, 1024)
      ✅ Identified: CLS=True, Patch=True
      👉 Final Strategy: concat_3 | Input Dim: 3072
      📏 ScaleMAE GSD: 5.0 m/px
   🔥 Mode: Full Fine-tuning (Backbone Unfrozen)
   ⚠️ Skipping torch.compile (Small dataset or Windows detected).
   ⚡ AMP Precision: torch.bfloat16
   🔄 Training Start... (Epochs: 50, Patience: 7)
   📅 Epoch 1 | Loss: 1.2080 | Val Accuracy: 20.00%
      ⭐ New Best! Saved.
   📅 Epoch 2 | Loss: 1.0988 | Val Accuracy: 20.00%
   📅 Epoch 3 | Loss: 1.0418 | Val Accuracy: 20.00%
   📅 Epoch 4 | Loss: 1.0115 | Val Accuracy: 20.00%
   📅 Epoch 5 | Loss: 0.9444 | Val Accuracy: 20.00%
   📅 Epoch 6 | Loss: 0.9436 | Val Accuracy: 20.00%
   📅 Epoch 7 | Loss: 0.8855 | Val Accuracy: 20.00%
   📅 Epoch 8 | Loss: 0.8417 | Val Accuracy: 20.00%

   🛑 Early Stopping triggered after 7 epochs.

========================================
🏆 Best Val Accuracy: 20.00%
💾 Best Checkpoint: ./checkpoints/full_mb-change_cls_ctx_scale_mae_lr1e-05_concat_3.pth
========================================

