
============================================================
📄 Log File: ./logs/full_records/mb-change_cls_hirise_dinov3_sat_1cha_lr0.001_original.log
⏰ Time: 2026-04-02 00:34:34
============================================================

🚀 Training dinov3_sat_1cha on mb-change_cls_hirise | Mode: FULL | LR: 0.001
   📂 [TRAIN] Loading 1 shards...
   ✅ Loaded 6206 samples.
   📂 [TEST] Loading 1 shards...
   ✅ Loaded 1340 samples.
   ⚙️  Config: Workers=8, BS=32, SmallData=False

>>> Loading Model: dinov3_sat_1cha (dinov3_hub)
   🔍 Auditing weights for [dinov3_sat_1cha]...
   ✅ [PERFECT MATCH] 368/368 layers loaded (100.0%)

   🔍 [Structure Check] dinov3_sat_1cha Output Analysis:
      Type: Tuple (len=2)
      Item 0: Shape (1, 1024)
      Item 1: Shape (1, 256, 1024)
      ✅ Identified: CLS=True, Patch=True
      👉 Final Strategy: GAP_only | Input Dim: 1024
   🔥 Mode: Full Fine-tuning (Backbone Unfrozen)
   🚀 Compiling model with torch.compile...
   ⚡ AMP Precision: torch.bfloat16
   🔄 Training Start... (Epochs: 50, Patience: 7)
   📅 Epoch 1 | Loss: 0.2036 | Val Accuracy: 92.99%
      ⭐ New Best! Saved.
   📅 Epoch 2 | Loss: 0.1693 | Val Accuracy: 96.27%
      ⭐ New Best! Saved.
   📅 Epoch 3 | Loss: 0.1596 | Val Accuracy: 96.12%
   📅 Epoch 4 | Loss: 0.1412 | Val Accuracy: 95.15%
   📅 Epoch 5 | Loss: 0.1432 | Val Accuracy: 95.90%
   📅 Epoch 6 | Loss: 0.1493 | Val Accuracy: 93.88%
   📅 Epoch 7 | Loss: 0.1436 | Val Accuracy: 96.04%
   📅 Epoch 8 | Loss: 0.1251 | Val Accuracy: 97.24%
      ⭐ New Best! Saved.
   📅 Epoch 9 | Loss: 0.1372 | Val Accuracy: 96.72%
   📅 Epoch 10 | Loss: 0.1264 | Val Accuracy: 95.07%
   📅 Epoch 11 | Loss: 0.1319 | Val Accuracy: 96.57%
   📅 Epoch 12 | Loss: 0.1187 | Val Accuracy: 96.64%
   📅 Epoch 13 | Loss: 0.1192 | Val Accuracy: 96.64%
   📅 Epoch 14 | Loss: 0.1148 | Val Accuracy: 96.72%
   📅 Epoch 15 | Loss: 0.1571 | Val Accuracy: 96.19%

   🛑 Early Stopping triggered after 7 epochs.

========================================
🏆 Best Val Accuracy: 97.24%
💾 Best Checkpoint: ./checkpoints/full_mb-change_cls_hirise_dinov3_sat_1cha_lr0.001_original.pth
========================================

