
============================================================
📄 Log File: ./logs/full_records/mb-change_cls_ctx_scale_mae_lr0.001_original.log
⏰ Time: 2026-02-28 13:27:52
============================================================

🚀 Training scale_mae on mb-change_cls_ctx | Mode: FULL | LR: 0.001
   📂 [TRAIN] Loading 1 shards...
   ✅ Loaded 72 samples.
   📂 [TEST] Loading 1 shards...
   ✅ Loaded 20 samples.
   ⚙️  Config: Workers=0, BS=32, SmallData=True

>>> Loading Model: scale_mae (scalemae)
   🔍 Auditing weights for [scale_mae]...
   ⚠️ [PARTIAL MATCH] 344/435 layers loaded (79.1%)

   🔍 [Structure Check] scale_mae Output Analysis:
      Type: Tuple (len=2)
      Item 0: Shape (1, 1024)
      Item 1: Shape (1, 196, 1024)
      ✅ Identified: CLS=True, Patch=True
      👉 Final Strategy: GAP_only | Input Dim: 1024
      📏 ScaleMAE GSD: 5.0 m/px
   🔥 Mode: Full Fine-tuning (Backbone Unfrozen)
   ⚠️ Skipping torch.compile (Small dataset or Windows detected).
   ⚡ AMP Precision: torch.bfloat16
   🔄 Training Start... (Epochs: 50, Patience: 7)
   📅 Epoch 1 | Loss: 0.8916 | Val Accuracy: 80.00%
      ⭐ New Best! Saved.
   📅 Epoch 2 | Loss: 0.3553 | Val Accuracy: 80.00%
   📅 Epoch 3 | Loss: 0.3094 | Val Accuracy: 80.00%
   📅 Epoch 4 | Loss: 0.3732 | Val Accuracy: 80.00%
   📅 Epoch 5 | Loss: 0.3921 | Val Accuracy: 80.00%
   📅 Epoch 6 | Loss: 0.3162 | Val Accuracy: 85.00%
      ⭐ New Best! Saved.
   📅 Epoch 7 | Loss: 0.2551 | Val Accuracy: 85.00%
   📅 Epoch 8 | Loss: 0.3937 | Val Accuracy: 85.00%
   📅 Epoch 9 | Loss: 0.3490 | Val Accuracy: 85.00%
   📅 Epoch 10 | Loss: 0.3835 | Val Accuracy: 80.00%
   📅 Epoch 11 | Loss: 0.3732 | Val Accuracy: 80.00%
   📅 Epoch 12 | Loss: 0.3764 | Val Accuracy: 80.00%
   📅 Epoch 13 | Loss: 0.3073 | Val Accuracy: 80.00%

   🛑 Early Stopping triggered after 7 epochs.

========================================
🏆 Best Val Accuracy: 85.00%
💾 Best Checkpoint: ./checkpoints/full_mb-change_cls_ctx_scale_mae_lr0.001_original.pth
========================================

