
============================================================
📄 Log File: ./logs/full_records/mb-change_cls_ctx_siglip2_lr0.0001_concat_2.log
⏰ Time: 2026-02-28 10:03:56
============================================================

🚀 Training siglip2 on mb-change_cls_ctx | Mode: FULL | LR: 0.0001
   📂 [TRAIN] Loading 1 shards...
   ✅ Loaded 72 samples.
   📂 [TEST] Loading 1 shards...
   ✅ Loaded 20 samples.
   ⚙️  Config: Workers=0, BS=32, SmallData=True

>>> Loading Model: siglip2 (transformers)

   🔍 [Structure Check] siglip2 Output Analysis:
      Type: Tuple (len=2)
      Item 0: Shape (1, 1024)
      Item 1: Shape (1, 256, 1024)
      ✅ Identified: CLS=True, Patch=True
      👉 Final Strategy: concat_2 | Input Dim: 2048
   🔥 Mode: Full Fine-tuning (Backbone Unfrozen)
   ⚠️ Skipping torch.compile (Small dataset or Windows detected).
   ⚡ AMP Precision: torch.bfloat16
   🔄 Training Start... (Epochs: 50, Patience: 7)
   📅 Epoch 1 | Loss: 0.7520 | Val Accuracy: 80.00%
      ⭐ New Best! Saved.
   📅 Epoch 2 | Loss: 0.3439 | Val Accuracy: 80.00%
   📅 Epoch 3 | Loss: 0.3711 | Val Accuracy: 80.00%
   📅 Epoch 4 | Loss: 0.2674 | Val Accuracy: 80.00%
   📅 Epoch 5 | Loss: 0.3143 | Val Accuracy: 80.00%
   📅 Epoch 6 | Loss: 0.3769 | Val Accuracy: 80.00%
   📅 Epoch 7 | Loss: 0.2610 | Val Accuracy: 80.00%
   📅 Epoch 8 | Loss: 0.2581 | Val Accuracy: 80.00%

   🛑 Early Stopping triggered after 7 epochs.

========================================
🏆 Best Val Accuracy: 80.00%
💾 Best Checkpoint: ./checkpoints/full_mb-change_cls_ctx_siglip2_lr0.0001_concat_2.pth
========================================

