
============================================================
📄 Log File: ./logs/full_records/mb-domars16k_dinov2_l14_lr0.001_concat_2.log
⏰ Time: 2026-02-28 23:27:43
============================================================

🚀 Training dinov2_l14 on mb-domars16k | Mode: FULL | LR: 0.001
   📂 [TRAIN] Loading 1 shards...
   ✅ Loaded 11305 samples.
   📂 [TEST] Loading 1 shards...
   ✅ Loaded 1614 samples.
   ⚙️  Config: Workers=8, BS=32, SmallData=False

>>> Loading Model: dinov2_l14 (dinov2_hub)
   🔍 Auditing weights for [dinov2_l14]...
   ✅ [PERFECT MATCH] 343/343 layers loaded (100.0%)

   🔍 [Structure Check] dinov2_l14 Output Analysis:
      Type: Tuple (len=2)
      Item 0: Shape (1, 1024)
      Item 1: Shape (1, 256, 1024)
      ✅ Identified: CLS=True, Patch=True
      👉 Final Strategy: concat_2 | Input Dim: 2048
   🔥 Mode: Full Fine-tuning (Backbone Unfrozen)
   🚀 Compiling model with torch.compile...
   ⚡ AMP Precision: torch.bfloat16
   🔄 Training Start... (Epochs: 50, Patience: 7)
   📅 Epoch 1 | Loss: 2.6764 | Val Accuracy: 27.82%
      ⭐ New Best! Saved.
   📅 Epoch 2 | Loss: 2.1994 | Val Accuracy: 30.36%
      ⭐ New Best! Saved.
   📅 Epoch 3 | Loss: 1.9616 | Val Accuracy: 40.83%
      ⭐ New Best! Saved.
   📅 Epoch 4 | Loss: 1.7820 | Val Accuracy: 44.73%
      ⭐ New Best! Saved.
   📅 Epoch 5 | Loss: 1.7185 | Val Accuracy: 43.12%
   📅 Epoch 6 | Loss: 1.5965 | Val Accuracy: 46.47%
      ⭐ New Best! Saved.
   📅 Epoch 7 | Loss: 1.4628 | Val Accuracy: 53.59%
      ⭐ New Best! Saved.
   📅 Epoch 8 | Loss: 1.4027 | Val Accuracy: 53.78%
      ⭐ New Best! Saved.
   📅 Epoch 9 | Loss: 1.3242 | Val Accuracy: 57.43%
      ⭐ New Best! Saved.
   📅 Epoch 10 | Loss: 1.2480 | Val Accuracy: 58.80%
      ⭐ New Best! Saved.
   📅 Epoch 11 | Loss: 1.2140 | Val Accuracy: 65.43%
      ⭐ New Best! Saved.
   📅 Epoch 12 | Loss: 1.1607 | Val Accuracy: 65.37%
   📅 Epoch 13 | Loss: 1.1110 | Val Accuracy: 65.99%
      ⭐ New Best! Saved.
   📅 Epoch 14 | Loss: 1.0727 | Val Accuracy: 64.25%
   📅 Epoch 15 | Loss: 1.0485 | Val Accuracy: 68.77%
      ⭐ New Best! Saved.
   📅 Epoch 16 | Loss: 1.0454 | Val Accuracy: 66.79%
   📅 Epoch 17 | Loss: 0.9841 | Val Accuracy: 67.97%
   📅 Epoch 18 | Loss: 0.9559 | Val Accuracy: 69.14%
      ⭐ New Best! Saved.
   📅 Epoch 19 | Loss: 0.9345 | Val Accuracy: 69.39%
      ⭐ New Best! Saved.
   📅 Epoch 20 | Loss: 0.9301 | Val Accuracy: 71.25%
      ⭐ New Best! Saved.
   📅 Epoch 21 | Loss: 0.9030 | Val Accuracy: 73.36%
      ⭐ New Best! Saved.
   📅 Epoch 22 | Loss: 0.8798 | Val Accuracy: 74.91%
      ⭐ New Best! Saved.
   📅 Epoch 23 | Loss: 0.8605 | Val Accuracy: 75.77%
      ⭐ New Best! Saved.
   📅 Epoch 24 | Loss: 0.8168 | Val Accuracy: 76.46%
      ⭐ New Best! Saved.
   📅 Epoch 25 | Loss: 0.8261 | Val Accuracy: 73.05%
   📅 Epoch 26 | Loss: 0.8076 | Val Accuracy: 73.30%
   📅 Epoch 27 | Loss: 0.8030 | Val Accuracy: 76.15%
   📅 Epoch 28 | Loss: 0.7767 | Val Accuracy: 78.44%
      ⭐ New Best! Saved.
   📅 Epoch 29 | Loss: 0.7772 | Val Accuracy: 78.13%
   📅 Epoch 30 | Loss: 0.7523 | Val Accuracy: 79.37%
      ⭐ New Best! Saved.
   📅 Epoch 31 | Loss: 0.7272 | Val Accuracy: 78.31%
   📅 Epoch 32 | Loss: 0.7322 | Val Accuracy: 73.05%
   📅 Epoch 33 | Loss: 0.7222 | Val Accuracy: 78.19%
   📅 Epoch 34 | Loss: 0.7132 | Val Accuracy: 77.45%
   📅 Epoch 35 | Loss: 0.6916 | Val Accuracy: 75.40%
   📅 Epoch 36 | Loss: 0.6863 | Val Accuracy: 77.01%
   📅 Epoch 37 | Loss: 0.6758 | Val Accuracy: 78.00%

   🛑 Early Stopping triggered after 7 epochs.

========================================
🏆 Best Val Accuracy: 79.37%
💾 Best Checkpoint: ./checkpoints/full_mb-domars16k_dinov2_l14_lr0.001_concat_2.pth
========================================

