
============================================================
📄 Log File: ./logs/full_records/mb-domars16k_dinov3_sat_1cha_lr0.001_concat_2.log
⏰ Time: 2026-04-02 03:18:48
============================================================

🚀 Training dinov3_sat_1cha on mb-domars16k | Mode: FULL | LR: 0.001
   📂 [TRAIN] Loading 1 shards...
   ✅ Loaded 11305 samples.
   📂 [TEST] Loading 1 shards...
   ✅ Loaded 1614 samples.
   ⚙️  Config: Workers=8, BS=32, SmallData=False

>>> Loading Model: dinov3_sat_1cha (dinov3_hub)
   🔍 Auditing weights for [dinov3_sat_1cha]...
   ✅ [PERFECT MATCH] 368/368 layers loaded (100.0%)

   🔍 [Structure Check] dinov3_sat_1cha Output Analysis:
      Type: Tuple (len=2)
      Item 0: Shape (1, 1024)
      Item 1: Shape (1, 256, 1024)
      ✅ Identified: CLS=True, Patch=True
      👉 Final Strategy: concat_2 | Input Dim: 2048
   🔥 Mode: Full Fine-tuning (Backbone Unfrozen)
   🚀 Compiling model with torch.compile...
   ⚡ AMP Precision: torch.bfloat16
   🔄 Training Start... (Epochs: 50, Patience: 7)
   📅 Epoch 1 | Loss: 0.7377 | Val Accuracy: 86.18%
      ⭐ New Best! Saved.
   📅 Epoch 2 | Loss: 0.3736 | Val Accuracy: 90.58%
      ⭐ New Best! Saved.
   📅 Epoch 3 | Loss: 0.3366 | Val Accuracy: 89.84%
   📅 Epoch 4 | Loss: 0.3033 | Val Accuracy: 92.44%
      ⭐ New Best! Saved.
   📅 Epoch 5 | Loss: 0.2562 | Val Accuracy: 90.27%
   📅 Epoch 6 | Loss: 0.2484 | Val Accuracy: 92.19%
   📅 Epoch 7 | Loss: 0.2239 | Val Accuracy: 92.01%
   📅 Epoch 8 | Loss: 0.2017 | Val Accuracy: 91.57%
   📅 Epoch 9 | Loss: 0.1884 | Val Accuracy: 93.37%
      ⭐ New Best! Saved.
   📅 Epoch 10 | Loss: 0.1899 | Val Accuracy: 93.37%
   📅 Epoch 11 | Loss: 0.1902 | Val Accuracy: 93.31%
   📅 Epoch 12 | Loss: 0.1741 | Val Accuracy: 92.44%
   📅 Epoch 13 | Loss: 0.1491 | Val Accuracy: 92.50%
   📅 Epoch 14 | Loss: 0.1603 | Val Accuracy: 92.38%
   📅 Epoch 15 | Loss: 0.1432 | Val Accuracy: 93.31%
   📅 Epoch 16 | Loss: 0.1429 | Val Accuracy: 93.06%

   🛑 Early Stopping triggered after 7 epochs.

========================================
🏆 Best Val Accuracy: 93.37%
💾 Best Checkpoint: ./checkpoints/full_mb-domars16k_dinov3_sat_1cha_lr0.001_concat_2.pth
========================================

