
============================================================
📄 Log File: ./logs/full_records/mb-domars16k_siglip2_lr1e-05_concat_3.log
⏰ Time: 2026-03-01 19:24:31
============================================================

🚀 Training siglip2 on mb-domars16k | Mode: FULL | LR: 1e-05
   📂 [TRAIN] Loading 1 shards...
   ✅ Loaded 11305 samples.
   📂 [TEST] Loading 1 shards...
   ✅ Loaded 1614 samples.
   ⚙️  Config: Workers=8, BS=32, SmallData=False

>>> Loading Model: siglip2 (transformers)

   🔍 [Structure Check] siglip2 Output Analysis:
      Type: Tuple (len=2)
      Item 0: Shape (1, 1024)
      Item 1: Shape (1, 256, 1024)
      ✅ Identified: CLS=True, Patch=True
      👉 Final Strategy: concat_3 | Input Dim: 3072
   🔥 Mode: Full Fine-tuning (Backbone Unfrozen)
   🚀 Compiling model with torch.compile...
   ⚡ AMP Precision: torch.bfloat16
   🔄 Training Start... (Epochs: 50, Patience: 7)
   📅 Epoch 1 | Loss: 2.3716 | Val Accuracy: 39.34%
      ⭐ New Best! Saved.
   📅 Epoch 2 | Loss: 1.5800 | Val Accuracy: 62.52%
      ⭐ New Best! Saved.
   📅 Epoch 3 | Loss: 1.0456 | Val Accuracy: 74.16%
      ⭐ New Best! Saved.
   📅 Epoch 4 | Loss: 0.7412 | Val Accuracy: 78.93%
      ⭐ New Best! Saved.
   📅 Epoch 5 | Loss: 0.5987 | Val Accuracy: 83.27%
      ⭐ New Best! Saved.
   📅 Epoch 6 | Loss: 0.5252 | Val Accuracy: 83.95%
      ⭐ New Best! Saved.
   📅 Epoch 7 | Loss: 0.4911 | Val Accuracy: 85.44%
      ⭐ New Best! Saved.
   📅 Epoch 8 | Loss: 0.4561 | Val Accuracy: 86.25%
      ⭐ New Best! Saved.
   📅 Epoch 9 | Loss: 0.4220 | Val Accuracy: 87.61%
      ⭐ New Best! Saved.
   📅 Epoch 10 | Loss: 0.3925 | Val Accuracy: 88.60%
      ⭐ New Best! Saved.
   📅 Epoch 11 | Loss: 0.3771 | Val Accuracy: 88.79%
      ⭐ New Best! Saved.
   📅 Epoch 12 | Loss: 0.3646 | Val Accuracy: 89.84%
      ⭐ New Best! Saved.
   📅 Epoch 13 | Loss: 0.3416 | Val Accuracy: 89.53%
   📅 Epoch 14 | Loss: 0.3439 | Val Accuracy: 88.04%
   📅 Epoch 15 | Loss: 0.3380 | Val Accuracy: 90.33%
      ⭐ New Best! Saved.
   📅 Epoch 16 | Loss: 0.3289 | Val Accuracy: 88.72%
   📅 Epoch 17 | Loss: 0.3092 | Val Accuracy: 89.47%
   📅 Epoch 18 | Loss: 0.3015 | Val Accuracy: 90.71%
      ⭐ New Best! Saved.
   📅 Epoch 19 | Loss: 0.2940 | Val Accuracy: 90.58%
   📅 Epoch 20 | Loss: 0.3055 | Val Accuracy: 90.46%
   📅 Epoch 21 | Loss: 0.2885 | Val Accuracy: 91.14%
      ⭐ New Best! Saved.
   📅 Epoch 22 | Loss: 0.2689 | Val Accuracy: 91.39%
      ⭐ New Best! Saved.
   📅 Epoch 23 | Loss: 0.2649 | Val Accuracy: 91.39%
   📅 Epoch 24 | Loss: 0.2480 | Val Accuracy: 92.19%
      ⭐ New Best! Saved.
   📅 Epoch 25 | Loss: 0.2464 | Val Accuracy: 91.39%
   📅 Epoch 26 | Loss: 0.2347 | Val Accuracy: 91.57%
   📅 Epoch 27 | Loss: 0.2502 | Val Accuracy: 92.32%
      ⭐ New Best! Saved.
   📅 Epoch 28 | Loss: 0.2276 | Val Accuracy: 91.45%
   📅 Epoch 29 | Loss: 0.2335 | Val Accuracy: 91.64%
   📅 Epoch 30 | Loss: 0.2196 | Val Accuracy: 91.82%
   📅 Epoch 31 | Loss: 0.2122 | Val Accuracy: 92.26%
   📅 Epoch 32 | Loss: 0.2143 | Val Accuracy: 92.57%
      ⭐ New Best! Saved.
   📅 Epoch 33 | Loss: 0.1980 | Val Accuracy: 92.01%
   📅 Epoch 34 | Loss: 0.1947 | Val Accuracy: 90.83%
   📅 Epoch 35 | Loss: 0.1982 | Val Accuracy: 92.81%
      ⭐ New Best! Saved.
   📅 Epoch 36 | Loss: 0.2009 | Val Accuracy: 92.57%
   📅 Epoch 37 | Loss: 0.1829 | Val Accuracy: 92.19%
   📅 Epoch 38 | Loss: 0.1936 | Val Accuracy: 92.19%
   📅 Epoch 39 | Loss: 0.1862 | Val Accuracy: 92.50%
   📅 Epoch 40 | Loss: 0.1770 | Val Accuracy: 92.19%
   📅 Epoch 41 | Loss: 0.1723 | Val Accuracy: 92.87%
      ⭐ New Best! Saved.
   📅 Epoch 42 | Loss: 0.1714 | Val Accuracy: 93.31%
      ⭐ New Best! Saved.
   📅 Epoch 43 | Loss: 0.1661 | Val Accuracy: 91.95%
   📅 Epoch 44 | Loss: 0.1739 | Val Accuracy: 92.63%
   📅 Epoch 45 | Loss: 0.1678 | Val Accuracy: 90.71%
   📅 Epoch 46 | Loss: 0.1571 | Val Accuracy: 92.57%
   📅 Epoch 47 | Loss: 0.1625 | Val Accuracy: 92.87%
   📅 Epoch 48 | Loss: 0.1673 | Val Accuracy: 92.81%
   📅 Epoch 49 | Loss: 0.1477 | Val Accuracy: 93.06%

   🛑 Early Stopping triggered after 7 epochs.

========================================
🏆 Best Val Accuracy: 93.31%
💾 Best Checkpoint: ./checkpoints/full_mb-domars16k_siglip2_lr1e-05_concat_3.pth
========================================

