
============================================================
📄 Log File: ./logs/full_records/mb-domars16k_mars_mae_lr0.001_concat_3.log
⏰ Time: 2026-03-01 20:38:01
============================================================

🚀 Training mars_mae on mb-domars16k | Mode: FULL | LR: 0.001
   📂 [TRAIN] Loading 1 shards...
   ✅ Loaded 11305 samples.
   📂 [TEST] Loading 1 shards...
   ✅ Loaded 1614 samples.
   ⚙️  Config: Workers=8, BS=32, SmallData=False

>>> Loading Model: mars_mae (timm_mae)
   ℹ️  Config: in_chans=1
   🔍 Auditing weights for [mars_mae]...
   ✅ [PERFECT MATCH] 150/150 layers loaded (100.0%)

   🔍 [Structure Check] mars_mae Output Analysis:
      Type: Tuple (len=2)
      Item 0: Shape (1, 768)
      Item 1: Shape (1, 196, 768)
      ✅ Identified: CLS=True, Patch=True
      👉 Final Strategy: concat_3 | Input Dim: 2304
   🔥 Mode: Full Fine-tuning (Backbone Unfrozen)
   🚀 Compiling model with torch.compile...
   ⚡ AMP Precision: torch.bfloat16
   🔄 Training Start... (Epochs: 50, Patience: 7)
   📅 Epoch 1 | Loss: 1.2471 | Val Accuracy: 66.73%
      ⭐ New Best! Saved.
   📅 Epoch 2 | Loss: 0.7899 | Val Accuracy: 81.35%
      ⭐ New Best! Saved.
   📅 Epoch 3 | Loss: 0.7302 | Val Accuracy: 82.40%
      ⭐ New Best! Saved.
   📅 Epoch 4 | Loss: 0.6493 | Val Accuracy: 84.20%
      ⭐ New Best! Saved.
   📅 Epoch 5 | Loss: 0.6133 | Val Accuracy: 84.20%
   📅 Epoch 6 | Loss: 0.5618 | Val Accuracy: 83.77%
   📅 Epoch 7 | Loss: 0.5444 | Val Accuracy: 83.09%
   📅 Epoch 8 | Loss: 0.5063 | Val Accuracy: 85.63%
      ⭐ New Best! Saved.
   📅 Epoch 9 | Loss: 0.4792 | Val Accuracy: 86.93%
      ⭐ New Best! Saved.
   📅 Epoch 10 | Loss: 0.4896 | Val Accuracy: 85.63%
   📅 Epoch 11 | Loss: 0.4691 | Val Accuracy: 85.63%
   📅 Epoch 12 | Loss: 0.4834 | Val Accuracy: 86.74%
   📅 Epoch 13 | Loss: 0.4384 | Val Accuracy: 85.87%
   📅 Epoch 14 | Loss: 0.4506 | Val Accuracy: 87.67%
      ⭐ New Best! Saved.
   📅 Epoch 15 | Loss: 0.4132 | Val Accuracy: 87.05%
   📅 Epoch 16 | Loss: 0.4387 | Val Accuracy: 87.86%
      ⭐ New Best! Saved.
   📅 Epoch 17 | Loss: 0.4150 | Val Accuracy: 88.10%
      ⭐ New Best! Saved.
   📅 Epoch 18 | Loss: 0.4008 | Val Accuracy: 85.56%
   📅 Epoch 19 | Loss: 0.3872 | Val Accuracy: 85.69%
   📅 Epoch 20 | Loss: 0.3777 | Val Accuracy: 89.53%
      ⭐ New Best! Saved.
   📅 Epoch 21 | Loss: 0.3714 | Val Accuracy: 86.68%
   📅 Epoch 22 | Loss: 0.3774 | Val Accuracy: 85.87%
   📅 Epoch 23 | Loss: 0.3812 | Val Accuracy: 87.11%
   📅 Epoch 24 | Loss: 0.3596 | Val Accuracy: 88.04%
   📅 Epoch 25 | Loss: 0.3670 | Val Accuracy: 88.85%
   📅 Epoch 26 | Loss: 0.3345 | Val Accuracy: 88.04%
   📅 Epoch 27 | Loss: 0.3476 | Val Accuracy: 87.11%

   🛑 Early Stopping triggered after 7 epochs.

========================================
🏆 Best Val Accuracy: 89.53%
💾 Best Checkpoint: ./checkpoints/full_mb-domars16k_mars_mae_lr0.001_concat_3.pth
========================================

