
============================================================
📄 Log File: ./logs/full_records/mb-domars16k_dinov3_sat_lr0.001_original.log
⏰ Time: 2026-03-01 02:12:33
============================================================

🚀 Training dinov3_sat on mb-domars16k | Mode: FULL | LR: 0.001
   📂 [TRAIN] Loading 1 shards...
   ✅ Loaded 11305 samples.
   📂 [TEST] Loading 1 shards...
   ✅ Loaded 1614 samples.
   ⚙️  Config: Workers=8, BS=32, SmallData=False

>>> Loading Model: dinov3_sat (dinov3_hub)
   🔍 Auditing weights for [dinov3_sat]...
   ✅ [PERFECT MATCH] 368/368 layers loaded (100.0%)

   🔍 [Structure Check] dinov3_sat Output Analysis:
      Type: Tuple (len=2)
      Item 0: Shape (1, 1024)
      Item 1: Shape (1, 256, 1024)
      ✅ Identified: CLS=True, Patch=True
      👉 Final Strategy: GAP_only | Input Dim: 1024
   🔥 Mode: Full Fine-tuning (Backbone Unfrozen)
   🚀 Compiling model with torch.compile...
   ⚡ AMP Precision: torch.bfloat16
   🔄 Training Start... (Epochs: 50, Patience: 7)
   📅 Epoch 1 | Loss: 0.8385 | Val Accuracy: 83.21%
      ⭐ New Best! Saved.
   📅 Epoch 2 | Loss: 0.4666 | Val Accuracy: 87.36%
      ⭐ New Best! Saved.
   📅 Epoch 3 | Loss: 0.3694 | Val Accuracy: 89.47%
      ⭐ New Best! Saved.
   📅 Epoch 4 | Loss: 0.3248 | Val Accuracy: 91.14%
      ⭐ New Best! Saved.
   📅 Epoch 5 | Loss: 0.3166 | Val Accuracy: 91.08%
   📅 Epoch 6 | Loss: 0.2852 | Val Accuracy: 91.20%
      ⭐ New Best! Saved.
   📅 Epoch 7 | Loss: 0.2532 | Val Accuracy: 91.95%
      ⭐ New Best! Saved.
   📅 Epoch 8 | Loss: 0.2387 | Val Accuracy: 91.64%
   📅 Epoch 9 | Loss: 0.2251 | Val Accuracy: 92.94%
      ⭐ New Best! Saved.
   📅 Epoch 10 | Loss: 0.1993 | Val Accuracy: 92.01%
   📅 Epoch 11 | Loss: 0.2002 | Val Accuracy: 91.88%
   📅 Epoch 12 | Loss: 0.2033 | Val Accuracy: 91.95%
   📅 Epoch 13 | Loss: 0.1912 | Val Accuracy: 92.44%
   📅 Epoch 14 | Loss: 0.1710 | Val Accuracy: 92.13%
   📅 Epoch 15 | Loss: 0.1687 | Val Accuracy: 91.57%
   📅 Epoch 16 | Loss: 0.1702 | Val Accuracy: 94.11%
      ⭐ New Best! Saved.
   📅 Epoch 17 | Loss: 0.1480 | Val Accuracy: 91.82%
   📅 Epoch 18 | Loss: 0.1578 | Val Accuracy: 93.31%
   📅 Epoch 19 | Loss: 0.2412 | Val Accuracy: 92.38%
   📅 Epoch 20 | Loss: 0.2034 | Val Accuracy: 91.26%
   📅 Epoch 21 | Loss: 0.1652 | Val Accuracy: 91.51%
   📅 Epoch 22 | Loss: 0.1353 | Val Accuracy: 92.57%
   📅 Epoch 23 | Loss: 0.1364 | Val Accuracy: 92.69%

   🛑 Early Stopping triggered after 7 epochs.

========================================
🏆 Best Val Accuracy: 94.11%
💾 Best Checkpoint: ./checkpoints/full_mb-domars16k_dinov3_sat_lr0.001_original.pth
========================================

