
============================================================
📄 Log File: ./logs/full_records/mb-domars16k_dinov3_lvd_1cha_lr0.0001_original.log
⏰ Time: 2026-04-02 09:58:25
============================================================

🚀 Training dinov3_lvd_1cha on mb-domars16k | Mode: FULL | LR: 0.0001
   📂 [TRAIN] Loading 1 shards...
   ✅ Loaded 11305 samples.
   📂 [TEST] Loading 1 shards...
   ✅ Loaded 1614 samples.
   ⚙️  Config: Workers=8, BS=32, SmallData=False

>>> Loading Model: dinov3_lvd_1cha (dinov3_hub)
   🔍 Auditing weights for [dinov3_lvd_1cha]...
   ✅ [PERFECT MATCH] 368/368 layers loaded (100.0%)

   🔍 [Structure Check] dinov3_lvd_1cha Output Analysis:
      Type: Tuple (len=2)
      Item 0: Shape (1, 1024)
      Item 1: Shape (1, 256, 1024)
      ✅ Identified: CLS=True, Patch=True
      👉 Final Strategy: CLS_only | Input Dim: 1024
   🔥 Mode: Full Fine-tuning (Backbone Unfrozen)
   🚀 Compiling model with torch.compile...
   ⚡ AMP Precision: torch.bfloat16
   🔄 Training Start... (Epochs: 50, Patience: 7)
   📅 Epoch 1 | Loss: 1.2794 | Val Accuracy: 85.63%
      ⭐ New Best! Saved.
   📅 Epoch 2 | Loss: 0.4570 | Val Accuracy: 89.10%
      ⭐ New Best! Saved.
   📅 Epoch 3 | Loss: 0.3615 | Val Accuracy: 91.14%
      ⭐ New Best! Saved.
   📅 Epoch 4 | Loss: 0.3067 | Val Accuracy: 90.71%
   📅 Epoch 5 | Loss: 0.2733 | Val Accuracy: 92.13%
      ⭐ New Best! Saved.
   📅 Epoch 6 | Loss: 0.2504 | Val Accuracy: 90.58%
   📅 Epoch 7 | Loss: 0.2331 | Val Accuracy: 90.95%
   📅 Epoch 8 | Loss: 0.2059 | Val Accuracy: 91.76%
   📅 Epoch 9 | Loss: 0.1993 | Val Accuracy: 92.01%
   📅 Epoch 10 | Loss: 0.1895 | Val Accuracy: 93.49%
      ⭐ New Best! Saved.
   📅 Epoch 11 | Loss: 0.1767 | Val Accuracy: 93.43%
   📅 Epoch 12 | Loss: 0.1735 | Val Accuracy: 93.93%
      ⭐ New Best! Saved.
   📅 Epoch 13 | Loss: 0.1588 | Val Accuracy: 92.13%
   📅 Epoch 14 | Loss: 0.1538 | Val Accuracy: 92.63%
   📅 Epoch 15 | Loss: 0.1490 | Val Accuracy: 93.37%
   📅 Epoch 16 | Loss: 0.1388 | Val Accuracy: 93.43%
   📅 Epoch 17 | Loss: 0.1313 | Val Accuracy: 93.43%
   📅 Epoch 18 | Loss: 0.1195 | Val Accuracy: 93.80%
   📅 Epoch 19 | Loss: 0.1299 | Val Accuracy: 93.00%

   🛑 Early Stopping triggered after 7 epochs.

========================================
🏆 Best Val Accuracy: 93.93%
💾 Best Checkpoint: ./checkpoints/full_mb-domars16k_dinov3_lvd_1cha_lr0.0001_original.pth
========================================

