
============================================================
📄 Log File: ./logs/full_records/mb-domars16k_dinov3_lvd_1cha_lr0.001_original.log
⏰ Time: 2026-04-02 08:49:48
============================================================

🚀 Training dinov3_lvd_1cha on mb-domars16k | Mode: FULL | LR: 0.001
   📂 [TRAIN] Loading 1 shards...
   ✅ Loaded 11305 samples.
   📂 [TEST] Loading 1 shards...
   ✅ Loaded 1614 samples.
   ⚙️  Config: Workers=8, BS=32, SmallData=False

>>> Loading Model: dinov3_lvd_1cha (dinov3_hub)
   🔍 Auditing weights for [dinov3_lvd_1cha]...
   ✅ [PERFECT MATCH] 368/368 layers loaded (100.0%)

   🔍 [Structure Check] dinov3_lvd_1cha Output Analysis:
      Type: Tuple (len=2)
      Item 0: Shape (1, 1024)
      Item 1: Shape (1, 256, 1024)
      ✅ Identified: CLS=True, Patch=True
      👉 Final Strategy: CLS_only | Input Dim: 1024
   🔥 Mode: Full Fine-tuning (Backbone Unfrozen)
   🚀 Compiling model with torch.compile...
   ⚡ AMP Precision: torch.bfloat16
   🔄 Training Start... (Epochs: 50, Patience: 7)
   📅 Epoch 1 | Loss: 0.7411 | Val Accuracy: 85.44%
      ⭐ New Best! Saved.
   📅 Epoch 2 | Loss: 0.4821 | Val Accuracy: 88.48%
      ⭐ New Best! Saved.
   📅 Epoch 3 | Loss: 0.3998 | Val Accuracy: 89.16%
      ⭐ New Best! Saved.
   📅 Epoch 4 | Loss: 0.3388 | Val Accuracy: 89.28%
      ⭐ New Best! Saved.
   📅 Epoch 5 | Loss: 0.3204 | Val Accuracy: 89.90%
      ⭐ New Best! Saved.
   📅 Epoch 6 | Loss: 0.2959 | Val Accuracy: 89.59%
   📅 Epoch 7 | Loss: 0.3039 | Val Accuracy: 88.72%
   📅 Epoch 8 | Loss: 0.2631 | Val Accuracy: 91.08%
      ⭐ New Best! Saved.
   📅 Epoch 9 | Loss: 0.2601 | Val Accuracy: 92.69%
      ⭐ New Best! Saved.
   📅 Epoch 10 | Loss: 0.2281 | Val Accuracy: 92.69%
   📅 Epoch 11 | Loss: 0.2243 | Val Accuracy: 91.95%
   📅 Epoch 12 | Loss: 0.2287 | Val Accuracy: 90.77%
   📅 Epoch 13 | Loss: 0.2106 | Val Accuracy: 93.74%
      ⭐ New Best! Saved.
   📅 Epoch 14 | Loss: 0.2080 | Val Accuracy: 92.26%
   📅 Epoch 15 | Loss: 0.1960 | Val Accuracy: 90.71%
   📅 Epoch 16 | Loss: 0.1847 | Val Accuracy: 93.25%
   📅 Epoch 17 | Loss: 0.1693 | Val Accuracy: 93.12%
   📅 Epoch 18 | Loss: 0.1734 | Val Accuracy: 90.58%
   📅 Epoch 19 | Loss: 0.1796 | Val Accuracy: 91.88%
   📅 Epoch 20 | Loss: 0.1636 | Val Accuracy: 94.05%
      ⭐ New Best! Saved.
   📅 Epoch 21 | Loss: 0.1698 | Val Accuracy: 92.57%
   📅 Epoch 22 | Loss: 0.1590 | Val Accuracy: 92.26%
   📅 Epoch 23 | Loss: 0.1708 | Val Accuracy: 91.20%
   📅 Epoch 24 | Loss: 0.1654 | Val Accuracy: 91.26%
   📅 Epoch 25 | Loss: 0.1300 | Val Accuracy: 92.69%
   📅 Epoch 26 | Loss: 0.1407 | Val Accuracy: 92.44%
   📅 Epoch 27 | Loss: 0.1125 | Val Accuracy: 93.06%

   🛑 Early Stopping triggered after 7 epochs.

========================================
🏆 Best Val Accuracy: 94.05%
💾 Best Checkpoint: ./checkpoints/full_mb-domars16k_dinov3_lvd_1cha_lr0.001_original.pth
========================================

