
============================================================
📄 Log File: ./logs/full_records/mb-domars16k_openclip_lr0.0001_concat_2.log
⏰ Time: 2026-03-01 07:39:21
============================================================

🚀 Training openclip on mb-domars16k | Mode: FULL | LR: 0.0001
   📂 [TRAIN] Loading 1 shards...
   ✅ Loaded 11305 samples.
   📂 [TEST] Loading 1 shards...
   ✅ Loaded 1614 samples.
   ⚙️  Config: Workers=8, BS=32, SmallData=False

>>> Loading Model: openclip (transformers_clip)

   🔍 [Structure Check] openclip Output Analysis:
      Type: Tuple (len=2)
      Item 0: Shape (1, 1024)
      Item 1: Shape (1, 256, 1024)
      ✅ Identified: CLS=True, Patch=True
      👉 Final Strategy: concat_2 | Input Dim: 2048
   🔥 Mode: Full Fine-tuning (Backbone Unfrozen)
   🚀 Compiling model with torch.compile...
   ⚡ AMP Precision: torch.bfloat16
   🔄 Training Start... (Epochs: 50, Patience: 7)
   📅 Epoch 1 | Loss: 0.8813 | Val Accuracy: 81.85%
      ⭐ New Best! Saved.
   📅 Epoch 2 | Loss: 0.4948 | Val Accuracy: 86.56%
      ⭐ New Best! Saved.
   📅 Epoch 3 | Loss: 0.4183 | Val Accuracy: 88.17%
      ⭐ New Best! Saved.
   📅 Epoch 4 | Loss: 0.3607 | Val Accuracy: 89.96%
      ⭐ New Best! Saved.
   📅 Epoch 5 | Loss: 0.3345 | Val Accuracy: 89.78%
   📅 Epoch 6 | Loss: 0.2963 | Val Accuracy: 90.46%
      ⭐ New Best! Saved.
   📅 Epoch 7 | Loss: 0.2735 | Val Accuracy: 90.27%
   📅 Epoch 8 | Loss: 0.2693 | Val Accuracy: 91.82%
      ⭐ New Best! Saved.
   📅 Epoch 9 | Loss: 0.2486 | Val Accuracy: 92.19%
      ⭐ New Best! Saved.
   📅 Epoch 10 | Loss: 0.2289 | Val Accuracy: 92.94%
      ⭐ New Best! Saved.
   📅 Epoch 11 | Loss: 0.2122 | Val Accuracy: 92.81%
   📅 Epoch 12 | Loss: 0.2085 | Val Accuracy: 92.01%
   📅 Epoch 13 | Loss: 0.2085 | Val Accuracy: 92.50%
   📅 Epoch 14 | Loss: 0.1801 | Val Accuracy: 92.38%
   📅 Epoch 15 | Loss: 0.1657 | Val Accuracy: 92.32%
   📅 Epoch 16 | Loss: 0.1588 | Val Accuracy: 91.57%
   📅 Epoch 17 | Loss: 0.1514 | Val Accuracy: 93.25%
      ⭐ New Best! Saved.
   📅 Epoch 18 | Loss: 0.1578 | Val Accuracy: 92.69%
   📅 Epoch 19 | Loss: 0.1472 | Val Accuracy: 93.12%
   📅 Epoch 20 | Loss: 0.1435 | Val Accuracy: 92.13%
   📅 Epoch 21 | Loss: 0.1373 | Val Accuracy: 93.62%
      ⭐ New Best! Saved.
   📅 Epoch 22 | Loss: 0.1243 | Val Accuracy: 92.01%
   📅 Epoch 23 | Loss: 0.1439 | Val Accuracy: 92.26%
   📅 Epoch 24 | Loss: 0.1320 | Val Accuracy: 93.62%
   📅 Epoch 25 | Loss: 0.1212 | Val Accuracy: 93.06%
   📅 Epoch 26 | Loss: 0.1296 | Val Accuracy: 93.43%
   📅 Epoch 27 | Loss: 0.1222 | Val Accuracy: 93.93%
      ⭐ New Best! Saved.
   📅 Epoch 28 | Loss: 0.1161 | Val Accuracy: 92.44%
   📅 Epoch 29 | Loss: 0.1165 | Val Accuracy: 92.75%
   📅 Epoch 30 | Loss: 0.1173 | Val Accuracy: 93.49%
   📅 Epoch 31 | Loss: 0.1094 | Val Accuracy: 93.12%
   📅 Epoch 32 | Loss: 0.1045 | Val Accuracy: 93.93%
   📅 Epoch 33 | Loss: 0.0981 | Val Accuracy: 93.56%
   📅 Epoch 34 | Loss: 0.1055 | Val Accuracy: 93.74%

   🛑 Early Stopping triggered after 7 epochs.

========================================
🏆 Best Val Accuracy: 93.93%
💾 Best Checkpoint: ./checkpoints/full_mb-domars16k_openclip_lr0.0001_concat_2.pth
========================================

