
============================================================
📄 Log File: ./logs/full_records/mb-domars16k_dinov1_b8_lr0.001_original.log
⏰ Time: 2026-03-01 09:02:00
============================================================

🚀 Training dinov1_b8 on mb-domars16k | Mode: FULL | LR: 0.001
   📂 [TRAIN] Loading 1 shards...
   ✅ Loaded 11305 samples.
   📂 [TEST] Loading 1 shards...
   ✅ Loaded 1614 samples.
   ⚙️  Config: Workers=8, BS=32, SmallData=False

>>> Loading Model: dinov1_b8 (dinov1)

   🔍 [Structure Check] dinov1_b8 Output Analysis:
      Type: Tuple (len=2)
      Item 0: Shape (1, 768)
      Item 1: Shape (1, 784, 768)
      ✅ Identified: CLS=True, Patch=True
      👉 Final Strategy: CLS_only | Input Dim: 768
   🔥 Mode: Full Fine-tuning (Backbone Unfrozen)
   🚀 Compiling model with torch.compile...
   ⚡ AMP Precision: torch.bfloat16
   🔄 Training Start... (Epochs: 50, Patience: 7)
   📅 Epoch 1 | Loss: 0.8966 | Val Accuracy: 84.08%
      ⭐ New Best! Saved.
   📅 Epoch 2 | Loss: 0.6202 | Val Accuracy: 85.13%
      ⭐ New Best! Saved.
   📅 Epoch 3 | Loss: 0.5512 | Val Accuracy: 85.19%
      ⭐ New Best! Saved.
   📅 Epoch 4 | Loss: 0.4933 | Val Accuracy: 82.78%
   📅 Epoch 5 | Loss: 0.4588 | Val Accuracy: 86.43%
      ⭐ New Best! Saved.
   📅 Epoch 6 | Loss: 0.4314 | Val Accuracy: 87.42%
      ⭐ New Best! Saved.
   📅 Epoch 7 | Loss: 0.4367 | Val Accuracy: 88.10%
      ⭐ New Best! Saved.
   📅 Epoch 8 | Loss: 0.4104 | Val Accuracy: 87.17%
   📅 Epoch 9 | Loss: 0.3851 | Val Accuracy: 87.92%
   📅 Epoch 10 | Loss: 0.3624 | Val Accuracy: 89.47%
      ⭐ New Best! Saved.
   📅 Epoch 11 | Loss: 0.3729 | Val Accuracy: 87.61%
   📅 Epoch 12 | Loss: 0.3718 | Val Accuracy: 88.48%
   📅 Epoch 13 | Loss: 0.3399 | Val Accuracy: 88.66%
   📅 Epoch 14 | Loss: 0.3348 | Val Accuracy: 88.10%
   📅 Epoch 15 | Loss: 0.3263 | Val Accuracy: 90.02%
      ⭐ New Best! Saved.
   📅 Epoch 16 | Loss: 0.3191 | Val Accuracy: 89.03%
   📅 Epoch 17 | Loss: 0.3290 | Val Accuracy: 88.10%
   📅 Epoch 18 | Loss: 0.3073 | Val Accuracy: 88.48%
   📅 Epoch 19 | Loss: 0.2991 | Val Accuracy: 87.92%
   📅 Epoch 20 | Loss: 0.2871 | Val Accuracy: 89.41%
   📅 Epoch 21 | Loss: 0.2773 | Val Accuracy: 85.56%
   📅 Epoch 22 | Loss: 0.2845 | Val Accuracy: 88.91%

   🛑 Early Stopping triggered after 7 epochs.

========================================
🏆 Best Val Accuracy: 90.02%
💾 Best Checkpoint: ./checkpoints/full_mb-domars16k_dinov1_b8_lr0.001_original.pth
========================================

