
============================================================
📄 Log File: ./logs/full_records/mb-domars16k_dinov3_lvd_1cha_lr0.001_concat_2.log
⏰ Time: 2026-04-02 07:16:24
============================================================

🚀 Training dinov3_lvd_1cha on mb-domars16k | Mode: FULL | LR: 0.001
   📂 [TRAIN] Loading 1 shards...
   ✅ Loaded 11305 samples.
   📂 [TEST] Loading 1 shards...
   ✅ Loaded 1614 samples.
   ⚙️  Config: Workers=8, BS=32, SmallData=False

>>> Loading Model: dinov3_lvd_1cha (dinov3_hub)
   🔍 Auditing weights for [dinov3_lvd_1cha]...
   ✅ [PERFECT MATCH] 368/368 layers loaded (100.0%)

   🔍 [Structure Check] dinov3_lvd_1cha Output Analysis:
      Type: Tuple (len=2)
      Item 0: Shape (1, 1024)
      Item 1: Shape (1, 256, 1024)
      ✅ Identified: CLS=True, Patch=True
      👉 Final Strategy: concat_2 | Input Dim: 2048
   🔥 Mode: Full Fine-tuning (Backbone Unfrozen)
   🚀 Compiling model with torch.compile...
   ⚡ AMP Precision: torch.bfloat16
   🔄 Training Start... (Epochs: 50, Patience: 7)
   📅 Epoch 1 | Loss: 0.7406 | Val Accuracy: 82.90%
      ⭐ New Best! Saved.
   📅 Epoch 2 | Loss: 0.4377 | Val Accuracy: 87.11%
      ⭐ New Best! Saved.
   📅 Epoch 3 | Loss: 0.4131 | Val Accuracy: 90.09%
      ⭐ New Best! Saved.
   📅 Epoch 4 | Loss: 0.3662 | Val Accuracy: 90.46%
      ⭐ New Best! Saved.
   📅 Epoch 5 | Loss: 0.3127 | Val Accuracy: 91.20%
      ⭐ New Best! Saved.
   📅 Epoch 6 | Loss: 0.3021 | Val Accuracy: 91.82%
      ⭐ New Best! Saved.
   📅 Epoch 7 | Loss: 0.2854 | Val Accuracy: 90.89%
   📅 Epoch 8 | Loss: 0.2685 | Val Accuracy: 91.33%
   📅 Epoch 9 | Loss: 0.2312 | Val Accuracy: 90.64%
   📅 Epoch 10 | Loss: 0.2425 | Val Accuracy: 90.58%
   📅 Epoch 11 | Loss: 0.2466 | Val Accuracy: 91.45%
   📅 Epoch 12 | Loss: 0.2125 | Val Accuracy: 92.26%
      ⭐ New Best! Saved.
   📅 Epoch 13 | Loss: 0.2201 | Val Accuracy: 92.87%
      ⭐ New Best! Saved.
   📅 Epoch 14 | Loss: 0.1892 | Val Accuracy: 91.51%
   📅 Epoch 15 | Loss: 0.1907 | Val Accuracy: 93.68%
      ⭐ New Best! Saved.
   📅 Epoch 16 | Loss: 0.1930 | Val Accuracy: 92.57%
   📅 Epoch 17 | Loss: 0.1817 | Val Accuracy: 93.25%
   📅 Epoch 18 | Loss: 0.1685 | Val Accuracy: 93.06%
   📅 Epoch 19 | Loss: 0.1724 | Val Accuracy: 91.08%
   📅 Epoch 20 | Loss: 0.1557 | Val Accuracy: 92.63%
   📅 Epoch 21 | Loss: 0.1686 | Val Accuracy: 92.75%
   📅 Epoch 22 | Loss: 0.1530 | Val Accuracy: 91.02%

   🛑 Early Stopping triggered after 7 epochs.

========================================
🏆 Best Val Accuracy: 93.68%
💾 Best Checkpoint: ./checkpoints/full_mb-domars16k_dinov3_lvd_1cha_lr0.001_concat_2.pth
========================================

