
============================================================
📄 Log File: ./logs/full_records/mb-domars16k_dinov3_sat_1cha_lr0.0001_concat_3.log
⏰ Time: 2026-04-02 05:05:27
============================================================

🚀 Training dinov3_sat_1cha on mb-domars16k | Mode: FULL | LR: 0.0001
   📂 [TRAIN] Loading 1 shards...
   ✅ Loaded 11305 samples.
   📂 [TEST] Loading 1 shards...
   ✅ Loaded 1614 samples.
   ⚙️  Config: Workers=8, BS=32, SmallData=False

>>> Loading Model: dinov3_sat_1cha (dinov3_hub)
   🔍 Auditing weights for [dinov3_sat_1cha]...
   ✅ [PERFECT MATCH] 368/368 layers loaded (100.0%)

   🔍 [Structure Check] dinov3_sat_1cha Output Analysis:
      Type: Tuple (len=2)
      Item 0: Shape (1, 1024)
      Item 1: Shape (1, 256, 1024)
      ✅ Identified: CLS=True, Patch=True
      👉 Final Strategy: concat_3 | Input Dim: 3072
   🔥 Mode: Full Fine-tuning (Backbone Unfrozen)
   🚀 Compiling model with torch.compile...
   ⚡ AMP Precision: torch.bfloat16
   🔄 Training Start... (Epochs: 50, Patience: 7)
   📅 Epoch 1 | Loss: 1.4338 | Val Accuracy: 81.54%
      ⭐ New Best! Saved.
   📅 Epoch 2 | Loss: 0.5061 | Val Accuracy: 87.30%
      ⭐ New Best! Saved.
   📅 Epoch 3 | Loss: 0.3919 | Val Accuracy: 88.17%
      ⭐ New Best! Saved.
   📅 Epoch 4 | Loss: 0.3415 | Val Accuracy: 89.84%
      ⭐ New Best! Saved.
   📅 Epoch 5 | Loss: 0.3083 | Val Accuracy: 89.59%
   📅 Epoch 6 | Loss: 0.2871 | Val Accuracy: 90.89%
      ⭐ New Best! Saved.
   📅 Epoch 7 | Loss: 0.2615 | Val Accuracy: 91.39%
      ⭐ New Best! Saved.
   📅 Epoch 8 | Loss: 0.2527 | Val Accuracy: 90.58%
   📅 Epoch 9 | Loss: 0.2308 | Val Accuracy: 90.95%
   📅 Epoch 10 | Loss: 0.2209 | Val Accuracy: 91.14%
   📅 Epoch 11 | Loss: 0.2044 | Val Accuracy: 91.26%
   📅 Epoch 12 | Loss: 0.2049 | Val Accuracy: 91.76%
      ⭐ New Best! Saved.
   📅 Epoch 13 | Loss: 0.1913 | Val Accuracy: 92.32%
      ⭐ New Best! Saved.
   📅 Epoch 14 | Loss: 0.1772 | Val Accuracy: 92.63%
      ⭐ New Best! Saved.
   📅 Epoch 15 | Loss: 0.1713 | Val Accuracy: 92.19%
   📅 Epoch 16 | Loss: 0.1579 | Val Accuracy: 93.25%
      ⭐ New Best! Saved.
   📅 Epoch 17 | Loss: 0.1673 | Val Accuracy: 92.57%
   📅 Epoch 18 | Loss: 0.1527 | Val Accuracy: 92.63%
   📅 Epoch 19 | Loss: 0.1421 | Val Accuracy: 92.81%
   📅 Epoch 20 | Loss: 0.1395 | Val Accuracy: 93.06%
   📅 Epoch 21 | Loss: 0.1367 | Val Accuracy: 92.50%
   📅 Epoch 22 | Loss: 0.1306 | Val Accuracy: 92.87%
   📅 Epoch 23 | Loss: 0.1201 | Val Accuracy: 92.94%

   🛑 Early Stopping triggered after 7 epochs.

========================================
🏆 Best Val Accuracy: 93.25%
💾 Best Checkpoint: ./checkpoints/full_mb-domars16k_dinov3_sat_1cha_lr0.0001_concat_3.pth
========================================

