
============================================================
📄 Log File: ./logs/full_records/mb-domars16k_dinov3_lvd_1cha_lr1e-05_original.log
⏰ Time: 2026-04-02 10:46:19
============================================================

🚀 Training dinov3_lvd_1cha on mb-domars16k | Mode: FULL | LR: 1e-05
   📂 [TRAIN] Loading 1 shards...
   ✅ Loaded 11305 samples.
   📂 [TEST] Loading 1 shards...
   ✅ Loaded 1614 samples.
   ⚙️  Config: Workers=8, BS=32, SmallData=False

>>> Loading Model: dinov3_lvd_1cha (dinov3_hub)
   🔍 Auditing weights for [dinov3_lvd_1cha]...
   ✅ [PERFECT MATCH] 368/368 layers loaded (100.0%)

   🔍 [Structure Check] dinov3_lvd_1cha Output Analysis:
      Type: Tuple (len=2)
      Item 0: Shape (1, 1024)
      Item 1: Shape (1, 256, 1024)
      ✅ Identified: CLS=True, Patch=True
      👉 Final Strategy: CLS_only | Input Dim: 1024
   🔥 Mode: Full Fine-tuning (Backbone Unfrozen)
   🚀 Compiling model with torch.compile...
   ⚡ AMP Precision: torch.bfloat16
   🔄 Training Start... (Epochs: 50, Patience: 7)
   📅 Epoch 1 | Loss: 2.5105 | Val Accuracy: 47.40%
      ⭐ New Best! Saved.
   📅 Epoch 2 | Loss: 2.0869 | Val Accuracy: 63.20%
      ⭐ New Best! Saved.
   📅 Epoch 3 | Loss: 1.6366 | Val Accuracy: 71.44%
      ⭐ New Best! Saved.
   📅 Epoch 4 | Loss: 1.2374 | Val Accuracy: 76.33%
      ⭐ New Best! Saved.
   📅 Epoch 5 | Loss: 0.9503 | Val Accuracy: 79.62%
      ⭐ New Best! Saved.
   📅 Epoch 6 | Loss: 0.7578 | Val Accuracy: 82.34%
      ⭐ New Best! Saved.
   📅 Epoch 7 | Loss: 0.6465 | Val Accuracy: 83.95%
      ⭐ New Best! Saved.
   📅 Epoch 8 | Loss: 0.5641 | Val Accuracy: 85.44%
      ⭐ New Best! Saved.
   📅 Epoch 9 | Loss: 0.5100 | Val Accuracy: 85.69%
      ⭐ New Best! Saved.
   📅 Epoch 10 | Loss: 0.4767 | Val Accuracy: 86.56%
      ⭐ New Best! Saved.
   📅 Epoch 11 | Loss: 0.4429 | Val Accuracy: 87.30%
      ⭐ New Best! Saved.
   📅 Epoch 12 | Loss: 0.4186 | Val Accuracy: 87.30%
   📅 Epoch 13 | Loss: 0.4028 | Val Accuracy: 87.73%
      ⭐ New Best! Saved.
   📅 Epoch 14 | Loss: 0.3833 | Val Accuracy: 88.04%
      ⭐ New Best! Saved.
   📅 Epoch 15 | Loss: 0.3649 | Val Accuracy: 88.23%
      ⭐ New Best! Saved.
   📅 Epoch 16 | Loss: 0.3545 | Val Accuracy: 89.65%
      ⭐ New Best! Saved.
   📅 Epoch 17 | Loss: 0.3432 | Val Accuracy: 89.47%
   📅 Epoch 18 | Loss: 0.3313 | Val Accuracy: 90.15%
      ⭐ New Best! Saved.
   📅 Epoch 19 | Loss: 0.3247 | Val Accuracy: 90.15%
   📅 Epoch 20 | Loss: 0.3157 | Val Accuracy: 90.58%
      ⭐ New Best! Saved.
   📅 Epoch 21 | Loss: 0.3044 | Val Accuracy: 90.52%
   📅 Epoch 22 | Loss: 0.2965 | Val Accuracy: 91.08%
      ⭐ New Best! Saved.
   📅 Epoch 23 | Loss: 0.2836 | Val Accuracy: 90.33%
   📅 Epoch 24 | Loss: 0.2815 | Val Accuracy: 90.52%
   📅 Epoch 25 | Loss: 0.2708 | Val Accuracy: 91.26%
      ⭐ New Best! Saved.
   📅 Epoch 26 | Loss: 0.2738 | Val Accuracy: 91.14%
   📅 Epoch 27 | Loss: 0.2610 | Val Accuracy: 91.20%
   📅 Epoch 28 | Loss: 0.2629 | Val Accuracy: 91.51%
      ⭐ New Best! Saved.
   📅 Epoch 29 | Loss: 0.2609 | Val Accuracy: 90.95%
   📅 Epoch 30 | Loss: 0.2530 | Val Accuracy: 91.20%
   📅 Epoch 31 | Loss: 0.2452 | Val Accuracy: 91.95%
      ⭐ New Best! Saved.
   📅 Epoch 32 | Loss: 0.2423 | Val Accuracy: 91.57%
   📅 Epoch 33 | Loss: 0.2370 | Val Accuracy: 92.26%
      ⭐ New Best! Saved.
   📅 Epoch 34 | Loss: 0.2316 | Val Accuracy: 91.95%
   📅 Epoch 35 | Loss: 0.2326 | Val Accuracy: 92.13%
   📅 Epoch 36 | Loss: 0.2245 | Val Accuracy: 92.44%
      ⭐ New Best! Saved.
   📅 Epoch 37 | Loss: 0.2208 | Val Accuracy: 92.69%
      ⭐ New Best! Saved.
   📅 Epoch 38 | Loss: 0.2225 | Val Accuracy: 92.63%
   📅 Epoch 39 | Loss: 0.2159 | Val Accuracy: 92.44%
   📅 Epoch 40 | Loss: 0.2138 | Val Accuracy: 92.26%
   📅 Epoch 41 | Loss: 0.2064 | Val Accuracy: 92.63%
   📅 Epoch 42 | Loss: 0.2049 | Val Accuracy: 92.94%
      ⭐ New Best! Saved.
   📅 Epoch 43 | Loss: 0.1978 | Val Accuracy: 92.32%
   📅 Epoch 44 | Loss: 0.1995 | Val Accuracy: 92.63%
   📅 Epoch 45 | Loss: 0.1914 | Val Accuracy: 92.87%
   📅 Epoch 46 | Loss: 0.1956 | Val Accuracy: 92.81%
   📅 Epoch 47 | Loss: 0.1969 | Val Accuracy: 92.87%
   📅 Epoch 48 | Loss: 0.2007 | Val Accuracy: 92.50%
   📅 Epoch 49 | Loss: 0.1893 | Val Accuracy: 92.63%

   🛑 Early Stopping triggered after 7 epochs.

========================================
🏆 Best Val Accuracy: 92.94%
💾 Best Checkpoint: ./checkpoints/full_mb-domars16k_dinov3_lvd_1cha_lr1e-05_original.pth
========================================

