
============================================================
📄 Log File: ./logs/full_records/mb-domars16k_scale_mae_lr0.0001_concat_2.log
⏰ Time: 2026-03-01 13:32:43
============================================================

🚀 Training scale_mae on mb-domars16k | Mode: FULL | LR: 0.0001
   📂 [TRAIN] Loading 1 shards...
   ✅ Loaded 11305 samples.
   📂 [TEST] Loading 1 shards...
   ✅ Loaded 1614 samples.
   ⚙️  Config: Workers=8, BS=32, SmallData=False

>>> Loading Model: scale_mae (scalemae)
   🔍 Auditing weights for [scale_mae]...
   ⚠️ [PARTIAL MATCH] 344/435 layers loaded (79.1%)

   🔍 [Structure Check] scale_mae Output Analysis:
      Type: Tuple (len=2)
      Item 0: Shape (1, 1024)
      Item 1: Shape (1, 196, 1024)
      ✅ Identified: CLS=True, Patch=True
      👉 Final Strategy: concat_2 | Input Dim: 2048
      📏 ScaleMAE GSD: 5.0 m/px
   🔥 Mode: Full Fine-tuning (Backbone Unfrozen)
   🚀 Compiling model with torch.compile...
   ⚡ AMP Precision: torch.bfloat16
   🔄 Training Start... (Epochs: 50, Patience: 7)
   📅 Epoch 1 | Loss: 1.8067 | Val Accuracy: 60.35%
      ⭐ New Best! Saved.
   📅 Epoch 2 | Loss: 1.1780 | Val Accuracy: 69.27%
      ⭐ New Best! Saved.
   📅 Epoch 3 | Loss: 0.9854 | Val Accuracy: 73.67%
      ⭐ New Best! Saved.
   📅 Epoch 4 | Loss: 0.8758 | Val Accuracy: 75.22%
      ⭐ New Best! Saved.
   📅 Epoch 5 | Loss: 0.8163 | Val Accuracy: 79.06%
      ⭐ New Best! Saved.
   📅 Epoch 6 | Loss: 0.7581 | Val Accuracy: 80.30%
      ⭐ New Best! Saved.
   📅 Epoch 7 | Loss: 0.7319 | Val Accuracy: 81.41%
      ⭐ New Best! Saved.
   📅 Epoch 8 | Loss: 0.6867 | Val Accuracy: 79.37%
   📅 Epoch 9 | Loss: 0.6383 | Val Accuracy: 83.27%
      ⭐ New Best! Saved.
   📅 Epoch 10 | Loss: 0.6233 | Val Accuracy: 84.08%
      ⭐ New Best! Saved.
   📅 Epoch 11 | Loss: 0.6111 | Val Accuracy: 85.01%
      ⭐ New Best! Saved.
   📅 Epoch 12 | Loss: 0.5758 | Val Accuracy: 83.46%
   📅 Epoch 13 | Loss: 0.5707 | Val Accuracy: 84.51%
   📅 Epoch 14 | Loss: 0.5393 | Val Accuracy: 85.13%
      ⭐ New Best! Saved.
   📅 Epoch 15 | Loss: 0.5172 | Val Accuracy: 84.82%
   📅 Epoch 16 | Loss: 0.5039 | Val Accuracy: 85.19%
      ⭐ New Best! Saved.
   📅 Epoch 17 | Loss: 0.4911 | Val Accuracy: 85.01%
   📅 Epoch 18 | Loss: 0.4881 | Val Accuracy: 85.25%
      ⭐ New Best! Saved.
   📅 Epoch 19 | Loss: 0.4750 | Val Accuracy: 85.44%
      ⭐ New Best! Saved.
   📅 Epoch 20 | Loss: 0.4723 | Val Accuracy: 83.09%
   📅 Epoch 21 | Loss: 0.4522 | Val Accuracy: 85.38%
   📅 Epoch 22 | Loss: 0.4419 | Val Accuracy: 85.75%
      ⭐ New Best! Saved.
   📅 Epoch 23 | Loss: 0.4394 | Val Accuracy: 86.25%
      ⭐ New Best! Saved.
   📅 Epoch 24 | Loss: 0.4315 | Val Accuracy: 86.31%
      ⭐ New Best! Saved.
   📅 Epoch 25 | Loss: 0.4063 | Val Accuracy: 86.74%
      ⭐ New Best! Saved.
   📅 Epoch 26 | Loss: 0.4103 | Val Accuracy: 86.62%
   📅 Epoch 27 | Loss: 0.4064 | Val Accuracy: 85.13%
   📅 Epoch 28 | Loss: 0.3931 | Val Accuracy: 86.99%
      ⭐ New Best! Saved.
   📅 Epoch 29 | Loss: 0.3841 | Val Accuracy: 87.17%
      ⭐ New Best! Saved.
   📅 Epoch 30 | Loss: 0.3658 | Val Accuracy: 86.43%
   📅 Epoch 31 | Loss: 0.3623 | Val Accuracy: 86.74%
   📅 Epoch 32 | Loss: 0.3715 | Val Accuracy: 86.80%
   📅 Epoch 33 | Loss: 0.3584 | Val Accuracy: 86.99%
   📅 Epoch 34 | Loss: 0.3572 | Val Accuracy: 85.81%
   📅 Epoch 35 | Loss: 0.3437 | Val Accuracy: 88.10%
      ⭐ New Best! Saved.
   📅 Epoch 36 | Loss: 0.3402 | Val Accuracy: 87.36%
   📅 Epoch 37 | Loss: 0.3423 | Val Accuracy: 87.11%
   📅 Epoch 38 | Loss: 0.3263 | Val Accuracy: 86.93%
   📅 Epoch 39 | Loss: 0.3193 | Val Accuracy: 87.86%
   📅 Epoch 40 | Loss: 0.3143 | Val Accuracy: 86.68%
   📅 Epoch 41 | Loss: 0.3070 | Val Accuracy: 85.44%
   📅 Epoch 42 | Loss: 0.3221 | Val Accuracy: 88.10%

   🛑 Early Stopping triggered after 7 epochs.

========================================
🏆 Best Val Accuracy: 88.10%
💾 Best Checkpoint: ./checkpoints/full_mb-domars16k_scale_mae_lr0.0001_concat_2.pth
========================================

