
============================================================
📄 Log File: ./logs/full_records/mb-domars16k_vit_l_lr0.0001_original.log
⏰ Time: 2026-03-01 19:25:34
============================================================

🚀 Training vit_l on mb-domars16k | Mode: FULL | LR: 0.0001
   📂 [TRAIN] Loading 1 shards...
   ✅ Loaded 11305 samples.
   📂 [TEST] Loading 1 shards...
   ✅ Loaded 1614 samples.
   ⚙️  Config: Workers=8, BS=32, SmallData=False

>>> Loading Model: vit_l (torchvision_vit)
   🔍 Auditing weights for [vit_l]...
   ✅ [PERFECT MATCH] 296/296 layers loaded (100.0%)

   🔍 [Structure Check] vit_l Output Analysis:
      Type: Tuple (len=2)
      Item 0: Shape (1, 1024)
      Item 1: Shape (1, 196, 1024)
      ✅ Identified: CLS=True, Patch=True
      👉 Final Strategy: CLS_only | Input Dim: 1024
   🔥 Mode: Full Fine-tuning (Backbone Unfrozen)
   🚀 Compiling model with torch.compile...
   ⚡ AMP Precision: torch.bfloat16
   🔄 Training Start... (Epochs: 50, Patience: 7)
   📅 Epoch 1 | Loss: 0.9105 | Val Accuracy: 86.31%
      ⭐ New Best! Saved.
   📅 Epoch 2 | Loss: 0.4559 | Val Accuracy: 88.85%
      ⭐ New Best! Saved.
   📅 Epoch 3 | Loss: 0.3621 | Val Accuracy: 90.58%
      ⭐ New Best! Saved.
   📅 Epoch 4 | Loss: 0.3086 | Val Accuracy: 89.78%
   📅 Epoch 5 | Loss: 0.2675 | Val Accuracy: 89.53%
   📅 Epoch 6 | Loss: 0.2533 | Val Accuracy: 90.27%
   📅 Epoch 7 | Loss: 0.2352 | Val Accuracy: 91.45%
      ⭐ New Best! Saved.
   📅 Epoch 8 | Loss: 0.2005 | Val Accuracy: 91.70%
      ⭐ New Best! Saved.
   📅 Epoch 9 | Loss: 0.1876 | Val Accuracy: 91.57%
   📅 Epoch 10 | Loss: 0.1791 | Val Accuracy: 92.38%
      ⭐ New Best! Saved.
   📅 Epoch 11 | Loss: 0.1676 | Val Accuracy: 92.44%
      ⭐ New Best! Saved.
   📅 Epoch 12 | Loss: 0.1581 | Val Accuracy: 91.76%
   📅 Epoch 13 | Loss: 0.1540 | Val Accuracy: 92.38%
   📅 Epoch 14 | Loss: 0.1326 | Val Accuracy: 92.01%
   📅 Epoch 15 | Loss: 0.1250 | Val Accuracy: 91.51%
   📅 Epoch 16 | Loss: 0.1216 | Val Accuracy: 91.70%
   📅 Epoch 17 | Loss: 0.1224 | Val Accuracy: 91.70%
   📅 Epoch 18 | Loss: 0.1139 | Val Accuracy: 92.13%

   🛑 Early Stopping triggered after 7 epochs.

========================================
🏆 Best Val Accuracy: 92.44%
💾 Best Checkpoint: ./checkpoints/full_mb-domars16k_vit_l_lr0.0001_original.pth
========================================

