
============================================================
📄 Log File: ./logs/full_records/mb-domars16k_vit_l_lr1e-05_original.log
⏰ Time: 2026-03-01 19:50:28
============================================================

🚀 Training vit_l on mb-domars16k | Mode: FULL | LR: 1e-05
   📂 [TRAIN] Loading 1 shards...
   ✅ Loaded 11305 samples.
   📂 [TEST] Loading 1 shards...
   ✅ Loaded 1614 samples.
   ⚙️  Config: Workers=8, BS=32, SmallData=False

>>> Loading Model: vit_l (torchvision_vit)
   🔍 Auditing weights for [vit_l]...
   ✅ [PERFECT MATCH] 296/296 layers loaded (100.0%)

   🔍 [Structure Check] vit_l Output Analysis:
      Type: Tuple (len=2)
      Item 0: Shape (1, 1024)
      Item 1: Shape (1, 196, 1024)
      ✅ Identified: CLS=True, Patch=True
      👉 Final Strategy: CLS_only | Input Dim: 1024
   🔥 Mode: Full Fine-tuning (Backbone Unfrozen)
   🚀 Compiling model with torch.compile...
   ⚡ AMP Precision: torch.bfloat16
   🔄 Training Start... (Epochs: 50, Patience: 7)
   📅 Epoch 1 | Loss: 2.1766 | Val Accuracy: 66.79%
      ⭐ New Best! Saved.
   📅 Epoch 2 | Loss: 1.1778 | Val Accuracy: 79.49%
      ⭐ New Best! Saved.
   📅 Epoch 3 | Loss: 0.7613 | Val Accuracy: 82.53%
      ⭐ New Best! Saved.
   📅 Epoch 4 | Loss: 0.6152 | Val Accuracy: 84.88%
      ⭐ New Best! Saved.
   📅 Epoch 5 | Loss: 0.5368 | Val Accuracy: 85.63%
      ⭐ New Best! Saved.
   📅 Epoch 6 | Loss: 0.4910 | Val Accuracy: 85.87%
      ⭐ New Best! Saved.
   📅 Epoch 7 | Loss: 0.4552 | Val Accuracy: 87.73%
      ⭐ New Best! Saved.
   📅 Epoch 8 | Loss: 0.4286 | Val Accuracy: 87.48%
   📅 Epoch 9 | Loss: 0.4019 | Val Accuracy: 88.17%
      ⭐ New Best! Saved.
   📅 Epoch 10 | Loss: 0.3826 | Val Accuracy: 88.48%
      ⭐ New Best! Saved.
   📅 Epoch 11 | Loss: 0.3732 | Val Accuracy: 88.85%
      ⭐ New Best! Saved.
   📅 Epoch 12 | Loss: 0.3535 | Val Accuracy: 89.10%
      ⭐ New Best! Saved.
   📅 Epoch 13 | Loss: 0.3368 | Val Accuracy: 89.10%
   📅 Epoch 14 | Loss: 0.3201 | Val Accuracy: 89.59%
      ⭐ New Best! Saved.
   📅 Epoch 15 | Loss: 0.3159 | Val Accuracy: 90.15%
      ⭐ New Best! Saved.
   📅 Epoch 16 | Loss: 0.3006 | Val Accuracy: 89.84%
   📅 Epoch 17 | Loss: 0.2878 | Val Accuracy: 90.21%
      ⭐ New Best! Saved.
   📅 Epoch 18 | Loss: 0.2933 | Val Accuracy: 90.64%
      ⭐ New Best! Saved.
   📅 Epoch 19 | Loss: 0.2825 | Val Accuracy: 90.89%
      ⭐ New Best! Saved.
   📅 Epoch 20 | Loss: 0.2711 | Val Accuracy: 90.83%
   📅 Epoch 21 | Loss: 0.2592 | Val Accuracy: 91.02%
      ⭐ New Best! Saved.
   📅 Epoch 22 | Loss: 0.2674 | Val Accuracy: 90.52%
   📅 Epoch 23 | Loss: 0.2482 | Val Accuracy: 91.20%
      ⭐ New Best! Saved.
   📅 Epoch 24 | Loss: 0.2421 | Val Accuracy: 91.14%
   📅 Epoch 25 | Loss: 0.2332 | Val Accuracy: 90.95%
   📅 Epoch 26 | Loss: 0.2325 | Val Accuracy: 91.26%
      ⭐ New Best! Saved.
   📅 Epoch 27 | Loss: 0.2224 | Val Accuracy: 91.45%
      ⭐ New Best! Saved.
   📅 Epoch 28 | Loss: 0.2196 | Val Accuracy: 91.26%
   📅 Epoch 29 | Loss: 0.2198 | Val Accuracy: 91.51%
      ⭐ New Best! Saved.
   📅 Epoch 30 | Loss: 0.2168 | Val Accuracy: 92.01%
      ⭐ New Best! Saved.
   📅 Epoch 31 | Loss: 0.2034 | Val Accuracy: 91.82%
   📅 Epoch 32 | Loss: 0.1952 | Val Accuracy: 91.45%
   📅 Epoch 33 | Loss: 0.1828 | Val Accuracy: 91.20%
   📅 Epoch 34 | Loss: 0.1855 | Val Accuracy: 91.82%
   📅 Epoch 35 | Loss: 0.1766 | Val Accuracy: 91.33%
   📅 Epoch 36 | Loss: 0.1783 | Val Accuracy: 91.70%
   📅 Epoch 37 | Loss: 0.1765 | Val Accuracy: 92.07%
      ⭐ New Best! Saved.
   📅 Epoch 38 | Loss: 0.1712 | Val Accuracy: 92.07%
   📅 Epoch 39 | Loss: 0.1654 | Val Accuracy: 92.32%
      ⭐ New Best! Saved.
   📅 Epoch 40 | Loss: 0.1589 | Val Accuracy: 91.95%
   📅 Epoch 41 | Loss: 0.1669 | Val Accuracy: 92.75%
      ⭐ New Best! Saved.
   📅 Epoch 42 | Loss: 0.1505 | Val Accuracy: 92.13%
   📅 Epoch 43 | Loss: 0.1534 | Val Accuracy: 92.94%
      ⭐ New Best! Saved.
   📅 Epoch 44 | Loss: 0.1429 | Val Accuracy: 92.44%
   📅 Epoch 45 | Loss: 0.1503 | Val Accuracy: 92.50%
   📅 Epoch 46 | Loss: 0.1469 | Val Accuracy: 92.69%
   📅 Epoch 47 | Loss: 0.1481 | Val Accuracy: 92.07%
   📅 Epoch 48 | Loss: 0.1326 | Val Accuracy: 92.07%
   📅 Epoch 49 | Loss: 0.1322 | Val Accuracy: 92.13%
   📅 Epoch 50 | Loss: 0.1355 | Val Accuracy: 92.38%

   🛑 Early Stopping triggered after 7 epochs.

========================================
🏆 Best Val Accuracy: 92.94%
💾 Best Checkpoint: ./checkpoints/full_mb-domars16k_vit_l_lr1e-05_original.pth
========================================

