
============================================================
📄 Log File: ./logs/full_records/mb-domars16k_dinov2_l14_lr0.0001_concat_3.log
⏰ Time: 2026-03-01 01:03:12
============================================================

🚀 Training dinov2_l14 on mb-domars16k | Mode: FULL | LR: 0.0001
   📂 [TRAIN] Loading 1 shards...
   ✅ Loaded 11305 samples.
   📂 [TEST] Loading 1 shards...
   ✅ Loaded 1614 samples.
   ⚙️  Config: Workers=8, BS=32, SmallData=False

>>> Loading Model: dinov2_l14 (dinov2_hub)
   🔍 Auditing weights for [dinov2_l14]...
   ✅ [PERFECT MATCH] 343/343 layers loaded (100.0%)

   🔍 [Structure Check] dinov2_l14 Output Analysis:
      Type: Tuple (len=2)
      Item 0: Shape (1, 1024)
      Item 1: Shape (1, 256, 1024)
      ✅ Identified: CLS=True, Patch=True
      👉 Final Strategy: concat_3 | Input Dim: 3072
   🔥 Mode: Full Fine-tuning (Backbone Unfrozen)
   🚀 Compiling model with torch.compile...
   ⚡ AMP Precision: torch.bfloat16
   🔄 Training Start... (Epochs: 50, Patience: 7)
   📅 Epoch 1 | Loss: 0.7973 | Val Accuracy: 83.33%
      ⭐ New Best! Saved.
   📅 Epoch 2 | Loss: 0.5708 | Val Accuracy: 87.36%
      ⭐ New Best! Saved.
   📅 Epoch 3 | Loss: 0.3894 | Val Accuracy: 88.66%
      ⭐ New Best! Saved.
   📅 Epoch 4 | Loss: 0.3410 | Val Accuracy: 88.91%
      ⭐ New Best! Saved.
   📅 Epoch 5 | Loss: 0.2950 | Val Accuracy: 89.41%
      ⭐ New Best! Saved.
   📅 Epoch 6 | Loss: 0.2841 | Val Accuracy: 91.51%
      ⭐ New Best! Saved.
   📅 Epoch 7 | Loss: 0.2373 | Val Accuracy: 89.96%
   📅 Epoch 8 | Loss: 0.2415 | Val Accuracy: 91.88%
      ⭐ New Best! Saved.
   📅 Epoch 9 | Loss: 0.2265 | Val Accuracy: 92.32%
      ⭐ New Best! Saved.
   📅 Epoch 10 | Loss: 0.2219 | Val Accuracy: 92.19%
   📅 Epoch 11 | Loss: 0.2058 | Val Accuracy: 92.13%
   📅 Epoch 12 | Loss: 0.1898 | Val Accuracy: 91.45%
   📅 Epoch 13 | Loss: 0.2013 | Val Accuracy: 92.19%
   📅 Epoch 14 | Loss: 0.1913 | Val Accuracy: 91.82%
   📅 Epoch 15 | Loss: 0.1626 | Val Accuracy: 91.51%
   📅 Epoch 16 | Loss: 0.1713 | Val Accuracy: 93.37%
      ⭐ New Best! Saved.
   📅 Epoch 17 | Loss: 0.1444 | Val Accuracy: 93.37%
   📅 Epoch 18 | Loss: 0.1635 | Val Accuracy: 92.26%
   📅 Epoch 19 | Loss: 0.1595 | Val Accuracy: 91.26%
   📅 Epoch 20 | Loss: 0.1521 | Val Accuracy: 91.76%
   📅 Epoch 21 | Loss: 0.1382 | Val Accuracy: 93.62%
      ⭐ New Best! Saved.
   📅 Epoch 22 | Loss: 0.1453 | Val Accuracy: 93.31%
   📅 Epoch 23 | Loss: 0.1783 | Val Accuracy: 91.26%
   📅 Epoch 24 | Loss: 0.1533 | Val Accuracy: 93.18%
   📅 Epoch 25 | Loss: 0.1216 | Val Accuracy: 93.00%
   📅 Epoch 26 | Loss: 0.1162 | Val Accuracy: 93.74%
      ⭐ New Best! Saved.
   📅 Epoch 27 | Loss: 0.1215 | Val Accuracy: 93.06%
   📅 Epoch 28 | Loss: 0.1125 | Val Accuracy: 92.69%
   📅 Epoch 29 | Loss: 0.1272 | Val Accuracy: 92.81%
   📅 Epoch 30 | Loss: 0.1192 | Val Accuracy: 93.12%
   📅 Epoch 31 | Loss: 0.1231 | Val Accuracy: 93.00%
   📅 Epoch 32 | Loss: 0.1099 | Val Accuracy: 93.25%
   📅 Epoch 33 | Loss: 0.1221 | Val Accuracy: 93.56%

   🛑 Early Stopping triggered after 7 epochs.

========================================
🏆 Best Val Accuracy: 93.74%
💾 Best Checkpoint: ./checkpoints/full_mb-domars16k_dinov2_l14_lr0.0001_concat_3.pth
========================================

