
============================================================
📄 Log File: ./logs/full_records/mb-domars16k_dinov3_lvd_lr1e-05_original.log
⏰ Time: 2026-03-01 00:39:32
============================================================

🚀 Training dinov3_lvd on mb-domars16k | Mode: FULL | LR: 1e-05
   📂 [TRAIN] Loading 1 shards...
   ✅ Loaded 11305 samples.
   📂 [TEST] Loading 1 shards...
   ✅ Loaded 1614 samples.
   ⚙️  Config: Workers=8, BS=32, SmallData=False

>>> Loading Model: dinov3_lvd (dinov3_hub)
   🔍 Auditing weights for [dinov3_lvd]...
   ✅ [PERFECT MATCH] 368/368 layers loaded (100.0%)

   🔍 [Structure Check] dinov3_lvd Output Analysis:
      Type: Tuple (len=2)
      Item 0: Shape (1, 1024)
      Item 1: Shape (1, 256, 1024)
      ✅ Identified: CLS=True, Patch=True
      👉 Final Strategy: CLS_only | Input Dim: 1024
   🔥 Mode: Full Fine-tuning (Backbone Unfrozen)
   🚀 Compiling model with torch.compile...
   ⚡ AMP Precision: torch.bfloat16
   🔄 Training Start... (Epochs: 50, Patience: 7)
   📅 Epoch 1 | Loss: 2.5152 | Val Accuracy: 42.07%
      ⭐ New Best! Saved.
   📅 Epoch 2 | Loss: 2.1070 | Val Accuracy: 63.38%
      ⭐ New Best! Saved.
   📅 Epoch 3 | Loss: 1.6842 | Val Accuracy: 73.36%
      ⭐ New Best! Saved.
   📅 Epoch 4 | Loss: 1.2931 | Val Accuracy: 78.38%
      ⭐ New Best! Saved.
   📅 Epoch 5 | Loss: 0.9944 | Val Accuracy: 80.55%
      ⭐ New Best! Saved.
   📅 Epoch 6 | Loss: 0.7863 | Val Accuracy: 83.52%
      ⭐ New Best! Saved.
   📅 Epoch 7 | Loss: 0.6524 | Val Accuracy: 84.45%
      ⭐ New Best! Saved.
   📅 Epoch 8 | Loss: 0.5779 | Val Accuracy: 85.56%
      ⭐ New Best! Saved.
   📅 Epoch 9 | Loss: 0.5218 | Val Accuracy: 85.87%
      ⭐ New Best! Saved.
   📅 Epoch 10 | Loss: 0.4811 | Val Accuracy: 85.81%
   📅 Epoch 11 | Loss: 0.4421 | Val Accuracy: 87.61%
      ⭐ New Best! Saved.
   📅 Epoch 12 | Loss: 0.4312 | Val Accuracy: 87.67%
      ⭐ New Best! Saved.
   📅 Epoch 13 | Loss: 0.4039 | Val Accuracy: 88.04%
      ⭐ New Best! Saved.
   📅 Epoch 14 | Loss: 0.3911 | Val Accuracy: 88.29%
      ⭐ New Best! Saved.
   📅 Epoch 15 | Loss: 0.3726 | Val Accuracy: 88.54%
      ⭐ New Best! Saved.
   📅 Epoch 16 | Loss: 0.3578 | Val Accuracy: 88.91%
      ⭐ New Best! Saved.
   📅 Epoch 17 | Loss: 0.3470 | Val Accuracy: 88.60%
   📅 Epoch 18 | Loss: 0.3402 | Val Accuracy: 88.97%
      ⭐ New Best! Saved.
   📅 Epoch 19 | Loss: 0.3286 | Val Accuracy: 89.22%
      ⭐ New Best! Saved.
   📅 Epoch 20 | Loss: 0.3187 | Val Accuracy: 89.78%
      ⭐ New Best! Saved.
   📅 Epoch 21 | Loss: 0.3139 | Val Accuracy: 89.84%
      ⭐ New Best! Saved.
   📅 Epoch 22 | Loss: 0.3031 | Val Accuracy: 89.78%
   📅 Epoch 23 | Loss: 0.2910 | Val Accuracy: 90.27%
      ⭐ New Best! Saved.
   📅 Epoch 24 | Loss: 0.2798 | Val Accuracy: 90.52%
      ⭐ New Best! Saved.
   📅 Epoch 25 | Loss: 0.2831 | Val Accuracy: 90.02%
   📅 Epoch 26 | Loss: 0.2784 | Val Accuracy: 90.52%
   📅 Epoch 27 | Loss: 0.2651 | Val Accuracy: 90.15%
   📅 Epoch 28 | Loss: 0.2656 | Val Accuracy: 90.46%
   📅 Epoch 29 | Loss: 0.2474 | Val Accuracy: 90.52%
   📅 Epoch 30 | Loss: 0.2539 | Val Accuracy: 90.71%
      ⭐ New Best! Saved.
   📅 Epoch 31 | Loss: 0.2465 | Val Accuracy: 91.02%
      ⭐ New Best! Saved.
   📅 Epoch 32 | Loss: 0.2379 | Val Accuracy: 90.40%
   📅 Epoch 33 | Loss: 0.2404 | Val Accuracy: 91.45%
      ⭐ New Best! Saved.
   📅 Epoch 34 | Loss: 0.2332 | Val Accuracy: 90.89%
   📅 Epoch 35 | Loss: 0.2360 | Val Accuracy: 91.20%
   📅 Epoch 36 | Loss: 0.2244 | Val Accuracy: 90.77%
   📅 Epoch 37 | Loss: 0.2263 | Val Accuracy: 90.77%
   📅 Epoch 38 | Loss: 0.2146 | Val Accuracy: 91.39%
   📅 Epoch 39 | Loss: 0.2128 | Val Accuracy: 91.51%
      ⭐ New Best! Saved.
   📅 Epoch 40 | Loss: 0.2138 | Val Accuracy: 91.08%
   📅 Epoch 41 | Loss: 0.2122 | Val Accuracy: 90.83%
   📅 Epoch 42 | Loss: 0.2045 | Val Accuracy: 91.33%
   📅 Epoch 43 | Loss: 0.2010 | Val Accuracy: 91.26%
   📅 Epoch 44 | Loss: 0.1970 | Val Accuracy: 91.20%
   📅 Epoch 45 | Loss: 0.2030 | Val Accuracy: 91.88%
      ⭐ New Best! Saved.
   📅 Epoch 46 | Loss: 0.1882 | Val Accuracy: 91.70%
   📅 Epoch 47 | Loss: 0.1877 | Val Accuracy: 91.57%
   📅 Epoch 48 | Loss: 0.1928 | Val Accuracy: 91.70%
   📅 Epoch 49 | Loss: 0.1775 | Val Accuracy: 92.07%
      ⭐ New Best! Saved.
   📅 Epoch 50 | Loss: 0.1817 | Val Accuracy: 91.45%

========================================
🏆 Best Val Accuracy: 92.07%
💾 Best Checkpoint: ./checkpoints/full_mb-domars16k_dinov3_lvd_lr1e-05_original.pth
========================================

