
============================================================
📄 Log File: ./logs/full_records/mb-domars16k_dinov3_sat_1cha_lr0.0001_concat_2.log
⏰ Time: 2026-04-02 03:59:22
============================================================

🚀 Training dinov3_sat_1cha on mb-domars16k | Mode: FULL | LR: 0.0001
   📂 [TRAIN] Loading 1 shards...
   ✅ Loaded 11305 samples.
   📂 [TEST] Loading 1 shards...
   ✅ Loaded 1614 samples.
   ⚙️  Config: Workers=8, BS=32, SmallData=False

>>> Loading Model: dinov3_sat_1cha (dinov3_hub)
   🔍 Auditing weights for [dinov3_sat_1cha]...
   ✅ [PERFECT MATCH] 368/368 layers loaded (100.0%)

   🔍 [Structure Check] dinov3_sat_1cha Output Analysis:
      Type: Tuple (len=2)
      Item 0: Shape (1, 1024)
      Item 1: Shape (1, 256, 1024)
      ✅ Identified: CLS=True, Patch=True
      👉 Final Strategy: concat_2 | Input Dim: 2048
   🔥 Mode: Full Fine-tuning (Backbone Unfrozen)
   🚀 Compiling model with torch.compile...
   ⚡ AMP Precision: torch.bfloat16
   🔄 Training Start... (Epochs: 50, Patience: 7)
   📅 Epoch 1 | Loss: 1.5156 | Val Accuracy: 80.73%
      ⭐ New Best! Saved.
   📅 Epoch 2 | Loss: 0.5241 | Val Accuracy: 86.31%
      ⭐ New Best! Saved.
   📅 Epoch 3 | Loss: 0.4072 | Val Accuracy: 88.97%
      ⭐ New Best! Saved.
   📅 Epoch 4 | Loss: 0.3357 | Val Accuracy: 90.09%
      ⭐ New Best! Saved.
   📅 Epoch 5 | Loss: 0.3079 | Val Accuracy: 89.59%
   📅 Epoch 6 | Loss: 0.2835 | Val Accuracy: 90.83%
      ⭐ New Best! Saved.
   📅 Epoch 7 | Loss: 0.2660 | Val Accuracy: 90.58%
   📅 Epoch 8 | Loss: 0.2501 | Val Accuracy: 91.02%
      ⭐ New Best! Saved.
   📅 Epoch 9 | Loss: 0.2410 | Val Accuracy: 91.26%
      ⭐ New Best! Saved.
   📅 Epoch 10 | Loss: 0.2225 | Val Accuracy: 91.88%
      ⭐ New Best! Saved.
   📅 Epoch 11 | Loss: 0.2048 | Val Accuracy: 92.01%
      ⭐ New Best! Saved.
   📅 Epoch 12 | Loss: 0.1929 | Val Accuracy: 91.39%
   📅 Epoch 13 | Loss: 0.1882 | Val Accuracy: 92.26%
      ⭐ New Best! Saved.
   📅 Epoch 14 | Loss: 0.1784 | Val Accuracy: 92.69%
      ⭐ New Best! Saved.
   📅 Epoch 15 | Loss: 0.1701 | Val Accuracy: 92.81%
      ⭐ New Best! Saved.
   📅 Epoch 16 | Loss: 0.1564 | Val Accuracy: 92.63%
   📅 Epoch 17 | Loss: 0.1569 | Val Accuracy: 93.12%
      ⭐ New Best! Saved.
   📅 Epoch 18 | Loss: 0.1517 | Val Accuracy: 93.00%
   📅 Epoch 19 | Loss: 0.1390 | Val Accuracy: 93.25%
      ⭐ New Best! Saved.
   📅 Epoch 20 | Loss: 0.1392 | Val Accuracy: 93.00%
   📅 Epoch 21 | Loss: 0.1231 | Val Accuracy: 93.18%
   📅 Epoch 22 | Loss: 0.1268 | Val Accuracy: 92.44%
   📅 Epoch 23 | Loss: 0.1234 | Val Accuracy: 93.74%
      ⭐ New Best! Saved.
   📅 Epoch 24 | Loss: 0.1204 | Val Accuracy: 92.94%
   📅 Epoch 25 | Loss: 0.1230 | Val Accuracy: 93.12%
   📅 Epoch 26 | Loss: 0.1111 | Val Accuracy: 93.49%
   📅 Epoch 27 | Loss: 0.1069 | Val Accuracy: 93.68%
   📅 Epoch 28 | Loss: 0.1077 | Val Accuracy: 93.00%
   📅 Epoch 29 | Loss: 0.1030 | Val Accuracy: 93.37%
   📅 Epoch 30 | Loss: 0.0968 | Val Accuracy: 93.68%

   🛑 Early Stopping triggered after 7 epochs.

========================================
🏆 Best Val Accuracy: 93.74%
💾 Best Checkpoint: ./checkpoints/full_mb-domars16k_dinov3_sat_1cha_lr0.0001_concat_2.pth
========================================

