
============================================================
📄 Log File: ./logs/full_records/mb-domars16k_swin_v2_lr1e-05_concat_3.log
⏰ Time: 2026-03-01 12:14:47
============================================================

🚀 Training swin_v2 on mb-domars16k | Mode: FULL | LR: 1e-05
   📂 [TRAIN] Loading 1 shards...
   ✅ Loaded 11305 samples.
   📂 [TEST] Loading 1 shards...
   ✅ Loaded 1614 samples.
   ⚙️  Config: Workers=8, BS=32, SmallData=False

>>> Loading Model: swin_v2 (torchvision_swin)
   🔍 Auditing weights for [swin_v2]...
   ✅ [PERFECT MATCH] 449/449 layers loaded (100.0%)

   🔍 [Structure Check] swin_v2 Output Analysis:
      Type: Tuple (len=2)
      Item 0: Shape (1, 1024)
      Item 1: Shape (1, 64, 1024)
      ✅ Identified: CLS=True, Patch=True
      👉 Final Strategy: concat_3 | Input Dim: 3072
   🔥 Mode: Full Fine-tuning (Backbone Unfrozen)
   🚀 Compiling model with torch.compile...
   ⚡ AMP Precision: torch.bfloat16
   🔄 Training Start... (Epochs: 50, Patience: 7)
   📅 Epoch 1 | Loss: 2.6263 | Val Accuracy: 34.26%
      ⭐ New Best! Saved.
   📅 Epoch 2 | Loss: 2.1854 | Val Accuracy: 52.48%
      ⭐ New Best! Saved.
   📅 Epoch 3 | Loss: 1.7664 | Val Accuracy: 61.83%
      ⭐ New Best! Saved.
   📅 Epoch 4 | Loss: 1.4284 | Val Accuracy: 67.22%
      ⭐ New Best! Saved.
   📅 Epoch 5 | Loss: 1.2040 | Val Accuracy: 70.51%
      ⭐ New Best! Saved.
   📅 Epoch 6 | Loss: 1.0677 | Val Accuracy: 72.43%
      ⭐ New Best! Saved.
   📅 Epoch 7 | Loss: 0.9772 | Val Accuracy: 74.41%
      ⭐ New Best! Saved.
   📅 Epoch 8 | Loss: 0.9042 | Val Accuracy: 75.28%
      ⭐ New Best! Saved.
   📅 Epoch 9 | Loss: 0.8483 | Val Accuracy: 77.51%
      ⭐ New Best! Saved.
   📅 Epoch 10 | Loss: 0.8070 | Val Accuracy: 78.00%
      ⭐ New Best! Saved.
   📅 Epoch 11 | Loss: 0.7804 | Val Accuracy: 79.18%
      ⭐ New Best! Saved.
   📅 Epoch 12 | Loss: 0.7409 | Val Accuracy: 79.24%
      ⭐ New Best! Saved.
   📅 Epoch 13 | Loss: 0.7101 | Val Accuracy: 79.37%
      ⭐ New Best! Saved.
   📅 Epoch 14 | Loss: 0.6924 | Val Accuracy: 79.43%
      ⭐ New Best! Saved.
   📅 Epoch 15 | Loss: 0.6741 | Val Accuracy: 80.17%
      ⭐ New Best! Saved.
   📅 Epoch 16 | Loss: 0.6533 | Val Accuracy: 80.55%
      ⭐ New Best! Saved.
   📅 Epoch 17 | Loss: 0.6466 | Val Accuracy: 80.42%
   📅 Epoch 18 | Loss: 0.6219 | Val Accuracy: 80.92%
      ⭐ New Best! Saved.
   📅 Epoch 19 | Loss: 0.6114 | Val Accuracy: 80.86%
   📅 Epoch 20 | Loss: 0.5969 | Val Accuracy: 81.16%
      ⭐ New Best! Saved.
   📅 Epoch 21 | Loss: 0.5822 | Val Accuracy: 81.35%
      ⭐ New Best! Saved.
   📅 Epoch 22 | Loss: 0.5824 | Val Accuracy: 81.54%
      ⭐ New Best! Saved.
   📅 Epoch 23 | Loss: 0.5680 | Val Accuracy: 82.09%
      ⭐ New Best! Saved.
   📅 Epoch 24 | Loss: 0.5567 | Val Accuracy: 81.78%
   📅 Epoch 25 | Loss: 0.5570 | Val Accuracy: 82.22%
      ⭐ New Best! Saved.
   📅 Epoch 26 | Loss: 0.5522 | Val Accuracy: 82.71%
      ⭐ New Best! Saved.
   📅 Epoch 27 | Loss: 0.5388 | Val Accuracy: 82.90%
      ⭐ New Best! Saved.
   📅 Epoch 28 | Loss: 0.5412 | Val Accuracy: 83.02%
      ⭐ New Best! Saved.
   📅 Epoch 29 | Loss: 0.5263 | Val Accuracy: 83.09%
      ⭐ New Best! Saved.
   📅 Epoch 30 | Loss: 0.5174 | Val Accuracy: 83.21%
      ⭐ New Best! Saved.
   📅 Epoch 31 | Loss: 0.5149 | Val Accuracy: 83.33%
      ⭐ New Best! Saved.
   📅 Epoch 32 | Loss: 0.5027 | Val Accuracy: 83.58%
      ⭐ New Best! Saved.
   📅 Epoch 33 | Loss: 0.5020 | Val Accuracy: 83.27%
   📅 Epoch 34 | Loss: 0.5041 | Val Accuracy: 83.52%
   📅 Epoch 35 | Loss: 0.4955 | Val Accuracy: 83.83%
      ⭐ New Best! Saved.
   📅 Epoch 36 | Loss: 0.4830 | Val Accuracy: 84.32%
      ⭐ New Best! Saved.
   📅 Epoch 37 | Loss: 0.4749 | Val Accuracy: 83.89%
   📅 Epoch 38 | Loss: 0.4721 | Val Accuracy: 83.58%
   📅 Epoch 39 | Loss: 0.4712 | Val Accuracy: 84.08%
   📅 Epoch 40 | Loss: 0.4675 | Val Accuracy: 84.20%
   📅 Epoch 41 | Loss: 0.4596 | Val Accuracy: 84.32%
   📅 Epoch 42 | Loss: 0.4565 | Val Accuracy: 84.51%
      ⭐ New Best! Saved.
   📅 Epoch 43 | Loss: 0.4602 | Val Accuracy: 85.13%
      ⭐ New Best! Saved.
   📅 Epoch 44 | Loss: 0.4522 | Val Accuracy: 84.88%
   📅 Epoch 45 | Loss: 0.4432 | Val Accuracy: 85.87%
      ⭐ New Best! Saved.
   📅 Epoch 46 | Loss: 0.4419 | Val Accuracy: 85.13%
   📅 Epoch 47 | Loss: 0.4464 | Val Accuracy: 85.50%
   📅 Epoch 48 | Loss: 0.4469 | Val Accuracy: 85.63%
   📅 Epoch 49 | Loss: 0.4411 | Val Accuracy: 84.88%
   📅 Epoch 50 | Loss: 0.4296 | Val Accuracy: 85.69%

========================================
🏆 Best Val Accuracy: 85.87%
💾 Best Checkpoint: ./checkpoints/full_mb-domars16k_swin_v2_lr1e-05_concat_3.pth
========================================

