
============================================================
📄 Log File: ./logs/full_records/mb-domars16k_satmae_lr1e-05_concat_2.log
⏰ Time: 2026-03-01 05:50:39
============================================================

🚀 Training satmae on mb-domars16k | Mode: FULL | LR: 1e-05
   📂 [TRAIN] Loading 1 shards...
   ✅ Loaded 11305 samples.
   📂 [TEST] Loading 1 shards...
   ✅ Loaded 1614 samples.
   ⚙️  Config: Workers=8, BS=32, SmallData=False

>>> Loading Model: satmae (timm_mae)
   ℹ️  Config: in_chans=3
   🔍 Auditing weights for [satmae]...
   ✅ [PERFECT MATCH] 294/294 layers loaded (100.0%)

   🔍 [Structure Check] satmae Output Analysis:
      Type: Tuple (len=2)
      Item 0: Shape (1, 1024)
      Item 1: Shape (1, 196, 1024)
      ✅ Identified: CLS=True, Patch=True
      👉 Final Strategy: concat_2 | Input Dim: 2048
   🔥 Mode: Full Fine-tuning (Backbone Unfrozen)
   🚀 Compiling model with torch.compile...
   ⚡ AMP Precision: torch.bfloat16
   🔄 Training Start... (Epochs: 50, Patience: 7)
   📅 Epoch 1 | Loss: 2.1204 | Val Accuracy: 55.58%
      ⭐ New Best! Saved.
   📅 Epoch 2 | Loss: 1.3245 | Val Accuracy: 70.14%
      ⭐ New Best! Saved.
   📅 Epoch 3 | Loss: 1.0369 | Val Accuracy: 75.09%
      ⭐ New Best! Saved.
   📅 Epoch 4 | Loss: 0.9020 | Val Accuracy: 76.77%
      ⭐ New Best! Saved.
   📅 Epoch 5 | Loss: 0.8274 | Val Accuracy: 78.56%
      ⭐ New Best! Saved.
   📅 Epoch 6 | Loss: 0.7633 | Val Accuracy: 80.67%
      ⭐ New Best! Saved.
   📅 Epoch 7 | Loss: 0.7088 | Val Accuracy: 81.72%
      ⭐ New Best! Saved.
   📅 Epoch 8 | Loss: 0.6649 | Val Accuracy: 81.60%
   📅 Epoch 9 | Loss: 0.6423 | Val Accuracy: 83.64%
      ⭐ New Best! Saved.
   📅 Epoch 10 | Loss: 0.6111 | Val Accuracy: 83.33%
   📅 Epoch 11 | Loss: 0.5816 | Val Accuracy: 84.76%
      ⭐ New Best! Saved.
   📅 Epoch 12 | Loss: 0.5678 | Val Accuracy: 85.07%
      ⭐ New Best! Saved.
   📅 Epoch 13 | Loss: 0.5518 | Val Accuracy: 85.75%
      ⭐ New Best! Saved.
   📅 Epoch 14 | Loss: 0.5313 | Val Accuracy: 85.56%
   📅 Epoch 15 | Loss: 0.5190 | Val Accuracy: 85.94%
      ⭐ New Best! Saved.
   📅 Epoch 16 | Loss: 0.5069 | Val Accuracy: 86.43%
      ⭐ New Best! Saved.
   📅 Epoch 17 | Loss: 0.4866 | Val Accuracy: 85.44%
   📅 Epoch 18 | Loss: 0.4725 | Val Accuracy: 86.68%
      ⭐ New Best! Saved.
   📅 Epoch 19 | Loss: 0.4583 | Val Accuracy: 86.93%
      ⭐ New Best! Saved.
   📅 Epoch 20 | Loss: 0.4585 | Val Accuracy: 87.17%
      ⭐ New Best! Saved.
   📅 Epoch 21 | Loss: 0.4491 | Val Accuracy: 87.42%
      ⭐ New Best! Saved.
   📅 Epoch 22 | Loss: 0.4358 | Val Accuracy: 87.73%
      ⭐ New Best! Saved.
   📅 Epoch 23 | Loss: 0.4275 | Val Accuracy: 87.55%
   📅 Epoch 24 | Loss: 0.4150 | Val Accuracy: 87.55%
   📅 Epoch 25 | Loss: 0.4219 | Val Accuracy: 86.93%
   📅 Epoch 26 | Loss: 0.4035 | Val Accuracy: 88.54%
      ⭐ New Best! Saved.
   📅 Epoch 27 | Loss: 0.4016 | Val Accuracy: 88.48%
   📅 Epoch 28 | Loss: 0.3756 | Val Accuracy: 88.04%
   📅 Epoch 29 | Loss: 0.3937 | Val Accuracy: 87.55%
   📅 Epoch 30 | Loss: 0.3688 | Val Accuracy: 88.60%
      ⭐ New Best! Saved.
   📅 Epoch 31 | Loss: 0.3699 | Val Accuracy: 87.92%
   📅 Epoch 32 | Loss: 0.3635 | Val Accuracy: 89.41%
      ⭐ New Best! Saved.
   📅 Epoch 33 | Loss: 0.3609 | Val Accuracy: 87.92%
   📅 Epoch 34 | Loss: 0.3631 | Val Accuracy: 88.85%
   📅 Epoch 35 | Loss: 0.3375 | Val Accuracy: 88.10%
   📅 Epoch 36 | Loss: 0.3401 | Val Accuracy: 89.90%
      ⭐ New Best! Saved.
   📅 Epoch 37 | Loss: 0.3403 | Val Accuracy: 89.10%
   📅 Epoch 38 | Loss: 0.3339 | Val Accuracy: 89.90%
   📅 Epoch 39 | Loss: 0.3379 | Val Accuracy: 89.10%
   📅 Epoch 40 | Loss: 0.3260 | Val Accuracy: 89.03%
   📅 Epoch 41 | Loss: 0.3264 | Val Accuracy: 89.71%
   📅 Epoch 42 | Loss: 0.3277 | Val Accuracy: 89.41%
   📅 Epoch 43 | Loss: 0.3059 | Val Accuracy: 89.41%

   🛑 Early Stopping triggered after 7 epochs.

========================================
🏆 Best Val Accuracy: 89.90%
💾 Best Checkpoint: ./checkpoints/full_mb-domars16k_satmae_lr1e-05_concat_2.pth
========================================

