
============================================================
📄 Log File: ./logs/full_records/mb-domars16k_dinov3_sat_1cha_lr1e-05_concat_3.log
⏰ Time: 2026-04-02 06:01:25
============================================================

🚀 Training dinov3_sat_1cha on mb-domars16k | Mode: FULL | LR: 1e-05
   📂 [TRAIN] Loading 1 shards...
   ✅ Loaded 11305 samples.
   📂 [TEST] Loading 1 shards...
   ✅ Loaded 1614 samples.
   ⚙️  Config: Workers=8, BS=32, SmallData=False

>>> Loading Model: dinov3_sat_1cha (dinov3_hub)
   🔍 Auditing weights for [dinov3_sat_1cha]...
   ✅ [PERFECT MATCH] 368/368 layers loaded (100.0%)

   🔍 [Structure Check] dinov3_sat_1cha Output Analysis:
      Type: Tuple (len=2)
      Item 0: Shape (1, 1024)
      Item 1: Shape (1, 256, 1024)
      ✅ Identified: CLS=True, Patch=True
      👉 Final Strategy: concat_3 | Input Dim: 3072
   🔥 Mode: Full Fine-tuning (Backbone Unfrozen)
   🚀 Compiling model with torch.compile...
   ⚡ AMP Precision: torch.bfloat16
   🔄 Training Start... (Epochs: 50, Patience: 7)
   📅 Epoch 1 | Loss: 2.6000 | Val Accuracy: 28.00%
      ⭐ New Best! Saved.
   📅 Epoch 2 | Loss: 2.3194 | Val Accuracy: 46.10%
      ⭐ New Best! Saved.
   📅 Epoch 3 | Loss: 1.9505 | Val Accuracy: 64.37%
      ⭐ New Best! Saved.
   📅 Epoch 4 | Loss: 1.5165 | Val Accuracy: 71.31%
      ⭐ New Best! Saved.
   📅 Epoch 5 | Loss: 1.1041 | Val Accuracy: 76.02%
      ⭐ New Best! Saved.
   📅 Epoch 6 | Loss: 0.8980 | Val Accuracy: 79.12%
      ⭐ New Best! Saved.
   📅 Epoch 7 | Loss: 0.7739 | Val Accuracy: 81.54%
      ⭐ New Best! Saved.
   📅 Epoch 8 | Loss: 0.6781 | Val Accuracy: 82.09%
      ⭐ New Best! Saved.
   📅 Epoch 9 | Loss: 0.6215 | Val Accuracy: 83.09%
      ⭐ New Best! Saved.
   📅 Epoch 10 | Loss: 0.5695 | Val Accuracy: 83.83%
      ⭐ New Best! Saved.
   📅 Epoch 11 | Loss: 0.5400 | Val Accuracy: 84.63%
      ⭐ New Best! Saved.
   📅 Epoch 12 | Loss: 0.5058 | Val Accuracy: 84.88%
      ⭐ New Best! Saved.
   📅 Epoch 13 | Loss: 0.4790 | Val Accuracy: 85.69%
      ⭐ New Best! Saved.
   📅 Epoch 14 | Loss: 0.4563 | Val Accuracy: 86.68%
      ⭐ New Best! Saved.
   📅 Epoch 15 | Loss: 0.4425 | Val Accuracy: 86.62%
   📅 Epoch 16 | Loss: 0.4373 | Val Accuracy: 87.17%
      ⭐ New Best! Saved.
   📅 Epoch 17 | Loss: 0.4168 | Val Accuracy: 87.36%
      ⭐ New Best! Saved.
   📅 Epoch 18 | Loss: 0.3998 | Val Accuracy: 87.79%
      ⭐ New Best! Saved.
   📅 Epoch 19 | Loss: 0.3912 | Val Accuracy: 87.55%
   📅 Epoch 20 | Loss: 0.3842 | Val Accuracy: 87.55%
   📅 Epoch 21 | Loss: 0.3675 | Val Accuracy: 88.04%
      ⭐ New Best! Saved.
   📅 Epoch 22 | Loss: 0.3664 | Val Accuracy: 88.35%
      ⭐ New Best! Saved.
   📅 Epoch 23 | Loss: 0.3640 | Val Accuracy: 88.54%
      ⭐ New Best! Saved.
   📅 Epoch 24 | Loss: 0.3529 | Val Accuracy: 88.66%
      ⭐ New Best! Saved.
   📅 Epoch 25 | Loss: 0.3383 | Val Accuracy: 88.66%
   📅 Epoch 26 | Loss: 0.3410 | Val Accuracy: 88.97%
      ⭐ New Best! Saved.
   📅 Epoch 27 | Loss: 0.3298 | Val Accuracy: 88.97%
   📅 Epoch 28 | Loss: 0.3270 | Val Accuracy: 88.85%
   📅 Epoch 29 | Loss: 0.3133 | Val Accuracy: 89.34%
      ⭐ New Best! Saved.
   📅 Epoch 30 | Loss: 0.3149 | Val Accuracy: 89.22%
   📅 Epoch 31 | Loss: 0.3138 | Val Accuracy: 89.47%
      ⭐ New Best! Saved.
   📅 Epoch 32 | Loss: 0.3037 | Val Accuracy: 89.78%
      ⭐ New Best! Saved.
   📅 Epoch 33 | Loss: 0.3036 | Val Accuracy: 89.90%
      ⭐ New Best! Saved.
   📅 Epoch 34 | Loss: 0.2890 | Val Accuracy: 89.65%
   📅 Epoch 35 | Loss: 0.2964 | Val Accuracy: 89.47%
   📅 Epoch 36 | Loss: 0.2902 | Val Accuracy: 89.90%
   📅 Epoch 37 | Loss: 0.2864 | Val Accuracy: 90.02%
      ⭐ New Best! Saved.
   📅 Epoch 38 | Loss: 0.2855 | Val Accuracy: 90.02%
   📅 Epoch 39 | Loss: 0.2811 | Val Accuracy: 90.09%
      ⭐ New Best! Saved.
   📅 Epoch 40 | Loss: 0.2870 | Val Accuracy: 90.15%
      ⭐ New Best! Saved.
   📅 Epoch 41 | Loss: 0.2698 | Val Accuracy: 89.78%
   📅 Epoch 42 | Loss: 0.2687 | Val Accuracy: 90.46%
      ⭐ New Best! Saved.
   📅 Epoch 43 | Loss: 0.2669 | Val Accuracy: 90.46%
   📅 Epoch 44 | Loss: 0.2631 | Val Accuracy: 90.71%
      ⭐ New Best! Saved.
   📅 Epoch 45 | Loss: 0.2593 | Val Accuracy: 90.46%
   📅 Epoch 46 | Loss: 0.2553 | Val Accuracy: 90.09%
   📅 Epoch 47 | Loss: 0.2510 | Val Accuracy: 90.46%
   📅 Epoch 48 | Loss: 0.2476 | Val Accuracy: 90.33%
   📅 Epoch 49 | Loss: 0.2482 | Val Accuracy: 90.58%
   📅 Epoch 50 | Loss: 0.2480 | Val Accuracy: 90.64%

========================================
🏆 Best Val Accuracy: 90.71%
💾 Best Checkpoint: ./checkpoints/full_mb-domars16k_dinov3_sat_1cha_lr1e-05_concat_3.pth
========================================

