
============================================================
📄 Log File: ./logs/full_records/mb-domars16k_dinov3_lvd_lr0.001_original.log
⏰ Time: 2026-02-28 23:14:44
============================================================

🚀 Training dinov3_lvd on mb-domars16k | Mode: FULL | LR: 0.001
   📂 [TRAIN] Loading 1 shards...
   ✅ Loaded 11305 samples.
   📂 [TEST] Loading 1 shards...
   ✅ Loaded 1614 samples.
   ⚙️  Config: Workers=8, BS=32, SmallData=False

>>> Loading Model: dinov3_lvd (dinov3_hub)
   🔍 Auditing weights for [dinov3_lvd]...
   ✅ [PERFECT MATCH] 368/368 layers loaded (100.0%)

   🔍 [Structure Check] dinov3_lvd Output Analysis:
      Type: Tuple (len=2)
      Item 0: Shape (1, 1024)
      Item 1: Shape (1, 256, 1024)
      ✅ Identified: CLS=True, Patch=True
      👉 Final Strategy: CLS_only | Input Dim: 1024
   🔥 Mode: Full Fine-tuning (Backbone Unfrozen)
   🚀 Compiling model with torch.compile...
   ⚡ AMP Precision: torch.bfloat16
   🔄 Training Start... (Epochs: 50, Patience: 7)
   📅 Epoch 1 | Loss: 0.7848 | Val Accuracy: 83.52%
      ⭐ New Best! Saved.
   📅 Epoch 2 | Loss: 0.4892 | Val Accuracy: 87.92%
      ⭐ New Best! Saved.
   📅 Epoch 3 | Loss: 0.4101 | Val Accuracy: 88.54%
      ⭐ New Best! Saved.
   📅 Epoch 4 | Loss: 0.3935 | Val Accuracy: 89.90%
      ⭐ New Best! Saved.
   📅 Epoch 5 | Loss: 0.3488 | Val Accuracy: 90.40%
      ⭐ New Best! Saved.
   📅 Epoch 6 | Loss: 0.3110 | Val Accuracy: 90.09%
   📅 Epoch 7 | Loss: 0.2901 | Val Accuracy: 92.07%
      ⭐ New Best! Saved.
   📅 Epoch 8 | Loss: 0.2754 | Val Accuracy: 90.21%
   📅 Epoch 9 | Loss: 0.2700 | Val Accuracy: 89.96%
   📅 Epoch 10 | Loss: 0.2503 | Val Accuracy: 88.17%
   📅 Epoch 11 | Loss: 0.2357 | Val Accuracy: 92.50%
      ⭐ New Best! Saved.
   📅 Epoch 12 | Loss: 0.2249 | Val Accuracy: 90.83%
   📅 Epoch 13 | Loss: 0.2203 | Val Accuracy: 92.26%
   📅 Epoch 14 | Loss: 0.2158 | Val Accuracy: 92.19%
   📅 Epoch 15 | Loss: 0.2103 | Val Accuracy: 92.87%
      ⭐ New Best! Saved.
   📅 Epoch 16 | Loss: 0.2077 | Val Accuracy: 91.20%
   📅 Epoch 17 | Loss: 0.2003 | Val Accuracy: 92.19%
   📅 Epoch 18 | Loss: 0.1945 | Val Accuracy: 92.38%
   📅 Epoch 19 | Loss: 0.1730 | Val Accuracy: 91.39%
   📅 Epoch 20 | Loss: 0.1802 | Val Accuracy: 92.63%
   📅 Epoch 21 | Loss: 0.1704 | Val Accuracy: 91.39%
   📅 Epoch 22 | Loss: 0.1731 | Val Accuracy: 92.19%

   🛑 Early Stopping triggered after 7 epochs.

========================================
🏆 Best Val Accuracy: 92.87%
💾 Best Checkpoint: ./checkpoints/full_mb-domars16k_dinov3_lvd_lr0.001_original.pth
========================================

