
============================================================
📄 Log File: ./logs/full_records/mb-domars16k_dinov1_b8_lr1e-05_concat_2.log
⏰ Time: 2026-03-01 03:39:04
============================================================

🚀 Training dinov1_b8 on mb-domars16k | Mode: FULL | LR: 1e-05
   📂 [TRAIN] Loading 1 shards...
   ✅ Loaded 11305 samples.
   📂 [TEST] Loading 1 shards...
   ✅ Loaded 1614 samples.
   ⚙️  Config: Workers=8, BS=32, SmallData=False

>>> Loading Model: dinov1_b8 (dinov1)

   🔍 [Structure Check] dinov1_b8 Output Analysis:
      Type: Tuple (len=2)
      Item 0: Shape (1, 768)
      Item 1: Shape (1, 784, 768)
      ✅ Identified: CLS=True, Patch=True
      👉 Final Strategy: concat_2 | Input Dim: 1536
   🔥 Mode: Full Fine-tuning (Backbone Unfrozen)
   🚀 Compiling model with torch.compile...
   ⚡ AMP Precision: torch.bfloat16
   🔄 Training Start... (Epochs: 50, Patience: 7)
   📅 Epoch 1 | Loss: 2.0179 | Val Accuracy: 64.50%
      ⭐ New Best! Saved.
   📅 Epoch 2 | Loss: 1.0822 | Val Accuracy: 76.52%
      ⭐ New Best! Saved.
   📅 Epoch 3 | Loss: 0.7640 | Val Accuracy: 80.73%
      ⭐ New Best! Saved.
   📅 Epoch 4 | Loss: 0.6167 | Val Accuracy: 83.15%
      ⭐ New Best! Saved.
   📅 Epoch 5 | Loss: 0.5408 | Val Accuracy: 84.76%
      ⭐ New Best! Saved.
   📅 Epoch 6 | Loss: 0.4800 | Val Accuracy: 85.25%
      ⭐ New Best! Saved.
   📅 Epoch 7 | Loss: 0.4399 | Val Accuracy: 86.25%
      ⭐ New Best! Saved.
   📅 Epoch 8 | Loss: 0.4056 | Val Accuracy: 87.24%
      ⭐ New Best! Saved.
   📅 Epoch 9 | Loss: 0.3855 | Val Accuracy: 88.17%
      ⭐ New Best! Saved.
   📅 Epoch 10 | Loss: 0.3622 | Val Accuracy: 88.41%
      ⭐ New Best! Saved.
   📅 Epoch 11 | Loss: 0.3422 | Val Accuracy: 88.72%
      ⭐ New Best! Saved.
   📅 Epoch 12 | Loss: 0.3194 | Val Accuracy: 89.10%
      ⭐ New Best! Saved.
   📅 Epoch 13 | Loss: 0.3082 | Val Accuracy: 89.47%
      ⭐ New Best! Saved.
   📅 Epoch 14 | Loss: 0.2970 | Val Accuracy: 89.47%
   📅 Epoch 15 | Loss: 0.2819 | Val Accuracy: 89.65%
      ⭐ New Best! Saved.
   📅 Epoch 16 | Loss: 0.2727 | Val Accuracy: 90.40%
      ⭐ New Best! Saved.
   📅 Epoch 17 | Loss: 0.2583 | Val Accuracy: 90.15%
   📅 Epoch 18 | Loss: 0.2585 | Val Accuracy: 90.64%
      ⭐ New Best! Saved.
   📅 Epoch 19 | Loss: 0.2386 | Val Accuracy: 90.15%
   📅 Epoch 20 | Loss: 0.2328 | Val Accuracy: 90.52%
   📅 Epoch 21 | Loss: 0.2300 | Val Accuracy: 90.64%
   📅 Epoch 22 | Loss: 0.2214 | Val Accuracy: 90.89%
      ⭐ New Best! Saved.
   📅 Epoch 23 | Loss: 0.2193 | Val Accuracy: 91.14%
      ⭐ New Best! Saved.
   📅 Epoch 24 | Loss: 0.2098 | Val Accuracy: 90.77%
   📅 Epoch 25 | Loss: 0.2017 | Val Accuracy: 91.14%
   📅 Epoch 26 | Loss: 0.1907 | Val Accuracy: 91.82%
      ⭐ New Best! Saved.
   📅 Epoch 27 | Loss: 0.1911 | Val Accuracy: 91.64%
   📅 Epoch 28 | Loss: 0.1835 | Val Accuracy: 91.39%
   📅 Epoch 29 | Loss: 0.1787 | Val Accuracy: 91.95%
      ⭐ New Best! Saved.
   📅 Epoch 30 | Loss: 0.1739 | Val Accuracy: 91.76%
   📅 Epoch 31 | Loss: 0.1711 | Val Accuracy: 92.13%
      ⭐ New Best! Saved.
   📅 Epoch 32 | Loss: 0.1629 | Val Accuracy: 91.76%
   📅 Epoch 33 | Loss: 0.1582 | Val Accuracy: 91.70%
   📅 Epoch 34 | Loss: 0.1501 | Val Accuracy: 91.64%
   📅 Epoch 35 | Loss: 0.1533 | Val Accuracy: 92.44%
      ⭐ New Best! Saved.
   📅 Epoch 36 | Loss: 0.1420 | Val Accuracy: 92.01%
   📅 Epoch 37 | Loss: 0.1435 | Val Accuracy: 92.07%
   📅 Epoch 38 | Loss: 0.1408 | Val Accuracy: 91.95%
   📅 Epoch 39 | Loss: 0.1436 | Val Accuracy: 92.26%
   📅 Epoch 40 | Loss: 0.1282 | Val Accuracy: 92.01%
   📅 Epoch 41 | Loss: 0.1234 | Val Accuracy: 92.19%
   📅 Epoch 42 | Loss: 0.1291 | Val Accuracy: 92.13%

   🛑 Early Stopping triggered after 7 epochs.

========================================
🏆 Best Val Accuracy: 92.44%
💾 Best Checkpoint: ./checkpoints/full_mb-domars16k_dinov1_b8_lr1e-05_concat_2.pth
========================================

