
============================================================
📄 Log File: ./logs/full_records/mb-domars16k_dinov3_lvd_lr1e-05_concat_3.log
⏰ Time: 2026-02-28 19:11:28
============================================================

🚀 Training dinov3_lvd on mb-domars16k | Mode: FULL | LR: 1e-05
   📂 [TRAIN] Loading 1 shards...
   ✅ Loaded 11305 samples.
   📂 [TEST] Loading 1 shards...
   ✅ Loaded 1614 samples.
   ⚙️  Config: Workers=8, BS=32, SmallData=False

>>> Loading Model: dinov3_lvd (dinov3_hub)
   🔍 Auditing weights for [dinov3_lvd]...
   ✅ [PERFECT MATCH] 368/368 layers loaded (100.0%)

   🔍 [Structure Check] dinov3_lvd Output Analysis:
      Type: Tuple (len=2)
      Item 0: Shape (1, 1024)
      Item 1: Shape (1, 256, 1024)
      ✅ Identified: CLS=True, Patch=True
      👉 Final Strategy: concat_3 | Input Dim: 3072
   🔥 Mode: Full Fine-tuning (Backbone Unfrozen)
   🚀 Compiling model with torch.compile...
   ⚡ AMP Precision: torch.bfloat16
   🔄 Training Start... (Epochs: 50, Patience: 7)
   📅 Epoch 1 | Loss: 2.5333 | Val Accuracy: 44.86%
      ⭐ New Best! Saved.
   📅 Epoch 2 | Loss: 2.0607 | Val Accuracy: 64.19%
      ⭐ New Best! Saved.
   📅 Epoch 3 | Loss: 1.5618 | Val Accuracy: 74.60%
      ⭐ New Best! Saved.
   📅 Epoch 4 | Loss: 1.1388 | Val Accuracy: 79.49%
      ⭐ New Best! Saved.
   📅 Epoch 5 | Loss: 0.8511 | Val Accuracy: 81.78%
      ⭐ New Best! Saved.
   📅 Epoch 6 | Loss: 0.6901 | Val Accuracy: 82.78%
      ⭐ New Best! Saved.
   📅 Epoch 7 | Loss: 0.5954 | Val Accuracy: 83.83%
      ⭐ New Best! Saved.
   📅 Epoch 8 | Loss: 0.5297 | Val Accuracy: 84.88%
      ⭐ New Best! Saved.
   📅 Epoch 9 | Loss: 0.4817 | Val Accuracy: 85.87%
      ⭐ New Best! Saved.
   📅 Epoch 10 | Loss: 0.4517 | Val Accuracy: 85.56%
   📅 Epoch 11 | Loss: 0.4215 | Val Accuracy: 86.49%
      ⭐ New Best! Saved.
   📅 Epoch 12 | Loss: 0.4043 | Val Accuracy: 86.86%
      ⭐ New Best! Saved.
   📅 Epoch 13 | Loss: 0.3963 | Val Accuracy: 86.99%
      ⭐ New Best! Saved.
   📅 Epoch 14 | Loss: 0.3752 | Val Accuracy: 87.48%
      ⭐ New Best! Saved.
   📅 Epoch 15 | Loss: 0.3663 | Val Accuracy: 87.61%
      ⭐ New Best! Saved.
   📅 Epoch 16 | Loss: 0.3443 | Val Accuracy: 88.23%
      ⭐ New Best! Saved.
   📅 Epoch 17 | Loss: 0.3427 | Val Accuracy: 89.03%
      ⭐ New Best! Saved.
   📅 Epoch 18 | Loss: 0.3339 | Val Accuracy: 88.72%
   📅 Epoch 19 | Loss: 0.3266 | Val Accuracy: 88.54%
   📅 Epoch 20 | Loss: 0.3162 | Val Accuracy: 89.34%
      ⭐ New Best! Saved.
   📅 Epoch 21 | Loss: 0.3077 | Val Accuracy: 89.22%
   📅 Epoch 22 | Loss: 0.2967 | Val Accuracy: 89.53%
      ⭐ New Best! Saved.
   📅 Epoch 23 | Loss: 0.2969 | Val Accuracy: 89.34%
   📅 Epoch 24 | Loss: 0.2932 | Val Accuracy: 89.90%
      ⭐ New Best! Saved.
   📅 Epoch 25 | Loss: 0.2830 | Val Accuracy: 89.53%
   📅 Epoch 26 | Loss: 0.2719 | Val Accuracy: 90.09%
      ⭐ New Best! Saved.
   📅 Epoch 27 | Loss: 0.2688 | Val Accuracy: 89.53%
   📅 Epoch 28 | Loss: 0.2667 | Val Accuracy: 89.96%
   📅 Epoch 29 | Loss: 0.2664 | Val Accuracy: 89.34%
   📅 Epoch 30 | Loss: 0.2569 | Val Accuracy: 89.96%
   📅 Epoch 31 | Loss: 0.2493 | Val Accuracy: 90.33%
      ⭐ New Best! Saved.
   📅 Epoch 32 | Loss: 0.2450 | Val Accuracy: 89.90%
   📅 Epoch 33 | Loss: 0.2428 | Val Accuracy: 90.46%
      ⭐ New Best! Saved.
   📅 Epoch 34 | Loss: 0.2279 | Val Accuracy: 90.40%
   📅 Epoch 35 | Loss: 0.2343 | Val Accuracy: 90.58%
      ⭐ New Best! Saved.
   📅 Epoch 36 | Loss: 0.2238 | Val Accuracy: 90.89%
      ⭐ New Best! Saved.
   📅 Epoch 37 | Loss: 0.2292 | Val Accuracy: 90.33%
   📅 Epoch 38 | Loss: 0.2189 | Val Accuracy: 90.33%
   📅 Epoch 39 | Loss: 0.2251 | Val Accuracy: 90.40%
   📅 Epoch 40 | Loss: 0.2086 | Val Accuracy: 90.95%
      ⭐ New Best! Saved.
   📅 Epoch 41 | Loss: 0.2158 | Val Accuracy: 91.02%
      ⭐ New Best! Saved.
   📅 Epoch 42 | Loss: 0.2108 | Val Accuracy: 90.40%
   📅 Epoch 43 | Loss: 0.2070 | Val Accuracy: 91.08%
      ⭐ New Best! Saved.
   📅 Epoch 44 | Loss: 0.2026 | Val Accuracy: 91.08%
   📅 Epoch 45 | Loss: 0.1948 | Val Accuracy: 91.51%
      ⭐ New Best! Saved.
   📅 Epoch 46 | Loss: 0.1976 | Val Accuracy: 91.33%
   📅 Epoch 47 | Loss: 0.1924 | Val Accuracy: 91.51%
   📅 Epoch 48 | Loss: 0.1912 | Val Accuracy: 91.08%
   📅 Epoch 49 | Loss: 0.1917 | Val Accuracy: 91.45%
   📅 Epoch 50 | Loss: 0.1909 | Val Accuracy: 91.57%
      ⭐ New Best! Saved.

========================================
🏆 Best Val Accuracy: 91.57%
💾 Best Checkpoint: ./checkpoints/full_mb-domars16k_dinov3_lvd_lr1e-05_concat_3.pth
========================================

