
============================================================
📄 Log File: ./logs/full_records/mb-domars16k_dinov2_l14_lr1e-05_concat_2.log
⏰ Time: 2026-03-01 00:56:07
============================================================

🚀 Training dinov2_l14 on mb-domars16k | Mode: FULL | LR: 1e-05
   📂 [TRAIN] Loading 1 shards...
   ✅ Loaded 11305 samples.
   📂 [TEST] Loading 1 shards...
   ✅ Loaded 1614 samples.
   ⚙️  Config: Workers=8, BS=32, SmallData=False

>>> Loading Model: dinov2_l14 (dinov2_hub)
   🔍 Auditing weights for [dinov2_l14]...
   ✅ [PERFECT MATCH] 343/343 layers loaded (100.0%)

   🔍 [Structure Check] dinov2_l14 Output Analysis:
      Type: Tuple (len=2)
      Item 0: Shape (1, 1024)
      Item 1: Shape (1, 256, 1024)
      ✅ Identified: CLS=True, Patch=True
      👉 Final Strategy: concat_2 | Input Dim: 2048
   🔥 Mode: Full Fine-tuning (Backbone Unfrozen)
   🚀 Compiling model with torch.compile...
   ⚡ AMP Precision: torch.bfloat16
   🔄 Training Start... (Epochs: 50, Patience: 7)
   📅 Epoch 1 | Loss: 1.3696 | Val Accuracy: 82.09%
      ⭐ New Best! Saved.
   📅 Epoch 2 | Loss: 0.5585 | Val Accuracy: 86.80%
      ⭐ New Best! Saved.
   📅 Epoch 3 | Loss: 0.4242 | Val Accuracy: 87.30%
      ⭐ New Best! Saved.
   📅 Epoch 4 | Loss: 0.3571 | Val Accuracy: 88.23%
      ⭐ New Best! Saved.
   📅 Epoch 5 | Loss: 0.3288 | Val Accuracy: 88.79%
      ⭐ New Best! Saved.
   📅 Epoch 6 | Loss: 0.2916 | Val Accuracy: 89.96%
      ⭐ New Best! Saved.
   📅 Epoch 7 | Loss: 0.2734 | Val Accuracy: 90.27%
      ⭐ New Best! Saved.
   📅 Epoch 8 | Loss: 0.2624 | Val Accuracy: 90.27%
   📅 Epoch 9 | Loss: 0.2541 | Val Accuracy: 89.90%
   📅 Epoch 10 | Loss: 0.2364 | Val Accuracy: 91.45%
      ⭐ New Best! Saved.
   📅 Epoch 11 | Loss: 0.2180 | Val Accuracy: 91.26%
   📅 Epoch 12 | Loss: 0.2111 | Val Accuracy: 91.02%
   📅 Epoch 13 | Loss: 0.2017 | Val Accuracy: 91.20%
   📅 Epoch 14 | Loss: 0.1930 | Val Accuracy: 92.01%
      ⭐ New Best! Saved.
   📅 Epoch 15 | Loss: 0.2016 | Val Accuracy: 91.57%
   📅 Epoch 16 | Loss: 0.1828 | Val Accuracy: 92.44%
      ⭐ New Best! Saved.
   📅 Epoch 17 | Loss: 0.1769 | Val Accuracy: 91.82%
   📅 Epoch 18 | Loss: 0.1675 | Val Accuracy: 91.39%
   📅 Epoch 19 | Loss: 0.1603 | Val Accuracy: 92.44%
   📅 Epoch 20 | Loss: 0.1621 | Val Accuracy: 91.70%
   📅 Epoch 21 | Loss: 0.1429 | Val Accuracy: 92.38%
   📅 Epoch 22 | Loss: 0.1498 | Val Accuracy: 93.25%
      ⭐ New Best! Saved.
   📅 Epoch 23 | Loss: 0.1420 | Val Accuracy: 92.19%
   📅 Epoch 24 | Loss: 0.1296 | Val Accuracy: 91.82%
   📅 Epoch 25 | Loss: 0.1348 | Val Accuracy: 92.13%
   📅 Epoch 26 | Loss: 0.1273 | Val Accuracy: 90.77%
   📅 Epoch 27 | Loss: 0.1207 | Val Accuracy: 93.06%
   📅 Epoch 28 | Loss: 0.1158 | Val Accuracy: 92.50%
   📅 Epoch 29 | Loss: 0.1160 | Val Accuracy: 93.25%

   🛑 Early Stopping triggered after 7 epochs.

========================================
🏆 Best Val Accuracy: 93.25%
💾 Best Checkpoint: ./checkpoints/full_mb-domars16k_dinov2_l14_lr1e-05_concat_2.pth
========================================

