
============================================================
📄 Log File: ./logs/full_records/mb-domars16k_scale_mae_lr1e-05_concat_3.log
⏰ Time: 2026-03-01 16:39:35
============================================================

🚀 Training scale_mae on mb-domars16k | Mode: FULL | LR: 1e-05
   📂 [TRAIN] Loading 1 shards...
   ✅ Loaded 11305 samples.
   📂 [TEST] Loading 1 shards...
   ✅ Loaded 1614 samples.
   ⚙️  Config: Workers=8, BS=32, SmallData=False

>>> Loading Model: scale_mae (scalemae)
   🔍 Auditing weights for [scale_mae]...
   ⚠️ [PARTIAL MATCH] 344/435 layers loaded (79.1%)

   🔍 [Structure Check] scale_mae Output Analysis:
      Type: Tuple (len=2)
      Item 0: Shape (1, 1024)
      Item 1: Shape (1, 196, 1024)
      ✅ Identified: CLS=True, Patch=True
      👉 Final Strategy: concat_3 | Input Dim: 3072
      📏 ScaleMAE GSD: 5.0 m/px
   🔥 Mode: Full Fine-tuning (Backbone Unfrozen)
   🚀 Compiling model with torch.compile...
   ⚡ AMP Precision: torch.bfloat16
   🔄 Training Start... (Epochs: 50, Patience: 7)
   📅 Epoch 1 | Loss: 2.6404 | Val Accuracy: 32.53%
      ⭐ New Best! Saved.
   📅 Epoch 2 | Loss: 2.2239 | Val Accuracy: 41.76%
      ⭐ New Best! Saved.
   📅 Epoch 3 | Loss: 1.8203 | Val Accuracy: 50.81%
      ⭐ New Best! Saved.
   📅 Epoch 4 | Loss: 1.6206 | Val Accuracy: 52.04%
      ⭐ New Best! Saved.
   📅 Epoch 5 | Loss: 1.4980 | Val Accuracy: 56.75%
      ⭐ New Best! Saved.
   📅 Epoch 6 | Loss: 1.4129 | Val Accuracy: 58.86%
      ⭐ New Best! Saved.
   📅 Epoch 7 | Loss: 1.3605 | Val Accuracy: 60.72%
      ⭐ New Best! Saved.
   📅 Epoch 8 | Loss: 1.2933 | Val Accuracy: 62.14%
      ⭐ New Best! Saved.
   📅 Epoch 9 | Loss: 1.2384 | Val Accuracy: 63.38%
      ⭐ New Best! Saved.
   📅 Epoch 10 | Loss: 1.1928 | Val Accuracy: 65.49%
      ⭐ New Best! Saved.
   📅 Epoch 11 | Loss: 1.1622 | Val Accuracy: 65.55%
      ⭐ New Best! Saved.
   📅 Epoch 12 | Loss: 1.1299 | Val Accuracy: 68.15%
      ⭐ New Best! Saved.
   📅 Epoch 13 | Loss: 1.1049 | Val Accuracy: 69.14%
      ⭐ New Best! Saved.
   📅 Epoch 14 | Loss: 1.0732 | Val Accuracy: 69.83%
      ⭐ New Best! Saved.
   📅 Epoch 15 | Loss: 1.0474 | Val Accuracy: 71.07%
      ⭐ New Best! Saved.
   📅 Epoch 16 | Loss: 1.0266 | Val Accuracy: 72.80%
      ⭐ New Best! Saved.
   📅 Epoch 17 | Loss: 1.0042 | Val Accuracy: 69.70%
   📅 Epoch 18 | Loss: 0.9855 | Val Accuracy: 72.00%
   📅 Epoch 19 | Loss: 0.9627 | Val Accuracy: 74.66%
      ⭐ New Best! Saved.
   📅 Epoch 20 | Loss: 0.9419 | Val Accuracy: 74.23%
   📅 Epoch 21 | Loss: 0.9226 | Val Accuracy: 74.41%
   📅 Epoch 22 | Loss: 0.9141 | Val Accuracy: 74.85%
      ⭐ New Best! Saved.
   📅 Epoch 23 | Loss: 0.8898 | Val Accuracy: 75.28%
      ⭐ New Best! Saved.
   📅 Epoch 24 | Loss: 0.8772 | Val Accuracy: 74.66%
   📅 Epoch 25 | Loss: 0.8697 | Val Accuracy: 75.53%
      ⭐ New Best! Saved.
   📅 Epoch 26 | Loss: 0.8533 | Val Accuracy: 75.77%
      ⭐ New Best! Saved.
   📅 Epoch 27 | Loss: 0.8438 | Val Accuracy: 76.08%
      ⭐ New Best! Saved.
   📅 Epoch 28 | Loss: 0.8288 | Val Accuracy: 76.52%
      ⭐ New Best! Saved.
   📅 Epoch 29 | Loss: 0.8257 | Val Accuracy: 77.45%
      ⭐ New Best! Saved.
   📅 Epoch 30 | Loss: 0.8025 | Val Accuracy: 76.77%
   📅 Epoch 31 | Loss: 0.8147 | Val Accuracy: 78.00%
      ⭐ New Best! Saved.
   📅 Epoch 32 | Loss: 0.7904 | Val Accuracy: 77.01%
   📅 Epoch 33 | Loss: 0.7743 | Val Accuracy: 78.19%
      ⭐ New Best! Saved.
   📅 Epoch 34 | Loss: 0.7717 | Val Accuracy: 78.25%
      ⭐ New Best! Saved.
   📅 Epoch 35 | Loss: 0.7758 | Val Accuracy: 78.62%
      ⭐ New Best! Saved.
   📅 Epoch 36 | Loss: 0.7571 | Val Accuracy: 78.44%
   📅 Epoch 37 | Loss: 0.7534 | Val Accuracy: 78.31%
   📅 Epoch 38 | Loss: 0.7485 | Val Accuracy: 79.06%
      ⭐ New Best! Saved.
   📅 Epoch 39 | Loss: 0.7295 | Val Accuracy: 80.55%
      ⭐ New Best! Saved.
   📅 Epoch 40 | Loss: 0.7273 | Val Accuracy: 79.68%
   📅 Epoch 41 | Loss: 0.7171 | Val Accuracy: 78.87%
   📅 Epoch 42 | Loss: 0.7323 | Val Accuracy: 79.86%
   📅 Epoch 43 | Loss: 0.7124 | Val Accuracy: 79.93%
   📅 Epoch 44 | Loss: 0.7006 | Val Accuracy: 80.24%
   📅 Epoch 45 | Loss: 0.7004 | Val Accuracy: 80.36%
   📅 Epoch 46 | Loss: 0.6955 | Val Accuracy: 80.55%

   🛑 Early Stopping triggered after 7 epochs.

========================================
🏆 Best Val Accuracy: 80.55%
💾 Best Checkpoint: ./checkpoints/full_mb-domars16k_scale_mae_lr1e-05_concat_3.pth
========================================

