
============================================================
📄 Log File: ./logs/full_records/mb-domars16k_scale_mae_lr0.0001_concat_3.log
⏰ Time: 2026-03-01 15:39:38
============================================================

🚀 Training scale_mae on mb-domars16k | Mode: FULL | LR: 0.0001
   📂 [TRAIN] Loading 1 shards...
   ✅ Loaded 11305 samples.
   📂 [TEST] Loading 1 shards...
   ✅ Loaded 1614 samples.
   ⚙️  Config: Workers=8, BS=32, SmallData=False

>>> Loading Model: scale_mae (scalemae)
   🔍 Auditing weights for [scale_mae]...
   ⚠️ [PARTIAL MATCH] 344/435 layers loaded (79.1%)

   🔍 [Structure Check] scale_mae Output Analysis:
      Type: Tuple (len=2)
      Item 0: Shape (1, 1024)
      Item 1: Shape (1, 196, 1024)
      ✅ Identified: CLS=True, Patch=True
      👉 Final Strategy: concat_3 | Input Dim: 3072
      📏 ScaleMAE GSD: 5.0 m/px
   🔥 Mode: Full Fine-tuning (Backbone Unfrozen)
   🚀 Compiling model with torch.compile...
   ⚡ AMP Precision: torch.bfloat16
   🔄 Training Start... (Epochs: 50, Patience: 7)
   📅 Epoch 1 | Loss: 1.8818 | Val Accuracy: 59.54%
      ⭐ New Best! Saved.
   📅 Epoch 2 | Loss: 1.2162 | Val Accuracy: 67.60%
      ⭐ New Best! Saved.
   📅 Epoch 3 | Loss: 1.0280 | Val Accuracy: 70.69%
      ⭐ New Best! Saved.
   📅 Epoch 4 | Loss: 0.9268 | Val Accuracy: 73.67%
      ⭐ New Best! Saved.
   📅 Epoch 5 | Loss: 0.8432 | Val Accuracy: 75.96%
      ⭐ New Best! Saved.
   📅 Epoch 6 | Loss: 0.7829 | Val Accuracy: 78.25%
      ⭐ New Best! Saved.
   📅 Epoch 7 | Loss: 0.7394 | Val Accuracy: 80.30%
      ⭐ New Best! Saved.
   📅 Epoch 8 | Loss: 0.6997 | Val Accuracy: 79.37%
   📅 Epoch 9 | Loss: 0.6912 | Val Accuracy: 81.29%
      ⭐ New Best! Saved.
   📅 Epoch 10 | Loss: 0.6389 | Val Accuracy: 81.04%
   📅 Epoch 11 | Loss: 0.6084 | Val Accuracy: 81.66%
      ⭐ New Best! Saved.
   📅 Epoch 12 | Loss: 0.5966 | Val Accuracy: 81.66%
   📅 Epoch 13 | Loss: 0.5682 | Val Accuracy: 83.83%
      ⭐ New Best! Saved.
   📅 Epoch 14 | Loss: 0.5602 | Val Accuracy: 82.47%
   📅 Epoch 15 | Loss: 0.5368 | Val Accuracy: 85.75%
      ⭐ New Best! Saved.
   📅 Epoch 16 | Loss: 0.5345 | Val Accuracy: 84.45%
   📅 Epoch 17 | Loss: 0.5175 | Val Accuracy: 85.01%
   📅 Epoch 18 | Loss: 0.5116 | Val Accuracy: 86.18%
      ⭐ New Best! Saved.
   📅 Epoch 19 | Loss: 0.4962 | Val Accuracy: 83.89%
   📅 Epoch 20 | Loss: 0.4772 | Val Accuracy: 87.17%
      ⭐ New Best! Saved.
   📅 Epoch 21 | Loss: 0.4714 | Val Accuracy: 84.63%
   📅 Epoch 22 | Loss: 0.4599 | Val Accuracy: 85.25%
   📅 Epoch 23 | Loss: 0.4616 | Val Accuracy: 86.31%
   📅 Epoch 24 | Loss: 0.4346 | Val Accuracy: 85.75%
   📅 Epoch 25 | Loss: 0.4193 | Val Accuracy: 85.07%
   📅 Epoch 26 | Loss: 0.4116 | Val Accuracy: 87.36%
      ⭐ New Best! Saved.
   📅 Epoch 27 | Loss: 0.4130 | Val Accuracy: 87.30%
   📅 Epoch 28 | Loss: 0.3942 | Val Accuracy: 86.25%
   📅 Epoch 29 | Loss: 0.3960 | Val Accuracy: 87.11%
   📅 Epoch 30 | Loss: 0.3817 | Val Accuracy: 87.48%
      ⭐ New Best! Saved.
   📅 Epoch 31 | Loss: 0.3708 | Val Accuracy: 86.93%
   📅 Epoch 32 | Loss: 0.3652 | Val Accuracy: 86.12%
   📅 Epoch 33 | Loss: 0.3769 | Val Accuracy: 87.24%
   📅 Epoch 34 | Loss: 0.3589 | Val Accuracy: 86.99%
   📅 Epoch 35 | Loss: 0.3498 | Val Accuracy: 87.86%
      ⭐ New Best! Saved.
   📅 Epoch 36 | Loss: 0.3446 | Val Accuracy: 85.94%
   📅 Epoch 37 | Loss: 0.3441 | Val Accuracy: 87.92%
      ⭐ New Best! Saved.
   📅 Epoch 38 | Loss: 0.3362 | Val Accuracy: 87.17%
   📅 Epoch 39 | Loss: 0.3262 | Val Accuracy: 87.86%
   📅 Epoch 40 | Loss: 0.3282 | Val Accuracy: 87.73%
   📅 Epoch 41 | Loss: 0.3072 | Val Accuracy: 86.74%
   📅 Epoch 42 | Loss: 0.3091 | Val Accuracy: 85.87%
   📅 Epoch 43 | Loss: 0.2981 | Val Accuracy: 88.79%
      ⭐ New Best! Saved.
   📅 Epoch 44 | Loss: 0.3047 | Val Accuracy: 87.24%
   📅 Epoch 45 | Loss: 0.2871 | Val Accuracy: 88.10%
   📅 Epoch 46 | Loss: 0.2882 | Val Accuracy: 88.29%
   📅 Epoch 47 | Loss: 0.2946 | Val Accuracy: 87.55%
   📅 Epoch 48 | Loss: 0.2800 | Val Accuracy: 87.98%
   📅 Epoch 49 | Loss: 0.2791 | Val Accuracy: 86.00%
   📅 Epoch 50 | Loss: 0.2702 | Val Accuracy: 87.92%

   🛑 Early Stopping triggered after 7 epochs.

========================================
🏆 Best Val Accuracy: 88.79%
💾 Best Checkpoint: ./checkpoints/full_mb-domars16k_scale_mae_lr0.0001_concat_3.pth
========================================

