
============================================================
📄 Log File: ./logs/full_records/mb-frost_cls_dinov3_lvd_1cha_lr0.001_concat_2.log
⏰ Time: 2026-04-10 06:31:46
============================================================

🚀 Training dinov3_lvd_1cha on mb-frost_cls | Mode: FULL | LR: 0.001
   📂 [TRAIN] Loading 4 shards...
   ✅ Loaded 30124 samples.
   📂 [TEST] Loading 2 shards...
   ✅ Loaded 12249 samples.
   ⚙️  Config: Workers=8, BS=32, SmallData=False

>>> Loading Model: dinov3_lvd_1cha (dinov3_hub)
   🔍 Auditing weights for [dinov3_lvd_1cha]...
   ✅ [PERFECT MATCH] 368/368 layers loaded (100.0%)

   🔍 [Structure Check] dinov3_lvd_1cha Output Analysis:
      Type: Tuple (len=2)
      Item 0: Shape (1, 1024)
      Item 1: Shape (1, 256, 1024)
      ✅ Identified: CLS=True, Patch=True
      👉 Final Strategy: concat_2 | Input Dim: 2048
   🔥 Mode: Full Fine-tuning (Backbone Unfrozen)
   🚀 Compiling model with torch.compile...
   ⚡ AMP Precision: torch.bfloat16
   🔄 Training Start... (Epochs: 50, Patience: 7)
   📅 Epoch 1 | Loss: 0.0812 | Val Accuracy: 96.03%
      ⭐ New Best! (Model saving disabled to save space)
   📅 Epoch 2 | Loss: 0.0465 | Val Accuracy: 96.92%
      ⭐ New Best! (Model saving disabled to save space)
   📅 Epoch 3 | Loss: 0.0434 | Val Accuracy: 97.36%
      ⭐ New Best! (Model saving disabled to save space)
   📅 Epoch 4 | Loss: 0.0315 | Val Accuracy: 97.40%
      ⭐ New Best! (Model saving disabled to save space)
   📅 Epoch 5 | Loss: 0.0287 | Val Accuracy: 97.58%
      ⭐ New Best! (Model saving disabled to save space)
   📅 Epoch 6 | Loss: 0.0248 | Val Accuracy: 97.31%
   📅 Epoch 7 | Loss: 0.0238 | Val Accuracy: 97.31%
   📅 Epoch 8 | Loss: 0.0299 | Val Accuracy: 98.69%
      ⭐ New Best! (Model saving disabled to save space)
   📅 Epoch 9 | Loss: 0.0245 | Val Accuracy: 97.71%
   📅 Epoch 10 | Loss: 0.0216 | Val Accuracy: 97.89%
   📅 Epoch 11 | Loss: 0.0274 | Val Accuracy: 97.19%
   📅 Epoch 12 | Loss: 0.0188 | Val Accuracy: 97.40%
   📅 Epoch 13 | Loss: 0.0177 | Val Accuracy: 97.41%
   📅 Epoch 14 | Loss: 0.0264 | Val Accuracy: 97.13%
   📅 Epoch 15 | Loss: 0.0217 | Val Accuracy: 99.36%
      ⭐ New Best! (Model saving disabled to save space)
   📅 Epoch 16 | Loss: 0.0161 | Val Accuracy: 98.24%
   📅 Epoch 17 | Loss: 0.0193 | Val Accuracy: 96.52%
   📅 Epoch 18 | Loss: 0.0184 | Val Accuracy: 98.08%
   📅 Epoch 19 | Loss: 0.0189 | Val Accuracy: 98.31%
   📅 Epoch 20 | Loss: 0.0202 | Val Accuracy: 99.35%
   📅 Epoch 21 | Loss: 0.0228 | Val Accuracy: 99.36%
   📅 Epoch 22 | Loss: 0.0145 | Val Accuracy: 98.25%

   🛑 Early Stopping triggered after 7 epochs.

========================================
🏆 Best Val Accuracy: 99.36%
💾 Best Checkpoint: ./checkpoints/full_mb-frost_cls_dinov3_lvd_1cha_lr0.001_concat_2.pth
========================================

