
============================================================
📄 Log File: ./logs/full_records/mb-frost_cls_dinov1_b8_lr1e-05_concat_2.log
⏰ Time: 2026-03-02 07:05:05
============================================================

🚀 Training dinov1_b8 on mb-frost_cls | Mode: FULL | LR: 1e-05
   📂 [TRAIN] Loading 4 shards...
   ✅ Loaded 30124 samples.
   📂 [TEST] Loading 2 shards...
   ✅ Loaded 12249 samples.
   ⚙️  Config: Workers=8, BS=32, SmallData=False

>>> Loading Model: dinov1_b8 (dinov1)

   🔍 [Structure Check] dinov1_b8 Output Analysis:
      Type: Tuple (len=2)
      Item 0: Shape (1, 768)
      Item 1: Shape (1, 784, 768)
      ✅ Identified: CLS=True, Patch=True
      👉 Final Strategy: concat_2 | Input Dim: 1536
   🔥 Mode: Full Fine-tuning (Backbone Unfrozen)
   🚀 Compiling model with torch.compile...
   ⚡ AMP Precision: torch.bfloat16
   🔄 Training Start... (Epochs: 50, Patience: 7)
   📅 Epoch 1 | Loss: 0.1438 | Val Accuracy: 97.50%
      ⭐ New Best! Saved.
   📅 Epoch 2 | Loss: 0.0420 | Val Accuracy: 97.28%
   📅 Epoch 3 | Loss: 0.0263 | Val Accuracy: 97.25%
   📅 Epoch 4 | Loss: 0.0187 | Val Accuracy: 97.22%
   📅 Epoch 5 | Loss: 0.0151 | Val Accuracy: 96.92%
   📅 Epoch 6 | Loss: 0.0122 | Val Accuracy: 96.83%
   📅 Epoch 7 | Loss: 0.0094 | Val Accuracy: 97.01%
   📅 Epoch 8 | Loss: 0.0076 | Val Accuracy: 97.22%

   🛑 Early Stopping triggered after 7 epochs.

========================================
🏆 Best Val Accuracy: 97.50%
💾 Best Checkpoint: ./checkpoints/full_mb-frost_cls_dinov1_b8_lr1e-05_concat_2.pth
========================================

