
============================================================
📄 Log File: ./logs/full_records/mb-frost_cls_swin_v2_lr1e-05_concat_3.log
⏰ Time: 2026-03-02 19:24:00
============================================================

🚀 Training swin_v2 on mb-frost_cls | Mode: FULL | LR: 1e-05
   📂 [TRAIN] Loading 4 shards...
   ✅ Loaded 30124 samples.
   📂 [TEST] Loading 2 shards...
   ✅ Loaded 12249 samples.
   ⚙️  Config: Workers=8, BS=32, SmallData=False

>>> Loading Model: swin_v2 (torchvision_swin)
   🔍 Auditing weights for [swin_v2]...
   ✅ [PERFECT MATCH] 449/449 layers loaded (100.0%)

   🔍 [Structure Check] swin_v2 Output Analysis:
      Type: Tuple (len=2)
      Item 0: Shape (1, 1024)
      Item 1: Shape (1, 64, 1024)
      ✅ Identified: CLS=True, Patch=True
      👉 Final Strategy: concat_3 | Input Dim: 3072
   🔥 Mode: Full Fine-tuning (Backbone Unfrozen)
   🚀 Compiling model with torch.compile...
   ⚡ AMP Precision: torch.bfloat16
   🔄 Training Start... (Epochs: 50, Patience: 7)
   📅 Epoch 1 | Loss: 0.4824 | Val Accuracy: 97.15%
      ⭐ New Best! Saved.
   📅 Epoch 2 | Loss: 0.2210 | Val Accuracy: 98.47%
      ⭐ New Best! Saved.
   📅 Epoch 3 | Loss: 0.1369 | Val Accuracy: 98.24%
   📅 Epoch 4 | Loss: 0.1058 | Val Accuracy: 96.97%
   📅 Epoch 5 | Loss: 0.0833 | Val Accuracy: 96.81%
   📅 Epoch 6 | Loss: 0.0706 | Val Accuracy: 96.43%
   📅 Epoch 7 | Loss: 0.0627 | Val Accuracy: 95.98%
   📅 Epoch 8 | Loss: 0.0566 | Val Accuracy: 96.77%
   📅 Epoch 9 | Loss: 0.0542 | Val Accuracy: 95.98%

   🛑 Early Stopping triggered after 7 epochs.

========================================
🏆 Best Val Accuracy: 98.47%
💾 Best Checkpoint: ./checkpoints/full_mb-frost_cls_swin_v2_lr1e-05_concat_3.pth
========================================

