
============================================================
📄 Log File: ./logs/full_records/mb-frost_cls_satmae_lr0.0001_original.log
⏰ Time: 2026-03-02 21:00:41
============================================================

🚀 Training satmae on mb-frost_cls | Mode: FULL | LR: 0.0001
   📂 [TRAIN] Loading 4 shards...
   ✅ Loaded 30124 samples.
   📂 [TEST] Loading 2 shards...
   ✅ Loaded 12249 samples.
   ⚙️  Config: Workers=8, BS=32, SmallData=False

>>> Loading Model: satmae (timm_mae)
   ℹ️  Config: in_chans=3
   🔍 Auditing weights for [satmae]...
   ✅ [PERFECT MATCH] 294/294 layers loaded (100.0%)

   🔍 [Structure Check] satmae Output Analysis:
      Type: Tuple (len=2)
      Item 0: Shape (1, 1024)
      Item 1: Shape (1, 196, 1024)
      ✅ Identified: CLS=True, Patch=True
      👉 Final Strategy: GAP_only | Input Dim: 1024
   🔥 Mode: Full Fine-tuning (Backbone Unfrozen)
   🚀 Compiling model with torch.compile...
   ⚡ AMP Precision: torch.bfloat16
   🔄 Training Start... (Epochs: 50, Patience: 7)
   📅 Epoch 1 | Loss: 0.2107 | Val Accuracy: 93.17%
      ⭐ New Best! Saved.
   📅 Epoch 2 | Loss: 0.1105 | Val Accuracy: 96.54%
      ⭐ New Best! Saved.
   📅 Epoch 3 | Loss: 0.0860 | Val Accuracy: 93.04%
   📅 Epoch 4 | Loss: 0.0814 | Val Accuracy: 96.40%
   📅 Epoch 5 | Loss: 0.0700 | Val Accuracy: 96.02%
   📅 Epoch 6 | Loss: 0.0656 | Val Accuracy: 96.87%
      ⭐ New Best! Saved.
   📅 Epoch 7 | Loss: 0.0556 | Val Accuracy: 94.87%
   📅 Epoch 8 | Loss: 0.0512 | Val Accuracy: 94.65%
   📅 Epoch 9 | Loss: 0.0525 | Val Accuracy: 96.61%
   📅 Epoch 10 | Loss: 0.0437 | Val Accuracy: 97.00%
      ⭐ New Best! Saved.
   📅 Epoch 11 | Loss: 0.0464 | Val Accuracy: 96.49%
   📅 Epoch 12 | Loss: 0.0456 | Val Accuracy: 95.32%
   📅 Epoch 13 | Loss: 0.0437 | Val Accuracy: 96.52%
   📅 Epoch 14 | Loss: 0.0376 | Val Accuracy: 96.24%
   📅 Epoch 15 | Loss: 0.0334 | Val Accuracy: 96.56%
   📅 Epoch 16 | Loss: 0.0337 | Val Accuracy: 96.51%
   📅 Epoch 17 | Loss: 0.0379 | Val Accuracy: 95.80%

   🛑 Early Stopping triggered after 7 epochs.

========================================
🏆 Best Val Accuracy: 97.00%
💾 Best Checkpoint: ./checkpoints/full_mb-frost_cls_satmae_lr0.0001_original.pth
========================================

