
============================================================
📄 Log File: ./logs/full_records/mb-frost_cls_vit_l_lr0.0001_concat_2.log
⏰ Time: 2026-03-02 14:52:17
============================================================

🚀 Training vit_l on mb-frost_cls | Mode: FULL | LR: 0.0001
   📂 [TRAIN] Loading 4 shards...
   ✅ Loaded 30124 samples.
   📂 [TEST] Loading 2 shards...
   ✅ Loaded 12249 samples.
   ⚙️  Config: Workers=8, BS=32, SmallData=False

>>> Loading Model: vit_l (torchvision_vit)
   🔍 Auditing weights for [vit_l]...
   ✅ [PERFECT MATCH] 296/296 layers loaded (100.0%)

   🔍 [Structure Check] vit_l Output Analysis:
      Type: Tuple (len=2)
      Item 0: Shape (1, 1024)
      Item 1: Shape (1, 196, 1024)
      ✅ Identified: CLS=True, Patch=True
      👉 Final Strategy: concat_2 | Input Dim: 2048
   🔥 Mode: Full Fine-tuning (Backbone Unfrozen)
   🚀 Compiling model with torch.compile...
   ⚡ AMP Precision: torch.bfloat16
   🔄 Training Start... (Epochs: 50, Patience: 7)
   📅 Epoch 1 | Loss: 0.0948 | Val Accuracy: 94.97%
      ⭐ New Best! Saved.
   📅 Epoch 2 | Loss: 0.0343 | Val Accuracy: 95.64%
      ⭐ New Best! Saved.
   📅 Epoch 3 | Loss: 0.0243 | Val Accuracy: 95.26%
   📅 Epoch 4 | Loss: 0.0192 | Val Accuracy: 96.99%
      ⭐ New Best! Saved.
   📅 Epoch 5 | Loss: 0.0175 | Val Accuracy: 96.04%
   📅 Epoch 6 | Loss: 0.0148 | Val Accuracy: 96.35%
   📅 Epoch 7 | Loss: 0.0127 | Val Accuracy: 96.39%
   📅 Epoch 8 | Loss: 0.0129 | Val Accuracy: 96.96%
   📅 Epoch 9 | Loss: 0.0135 | Val Accuracy: 96.58%
   📅 Epoch 10 | Loss: 0.0116 | Val Accuracy: 96.65%
   📅 Epoch 11 | Loss: 0.0118 | Val Accuracy: 96.82%

   🛑 Early Stopping triggered after 7 epochs.

========================================
🏆 Best Val Accuracy: 96.99%
💾 Best Checkpoint: ./checkpoints/full_mb-frost_cls_vit_l_lr0.0001_concat_2.pth
========================================

