
============================================================
📄 Log File: ./logs/full_records/mb-frost_cls_dinov2_l14_lr1e-05_concat_3.log
⏰ Time: 2026-03-02 05:04:55
============================================================

🚀 Training dinov2_l14 on mb-frost_cls | Mode: FULL | LR: 1e-05
   📂 [TRAIN] Loading 4 shards...
   ✅ Loaded 30124 samples.
   📂 [TEST] Loading 2 shards...
   ✅ Loaded 12249 samples.
   ⚙️  Config: Workers=8, BS=32, SmallData=False

>>> Loading Model: dinov2_l14 (dinov2_hub)
   🔍 Auditing weights for [dinov2_l14]...
   ✅ [PERFECT MATCH] 343/343 layers loaded (100.0%)

   🔍 [Structure Check] dinov2_l14 Output Analysis:
      Type: Tuple (len=2)
      Item 0: Shape (1, 1024)
      Item 1: Shape (1, 256, 1024)
      ✅ Identified: CLS=True, Patch=True
      👉 Final Strategy: concat_3 | Input Dim: 3072
   🔥 Mode: Full Fine-tuning (Backbone Unfrozen)
   🚀 Compiling model with torch.compile...
   ⚡ AMP Precision: torch.bfloat16
   🔄 Training Start... (Epochs: 50, Patience: 7)
   📅 Epoch 1 | Loss: 0.1078 | Val Accuracy: 97.27%
      ⭐ New Best! Saved.
   📅 Epoch 2 | Loss: 0.0238 | Val Accuracy: 97.13%
   📅 Epoch 3 | Loss: 0.0153 | Val Accuracy: 97.09%
   📅 Epoch 4 | Loss: 0.0110 | Val Accuracy: 97.13%
   📅 Epoch 5 | Loss: 0.0098 | Val Accuracy: 97.88%
      ⭐ New Best! Saved.
   📅 Epoch 6 | Loss: 0.0094 | Val Accuracy: 98.19%
      ⭐ New Best! Saved.
   📅 Epoch 7 | Loss: 0.0089 | Val Accuracy: 97.41%
   📅 Epoch 8 | Loss: 0.0085 | Val Accuracy: 97.40%
   📅 Epoch 9 | Loss: 0.0066 | Val Accuracy: 97.98%
   📅 Epoch 10 | Loss: 0.0048 | Val Accuracy: 98.22%
      ⭐ New Best! Saved.
   📅 Epoch 11 | Loss: 0.0057 | Val Accuracy: 97.41%
   📅 Epoch 12 | Loss: 0.0071 | Val Accuracy: 98.30%
      ⭐ New Best! Saved.
   📅 Epoch 13 | Loss: 0.0045 | Val Accuracy: 99.15%
      ⭐ New Best! Saved.
   📅 Epoch 14 | Loss: 0.0036 | Val Accuracy: 97.18%
   📅 Epoch 15 | Loss: 0.0048 | Val Accuracy: 98.51%
   📅 Epoch 16 | Loss: 0.0036 | Val Accuracy: 99.06%
   📅 Epoch 17 | Loss: 0.0052 | Val Accuracy: 97.88%
   📅 Epoch 18 | Loss: 0.0055 | Val Accuracy: 98.16%
   📅 Epoch 19 | Loss: 0.0037 | Val Accuracy: 98.33%
   📅 Epoch 20 | Loss: 0.0027 | Val Accuracy: 97.51%

   🛑 Early Stopping triggered after 7 epochs.

========================================
🏆 Best Val Accuracy: 99.15%
💾 Best Checkpoint: ./checkpoints/full_mb-frost_cls_dinov2_l14_lr1e-05_concat_3.pth
========================================

