
============================================================
📄 Log File: ./logs/full_records/mb-frost_cls_scale_mae_lr0.0001_concat_2.log
⏰ Time: 2026-03-02 17:58:05
============================================================

🚀 Training scale_mae on mb-frost_cls | Mode: FULL | LR: 0.0001
   📂 [TRAIN] Loading 4 shards...
   ✅ Loaded 30124 samples.
   📂 [TEST] Loading 2 shards...
   ✅ Loaded 12249 samples.
   ⚙️  Config: Workers=8, BS=32, SmallData=False

>>> Loading Model: scale_mae (scalemae)
   🔍 Auditing weights for [scale_mae]...
   ⚠️ [PARTIAL MATCH] 344/435 layers loaded (79.1%)

   🔍 [Structure Check] scale_mae Output Analysis:
      Type: Tuple (len=2)
      Item 0: Shape (1, 1024)
      Item 1: Shape (1, 196, 1024)
      ✅ Identified: CLS=True, Patch=True
      👉 Final Strategy: concat_2 | Input Dim: 2048
      📏 ScaleMAE GSD: 0.3 m/px
   🔥 Mode: Full Fine-tuning (Backbone Unfrozen)
   🚀 Compiling model with torch.compile...
   ⚡ AMP Precision: torch.bfloat16
   🔄 Training Start... (Epochs: 50, Patience: 7)
   📅 Epoch 1 | Loss: 0.2001 | Val Accuracy: 95.26%
      ⭐ New Best! Saved.
   📅 Epoch 2 | Loss: 0.0861 | Val Accuracy: 93.50%
   📅 Epoch 3 | Loss: 0.0578 | Val Accuracy: 96.09%
      ⭐ New Best! Saved.
   📅 Epoch 4 | Loss: 0.0466 | Val Accuracy: 97.29%
      ⭐ New Best! Saved.
   📅 Epoch 5 | Loss: 0.0479 | Val Accuracy: 96.64%
   📅 Epoch 6 | Loss: 0.0422 | Val Accuracy: 97.29%
   📅 Epoch 7 | Loss: 0.0352 | Val Accuracy: 97.07%
   📅 Epoch 8 | Loss: 0.0361 | Val Accuracy: 95.99%
   📅 Epoch 9 | Loss: 0.0314 | Val Accuracy: 96.31%
   📅 Epoch 10 | Loss: 0.0279 | Val Accuracy: 96.99%
   📅 Epoch 11 | Loss: 0.0491 | Val Accuracy: 96.85%

   🛑 Early Stopping triggered after 7 epochs.

========================================
🏆 Best Val Accuracy: 97.29%
💾 Best Checkpoint: ./checkpoints/full_mb-frost_cls_scale_mae_lr0.0001_concat_2.pth
========================================

