
============================================================
📄 Log File: ./logs/full_records/mb-frost_cls_dinov1_b8_lr0.0001_concat_3.log
⏰ Time: 2026-03-02 07:37:10
============================================================

🚀 Training dinov1_b8 on mb-frost_cls | Mode: FULL | LR: 0.0001
   📂 [TRAIN] Loading 4 shards...
   ✅ Loaded 30124 samples.
   📂 [TEST] Loading 2 shards...
   ✅ Loaded 12249 samples.
   ⚙️  Config: Workers=8, BS=32, SmallData=False

>>> Loading Model: dinov1_b8 (dinov1)

   🔍 [Structure Check] dinov1_b8 Output Analysis:
      Type: Tuple (len=2)
      Item 0: Shape (1, 768)
      Item 1: Shape (1, 784, 768)
      ✅ Identified: CLS=True, Patch=True
      👉 Final Strategy: concat_3 | Input Dim: 2304
   🔥 Mode: Full Fine-tuning (Backbone Unfrozen)
   🚀 Compiling model with torch.compile...
   ⚡ AMP Precision: torch.bfloat16
   🔄 Training Start... (Epochs: 50, Patience: 7)
   📅 Epoch 1 | Loss: 0.0741 | Val Accuracy: 97.46%
      ⭐ New Best! Saved.
   📅 Epoch 2 | Loss: 0.0237 | Val Accuracy: 99.02%
      ⭐ New Best! Saved.
   📅 Epoch 3 | Loss: 0.0177 | Val Accuracy: 98.64%
   📅 Epoch 4 | Loss: 0.0154 | Val Accuracy: 99.27%
      ⭐ New Best! Saved.
   📅 Epoch 5 | Loss: 0.0212 | Val Accuracy: 98.93%
   📅 Epoch 6 | Loss: 0.0152 | Val Accuracy: 99.44%
      ⭐ New Best! Saved.
   📅 Epoch 7 | Loss: 0.0120 | Val Accuracy: 97.52%
   📅 Epoch 8 | Loss: 0.0085 | Val Accuracy: 97.68%
   📅 Epoch 9 | Loss: 0.0111 | Val Accuracy: 98.58%
   📅 Epoch 10 | Loss: 0.0130 | Val Accuracy: 97.38%
   📅 Epoch 11 | Loss: 0.0136 | Val Accuracy: 99.43%
   📅 Epoch 12 | Loss: 0.0105 | Val Accuracy: 96.51%
   📅 Epoch 13 | Loss: 0.0134 | Val Accuracy: 98.11%

   🛑 Early Stopping triggered after 7 epochs.

========================================
🏆 Best Val Accuracy: 99.44%
💾 Best Checkpoint: ./checkpoints/full_mb-frost_cls_dinov1_b8_lr0.0001_concat_3.pth
========================================

