
============================================================
📄 Log File: ./logs/full_records/mb-frost_cls_satmae_lr0.0001_concat_2.log
⏰ Time: 2026-03-02 08:37:00
============================================================

🚀 Training satmae on mb-frost_cls | Mode: FULL | LR: 0.0001
   📂 [TRAIN] Loading 4 shards...
   ✅ Loaded 30124 samples.
   📂 [TEST] Loading 2 shards...
   ✅ Loaded 12249 samples.
   ⚙️  Config: Workers=8, BS=32, SmallData=False

>>> Loading Model: satmae (timm_mae)
   ℹ️  Config: in_chans=3
   🔍 Auditing weights for [satmae]...
   ✅ [PERFECT MATCH] 294/294 layers loaded (100.0%)

   🔍 [Structure Check] satmae Output Analysis:
      Type: Tuple (len=2)
      Item 0: Shape (1, 1024)
      Item 1: Shape (1, 196, 1024)
      ✅ Identified: CLS=True, Patch=True
      👉 Final Strategy: concat_2 | Input Dim: 2048
   🔥 Mode: Full Fine-tuning (Backbone Unfrozen)
   🚀 Compiling model with torch.compile...
   ⚡ AMP Precision: torch.bfloat16
   🔄 Training Start... (Epochs: 50, Patience: 7)
   📅 Epoch 1 | Loss: 0.2137 | Val Accuracy: 96.80%
      ⭐ New Best! Saved.
   📅 Epoch 2 | Loss: 0.1103 | Val Accuracy: 95.84%
   📅 Epoch 3 | Loss: 0.0918 | Val Accuracy: 95.18%
   📅 Epoch 4 | Loss: 0.0741 | Val Accuracy: 95.03%
   📅 Epoch 5 | Loss: 0.0672 | Val Accuracy: 96.16%
   📅 Epoch 6 | Loss: 0.0636 | Val Accuracy: 96.26%
   📅 Epoch 7 | Loss: 0.0609 | Val Accuracy: 95.59%
   📅 Epoch 8 | Loss: 0.0512 | Val Accuracy: 94.46%

   🛑 Early Stopping triggered after 7 epochs.

========================================
🏆 Best Val Accuracy: 96.80%
💾 Best Checkpoint: ./checkpoints/full_mb-frost_cls_satmae_lr0.0001_concat_2.pth
========================================

