
============================================================
📄 Log File: ./logs/full_records/mb-frost_cls_mars_mae_lr1e-05_original.log
⏰ Time: 2026-03-03 16:44:14
============================================================

🚀 Training mars_mae on mb-frost_cls | Mode: FULL | LR: 1e-05
   📂 [TRAIN] Loading 4 shards...
   ✅ Loaded 30124 samples.
   📂 [TEST] Loading 2 shards...
   ✅ Loaded 12249 samples.
   ⚙️  Config: Workers=8, BS=32, SmallData=False

>>> Loading Model: mars_mae (timm_mae)
   ℹ️  Config: in_chans=1
   🔍 Auditing weights for [mars_mae]...
   ✅ [PERFECT MATCH] 150/150 layers loaded (100.0%)

   🔍 [Structure Check] mars_mae Output Analysis:
      Type: Tuple (len=2)
      Item 0: Shape (1, 768)
      Item 1: Shape (1, 196, 768)
      ✅ Identified: CLS=True, Patch=True
      👉 Final Strategy: GAP_only | Input Dim: 768
   🔥 Mode: Full Fine-tuning (Backbone Unfrozen)
   🚀 Compiling model with torch.compile...
   ⚡ AMP Precision: torch.bfloat16
   🔄 Training Start... (Epochs: 50, Patience: 7)
   📅 Epoch 1 | Loss: 0.2857 | Val Accuracy: 96.72%
      ⭐ New Best! Saved.
   📅 Epoch 2 | Loss: 0.1134 | Val Accuracy: 96.35%
   📅 Epoch 3 | Loss: 0.0813 | Val Accuracy: 96.04%
   📅 Epoch 4 | Loss: 0.0713 | Val Accuracy: 96.25%
   📅 Epoch 5 | Loss: 0.0622 | Val Accuracy: 97.03%
      ⭐ New Best! Saved.
   📅 Epoch 6 | Loss: 0.0520 | Val Accuracy: 96.33%
   📅 Epoch 7 | Loss: 0.0479 | Val Accuracy: 97.38%
      ⭐ New Best! Saved.
   📅 Epoch 8 | Loss: 0.0413 | Val Accuracy: 96.25%
   📅 Epoch 9 | Loss: 0.0393 | Val Accuracy: 95.88%
   📅 Epoch 10 | Loss: 0.0380 | Val Accuracy: 94.95%
   📅 Epoch 11 | Loss: 0.0346 | Val Accuracy: 95.49%
   📅 Epoch 12 | Loss: 0.0306 | Val Accuracy: 96.03%
   📅 Epoch 13 | Loss: 0.0332 | Val Accuracy: 96.95%
   📅 Epoch 14 | Loss: 0.0290 | Val Accuracy: 96.02%

   🛑 Early Stopping triggered after 7 epochs.

========================================
🏆 Best Val Accuracy: 97.38%
💾 Best Checkpoint: ./checkpoints/full_mb-frost_cls_mars_mae_lr1e-05_original.pth
========================================

