
============================================================
📄 Log File: ./logs/full_records/mb-frost_cls_dinov2_l14_lr0.001_concat_3.log
⏰ Time: 2026-03-02 02:23:07
============================================================

🚀 Training dinov2_l14 on mb-frost_cls | Mode: FULL | LR: 0.001
   📂 [TRAIN] Loading 4 shards...
   ✅ Loaded 30124 samples.
   📂 [TEST] Loading 2 shards...
   ✅ Loaded 12249 samples.
   ⚙️  Config: Workers=8, BS=32, SmallData=False

>>> Loading Model: dinov2_l14 (dinov2_hub)
   🔍 Auditing weights for [dinov2_l14]...
   ✅ [PERFECT MATCH] 343/343 layers loaded (100.0%)

   🔍 [Structure Check] dinov2_l14 Output Analysis:
      Type: Tuple (len=2)
      Item 0: Shape (1, 1024)
      Item 1: Shape (1, 256, 1024)
      ✅ Identified: CLS=True, Patch=True
      👉 Final Strategy: concat_3 | Input Dim: 3072
   🔥 Mode: Full Fine-tuning (Backbone Unfrozen)
   🚀 Compiling model with torch.compile...
   ⚡ AMP Precision: torch.bfloat16
   🔄 Training Start... (Epochs: 50, Patience: 7)
   📅 Epoch 1 | Loss: 0.6937 | Val Accuracy: 69.12%
      ⭐ New Best! Saved.
   📅 Epoch 2 | Loss: 0.5684 | Val Accuracy: 72.03%
      ⭐ New Best! Saved.
   📅 Epoch 3 | Loss: 0.4727 | Val Accuracy: 85.52%
      ⭐ New Best! Saved.
   📅 Epoch 4 | Loss: 0.3833 | Val Accuracy: 85.32%
   📅 Epoch 5 | Loss: 0.3190 | Val Accuracy: 92.62%
      ⭐ New Best! Saved.
   📅 Epoch 6 | Loss: 0.2738 | Val Accuracy: 87.84%
   📅 Epoch 7 | Loss: 0.2503 | Val Accuracy: 89.79%
   📅 Epoch 8 | Loss: 0.2050 | Val Accuracy: 91.57%
   📅 Epoch 9 | Loss: 0.2029 | Val Accuracy: 90.70%
   📅 Epoch 10 | Loss: 0.1932 | Val Accuracy: 93.55%
      ⭐ New Best! Saved.
   📅 Epoch 11 | Loss: 0.1846 | Val Accuracy: 90.54%
   📅 Epoch 12 | Loss: 0.1645 | Val Accuracy: 92.32%
   📅 Epoch 13 | Loss: 0.1542 | Val Accuracy: 90.04%
   📅 Epoch 14 | Loss: 0.1495 | Val Accuracy: 94.56%
      ⭐ New Best! Saved.
   📅 Epoch 15 | Loss: 0.1450 | Val Accuracy: 95.07%
      ⭐ New Best! Saved.
   📅 Epoch 16 | Loss: 0.1359 | Val Accuracy: 95.75%
      ⭐ New Best! Saved.
   📅 Epoch 17 | Loss: 0.1256 | Val Accuracy: 95.00%
   📅 Epoch 18 | Loss: 0.1227 | Val Accuracy: 91.25%
   📅 Epoch 19 | Loss: 0.1220 | Val Accuracy: 94.20%
   📅 Epoch 20 | Loss: 0.1189 | Val Accuracy: 95.58%
   📅 Epoch 21 | Loss: 0.1139 | Val Accuracy: 93.70%
   📅 Epoch 22 | Loss: 0.1156 | Val Accuracy: 90.38%
   📅 Epoch 23 | Loss: 0.1179 | Val Accuracy: 94.57%

   🛑 Early Stopping triggered after 7 epochs.

========================================
🏆 Best Val Accuracy: 95.75%
💾 Best Checkpoint: ./checkpoints/full_mb-frost_cls_dinov2_l14_lr0.001_concat_3.pth
========================================

