
============================================================
📄 Log File: ./logs/full_records/mb-frost_cls_siglip2_lr0.0001_concat_3.log
⏰ Time: 2026-03-03 03:51:17
============================================================

🚀 Training siglip2 on mb-frost_cls | Mode: FULL | LR: 0.0001
   📂 [TRAIN] Loading 4 shards...
   ✅ Loaded 30124 samples.
   📂 [TEST] Loading 2 shards...
   ✅ Loaded 12249 samples.
   ⚙️  Config: Workers=8, BS=32, SmallData=False

>>> Loading Model: siglip2 (transformers)

   🔍 [Structure Check] siglip2 Output Analysis:
      Type: Tuple (len=2)
      Item 0: Shape (1, 1024)
      Item 1: Shape (1, 256, 1024)
      ✅ Identified: CLS=True, Patch=True
      👉 Final Strategy: concat_3 | Input Dim: 3072
   🔥 Mode: Full Fine-tuning (Backbone Unfrozen)
   🚀 Compiling model with torch.compile...
   ⚡ AMP Precision: torch.bfloat16
   🔄 Training Start... (Epochs: 50, Patience: 7)
   📅 Epoch 1 | Loss: 0.1486 | Val Accuracy: 98.46%
      ⭐ New Best! Saved.
   📅 Epoch 2 | Loss: 0.0656 | Val Accuracy: 97.14%
   📅 Epoch 3 | Loss: 0.0441 | Val Accuracy: 96.73%
   📅 Epoch 4 | Loss: 0.0449 | Val Accuracy: 97.85%
   📅 Epoch 5 | Loss: 0.0398 | Val Accuracy: 97.62%
   📅 Epoch 6 | Loss: 0.0355 | Val Accuracy: 97.22%
   📅 Epoch 7 | Loss: 0.0308 | Val Accuracy: 96.91%
   📅 Epoch 8 | Loss: 0.0367 | Val Accuracy: 97.49%

   🛑 Early Stopping triggered after 7 epochs.

========================================
🏆 Best Val Accuracy: 98.46%
💾 Best Checkpoint: ./checkpoints/full_mb-frost_cls_siglip2_lr0.0001_concat_3.pth
========================================

