
============================================================
📄 Log File: ./logs/full_records/mb-frost_cls_mars_mae_lr1e-05_concat_2.log
⏰ Time: 2026-03-02 22:58:02
============================================================

🚀 Training mars_mae on mb-frost_cls | Mode: FULL | LR: 1e-05
   📂 [TRAIN] Loading 4 shards...
   ✅ Loaded 30124 samples.
   📂 [TEST] Loading 2 shards...
   ✅ Loaded 12249 samples.
   ⚙️  Config: Workers=8, BS=32, SmallData=False

>>> Loading Model: mars_mae (timm_mae)
   ℹ️  Config: in_chans=1
   🔍 Auditing weights for [mars_mae]...
   ✅ [PERFECT MATCH] 150/150 layers loaded (100.0%)

   🔍 [Structure Check] mars_mae Output Analysis:
      Type: Tuple (len=2)
      Item 0: Shape (1, 768)
      Item 1: Shape (1, 196, 768)
      ✅ Identified: CLS=True, Patch=True
      👉 Final Strategy: concat_2 | Input Dim: 1536
   🔥 Mode: Full Fine-tuning (Backbone Unfrozen)
   🚀 Compiling model with torch.compile...
   ⚡ AMP Precision: torch.bfloat16
   🔄 Training Start... (Epochs: 50, Patience: 7)
   📅 Epoch 1 | Loss: 0.3039 | Val Accuracy: 94.53%
      ⭐ New Best! Saved.
   📅 Epoch 2 | Loss: 0.1181 | Val Accuracy: 97.59%
      ⭐ New Best! Saved.
   📅 Epoch 3 | Loss: 0.0870 | Val Accuracy: 97.07%
   📅 Epoch 4 | Loss: 0.0708 | Val Accuracy: 97.09%
   📅 Epoch 5 | Loss: 0.0603 | Val Accuracy: 95.93%
   📅 Epoch 6 | Loss: 0.0536 | Val Accuracy: 96.93%
   📅 Epoch 7 | Loss: 0.0480 | Val Accuracy: 96.36%
   📅 Epoch 8 | Loss: 0.0421 | Val Accuracy: 96.56%
   📅 Epoch 9 | Loss: 0.0394 | Val Accuracy: 96.25%

   🛑 Early Stopping triggered after 7 epochs.

========================================
🏆 Best Val Accuracy: 97.59%
💾 Best Checkpoint: ./checkpoints/full_mb-frost_cls_mars_mae_lr1e-05_concat_2.pth
========================================

