
============================================================
📄 Log File: ./logs/full_records/mb-frost_cls_mars_mae_lr1e-05_concat_3.log
⏰ Time: 2026-03-03 05:56:52
============================================================

🚀 Training mars_mae on mb-frost_cls | Mode: FULL | LR: 1e-05
   📂 [TRAIN] Loading 4 shards...
   ✅ Loaded 30124 samples.
   📂 [TEST] Loading 2 shards...
   ✅ Loaded 12249 samples.
   ⚙️  Config: Workers=8, BS=32, SmallData=False

>>> Loading Model: mars_mae (timm_mae)
   ℹ️  Config: in_chans=1
   🔍 Auditing weights for [mars_mae]...
   ✅ [PERFECT MATCH] 150/150 layers loaded (100.0%)

   🔍 [Structure Check] mars_mae Output Analysis:
      Type: Tuple (len=2)
      Item 0: Shape (1, 768)
      Item 1: Shape (1, 196, 768)
      ✅ Identified: CLS=True, Patch=True
      👉 Final Strategy: concat_3 | Input Dim: 2304
   🔥 Mode: Full Fine-tuning (Backbone Unfrozen)
   🚀 Compiling model with torch.compile...
   ⚡ AMP Precision: torch.bfloat16
   🔄 Training Start... (Epochs: 50, Patience: 7)
   📅 Epoch 1 | Loss: 0.3080 | Val Accuracy: 96.26%
      ⭐ New Best! Saved.
   📅 Epoch 2 | Loss: 0.1263 | Val Accuracy: 97.09%
      ⭐ New Best! Saved.
   📅 Epoch 3 | Loss: 0.0928 | Val Accuracy: 97.48%
      ⭐ New Best! Saved.
   📅 Epoch 4 | Loss: 0.0767 | Val Accuracy: 95.68%
   📅 Epoch 5 | Loss: 0.0609 | Val Accuracy: 97.45%
   📅 Epoch 6 | Loss: 0.0538 | Val Accuracy: 97.61%
      ⭐ New Best! Saved.
   📅 Epoch 7 | Loss: 0.0489 | Val Accuracy: 97.29%
   📅 Epoch 8 | Loss: 0.0422 | Val Accuracy: 96.51%
   📅 Epoch 9 | Loss: 0.0414 | Val Accuracy: 96.95%
   📅 Epoch 10 | Loss: 0.0373 | Val Accuracy: 96.91%
   📅 Epoch 11 | Loss: 0.0343 | Val Accuracy: 97.10%
   📅 Epoch 12 | Loss: 0.0334 | Val Accuracy: 96.18%
   📅 Epoch 13 | Loss: 0.0318 | Val Accuracy: 97.30%

   🛑 Early Stopping triggered after 7 epochs.

========================================
🏆 Best Val Accuracy: 97.61%
💾 Best Checkpoint: ./checkpoints/full_mb-frost_cls_mars_mae_lr1e-05_concat_3.pth
========================================

