
============================================================
📄 Log File: ./logs/full_records/mb-frost_cls_openclip_lr0.0001_original.log
⏰ Time: 2026-03-03 01:26:56
============================================================

🚀 Training openclip on mb-frost_cls | Mode: FULL | LR: 0.0001
   📂 [TRAIN] Loading 4 shards...
   ✅ Loaded 30124 samples.
   📂 [TEST] Loading 2 shards...
   ✅ Loaded 12249 samples.
   ⚙️  Config: Workers=8, BS=32, SmallData=False

>>> Loading Model: openclip (transformers_clip)

   🔍 [Structure Check] openclip Output Analysis:
      Type: Tuple (len=2)
      Item 0: Shape (1, 1024)
      Item 1: Shape (1, 256, 1024)
      ✅ Identified: CLS=True, Patch=True
      👉 Final Strategy: CLS_only | Input Dim: 1024
   🔥 Mode: Full Fine-tuning (Backbone Unfrozen)
   🚀 Compiling model with torch.compile...
   ⚡ AMP Precision: torch.bfloat16
   🔄 Training Start... (Epochs: 50, Patience: 7)
   📅 Epoch 1 | Loss: 0.0801 | Val Accuracy: 96.91%
      ⭐ New Best! Saved.
   📅 Epoch 2 | Loss: 0.0346 | Val Accuracy: 97.18%
      ⭐ New Best! Saved.
   📅 Epoch 3 | Loss: 0.0289 | Val Accuracy: 96.51%
   📅 Epoch 4 | Loss: 0.0221 | Val Accuracy: 96.82%
   📅 Epoch 5 | Loss: 0.0246 | Val Accuracy: 97.03%
   📅 Epoch 6 | Loss: 0.0201 | Val Accuracy: 97.43%
      ⭐ New Best! Saved.
   📅 Epoch 7 | Loss: 0.0186 | Val Accuracy: 97.15%
   📅 Epoch 8 | Loss: 0.0155 | Val Accuracy: 96.78%
   📅 Epoch 9 | Loss: 0.0176 | Val Accuracy: 97.50%
      ⭐ New Best! Saved.
   📅 Epoch 10 | Loss: 0.0133 | Val Accuracy: 98.75%
      ⭐ New Best! Saved.
   📅 Epoch 11 | Loss: 0.0104 | Val Accuracy: 96.96%
   📅 Epoch 12 | Loss: 0.0130 | Val Accuracy: 97.96%
   📅 Epoch 13 | Loss: 0.0128 | Val Accuracy: 97.59%
   📅 Epoch 14 | Loss: 0.0138 | Val Accuracy: 97.98%
   📅 Epoch 15 | Loss: 0.0120 | Val Accuracy: 97.18%
   📅 Epoch 16 | Loss: 0.0103 | Val Accuracy: 97.35%
   📅 Epoch 17 | Loss: 0.0141 | Val Accuracy: 96.58%

   🛑 Early Stopping triggered after 7 epochs.

========================================
🏆 Best Val Accuracy: 98.75%
💾 Best Checkpoint: ./checkpoints/full_mb-frost_cls_openclip_lr0.0001_original.pth
========================================

