
============================================================
📄 Log File: ./logs/full_records/mb-frost_cls_dinov3_lvd_1cha_lr1e-05_concat_2.log
⏰ Time: 2026-04-10 17:51:49
============================================================

🚀 Training dinov3_lvd_1cha on mb-frost_cls | Mode: FULL | LR: 1e-05
   📂 [TRAIN] Loading 4 shards...
   ✅ Loaded 30124 samples.
   📂 [TEST] Loading 2 shards...
   ✅ Loaded 12249 samples.
   ⚙️  Config: Workers=8, BS=32, SmallData=False

>>> Loading Model: dinov3_lvd_1cha (dinov3_hub)
   🔍 Auditing weights for [dinov3_lvd_1cha]...
   ✅ [PERFECT MATCH] 368/368 layers loaded (100.0%)

   🔍 [Structure Check] dinov3_lvd_1cha Output Analysis:
      Type: Tuple (len=2)
      Item 0: Shape (1, 1024)
      Item 1: Shape (1, 256, 1024)
      ✅ Identified: CLS=True, Patch=True
      👉 Final Strategy: concat_2 | Input Dim: 2048
   🔥 Mode: Full Fine-tuning (Backbone Unfrozen)
   🚀 Compiling model with torch.compile...
   ⚡ AMP Precision: torch.bfloat16
   🔄 Training Start... (Epochs: 50, Patience: 7)
   📅 Epoch 1 | Loss: 0.2861 | Val Accuracy: 97.35%
      ⭐ New Best! (Model saving disabled to save space)
   📅 Epoch 2 | Loss: 0.0576 | Val Accuracy: 97.79%
      ⭐ New Best! (Model saving disabled to save space)
   📅 Epoch 3 | Loss: 0.0333 | Val Accuracy: 97.25%
   📅 Epoch 4 | Loss: 0.0247 | Val Accuracy: 97.20%
   📅 Epoch 5 | Loss: 0.0172 | Val Accuracy: 97.70%
   📅 Epoch 6 | Loss: 0.0154 | Val Accuracy: 97.66%
   📅 Epoch 7 | Loss: 0.0127 | Val Accuracy: 97.35%
   📅 Epoch 8 | Loss: 0.0110 | Val Accuracy: 97.59%
   📅 Epoch 9 | Loss: 0.0089 | Val Accuracy: 97.24%

   🛑 Early Stopping triggered after 7 epochs.

========================================
🏆 Best Val Accuracy: 97.79%
💾 Best Checkpoint: ./checkpoints/full_mb-frost_cls_dinov3_lvd_1cha_lr1e-05_concat_2.pth
========================================

