
============================================================
📄 Log File: ./logs/full_records/mb-frost_cls_dinov3_lvd_1cha_lr0.0001_concat_2.log
⏰ Time: 2026-04-10 12:18:13
============================================================

🚀 Training dinov3_lvd_1cha on mb-frost_cls | Mode: FULL | LR: 0.0001
   📂 [TRAIN] Loading 4 shards...
   ✅ Loaded 30124 samples.
   📂 [TEST] Loading 2 shards...
   ✅ Loaded 12249 samples.
   ⚙️  Config: Workers=8, BS=32, SmallData=False

>>> Loading Model: dinov3_lvd_1cha (dinov3_hub)
   🔍 Auditing weights for [dinov3_lvd_1cha]...
   ✅ [PERFECT MATCH] 368/368 layers loaded (100.0%)

   🔍 [Structure Check] dinov3_lvd_1cha Output Analysis:
      Type: Tuple (len=2)
      Item 0: Shape (1, 1024)
      Item 1: Shape (1, 256, 1024)
      ✅ Identified: CLS=True, Patch=True
      👉 Final Strategy: concat_2 | Input Dim: 2048
   🔥 Mode: Full Fine-tuning (Backbone Unfrozen)
   🚀 Compiling model with torch.compile...
   ⚡ AMP Precision: torch.bfloat16
   🔄 Training Start... (Epochs: 50, Patience: 7)
   📅 Epoch 1 | Loss: 0.0664 | Val Accuracy: 99.09%
      ⭐ New Best! (Model saving disabled to save space)
   📅 Epoch 2 | Loss: 0.0173 | Val Accuracy: 97.53%
   📅 Epoch 3 | Loss: 0.0141 | Val Accuracy: 99.00%
   📅 Epoch 4 | Loss: 0.0103 | Val Accuracy: 99.13%
      ⭐ New Best! (Model saving disabled to save space)
   📅 Epoch 5 | Loss: 0.0106 | Val Accuracy: 96.36%
   📅 Epoch 6 | Loss: 0.0092 | Val Accuracy: 98.57%
   📅 Epoch 7 | Loss: 0.0069 | Val Accuracy: 98.48%
   📅 Epoch 8 | Loss: 0.0046 | Val Accuracy: 99.49%
      ⭐ New Best! (Model saving disabled to save space)
   📅 Epoch 9 | Loss: 0.0078 | Val Accuracy: 97.84%
   📅 Epoch 10 | Loss: 0.0057 | Val Accuracy: 98.22%
   📅 Epoch 11 | Loss: 0.0057 | Val Accuracy: 99.00%
   📅 Epoch 12 | Loss: 0.0041 | Val Accuracy: 98.81%
   📅 Epoch 13 | Loss: 0.0050 | Val Accuracy: 97.80%
   📅 Epoch 14 | Loss: 0.0056 | Val Accuracy: 97.97%
   📅 Epoch 15 | Loss: 0.0039 | Val Accuracy: 97.23%

   🛑 Early Stopping triggered after 7 epochs.

========================================
🏆 Best Val Accuracy: 99.49%
💾 Best Checkpoint: ./checkpoints/full_mb-frost_cls_dinov3_lvd_1cha_lr0.0001_concat_2.pth
========================================

