
============================================================
📄 Log File: ./logs/full_records/mb-frost_cls_dinov1_b8_lr0.001_original.log
⏰ Time: 2026-03-02 14:48:19
============================================================

🚀 Training dinov1_b8 on mb-frost_cls | Mode: FULL | LR: 0.001
   📂 [TRAIN] Loading 4 shards...
   ✅ Loaded 30124 samples.
   📂 [TEST] Loading 2 shards...
   ✅ Loaded 12249 samples.
   ⚙️  Config: Workers=8, BS=32, SmallData=False

>>> Loading Model: dinov1_b8 (dinov1)

   🔍 [Structure Check] dinov1_b8 Output Analysis:
      Type: Tuple (len=2)
      Item 0: Shape (1, 768)
      Item 1: Shape (1, 784, 768)
      ✅ Identified: CLS=True, Patch=True
      👉 Final Strategy: CLS_only | Input Dim: 768
   🔥 Mode: Full Fine-tuning (Backbone Unfrozen)
   🚀 Compiling model with torch.compile...
   ⚡ AMP Precision: torch.bfloat16
   🔄 Training Start... (Epochs: 50, Patience: 7)
   📅 Epoch 1 | Loss: 0.2655 | Val Accuracy: 95.05%
      ⭐ New Best! Saved.
   📅 Epoch 2 | Loss: 0.1053 | Val Accuracy: 96.00%
      ⭐ New Best! Saved.
   📅 Epoch 3 | Loss: 0.0900 | Val Accuracy: 96.38%
      ⭐ New Best! Saved.
   📅 Epoch 4 | Loss: 0.1018 | Val Accuracy: 91.37%
   📅 Epoch 5 | Loss: 0.0930 | Val Accuracy: 95.73%
   📅 Epoch 6 | Loss: 0.0822 | Val Accuracy: 96.69%
      ⭐ New Best! Saved.
   📅 Epoch 7 | Loss: 0.0818 | Val Accuracy: 96.02%
   📅 Epoch 8 | Loss: 0.0808 | Val Accuracy: 95.67%
   📅 Epoch 9 | Loss: 0.0681 | Val Accuracy: 95.42%
   📅 Epoch 10 | Loss: 0.0748 | Val Accuracy: 96.38%
   📅 Epoch 11 | Loss: 0.0677 | Val Accuracy: 93.74%
   📅 Epoch 12 | Loss: 0.0788 | Val Accuracy: 92.73%
   📅 Epoch 13 | Loss: 0.0780 | Val Accuracy: 98.81%
      ⭐ New Best! Saved.
   📅 Epoch 14 | Loss: 0.0730 | Val Accuracy: 95.25%
   📅 Epoch 15 | Loss: 0.0672 | Val Accuracy: 92.49%
   📅 Epoch 16 | Loss: 0.0681 | Val Accuracy: 95.87%
   📅 Epoch 17 | Loss: 0.0696 | Val Accuracy: 96.59%
   📅 Epoch 18 | Loss: 0.0610 | Val Accuracy: 95.18%
   📅 Epoch 19 | Loss: 0.0613 | Val Accuracy: 94.78%
   📅 Epoch 20 | Loss: 0.0650 | Val Accuracy: 92.88%

   🛑 Early Stopping triggered after 7 epochs.

========================================
🏆 Best Val Accuracy: 98.81%
💾 Best Checkpoint: ./checkpoints/full_mb-frost_cls_dinov1_b8_lr0.001_original.pth
========================================

