
============================================================
📄 Log File: ./logs/full_records/mb-frost_cls_scale_mae_lr1e-05_concat_2.log
⏰ Time: 2026-03-02 18:34:38
============================================================

🚀 Training scale_mae on mb-frost_cls | Mode: FULL | LR: 1e-05
   📂 [TRAIN] Loading 4 shards...
   ✅ Loaded 30124 samples.
   📂 [TEST] Loading 2 shards...
   ✅ Loaded 12249 samples.
   ⚙️  Config: Workers=8, BS=32, SmallData=False

>>> Loading Model: scale_mae (scalemae)
   🔍 Auditing weights for [scale_mae]...
   ⚠️ [PARTIAL MATCH] 344/435 layers loaded (79.1%)

   🔍 [Structure Check] scale_mae Output Analysis:
      Type: Tuple (len=2)
      Item 0: Shape (1, 1024)
      Item 1: Shape (1, 196, 1024)
      ✅ Identified: CLS=True, Patch=True
      👉 Final Strategy: concat_2 | Input Dim: 2048
      📏 ScaleMAE GSD: 0.3 m/px
   🔥 Mode: Full Fine-tuning (Backbone Unfrozen)
   🚀 Compiling model with torch.compile...
   ⚡ AMP Precision: torch.bfloat16
   🔄 Training Start... (Epochs: 50, Patience: 7)
   📅 Epoch 1 | Loss: 0.4878 | Val Accuracy: 95.12%
      ⭐ New Best! Saved.
   📅 Epoch 2 | Loss: 0.2182 | Val Accuracy: 96.01%
      ⭐ New Best! Saved.
   📅 Epoch 3 | Loss: 0.1419 | Val Accuracy: 96.50%
      ⭐ New Best! Saved.
   📅 Epoch 4 | Loss: 0.1086 | Val Accuracy: 96.03%
   📅 Epoch 5 | Loss: 0.0860 | Val Accuracy: 95.88%
   📅 Epoch 6 | Loss: 0.0716 | Val Accuracy: 95.77%
   📅 Epoch 7 | Loss: 0.0638 | Val Accuracy: 96.48%
   📅 Epoch 8 | Loss: 0.0581 | Val Accuracy: 96.36%
   📅 Epoch 9 | Loss: 0.0501 | Val Accuracy: 96.27%
   📅 Epoch 10 | Loss: 0.0467 | Val Accuracy: 96.34%

   🛑 Early Stopping triggered after 7 epochs.

========================================
🏆 Best Val Accuracy: 96.50%
💾 Best Checkpoint: ./checkpoints/full_mb-frost_cls_scale_mae_lr1e-05_concat_2.pth
========================================

