
============================================================
📄 Log File: ./logs/full_records/mb-frost_cls_swin_v2_lr0.001_concat_3.log
⏰ Time: 2026-03-02 18:25:38
============================================================

🚀 Training swin_v2 on mb-frost_cls | Mode: FULL | LR: 0.001
   📂 [TRAIN] Loading 4 shards...
   ✅ Loaded 30124 samples.
   📂 [TEST] Loading 2 shards...
   ✅ Loaded 12249 samples.
   ⚙️  Config: Workers=8, BS=32, SmallData=False

>>> Loading Model: swin_v2 (torchvision_swin)
   🔍 Auditing weights for [swin_v2]...
   ✅ [PERFECT MATCH] 449/449 layers loaded (100.0%)

   🔍 [Structure Check] swin_v2 Output Analysis:
      Type: Tuple (len=2)
      Item 0: Shape (1, 1024)
      Item 1: Shape (1, 64, 1024)
      ✅ Identified: CLS=True, Patch=True
      👉 Final Strategy: concat_3 | Input Dim: 3072
   🔥 Mode: Full Fine-tuning (Backbone Unfrozen)
   🚀 Compiling model with torch.compile...
   ⚡ AMP Precision: torch.bfloat16
   🔄 Training Start... (Epochs: 50, Patience: 7)
   📅 Epoch 1 | Loss: 0.1510 | Val Accuracy: 96.29%
      ⭐ New Best! Saved.
   📅 Epoch 2 | Loss: 0.0711 | Val Accuracy: 95.42%
   📅 Epoch 3 | Loss: 0.0532 | Val Accuracy: 96.25%
   📅 Epoch 4 | Loss: 0.0496 | Val Accuracy: 97.48%
      ⭐ New Best! Saved.
   📅 Epoch 5 | Loss: 0.0526 | Val Accuracy: 96.78%
   📅 Epoch 6 | Loss: 0.0409 | Val Accuracy: 95.52%
   📅 Epoch 7 | Loss: 0.0398 | Val Accuracy: 90.59%
   📅 Epoch 8 | Loss: 0.0486 | Val Accuracy: 97.10%
   📅 Epoch 9 | Loss: 0.0416 | Val Accuracy: 91.89%
   📅 Epoch 10 | Loss: 0.0419 | Val Accuracy: 97.30%
   📅 Epoch 11 | Loss: 0.0334 | Val Accuracy: 95.79%

   🛑 Early Stopping triggered after 7 epochs.

========================================
🏆 Best Val Accuracy: 97.48%
💾 Best Checkpoint: ./checkpoints/full_mb-frost_cls_swin_v2_lr0.001_concat_3.pth
========================================

