
============================================================
📄 Log File: ./logs/full_records/mb-frost_cls_dinov2_l14_lr0.001_concat_2.log
⏰ Time: 2026-03-01 23:23:33
============================================================

🚀 Training dinov2_l14 on mb-frost_cls | Mode: FULL | LR: 0.001
   📂 [TRAIN] Loading 4 shards...
   ✅ Loaded 30124 samples.
   📂 [TEST] Loading 2 shards...
   ✅ Loaded 12249 samples.
   ⚙️  Config: Workers=8, BS=32, SmallData=False

>>> Loading Model: dinov2_l14 (dinov2_hub)
   🔍 Auditing weights for [dinov2_l14]...
   ✅ [PERFECT MATCH] 343/343 layers loaded (100.0%)

   🔍 [Structure Check] dinov2_l14 Output Analysis:
      Type: Tuple (len=2)
      Item 0: Shape (1, 1024)
      Item 1: Shape (1, 256, 1024)
      ✅ Identified: CLS=True, Patch=True
      👉 Final Strategy: concat_2 | Input Dim: 2048
   🔥 Mode: Full Fine-tuning (Backbone Unfrozen)
   🚀 Compiling model with torch.compile...
   ⚡ AMP Precision: torch.bfloat16
   🔄 Training Start... (Epochs: 50, Patience: 7)
   📅 Epoch 1 | Loss: 0.6844 | Val Accuracy: 61.17%
      ⭐ New Best! Saved.
   📅 Epoch 2 | Loss: 0.6428 | Val Accuracy: 59.80%
   📅 Epoch 3 | Loss: 0.6120 | Val Accuracy: 72.33%
      ⭐ New Best! Saved.
   📅 Epoch 4 | Loss: 0.5361 | Val Accuracy: 81.61%
      ⭐ New Best! Saved.
   📅 Epoch 5 | Loss: 0.4659 | Val Accuracy: 79.68%
   📅 Epoch 6 | Loss: 0.4349 | Val Accuracy: 81.66%
      ⭐ New Best! Saved.
   📅 Epoch 7 | Loss: 0.4122 | Val Accuracy: 79.71%
   📅 Epoch 8 | Loss: 0.3857 | Val Accuracy: 84.59%
      ⭐ New Best! Saved.
   📅 Epoch 9 | Loss: 0.3780 | Val Accuracy: 84.55%
   📅 Epoch 10 | Loss: 0.3536 | Val Accuracy: 86.55%
      ⭐ New Best! Saved.
   📅 Epoch 11 | Loss: 0.3424 | Val Accuracy: 85.05%
   📅 Epoch 12 | Loss: 0.3318 | Val Accuracy: 85.08%
   📅 Epoch 13 | Loss: 0.3182 | Val Accuracy: 82.91%
   📅 Epoch 14 | Loss: 0.3261 | Val Accuracy: 88.49%
      ⭐ New Best! Saved.
   📅 Epoch 15 | Loss: 0.2994 | Val Accuracy: 84.22%
   📅 Epoch 16 | Loss: 0.3021 | Val Accuracy: 86.72%
   📅 Epoch 17 | Loss: 0.2773 | Val Accuracy: 91.01%
      ⭐ New Best! Saved.
   📅 Epoch 18 | Loss: 0.2676 | Val Accuracy: 89.66%
   📅 Epoch 19 | Loss: 0.2605 | Val Accuracy: 90.38%
   📅 Epoch 20 | Loss: 0.2552 | Val Accuracy: 89.46%
   📅 Epoch 21 | Loss: 0.2363 | Val Accuracy: 91.42%
      ⭐ New Best! Saved.
   📅 Epoch 22 | Loss: 0.2380 | Val Accuracy: 88.76%
   📅 Epoch 23 | Loss: 0.2234 | Val Accuracy: 91.95%
      ⭐ New Best! Saved.
   📅 Epoch 24 | Loss: 0.2210 | Val Accuracy: 87.59%
   📅 Epoch 25 | Loss: 0.2059 | Val Accuracy: 90.45%
   📅 Epoch 26 | Loss: 0.2118 | Val Accuracy: 90.37%
   📅 Epoch 27 | Loss: 0.2017 | Val Accuracy: 92.49%
      ⭐ New Best! Saved.
   📅 Epoch 28 | Loss: 0.1966 | Val Accuracy: 89.24%
   📅 Epoch 29 | Loss: 0.1966 | Val Accuracy: 86.35%
   📅 Epoch 30 | Loss: 0.1893 | Val Accuracy: 88.36%
   📅 Epoch 31 | Loss: 0.1816 | Val Accuracy: 85.77%
   📅 Epoch 32 | Loss: 0.1753 | Val Accuracy: 92.55%
      ⭐ New Best! Saved.
   📅 Epoch 33 | Loss: 0.3689 | Val Accuracy: 82.81%
   📅 Epoch 34 | Loss: 0.2726 | Val Accuracy: 90.39%
   📅 Epoch 35 | Loss: 0.2209 | Val Accuracy: 89.30%
   📅 Epoch 36 | Loss: 0.1921 | Val Accuracy: 93.57%
      ⭐ New Best! Saved.
   📅 Epoch 37 | Loss: 0.1753 | Val Accuracy: 92.26%
   📅 Epoch 38 | Loss: 0.1803 | Val Accuracy: 92.88%
   📅 Epoch 39 | Loss: 0.1693 | Val Accuracy: 89.44%
   📅 Epoch 40 | Loss: 0.1665 | Val Accuracy: 89.62%
   📅 Epoch 41 | Loss: 0.1644 | Val Accuracy: 92.60%
   📅 Epoch 42 | Loss: 0.1619 | Val Accuracy: 89.30%
   📅 Epoch 43 | Loss: 0.1555 | Val Accuracy: 94.51%
      ⭐ New Best! Saved.
   📅 Epoch 44 | Loss: 0.1617 | Val Accuracy: 92.19%
   📅 Epoch 45 | Loss: 0.1565 | Val Accuracy: 88.73%
   📅 Epoch 46 | Loss: 0.1530 | Val Accuracy: 93.89%
   📅 Epoch 47 | Loss: 0.1517 | Val Accuracy: 90.63%
   📅 Epoch 48 | Loss: 0.1475 | Val Accuracy: 88.24%
   📅 Epoch 49 | Loss: 0.1479 | Val Accuracy: 91.88%
   📅 Epoch 50 | Loss: 0.1428 | Val Accuracy: 94.02%

   🛑 Early Stopping triggered after 7 epochs.

========================================
🏆 Best Val Accuracy: 94.51%
💾 Best Checkpoint: ./checkpoints/full_mb-frost_cls_dinov2_l14_lr0.001_concat_2.pth
========================================

