
============================================================
📄 Log File: ./logs/full_records/mb-frost_cls_dinov3_lvd_1cha_lr0.001_concat_3.log
⏰ Time: 2026-04-10 09:06:51
============================================================

🚀 Training dinov3_lvd_1cha on mb-frost_cls | Mode: FULL | LR: 0.001
   📂 [TRAIN] Loading 4 shards...
   ✅ Loaded 30124 samples.
   📂 [TEST] Loading 2 shards...
   ✅ Loaded 12249 samples.
   ⚙️  Config: Workers=8, BS=32, SmallData=False

>>> Loading Model: dinov3_lvd_1cha (dinov3_hub)
   🔍 Auditing weights for [dinov3_lvd_1cha]...
   ✅ [PERFECT MATCH] 368/368 layers loaded (100.0%)

   🔍 [Structure Check] dinov3_lvd_1cha Output Analysis:
      Type: Tuple (len=2)
      Item 0: Shape (1, 1024)
      Item 1: Shape (1, 256, 1024)
      ✅ Identified: CLS=True, Patch=True
      👉 Final Strategy: concat_3 | Input Dim: 3072
   🔥 Mode: Full Fine-tuning (Backbone Unfrozen)
   🚀 Compiling model with torch.compile...
   ⚡ AMP Precision: torch.bfloat16
   🔄 Training Start... (Epochs: 50, Patience: 7)
   📅 Epoch 1 | Loss: 0.0886 | Val Accuracy: 96.37%
      ⭐ New Best! (Model saving disabled to save space)
   📅 Epoch 2 | Loss: 0.0416 | Val Accuracy: 95.53%
   📅 Epoch 3 | Loss: 0.1855 | Val Accuracy: 97.24%
      ⭐ New Best! (Model saving disabled to save space)
   📅 Epoch 4 | Loss: 0.0431 | Val Accuracy: 98.11%
      ⭐ New Best! (Model saving disabled to save space)
   📅 Epoch 5 | Loss: 0.0255 | Val Accuracy: 97.45%
   📅 Epoch 6 | Loss: 0.0329 | Val Accuracy: 97.50%
   📅 Epoch 7 | Loss: 0.0320 | Val Accuracy: 98.15%
      ⭐ New Best! (Model saving disabled to save space)
   📅 Epoch 8 | Loss: 0.0242 | Val Accuracy: 99.53%
      ⭐ New Best! (Model saving disabled to save space)
   📅 Epoch 9 | Loss: 0.0271 | Val Accuracy: 97.60%
   📅 Epoch 10 | Loss: 0.0219 | Val Accuracy: 97.68%
   📅 Epoch 11 | Loss: 0.0197 | Val Accuracy: 98.36%
   📅 Epoch 12 | Loss: 0.0211 | Val Accuracy: 97.80%
   📅 Epoch 13 | Loss: 0.0202 | Val Accuracy: 98.87%
   📅 Epoch 14 | Loss: 0.0327 | Val Accuracy: 97.24%
   📅 Epoch 15 | Loss: 0.0177 | Val Accuracy: 98.67%

   🛑 Early Stopping triggered after 7 epochs.

========================================
🏆 Best Val Accuracy: 99.53%
💾 Best Checkpoint: ./checkpoints/full_mb-frost_cls_dinov3_lvd_1cha_lr0.001_concat_3.pth
========================================

