
============================================================
📄 Log File: ./logs/full_records/mb-frost_cls_satmae_lr1e-05_concat_3.log
⏰ Time: 2026-03-02 13:40:46
============================================================

🚀 Training satmae on mb-frost_cls | Mode: FULL | LR: 1e-05
   📂 [TRAIN] Loading 4 shards...
   ✅ Loaded 30124 samples.
   📂 [TEST] Loading 2 shards...
   ✅ Loaded 12249 samples.
   ⚙️  Config: Workers=8, BS=32, SmallData=False

>>> Loading Model: satmae (timm_mae)
   ℹ️  Config: in_chans=3
   🔍 Auditing weights for [satmae]...
   ✅ [PERFECT MATCH] 294/294 layers loaded (100.0%)

   🔍 [Structure Check] satmae Output Analysis:
      Type: Tuple (len=2)
      Item 0: Shape (1, 1024)
      Item 1: Shape (1, 196, 1024)
      ✅ Identified: CLS=True, Patch=True
      👉 Final Strategy: concat_3 | Input Dim: 3072
   🔥 Mode: Full Fine-tuning (Backbone Unfrozen)
   🚀 Compiling model with torch.compile...
   ⚡ AMP Precision: torch.bfloat16
   🔄 Training Start... (Epochs: 50, Patience: 7)
   📅 Epoch 1 | Loss: 0.2525 | Val Accuracy: 95.20%
      ⭐ New Best! Saved.
   📅 Epoch 2 | Loss: 0.1120 | Val Accuracy: 94.92%
   📅 Epoch 3 | Loss: 0.0889 | Val Accuracy: 94.52%
   📅 Epoch 4 | Loss: 0.0752 | Val Accuracy: 94.52%
   📅 Epoch 5 | Loss: 0.0647 | Val Accuracy: 93.16%
   📅 Epoch 6 | Loss: 0.0605 | Val Accuracy: 95.44%
      ⭐ New Best! Saved.
   📅 Epoch 7 | Loss: 0.0545 | Val Accuracy: 94.67%
   📅 Epoch 8 | Loss: 0.0493 | Val Accuracy: 96.03%
      ⭐ New Best! Saved.
   📅 Epoch 9 | Loss: 0.0510 | Val Accuracy: 94.95%
   📅 Epoch 10 | Loss: 0.0426 | Val Accuracy: 95.16%
   📅 Epoch 11 | Loss: 0.0383 | Val Accuracy: 96.30%
      ⭐ New Best! Saved.
   📅 Epoch 12 | Loss: 0.0422 | Val Accuracy: 95.55%
   📅 Epoch 13 | Loss: 0.0380 | Val Accuracy: 94.66%
   📅 Epoch 14 | Loss: 0.0327 | Val Accuracy: 94.89%
   📅 Epoch 15 | Loss: 0.0394 | Val Accuracy: 96.42%
      ⭐ New Best! Saved.
   📅 Epoch 16 | Loss: 0.0324 | Val Accuracy: 95.56%
   📅 Epoch 17 | Loss: 0.0261 | Val Accuracy: 93.62%
   📅 Epoch 18 | Loss: 0.0277 | Val Accuracy: 96.07%
   📅 Epoch 19 | Loss: 0.0253 | Val Accuracy: 95.52%
   📅 Epoch 20 | Loss: 0.0253 | Val Accuracy: 96.41%
   📅 Epoch 21 | Loss: 0.0271 | Val Accuracy: 96.20%
   📅 Epoch 22 | Loss: 0.0229 | Val Accuracy: 95.85%

   🛑 Early Stopping triggered after 7 epochs.

========================================
🏆 Best Val Accuracy: 96.42%
💾 Best Checkpoint: ./checkpoints/full_mb-frost_cls_satmae_lr1e-05_concat_3.pth
========================================

