
============================================================
📄 Log File: ./logs/full_records/mb-frost_cls_scale_mae_lr0.001_concat_3.log
⏰ Time: 2026-03-02 22:18:02
============================================================

🚀 Training scale_mae on mb-frost_cls | Mode: FULL | LR: 0.001
   📂 [TRAIN] Loading 4 shards...
   ✅ Loaded 30124 samples.
   📂 [TEST] Loading 2 shards...
   ✅ Loaded 12249 samples.
   ⚙️  Config: Workers=8, BS=32, SmallData=False

>>> Loading Model: scale_mae (scalemae)
   🔍 Auditing weights for [scale_mae]...
   ⚠️ [PARTIAL MATCH] 344/435 layers loaded (79.1%)

   🔍 [Structure Check] scale_mae Output Analysis:
      Type: Tuple (len=2)
      Item 0: Shape (1, 1024)
      Item 1: Shape (1, 196, 1024)
      ✅ Identified: CLS=True, Patch=True
      👉 Final Strategy: concat_3 | Input Dim: 3072
      📏 ScaleMAE GSD: 0.3 m/px
   🔥 Mode: Full Fine-tuning (Backbone Unfrozen)
   🚀 Compiling model with torch.compile...
   ⚡ AMP Precision: torch.bfloat16
   🔄 Training Start... (Epochs: 50, Patience: 7)
   📅 Epoch 1 | Loss: 0.5776 | Val Accuracy: 59.34%
      ⭐ New Best! Saved.
   📅 Epoch 2 | Loss: 0.6861 | Val Accuracy: 56.91%
   📅 Epoch 3 | Loss: 0.6669 | Val Accuracy: 61.73%
      ⭐ New Best! Saved.
   📅 Epoch 4 | Loss: 0.6429 | Val Accuracy: 54.64%
   📅 Epoch 5 | Loss: 0.6310 | Val Accuracy: 66.32%
      ⭐ New Best! Saved.
   📅 Epoch 6 | Loss: 0.6125 | Val Accuracy: 70.90%
      ⭐ New Best! Saved.
   📅 Epoch 7 | Loss: 0.5963 | Val Accuracy: 70.63%
   📅 Epoch 8 | Loss: 0.5852 | Val Accuracy: 75.03%
      ⭐ New Best! Saved.
   📅 Epoch 9 | Loss: 0.5679 | Val Accuracy: 70.45%
   📅 Epoch 10 | Loss: 0.5532 | Val Accuracy: 76.46%
      ⭐ New Best! Saved.
   📅 Epoch 11 | Loss: 0.5300 | Val Accuracy: 81.35%
      ⭐ New Best! Saved.
   📅 Epoch 12 | Loss: 0.4933 | Val Accuracy: 80.28%
   📅 Epoch 13 | Loss: 0.4647 | Val Accuracy: 75.38%
   📅 Epoch 14 | Loss: 0.4271 | Val Accuracy: 85.93%
      ⭐ New Best! Saved.
   📅 Epoch 15 | Loss: 0.4140 | Val Accuracy: 85.17%
   📅 Epoch 16 | Loss: 0.3990 | Val Accuracy: 80.31%
   📅 Epoch 17 | Loss: 0.5059 | Val Accuracy: 81.35%
   📅 Epoch 18 | Loss: 0.4072 | Val Accuracy: 84.68%
   📅 Epoch 19 | Loss: 0.3737 | Val Accuracy: 86.63%
      ⭐ New Best! Saved.
   📅 Epoch 20 | Loss: 0.3558 | Val Accuracy: 86.59%
   📅 Epoch 21 | Loss: 0.3427 | Val Accuracy: 86.43%
   📅 Epoch 22 | Loss: 0.3293 | Val Accuracy: 84.95%
   📅 Epoch 23 | Loss: 0.3179 | Val Accuracy: 84.29%
   📅 Epoch 24 | Loss: 0.3128 | Val Accuracy: 83.48%
   📅 Epoch 25 | Loss: 0.2979 | Val Accuracy: 86.94%
      ⭐ New Best! Saved.
   📅 Epoch 26 | Loss: 0.3019 | Val Accuracy: 86.69%
   📅 Epoch 27 | Loss: 0.2893 | Val Accuracy: 88.59%
      ⭐ New Best! Saved.
   📅 Epoch 28 | Loss: 0.2844 | Val Accuracy: 85.88%
   📅 Epoch 29 | Loss: 0.2772 | Val Accuracy: 87.79%
   📅 Epoch 30 | Loss: 0.2655 | Val Accuracy: 90.48%
      ⭐ New Best! Saved.
   📅 Epoch 31 | Loss: 0.2655 | Val Accuracy: 89.00%
   📅 Epoch 32 | Loss: 0.2544 | Val Accuracy: 84.39%
   📅 Epoch 33 | Loss: 0.2555 | Val Accuracy: 84.15%
   📅 Epoch 34 | Loss: 0.2487 | Val Accuracy: 89.84%
   📅 Epoch 35 | Loss: 0.2465 | Val Accuracy: 87.31%
   📅 Epoch 36 | Loss: 0.2405 | Val Accuracy: 85.67%
   📅 Epoch 37 | Loss: 0.2393 | Val Accuracy: 87.40%

   🛑 Early Stopping triggered after 7 epochs.

========================================
🏆 Best Val Accuracy: 90.48%
💾 Best Checkpoint: ./checkpoints/full_mb-frost_cls_scale_mae_lr0.001_concat_3.pth
========================================

