
============================================================
📄 Log File: ./logs/full_records/mb-frost_cls_swin_v2_lr1e-05_original.log
⏰ Time: 2026-03-03 04:19:47
============================================================

🚀 Training swin_v2 on mb-frost_cls | Mode: FULL | LR: 1e-05
   📂 [TRAIN] Loading 4 shards...
   ✅ Loaded 30124 samples.
   📂 [TEST] Loading 2 shards...
   ✅ Loaded 12249 samples.
   ⚙️  Config: Workers=8, BS=32, SmallData=False

>>> Loading Model: swin_v2 (torchvision_swin)
   🔍 Auditing weights for [swin_v2]...
   ✅ [PERFECT MATCH] 449/449 layers loaded (100.0%)

   🔍 [Structure Check] swin_v2 Output Analysis:
      Type: Tuple (len=2)
      Item 0: Shape (1, 1024)
      Item 1: Shape (1, 64, 1024)
      ✅ Identified: CLS=True, Patch=True
      👉 Final Strategy: GAP_only | Input Dim: 1024
   🔥 Mode: Full Fine-tuning (Backbone Unfrozen)
   🚀 Compiling model with torch.compile...
   ⚡ AMP Precision: torch.bfloat16
   🔄 Training Start... (Epochs: 50, Patience: 7)
   📅 Epoch 1 | Loss: 0.4155 | Val Accuracy: 97.71%
      ⭐ New Best! Saved.
   📅 Epoch 2 | Loss: 0.1630 | Val Accuracy: 97.32%
   📅 Epoch 3 | Loss: 0.1043 | Val Accuracy: 97.03%
   📅 Epoch 4 | Loss: 0.0805 | Val Accuracy: 96.87%
   📅 Epoch 5 | Loss: 0.0657 | Val Accuracy: 96.66%
   📅 Epoch 6 | Loss: 0.0574 | Val Accuracy: 96.73%
   📅 Epoch 7 | Loss: 0.0521 | Val Accuracy: 96.45%
   📅 Epoch 8 | Loss: 0.0452 | Val Accuracy: 96.61%

   🛑 Early Stopping triggered after 7 epochs.

========================================
🏆 Best Val Accuracy: 97.71%
💾 Best Checkpoint: ./checkpoints/full_mb-frost_cls_swin_v2_lr1e-05_original.pth
========================================

