
============================================================
📄 Log File: ./logs/full_records/mb-frost_cls_swin_v2_lr0.0001_concat_2.log
⏰ Time: 2026-03-02 12:42:51
============================================================

🚀 Training swin_v2 on mb-frost_cls | Mode: FULL | LR: 0.0001
   📂 [TRAIN] Loading 4 shards...
   ✅ Loaded 30124 samples.
   📂 [TEST] Loading 2 shards...
   ✅ Loaded 12249 samples.
   ⚙️  Config: Workers=8, BS=32, SmallData=False

>>> Loading Model: swin_v2 (torchvision_swin)
   🔍 Auditing weights for [swin_v2]...
   ✅ [PERFECT MATCH] 449/449 layers loaded (100.0%)

   🔍 [Structure Check] swin_v2 Output Analysis:
      Type: Tuple (len=2)
      Item 0: Shape (1, 1024)
      Item 1: Shape (1, 64, 1024)
      ✅ Identified: CLS=True, Patch=True
      👉 Final Strategy: concat_2 | Input Dim: 2048
   🔥 Mode: Full Fine-tuning (Backbone Unfrozen)
   🚀 Compiling model with torch.compile...
   ⚡ AMP Precision: torch.bfloat16
   🔄 Training Start... (Epochs: 50, Patience: 7)
   📅 Epoch 1 | Loss: 0.1289 | Val Accuracy: 96.37%
      ⭐ New Best! Saved.
   📅 Epoch 2 | Loss: 0.0498 | Val Accuracy: 96.64%
      ⭐ New Best! Saved.
   📅 Epoch 3 | Loss: 0.0363 | Val Accuracy: 97.06%
      ⭐ New Best! Saved.
   📅 Epoch 4 | Loss: 0.0290 | Val Accuracy: 97.16%
      ⭐ New Best! Saved.
   📅 Epoch 5 | Loss: 0.0241 | Val Accuracy: 95.95%
   📅 Epoch 6 | Loss: 0.0215 | Val Accuracy: 96.66%
   📅 Epoch 7 | Loss: 0.0186 | Val Accuracy: 96.96%
   📅 Epoch 8 | Loss: 0.0179 | Val Accuracy: 96.67%
   📅 Epoch 9 | Loss: 0.0164 | Val Accuracy: 96.78%
   📅 Epoch 10 | Loss: 0.0151 | Val Accuracy: 97.04%
   📅 Epoch 11 | Loss: 0.0137 | Val Accuracy: 97.32%
      ⭐ New Best! Saved.
   📅 Epoch 12 | Loss: 0.0127 | Val Accuracy: 96.63%
   📅 Epoch 13 | Loss: 0.0145 | Val Accuracy: 97.06%
   📅 Epoch 14 | Loss: 0.0110 | Val Accuracy: 97.20%
   📅 Epoch 15 | Loss: 0.0135 | Val Accuracy: 97.50%
      ⭐ New Best! Saved.
   📅 Epoch 16 | Loss: 0.0097 | Val Accuracy: 96.76%
   📅 Epoch 17 | Loss: 0.0112 | Val Accuracy: 97.14%
   📅 Epoch 18 | Loss: 0.0120 | Val Accuracy: 97.27%
   📅 Epoch 19 | Loss: 0.0089 | Val Accuracy: 97.58%
      ⭐ New Best! Saved.
   📅 Epoch 20 | Loss: 0.0087 | Val Accuracy: 97.22%
   📅 Epoch 21 | Loss: 0.0105 | Val Accuracy: 97.29%
   📅 Epoch 22 | Loss: 0.0079 | Val Accuracy: 97.13%
   📅 Epoch 23 | Loss: 0.0089 | Val Accuracy: 97.47%
   📅 Epoch 24 | Loss: 0.0111 | Val Accuracy: 96.55%
   📅 Epoch 25 | Loss: 0.0088 | Val Accuracy: 96.84%
   📅 Epoch 26 | Loss: 0.0071 | Val Accuracy: 97.04%

   🛑 Early Stopping triggered after 7 epochs.

========================================
🏆 Best Val Accuracy: 97.58%
💾 Best Checkpoint: ./checkpoints/full_mb-frost_cls_swin_v2_lr0.0001_concat_2.pth
========================================

