
============================================================
📄 Log File: ./logs/full_records/mb-frost_cls_swin_v2_lr1e-05_concat_2.log
⏰ Time: 2026-03-02 13:37:47
============================================================

🚀 Training swin_v2 on mb-frost_cls | Mode: FULL | LR: 1e-05
   📂 [TRAIN] Loading 4 shards...
   ✅ Loaded 30124 samples.
   📂 [TEST] Loading 2 shards...
   ✅ Loaded 12249 samples.
   ⚙️  Config: Workers=8, BS=32, SmallData=False

>>> Loading Model: swin_v2 (torchvision_swin)
   🔍 Auditing weights for [swin_v2]...
   ✅ [PERFECT MATCH] 449/449 layers loaded (100.0%)

   🔍 [Structure Check] swin_v2 Output Analysis:
      Type: Tuple (len=2)
      Item 0: Shape (1, 1024)
      Item 1: Shape (1, 64, 1024)
      ✅ Identified: CLS=True, Patch=True
      👉 Final Strategy: concat_2 | Input Dim: 2048
   🔥 Mode: Full Fine-tuning (Backbone Unfrozen)
   🚀 Compiling model with torch.compile...
   ⚡ AMP Precision: torch.bfloat16
   🔄 Training Start... (Epochs: 50, Patience: 7)
   📅 Epoch 1 | Loss: 0.3961 | Val Accuracy: 97.49%
      ⭐ New Best! Saved.
   📅 Epoch 2 | Loss: 0.1550 | Val Accuracy: 97.56%
      ⭐ New Best! Saved.
   📅 Epoch 3 | Loss: 0.1029 | Val Accuracy: 96.99%
   📅 Epoch 4 | Loss: 0.0796 | Val Accuracy: 96.93%
   📅 Epoch 5 | Loss: 0.0710 | Val Accuracy: 97.08%
   📅 Epoch 6 | Loss: 0.0601 | Val Accuracy: 97.15%
   📅 Epoch 7 | Loss: 0.0550 | Val Accuracy: 96.59%
   📅 Epoch 8 | Loss: 0.0501 | Val Accuracy: 97.13%
   📅 Epoch 9 | Loss: 0.0456 | Val Accuracy: 97.39%

   🛑 Early Stopping triggered after 7 epochs.

========================================
🏆 Best Val Accuracy: 97.56%
💾 Best Checkpoint: ./checkpoints/full_mb-frost_cls_swin_v2_lr1e-05_concat_2.pth
========================================

