
============================================================
📄 Log File: ./logs/full_records/mb-frost_cls_swin_v2_lr0.001_original.log
⏰ Time: 2026-03-03 03:38:53
============================================================

🚀 Training swin_v2 on mb-frost_cls | Mode: FULL | LR: 0.001
   📂 [TRAIN] Loading 4 shards...
   ✅ Loaded 30124 samples.
   📂 [TEST] Loading 2 shards...
   ✅ Loaded 12249 samples.
   ⚙️  Config: Workers=8, BS=32, SmallData=False

>>> Loading Model: swin_v2 (torchvision_swin)
   🔍 Auditing weights for [swin_v2]...
   ✅ [PERFECT MATCH] 449/449 layers loaded (100.0%)

   🔍 [Structure Check] swin_v2 Output Analysis:
      Type: Tuple (len=2)
      Item 0: Shape (1, 1024)
      Item 1: Shape (1, 64, 1024)
      ✅ Identified: CLS=True, Patch=True
      👉 Final Strategy: GAP_only | Input Dim: 1024
   🔥 Mode: Full Fine-tuning (Backbone Unfrozen)
   🚀 Compiling model with torch.compile...
   ⚡ AMP Precision: torch.bfloat16
   🔄 Training Start... (Epochs: 50, Patience: 7)
   📅 Epoch 1 | Loss: 0.1235 | Val Accuracy: 96.59%
      ⭐ New Best! Saved.
   📅 Epoch 2 | Loss: 0.0640 | Val Accuracy: 96.89%
      ⭐ New Best! Saved.
   📅 Epoch 3 | Loss: 0.0500 | Val Accuracy: 98.55%
      ⭐ New Best! Saved.
   📅 Epoch 4 | Loss: 0.0503 | Val Accuracy: 96.49%
   📅 Epoch 5 | Loss: 0.0465 | Val Accuracy: 97.53%
   📅 Epoch 6 | Loss: 0.0435 | Val Accuracy: 97.40%
   📅 Epoch 7 | Loss: 0.0387 | Val Accuracy: 97.09%
   📅 Epoch 8 | Loss: 0.0428 | Val Accuracy: 97.20%
   📅 Epoch 9 | Loss: 0.0329 | Val Accuracy: 96.68%
   📅 Epoch 10 | Loss: 0.0439 | Val Accuracy: 97.77%

   🛑 Early Stopping triggered after 7 epochs.

========================================
🏆 Best Val Accuracy: 98.55%
💾 Best Checkpoint: ./checkpoints/full_mb-frost_cls_swin_v2_lr0.001_original.pth
========================================

