
============================================================
📄 Log File: ./logs/full_records/mb-frost_cls_dinov3_sat_1cha_lr0.001_original.log
⏰ Time: 2026-04-09 18:31:11
============================================================

🚀 Training dinov3_sat_1cha on mb-frost_cls | Mode: FULL | LR: 0.001
   📂 [TRAIN] Loading 4 shards...
   ✅ Loaded 30124 samples.
   📂 [TEST] Loading 2 shards...
   ✅ Loaded 12249 samples.
   ⚙️  Config: Workers=8, BS=32, SmallData=False

>>> Loading Model: dinov3_sat_1cha (dinov3_hub)
   🔍 Auditing weights for [dinov3_sat_1cha]...
   ✅ [PERFECT MATCH] 368/368 layers loaded (100.0%)

   🔍 [Structure Check] dinov3_sat_1cha Output Analysis:
      Type: Tuple (len=2)
      Item 0: Shape (1, 1024)
      Item 1: Shape (1, 256, 1024)
      ✅ Identified: CLS=True, Patch=True
      👉 Final Strategy: GAP_only | Input Dim: 1024
   🔥 Mode: Full Fine-tuning (Backbone Unfrozen)
   🚀 Compiling model with torch.compile...
   ⚡ AMP Precision: torch.bfloat16
   🔄 Training Start... (Epochs: 50, Patience: 7)
   📅 Epoch 1 | Loss: 0.0780 | Val Accuracy: 99.44%
      ⭐ New Best! (Model saving disabled to save space)
   📅 Epoch 2 | Loss: 0.0228 | Val Accuracy: 98.73%
   📅 Epoch 3 | Loss: 0.0302 | Val Accuracy: 97.04%
   📅 Epoch 4 | Loss: 0.0171 | Val Accuracy: 97.39%
   📅 Epoch 5 | Loss: 0.0220 | Val Accuracy: 96.18%
   📅 Epoch 6 | Loss: 0.0118 | Val Accuracy: 97.66%
   📅 Epoch 7 | Loss: 0.0378 | Val Accuracy: 97.44%
   📅 Epoch 8 | Loss: 0.0274 | Val Accuracy: 99.27%

   🛑 Early Stopping triggered after 7 epochs.

========================================
🏆 Best Val Accuracy: 99.44%
💾 Best Checkpoint: ./checkpoints/full_mb-frost_cls_dinov3_sat_1cha_lr0.001_original.pth
========================================

