
============================================================
📄 Log File: ./logs/full_records/mb-landmark_cls_satmae_lr1e-05_original.log
⏰ Time: 2026-03-03 22:44:52
============================================================

🚀 Training satmae on mb-landmark_cls | Mode: FULL | LR: 1e-05
   📂 [TRAIN] Loading 1 shards...
   ✅ Loaded 6997 samples.
   📂 [TEST] Loading 1 shards...
   ✅ Loaded 1793 samples.
   ⚙️  Config: Workers=8, BS=32, SmallData=False

>>> Loading Model: satmae (timm_mae)
   ℹ️  Config: in_chans=3
   🔍 Auditing weights for [satmae]...
   ✅ [PERFECT MATCH] 294/294 layers loaded (100.0%)

   🔍 [Structure Check] satmae Output Analysis:
      Type: Tuple (len=2)
      Item 0: Shape (1, 1024)
      Item 1: Shape (1, 196, 1024)
      ✅ Identified: CLS=True, Patch=True
      👉 Final Strategy: GAP_only | Input Dim: 1024
   🔥 Mode: Full Fine-tuning (Backbone Unfrozen)
   🚀 Compiling model with torch.compile...
   ⚡ AMP Precision: torch.bfloat16
   🔄 Training Start... (Epochs: 50, Patience: 7)
   📅 Epoch 1 | Loss: 0.8302 | Val Accuracy: 82.65%
      ⭐ New Best! Saved.
   📅 Epoch 2 | Loss: 0.5605 | Val Accuracy: 84.44%
      ⭐ New Best! Saved.
   📅 Epoch 3 | Loss: 0.4454 | Val Accuracy: 85.67%
      ⭐ New Best! Saved.
   📅 Epoch 4 | Loss: 0.3827 | Val Accuracy: 87.40%
      ⭐ New Best! Saved.
   📅 Epoch 5 | Loss: 0.3396 | Val Accuracy: 87.84%
      ⭐ New Best! Saved.
   📅 Epoch 6 | Loss: 0.3032 | Val Accuracy: 88.29%
      ⭐ New Best! Saved.
   📅 Epoch 7 | Loss: 0.2811 | Val Accuracy: 89.18%
      ⭐ New Best! Saved.
   📅 Epoch 8 | Loss: 0.2670 | Val Accuracy: 88.34%
   📅 Epoch 9 | Loss: 0.2585 | Val Accuracy: 89.91%
      ⭐ New Best! Saved.
   📅 Epoch 10 | Loss: 0.2498 | Val Accuracy: 89.24%
   📅 Epoch 11 | Loss: 0.2230 | Val Accuracy: 89.51%
   📅 Epoch 12 | Loss: 0.2217 | Val Accuracy: 90.30%
      ⭐ New Best! Saved.
   📅 Epoch 13 | Loss: 0.2182 | Val Accuracy: 90.46%
      ⭐ New Best! Saved.
   📅 Epoch 14 | Loss: 0.2053 | Val Accuracy: 91.08%
      ⭐ New Best! Saved.
   📅 Epoch 15 | Loss: 0.1937 | Val Accuracy: 90.85%
   📅 Epoch 16 | Loss: 0.1962 | Val Accuracy: 90.74%
   📅 Epoch 17 | Loss: 0.1920 | Val Accuracy: 90.74%
   📅 Epoch 18 | Loss: 0.1817 | Val Accuracy: 91.19%
      ⭐ New Best! Saved.
   📅 Epoch 19 | Loss: 0.1831 | Val Accuracy: 90.85%
   📅 Epoch 20 | Loss: 0.1735 | Val Accuracy: 90.13%
   📅 Epoch 21 | Loss: 0.1680 | Val Accuracy: 90.52%
   📅 Epoch 22 | Loss: 0.1674 | Val Accuracy: 91.69%
      ⭐ New Best! Saved.
   📅 Epoch 23 | Loss: 0.1569 | Val Accuracy: 91.30%
   📅 Epoch 24 | Loss: 0.1569 | Val Accuracy: 91.30%
   📅 Epoch 25 | Loss: 0.1563 | Val Accuracy: 91.58%
   📅 Epoch 26 | Loss: 0.1527 | Val Accuracy: 91.41%
   📅 Epoch 27 | Loss: 0.1515 | Val Accuracy: 90.41%
   📅 Epoch 28 | Loss: 0.1463 | Val Accuracy: 91.08%
   📅 Epoch 29 | Loss: 0.1469 | Val Accuracy: 91.91%
      ⭐ New Best! Saved.
   📅 Epoch 30 | Loss: 0.1487 | Val Accuracy: 91.63%
   📅 Epoch 31 | Loss: 0.1514 | Val Accuracy: 91.19%
   📅 Epoch 32 | Loss: 0.1394 | Val Accuracy: 91.91%
   📅 Epoch 33 | Loss: 0.1344 | Val Accuracy: 91.86%
   📅 Epoch 34 | Loss: 0.1320 | Val Accuracy: 91.58%
   📅 Epoch 35 | Loss: 0.1298 | Val Accuracy: 91.58%
   📅 Epoch 36 | Loss: 0.1210 | Val Accuracy: 91.41%

   🛑 Early Stopping triggered after 7 epochs.

========================================
🏆 Best Val Accuracy: 91.91%
💾 Best Checkpoint: ./checkpoints/full_mb-landmark_cls_satmae_lr1e-05_original.pth
========================================

