
============================================================
📄 Log File: ./logs/full_records/mb-landmark_cls_vit_l_lr0.001_concat_2.log
⏰ Time: 2026-03-03 07:12:54
============================================================

🚀 Training vit_l on mb-landmark_cls | Mode: FULL | LR: 0.001
   📂 [TRAIN] Loading 1 shards...
   ✅ Loaded 6997 samples.
   📂 [TEST] Loading 1 shards...
   ✅ Loaded 1793 samples.
   ⚙️  Config: Workers=8, BS=32, SmallData=False

>>> Loading Model: vit_l (torchvision_vit)
   🔍 Auditing weights for [vit_l]...
   ✅ [PERFECT MATCH] 296/296 layers loaded (100.0%)

   🔍 [Structure Check] vit_l Output Analysis:
      Type: Tuple (len=2)
      Item 0: Shape (1, 1024)
      Item 1: Shape (1, 196, 1024)
      ✅ Identified: CLS=True, Patch=True
      👉 Final Strategy: concat_2 | Input Dim: 2048
   🔥 Mode: Full Fine-tuning (Backbone Unfrozen)
   🚀 Compiling model with torch.compile...
   ⚡ AMP Precision: torch.bfloat16
   🔄 Training Start... (Epochs: 50, Patience: 7)
   📅 Epoch 1 | Loss: 0.3787 | Val Accuracy: 87.73%
      ⭐ New Best! Saved.
   📅 Epoch 2 | Loss: 0.2255 | Val Accuracy: 90.52%
      ⭐ New Best! Saved.
   📅 Epoch 3 | Loss: 0.1919 | Val Accuracy: 90.52%
   📅 Epoch 4 | Loss: 0.1800 | Val Accuracy: 89.85%
   📅 Epoch 5 | Loss: 0.1853 | Val Accuracy: 87.56%
   📅 Epoch 6 | Loss: 0.1813 | Val Accuracy: 91.75%
      ⭐ New Best! Saved.
   📅 Epoch 7 | Loss: 0.1690 | Val Accuracy: 90.41%
   📅 Epoch 8 | Loss: 0.1548 | Val Accuracy: 90.69%
   📅 Epoch 9 | Loss: 0.1437 | Val Accuracy: 90.13%
   📅 Epoch 10 | Loss: 0.1798 | Val Accuracy: 88.34%
   📅 Epoch 11 | Loss: 0.1557 | Val Accuracy: 91.02%
   📅 Epoch 12 | Loss: 0.1353 | Val Accuracy: 89.74%
   📅 Epoch 13 | Loss: 0.1322 | Val Accuracy: 91.58%

   🛑 Early Stopping triggered after 7 epochs.

========================================
🏆 Best Val Accuracy: 91.75%
💾 Best Checkpoint: ./checkpoints/full_mb-landmark_cls_vit_l_lr0.001_concat_2.pth
========================================

