
============================================================
📄 Log File: ./logs/full_records/mb-landmark_cls_dinov3_lvd_lr0.001_concat_2.log
⏰ Time: 2026-03-02 23:07:26
============================================================

🚀 Training dinov3_lvd on mb-landmark_cls | Mode: FULL | LR: 0.001
   📂 [TRAIN] Loading 1 shards...
   ✅ Loaded 6997 samples.
   📂 [TEST] Loading 1 shards...
   ✅ Loaded 1793 samples.
   ⚙️  Config: Workers=8, BS=32, SmallData=False

>>> Loading Model: dinov3_lvd (dinov3_hub)
   🔍 Auditing weights for [dinov3_lvd]...
   ✅ [PERFECT MATCH] 368/368 layers loaded (100.0%)

   🔍 [Structure Check] dinov3_lvd Output Analysis:
      Type: Tuple (len=2)
      Item 0: Shape (1, 1024)
      Item 1: Shape (1, 256, 1024)
      ✅ Identified: CLS=True, Patch=True
      👉 Final Strategy: concat_2 | Input Dim: 2048
   🔥 Mode: Full Fine-tuning (Backbone Unfrozen)
   🚀 Compiling model with torch.compile...
   ⚡ AMP Precision: torch.bfloat16
   🔄 Training Start... (Epochs: 50, Patience: 7)
   📅 Epoch 1 | Loss: 0.3379 | Val Accuracy: 88.23%
      ⭐ New Best! Saved.
   📅 Epoch 2 | Loss: 0.1809 | Val Accuracy: 91.13%
      ⭐ New Best! Saved.
   📅 Epoch 3 | Loss: 0.1802 | Val Accuracy: 91.69%
      ⭐ New Best! Saved.
   📅 Epoch 4 | Loss: 0.1366 | Val Accuracy: 88.68%
   📅 Epoch 5 | Loss: 0.1376 | Val Accuracy: 90.74%
   📅 Epoch 6 | Loss: 0.1225 | Val Accuracy: 91.97%
      ⭐ New Best! Saved.
   📅 Epoch 7 | Loss: 0.1262 | Val Accuracy: 92.02%
      ⭐ New Best! Saved.
   📅 Epoch 8 | Loss: 0.1098 | Val Accuracy: 91.91%
   📅 Epoch 9 | Loss: 0.1436 | Val Accuracy: 88.85%
   📅 Epoch 10 | Loss: 0.1214 | Val Accuracy: 91.69%
   📅 Epoch 11 | Loss: 0.1075 | Val Accuracy: 90.46%
   📅 Epoch 12 | Loss: 0.1024 | Val Accuracy: 92.14%
      ⭐ New Best! Saved.
   📅 Epoch 13 | Loss: 0.0962 | Val Accuracy: 92.47%
      ⭐ New Best! Saved.
   📅 Epoch 14 | Loss: 0.1076 | Val Accuracy: 90.80%
   📅 Epoch 15 | Loss: 0.1162 | Val Accuracy: 90.52%
   📅 Epoch 16 | Loss: 0.1021 | Val Accuracy: 91.13%
   📅 Epoch 17 | Loss: 0.1054 | Val Accuracy: 91.63%
   📅 Epoch 18 | Loss: 0.0733 | Val Accuracy: 90.18%
   📅 Epoch 19 | Loss: 0.0781 | Val Accuracy: 91.02%
   📅 Epoch 20 | Loss: 0.0839 | Val Accuracy: 89.12%

   🛑 Early Stopping triggered after 7 epochs.

========================================
🏆 Best Val Accuracy: 92.47%
💾 Best Checkpoint: ./checkpoints/full_mb-landmark_cls_dinov3_lvd_lr0.001_concat_2.pth
========================================

