
============================================================
📄 Log File: ./logs/full_records/mb-landmark_cls_mars_mae_lr0.001_original.log
⏰ Time: 2026-03-04 04:01:37
============================================================

🚀 Training mars_mae on mb-landmark_cls | Mode: FULL | LR: 0.001
   📂 [TRAIN] Loading 1 shards...
   ✅ Loaded 6997 samples.
   📂 [TEST] Loading 1 shards...
   ✅ Loaded 1793 samples.
   ⚙️  Config: Workers=8, BS=32, SmallData=False

>>> Loading Model: mars_mae (timm_mae)
   ℹ️  Config: in_chans=1
   🔍 Auditing weights for [mars_mae]...
   ✅ [PERFECT MATCH] 150/150 layers loaded (100.0%)

   🔍 [Structure Check] mars_mae Output Analysis:
      Type: Tuple (len=2)
      Item 0: Shape (1, 768)
      Item 1: Shape (1, 196, 768)
      ✅ Identified: CLS=True, Patch=True
      👉 Final Strategy: GAP_only | Input Dim: 768
   🔥 Mode: Full Fine-tuning (Backbone Unfrozen)
   🚀 Compiling model with torch.compile...
   ⚡ AMP Precision: torch.bfloat16
   🔄 Training Start... (Epochs: 50, Patience: 7)
   📅 Epoch 1 | Loss: 0.6407 | Val Accuracy: 84.94%
      ⭐ New Best! Saved.
   📅 Epoch 2 | Loss: 0.3764 | Val Accuracy: 86.28%
      ⭐ New Best! Saved.
   📅 Epoch 3 | Loss: 0.3111 | Val Accuracy: 85.55%
   📅 Epoch 4 | Loss: 0.2961 | Val Accuracy: 86.50%
      ⭐ New Best! Saved.
   📅 Epoch 5 | Loss: 0.2790 | Val Accuracy: 87.79%
      ⭐ New Best! Saved.
   📅 Epoch 6 | Loss: 0.2303 | Val Accuracy: 87.56%
   📅 Epoch 7 | Loss: 0.2232 | Val Accuracy: 88.29%
      ⭐ New Best! Saved.
   📅 Epoch 8 | Loss: 0.2223 | Val Accuracy: 86.50%
   📅 Epoch 9 | Loss: 0.2054 | Val Accuracy: 89.07%
      ⭐ New Best! Saved.
   📅 Epoch 10 | Loss: 0.2039 | Val Accuracy: 87.45%
   📅 Epoch 11 | Loss: 0.2209 | Val Accuracy: 88.06%
   📅 Epoch 12 | Loss: 0.2019 | Val Accuracy: 87.62%
   📅 Epoch 13 | Loss: 0.1859 | Val Accuracy: 88.85%
   📅 Epoch 14 | Loss: 0.1767 | Val Accuracy: 89.29%
      ⭐ New Best! Saved.
   📅 Epoch 15 | Loss: 0.1899 | Val Accuracy: 89.68%
      ⭐ New Best! Saved.
   📅 Epoch 16 | Loss: 0.1876 | Val Accuracy: 87.17%
   📅 Epoch 17 | Loss: 0.1829 | Val Accuracy: 87.12%
   📅 Epoch 18 | Loss: 0.1706 | Val Accuracy: 88.23%
   📅 Epoch 19 | Loss: 0.1599 | Val Accuracy: 88.12%
   📅 Epoch 20 | Loss: 0.1698 | Val Accuracy: 88.73%
   📅 Epoch 21 | Loss: 0.1624 | Val Accuracy: 89.07%
   📅 Epoch 22 | Loss: 0.1601 | Val Accuracy: 90.24%
      ⭐ New Best! Saved.
   📅 Epoch 23 | Loss: 0.1540 | Val Accuracy: 89.57%
   📅 Epoch 24 | Loss: 0.1674 | Val Accuracy: 88.85%
   📅 Epoch 25 | Loss: 0.1646 | Val Accuracy: 88.62%
   📅 Epoch 26 | Loss: 0.1621 | Val Accuracy: 89.01%
   📅 Epoch 27 | Loss: 0.1498 | Val Accuracy: 88.46%
   📅 Epoch 28 | Loss: 0.1599 | Val Accuracy: 87.51%
   📅 Epoch 29 | Loss: 0.1506 | Val Accuracy: 88.96%

   🛑 Early Stopping triggered after 7 epochs.

========================================
🏆 Best Val Accuracy: 90.24%
💾 Best Checkpoint: ./checkpoints/full_mb-landmark_cls_mars_mae_lr0.001_original.pth
========================================

