
============================================================
📄 Log File: ./logs/full_records/mb-landmark_cls_dinov1_b8_lr0.0001_original.log
⏰ Time: 2026-03-03 21:29:43
============================================================

🚀 Training dinov1_b8 on mb-landmark_cls | Mode: FULL | LR: 0.0001
   📂 [TRAIN] Loading 1 shards...
   ✅ Loaded 6997 samples.
   📂 [TEST] Loading 1 shards...
   ✅ Loaded 1793 samples.
   ⚙️  Config: Workers=8, BS=32, SmallData=False

>>> Loading Model: dinov1_b8 (dinov1)

   🔍 [Structure Check] dinov1_b8 Output Analysis:
      Type: Tuple (len=2)
      Item 0: Shape (1, 768)
      Item 1: Shape (1, 784, 768)
      ✅ Identified: CLS=True, Patch=True
      👉 Final Strategy: CLS_only | Input Dim: 768
   🔥 Mode: Full Fine-tuning (Backbone Unfrozen)
   🚀 Compiling model with torch.compile...
   ⚡ AMP Precision: torch.bfloat16
   🔄 Training Start... (Epochs: 50, Patience: 7)
   📅 Epoch 1 | Loss: 0.3320 | Val Accuracy: 92.25%
      ⭐ New Best! Saved.
   📅 Epoch 2 | Loss: 0.1490 | Val Accuracy: 91.36%
   📅 Epoch 3 | Loss: 0.1150 | Val Accuracy: 92.19%
   📅 Epoch 4 | Loss: 0.1130 | Val Accuracy: 92.53%
      ⭐ New Best! Saved.
   📅 Epoch 5 | Loss: 0.0901 | Val Accuracy: 93.31%
      ⭐ New Best! Saved.
   📅 Epoch 6 | Loss: 0.0847 | Val Accuracy: 92.36%
   📅 Epoch 7 | Loss: 0.0742 | Val Accuracy: 92.02%
   📅 Epoch 8 | Loss: 0.0645 | Val Accuracy: 92.36%
   📅 Epoch 9 | Loss: 0.0683 | Val Accuracy: 92.58%
   📅 Epoch 10 | Loss: 0.0637 | Val Accuracy: 92.02%
   📅 Epoch 11 | Loss: 0.0609 | Val Accuracy: 92.86%
   📅 Epoch 12 | Loss: 0.0683 | Val Accuracy: 92.69%

   🛑 Early Stopping triggered after 7 epochs.

========================================
🏆 Best Val Accuracy: 93.31%
💾 Best Checkpoint: ./checkpoints/full_mb-landmark_cls_dinov1_b8_lr0.0001_original.pth
========================================

