
============================================================
📄 Log File: ./logs/full_records/mb-landmark_cls_dinov2_l14_lr0.001_original.log
⏰ Time: 2026-03-03 20:06:04
============================================================

🚀 Training dinov2_l14 on mb-landmark_cls | Mode: FULL | LR: 0.001
   📂 [TRAIN] Loading 1 shards...
   ✅ Loaded 6997 samples.
   📂 [TEST] Loading 1 shards...
   ✅ Loaded 1793 samples.
   ⚙️  Config: Workers=8, BS=32, SmallData=False

>>> Loading Model: dinov2_l14 (dinov2_hub)
   🔍 Auditing weights for [dinov2_l14]...
   ✅ [PERFECT MATCH] 343/343 layers loaded (100.0%)

   🔍 [Structure Check] dinov2_l14 Output Analysis:
      Type: Tuple (len=2)
      Item 0: Shape (1, 1024)
      Item 1: Shape (1, 256, 1024)
      ✅ Identified: CLS=True, Patch=True
      👉 Final Strategy: CLS_only | Input Dim: 1024
   🔥 Mode: Full Fine-tuning (Backbone Unfrozen)
   🚀 Compiling model with torch.compile...
   ⚡ AMP Precision: torch.bfloat16
   🔄 Training Start... (Epochs: 50, Patience: 7)
   📅 Epoch 1 | Loss: 0.9042 | Val Accuracy: 82.65%
      ⭐ New Best! Saved.
   📅 Epoch 2 | Loss: 0.7754 | Val Accuracy: 82.65%
   📅 Epoch 3 | Loss: 0.7717 | Val Accuracy: 82.65%
   📅 Epoch 4 | Loss: 0.7592 | Val Accuracy: 82.65%
   📅 Epoch 5 | Loss: 0.7281 | Val Accuracy: 82.82%
      ⭐ New Best! Saved.
   📅 Epoch 6 | Loss: 0.7110 | Val Accuracy: 82.65%
   📅 Epoch 7 | Loss: 0.6929 | Val Accuracy: 82.60%
   📅 Epoch 8 | Loss: 0.6822 | Val Accuracy: 82.49%
   📅 Epoch 9 | Loss: 0.6727 | Val Accuracy: 82.65%
   📅 Epoch 10 | Loss: 0.6457 | Val Accuracy: 82.65%
   📅 Epoch 11 | Loss: 0.6277 | Val Accuracy: 83.16%
      ⭐ New Best! Saved.
   📅 Epoch 12 | Loss: 0.5971 | Val Accuracy: 82.71%
   📅 Epoch 13 | Loss: 0.5843 | Val Accuracy: 82.77%
   📅 Epoch 14 | Loss: 0.5568 | Val Accuracy: 82.93%
   📅 Epoch 15 | Loss: 0.5457 | Val Accuracy: 82.54%
   📅 Epoch 16 | Loss: 0.5436 | Val Accuracy: 82.60%
   📅 Epoch 17 | Loss: 0.5134 | Val Accuracy: 79.98%
   📅 Epoch 18 | Loss: 0.5025 | Val Accuracy: 81.87%

   🛑 Early Stopping triggered after 7 epochs.

========================================
🏆 Best Val Accuracy: 83.16%
💾 Best Checkpoint: ./checkpoints/full_mb-landmark_cls_dinov2_l14_lr0.001_original.pth
========================================

