
============================================================
📄 Log File: ./logs/full_records/mb-landmark_cls_dinov3_sat_lr1e-05_concat_2.log
⏰ Time: 2026-03-03 00:59:20
============================================================

🚀 Training dinov3_sat on mb-landmark_cls | Mode: FULL | LR: 1e-05
   📂 [TRAIN] Loading 1 shards...
   ✅ Loaded 6997 samples.
   📂 [TEST] Loading 1 shards...
   ✅ Loaded 1793 samples.
   ⚙️  Config: Workers=8, BS=32, SmallData=False

>>> Loading Model: dinov3_sat (dinov3_hub)
   🔍 Auditing weights for [dinov3_sat]...
   ✅ [PERFECT MATCH] 368/368 layers loaded (100.0%)

   🔍 [Structure Check] dinov3_sat Output Analysis:
      Type: Tuple (len=2)
      Item 0: Shape (1, 1024)
      Item 1: Shape (1, 256, 1024)
      ✅ Identified: CLS=True, Patch=True
      👉 Final Strategy: concat_2 | Input Dim: 2048
   🔥 Mode: Full Fine-tuning (Backbone Unfrozen)
   🚀 Compiling model with torch.compile...
   ⚡ AMP Precision: torch.bfloat16
   🔄 Training Start... (Epochs: 50, Patience: 7)
   📅 Epoch 1 | Loss: 1.4540 | Val Accuracy: 82.65%
      ⭐ New Best! Saved.
   📅 Epoch 2 | Loss: 0.8416 | Val Accuracy: 82.65%
   📅 Epoch 3 | Loss: 0.7087 | Val Accuracy: 82.65%
   📅 Epoch 4 | Loss: 0.6487 | Val Accuracy: 82.65%
   📅 Epoch 5 | Loss: 0.5903 | Val Accuracy: 82.65%
   📅 Epoch 6 | Loss: 0.5311 | Val Accuracy: 82.82%
      ⭐ New Best! Saved.
   📅 Epoch 7 | Loss: 0.4742 | Val Accuracy: 84.22%
      ⭐ New Best! Saved.
   📅 Epoch 8 | Loss: 0.4243 | Val Accuracy: 85.05%
      ⭐ New Best! Saved.
   📅 Epoch 9 | Loss: 0.3795 | Val Accuracy: 85.83%
      ⭐ New Best! Saved.
   📅 Epoch 10 | Loss: 0.3435 | Val Accuracy: 86.56%
      ⭐ New Best! Saved.
   📅 Epoch 11 | Loss: 0.3150 | Val Accuracy: 86.67%
      ⭐ New Best! Saved.
   📅 Epoch 12 | Loss: 0.2884 | Val Accuracy: 87.17%
      ⭐ New Best! Saved.
   📅 Epoch 13 | Loss: 0.2799 | Val Accuracy: 87.40%
      ⭐ New Best! Saved.
   📅 Epoch 14 | Loss: 0.2569 | Val Accuracy: 88.18%
      ⭐ New Best! Saved.
   📅 Epoch 15 | Loss: 0.2426 | Val Accuracy: 88.85%
      ⭐ New Best! Saved.
   📅 Epoch 16 | Loss: 0.2307 | Val Accuracy: 89.12%
      ⭐ New Best! Saved.
   📅 Epoch 17 | Loss: 0.2205 | Val Accuracy: 89.63%
      ⭐ New Best! Saved.
   📅 Epoch 18 | Loss: 0.2083 | Val Accuracy: 89.96%
      ⭐ New Best! Saved.
   📅 Epoch 19 | Loss: 0.1962 | Val Accuracy: 90.13%
      ⭐ New Best! Saved.
   📅 Epoch 20 | Loss: 0.1919 | Val Accuracy: 90.41%
      ⭐ New Best! Saved.
   📅 Epoch 21 | Loss: 0.1807 | Val Accuracy: 90.41%
   📅 Epoch 22 | Loss: 0.1809 | Val Accuracy: 90.69%
      ⭐ New Best! Saved.
   📅 Epoch 23 | Loss: 0.1711 | Val Accuracy: 90.69%
   📅 Epoch 24 | Loss: 0.1670 | Val Accuracy: 90.96%
      ⭐ New Best! Saved.
   📅 Epoch 25 | Loss: 0.1621 | Val Accuracy: 91.02%
      ⭐ New Best! Saved.
   📅 Epoch 26 | Loss: 0.1520 | Val Accuracy: 91.08%
      ⭐ New Best! Saved.
   📅 Epoch 27 | Loss: 0.1510 | Val Accuracy: 91.02%
   📅 Epoch 28 | Loss: 0.1474 | Val Accuracy: 91.41%
      ⭐ New Best! Saved.
   📅 Epoch 29 | Loss: 0.1388 | Val Accuracy: 91.19%
   📅 Epoch 30 | Loss: 0.1403 | Val Accuracy: 91.36%
   📅 Epoch 31 | Loss: 0.1372 | Val Accuracy: 91.24%
   📅 Epoch 32 | Loss: 0.1385 | Val Accuracy: 91.30%
   📅 Epoch 33 | Loss: 0.1349 | Val Accuracy: 91.47%
      ⭐ New Best! Saved.
   📅 Epoch 34 | Loss: 0.1320 | Val Accuracy: 91.36%
   📅 Epoch 35 | Loss: 0.1303 | Val Accuracy: 91.52%
      ⭐ New Best! Saved.
   📅 Epoch 36 | Loss: 0.1201 | Val Accuracy: 91.58%
      ⭐ New Best! Saved.
   📅 Epoch 37 | Loss: 0.1246 | Val Accuracy: 91.47%
   📅 Epoch 38 | Loss: 0.1179 | Val Accuracy: 91.47%
   📅 Epoch 39 | Loss: 0.1172 | Val Accuracy: 91.52%
   📅 Epoch 40 | Loss: 0.1197 | Val Accuracy: 91.47%
   📅 Epoch 41 | Loss: 0.1167 | Val Accuracy: 91.58%
   📅 Epoch 42 | Loss: 0.1145 | Val Accuracy: 91.75%
      ⭐ New Best! Saved.
   📅 Epoch 43 | Loss: 0.1103 | Val Accuracy: 91.63%
   📅 Epoch 44 | Loss: 0.1093 | Val Accuracy: 91.69%
   📅 Epoch 45 | Loss: 0.1102 | Val Accuracy: 91.75%
   📅 Epoch 46 | Loss: 0.1089 | Val Accuracy: 91.47%
   📅 Epoch 47 | Loss: 0.1036 | Val Accuracy: 91.69%
   📅 Epoch 48 | Loss: 0.1024 | Val Accuracy: 91.80%
      ⭐ New Best! Saved.
   📅 Epoch 49 | Loss: 0.1019 | Val Accuracy: 91.69%
   📅 Epoch 50 | Loss: 0.0957 | Val Accuracy: 91.63%

========================================
🏆 Best Val Accuracy: 91.80%
💾 Best Checkpoint: ./checkpoints/full_mb-landmark_cls_dinov3_sat_lr1e-05_concat_2.pth
========================================

