
============================================================
📄 Log File: ./logs/full_records/mb-landmark_cls_dinov3_sat_1cha_lr1e-05_original.log
⏰ Time: 2026-04-11 02:57:56
============================================================

🚀 Training dinov3_sat_1cha on mb-landmark_cls | Mode: FULL | LR: 1e-05
   📂 [TRAIN] Loading 1 shards...
   ✅ Loaded 6997 samples.
   📂 [TEST] Loading 1 shards...
   ✅ Loaded 1793 samples.
   ⚙️  Config: Workers=8, BS=32, SmallData=False

>>> Loading Model: dinov3_sat_1cha (dinov3_hub)
   🔍 Auditing weights for [dinov3_sat_1cha]...
   ✅ [PERFECT MATCH] 368/368 layers loaded (100.0%)

   🔍 [Structure Check] dinov3_sat_1cha Output Analysis:
      Type: Tuple (len=2)
      Item 0: Shape (1, 1024)
      Item 1: Shape (1, 256, 1024)
      ✅ Identified: CLS=True, Patch=True
      👉 Final Strategy: GAP_only | Input Dim: 1024
   🔥 Mode: Full Fine-tuning (Backbone Unfrozen)
   🚀 Compiling model with torch.compile...
   ⚡ AMP Precision: torch.bfloat16
   🔄 Training Start... (Epochs: 50, Patience: 7)
   📅 Epoch 1 | Loss: 1.8406 | Val Accuracy: 82.65%
      ⭐ New Best! (Model saving disabled to save space)
   📅 Epoch 2 | Loss: 0.9540 | Val Accuracy: 82.65%
   📅 Epoch 3 | Loss: 0.7050 | Val Accuracy: 82.65%
   📅 Epoch 4 | Loss: 0.6409 | Val Accuracy: 82.65%
   📅 Epoch 5 | Loss: 0.6075 | Val Accuracy: 82.65%
   📅 Epoch 6 | Loss: 0.5746 | Val Accuracy: 82.65%
   📅 Epoch 7 | Loss: 0.5414 | Val Accuracy: 82.65%
   📅 Epoch 8 | Loss: 0.5143 | Val Accuracy: 82.65%

   🛑 Early Stopping triggered after 7 epochs.

========================================
🏆 Best Val Accuracy: 82.65%
💾 Best Checkpoint: ./checkpoints/full_mb-landmark_cls_dinov3_sat_1cha_lr1e-05_original.pth
========================================

