
============================================================
📄 Log File: ./logs/full_records/mb-landmark_cls_satmae_lr1e-05_concat_2.log
⏰ Time: 2026-03-03 04:59:29
============================================================

🚀 Training satmae on mb-landmark_cls | Mode: FULL | LR: 1e-05
   📂 [TRAIN] Loading 1 shards...
   ✅ Loaded 6997 samples.
   📂 [TEST] Loading 1 shards...
   ✅ Loaded 1793 samples.
   ⚙️  Config: Workers=8, BS=32, SmallData=False

>>> Loading Model: satmae (timm_mae)
   ℹ️  Config: in_chans=3
   🔍 Auditing weights for [satmae]...
   ✅ [PERFECT MATCH] 294/294 layers loaded (100.0%)

   🔍 [Structure Check] satmae Output Analysis:
      Type: Tuple (len=2)
      Item 0: Shape (1, 1024)
      Item 1: Shape (1, 196, 1024)
      ✅ Identified: CLS=True, Patch=True
      👉 Final Strategy: concat_2 | Input Dim: 2048
   🔥 Mode: Full Fine-tuning (Backbone Unfrozen)
   🚀 Compiling model with torch.compile...
   ⚡ AMP Precision: torch.bfloat16
   🔄 Training Start... (Epochs: 50, Patience: 7)
   📅 Epoch 1 | Loss: 0.9125 | Val Accuracy: 82.65%
      ⭐ New Best! Saved.
   📅 Epoch 2 | Loss: 0.5767 | Val Accuracy: 84.05%
      ⭐ New Best! Saved.
   📅 Epoch 3 | Loss: 0.4644 | Val Accuracy: 85.16%
      ⭐ New Best! Saved.
   📅 Epoch 4 | Loss: 0.3878 | Val Accuracy: 86.67%
      ⭐ New Best! Saved.
   📅 Epoch 5 | Loss: 0.3404 | Val Accuracy: 88.06%
      ⭐ New Best! Saved.
   📅 Epoch 6 | Loss: 0.3084 | Val Accuracy: 88.96%
      ⭐ New Best! Saved.
   📅 Epoch 7 | Loss: 0.2885 | Val Accuracy: 88.90%
   📅 Epoch 8 | Loss: 0.2650 | Val Accuracy: 90.18%
      ⭐ New Best! Saved.
   📅 Epoch 9 | Loss: 0.2620 | Val Accuracy: 88.73%
   📅 Epoch 10 | Loss: 0.2306 | Val Accuracy: 89.79%
   📅 Epoch 11 | Loss: 0.2289 | Val Accuracy: 89.57%
   📅 Epoch 12 | Loss: 0.2187 | Val Accuracy: 89.40%
   📅 Epoch 13 | Loss: 0.2071 | Val Accuracy: 89.46%
   📅 Epoch 14 | Loss: 0.2050 | Val Accuracy: 90.52%
      ⭐ New Best! Saved.
   📅 Epoch 15 | Loss: 0.1963 | Val Accuracy: 90.02%
   📅 Epoch 16 | Loss: 0.1853 | Val Accuracy: 90.74%
      ⭐ New Best! Saved.
   📅 Epoch 17 | Loss: 0.1846 | Val Accuracy: 89.85%
   📅 Epoch 18 | Loss: 0.1920 | Val Accuracy: 89.79%
   📅 Epoch 19 | Loss: 0.1781 | Val Accuracy: 91.08%
      ⭐ New Best! Saved.
   📅 Epoch 20 | Loss: 0.1786 | Val Accuracy: 91.13%
      ⭐ New Best! Saved.
   📅 Epoch 21 | Loss: 0.1635 | Val Accuracy: 91.13%
   📅 Epoch 22 | Loss: 0.1648 | Val Accuracy: 90.85%
   📅 Epoch 23 | Loss: 0.1533 | Val Accuracy: 91.30%
      ⭐ New Best! Saved.
   📅 Epoch 24 | Loss: 0.1568 | Val Accuracy: 90.85%
   📅 Epoch 25 | Loss: 0.1540 | Val Accuracy: 91.24%
   📅 Epoch 26 | Loss: 0.1588 | Val Accuracy: 91.52%
      ⭐ New Best! Saved.
   📅 Epoch 27 | Loss: 0.1423 | Val Accuracy: 91.24%
   📅 Epoch 28 | Loss: 0.1477 | Val Accuracy: 90.85%
   📅 Epoch 29 | Loss: 0.1487 | Val Accuracy: 91.52%
   📅 Epoch 30 | Loss: 0.1380 | Val Accuracy: 90.63%
   📅 Epoch 31 | Loss: 0.1353 | Val Accuracy: 91.02%
   📅 Epoch 32 | Loss: 0.1417 | Val Accuracy: 91.69%
      ⭐ New Best! Saved.
   📅 Epoch 33 | Loss: 0.1373 | Val Accuracy: 91.41%
   📅 Epoch 34 | Loss: 0.1276 | Val Accuracy: 91.36%
   📅 Epoch 35 | Loss: 0.1247 | Val Accuracy: 91.30%
   📅 Epoch 36 | Loss: 0.1296 | Val Accuracy: 90.85%
   📅 Epoch 37 | Loss: 0.1214 | Val Accuracy: 91.19%
   📅 Epoch 38 | Loss: 0.1248 | Val Accuracy: 91.02%
   📅 Epoch 39 | Loss: 0.1207 | Val Accuracy: 90.57%

   🛑 Early Stopping triggered after 7 epochs.

========================================
🏆 Best Val Accuracy: 91.69%
💾 Best Checkpoint: ./checkpoints/full_mb-landmark_cls_satmae_lr1e-05_concat_2.pth
========================================

