
============================================================
📄 Log File: ./logs/full_records/mb-landmark_cls_dinov3_sat_1cha_lr0.0001_original.log
⏰ Time: 2026-04-11 00:50:20
============================================================

🚀 Training dinov3_sat_1cha on mb-landmark_cls | Mode: FULL | LR: 0.0001
   📂 [TRAIN] Loading 1 shards...
   ✅ Loaded 6997 samples.
   📂 [TEST] Loading 1 shards...
   ✅ Loaded 1793 samples.
   ⚙️  Config: Workers=8, BS=32, SmallData=False

>>> Loading Model: dinov3_sat_1cha (dinov3_hub)
   🔍 Auditing weights for [dinov3_sat_1cha]...
   ✅ [PERFECT MATCH] 368/368 layers loaded (100.0%)

   🔍 [Structure Check] dinov3_sat_1cha Output Analysis:
      Type: Tuple (len=2)
      Item 0: Shape (1, 1024)
      Item 1: Shape (1, 256, 1024)
      ✅ Identified: CLS=True, Patch=True
      👉 Final Strategy: GAP_only | Input Dim: 1024
   🔥 Mode: Full Fine-tuning (Backbone Unfrozen)
   🚀 Compiling model with torch.compile...
   ⚡ AMP Precision: torch.bfloat16
   🔄 Training Start... (Epochs: 50, Patience: 7)
   📅 Epoch 1 | Loss: 0.8479 | Val Accuracy: 82.65%
      ⭐ New Best! (Model saving disabled to save space)
   📅 Epoch 2 | Loss: 0.3579 | Val Accuracy: 87.23%
      ⭐ New Best! (Model saving disabled to save space)
   📅 Epoch 3 | Loss: 0.2290 | Val Accuracy: 90.69%
      ⭐ New Best! (Model saving disabled to save space)
   📅 Epoch 4 | Loss: 0.1876 | Val Accuracy: 92.30%
      ⭐ New Best! (Model saving disabled to save space)
   📅 Epoch 5 | Loss: 0.1516 | Val Accuracy: 91.86%
   📅 Epoch 6 | Loss: 0.1345 | Val Accuracy: 91.69%
   📅 Epoch 7 | Loss: 0.1208 | Val Accuracy: 91.91%
   📅 Epoch 8 | Loss: 0.1157 | Val Accuracy: 91.80%
   📅 Epoch 9 | Loss: 0.1017 | Val Accuracy: 92.14%
   📅 Epoch 10 | Loss: 0.1006 | Val Accuracy: 92.30%
   📅 Epoch 11 | Loss: 0.0897 | Val Accuracy: 92.08%

   🛑 Early Stopping triggered after 7 epochs.

========================================
🏆 Best Val Accuracy: 92.30%
💾 Best Checkpoint: ./checkpoints/full_mb-landmark_cls_dinov3_sat_1cha_lr0.0001_original.pth
========================================

