
============================================================
📄 Log File: ./logs/full_records/mb-landmark_cls_dinov3_lvd_lr0.0001_concat_2.log
⏰ Time: 2026-03-02 23:28:13
============================================================

🚀 Training dinov3_lvd on mb-landmark_cls | Mode: FULL | LR: 0.0001
   📂 [TRAIN] Loading 1 shards...
   ✅ Loaded 6997 samples.
   📂 [TEST] Loading 1 shards...
   ✅ Loaded 1793 samples.
   ⚙️  Config: Workers=8, BS=32, SmallData=False

>>> Loading Model: dinov3_lvd (dinov3_hub)
   🔍 Auditing weights for [dinov3_lvd]...
   ✅ [PERFECT MATCH] 368/368 layers loaded (100.0%)

   🔍 [Structure Check] dinov3_lvd Output Analysis:
      Type: Tuple (len=2)
      Item 0: Shape (1, 1024)
      Item 1: Shape (1, 256, 1024)
      ✅ Identified: CLS=True, Patch=True
      👉 Final Strategy: concat_2 | Input Dim: 2048
   🔥 Mode: Full Fine-tuning (Backbone Unfrozen)
   🚀 Compiling model with torch.compile...
   ⚡ AMP Precision: torch.bfloat16
   🔄 Training Start... (Epochs: 50, Patience: 7)
   📅 Epoch 1 | Loss: 0.5112 | Val Accuracy: 89.85%
      ⭐ New Best! Saved.
   📅 Epoch 2 | Loss: 0.1921 | Val Accuracy: 91.30%
      ⭐ New Best! Saved.
   📅 Epoch 3 | Loss: 0.1382 | Val Accuracy: 92.69%
      ⭐ New Best! Saved.
   📅 Epoch 4 | Loss: 0.1289 | Val Accuracy: 93.31%
      ⭐ New Best! Saved.
   📅 Epoch 5 | Loss: 0.1098 | Val Accuracy: 93.36%
      ⭐ New Best! Saved.
   📅 Epoch 6 | Loss: 0.0943 | Val Accuracy: 92.58%
   📅 Epoch 7 | Loss: 0.0924 | Val Accuracy: 93.70%
      ⭐ New Best! Saved.
   📅 Epoch 8 | Loss: 0.0839 | Val Accuracy: 93.53%
   📅 Epoch 9 | Loss: 0.0798 | Val Accuracy: 92.36%
   📅 Epoch 10 | Loss: 0.0765 | Val Accuracy: 92.86%
   📅 Epoch 11 | Loss: 0.0832 | Val Accuracy: 93.31%
   📅 Epoch 12 | Loss: 0.0628 | Val Accuracy: 93.53%
   📅 Epoch 13 | Loss: 0.0706 | Val Accuracy: 93.53%
   📅 Epoch 14 | Loss: 0.0722 | Val Accuracy: 93.92%
      ⭐ New Best! Saved.
   📅 Epoch 15 | Loss: 0.0556 | Val Accuracy: 93.31%
   📅 Epoch 16 | Loss: 0.0624 | Val Accuracy: 93.25%
   📅 Epoch 17 | Loss: 0.0496 | Val Accuracy: 92.02%
   📅 Epoch 18 | Loss: 0.0476 | Val Accuracy: 93.03%
   📅 Epoch 19 | Loss: 0.0573 | Val Accuracy: 92.92%
   📅 Epoch 20 | Loss: 0.0540 | Val Accuracy: 93.92%
   📅 Epoch 21 | Loss: 0.0579 | Val Accuracy: 93.25%

   🛑 Early Stopping triggered after 7 epochs.

========================================
🏆 Best Val Accuracy: 93.92%
💾 Best Checkpoint: ./checkpoints/full_mb-landmark_cls_dinov3_lvd_lr0.0001_concat_2.pth
========================================

