
============================================================
📄 Log File: ./logs/full_records/mb-landmark_cls_dinov2_l14_lr1e-05_original.log
⏰ Time: 2026-03-03 20:41:49
============================================================

🚀 Training dinov2_l14 on mb-landmark_cls | Mode: FULL | LR: 1e-05
   📂 [TRAIN] Loading 1 shards...
   ✅ Loaded 6997 samples.
   📂 [TEST] Loading 1 shards...
   ✅ Loaded 1793 samples.
   ⚙️  Config: Workers=8, BS=32, SmallData=False

>>> Loading Model: dinov2_l14 (dinov2_hub)
   🔍 Auditing weights for [dinov2_l14]...
   ✅ [PERFECT MATCH] 343/343 layers loaded (100.0%)

   🔍 [Structure Check] dinov2_l14 Output Analysis:
      Type: Tuple (len=2)
      Item 0: Shape (1, 1024)
      Item 1: Shape (1, 256, 1024)
      ✅ Identified: CLS=True, Patch=True
      👉 Final Strategy: CLS_only | Input Dim: 1024
   🔥 Mode: Full Fine-tuning (Backbone Unfrozen)
   🚀 Compiling model with torch.compile...
   ⚡ AMP Precision: torch.bfloat16
   🔄 Training Start... (Epochs: 50, Patience: 7)
   📅 Epoch 1 | Loss: 0.5078 | Val Accuracy: 88.51%
      ⭐ New Best! Saved.
   📅 Epoch 2 | Loss: 0.2142 | Val Accuracy: 91.13%
      ⭐ New Best! Saved.
   📅 Epoch 3 | Loss: 0.1596 | Val Accuracy: 92.81%
      ⭐ New Best! Saved.
   📅 Epoch 4 | Loss: 0.1344 | Val Accuracy: 92.75%
   📅 Epoch 5 | Loss: 0.1206 | Val Accuracy: 93.70%
      ⭐ New Best! Saved.
   📅 Epoch 6 | Loss: 0.1145 | Val Accuracy: 93.25%
   📅 Epoch 7 | Loss: 0.0997 | Val Accuracy: 93.53%
   📅 Epoch 8 | Loss: 0.0901 | Val Accuracy: 93.14%
   📅 Epoch 9 | Loss: 0.0866 | Val Accuracy: 94.09%
      ⭐ New Best! Saved.
   📅 Epoch 10 | Loss: 0.0817 | Val Accuracy: 93.59%
   📅 Epoch 11 | Loss: 0.0808 | Val Accuracy: 93.92%
   📅 Epoch 12 | Loss: 0.0834 | Val Accuracy: 93.81%
   📅 Epoch 13 | Loss: 0.0802 | Val Accuracy: 94.42%
      ⭐ New Best! Saved.
   📅 Epoch 14 | Loss: 0.0778 | Val Accuracy: 93.47%
   📅 Epoch 15 | Loss: 0.0704 | Val Accuracy: 93.70%
   📅 Epoch 16 | Loss: 0.0688 | Val Accuracy: 93.75%
   📅 Epoch 17 | Loss: 0.0583 | Val Accuracy: 93.64%
   📅 Epoch 18 | Loss: 0.0616 | Val Accuracy: 93.36%
   📅 Epoch 19 | Loss: 0.0615 | Val Accuracy: 93.20%
   📅 Epoch 20 | Loss: 0.0580 | Val Accuracy: 94.14%

   🛑 Early Stopping triggered after 7 epochs.

========================================
🏆 Best Val Accuracy: 94.42%
💾 Best Checkpoint: ./checkpoints/full_mb-landmark_cls_dinov2_l14_lr1e-05_original.pth
========================================

