
============================================================
📄 Log File: ./logs/full_records/mb-landmark_cls_dinov3_sat_1cha_lr0.001_concat_3.log
⏰ Time: 2026-04-10 22:56:01
============================================================

🚀 Training dinov3_sat_1cha on mb-landmark_cls | Mode: FULL | LR: 0.001
   📂 [TRAIN] Loading 1 shards...
   ✅ Loaded 6997 samples.
   📂 [TEST] Loading 1 shards...
   ✅ Loaded 1793 samples.
   ⚙️  Config: Workers=8, BS=32, SmallData=False

>>> Loading Model: dinov3_sat_1cha (dinov3_hub)
   🔍 Auditing weights for [dinov3_sat_1cha]...
   ✅ [PERFECT MATCH] 368/368 layers loaded (100.0%)

   🔍 [Structure Check] dinov3_sat_1cha Output Analysis:
      Type: Tuple (len=2)
      Item 0: Shape (1, 1024)
      Item 1: Shape (1, 256, 1024)
      ✅ Identified: CLS=True, Patch=True
      👉 Final Strategy: concat_3 | Input Dim: 3072
   🔥 Mode: Full Fine-tuning (Backbone Unfrozen)
   🚀 Compiling model with torch.compile...
   ⚡ AMP Precision: torch.bfloat16
   🔄 Training Start... (Epochs: 50, Patience: 7)
   📅 Epoch 1 | Loss: 0.3782 | Val Accuracy: 92.14%
      ⭐ New Best! (Model saving disabled to save space)
   📅 Epoch 2 | Loss: 0.1745 | Val Accuracy: 91.52%
   📅 Epoch 3 | Loss: 0.1546 | Val Accuracy: 93.25%
      ⭐ New Best! (Model saving disabled to save space)
   📅 Epoch 4 | Loss: 0.1487 | Val Accuracy: 92.25%
   📅 Epoch 5 | Loss: 0.1135 | Val Accuracy: 93.64%
      ⭐ New Best! (Model saving disabled to save space)
   📅 Epoch 6 | Loss: 0.1230 | Val Accuracy: 92.97%
   📅 Epoch 7 | Loss: 0.1068 | Val Accuracy: 92.97%
   📅 Epoch 8 | Loss: 0.1034 | Val Accuracy: 90.69%
   📅 Epoch 9 | Loss: 0.1140 | Val Accuracy: 93.25%
   📅 Epoch 10 | Loss: 0.1079 | Val Accuracy: 92.53%
   📅 Epoch 11 | Loss: 0.0923 | Val Accuracy: 91.36%
   📅 Epoch 12 | Loss: 0.1015 | Val Accuracy: 92.53%

   🛑 Early Stopping triggered after 7 epochs.

========================================
🏆 Best Val Accuracy: 93.64%
💾 Best Checkpoint: ./checkpoints/full_mb-landmark_cls_dinov3_sat_1cha_lr0.001_concat_3.pth
========================================

