
============================================================
📄 Log File: ./logs/full_records/mb-landmark_cls_satmae_lr0.001_concat_2.log
⏰ Time: 2026-03-03 04:35:53
============================================================

🚀 Training satmae on mb-landmark_cls | Mode: FULL | LR: 0.001
   📂 [TRAIN] Loading 1 shards...
   ✅ Loaded 6997 samples.
   📂 [TEST] Loading 1 shards...
   ✅ Loaded 1793 samples.
   ⚙️  Config: Workers=8, BS=32, SmallData=False

>>> Loading Model: satmae (timm_mae)
   ℹ️  Config: in_chans=3
   🔍 Auditing weights for [satmae]...
   ✅ [PERFECT MATCH] 294/294 layers loaded (100.0%)

   🔍 [Structure Check] satmae Output Analysis:
      Type: Tuple (len=2)
      Item 0: Shape (1, 1024)
      Item 1: Shape (1, 196, 1024)
      ✅ Identified: CLS=True, Patch=True
      👉 Final Strategy: concat_2 | Input Dim: 2048
   🔥 Mode: Full Fine-tuning (Backbone Unfrozen)
   🚀 Compiling model with torch.compile...
   ⚡ AMP Precision: torch.bfloat16
   🔄 Training Start... (Epochs: 50, Patience: 7)
   📅 Epoch 1 | Loss: 0.8745 | Val Accuracy: 82.60%
      ⭐ New Best! Saved.
   📅 Epoch 2 | Loss: 0.7261 | Val Accuracy: 70.44%
   📅 Epoch 3 | Loss: 0.6977 | Val Accuracy: 82.82%
      ⭐ New Best! Saved.
   📅 Epoch 4 | Loss: 0.6861 | Val Accuracy: 79.25%
   📅 Epoch 5 | Loss: 0.6673 | Val Accuracy: 82.93%
      ⭐ New Best! Saved.
   📅 Epoch 6 | Loss: 0.6335 | Val Accuracy: 83.16%
      ⭐ New Best! Saved.
   📅 Epoch 7 | Loss: 0.6152 | Val Accuracy: 82.71%
   📅 Epoch 8 | Loss: 0.5807 | Val Accuracy: 82.82%
   📅 Epoch 9 | Loss: 0.5630 | Val Accuracy: 82.32%
   📅 Epoch 10 | Loss: 0.5641 | Val Accuracy: 82.71%
   📅 Epoch 11 | Loss: 0.5353 | Val Accuracy: 82.77%
   📅 Epoch 12 | Loss: 0.5248 | Val Accuracy: 82.71%
   📅 Epoch 13 | Loss: 0.5101 | Val Accuracy: 82.93%

   🛑 Early Stopping triggered after 7 epochs.

========================================
🏆 Best Val Accuracy: 83.16%
💾 Best Checkpoint: ./checkpoints/full_mb-landmark_cls_satmae_lr0.001_concat_2.pth
========================================

