
============================================================
📄 Log File: ./logs/full_records/mb-landmark_cls_openclip_lr0.001_original.log
⏰ Time: 2026-03-03 23:17:48
============================================================

🚀 Training openclip on mb-landmark_cls | Mode: FULL | LR: 0.001
   📂 [TRAIN] Loading 1 shards...
   ✅ Loaded 6997 samples.
   📂 [TEST] Loading 1 shards...
   ✅ Loaded 1793 samples.
   ⚙️  Config: Workers=8, BS=32, SmallData=False

>>> Loading Model: openclip (transformers_clip)

   🔍 [Structure Check] openclip Output Analysis:
      Type: Tuple (len=2)
      Item 0: Shape (1, 1024)
      Item 1: Shape (1, 256, 1024)
      ✅ Identified: CLS=True, Patch=True
      👉 Final Strategy: CLS_only | Input Dim: 1024
   🔥 Mode: Full Fine-tuning (Backbone Unfrozen)
   🚀 Compiling model with torch.compile...
   ⚡ AMP Precision: torch.bfloat16
   🔄 Training Start... (Epochs: 50, Patience: 7)
   📅 Epoch 1 | Loss: 0.8567 | Val Accuracy: 82.65%
      ⭐ New Best! Saved.
   📅 Epoch 2 | Loss: 0.7714 | Val Accuracy: 82.65%
   📅 Epoch 3 | Loss: 0.7044 | Val Accuracy: 82.26%
   📅 Epoch 4 | Loss: 0.6650 | Val Accuracy: 82.49%
   📅 Epoch 5 | Loss: 0.6356 | Val Accuracy: 81.43%
   📅 Epoch 6 | Loss: 0.5859 | Val Accuracy: 79.98%
   📅 Epoch 7 | Loss: 0.5341 | Val Accuracy: 83.77%
      ⭐ New Best! Saved.
   📅 Epoch 8 | Loss: 0.5042 | Val Accuracy: 84.44%
      ⭐ New Best! Saved.
   📅 Epoch 9 | Loss: 0.4660 | Val Accuracy: 83.32%
   📅 Epoch 10 | Loss: 0.4540 | Val Accuracy: 84.83%
      ⭐ New Best! Saved.
   📅 Epoch 11 | Loss: 0.4167 | Val Accuracy: 84.05%
   📅 Epoch 12 | Loss: 0.4167 | Val Accuracy: 82.99%
   📅 Epoch 13 | Loss: 0.3753 | Val Accuracy: 84.50%
   📅 Epoch 14 | Loss: 0.3642 | Val Accuracy: 84.50%
   📅 Epoch 15 | Loss: 0.3665 | Val Accuracy: 85.44%
      ⭐ New Best! Saved.
   📅 Epoch 16 | Loss: 0.3565 | Val Accuracy: 84.83%
   📅 Epoch 17 | Loss: 0.3354 | Val Accuracy: 84.50%
   📅 Epoch 18 | Loss: 0.3449 | Val Accuracy: 84.10%
   📅 Epoch 19 | Loss: 0.3372 | Val Accuracy: 87.23%
      ⭐ New Best! Saved.
   📅 Epoch 20 | Loss: 0.3149 | Val Accuracy: 86.17%
   📅 Epoch 21 | Loss: 0.3131 | Val Accuracy: 83.27%
   📅 Epoch 22 | Loss: 0.3024 | Val Accuracy: 86.39%
   📅 Epoch 23 | Loss: 0.3112 | Val Accuracy: 86.84%
   📅 Epoch 24 | Loss: 0.2931 | Val Accuracy: 87.79%
      ⭐ New Best! Saved.
   📅 Epoch 25 | Loss: 0.2874 | Val Accuracy: 86.34%
   📅 Epoch 26 | Loss: 0.2835 | Val Accuracy: 85.67%
   📅 Epoch 27 | Loss: 0.2944 | Val Accuracy: 87.95%
      ⭐ New Best! Saved.
   📅 Epoch 28 | Loss: 0.2897 | Val Accuracy: 85.11%
   📅 Epoch 29 | Loss: 0.2895 | Val Accuracy: 87.23%
   📅 Epoch 30 | Loss: 0.2665 | Val Accuracy: 87.67%
   📅 Epoch 31 | Loss: 0.2715 | Val Accuracy: 86.95%
   📅 Epoch 32 | Loss: 0.2817 | Val Accuracy: 87.62%
   📅 Epoch 33 | Loss: 0.2909 | Val Accuracy: 84.16%
   📅 Epoch 34 | Loss: 0.2740 | Val Accuracy: 86.34%

   🛑 Early Stopping triggered after 7 epochs.

========================================
🏆 Best Val Accuracy: 87.95%
💾 Best Checkpoint: ./checkpoints/full_mb-landmark_cls_openclip_lr0.001_original.pth
========================================

