
============================================================
📄 Log File: ./logs/full_records/mb-landmark_cls_dinov3_sat_lr0.001_original.log
⏰ Time: 2026-03-03 18:28:36
============================================================

🚀 Training dinov3_sat on mb-landmark_cls | Mode: FULL | LR: 0.001
   📂 [TRAIN] Loading 1 shards...
   ✅ Loaded 6997 samples.
   📂 [TEST] Loading 1 shards...
   ✅ Loaded 1793 samples.
   ⚙️  Config: Workers=8, BS=32, SmallData=False

>>> Loading Model: dinov3_sat (dinov3_hub)
   🔍 Auditing weights for [dinov3_sat]...
   ✅ [PERFECT MATCH] 368/368 layers loaded (100.0%)

   🔍 [Structure Check] dinov3_sat Output Analysis:
      Type: Tuple (len=2)
      Item 0: Shape (1, 1024)
      Item 1: Shape (1, 256, 1024)
      ✅ Identified: CLS=True, Patch=True
      👉 Final Strategy: GAP_only | Input Dim: 1024
   🔥 Mode: Full Fine-tuning (Backbone Unfrozen)
   🚀 Compiling model with torch.compile...
   ⚡ AMP Precision: torch.bfloat16
   🔄 Training Start... (Epochs: 50, Patience: 7)
   📅 Epoch 1 | Loss: 0.4672 | Val Accuracy: 88.79%
      ⭐ New Best! Saved.
   📅 Epoch 2 | Loss: 0.2412 | Val Accuracy: 90.69%
      ⭐ New Best! Saved.
   📅 Epoch 3 | Loss: 0.1855 | Val Accuracy: 89.01%
   📅 Epoch 4 | Loss: 0.1610 | Val Accuracy: 90.35%
   📅 Epoch 5 | Loss: 0.1390 | Val Accuracy: 90.96%
      ⭐ New Best! Saved.
   📅 Epoch 6 | Loss: 0.1307 | Val Accuracy: 91.13%
      ⭐ New Best! Saved.
   📅 Epoch 7 | Loss: 0.1401 | Val Accuracy: 89.79%
   📅 Epoch 8 | Loss: 0.1194 | Val Accuracy: 90.46%
   📅 Epoch 9 | Loss: 0.1153 | Val Accuracy: 91.47%
      ⭐ New Best! Saved.
   📅 Epoch 10 | Loss: 0.1099 | Val Accuracy: 91.13%
   📅 Epoch 11 | Loss: 0.1164 | Val Accuracy: 90.07%
   📅 Epoch 12 | Loss: 0.1066 | Val Accuracy: 91.86%
      ⭐ New Best! Saved.
   📅 Epoch 13 | Loss: 0.1009 | Val Accuracy: 91.52%
   📅 Epoch 14 | Loss: 0.0886 | Val Accuracy: 91.02%
   📅 Epoch 15 | Loss: 0.0982 | Val Accuracy: 91.41%
   📅 Epoch 16 | Loss: 0.0759 | Val Accuracy: 90.57%
   📅 Epoch 17 | Loss: 0.0879 | Val Accuracy: 90.52%
   📅 Epoch 18 | Loss: 0.1029 | Val Accuracy: 92.69%
      ⭐ New Best! Saved.
   📅 Epoch 19 | Loss: 0.0817 | Val Accuracy: 90.41%
   📅 Epoch 20 | Loss: 0.0939 | Val Accuracy: 92.02%
   📅 Epoch 21 | Loss: 0.0756 | Val Accuracy: 91.02%
   📅 Epoch 22 | Loss: 0.0765 | Val Accuracy: 91.36%
   📅 Epoch 23 | Loss: 0.0819 | Val Accuracy: 92.14%
   📅 Epoch 24 | Loss: 0.0733 | Val Accuracy: 91.02%
   📅 Epoch 25 | Loss: 0.0741 | Val Accuracy: 92.19%

   🛑 Early Stopping triggered after 7 epochs.

========================================
🏆 Best Val Accuracy: 92.69%
💾 Best Checkpoint: ./checkpoints/full_mb-landmark_cls_dinov3_sat_lr0.001_original.pth
========================================

