
============================================================
📄 Log File: ./logs/full_records/mb-landmark_cls_dinov3_sat_lr0.001_concat_2.log
⏰ Time: 2026-03-03 00:23:05
============================================================

🚀 Training dinov3_sat on mb-landmark_cls | Mode: FULL | LR: 0.001
   📂 [TRAIN] Loading 1 shards...
   ✅ Loaded 6997 samples.
   📂 [TEST] Loading 1 shards...
   ✅ Loaded 1793 samples.
   ⚙️  Config: Workers=8, BS=32, SmallData=False

>>> Loading Model: dinov3_sat (dinov3_hub)
   🔍 Auditing weights for [dinov3_sat]...
   ✅ [PERFECT MATCH] 368/368 layers loaded (100.0%)

   🔍 [Structure Check] dinov3_sat Output Analysis:
      Type: Tuple (len=2)
      Item 0: Shape (1, 1024)
      Item 1: Shape (1, 256, 1024)
      ✅ Identified: CLS=True, Patch=True
      👉 Final Strategy: concat_2 | Input Dim: 2048
   🔥 Mode: Full Fine-tuning (Backbone Unfrozen)
   🚀 Compiling model with torch.compile...
   ⚡ AMP Precision: torch.bfloat16
   🔄 Training Start... (Epochs: 50, Patience: 7)
   📅 Epoch 1 | Loss: 0.3870 | Val Accuracy: 88.85%
      ⭐ New Best! Saved.
   📅 Epoch 2 | Loss: 0.1981 | Val Accuracy: 91.41%
      ⭐ New Best! Saved.
   📅 Epoch 3 | Loss: 0.1541 | Val Accuracy: 91.52%
      ⭐ New Best! Saved.
   📅 Epoch 4 | Loss: 0.1383 | Val Accuracy: 90.63%
   📅 Epoch 5 | Loss: 0.1594 | Val Accuracy: 91.58%
      ⭐ New Best! Saved.
   📅 Epoch 6 | Loss: 0.1203 | Val Accuracy: 90.80%
   📅 Epoch 7 | Loss: 0.1197 | Val Accuracy: 93.20%
      ⭐ New Best! Saved.
   📅 Epoch 8 | Loss: 0.1080 | Val Accuracy: 92.86%
   📅 Epoch 9 | Loss: 0.1094 | Val Accuracy: 92.25%
   📅 Epoch 10 | Loss: 0.0807 | Val Accuracy: 90.24%
   📅 Epoch 11 | Loss: 0.0941 | Val Accuracy: 92.19%
   📅 Epoch 12 | Loss: 0.0839 | Val Accuracy: 90.69%
   📅 Epoch 13 | Loss: 0.0957 | Val Accuracy: 91.13%
   📅 Epoch 14 | Loss: 0.1220 | Val Accuracy: 91.41%

   🛑 Early Stopping triggered after 7 epochs.

========================================
🏆 Best Val Accuracy: 93.20%
💾 Best Checkpoint: ./checkpoints/full_mb-landmark_cls_dinov3_sat_lr0.001_concat_2.pth
========================================

