
============================================================
📄 Log File: ./logs/full_records/mb-landmark_cls_scale_mae_lr1e-05_concat_3.log
⏰ Time: 2026-03-03 15:35:03
============================================================

🚀 Training scale_mae on mb-landmark_cls | Mode: FULL | LR: 1e-05
   📂 [TRAIN] Loading 1 shards...
   ✅ Loaded 6997 samples.
   📂 [TEST] Loading 1 shards...
   ✅ Loaded 1793 samples.
   ⚙️  Config: Workers=8, BS=32, SmallData=False

>>> Loading Model: scale_mae (scalemae)
   🔍 Auditing weights for [scale_mae]...
   ⚠️ [PARTIAL MATCH] 344/435 layers loaded (79.1%)

   🔍 [Structure Check] scale_mae Output Analysis:
      Type: Tuple (len=2)
      Item 0: Shape (1, 1024)
      Item 1: Shape (1, 196, 1024)
      ✅ Identified: CLS=True, Patch=True
      👉 Final Strategy: concat_3 | Input Dim: 3072
      📏 ScaleMAE GSD: 0.3 m/px
   🔥 Mode: Full Fine-tuning (Backbone Unfrozen)
   🚀 Compiling model with torch.compile...
   ⚡ AMP Precision: torch.bfloat16
   🔄 Training Start... (Epochs: 50, Patience: 7)
   📅 Epoch 1 | Loss: 1.0388 | Val Accuracy: 82.65%
      ⭐ New Best! Saved.
   📅 Epoch 2 | Loss: 0.7755 | Val Accuracy: 82.65%
   📅 Epoch 3 | Loss: 0.7489 | Val Accuracy: 82.65%
   📅 Epoch 4 | Loss: 0.7356 | Val Accuracy: 82.65%
   📅 Epoch 5 | Loss: 0.7199 | Val Accuracy: 82.65%
   📅 Epoch 6 | Loss: 0.6999 | Val Accuracy: 82.65%
   📅 Epoch 7 | Loss: 0.6881 | Val Accuracy: 82.65%
   📅 Epoch 8 | Loss: 0.6617 | Val Accuracy: 82.77%
      ⭐ New Best! Saved.
   📅 Epoch 9 | Loss: 0.6474 | Val Accuracy: 83.16%
      ⭐ New Best! Saved.
   📅 Epoch 10 | Loss: 0.6405 | Val Accuracy: 83.21%
      ⭐ New Best! Saved.
   📅 Epoch 11 | Loss: 0.6267 | Val Accuracy: 83.32%
      ⭐ New Best! Saved.
   📅 Epoch 12 | Loss: 0.6185 | Val Accuracy: 83.32%
   📅 Epoch 13 | Loss: 0.6092 | Val Accuracy: 83.49%
      ⭐ New Best! Saved.
   📅 Epoch 14 | Loss: 0.6082 | Val Accuracy: 83.49%
   📅 Epoch 15 | Loss: 0.5974 | Val Accuracy: 82.82%
   📅 Epoch 16 | Loss: 0.5968 | Val Accuracy: 83.71%
      ⭐ New Best! Saved.
   📅 Epoch 17 | Loss: 0.5828 | Val Accuracy: 83.83%
      ⭐ New Best! Saved.
   📅 Epoch 18 | Loss: 0.5745 | Val Accuracy: 83.71%
   📅 Epoch 19 | Loss: 0.5700 | Val Accuracy: 83.83%
   📅 Epoch 20 | Loss: 0.5547 | Val Accuracy: 84.22%
      ⭐ New Best! Saved.
   📅 Epoch 21 | Loss: 0.5627 | Val Accuracy: 83.99%
   📅 Epoch 22 | Loss: 0.5697 | Val Accuracy: 84.50%
      ⭐ New Best! Saved.
   📅 Epoch 23 | Loss: 0.5625 | Val Accuracy: 84.27%
   📅 Epoch 24 | Loss: 0.5441 | Val Accuracy: 84.61%
      ⭐ New Best! Saved.
   📅 Epoch 25 | Loss: 0.5313 | Val Accuracy: 84.66%
      ⭐ New Best! Saved.
   📅 Epoch 26 | Loss: 0.5436 | Val Accuracy: 84.61%
   📅 Epoch 27 | Loss: 0.5434 | Val Accuracy: 84.44%
   📅 Epoch 28 | Loss: 0.5403 | Val Accuracy: 84.72%
      ⭐ New Best! Saved.
   📅 Epoch 29 | Loss: 0.5416 | Val Accuracy: 83.99%
   📅 Epoch 30 | Loss: 0.5668 | Val Accuracy: 84.05%
   📅 Epoch 31 | Loss: 0.5566 | Val Accuracy: 84.22%
   📅 Epoch 32 | Loss: 0.5990 | Val Accuracy: 83.44%
   📅 Epoch 33 | Loss: 0.5887 | Val Accuracy: 83.94%
   📅 Epoch 34 | Loss: 0.5726 | Val Accuracy: 84.22%
   📅 Epoch 35 | Loss: 0.5469 | Val Accuracy: 84.44%

   🛑 Early Stopping triggered after 7 epochs.

========================================
🏆 Best Val Accuracy: 84.72%
💾 Best Checkpoint: ./checkpoints/full_mb-landmark_cls_scale_mae_lr1e-05_concat_3.pth
========================================

