
============================================================
📄 Log File: ./logs/full_records/mb-landmark_cls_openclip_lr0.0001_concat_3.log
⏰ Time: 2026-03-03 12:37:39
============================================================

🚀 Training openclip on mb-landmark_cls | Mode: FULL | LR: 0.0001
   📂 [TRAIN] Loading 1 shards...
   ✅ Loaded 6997 samples.
   📂 [TEST] Loading 1 shards...
   ✅ Loaded 1793 samples.
   ⚙️  Config: Workers=8, BS=32, SmallData=False

>>> Loading Model: openclip (transformers_clip)

   🔍 [Structure Check] openclip Output Analysis:
      Type: Tuple (len=2)
      Item 0: Shape (1, 1024)
      Item 1: Shape (1, 256, 1024)
      ✅ Identified: CLS=True, Patch=True
      👉 Final Strategy: concat_3 | Input Dim: 3072
   🔥 Mode: Full Fine-tuning (Backbone Unfrozen)
   🚀 Compiling model with torch.compile...
   ⚡ AMP Precision: torch.bfloat16
   🔄 Training Start... (Epochs: 50, Patience: 7)
   📅 Epoch 1 | Loss: 0.4077 | Val Accuracy: 89.18%
      ⭐ New Best! Saved.
   📅 Epoch 2 | Loss: 0.2160 | Val Accuracy: 90.41%
      ⭐ New Best! Saved.
   📅 Epoch 3 | Loss: 0.1624 | Val Accuracy: 92.69%
      ⭐ New Best! Saved.
   📅 Epoch 4 | Loss: 0.1450 | Val Accuracy: 91.30%
   📅 Epoch 5 | Loss: 0.1242 | Val Accuracy: 90.91%
   📅 Epoch 6 | Loss: 0.1174 | Val Accuracy: 93.08%
      ⭐ New Best! Saved.
   📅 Epoch 7 | Loss: 0.1183 | Val Accuracy: 91.36%
   📅 Epoch 8 | Loss: 0.1153 | Val Accuracy: 91.75%
   📅 Epoch 9 | Loss: 0.1017 | Val Accuracy: 92.64%
   📅 Epoch 10 | Loss: 0.0886 | Val Accuracy: 91.80%
   📅 Epoch 11 | Loss: 0.1077 | Val Accuracy: 91.47%
   📅 Epoch 12 | Loss: 0.0958 | Val Accuracy: 93.47%
      ⭐ New Best! Saved.
   📅 Epoch 13 | Loss: 0.0790 | Val Accuracy: 89.74%
   📅 Epoch 14 | Loss: 0.0839 | Val Accuracy: 91.97%
   📅 Epoch 15 | Loss: 0.0799 | Val Accuracy: 93.08%
   📅 Epoch 16 | Loss: 0.0753 | Val Accuracy: 92.41%
   📅 Epoch 17 | Loss: 0.0686 | Val Accuracy: 92.36%
   📅 Epoch 18 | Loss: 0.0773 | Val Accuracy: 92.92%
   📅 Epoch 19 | Loss: 0.0610 | Val Accuracy: 91.86%

   🛑 Early Stopping triggered after 7 epochs.

========================================
🏆 Best Val Accuracy: 93.47%
💾 Best Checkpoint: ./checkpoints/full_mb-landmark_cls_openclip_lr0.0001_concat_3.pth
========================================

