
============================================================
📄 Log File: ./logs/full_records/mb-landmark_cls_dinov3_sat_lr0.0001_concat_2.log
⏰ Time: 2026-03-03 00:37:41
============================================================

🚀 Training dinov3_sat on mb-landmark_cls | Mode: FULL | LR: 0.0001
   📂 [TRAIN] Loading 1 shards...
   ✅ Loaded 6997 samples.
   📂 [TEST] Loading 1 shards...
   ✅ Loaded 1793 samples.
   ⚙️  Config: Workers=8, BS=32, SmallData=False

>>> Loading Model: dinov3_sat (dinov3_hub)
   🔍 Auditing weights for [dinov3_sat]...
   ✅ [PERFECT MATCH] 368/368 layers loaded (100.0%)

   🔍 [Structure Check] dinov3_sat Output Analysis:
      Type: Tuple (len=2)
      Item 0: Shape (1, 1024)
      Item 1: Shape (1, 256, 1024)
      ✅ Identified: CLS=True, Patch=True
      👉 Final Strategy: concat_2 | Input Dim: 2048
   🔥 Mode: Full Fine-tuning (Backbone Unfrozen)
   🚀 Compiling model with torch.compile...
   ⚡ AMP Precision: torch.bfloat16
   🔄 Training Start... (Epochs: 50, Patience: 7)
   📅 Epoch 1 | Loss: 0.7424 | Val Accuracy: 84.50%
      ⭐ New Best! Saved.
   📅 Epoch 2 | Loss: 0.2890 | Val Accuracy: 89.79%
      ⭐ New Best! Saved.
   📅 Epoch 3 | Loss: 0.1852 | Val Accuracy: 91.24%
      ⭐ New Best! Saved.
   📅 Epoch 4 | Loss: 0.1540 | Val Accuracy: 92.02%
      ⭐ New Best! Saved.
   📅 Epoch 5 | Loss: 0.1315 | Val Accuracy: 92.41%
      ⭐ New Best! Saved.
   📅 Epoch 6 | Loss: 0.1087 | Val Accuracy: 92.14%
   📅 Epoch 7 | Loss: 0.1089 | Val Accuracy: 92.53%
      ⭐ New Best! Saved.
   📅 Epoch 8 | Loss: 0.1023 | Val Accuracy: 92.25%
   📅 Epoch 9 | Loss: 0.0960 | Val Accuracy: 92.25%
   📅 Epoch 10 | Loss: 0.0913 | Val Accuracy: 92.36%
   📅 Epoch 11 | Loss: 0.0910 | Val Accuracy: 92.30%
   📅 Epoch 12 | Loss: 0.0834 | Val Accuracy: 92.19%
   📅 Epoch 13 | Loss: 0.0725 | Val Accuracy: 92.02%
   📅 Epoch 14 | Loss: 0.0712 | Val Accuracy: 92.81%
      ⭐ New Best! Saved.
   📅 Epoch 15 | Loss: 0.0762 | Val Accuracy: 92.47%
   📅 Epoch 16 | Loss: 0.0665 | Val Accuracy: 92.75%
   📅 Epoch 17 | Loss: 0.0665 | Val Accuracy: 92.81%
   📅 Epoch 18 | Loss: 0.0641 | Val Accuracy: 90.35%
   📅 Epoch 19 | Loss: 0.0674 | Val Accuracy: 92.75%
   📅 Epoch 20 | Loss: 0.0552 | Val Accuracy: 92.53%
   📅 Epoch 21 | Loss: 0.0559 | Val Accuracy: 92.75%

   🛑 Early Stopping triggered after 7 epochs.

========================================
🏆 Best Val Accuracy: 92.81%
💾 Best Checkpoint: ./checkpoints/full_mb-landmark_cls_dinov3_sat_lr0.0001_concat_2.pth
========================================

