
============================================================
📄 Log File: ./logs/full_records/mb-landmark_cls_siglip2_lr1e-05_original.log
⏰ Time: 2026-03-04 03:42:46
============================================================

🚀 Training siglip2 on mb-landmark_cls | Mode: FULL | LR: 1e-05
   📂 [TRAIN] Loading 1 shards...
   ✅ Loaded 6997 samples.
   📂 [TEST] Loading 1 shards...
   ✅ Loaded 1793 samples.
   ⚙️  Config: Workers=8, BS=32, SmallData=False

>>> Loading Model: siglip2 (transformers)

   🔍 [Structure Check] siglip2 Output Analysis:
      Type: Tuple (len=2)
      Item 0: Shape (1, 1024)
      Item 1: Shape (1, 256, 1024)
      ✅ Identified: CLS=True, Patch=True
      👉 Final Strategy: CLS_only | Input Dim: 1024
   🔥 Mode: Full Fine-tuning (Backbone Unfrozen)
   🚀 Compiling model with torch.compile...
   ⚡ AMP Precision: torch.bfloat16
   🔄 Training Start... (Epochs: 50, Patience: 7)
   📅 Epoch 1 | Loss: 0.8076 | Val Accuracy: 82.65%
      ⭐ New Best! Saved.
   📅 Epoch 2 | Loss: 0.4355 | Val Accuracy: 86.28%
      ⭐ New Best! Saved.
   📅 Epoch 3 | Loss: 0.3064 | Val Accuracy: 88.79%
      ⭐ New Best! Saved.
   📅 Epoch 4 | Loss: 0.2406 | Val Accuracy: 90.30%
      ⭐ New Best! Saved.
   📅 Epoch 5 | Loss: 0.2007 | Val Accuracy: 91.63%
      ⭐ New Best! Saved.
   📅 Epoch 6 | Loss: 0.1808 | Val Accuracy: 92.47%
      ⭐ New Best! Saved.
   📅 Epoch 7 | Loss: 0.1630 | Val Accuracy: 91.30%
   📅 Epoch 8 | Loss: 0.1461 | Val Accuracy: 92.53%
      ⭐ New Best! Saved.
   📅 Epoch 9 | Loss: 0.1297 | Val Accuracy: 92.81%
      ⭐ New Best! Saved.
   📅 Epoch 10 | Loss: 0.1260 | Val Accuracy: 93.36%
      ⭐ New Best! Saved.
   📅 Epoch 11 | Loss: 0.1208 | Val Accuracy: 91.75%
   📅 Epoch 12 | Loss: 0.1194 | Val Accuracy: 92.81%
   📅 Epoch 13 | Loss: 0.1097 | Val Accuracy: 92.75%
   📅 Epoch 14 | Loss: 0.0990 | Val Accuracy: 92.92%
   📅 Epoch 15 | Loss: 0.0930 | Val Accuracy: 92.75%
   📅 Epoch 16 | Loss: 0.0949 | Val Accuracy: 93.03%
   📅 Epoch 17 | Loss: 0.0951 | Val Accuracy: 92.02%

   🛑 Early Stopping triggered after 7 epochs.

========================================
🏆 Best Val Accuracy: 93.36%
💾 Best Checkpoint: ./checkpoints/full_mb-landmark_cls_siglip2_lr1e-05_original.pth
========================================

