
============================================================
📄 Log File: ./logs/full_records/mb-landmark_cls_mars_mae_lr0.001_concat_3.log
⏰ Time: 2026-03-03 17:25:49
============================================================

🚀 Training mars_mae on mb-landmark_cls | Mode: FULL | LR: 0.001
   📂 [TRAIN] Loading 1 shards...
   ✅ Loaded 6997 samples.
   📂 [TEST] Loading 1 shards...
   ✅ Loaded 1793 samples.
   ⚙️  Config: Workers=8, BS=32, SmallData=False

>>> Loading Model: mars_mae (timm_mae)
   ℹ️  Config: in_chans=1
   🔍 Auditing weights for [mars_mae]...
   ✅ [PERFECT MATCH] 150/150 layers loaded (100.0%)

   🔍 [Structure Check] mars_mae Output Analysis:
      Type: Tuple (len=2)
      Item 0: Shape (1, 768)
      Item 1: Shape (1, 196, 768)
      ✅ Identified: CLS=True, Patch=True
      👉 Final Strategy: concat_3 | Input Dim: 2304
   🔥 Mode: Full Fine-tuning (Backbone Unfrozen)
   🚀 Compiling model with torch.compile...
   ⚡ AMP Precision: torch.bfloat16
   🔄 Training Start... (Epochs: 50, Patience: 7)
   📅 Epoch 1 | Loss: 0.7215 | Val Accuracy: 82.43%
      ⭐ New Best! Saved.
   📅 Epoch 2 | Loss: 0.5109 | Val Accuracy: 84.61%
      ⭐ New Best! Saved.
   📅 Epoch 3 | Loss: 0.3920 | Val Accuracy: 87.62%
      ⭐ New Best! Saved.
   📅 Epoch 4 | Loss: 0.3295 | Val Accuracy: 87.67%
      ⭐ New Best! Saved.
   📅 Epoch 5 | Loss: 0.3037 | Val Accuracy: 86.17%
   📅 Epoch 6 | Loss: 0.2807 | Val Accuracy: 86.84%
   📅 Epoch 7 | Loss: 0.2496 | Val Accuracy: 86.22%
   📅 Epoch 8 | Loss: 0.2413 | Val Accuracy: 87.67%
   📅 Epoch 9 | Loss: 0.2333 | Val Accuracy: 87.12%
   📅 Epoch 10 | Loss: 0.2511 | Val Accuracy: 88.06%
      ⭐ New Best! Saved.
   📅 Epoch 11 | Loss: 0.2346 | Val Accuracy: 87.67%
   📅 Epoch 12 | Loss: 0.2225 | Val Accuracy: 87.06%
   📅 Epoch 13 | Loss: 0.1927 | Val Accuracy: 86.34%
   📅 Epoch 14 | Loss: 0.1868 | Val Accuracy: 87.06%
   📅 Epoch 15 | Loss: 0.2017 | Val Accuracy: 86.56%
   📅 Epoch 16 | Loss: 0.1852 | Val Accuracy: 85.44%
   📅 Epoch 17 | Loss: 0.1903 | Val Accuracy: 87.51%

   🛑 Early Stopping triggered after 7 epochs.

========================================
🏆 Best Val Accuracy: 88.06%
💾 Best Checkpoint: ./checkpoints/full_mb-landmark_cls_mars_mae_lr0.001_concat_3.pth
========================================

