
============================================================
📄 Log File: ./logs/full_records/mb-landmark_cls_swin_v2_lr0.0001_original.log
⏰ Time: 2026-03-04 00:43:46
============================================================

🚀 Training swin_v2 on mb-landmark_cls | Mode: FULL | LR: 0.0001
   📂 [TRAIN] Loading 1 shards...
   ✅ Loaded 6997 samples.
   📂 [TEST] Loading 1 shards...
   ✅ Loaded 1793 samples.
   ⚙️  Config: Workers=8, BS=32, SmallData=False

>>> Loading Model: swin_v2 (torchvision_swin)
   🔍 Auditing weights for [swin_v2]...
   ✅ [PERFECT MATCH] 449/449 layers loaded (100.0%)

   🔍 [Structure Check] swin_v2 Output Analysis:
      Type: Tuple (len=2)
      Item 0: Shape (1, 1024)
      Item 1: Shape (1, 64, 1024)
      ✅ Identified: CLS=True, Patch=True
      👉 Final Strategy: GAP_only | Input Dim: 1024
   🔥 Mode: Full Fine-tuning (Backbone Unfrozen)
   🚀 Compiling model with torch.compile...
   ⚡ AMP Precision: torch.bfloat16
   🔄 Training Start... (Epochs: 50, Patience: 7)
   📅 Epoch 1 | Loss: 0.7295 | Val Accuracy: 85.55%
      ⭐ New Best! Saved.
   📅 Epoch 2 | Loss: 0.3401 | Val Accuracy: 89.74%
      ⭐ New Best! Saved.
   📅 Epoch 3 | Loss: 0.2425 | Val Accuracy: 91.30%
      ⭐ New Best! Saved.
   📅 Epoch 4 | Loss: 0.2072 | Val Accuracy: 91.69%
      ⭐ New Best! Saved.
   📅 Epoch 5 | Loss: 0.1810 | Val Accuracy: 92.19%
      ⭐ New Best! Saved.
   📅 Epoch 6 | Loss: 0.1634 | Val Accuracy: 91.63%
   📅 Epoch 7 | Loss: 0.1568 | Val Accuracy: 92.19%
   📅 Epoch 8 | Loss: 0.1506 | Val Accuracy: 91.97%
   📅 Epoch 9 | Loss: 0.1402 | Val Accuracy: 92.19%
   📅 Epoch 10 | Loss: 0.1297 | Val Accuracy: 91.80%
   📅 Epoch 11 | Loss: 0.1243 | Val Accuracy: 92.19%
   📅 Epoch 12 | Loss: 0.1198 | Val Accuracy: 92.53%
      ⭐ New Best! Saved.
   📅 Epoch 13 | Loss: 0.1202 | Val Accuracy: 92.25%
   📅 Epoch 14 | Loss: 0.1223 | Val Accuracy: 91.69%
   📅 Epoch 15 | Loss: 0.1114 | Val Accuracy: 91.47%
   📅 Epoch 16 | Loss: 0.1030 | Val Accuracy: 92.36%
   📅 Epoch 17 | Loss: 0.1041 | Val Accuracy: 92.53%
   📅 Epoch 18 | Loss: 0.0963 | Val Accuracy: 92.69%
      ⭐ New Best! Saved.
   📅 Epoch 19 | Loss: 0.0994 | Val Accuracy: 92.14%
   📅 Epoch 20 | Loss: 0.1017 | Val Accuracy: 92.41%
   📅 Epoch 21 | Loss: 0.0992 | Val Accuracy: 92.08%
   📅 Epoch 22 | Loss: 0.0941 | Val Accuracy: 92.36%
   📅 Epoch 23 | Loss: 0.0883 | Val Accuracy: 92.08%
   📅 Epoch 24 | Loss: 0.0872 | Val Accuracy: 92.86%
      ⭐ New Best! Saved.
   📅 Epoch 25 | Loss: 0.0939 | Val Accuracy: 91.91%
   📅 Epoch 26 | Loss: 0.0808 | Val Accuracy: 92.30%
   📅 Epoch 27 | Loss: 0.0865 | Val Accuracy: 92.47%
   📅 Epoch 28 | Loss: 0.0900 | Val Accuracy: 92.58%
   📅 Epoch 29 | Loss: 0.0905 | Val Accuracy: 92.97%
      ⭐ New Best! Saved.
   📅 Epoch 30 | Loss: 0.0799 | Val Accuracy: 92.64%
   📅 Epoch 31 | Loss: 0.0813 | Val Accuracy: 92.75%
   📅 Epoch 32 | Loss: 0.0800 | Val Accuracy: 92.64%
   📅 Epoch 33 | Loss: 0.0769 | Val Accuracy: 92.36%
   📅 Epoch 34 | Loss: 0.0769 | Val Accuracy: 91.86%
   📅 Epoch 35 | Loss: 0.0817 | Val Accuracy: 92.69%
   📅 Epoch 36 | Loss: 0.0708 | Val Accuracy: 92.64%

   🛑 Early Stopping triggered after 7 epochs.

========================================
🏆 Best Val Accuracy: 92.97%
💾 Best Checkpoint: ./checkpoints/full_mb-landmark_cls_swin_v2_lr0.0001_original.pth
========================================

