
============================================================
📄 Log File: ./logs/full_records/mb-landmark_cls_siglip2_lr1e-05_concat_2.log
⏰ Time: 2026-03-03 09:24:53
============================================================

🚀 Training siglip2 on mb-landmark_cls | Mode: FULL | LR: 1e-05
   📂 [TRAIN] Loading 1 shards...
   ✅ Loaded 6997 samples.
   📂 [TEST] Loading 1 shards...
   ✅ Loaded 1793 samples.
   ⚙️  Config: Workers=8, BS=32, SmallData=False

>>> Loading Model: siglip2 (transformers)

   🔍 [Structure Check] siglip2 Output Analysis:
      Type: Tuple (len=2)
      Item 0: Shape (1, 1024)
      Item 1: Shape (1, 256, 1024)
      ✅ Identified: CLS=True, Patch=True
      👉 Final Strategy: concat_2 | Input Dim: 2048
   🔥 Mode: Full Fine-tuning (Backbone Unfrozen)
   🚀 Compiling model with torch.compile...
   ⚡ AMP Precision: torch.bfloat16
   🔄 Training Start... (Epochs: 50, Patience: 7)
   📅 Epoch 1 | Loss: 0.7374 | Val Accuracy: 83.05%
      ⭐ New Best! Saved.
   📅 Epoch 2 | Loss: 0.3528 | Val Accuracy: 87.67%
      ⭐ New Best! Saved.
   📅 Epoch 3 | Loss: 0.2460 | Val Accuracy: 88.57%
      ⭐ New Best! Saved.
   📅 Epoch 4 | Loss: 0.2018 | Val Accuracy: 90.46%
      ⭐ New Best! Saved.
   📅 Epoch 5 | Loss: 0.1686 | Val Accuracy: 91.41%
      ⭐ New Best! Saved.
   📅 Epoch 6 | Loss: 0.1453 | Val Accuracy: 92.25%
      ⭐ New Best! Saved.
   📅 Epoch 7 | Loss: 0.1416 | Val Accuracy: 92.81%
      ⭐ New Best! Saved.
   📅 Epoch 8 | Loss: 0.1262 | Val Accuracy: 92.02%
   📅 Epoch 9 | Loss: 0.1177 | Val Accuracy: 92.02%
   📅 Epoch 10 | Loss: 0.1178 | Val Accuracy: 92.36%
   📅 Epoch 11 | Loss: 0.1123 | Val Accuracy: 93.08%
      ⭐ New Best! Saved.
   📅 Epoch 12 | Loss: 0.1034 | Val Accuracy: 93.31%
      ⭐ New Best! Saved.
   📅 Epoch 13 | Loss: 0.1004 | Val Accuracy: 93.42%
      ⭐ New Best! Saved.
   📅 Epoch 14 | Loss: 0.0907 | Val Accuracy: 92.86%
   📅 Epoch 15 | Loss: 0.0906 | Val Accuracy: 92.69%
   📅 Epoch 16 | Loss: 0.0862 | Val Accuracy: 93.87%
      ⭐ New Best! Saved.
   📅 Epoch 17 | Loss: 0.0950 | Val Accuracy: 93.47%
   📅 Epoch 18 | Loss: 0.0835 | Val Accuracy: 93.75%
   📅 Epoch 19 | Loss: 0.0838 | Val Accuracy: 93.31%
   📅 Epoch 20 | Loss: 0.0823 | Val Accuracy: 92.75%
   📅 Epoch 21 | Loss: 0.0795 | Val Accuracy: 92.97%
   📅 Epoch 22 | Loss: 0.0687 | Val Accuracy: 92.92%
   📅 Epoch 23 | Loss: 0.0762 | Val Accuracy: 93.08%

   🛑 Early Stopping triggered after 7 epochs.

========================================
🏆 Best Val Accuracy: 93.87%
💾 Best Checkpoint: ./checkpoints/full_mb-landmark_cls_siglip2_lr1e-05_concat_2.pth
========================================

