
============================================================
📄 Log File: ./logs/full_records/mb-landmark_cls_satmae_lr0.0001_original.log
⏰ Time: 2026-03-03 22:23:03
============================================================

🚀 Training satmae on mb-landmark_cls | Mode: FULL | LR: 0.0001
   📂 [TRAIN] Loading 1 shards...
   ✅ Loaded 6997 samples.
   📂 [TEST] Loading 1 shards...
   ✅ Loaded 1793 samples.
   ⚙️  Config: Workers=8, BS=32, SmallData=False

>>> Loading Model: satmae (timm_mae)
   ℹ️  Config: in_chans=3
   🔍 Auditing weights for [satmae]...
   ✅ [PERFECT MATCH] 294/294 layers loaded (100.0%)

   🔍 [Structure Check] satmae Output Analysis:
      Type: Tuple (len=2)
      Item 0: Shape (1, 1024)
      Item 1: Shape (1, 196, 1024)
      ✅ Identified: CLS=True, Patch=True
      👉 Final Strategy: GAP_only | Input Dim: 1024
   🔥 Mode: Full Fine-tuning (Backbone Unfrozen)
   🚀 Compiling model with torch.compile...
   ⚡ AMP Precision: torch.bfloat16
   🔄 Training Start... (Epochs: 50, Patience: 7)
   📅 Epoch 1 | Loss: 0.5478 | Val Accuracy: 86.45%
      ⭐ New Best! Saved.
   📅 Epoch 2 | Loss: 0.3276 | Val Accuracy: 88.06%
      ⭐ New Best! Saved.
   📅 Epoch 3 | Loss: 0.2675 | Val Accuracy: 89.68%
      ⭐ New Best! Saved.
   📅 Epoch 4 | Loss: 0.2344 | Val Accuracy: 90.57%
      ⭐ New Best! Saved.
   📅 Epoch 5 | Loss: 0.2124 | Val Accuracy: 84.94%
   📅 Epoch 6 | Loss: 0.2099 | Val Accuracy: 89.12%
   📅 Epoch 7 | Loss: 0.1835 | Val Accuracy: 89.96%
   📅 Epoch 8 | Loss: 0.1670 | Val Accuracy: 89.29%
   📅 Epoch 9 | Loss: 0.1702 | Val Accuracy: 90.18%
   📅 Epoch 10 | Loss: 0.1759 | Val Accuracy: 91.63%
      ⭐ New Best! Saved.
   📅 Epoch 11 | Loss: 0.1527 | Val Accuracy: 91.13%
   📅 Epoch 12 | Loss: 0.1544 | Val Accuracy: 91.19%
   📅 Epoch 13 | Loss: 0.1410 | Val Accuracy: 89.46%
   📅 Epoch 14 | Loss: 0.1400 | Val Accuracy: 91.41%
   📅 Epoch 15 | Loss: 0.1421 | Val Accuracy: 91.13%
   📅 Epoch 16 | Loss: 0.1265 | Val Accuracy: 89.85%
   📅 Epoch 17 | Loss: 0.1383 | Val Accuracy: 92.25%
      ⭐ New Best! Saved.
   📅 Epoch 18 | Loss: 0.1162 | Val Accuracy: 91.13%
   📅 Epoch 19 | Loss: 0.1162 | Val Accuracy: 90.91%
   📅 Epoch 20 | Loss: 0.1149 | Val Accuracy: 91.36%
   📅 Epoch 21 | Loss: 0.1062 | Val Accuracy: 91.97%
   📅 Epoch 22 | Loss: 0.1109 | Val Accuracy: 91.47%
   📅 Epoch 23 | Loss: 0.1100 | Val Accuracy: 90.46%
   📅 Epoch 24 | Loss: 0.1003 | Val Accuracy: 91.30%

   🛑 Early Stopping triggered after 7 epochs.

========================================
🏆 Best Val Accuracy: 92.25%
💾 Best Checkpoint: ./checkpoints/full_mb-landmark_cls_satmae_lr0.0001_original.pth
========================================

