
============================================================
📄 Log File: ./logs/full_records/mb-landmark_cls_siglip2_lr0.001_original.log
⏰ Time: 2026-03-04 03:18:43
============================================================

🚀 Training siglip2 on mb-landmark_cls | Mode: FULL | LR: 0.001
   📂 [TRAIN] Loading 1 shards...
   ✅ Loaded 6997 samples.
   📂 [TEST] Loading 1 shards...
   ✅ Loaded 1793 samples.
   ⚙️  Config: Workers=8, BS=32, SmallData=False

>>> Loading Model: siglip2 (transformers)

   🔍 [Structure Check] siglip2 Output Analysis:
      Type: Tuple (len=2)
      Item 0: Shape (1, 1024)
      Item 1: Shape (1, 256, 1024)
      ✅ Identified: CLS=True, Patch=True
      👉 Final Strategy: CLS_only | Input Dim: 1024
   🔥 Mode: Full Fine-tuning (Backbone Unfrozen)
   🚀 Compiling model with torch.compile...
   ⚡ AMP Precision: torch.bfloat16
   🔄 Training Start... (Epochs: 50, Patience: 7)
   📅 Epoch 1 | Loss: 0.8718 | Val Accuracy: 82.65%
      ⭐ New Best! Saved.
   📅 Epoch 2 | Loss: 0.8151 | Val Accuracy: 82.65%
   📅 Epoch 3 | Loss: 0.7746 | Val Accuracy: 82.65%
   📅 Epoch 4 | Loss: 0.7689 | Val Accuracy: 82.65%
   📅 Epoch 5 | Loss: 0.7323 | Val Accuracy: 82.65%
   📅 Epoch 6 | Loss: 0.7126 | Val Accuracy: 82.65%
   📅 Epoch 7 | Loss: 0.6517 | Val Accuracy: 74.79%
   📅 Epoch 8 | Loss: 0.6332 | Val Accuracy: 80.26%

   🛑 Early Stopping triggered after 7 epochs.

========================================
🏆 Best Val Accuracy: 82.65%
💾 Best Checkpoint: ./checkpoints/full_mb-landmark_cls_siglip2_lr0.001_original.pth
========================================

