
============================================================
📄 Log File: ./logs/full_records/mb-landmark_cls_satmae_lr0.0001_concat_3.log
⏰ Time: 2026-03-03 11:35:42
============================================================

🚀 Training satmae on mb-landmark_cls | Mode: FULL | LR: 0.0001
   📂 [TRAIN] Loading 1 shards...
   ✅ Loaded 6997 samples.
   📂 [TEST] Loading 1 shards...
   ✅ Loaded 1793 samples.
   ⚙️  Config: Workers=8, BS=32, SmallData=False

>>> Loading Model: satmae (timm_mae)
   ℹ️  Config: in_chans=3
   🔍 Auditing weights for [satmae]...
   ✅ [PERFECT MATCH] 294/294 layers loaded (100.0%)

   🔍 [Structure Check] satmae Output Analysis:
      Type: Tuple (len=2)
      Item 0: Shape (1, 1024)
      Item 1: Shape (1, 196, 1024)
      ✅ Identified: CLS=True, Patch=True
      👉 Final Strategy: concat_3 | Input Dim: 3072
   🔥 Mode: Full Fine-tuning (Backbone Unfrozen)
   🚀 Compiling model with torch.compile...
   ⚡ AMP Precision: torch.bfloat16
   🔄 Training Start... (Epochs: 50, Patience: 7)
   📅 Epoch 1 | Loss: 0.5470 | Val Accuracy: 85.05%
      ⭐ New Best! Saved.
   📅 Epoch 2 | Loss: 0.3306 | Val Accuracy: 87.62%
      ⭐ New Best! Saved.
   📅 Epoch 3 | Loss: 0.2626 | Val Accuracy: 84.66%
   📅 Epoch 4 | Loss: 0.2314 | Val Accuracy: 88.29%
      ⭐ New Best! Saved.
   📅 Epoch 5 | Loss: 0.2363 | Val Accuracy: 88.18%
   📅 Epoch 6 | Loss: 0.2039 | Val Accuracy: 89.07%
      ⭐ New Best! Saved.
   📅 Epoch 7 | Loss: 0.1906 | Val Accuracy: 90.80%
      ⭐ New Best! Saved.
   📅 Epoch 8 | Loss: 0.1768 | Val Accuracy: 90.69%
   📅 Epoch 9 | Loss: 0.1765 | Val Accuracy: 90.74%
   📅 Epoch 10 | Loss: 0.1637 | Val Accuracy: 90.57%
   📅 Epoch 11 | Loss: 0.1658 | Val Accuracy: 90.80%
   📅 Epoch 12 | Loss: 0.1552 | Val Accuracy: 90.80%
   📅 Epoch 13 | Loss: 0.1652 | Val Accuracy: 91.13%
      ⭐ New Best! Saved.
   📅 Epoch 14 | Loss: 0.1475 | Val Accuracy: 89.79%
   📅 Epoch 15 | Loss: 0.1316 | Val Accuracy: 90.30%
   📅 Epoch 16 | Loss: 0.1304 | Val Accuracy: 91.41%
      ⭐ New Best! Saved.
   📅 Epoch 17 | Loss: 0.1262 | Val Accuracy: 90.41%
   📅 Epoch 18 | Loss: 0.1220 | Val Accuracy: 91.97%
      ⭐ New Best! Saved.
   📅 Epoch 19 | Loss: 0.1147 | Val Accuracy: 92.36%
      ⭐ New Best! Saved.
   📅 Epoch 20 | Loss: 0.1170 | Val Accuracy: 91.36%
   📅 Epoch 21 | Loss: 0.1214 | Val Accuracy: 91.30%
   📅 Epoch 22 | Loss: 0.1036 | Val Accuracy: 90.96%
   📅 Epoch 23 | Loss: 0.1092 | Val Accuracy: 90.80%
   📅 Epoch 24 | Loss: 0.1114 | Val Accuracy: 89.96%
   📅 Epoch 25 | Loss: 0.1078 | Val Accuracy: 91.13%
   📅 Epoch 26 | Loss: 0.1062 | Val Accuracy: 91.69%

   🛑 Early Stopping triggered after 7 epochs.

========================================
🏆 Best Val Accuracy: 92.36%
💾 Best Checkpoint: ./checkpoints/full_mb-landmark_cls_satmae_lr0.0001_concat_3.pth
========================================

