
============================================================
📄 Log File: ./logs/full_records/mb-landmark_cls_dinov3_lvd_lr1e-05_original.log
⏰ Time: 2026-03-03 17:29:54
============================================================

🚀 Training dinov3_lvd on mb-landmark_cls | Mode: FULL | LR: 1e-05
   📂 [TRAIN] Loading 1 shards...
   ✅ Loaded 6997 samples.
   📂 [TEST] Loading 1 shards...
   ✅ Loaded 1793 samples.
   ⚙️  Config: Workers=8, BS=32, SmallData=False

>>> Loading Model: dinov3_lvd (dinov3_hub)
   🔍 Auditing weights for [dinov3_lvd]...
   ✅ [PERFECT MATCH] 368/368 layers loaded (100.0%)

   🔍 [Structure Check] dinov3_lvd Output Analysis:
      Type: Tuple (len=2)
      Item 0: Shape (1, 1024)
      Item 1: Shape (1, 256, 1024)
      ✅ Identified: CLS=True, Patch=True
      👉 Final Strategy: CLS_only | Input Dim: 1024
   🔥 Mode: Full Fine-tuning (Backbone Unfrozen)
   🚀 Compiling model with torch.compile...
   ⚡ AMP Precision: torch.bfloat16
   🔄 Training Start... (Epochs: 50, Patience: 7)
   📅 Epoch 1 | Loss: 1.3157 | Val Accuracy: 82.65%
      ⭐ New Best! Saved.
   📅 Epoch 2 | Loss: 0.6734 | Val Accuracy: 82.65%
   📅 Epoch 3 | Loss: 0.5211 | Val Accuracy: 82.99%
      ⭐ New Best! Saved.
   📅 Epoch 4 | Loss: 0.4188 | Val Accuracy: 84.38%
      ⭐ New Best! Saved.
   📅 Epoch 5 | Loss: 0.3459 | Val Accuracy: 86.73%
      ⭐ New Best! Saved.
   📅 Epoch 6 | Loss: 0.3009 | Val Accuracy: 88.12%
      ⭐ New Best! Saved.
   📅 Epoch 7 | Loss: 0.2653 | Val Accuracy: 88.46%
      ⭐ New Best! Saved.
   📅 Epoch 8 | Loss: 0.2431 | Val Accuracy: 88.68%
      ⭐ New Best! Saved.
   📅 Epoch 9 | Loss: 0.2224 | Val Accuracy: 88.79%
      ⭐ New Best! Saved.
   📅 Epoch 10 | Loss: 0.2039 | Val Accuracy: 89.35%
      ⭐ New Best! Saved.
   📅 Epoch 11 | Loss: 0.1995 | Val Accuracy: 89.85%
      ⭐ New Best! Saved.
   📅 Epoch 12 | Loss: 0.1827 | Val Accuracy: 90.18%
      ⭐ New Best! Saved.
   📅 Epoch 13 | Loss: 0.1724 | Val Accuracy: 89.96%
   📅 Epoch 14 | Loss: 0.1611 | Val Accuracy: 90.02%
   📅 Epoch 15 | Loss: 0.1524 | Val Accuracy: 90.52%
      ⭐ New Best! Saved.
   📅 Epoch 16 | Loss: 0.1491 | Val Accuracy: 90.57%
      ⭐ New Best! Saved.
   📅 Epoch 17 | Loss: 0.1433 | Val Accuracy: 91.24%
      ⭐ New Best! Saved.
   📅 Epoch 18 | Loss: 0.1355 | Val Accuracy: 91.30%
      ⭐ New Best! Saved.
   📅 Epoch 19 | Loss: 0.1267 | Val Accuracy: 91.63%
      ⭐ New Best! Saved.
   📅 Epoch 20 | Loss: 0.1252 | Val Accuracy: 91.58%
   📅 Epoch 21 | Loss: 0.1187 | Val Accuracy: 91.97%
      ⭐ New Best! Saved.
   📅 Epoch 22 | Loss: 0.1254 | Val Accuracy: 91.63%
   📅 Epoch 23 | Loss: 0.1225 | Val Accuracy: 91.75%
   📅 Epoch 24 | Loss: 0.1127 | Val Accuracy: 91.97%
   📅 Epoch 25 | Loss: 0.1031 | Val Accuracy: 91.97%
   📅 Epoch 26 | Loss: 0.1019 | Val Accuracy: 92.14%
      ⭐ New Best! Saved.
   📅 Epoch 27 | Loss: 0.0988 | Val Accuracy: 92.25%
      ⭐ New Best! Saved.
   📅 Epoch 28 | Loss: 0.0972 | Val Accuracy: 91.75%
   📅 Epoch 29 | Loss: 0.0976 | Val Accuracy: 92.53%
      ⭐ New Best! Saved.
   📅 Epoch 30 | Loss: 0.0957 | Val Accuracy: 92.36%
   📅 Epoch 31 | Loss: 0.0957 | Val Accuracy: 92.41%
   📅 Epoch 32 | Loss: 0.0892 | Val Accuracy: 92.69%
      ⭐ New Best! Saved.
   📅 Epoch 33 | Loss: 0.0938 | Val Accuracy: 92.69%
   📅 Epoch 34 | Loss: 0.0852 | Val Accuracy: 92.36%
   📅 Epoch 35 | Loss: 0.0919 | Val Accuracy: 92.53%
   📅 Epoch 36 | Loss: 0.0938 | Val Accuracy: 92.58%
   📅 Epoch 37 | Loss: 0.0837 | Val Accuracy: 92.69%
   📅 Epoch 38 | Loss: 0.0771 | Val Accuracy: 92.86%
      ⭐ New Best! Saved.
   📅 Epoch 39 | Loss: 0.0805 | Val Accuracy: 92.69%
   📅 Epoch 40 | Loss: 0.0726 | Val Accuracy: 92.75%
   📅 Epoch 41 | Loss: 0.0775 | Val Accuracy: 93.25%
      ⭐ New Best! Saved.
   📅 Epoch 42 | Loss: 0.0801 | Val Accuracy: 93.59%
      ⭐ New Best! Saved.
   📅 Epoch 43 | Loss: 0.0737 | Val Accuracy: 93.53%
   📅 Epoch 44 | Loss: 0.0704 | Val Accuracy: 93.42%
   📅 Epoch 45 | Loss: 0.0691 | Val Accuracy: 93.47%
   📅 Epoch 46 | Loss: 0.0675 | Val Accuracy: 93.08%
   📅 Epoch 47 | Loss: 0.0713 | Val Accuracy: 93.59%
   📅 Epoch 48 | Loss: 0.0708 | Val Accuracy: 93.53%
   📅 Epoch 49 | Loss: 0.0715 | Val Accuracy: 93.20%

   🛑 Early Stopping triggered after 7 epochs.

========================================
🏆 Best Val Accuracy: 93.59%
💾 Best Checkpoint: ./checkpoints/full_mb-landmark_cls_dinov3_lvd_lr1e-05_original.pth
========================================

