
============================================================
📄 Log File: ./logs/full_records/mb-landmark_cls_dinov3_lvd_1cha_lr1e-05_concat_3.log
⏰ Time: 2026-04-11 06:51:38
============================================================

🚀 Training dinov3_lvd_1cha on mb-landmark_cls | Mode: FULL | LR: 1e-05
   📂 [TRAIN] Loading 1 shards...
   ✅ Loaded 6997 samples.
   📂 [TEST] Loading 1 shards...
   ✅ Loaded 1793 samples.
   ⚙️  Config: Workers=8, BS=32, SmallData=False

>>> Loading Model: dinov3_lvd_1cha (dinov3_hub)
   🔍 Auditing weights for [dinov3_lvd_1cha]...
   ✅ [PERFECT MATCH] 368/368 layers loaded (100.0%)

   🔍 [Structure Check] dinov3_lvd_1cha Output Analysis:
      Type: Tuple (len=2)
      Item 0: Shape (1, 1024)
      Item 1: Shape (1, 256, 1024)
      ✅ Identified: CLS=True, Patch=True
      👉 Final Strategy: concat_3 | Input Dim: 3072
   🔥 Mode: Full Fine-tuning (Backbone Unfrozen)
   🚀 Compiling model with torch.compile...
   ⚡ AMP Precision: torch.bfloat16
   🔄 Training Start... (Epochs: 50, Patience: 7)
   📅 Epoch 1 | Loss: 1.5721 | Val Accuracy: 82.65%
      ⭐ New Best! (Model saving disabled to save space)
   📅 Epoch 2 | Loss: 0.7189 | Val Accuracy: 82.65%
   📅 Epoch 3 | Loss: 0.5408 | Val Accuracy: 82.82%
      ⭐ New Best! (Model saving disabled to save space)
   📅 Epoch 4 | Loss: 0.4322 | Val Accuracy: 84.50%
      ⭐ New Best! (Model saving disabled to save space)
   📅 Epoch 5 | Loss: 0.3539 | Val Accuracy: 87.01%
      ⭐ New Best! (Model saving disabled to save space)
   📅 Epoch 6 | Loss: 0.2982 | Val Accuracy: 87.79%
      ⭐ New Best! (Model saving disabled to save space)
   📅 Epoch 7 | Loss: 0.2714 | Val Accuracy: 88.29%
      ⭐ New Best! (Model saving disabled to save space)
   📅 Epoch 8 | Loss: 0.2383 | Val Accuracy: 88.90%
      ⭐ New Best! (Model saving disabled to save space)
   📅 Epoch 9 | Loss: 0.2141 | Val Accuracy: 89.51%
      ⭐ New Best! (Model saving disabled to save space)
   📅 Epoch 10 | Loss: 0.1991 | Val Accuracy: 90.35%
      ⭐ New Best! (Model saving disabled to save space)
   📅 Epoch 11 | Loss: 0.1843 | Val Accuracy: 90.96%
      ⭐ New Best! (Model saving disabled to save space)
   📅 Epoch 12 | Loss: 0.1688 | Val Accuracy: 91.58%
      ⭐ New Best! (Model saving disabled to save space)
   📅 Epoch 13 | Loss: 0.1614 | Val Accuracy: 91.69%
      ⭐ New Best! (Model saving disabled to save space)
   📅 Epoch 14 | Loss: 0.1480 | Val Accuracy: 92.02%
      ⭐ New Best! (Model saving disabled to save space)
   📅 Epoch 15 | Loss: 0.1535 | Val Accuracy: 92.47%
      ⭐ New Best! (Model saving disabled to save space)
   📅 Epoch 16 | Loss: 0.1412 | Val Accuracy: 92.47%
   📅 Epoch 17 | Loss: 0.1395 | Val Accuracy: 92.25%
   📅 Epoch 18 | Loss: 0.1272 | Val Accuracy: 92.58%
      ⭐ New Best! (Model saving disabled to save space)
   📅 Epoch 19 | Loss: 0.1330 | Val Accuracy: 92.81%
      ⭐ New Best! (Model saving disabled to save space)
   📅 Epoch 20 | Loss: 0.1241 | Val Accuracy: 92.75%
   📅 Epoch 21 | Loss: 0.1166 | Val Accuracy: 92.81%
   📅 Epoch 22 | Loss: 0.1111 | Val Accuracy: 92.92%
      ⭐ New Best! (Model saving disabled to save space)
   📅 Epoch 23 | Loss: 0.1126 | Val Accuracy: 92.92%
   📅 Epoch 24 | Loss: 0.1116 | Val Accuracy: 93.25%
      ⭐ New Best! (Model saving disabled to save space)
   📅 Epoch 25 | Loss: 0.1041 | Val Accuracy: 93.47%
      ⭐ New Best! (Model saving disabled to save space)
   📅 Epoch 26 | Loss: 0.1035 | Val Accuracy: 94.03%
      ⭐ New Best! (Model saving disabled to save space)
   📅 Epoch 27 | Loss: 0.1081 | Val Accuracy: 94.09%
      ⭐ New Best! (Model saving disabled to save space)
   📅 Epoch 28 | Loss: 0.0989 | Val Accuracy: 94.48%
      ⭐ New Best! (Model saving disabled to save space)
   📅 Epoch 29 | Loss: 0.0978 | Val Accuracy: 93.98%
   📅 Epoch 30 | Loss: 0.0896 | Val Accuracy: 93.64%
   📅 Epoch 31 | Loss: 0.0842 | Val Accuracy: 93.81%
   📅 Epoch 32 | Loss: 0.0892 | Val Accuracy: 93.64%
   📅 Epoch 33 | Loss: 0.0860 | Val Accuracy: 93.81%
   📅 Epoch 34 | Loss: 0.0876 | Val Accuracy: 93.75%
   📅 Epoch 35 | Loss: 0.0814 | Val Accuracy: 93.98%

   🛑 Early Stopping triggered after 7 epochs.

========================================
🏆 Best Val Accuracy: 94.48%
💾 Best Checkpoint: ./checkpoints/full_mb-landmark_cls_dinov3_lvd_1cha_lr1e-05_concat_3.pth
========================================

