
============================================================
📄 Log File: ./logs/full_records/mb-landmark_cls_dinov3_lvd_1cha_lr1e-05_original.log
⏰ Time: 2026-04-11 07:47:24
============================================================

🚀 Training dinov3_lvd_1cha on mb-landmark_cls | Mode: FULL | LR: 1e-05
   📂 [TRAIN] Loading 1 shards...
   ✅ Loaded 6997 samples.
   📂 [TEST] Loading 1 shards...
   ✅ Loaded 1793 samples.
   ⚙️  Config: Workers=8, BS=32, SmallData=False

>>> Loading Model: dinov3_lvd_1cha (dinov3_hub)
   🔍 Auditing weights for [dinov3_lvd_1cha]...
   ✅ [PERFECT MATCH] 368/368 layers loaded (100.0%)

   🔍 [Structure Check] dinov3_lvd_1cha Output Analysis:
      Type: Tuple (len=2)
      Item 0: Shape (1, 1024)
      Item 1: Shape (1, 256, 1024)
      ✅ Identified: CLS=True, Patch=True
      👉 Final Strategy: CLS_only | Input Dim: 1024
   🔥 Mode: Full Fine-tuning (Backbone Unfrozen)
   🚀 Compiling model with torch.compile...
   ⚡ AMP Precision: torch.bfloat16
   🔄 Training Start... (Epochs: 50, Patience: 7)
   📅 Epoch 1 | Loss: 1.2447 | Val Accuracy: 82.65%
      ⭐ New Best! (Model saving disabled to save space)
   📅 Epoch 2 | Loss: 0.6680 | Val Accuracy: 82.60%
   📅 Epoch 3 | Loss: 0.5238 | Val Accuracy: 82.65%
   📅 Epoch 4 | Loss: 0.4157 | Val Accuracy: 84.83%
      ⭐ New Best! (Model saving disabled to save space)
   📅 Epoch 5 | Loss: 0.3454 | Val Accuracy: 86.11%
      ⭐ New Best! (Model saving disabled to save space)
   📅 Epoch 6 | Loss: 0.2982 | Val Accuracy: 87.17%
      ⭐ New Best! (Model saving disabled to save space)
   📅 Epoch 7 | Loss: 0.2641 | Val Accuracy: 87.95%
      ⭐ New Best! (Model saving disabled to save space)
   📅 Epoch 8 | Loss: 0.2434 | Val Accuracy: 88.34%
      ⭐ New Best! (Model saving disabled to save space)
   📅 Epoch 9 | Loss: 0.2223 | Val Accuracy: 88.79%
      ⭐ New Best! (Model saving disabled to save space)
   📅 Epoch 10 | Loss: 0.2106 | Val Accuracy: 89.01%
      ⭐ New Best! (Model saving disabled to save space)
   📅 Epoch 11 | Loss: 0.1951 | Val Accuracy: 89.40%
      ⭐ New Best! (Model saving disabled to save space)
   📅 Epoch 12 | Loss: 0.1883 | Val Accuracy: 89.79%
      ⭐ New Best! (Model saving disabled to save space)
   📅 Epoch 13 | Loss: 0.1774 | Val Accuracy: 89.91%
      ⭐ New Best! (Model saving disabled to save space)
   📅 Epoch 14 | Loss: 0.1669 | Val Accuracy: 90.85%
      ⭐ New Best! (Model saving disabled to save space)
   📅 Epoch 15 | Loss: 0.1514 | Val Accuracy: 90.91%
      ⭐ New Best! (Model saving disabled to save space)
   📅 Epoch 16 | Loss: 0.1494 | Val Accuracy: 91.41%
      ⭐ New Best! (Model saving disabled to save space)
   📅 Epoch 17 | Loss: 0.1440 | Val Accuracy: 91.58%
      ⭐ New Best! (Model saving disabled to save space)
   📅 Epoch 18 | Loss: 0.1384 | Val Accuracy: 91.75%
      ⭐ New Best! (Model saving disabled to save space)
   📅 Epoch 19 | Loss: 0.1358 | Val Accuracy: 92.02%
      ⭐ New Best! (Model saving disabled to save space)
   📅 Epoch 20 | Loss: 0.1317 | Val Accuracy: 91.97%
   📅 Epoch 21 | Loss: 0.1214 | Val Accuracy: 92.02%
   📅 Epoch 22 | Loss: 0.1184 | Val Accuracy: 92.30%
      ⭐ New Best! (Model saving disabled to save space)
   📅 Epoch 23 | Loss: 0.1275 | Val Accuracy: 92.81%
      ⭐ New Best! (Model saving disabled to save space)
   📅 Epoch 24 | Loss: 0.1129 | Val Accuracy: 92.86%
      ⭐ New Best! (Model saving disabled to save space)
   📅 Epoch 25 | Loss: 0.1116 | Val Accuracy: 92.97%
      ⭐ New Best! (Model saving disabled to save space)
   📅 Epoch 26 | Loss: 0.1052 | Val Accuracy: 92.81%
   📅 Epoch 27 | Loss: 0.1038 | Val Accuracy: 92.81%
   📅 Epoch 28 | Loss: 0.1012 | Val Accuracy: 92.92%
   📅 Epoch 29 | Loss: 0.1046 | Val Accuracy: 93.25%
      ⭐ New Best! (Model saving disabled to save space)
   📅 Epoch 30 | Loss: 0.0973 | Val Accuracy: 93.20%
   📅 Epoch 31 | Loss: 0.0978 | Val Accuracy: 93.36%
      ⭐ New Best! (Model saving disabled to save space)
   📅 Epoch 32 | Loss: 0.0925 | Val Accuracy: 93.25%
   📅 Epoch 33 | Loss: 0.0914 | Val Accuracy: 93.03%
   📅 Epoch 34 | Loss: 0.0870 | Val Accuracy: 93.25%
   📅 Epoch 35 | Loss: 0.0864 | Val Accuracy: 93.20%
   📅 Epoch 36 | Loss: 0.0882 | Val Accuracy: 93.08%
   📅 Epoch 37 | Loss: 0.0853 | Val Accuracy: 93.42%
      ⭐ New Best! (Model saving disabled to save space)
   📅 Epoch 38 | Loss: 0.0775 | Val Accuracy: 93.20%
   📅 Epoch 39 | Loss: 0.0853 | Val Accuracy: 93.42%
   📅 Epoch 40 | Loss: 0.0827 | Val Accuracy: 93.47%
      ⭐ New Best! (Model saving disabled to save space)
   📅 Epoch 41 | Loss: 0.0799 | Val Accuracy: 93.20%
   📅 Epoch 42 | Loss: 0.0748 | Val Accuracy: 93.42%
   📅 Epoch 43 | Loss: 0.0741 | Val Accuracy: 93.20%
   📅 Epoch 44 | Loss: 0.0788 | Val Accuracy: 93.47%
   📅 Epoch 45 | Loss: 0.0717 | Val Accuracy: 93.42%
   📅 Epoch 46 | Loss: 0.0758 | Val Accuracy: 93.53%
      ⭐ New Best! (Model saving disabled to save space)
   📅 Epoch 47 | Loss: 0.0719 | Val Accuracy: 93.36%
   📅 Epoch 48 | Loss: 0.0709 | Val Accuracy: 93.47%
   📅 Epoch 49 | Loss: 0.0657 | Val Accuracy: 93.59%
      ⭐ New Best! (Model saving disabled to save space)
   📅 Epoch 50 | Loss: 0.0629 | Val Accuracy: 93.59%

========================================
🏆 Best Val Accuracy: 93.59%
💾 Best Checkpoint: ./checkpoints/full_mb-landmark_cls_dinov3_lvd_1cha_lr1e-05_original.pth
========================================

