
============================================================
📄 Log File: ./logs/full_records/mb-landmark_cls_openclip_lr1e-05_original.log
⏰ Time: 2026-03-04 00:14:46
============================================================

🚀 Training openclip on mb-landmark_cls | Mode: FULL | LR: 1e-05
   📂 [TRAIN] Loading 1 shards...
   ✅ Loaded 6997 samples.
   📂 [TEST] Loading 1 shards...
   ✅ Loaded 1793 samples.
   ⚙️  Config: Workers=8, BS=32, SmallData=False

>>> Loading Model: openclip (transformers_clip)

   🔍 [Structure Check] openclip Output Analysis:
      Type: Tuple (len=2)
      Item 0: Shape (1, 1024)
      Item 1: Shape (1, 256, 1024)
      ✅ Identified: CLS=True, Patch=True
      👉 Final Strategy: CLS_only | Input Dim: 1024
   🔥 Mode: Full Fine-tuning (Backbone Unfrozen)
   🚀 Compiling model with torch.compile...
   ⚡ AMP Precision: torch.bfloat16
   🔄 Training Start... (Epochs: 50, Patience: 7)
   📅 Epoch 1 | Loss: 0.5879 | Val Accuracy: 86.67%
      ⭐ New Best! Saved.
   📅 Epoch 2 | Loss: 0.2682 | Val Accuracy: 90.35%
      ⭐ New Best! Saved.
   📅 Epoch 3 | Loss: 0.1980 | Val Accuracy: 91.80%
      ⭐ New Best! Saved.
   📅 Epoch 4 | Loss: 0.1674 | Val Accuracy: 92.02%
      ⭐ New Best! Saved.
   📅 Epoch 5 | Loss: 0.1410 | Val Accuracy: 91.58%
   📅 Epoch 6 | Loss: 0.1329 | Val Accuracy: 92.64%
      ⭐ New Best! Saved.
   📅 Epoch 7 | Loss: 0.1273 | Val Accuracy: 93.08%
      ⭐ New Best! Saved.
   📅 Epoch 8 | Loss: 0.1153 | Val Accuracy: 92.97%
   📅 Epoch 9 | Loss: 0.1024 | Val Accuracy: 92.92%
   📅 Epoch 10 | Loss: 0.1053 | Val Accuracy: 93.08%
   📅 Epoch 11 | Loss: 0.0900 | Val Accuracy: 92.58%
   📅 Epoch 12 | Loss: 0.0895 | Val Accuracy: 93.20%
      ⭐ New Best! Saved.
   📅 Epoch 13 | Loss: 0.0853 | Val Accuracy: 93.42%
      ⭐ New Best! Saved.
   📅 Epoch 14 | Loss: 0.0833 | Val Accuracy: 92.86%
   📅 Epoch 15 | Loss: 0.0801 | Val Accuracy: 92.97%
   📅 Epoch 16 | Loss: 0.0749 | Val Accuracy: 92.92%
   📅 Epoch 17 | Loss: 0.0747 | Val Accuracy: 93.25%
   📅 Epoch 18 | Loss: 0.0734 | Val Accuracy: 93.36%
   📅 Epoch 19 | Loss: 0.0690 | Val Accuracy: 93.25%
   📅 Epoch 20 | Loss: 0.0655 | Val Accuracy: 93.25%

   🛑 Early Stopping triggered after 7 epochs.

========================================
🏆 Best Val Accuracy: 93.42%
💾 Best Checkpoint: ./checkpoints/full_mb-landmark_cls_openclip_lr1e-05_original.pth
========================================

