
============================================================
📄 Log File: ./logs/full_records/mb-landmark_cls_vit_l_lr0.0001_concat_2.log
⏰ Time: 2026-03-03 07:23:07
============================================================

🚀 Training vit_l on mb-landmark_cls | Mode: FULL | LR: 0.0001
   📂 [TRAIN] Loading 1 shards...
   ✅ Loaded 6997 samples.
   📂 [TEST] Loading 1 shards...
   ✅ Loaded 1793 samples.
   ⚙️  Config: Workers=8, BS=32, SmallData=False

>>> Loading Model: vit_l (torchvision_vit)
   🔍 Auditing weights for [vit_l]...
   ✅ [PERFECT MATCH] 296/296 layers loaded (100.0%)

   🔍 [Structure Check] vit_l Output Analysis:
      Type: Tuple (len=2)
      Item 0: Shape (1, 1024)
      Item 1: Shape (1, 196, 1024)
      ✅ Identified: CLS=True, Patch=True
      👉 Final Strategy: concat_2 | Input Dim: 2048
   🔥 Mode: Full Fine-tuning (Backbone Unfrozen)
   🚀 Compiling model with torch.compile...
   ⚡ AMP Precision: torch.bfloat16
   🔄 Training Start... (Epochs: 50, Patience: 7)
   📅 Epoch 1 | Loss: 0.4029 | Val Accuracy: 90.69%
      ⭐ New Best! Saved.
   📅 Epoch 2 | Loss: 0.1690 | Val Accuracy: 91.97%
      ⭐ New Best! Saved.
   📅 Epoch 3 | Loss: 0.1291 | Val Accuracy: 92.41%
      ⭐ New Best! Saved.
   📅 Epoch 4 | Loss: 0.0995 | Val Accuracy: 92.19%
   📅 Epoch 5 | Loss: 0.1057 | Val Accuracy: 92.64%
      ⭐ New Best! Saved.
   📅 Epoch 6 | Loss: 0.0942 | Val Accuracy: 91.08%
   📅 Epoch 7 | Loss: 0.0811 | Val Accuracy: 92.41%
   📅 Epoch 8 | Loss: 0.0811 | Val Accuracy: 92.64%
   📅 Epoch 9 | Loss: 0.0713 | Val Accuracy: 92.30%
   📅 Epoch 10 | Loss: 0.0647 | Val Accuracy: 91.19%
   📅 Epoch 11 | Loss: 0.0503 | Val Accuracy: 92.02%
   📅 Epoch 12 | Loss: 0.0518 | Val Accuracy: 91.58%

   🛑 Early Stopping triggered after 7 epochs.

========================================
🏆 Best Val Accuracy: 92.64%
💾 Best Checkpoint: ./checkpoints/full_mb-landmark_cls_vit_l_lr0.0001_concat_2.pth
========================================

