
============================================================
📄 Log File: ./logs/full_records/mb-landmark_cls_dinov1_b8_lr0.0001_concat_2.log
⏰ Time: 2026-03-03 03:25:32
============================================================

🚀 Training dinov1_b8 on mb-landmark_cls | Mode: FULL | LR: 0.0001
   📂 [TRAIN] Loading 1 shards...
   ✅ Loaded 6997 samples.
   📂 [TEST] Loading 1 shards...
   ✅ Loaded 1793 samples.
   ⚙️  Config: Workers=8, BS=32, SmallData=False

>>> Loading Model: dinov1_b8 (dinov1)

   🔍 [Structure Check] dinov1_b8 Output Analysis:
      Type: Tuple (len=2)
      Item 0: Shape (1, 768)
      Item 1: Shape (1, 784, 768)
      ✅ Identified: CLS=True, Patch=True
      👉 Final Strategy: concat_2 | Input Dim: 1536
   🔥 Mode: Full Fine-tuning (Backbone Unfrozen)
   🚀 Compiling model with torch.compile...
   ⚡ AMP Precision: torch.bfloat16
   🔄 Training Start... (Epochs: 50, Patience: 7)
   📅 Epoch 1 | Loss: 0.3445 | Val Accuracy: 92.47%
      ⭐ New Best! Saved.
   📅 Epoch 2 | Loss: 0.1417 | Val Accuracy: 92.14%
   📅 Epoch 3 | Loss: 0.1230 | Val Accuracy: 92.41%
   📅 Epoch 4 | Loss: 0.1055 | Val Accuracy: 92.69%
      ⭐ New Best! Saved.
   📅 Epoch 5 | Loss: 0.0798 | Val Accuracy: 92.64%
   📅 Epoch 6 | Loss: 0.0810 | Val Accuracy: 92.41%
   📅 Epoch 7 | Loss: 0.0819 | Val Accuracy: 92.58%
   📅 Epoch 8 | Loss: 0.0658 | Val Accuracy: 93.31%
      ⭐ New Best! Saved.
   📅 Epoch 9 | Loss: 0.0654 | Val Accuracy: 92.97%
   📅 Epoch 10 | Loss: 0.0560 | Val Accuracy: 92.47%
   📅 Epoch 11 | Loss: 0.0508 | Val Accuracy: 93.14%
   📅 Epoch 12 | Loss: 0.0597 | Val Accuracy: 92.30%
   📅 Epoch 13 | Loss: 0.0523 | Val Accuracy: 91.30%
   📅 Epoch 14 | Loss: 0.0479 | Val Accuracy: 92.47%
   📅 Epoch 15 | Loss: 0.0514 | Val Accuracy: 92.86%

   🛑 Early Stopping triggered after 7 epochs.

========================================
🏆 Best Val Accuracy: 93.31%
💾 Best Checkpoint: ./checkpoints/full_mb-landmark_cls_dinov1_b8_lr0.0001_concat_2.pth
========================================

