
============================================================
📄 Log File: ./logs/full_records/mb-landmark_cls_dinov2_l14_lr1e-05_concat_2.log
⏰ Time: 2026-03-03 02:17:11
============================================================

🚀 Training dinov2_l14 on mb-landmark_cls | Mode: FULL | LR: 1e-05
   📂 [TRAIN] Loading 1 shards...
   ✅ Loaded 6997 samples.
   📂 [TEST] Loading 1 shards...
   ✅ Loaded 1793 samples.
   ⚙️  Config: Workers=8, BS=32, SmallData=False

>>> Loading Model: dinov2_l14 (dinov2_hub)
   🔍 Auditing weights for [dinov2_l14]...
   ✅ [PERFECT MATCH] 343/343 layers loaded (100.0%)

   🔍 [Structure Check] dinov2_l14 Output Analysis:
      Type: Tuple (len=2)
      Item 0: Shape (1, 1024)
      Item 1: Shape (1, 256, 1024)
      ✅ Identified: CLS=True, Patch=True
      👉 Final Strategy: concat_2 | Input Dim: 2048
   🔥 Mode: Full Fine-tuning (Backbone Unfrozen)
   🚀 Compiling model with torch.compile...
   ⚡ AMP Precision: torch.bfloat16
   🔄 Training Start... (Epochs: 50, Patience: 7)
   📅 Epoch 1 | Loss: 0.5118 | Val Accuracy: 86.84%
      ⭐ New Best! Saved.
   📅 Epoch 2 | Loss: 0.2229 | Val Accuracy: 89.91%
      ⭐ New Best! Saved.
   📅 Epoch 3 | Loss: 0.1629 | Val Accuracy: 91.80%
      ⭐ New Best! Saved.
   📅 Epoch 4 | Loss: 0.1360 | Val Accuracy: 91.91%
      ⭐ New Best! Saved.
   📅 Epoch 5 | Loss: 0.1227 | Val Accuracy: 92.75%
      ⭐ New Best! Saved.
   📅 Epoch 6 | Loss: 0.1118 | Val Accuracy: 93.03%
      ⭐ New Best! Saved.
   📅 Epoch 7 | Loss: 0.1070 | Val Accuracy: 92.53%
   📅 Epoch 8 | Loss: 0.0934 | Val Accuracy: 93.53%
      ⭐ New Best! Saved.
   📅 Epoch 9 | Loss: 0.0987 | Val Accuracy: 92.97%
   📅 Epoch 10 | Loss: 0.0939 | Val Accuracy: 93.53%
   📅 Epoch 11 | Loss: 0.0810 | Val Accuracy: 93.20%
   📅 Epoch 12 | Loss: 0.0787 | Val Accuracy: 92.36%
   📅 Epoch 13 | Loss: 0.0748 | Val Accuracy: 93.64%
      ⭐ New Best! Saved.
   📅 Epoch 14 | Loss: 0.0696 | Val Accuracy: 93.64%
   📅 Epoch 15 | Loss: 0.0708 | Val Accuracy: 93.36%
   📅 Epoch 16 | Loss: 0.0684 | Val Accuracy: 93.08%
   📅 Epoch 17 | Loss: 0.0592 | Val Accuracy: 93.98%
      ⭐ New Best! Saved.
   📅 Epoch 18 | Loss: 0.0621 | Val Accuracy: 92.86%
   📅 Epoch 19 | Loss: 0.0558 | Val Accuracy: 93.03%
   📅 Epoch 20 | Loss: 0.0587 | Val Accuracy: 93.75%
   📅 Epoch 21 | Loss: 0.0551 | Val Accuracy: 93.03%
   📅 Epoch 22 | Loss: 0.0585 | Val Accuracy: 92.92%
   📅 Epoch 23 | Loss: 0.0548 | Val Accuracy: 93.53%
   📅 Epoch 24 | Loss: 0.0575 | Val Accuracy: 92.36%

   🛑 Early Stopping triggered after 7 epochs.

========================================
🏆 Best Val Accuracy: 93.98%
💾 Best Checkpoint: ./checkpoints/full_mb-landmark_cls_dinov2_l14_lr1e-05_concat_2.pth
========================================

