
============================================================
📄 Log File: ./logs/full_records/mb-landmark_cls_mars_mae_lr1e-05_concat_2.log
⏰ Time: 2026-03-03 09:54:34
============================================================

🚀 Training mars_mae on mb-landmark_cls | Mode: FULL | LR: 1e-05
   📂 [TRAIN] Loading 1 shards...
   ✅ Loaded 6997 samples.
   📂 [TEST] Loading 1 shards...
   ✅ Loaded 1793 samples.
   ⚙️  Config: Workers=8, BS=32, SmallData=False

>>> Loading Model: mars_mae (timm_mae)
   ℹ️  Config: in_chans=1
   🔍 Auditing weights for [mars_mae]...
   ✅ [PERFECT MATCH] 150/150 layers loaded (100.0%)

   🔍 [Structure Check] mars_mae Output Analysis:
      Type: Tuple (len=2)
      Item 0: Shape (1, 768)
      Item 1: Shape (1, 196, 768)
      ✅ Identified: CLS=True, Patch=True
      👉 Final Strategy: concat_2 | Input Dim: 1536
   🔥 Mode: Full Fine-tuning (Backbone Unfrozen)
   🚀 Compiling model with torch.compile...
   ⚡ AMP Precision: torch.bfloat16
   🔄 Training Start... (Epochs: 50, Patience: 7)
   📅 Epoch 1 | Loss: 1.2794 | Val Accuracy: 82.65%
      ⭐ New Best! Saved.
   📅 Epoch 2 | Loss: 0.7342 | Val Accuracy: 82.65%
   📅 Epoch 3 | Loss: 0.6586 | Val Accuracy: 83.27%
      ⭐ New Best! Saved.
   📅 Epoch 4 | Loss: 0.5675 | Val Accuracy: 82.99%
   📅 Epoch 5 | Loss: 0.4943 | Val Accuracy: 83.94%
      ⭐ New Best! Saved.
   📅 Epoch 6 | Loss: 0.4544 | Val Accuracy: 84.94%
      ⭐ New Best! Saved.
   📅 Epoch 7 | Loss: 0.4179 | Val Accuracy: 85.05%
      ⭐ New Best! Saved.
   📅 Epoch 8 | Loss: 0.3894 | Val Accuracy: 85.67%
      ⭐ New Best! Saved.
   📅 Epoch 9 | Loss: 0.3651 | Val Accuracy: 86.50%
      ⭐ New Best! Saved.
   📅 Epoch 10 | Loss: 0.3461 | Val Accuracy: 86.56%
      ⭐ New Best! Saved.
   📅 Epoch 11 | Loss: 0.3160 | Val Accuracy: 86.50%
   📅 Epoch 12 | Loss: 0.2952 | Val Accuracy: 86.61%
      ⭐ New Best! Saved.
   📅 Epoch 13 | Loss: 0.2766 | Val Accuracy: 86.73%
      ⭐ New Best! Saved.
   📅 Epoch 14 | Loss: 0.2701 | Val Accuracy: 86.84%
      ⭐ New Best! Saved.
   📅 Epoch 15 | Loss: 0.2594 | Val Accuracy: 87.28%
      ⭐ New Best! Saved.
   📅 Epoch 16 | Loss: 0.2452 | Val Accuracy: 87.51%
      ⭐ New Best! Saved.
   📅 Epoch 17 | Loss: 0.2403 | Val Accuracy: 88.18%
      ⭐ New Best! Saved.
   📅 Epoch 18 | Loss: 0.2228 | Val Accuracy: 89.01%
      ⭐ New Best! Saved.
   📅 Epoch 19 | Loss: 0.2245 | Val Accuracy: 89.24%
      ⭐ New Best! Saved.
   📅 Epoch 20 | Loss: 0.2170 | Val Accuracy: 89.29%
      ⭐ New Best! Saved.
   📅 Epoch 21 | Loss: 0.2103 | Val Accuracy: 89.74%
      ⭐ New Best! Saved.
   📅 Epoch 22 | Loss: 0.2070 | Val Accuracy: 90.24%
      ⭐ New Best! Saved.
   📅 Epoch 23 | Loss: 0.2072 | Val Accuracy: 89.57%
   📅 Epoch 24 | Loss: 0.1991 | Val Accuracy: 89.29%
   📅 Epoch 25 | Loss: 0.1894 | Val Accuracy: 88.90%
   📅 Epoch 26 | Loss: 0.1834 | Val Accuracy: 89.85%
   📅 Epoch 27 | Loss: 0.1879 | Val Accuracy: 90.57%
      ⭐ New Best! Saved.
   📅 Epoch 28 | Loss: 0.1785 | Val Accuracy: 89.46%
   📅 Epoch 29 | Loss: 0.1764 | Val Accuracy: 89.74%
   📅 Epoch 30 | Loss: 0.1773 | Val Accuracy: 90.07%
   📅 Epoch 31 | Loss: 0.1728 | Val Accuracy: 90.18%
   📅 Epoch 32 | Loss: 0.1601 | Val Accuracy: 89.79%
   📅 Epoch 33 | Loss: 0.1589 | Val Accuracy: 89.85%
   📅 Epoch 34 | Loss: 0.1530 | Val Accuracy: 90.85%
      ⭐ New Best! Saved.
   📅 Epoch 35 | Loss: 0.1503 | Val Accuracy: 91.41%
      ⭐ New Best! Saved.
   📅 Epoch 36 | Loss: 0.1590 | Val Accuracy: 89.79%
   📅 Epoch 37 | Loss: 0.1558 | Val Accuracy: 90.52%
   📅 Epoch 38 | Loss: 0.1542 | Val Accuracy: 90.52%
   📅 Epoch 39 | Loss: 0.1482 | Val Accuracy: 90.46%
   📅 Epoch 40 | Loss: 0.1429 | Val Accuracy: 90.80%
   📅 Epoch 41 | Loss: 0.1418 | Val Accuracy: 90.74%
   📅 Epoch 42 | Loss: 0.1305 | Val Accuracy: 91.08%

   🛑 Early Stopping triggered after 7 epochs.

========================================
🏆 Best Val Accuracy: 91.41%
💾 Best Checkpoint: ./checkpoints/full_mb-landmark_cls_mars_mae_lr1e-05_concat_2.pth
========================================

