
============================================================
📄 Log File: ./logs/full_records/mb-landmark_cls_dinov2_l14_lr0.001_concat_3.log
⏰ Time: 2026-03-03 08:52:41
============================================================

🚀 Training dinov2_l14 on mb-landmark_cls | Mode: FULL | LR: 0.001
   📂 [TRAIN] Loading 1 shards...
   ✅ Loaded 6997 samples.
   📂 [TEST] Loading 1 shards...
   ✅ Loaded 1793 samples.
   ⚙️  Config: Workers=8, BS=32, SmallData=False

>>> Loading Model: dinov2_l14 (dinov2_hub)
   🔍 Auditing weights for [dinov2_l14]...
   ✅ [PERFECT MATCH] 343/343 layers loaded (100.0%)

   🔍 [Structure Check] dinov2_l14 Output Analysis:
      Type: Tuple (len=2)
      Item 0: Shape (1, 1024)
      Item 1: Shape (1, 256, 1024)
      ✅ Identified: CLS=True, Patch=True
      👉 Final Strategy: concat_3 | Input Dim: 3072
   🔥 Mode: Full Fine-tuning (Backbone Unfrozen)
   🚀 Compiling model with torch.compile...
   ⚡ AMP Precision: torch.bfloat16
   🔄 Training Start... (Epochs: 50, Patience: 7)
   📅 Epoch 1 | Loss: 0.9267 | Val Accuracy: 82.65%
      ⭐ New Best! Saved.
   📅 Epoch 2 | Loss: 0.7827 | Val Accuracy: 82.65%
   📅 Epoch 3 | Loss: 0.7476 | Val Accuracy: 82.65%
   📅 Epoch 4 | Loss: 0.7226 | Val Accuracy: 82.65%
   📅 Epoch 5 | Loss: 0.7176 | Val Accuracy: 82.65%
   📅 Epoch 6 | Loss: 0.6822 | Val Accuracy: 82.65%
   📅 Epoch 7 | Loss: 0.6619 | Val Accuracy: 82.65%
   📅 Epoch 8 | Loss: 0.6412 | Val Accuracy: 81.93%

   🛑 Early Stopping triggered after 7 epochs.

========================================
🏆 Best Val Accuracy: 82.65%
💾 Best Checkpoint: ./checkpoints/full_mb-landmark_cls_dinov2_l14_lr0.001_concat_3.pth
========================================

