
============================================================
📄 Log File: ./logs/full_records/mb-landmark_cls_scale_mae_lr0.001_concat_3.log
⏰ Time: 2026-03-03 14:59:03
============================================================

🚀 Training scale_mae on mb-landmark_cls | Mode: FULL | LR: 0.001
   📂 [TRAIN] Loading 1 shards...
   ✅ Loaded 6997 samples.
   📂 [TEST] Loading 1 shards...
   ✅ Loaded 1793 samples.
   ⚙️  Config: Workers=8, BS=32, SmallData=False

>>> Loading Model: scale_mae (scalemae)
   🔍 Auditing weights for [scale_mae]...
   ⚠️ [PARTIAL MATCH] 344/435 layers loaded (79.1%)

   🔍 [Structure Check] scale_mae Output Analysis:
      Type: Tuple (len=2)
      Item 0: Shape (1, 1024)
      Item 1: Shape (1, 196, 1024)
      ✅ Identified: CLS=True, Patch=True
      👉 Final Strategy: concat_3 | Input Dim: 3072
      📏 ScaleMAE GSD: 0.3 m/px
   🔥 Mode: Full Fine-tuning (Backbone Unfrozen)
   🚀 Compiling model with torch.compile...
   ⚡ AMP Precision: torch.bfloat16
   🔄 Training Start... (Epochs: 50, Patience: 7)
   📅 Epoch 1 | Loss: 0.7698 | Val Accuracy: 79.98%
      ⭐ New Best! Saved.
   📅 Epoch 2 | Loss: 0.6375 | Val Accuracy: 82.54%
      ⭐ New Best! Saved.
   📅 Epoch 3 | Loss: 0.5624 | Val Accuracy: 82.88%
      ⭐ New Best! Saved.
   📅 Epoch 4 | Loss: 0.4583 | Val Accuracy: 84.33%
      ⭐ New Best! Saved.
   📅 Epoch 5 | Loss: 0.3875 | Val Accuracy: 84.89%
      ⭐ New Best! Saved.
   📅 Epoch 6 | Loss: 0.3432 | Val Accuracy: 84.77%
   📅 Epoch 7 | Loss: 0.2993 | Val Accuracy: 86.11%
      ⭐ New Best! Saved.
   📅 Epoch 8 | Loss: 0.2916 | Val Accuracy: 88.34%
      ⭐ New Best! Saved.
   📅 Epoch 9 | Loss: 0.2757 | Val Accuracy: 86.73%
   📅 Epoch 10 | Loss: 0.2572 | Val Accuracy: 88.68%
      ⭐ New Best! Saved.
   📅 Epoch 11 | Loss: 0.2430 | Val Accuracy: 87.95%
   📅 Epoch 12 | Loss: 0.2322 | Val Accuracy: 89.35%
      ⭐ New Best! Saved.
   📅 Epoch 13 | Loss: 0.2227 | Val Accuracy: 87.01%
   📅 Epoch 14 | Loss: 0.2245 | Val Accuracy: 88.57%
   📅 Epoch 15 | Loss: 0.2051 | Val Accuracy: 89.79%
      ⭐ New Best! Saved.
   📅 Epoch 16 | Loss: 0.2146 | Val Accuracy: 89.29%
   📅 Epoch 17 | Loss: 0.1817 | Val Accuracy: 87.67%
   📅 Epoch 18 | Loss: 0.1947 | Val Accuracy: 87.56%
   📅 Epoch 19 | Loss: 0.1857 | Val Accuracy: 86.00%
   📅 Epoch 20 | Loss: 0.1861 | Val Accuracy: 90.07%
      ⭐ New Best! Saved.
   📅 Epoch 21 | Loss: 0.1875 | Val Accuracy: 87.62%
   📅 Epoch 22 | Loss: 0.1688 | Val Accuracy: 90.96%
      ⭐ New Best! Saved.
   📅 Epoch 23 | Loss: 0.1684 | Val Accuracy: 88.46%
   📅 Epoch 24 | Loss: 0.1595 | Val Accuracy: 87.23%
   📅 Epoch 25 | Loss: 0.1594 | Val Accuracy: 87.51%
   📅 Epoch 26 | Loss: 0.1675 | Val Accuracy: 89.63%
   📅 Epoch 27 | Loss: 0.1668 | Val Accuracy: 89.07%
   📅 Epoch 28 | Loss: 0.1760 | Val Accuracy: 88.62%
   📅 Epoch 29 | Loss: 0.1595 | Val Accuracy: 88.85%

   🛑 Early Stopping triggered after 7 epochs.

========================================
🏆 Best Val Accuracy: 90.96%
💾 Best Checkpoint: ./checkpoints/full_mb-landmark_cls_scale_mae_lr0.001_concat_3.pth
========================================

