
============================================================
📄 Log File: ./logs/linear_records/mb-atmospheric_dust_cls_rdr_dinov3_lvd_lr0.001_concat_3.log
⏰ Time: 2026-02-27 23:41:57
============================================================

🚀 Training dinov3_lvd on mb-atmospheric_dust_cls_rdr | Mode: LINEAR | LR: 0.001
   📂 [TRAIN] Loading 1 shards...
   ✅ Loaded 9817 samples.
   📂 [TEST] Loading 1 shards...
   ✅ Loaded 5214 samples.
   ⚙️  Config: Workers=8, BS=256, SmallData=False

>>> Loading Model: dinov3_lvd (dinov3_hub)
   🔍 Auditing weights for [dinov3_lvd]...
   ✅ [PERFECT MATCH] 368/368 layers loaded (100.0%)

   🔍 [Structure Check] dinov3_lvd Output Analysis:
      Type: Tuple (len=2)
      Item 0: Shape (1, 1024)
      Item 1: Shape (1, 256, 1024)
      ✅ Identified: CLS=True, Patch=True
      👉 Final Strategy: concat_3 | Input Dim: 3072
   ❄️  Mode: Linear Probe (Backbone Frozen)
   🚀 Compiling model with torch.compile...
   ⚡ AMP Precision: torch.bfloat16
   🔄 Training Start... (Epochs: 40, Patience: 5)
   📅 Epoch 1 | Loss: 0.1561 | Val Accuracy: 96.95%
      ⭐ New Best! Saved.
   📅 Epoch 2 | Loss: 0.0765 | Val Accuracy: 97.47%
      ⭐ New Best! Saved.
   📅 Epoch 3 | Loss: 0.0676 | Val Accuracy: 97.30%
   📅 Epoch 4 | Loss: 0.0649 | Val Accuracy: 97.45%
   📅 Epoch 5 | Loss: 0.0664 | Val Accuracy: 97.78%
      ⭐ New Best! Saved.
   📅 Epoch 6 | Loss: 0.0570 | Val Accuracy: 96.49%
   📅 Epoch 7 | Loss: 0.0605 | Val Accuracy: 97.22%
   📅 Epoch 8 | Loss: 0.0556 | Val Accuracy: 96.80%
   📅 Epoch 9 | Loss: 0.0546 | Val Accuracy: 97.05%
   📅 Epoch 10 | Loss: 0.0540 | Val Accuracy: 97.68%

   🛑 Early Stopping triggered after 5 epochs.

========================================
🏆 Best Val Accuracy: 97.78%
💾 Best Checkpoint: ./checkpoints/linear_mb-atmospheric_dust_cls_rdr_dinov3_lvd_lr0.001_concat_3.pth
========================================

