
============================================================
📄 Log File: ./logs/linear_records/mb-atmospheric_dust_cls_rdr_dinov3_lvd_lr0.01_concat_3.log
⏰ Time: 2026-02-27 23:21:47
============================================================

🚀 Training dinov3_lvd on mb-atmospheric_dust_cls_rdr | Mode: LINEAR | LR: 0.01
   📂 [TRAIN] Loading 1 shards...
   ✅ Loaded 9817 samples.
   📂 [TEST] Loading 1 shards...
   ✅ Loaded 5214 samples.
   ⚙️  Config: Workers=8, BS=256, SmallData=False

>>> Loading Model: dinov3_lvd (dinov3_hub)
   🔍 Auditing weights for [dinov3_lvd]...
   ✅ [PERFECT MATCH] 368/368 layers loaded (100.0%)

   🔍 [Structure Check] dinov3_lvd Output Analysis:
      Type: Tuple (len=2)
      Item 0: Shape (1, 1024)
      Item 1: Shape (1, 256, 1024)
      ✅ Identified: CLS=True, Patch=True
      👉 Final Strategy: concat_3 | Input Dim: 3072
   ❄️  Mode: Linear Probe (Backbone Frozen)
   🚀 Compiling model with torch.compile...
   ⚡ AMP Precision: torch.bfloat16
   🔄 Training Start... (Epochs: 40, Patience: 5)
   📅 Epoch 1 | Loss: 0.1807 | Val Accuracy: 95.22%
      ⭐ New Best! Saved.
   📅 Epoch 2 | Loss: 0.0904 | Val Accuracy: 95.32%
      ⭐ New Best! Saved.
   📅 Epoch 3 | Loss: 0.0630 | Val Accuracy: 94.36%
   📅 Epoch 4 | Loss: 0.0557 | Val Accuracy: 96.28%
      ⭐ New Best! Saved.
   📅 Epoch 5 | Loss: 0.0588 | Val Accuracy: 95.63%
   📅 Epoch 6 | Loss: 0.0498 | Val Accuracy: 95.82%
   📅 Epoch 7 | Loss: 0.0640 | Val Accuracy: 96.18%
   📅 Epoch 8 | Loss: 0.0577 | Val Accuracy: 93.52%
   📅 Epoch 9 | Loss: 0.0510 | Val Accuracy: 86.48%

   🛑 Early Stopping triggered after 5 epochs.

========================================
🏆 Best Val Accuracy: 96.28%
💾 Best Checkpoint: ./checkpoints/linear_mb-atmospheric_dust_cls_rdr_dinov3_lvd_lr0.01_concat_3.pth
========================================

