
============================================================
📄 Log File: ./logs/linear_records/mb-atmospheric_dust_cls_rdr_dinov2_l14_lr0.01_concat_3.log
⏰ Time: 2026-02-28 01:36:38
============================================================

🚀 Training dinov2_l14 on mb-atmospheric_dust_cls_rdr | Mode: LINEAR | LR: 0.01
   📂 [TRAIN] Loading 1 shards...
   ✅ Loaded 9817 samples.
   📂 [TEST] Loading 1 shards...
   ✅ Loaded 5214 samples.
   ⚙️  Config: Workers=8, BS=256, SmallData=False

>>> Loading Model: dinov2_l14 (dinov2_hub)
   🔍 Auditing weights for [dinov2_l14]...
   ✅ [PERFECT MATCH] 343/343 layers loaded (100.0%)

   🔍 [Structure Check] dinov2_l14 Output Analysis:
      Type: Tuple (len=2)
      Item 0: Shape (1, 1024)
      Item 1: Shape (1, 256, 1024)
      ✅ Identified: CLS=True, Patch=True
      👉 Final Strategy: concat_3 | Input Dim: 3072
   ❄️  Mode: Linear Probe (Backbone Frozen)
   🚀 Compiling model with torch.compile...
   ⚡ AMP Precision: torch.bfloat16
   🔄 Training Start... (Epochs: 40, Patience: 5)
   📅 Epoch 1 | Loss: 1.4343 | Val Accuracy: 98.41%
      ⭐ New Best! Saved.
   📅 Epoch 2 | Loss: 0.4169 | Val Accuracy: 96.76%
   📅 Epoch 3 | Loss: 0.1880 | Val Accuracy: 96.11%
   📅 Epoch 4 | Loss: 0.1312 | Val Accuracy: 98.31%
   📅 Epoch 5 | Loss: 0.1415 | Val Accuracy: 96.03%
   📅 Epoch 6 | Loss: 0.2006 | Val Accuracy: 98.24%

   🛑 Early Stopping triggered after 5 epochs.

========================================
🏆 Best Val Accuracy: 98.41%
💾 Best Checkpoint: ./checkpoints/linear_mb-atmospheric_dust_cls_rdr_dinov2_l14_lr0.01_concat_3.pth
========================================

