
============================================================
📄 Log File: ./logs/linear_records/mb-atmospheric_dust_cls_rdr_vit_l_frac0.20x_lr0.0001_concat_3.log
⏰ Time: 2026-04-13 14:52:00
============================================================

🚀 Training vit_l on mb-atmospheric_dust_cls_rdr | Mode: LINEAR | LR: 0.0001
   📂 [TRAIN] Loading 1 shards...
   ✅ Loaded 1963 samples.
   📂 [TEST] Loading 1 shards...
   ✅ Loaded 5214 samples.
   ⚙️  Config: Workers=8, BS=64, SmallData=False

>>> Loading Model: vit_l (torchvision_vit)
   🔍 Auditing weights for [vit_l]...
   ✅ [PERFECT MATCH] 296/296 layers loaded (100.0%)

   🔍 [Structure Check] vit_l Output Analysis:
      Type: Tuple (len=2)
      Item 0: Shape (1, 1024)
      Item 1: Shape (1, 196, 1024)
      ✅ Identified: CLS=True, Patch=True
      👉 Final Strategy: concat_3 | Input Dim: 3072
   ❄️  Mode: Linear Probe (Backbone Frozen)
   ⚡ AMP Precision: torch.bfloat16
   🔄 Training Start... (Epochs: 50, Patience: 8)
   📅 Epoch 1 | Loss: 0.5089 | Val Accuracy: 95.34%
      ⭐ New Best! (Model saving disabled to save space)
   📅 Epoch 2 | Loss: 0.2664 | Val Accuracy: 95.95%
      ⭐ New Best! (Model saving disabled to save space)
   📅 Epoch 3 | Loss: 0.1979 | Val Accuracy: 96.07%
      ⭐ New Best! (Model saving disabled to save space)
   📅 Epoch 4 | Loss: 0.1767 | Val Accuracy: 95.99%
   📅 Epoch 5 | Loss: 0.1517 | Val Accuracy: 96.01%
   📅 Epoch 6 | Loss: 0.1511 | Val Accuracy: 95.68%
   📅 Epoch 7 | Loss: 0.1370 | Val Accuracy: 95.47%
   📅 Epoch 8 | Loss: 0.1311 | Val Accuracy: 95.55%
   📅 Epoch 9 | Loss: 0.1228 | Val Accuracy: 95.74%
   📅 Epoch 10 | Loss: 0.1199 | Val Accuracy: 95.63%
   📅 Epoch 11 | Loss: 0.1090 | Val Accuracy: 95.72%

   🛑 Early Stopping triggered after 8 epochs.

========================================
🏆 Best Val Accuracy: 96.07%
💾 Best Checkpoint: ./checkpoints/linear_mb-atmospheric_dust_cls_rdr_vit_l_lr0.0001_concat_3.pth
========================================

