
============================================================
📄 Log File: ./logs/linear_records/mb-atmospheric_dust_cls_rdr_dinov1_b8_frac0.50x_lr1e-05_concat_3.log
⏰ Time: 2026-04-13 20:07:37
============================================================

🚀 Training dinov1_b8 on mb-atmospheric_dust_cls_rdr | Mode: LINEAR | LR: 1e-05
   📂 [TRAIN] Loading 1 shards...
   ✅ Loaded 4908 samples.
   📂 [TEST] Loading 1 shards...
   ✅ Loaded 5214 samples.
   ⚙️  Config: Workers=8, BS=64, SmallData=False

>>> Loading Model: dinov1_b8 (dinov1)

   🔍 [Structure Check] dinov1_b8 Output Analysis:
      Type: Tuple (len=2)
      Item 0: Shape (1, 768)
      Item 1: Shape (1, 784, 768)
      ✅ Identified: CLS=True, Patch=True
      👉 Final Strategy: concat_3 | Input Dim: 2304
   ❄️  Mode: Linear Probe (Backbone Frozen)
   ⚡ AMP Precision: torch.bfloat16
   🔄 Training Start... (Epochs: 50, Patience: 8)
   📅 Epoch 1 | Loss: 0.5481 | Val Accuracy: 87.21%
      ⭐ New Best! (Model saving disabled to save space)
   📅 Epoch 2 | Loss: 0.3532 | Val Accuracy: 93.54%
      ⭐ New Best! (Model saving disabled to save space)
   📅 Epoch 3 | Loss: 0.2563 | Val Accuracy: 94.48%
      ⭐ New Best! (Model saving disabled to save space)
   📅 Epoch 4 | Loss: 0.2016 | Val Accuracy: 94.80%
      ⭐ New Best! (Model saving disabled to save space)
   📅 Epoch 5 | Loss: 0.1734 | Val Accuracy: 94.98%
      ⭐ New Best! (Model saving disabled to save space)
   📅 Epoch 6 | Loss: 0.1541 | Val Accuracy: 95.09%
      ⭐ New Best! (Model saving disabled to save space)
   📅 Epoch 7 | Loss: 0.1380 | Val Accuracy: 95.21%
      ⭐ New Best! (Model saving disabled to save space)
   📅 Epoch 8 | Loss: 0.1246 | Val Accuracy: 95.22%
      ⭐ New Best! (Model saving disabled to save space)
   📅 Epoch 9 | Loss: 0.1184 | Val Accuracy: 95.24%
      ⭐ New Best! (Model saving disabled to save space)
   📅 Epoch 10 | Loss: 0.1142 | Val Accuracy: 95.34%
      ⭐ New Best! (Model saving disabled to save space)
   📅 Epoch 11 | Loss: 0.1101 | Val Accuracy: 95.49%
      ⭐ New Best! (Model saving disabled to save space)
   📅 Epoch 12 | Loss: 0.1044 | Val Accuracy: 95.49%
   📅 Epoch 13 | Loss: 0.0999 | Val Accuracy: 95.47%
   📅 Epoch 14 | Loss: 0.0961 | Val Accuracy: 95.34%
   📅 Epoch 15 | Loss: 0.0958 | Val Accuracy: 95.53%
      ⭐ New Best! (Model saving disabled to save space)
   📅 Epoch 16 | Loss: 0.0937 | Val Accuracy: 95.57%
      ⭐ New Best! (Model saving disabled to save space)
   📅 Epoch 17 | Loss: 0.0874 | Val Accuracy: 95.67%
      ⭐ New Best! (Model saving disabled to save space)
   📅 Epoch 18 | Loss: 0.0852 | Val Accuracy: 95.57%
   📅 Epoch 19 | Loss: 0.0884 | Val Accuracy: 95.61%
   📅 Epoch 20 | Loss: 0.0813 | Val Accuracy: 95.63%
   📅 Epoch 21 | Loss: 0.0823 | Val Accuracy: 95.67%
   📅 Epoch 22 | Loss: 0.0778 | Val Accuracy: 95.65%
   📅 Epoch 23 | Loss: 0.0805 | Val Accuracy: 95.65%
   📅 Epoch 24 | Loss: 0.0791 | Val Accuracy: 95.59%
   📅 Epoch 25 | Loss: 0.0776 | Val Accuracy: 95.63%

   🛑 Early Stopping triggered after 8 epochs.

========================================
🏆 Best Val Accuracy: 95.67%
💾 Best Checkpoint: ./checkpoints/linear_mb-atmospheric_dust_cls_rdr_dinov1_b8_lr1e-05_concat_3.pth
========================================

