
============================================================
📄 Log File: ./logs/linear_records/mb-atmospheric_dust_cls_rdr_dinov3_sat_1cha_frac0.20x_lr1e-05_concat_3.log
⏰ Time: 2026-04-13 23:01:29
============================================================

🚀 Training dinov3_sat_1cha on mb-atmospheric_dust_cls_rdr | Mode: LINEAR | LR: 1e-05
   📂 [TRAIN] Loading 1 shards...
   ✅ Loaded 1963 samples.
   📂 [TEST] Loading 1 shards...
   ✅ Loaded 5214 samples.
   ⚙️  Config: Workers=8, BS=64, SmallData=False

>>> Loading Model: dinov3_sat_1cha (dinov3_hub)
   🔍 Auditing weights for [dinov3_sat_1cha]...
   ✅ [PERFECT MATCH] 368/368 layers loaded (100.0%)

   🔍 [Structure Check] dinov3_sat_1cha Output Analysis:
      Type: Tuple (len=2)
      Item 0: Shape (1, 1024)
      Item 1: Shape (1, 256, 1024)
      ✅ Identified: CLS=True, Patch=True
      👉 Final Strategy: concat_3 | Input Dim: 3072
   ❄️  Mode: Linear Probe (Backbone Frozen)
   ⚡ AMP Precision: torch.bfloat16
   🔄 Training Start... (Epochs: 50, Patience: 8)
   📅 Epoch 1 | Loss: 0.6802 | Val Accuracy: 74.55%
      ⭐ New Best! (Model saving disabled to save space)
   📅 Epoch 2 | Loss: 0.6400 | Val Accuracy: 82.83%
      ⭐ New Best! (Model saving disabled to save space)
   📅 Epoch 3 | Loss: 0.6030 | Val Accuracy: 88.30%
      ⭐ New Best! (Model saving disabled to save space)
   📅 Epoch 4 | Loss: 0.5703 | Val Accuracy: 91.02%
      ⭐ New Best! (Model saving disabled to save space)
   📅 Epoch 5 | Loss: 0.5340 | Val Accuracy: 92.92%
      ⭐ New Best! (Model saving disabled to save space)
   📅 Epoch 6 | Loss: 0.5081 | Val Accuracy: 93.75%
      ⭐ New Best! (Model saving disabled to save space)
   📅 Epoch 7 | Loss: 0.4822 | Val Accuracy: 94.40%
      ⭐ New Best! (Model saving disabled to save space)
   📅 Epoch 8 | Loss: 0.4584 | Val Accuracy: 94.65%
      ⭐ New Best! (Model saving disabled to save space)
   📅 Epoch 9 | Loss: 0.4346 | Val Accuracy: 95.22%
      ⭐ New Best! (Model saving disabled to save space)
   📅 Epoch 10 | Loss: 0.4174 | Val Accuracy: 95.42%
      ⭐ New Best! (Model saving disabled to save space)
   📅 Epoch 11 | Loss: 0.3948 | Val Accuracy: 95.53%
      ⭐ New Best! (Model saving disabled to save space)
   📅 Epoch 12 | Loss: 0.3829 | Val Accuracy: 95.57%
      ⭐ New Best! (Model saving disabled to save space)
   📅 Epoch 13 | Loss: 0.3641 | Val Accuracy: 95.76%
      ⭐ New Best! (Model saving disabled to save space)
   📅 Epoch 14 | Loss: 0.3475 | Val Accuracy: 95.78%
      ⭐ New Best! (Model saving disabled to save space)
   📅 Epoch 15 | Loss: 0.3385 | Val Accuracy: 95.90%
      ⭐ New Best! (Model saving disabled to save space)
   📅 Epoch 16 | Loss: 0.3237 | Val Accuracy: 95.97%
      ⭐ New Best! (Model saving disabled to save space)
   📅 Epoch 17 | Loss: 0.3148 | Val Accuracy: 96.09%
      ⭐ New Best! (Model saving disabled to save space)
   📅 Epoch 18 | Loss: 0.3021 | Val Accuracy: 96.13%
      ⭐ New Best! (Model saving disabled to save space)
   📅 Epoch 19 | Loss: 0.2973 | Val Accuracy: 96.13%
   📅 Epoch 20 | Loss: 0.2872 | Val Accuracy: 96.13%
   📅 Epoch 21 | Loss: 0.2789 | Val Accuracy: 96.16%
      ⭐ New Best! (Model saving disabled to save space)
   📅 Epoch 22 | Loss: 0.2691 | Val Accuracy: 96.16%
   📅 Epoch 23 | Loss: 0.2570 | Val Accuracy: 96.32%
      ⭐ New Best! (Model saving disabled to save space)
   📅 Epoch 24 | Loss: 0.2568 | Val Accuracy: 96.36%
      ⭐ New Best! (Model saving disabled to save space)
   📅 Epoch 25 | Loss: 0.2442 | Val Accuracy: 96.41%
      ⭐ New Best! (Model saving disabled to save space)
   📅 Epoch 26 | Loss: 0.2457 | Val Accuracy: 96.47%
      ⭐ New Best! (Model saving disabled to save space)
   📅 Epoch 27 | Loss: 0.2332 | Val Accuracy: 96.41%
   📅 Epoch 28 | Loss: 0.2293 | Val Accuracy: 96.47%
   📅 Epoch 29 | Loss: 0.2260 | Val Accuracy: 96.49%
      ⭐ New Best! (Model saving disabled to save space)
   📅 Epoch 30 | Loss: 0.2181 | Val Accuracy: 96.59%
      ⭐ New Best! (Model saving disabled to save space)
   📅 Epoch 31 | Loss: 0.2121 | Val Accuracy: 96.57%
   📅 Epoch 32 | Loss: 0.2117 | Val Accuracy: 96.59%
   📅 Epoch 33 | Loss: 0.2091 | Val Accuracy: 96.57%
   📅 Epoch 34 | Loss: 0.1988 | Val Accuracy: 96.57%
   📅 Epoch 35 | Loss: 0.2038 | Val Accuracy: 96.57%
   📅 Epoch 36 | Loss: 0.1898 | Val Accuracy: 96.59%
   📅 Epoch 37 | Loss: 0.1933 | Val Accuracy: 96.62%
      ⭐ New Best! (Model saving disabled to save space)
   📅 Epoch 38 | Loss: 0.1880 | Val Accuracy: 96.64%
      ⭐ New Best! (Model saving disabled to save space)
   📅 Epoch 39 | Loss: 0.1870 | Val Accuracy: 96.66%
      ⭐ New Best! (Model saving disabled to save space)
   📅 Epoch 40 | Loss: 0.1806 | Val Accuracy: 96.68%
      ⭐ New Best! (Model saving disabled to save space)
   📅 Epoch 41 | Loss: 0.1822 | Val Accuracy: 96.70%
      ⭐ New Best! (Model saving disabled to save space)
   📅 Epoch 42 | Loss: 0.1774 | Val Accuracy: 96.74%
      ⭐ New Best! (Model saving disabled to save space)
   📅 Epoch 43 | Loss: 0.1779 | Val Accuracy: 96.74%
   📅 Epoch 44 | Loss: 0.1703 | Val Accuracy: 96.80%
      ⭐ New Best! (Model saving disabled to save space)
   📅 Epoch 45 | Loss: 0.1673 | Val Accuracy: 96.80%
   📅 Epoch 46 | Loss: 0.1687 | Val Accuracy: 96.82%
      ⭐ New Best! (Model saving disabled to save space)
   📅 Epoch 47 | Loss: 0.1632 | Val Accuracy: 96.80%
   📅 Epoch 48 | Loss: 0.1637 | Val Accuracy: 96.80%
   📅 Epoch 49 | Loss: 0.1564 | Val Accuracy: 96.82%
   📅 Epoch 50 | Loss: 0.1607 | Val Accuracy: 96.82%

========================================
🏆 Best Val Accuracy: 96.82%
💾 Best Checkpoint: ./checkpoints/linear_mb-atmospheric_dust_cls_rdr_dinov3_sat_1cha_lr1e-05_concat_3.pth
========================================

