
============================================================
📄 Log File: ./logs/linear_records/mb-atmospheric_dust_cls_rdr_dinov3_lvd_1cha_frac0.20x_lr1e-05_concat_3.log
⏰ Time: 2026-04-13 21:50:23
============================================================

🚀 Training dinov3_lvd_1cha on mb-atmospheric_dust_cls_rdr | Mode: LINEAR | LR: 1e-05
   📂 [TRAIN] Loading 1 shards...
   ✅ Loaded 1963 samples.
   📂 [TEST] Loading 1 shards...
   ✅ Loaded 5214 samples.
   ⚙️  Config: Workers=8, BS=64, SmallData=False

>>> Loading Model: dinov3_lvd_1cha (dinov3_hub)
   🔍 Auditing weights for [dinov3_lvd_1cha]...
   ✅ [PERFECT MATCH] 368/368 layers loaded (100.0%)

   🔍 [Structure Check] dinov3_lvd_1cha Output Analysis:
      Type: Tuple (len=2)
      Item 0: Shape (1, 1024)
      Item 1: Shape (1, 256, 1024)
      ✅ Identified: CLS=True, Patch=True
      👉 Final Strategy: concat_3 | Input Dim: 3072
   ❄️  Mode: Linear Probe (Backbone Frozen)
   ⚡ AMP Precision: torch.bfloat16
   🔄 Training Start... (Epochs: 50, Patience: 8)
   📅 Epoch 1 | Loss: 0.7838 | Val Accuracy: 35.98%
      ⭐ New Best! (Model saving disabled to save space)
   📅 Epoch 2 | Loss: 0.7164 | Val Accuracy: 61.16%
      ⭐ New Best! (Model saving disabled to save space)
   📅 Epoch 3 | Loss: 0.6577 | Val Accuracy: 80.34%
      ⭐ New Best! (Model saving disabled to save space)
   📅 Epoch 4 | Loss: 0.6017 | Val Accuracy: 89.82%
      ⭐ New Best! (Model saving disabled to save space)
   📅 Epoch 5 | Loss: 0.5588 | Val Accuracy: 93.94%
      ⭐ New Best! (Model saving disabled to save space)
   📅 Epoch 6 | Loss: 0.5143 | Val Accuracy: 95.07%
      ⭐ New Best! (Model saving disabled to save space)
   📅 Epoch 7 | Loss: 0.4784 | Val Accuracy: 95.61%
      ⭐ New Best! (Model saving disabled to save space)
   📅 Epoch 8 | Loss: 0.4452 | Val Accuracy: 96.05%
      ⭐ New Best! (Model saving disabled to save space)
   📅 Epoch 9 | Loss: 0.4183 | Val Accuracy: 96.32%
      ⭐ New Best! (Model saving disabled to save space)
   📅 Epoch 10 | Loss: 0.3920 | Val Accuracy: 96.51%
      ⭐ New Best! (Model saving disabled to save space)
   📅 Epoch 11 | Loss: 0.3695 | Val Accuracy: 96.66%
      ⭐ New Best! (Model saving disabled to save space)
   📅 Epoch 12 | Loss: 0.3526 | Val Accuracy: 96.62%
   📅 Epoch 13 | Loss: 0.3328 | Val Accuracy: 96.76%
      ⭐ New Best! (Model saving disabled to save space)
   📅 Epoch 14 | Loss: 0.3143 | Val Accuracy: 97.01%
      ⭐ New Best! (Model saving disabled to save space)
   📅 Epoch 15 | Loss: 0.3011 | Val Accuracy: 97.03%
      ⭐ New Best! (Model saving disabled to save space)
   📅 Epoch 16 | Loss: 0.2876 | Val Accuracy: 97.03%
   📅 Epoch 17 | Loss: 0.2785 | Val Accuracy: 97.20%
      ⭐ New Best! (Model saving disabled to save space)
   📅 Epoch 18 | Loss: 0.2652 | Val Accuracy: 97.24%
      ⭐ New Best! (Model saving disabled to save space)
   📅 Epoch 19 | Loss: 0.2557 | Val Accuracy: 97.31%
      ⭐ New Best! (Model saving disabled to save space)
   📅 Epoch 20 | Loss: 0.2495 | Val Accuracy: 97.39%
      ⭐ New Best! (Model saving disabled to save space)
   📅 Epoch 21 | Loss: 0.2423 | Val Accuracy: 97.43%
      ⭐ New Best! (Model saving disabled to save space)
   📅 Epoch 22 | Loss: 0.2312 | Val Accuracy: 97.53%
      ⭐ New Best! (Model saving disabled to save space)
   📅 Epoch 23 | Loss: 0.2215 | Val Accuracy: 97.60%
      ⭐ New Best! (Model saving disabled to save space)
   📅 Epoch 24 | Loss: 0.2171 | Val Accuracy: 97.62%
      ⭐ New Best! (Model saving disabled to save space)
   📅 Epoch 25 | Loss: 0.2077 | Val Accuracy: 97.62%
   📅 Epoch 26 | Loss: 0.2021 | Val Accuracy: 97.60%
   📅 Epoch 27 | Loss: 0.1998 | Val Accuracy: 97.62%
   📅 Epoch 28 | Loss: 0.1902 | Val Accuracy: 97.62%
   📅 Epoch 29 | Loss: 0.1918 | Val Accuracy: 97.62%
   📅 Epoch 30 | Loss: 0.1868 | Val Accuracy: 97.64%
      ⭐ New Best! (Model saving disabled to save space)
   📅 Epoch 31 | Loss: 0.1805 | Val Accuracy: 97.64%
   📅 Epoch 32 | Loss: 0.1755 | Val Accuracy: 97.66%
      ⭐ New Best! (Model saving disabled to save space)
   📅 Epoch 33 | Loss: 0.1752 | Val Accuracy: 97.68%
      ⭐ New Best! (Model saving disabled to save space)
   📅 Epoch 34 | Loss: 0.1659 | Val Accuracy: 97.68%
   📅 Epoch 35 | Loss: 0.1639 | Val Accuracy: 97.70%
      ⭐ New Best! (Model saving disabled to save space)
   📅 Epoch 36 | Loss: 0.1625 | Val Accuracy: 97.68%
   📅 Epoch 37 | Loss: 0.1574 | Val Accuracy: 97.72%
      ⭐ New Best! (Model saving disabled to save space)
   📅 Epoch 38 | Loss: 0.1567 | Val Accuracy: 97.76%
      ⭐ New Best! (Model saving disabled to save space)
   📅 Epoch 39 | Loss: 0.1527 | Val Accuracy: 97.76%
   📅 Epoch 40 | Loss: 0.1469 | Val Accuracy: 97.72%
   📅 Epoch 41 | Loss: 0.1455 | Val Accuracy: 97.70%
   📅 Epoch 42 | Loss: 0.1436 | Val Accuracy: 97.78%
      ⭐ New Best! (Model saving disabled to save space)
   📅 Epoch 43 | Loss: 0.1415 | Val Accuracy: 97.76%
   📅 Epoch 44 | Loss: 0.1420 | Val Accuracy: 97.74%
   📅 Epoch 45 | Loss: 0.1380 | Val Accuracy: 97.79%
      ⭐ New Best! (Model saving disabled to save space)
   📅 Epoch 46 | Loss: 0.1377 | Val Accuracy: 97.79%
   📅 Epoch 47 | Loss: 0.1362 | Val Accuracy: 97.79%
   📅 Epoch 48 | Loss: 0.1340 | Val Accuracy: 97.79%
   📅 Epoch 49 | Loss: 0.1322 | Val Accuracy: 97.79%
   📅 Epoch 50 | Loss: 0.1291 | Val Accuracy: 97.79%

========================================
🏆 Best Val Accuracy: 97.79%
💾 Best Checkpoint: ./checkpoints/linear_mb-atmospheric_dust_cls_rdr_dinov3_lvd_1cha_lr1e-05_concat_3.pth
========================================

