
============================================================
📄 Log File: ./logs/linear_records/mb-atmospheric_dust_cls_rdr_satmae_frac0.05x_lr0.0001_concat_3.log
⏰ Time: 2026-04-13 16:32:09
============================================================

🚀 Training satmae on mb-atmospheric_dust_cls_rdr | Mode: LINEAR | LR: 0.0001
   📂 [TRAIN] Loading 1 shards...
   ✅ Loaded 490 samples.
   📂 [TEST] Loading 1 shards...
   ✅ Loaded 5214 samples.
   ⚙️  Config: Workers=0, BS=64, SmallData=True

>>> Loading Model: satmae (timm_mae)
   ℹ️  Config: in_chans=3
   🔍 Auditing weights for [satmae]...
   ✅ [PERFECT MATCH] 294/294 layers loaded (100.0%)

   🔍 [Structure Check] satmae Output Analysis:
      Type: Tuple (len=2)
      Item 0: Shape (1, 1024)
      Item 1: Shape (1, 196, 1024)
      ✅ Identified: CLS=True, Patch=True
      👉 Final Strategy: concat_3 | Input Dim: 3072
   ❄️  Mode: Linear Probe (Backbone Frozen)
   ⚡ AMP Precision: torch.bfloat16
   🔄 Training Start... (Epochs: 50, Patience: 8)
   📅 Epoch 1 | Loss: 0.5920 | Val Accuracy: 84.45%
      ⭐ New Best! (Model saving disabled to save space)
   📅 Epoch 2 | Loss: 0.4889 | Val Accuracy: 87.63%
      ⭐ New Best! (Model saving disabled to save space)
   📅 Epoch 3 | Loss: 0.4462 | Val Accuracy: 87.65%
      ⭐ New Best! (Model saving disabled to save space)
   📅 Epoch 4 | Loss: 0.3979 | Val Accuracy: 87.74%
      ⭐ New Best! (Model saving disabled to save space)
   📅 Epoch 5 | Loss: 0.3521 | Val Accuracy: 89.18%
      ⭐ New Best! (Model saving disabled to save space)
   📅 Epoch 6 | Loss: 0.3369 | Val Accuracy: 89.64%
      ⭐ New Best! (Model saving disabled to save space)
   📅 Epoch 7 | Loss: 0.3288 | Val Accuracy: 89.26%
   📅 Epoch 8 | Loss: 0.3190 | Val Accuracy: 89.39%
   📅 Epoch 9 | Loss: 0.2889 | Val Accuracy: 90.37%
      ⭐ New Best! (Model saving disabled to save space)
   📅 Epoch 10 | Loss: 0.3102 | Val Accuracy: 90.35%
   📅 Epoch 11 | Loss: 0.2934 | Val Accuracy: 89.45%
   📅 Epoch 12 | Loss: 0.2865 | Val Accuracy: 90.97%
      ⭐ New Best! (Model saving disabled to save space)
   📅 Epoch 13 | Loss: 0.2699 | Val Accuracy: 91.52%
      ⭐ New Best! (Model saving disabled to save space)
   📅 Epoch 14 | Loss: 0.2700 | Val Accuracy: 90.93%
   📅 Epoch 15 | Loss: 0.2621 | Val Accuracy: 91.22%
   📅 Epoch 16 | Loss: 0.2519 | Val Accuracy: 91.52%
   📅 Epoch 17 | Loss: 0.2481 | Val Accuracy: 91.41%
   📅 Epoch 18 | Loss: 0.2661 | Val Accuracy: 90.68%
   📅 Epoch 19 | Loss: 0.2524 | Val Accuracy: 92.04%
      ⭐ New Best! (Model saving disabled to save space)
   📅 Epoch 20 | Loss: 0.2339 | Val Accuracy: 91.68%
   📅 Epoch 21 | Loss: 0.2441 | Val Accuracy: 91.54%
   📅 Epoch 22 | Loss: 0.2196 | Val Accuracy: 91.71%
   📅 Epoch 23 | Loss: 0.2227 | Val Accuracy: 91.96%
   📅 Epoch 24 | Loss: 0.2334 | Val Accuracy: 91.68%
   📅 Epoch 25 | Loss: 0.2183 | Val Accuracy: 91.73%
   📅 Epoch 26 | Loss: 0.2250 | Val Accuracy: 91.87%
   📅 Epoch 27 | Loss: 0.2150 | Val Accuracy: 92.00%

   🛑 Early Stopping triggered after 8 epochs.

========================================
🏆 Best Val Accuracy: 92.04%
💾 Best Checkpoint: ./checkpoints/linear_mb-atmospheric_dust_cls_rdr_satmae_lr0.0001_concat_3.pth
========================================

