
============================================================
📄 Log File: ./logs/linear_records/mb-atmospheric_dust_cls_rdr_dinov3_lvd_1cha_frac0.01x_lr0.001_concat_3.log
⏰ Time: 2026-04-13 21:12:39
============================================================

🚀 Training dinov3_lvd_1cha on mb-atmospheric_dust_cls_rdr | Mode: LINEAR | LR: 0.001
   📂 [TRAIN] Loading 1 shards...
   ✅ Loaded 98 samples.
   📂 [TEST] Loading 1 shards...
   ✅ Loaded 5214 samples.
   ⚙️  Config: Workers=0, BS=64, SmallData=True

>>> Loading Model: dinov3_lvd_1cha (dinov3_hub)
   🔍 Auditing weights for [dinov3_lvd_1cha]...
   ✅ [PERFECT MATCH] 368/368 layers loaded (100.0%)

   🔍 [Structure Check] dinov3_lvd_1cha Output Analysis:
      Type: Tuple (len=2)
      Item 0: Shape (1, 1024)
      Item 1: Shape (1, 256, 1024)
      ✅ Identified: CLS=True, Patch=True
      👉 Final Strategy: concat_3 | Input Dim: 3072
   ❄️  Mode: Linear Probe (Backbone Frozen)
   ⚡ AMP Precision: torch.bfloat16
   🔄 Training Start... (Epochs: 50, Patience: 8)
   📅 Epoch 1 | Loss: 0.7318 | Val Accuracy: 80.42%
      ⭐ New Best! (Model saving disabled to save space)
   📅 Epoch 2 | Loss: 0.5342 | Val Accuracy: 92.62%
      ⭐ New Best! (Model saving disabled to save space)
   📅 Epoch 3 | Loss: 0.3486 | Val Accuracy: 94.51%
      ⭐ New Best! (Model saving disabled to save space)
   📅 Epoch 4 | Loss: 0.2965 | Val Accuracy: 95.59%
      ⭐ New Best! (Model saving disabled to save space)
   📅 Epoch 5 | Loss: 0.1976 | Val Accuracy: 96.16%
      ⭐ New Best! (Model saving disabled to save space)
   📅 Epoch 6 | Loss: 0.1854 | Val Accuracy: 96.80%
      ⭐ New Best! (Model saving disabled to save space)
   📅 Epoch 7 | Loss: 0.1662 | Val Accuracy: 97.10%
      ⭐ New Best! (Model saving disabled to save space)
   📅 Epoch 8 | Loss: 0.1177 | Val Accuracy: 97.22%
      ⭐ New Best! (Model saving disabled to save space)
   📅 Epoch 9 | Loss: 0.0982 | Val Accuracy: 97.28%
      ⭐ New Best! (Model saving disabled to save space)
   📅 Epoch 10 | Loss: 0.1577 | Val Accuracy: 97.37%
      ⭐ New Best! (Model saving disabled to save space)
   📅 Epoch 11 | Loss: 0.0762 | Val Accuracy: 97.43%
      ⭐ New Best! (Model saving disabled to save space)
   📅 Epoch 12 | Loss: 0.1058 | Val Accuracy: 97.51%
      ⭐ New Best! (Model saving disabled to save space)
   📅 Epoch 13 | Loss: 0.1308 | Val Accuracy: 97.45%
   📅 Epoch 14 | Loss: 0.0981 | Val Accuracy: 97.47%
   📅 Epoch 15 | Loss: 0.0464 | Val Accuracy: 97.49%
   📅 Epoch 16 | Loss: 0.0509 | Val Accuracy: 97.49%
   📅 Epoch 17 | Loss: 0.1156 | Val Accuracy: 97.55%
      ⭐ New Best! (Model saving disabled to save space)
   📅 Epoch 18 | Loss: 0.1007 | Val Accuracy: 97.60%
      ⭐ New Best! (Model saving disabled to save space)
   📅 Epoch 19 | Loss: 0.1390 | Val Accuracy: 97.55%
   📅 Epoch 20 | Loss: 0.1197 | Val Accuracy: 97.39%
   📅 Epoch 21 | Loss: 0.0842 | Val Accuracy: 97.28%
   📅 Epoch 22 | Loss: 0.0858 | Val Accuracy: 97.08%
   📅 Epoch 23 | Loss: 0.0536 | Val Accuracy: 97.03%
   📅 Epoch 24 | Loss: 0.0807 | Val Accuracy: 97.03%
   📅 Epoch 25 | Loss: 0.0509 | Val Accuracy: 97.08%
   📅 Epoch 26 | Loss: 0.0909 | Val Accuracy: 97.08%

   🛑 Early Stopping triggered after 8 epochs.

========================================
🏆 Best Val Accuracy: 97.60%
💾 Best Checkpoint: ./checkpoints/linear_mb-atmospheric_dust_cls_rdr_dinov3_lvd_1cha_lr0.001_concat_3.pth
========================================

