
============================================================
📄 Log File: ./logs/linear_records_new/mb-atmospheric_dust_cls_rdr_dinov3_sat_frac0.01x_lr0.0001_concat_3.log
⏰ Time: 2026-04-15 17:11:33
============================================================

🚀 Training dinov3_sat on mb-atmospheric_dust_cls_rdr | Mode: LINEAR | LR: 0.0001
   📂 [TRAIN] Loading 1 shards...
   ✅ Loaded 98 samples.
   📂 [TEST] Loading 1 shards...
   ✅ Loaded 5214 samples.
   ⚙️  Config: Workers=0, BS=64, SmallData=True

>>> Loading Model: dinov3_sat (dinov3_hub)
  ℹ️  DINOv3 Config: in_chans=3
   🔍 Auditing weights for [dinov3_sat]...
   ✅ [PERFECT MATCH] 368/368 layers loaded (100.0%)

   🔍 [Structure Check] dinov3_sat Output Analysis:
      Type: Tuple (len=2)
      Item 0: Shape (1, 1024)
      Item 1: Shape (1, 256, 1024)
      ✅ Identified: CLS=True, Patch=True
      👉 Final Strategy: concat_3 | Input Dim: 3072
   ❄️  Mode: Linear Probe (Backbone Frozen)
   ⚡ AMP Precision: torch.bfloat16
   🔄 Training Start... (Epochs: 50, Patience: 8)
   📅 Epoch 1 | Loss: 0.7371 | Val Accuracy: 53.84%
      ⭐ New Best! (Model saving disabled to save space)
   📅 Epoch 2 | Loss: 0.7088 | Val Accuracy: 59.46%
      ⭐ New Best! (Model saving disabled to save space)
   📅 Epoch 3 | Loss: 0.6834 | Val Accuracy: 65.04%
      ⭐ New Best! (Model saving disabled to save space)
   📅 Epoch 4 | Loss: 0.6603 | Val Accuracy: 70.29%
      ⭐ New Best! (Model saving disabled to save space)
   📅 Epoch 5 | Loss: 0.6620 | Val Accuracy: 75.09%
      ⭐ New Best! (Model saving disabled to save space)
   📅 Epoch 6 | Loss: 0.6676 | Val Accuracy: 79.08%
      ⭐ New Best! (Model saving disabled to save space)
   📅 Epoch 7 | Loss: 0.6243 | Val Accuracy: 82.32%
      ⭐ New Best! (Model saving disabled to save space)
   📅 Epoch 8 | Loss: 0.6101 | Val Accuracy: 85.04%
      ⭐ New Best! (Model saving disabled to save space)
   📅 Epoch 9 | Loss: 0.5971 | Val Accuracy: 87.13%
      ⭐ New Best! (Model saving disabled to save space)
   📅 Epoch 10 | Loss: 0.5905 | Val Accuracy: 89.16%
      ⭐ New Best! (Model saving disabled to save space)
   📅 Epoch 11 | Loss: 0.5676 | Val Accuracy: 91.08%
      ⭐ New Best! (Model saving disabled to save space)
   📅 Epoch 12 | Loss: 0.5662 | Val Accuracy: 92.58%
      ⭐ New Best! (Model saving disabled to save space)
   📅 Epoch 13 | Loss: 0.5535 | Val Accuracy: 93.38%
      ⭐ New Best! (Model saving disabled to save space)
   📅 Epoch 14 | Loss: 0.5209 | Val Accuracy: 94.27%
      ⭐ New Best! (Model saving disabled to save space)
   📅 Epoch 15 | Loss: 0.5289 | Val Accuracy: 95.22%
      ⭐ New Best! (Model saving disabled to save space)
   📅 Epoch 16 | Loss: 0.5075 | Val Accuracy: 95.97%
      ⭐ New Best! (Model saving disabled to save space)
   📅 Epoch 17 | Loss: 0.4963 | Val Accuracy: 96.51%
      ⭐ New Best! (Model saving disabled to save space)
   📅 Epoch 18 | Loss: 0.4899 | Val Accuracy: 96.85%
      ⭐ New Best! (Model saving disabled to save space)
   📅 Epoch 19 | Loss: 0.4981 | Val Accuracy: 96.97%
      ⭐ New Best! (Model saving disabled to save space)
   📅 Epoch 20 | Loss: 0.4776 | Val Accuracy: 97.28%
      ⭐ New Best! (Model saving disabled to save space)
   📅 Epoch 21 | Loss: 0.4768 | Val Accuracy: 97.37%
      ⭐ New Best! (Model saving disabled to save space)
   📅 Epoch 22 | Loss: 0.4545 | Val Accuracy: 97.51%
      ⭐ New Best! (Model saving disabled to save space)
   📅 Epoch 23 | Loss: 0.4432 | Val Accuracy: 97.66%
      ⭐ New Best! (Model saving disabled to save space)
   📅 Epoch 24 | Loss: 0.4428 | Val Accuracy: 97.81%
      ⭐ New Best! (Model saving disabled to save space)
   📅 Epoch 25 | Loss: 0.4300 | Val Accuracy: 97.89%
      ⭐ New Best! (Model saving disabled to save space)
   📅 Epoch 26 | Loss: 0.3917 | Val Accuracy: 97.95%
      ⭐ New Best! (Model saving disabled to save space)
   📅 Epoch 27 | Loss: 0.4088 | Val Accuracy: 97.99%
      ⭐ New Best! (Model saving disabled to save space)
   📅 Epoch 28 | Loss: 0.4054 | Val Accuracy: 98.01%
      ⭐ New Best! (Model saving disabled to save space)
   📅 Epoch 29 | Loss: 0.3877 | Val Accuracy: 98.06%
      ⭐ New Best! (Model saving disabled to save space)
   📅 Epoch 30 | Loss: 0.3887 | Val Accuracy: 98.10%
      ⭐ New Best! (Model saving disabled to save space)
   📅 Epoch 31 | Loss: 0.3974 | Val Accuracy: 98.10%
   📅 Epoch 32 | Loss: 0.3937 | Val Accuracy: 98.14%
      ⭐ New Best! (Model saving disabled to save space)
   📅 Epoch 33 | Loss: 0.3872 | Val Accuracy: 98.10%
   📅 Epoch 34 | Loss: 0.3749 | Val Accuracy: 98.12%
   📅 Epoch 35 | Loss: 0.3473 | Val Accuracy: 98.12%
   📅 Epoch 36 | Loss: 0.3416 | Val Accuracy: 98.12%
   📅 Epoch 37 | Loss: 0.3443 | Val Accuracy: 98.12%
   📅 Epoch 38 | Loss: 0.3226 | Val Accuracy: 98.06%
   📅 Epoch 39 | Loss: 0.3374 | Val Accuracy: 98.06%
   📅 Epoch 40 | Loss: 0.3223 | Val Accuracy: 98.04%

   🛑 Early Stopping triggered after 8 epochs.

========================================
🏆 Best Val Accuracy: 98.14%
💾 Best Checkpoint: ./checkpoints/linear_mb-atmospheric_dust_cls_rdr_dinov3_sat_lr0.0001_concat_3.pth
========================================

