
============================================================
📄 Log File: ./logs/linear_records_new/mb-atmospheric_dust_cls_rdr_dinov3_lvd_frac0.50x_lr1e-05_concat_3.log
⏰ Time: 2026-04-15 16:24:45
============================================================

🚀 Training dinov3_lvd on mb-atmospheric_dust_cls_rdr | Mode: LINEAR | LR: 1e-05
   📂 [TRAIN] Loading 1 shards...
   ✅ Loaded 4908 samples.
   📂 [TEST] Loading 1 shards...
   ✅ Loaded 5214 samples.
   ⚙️  Config: Workers=8, BS=64, SmallData=False

>>> Loading Model: dinov3_lvd (dinov3_hub)
  ℹ️  DINOv3 Config: in_chans=3
   🔍 Auditing weights for [dinov3_lvd]...
   ✅ [PERFECT MATCH] 368/368 layers loaded (100.0%)

   🔍 [Structure Check] dinov3_lvd Output Analysis:
      Type: Tuple (len=2)
      Item 0: Shape (1, 1024)
      Item 1: Shape (1, 256, 1024)
      ✅ Identified: CLS=True, Patch=True
      👉 Final Strategy: concat_3 | Input Dim: 3072
   ❄️  Mode: Linear Probe (Backbone Frozen)
   ⚡ AMP Precision: torch.bfloat16
   🔄 Training Start... (Epochs: 50, Patience: 8)
   📅 Epoch 1 | Loss: 0.5717 | Val Accuracy: 93.84%
      ⭐ New Best! (Model saving disabled to save space)
   📅 Epoch 2 | Loss: 0.4647 | Val Accuracy: 95.53%
      ⭐ New Best! (Model saving disabled to save space)
   📅 Epoch 3 | Loss: 0.3886 | Val Accuracy: 96.18%
      ⭐ New Best! (Model saving disabled to save space)
   📅 Epoch 4 | Loss: 0.3311 | Val Accuracy: 96.45%
      ⭐ New Best! (Model saving disabled to save space)
   📅 Epoch 5 | Loss: 0.2902 | Val Accuracy: 96.68%
      ⭐ New Best! (Model saving disabled to save space)
   📅 Epoch 6 | Loss: 0.2579 | Val Accuracy: 96.82%
      ⭐ New Best! (Model saving disabled to save space)
   📅 Epoch 7 | Loss: 0.2336 | Val Accuracy: 97.01%
      ⭐ New Best! (Model saving disabled to save space)
   📅 Epoch 8 | Loss: 0.2135 | Val Accuracy: 97.08%
      ⭐ New Best! (Model saving disabled to save space)
   📅 Epoch 9 | Loss: 0.1960 | Val Accuracy: 97.12%
      ⭐ New Best! (Model saving disabled to save space)
   📅 Epoch 10 | Loss: 0.1858 | Val Accuracy: 97.24%
      ⭐ New Best! (Model saving disabled to save space)
   📅 Epoch 11 | Loss: 0.1710 | Val Accuracy: 97.24%
   📅 Epoch 12 | Loss: 0.1624 | Val Accuracy: 97.26%
      ⭐ New Best! (Model saving disabled to save space)
   📅 Epoch 13 | Loss: 0.1553 | Val Accuracy: 97.33%
      ⭐ New Best! (Model saving disabled to save space)
   📅 Epoch 14 | Loss: 0.1487 | Val Accuracy: 97.43%
      ⭐ New Best! (Model saving disabled to save space)
   📅 Epoch 15 | Loss: 0.1412 | Val Accuracy: 97.43%
   📅 Epoch 16 | Loss: 0.1367 | Val Accuracy: 97.49%
      ⭐ New Best! (Model saving disabled to save space)
   📅 Epoch 17 | Loss: 0.1326 | Val Accuracy: 97.49%
   📅 Epoch 18 | Loss: 0.1257 | Val Accuracy: 97.58%
      ⭐ New Best! (Model saving disabled to save space)
   📅 Epoch 19 | Loss: 0.1223 | Val Accuracy: 97.58%
   📅 Epoch 20 | Loss: 0.1191 | Val Accuracy: 97.58%
   📅 Epoch 21 | Loss: 0.1150 | Val Accuracy: 97.53%
   📅 Epoch 22 | Loss: 0.1162 | Val Accuracy: 97.51%
   📅 Epoch 23 | Loss: 0.1102 | Val Accuracy: 97.51%
   📅 Epoch 24 | Loss: 0.1063 | Val Accuracy: 97.53%
   📅 Epoch 25 | Loss: 0.1057 | Val Accuracy: 97.51%
   📅 Epoch 26 | Loss: 0.1036 | Val Accuracy: 97.47%

   🛑 Early Stopping triggered after 8 epochs.

========================================
🏆 Best Val Accuracy: 97.58%
💾 Best Checkpoint: ./checkpoints/linear_mb-atmospheric_dust_cls_rdr_dinov3_lvd_lr1e-05_concat_3.pth
========================================

