
============================================================
📄 Log File: ./logs/linear_records/mb-atmospheric_dust_cls_rdr_mars_mae_frac0.50x_lr0.0001_concat_3.log
⏰ Time: 2026-04-13 16:56:01
============================================================

🚀 Training mars_mae on mb-atmospheric_dust_cls_rdr | Mode: LINEAR | LR: 0.0001
   📂 [TRAIN] Loading 1 shards...
   ✅ Loaded 4908 samples.
   📂 [TEST] Loading 1 shards...
   ✅ Loaded 5214 samples.
   ⚙️  Config: Workers=8, BS=64, SmallData=False

>>> Loading Model: mars_mae (timm_mae)
   ℹ️  Config: in_chans=1
   🔍 Auditing weights for [mars_mae]...
   ✅ [PERFECT MATCH] 150/150 layers loaded (100.0%)

   🔍 [Structure Check] mars_mae Output Analysis:
      Type: Tuple (len=2)
      Item 0: Shape (1, 768)
      Item 1: Shape (1, 196, 768)
      ✅ Identified: CLS=True, Patch=True
      👉 Final Strategy: concat_3 | Input Dim: 2304
   ❄️  Mode: Linear Probe (Backbone Frozen)
   ⚡ AMP Precision: torch.bfloat16
   🔄 Training Start... (Epochs: 50, Patience: 8)
   📅 Epoch 1 | Loss: 0.4830 | Val Accuracy: 90.24%
      ⭐ New Best! (Model saving disabled to save space)
   📅 Epoch 2 | Loss: 0.3272 | Val Accuracy: 91.98%
      ⭐ New Best! (Model saving disabled to save space)
   📅 Epoch 3 | Loss: 0.2665 | Val Accuracy: 92.62%
      ⭐ New Best! (Model saving disabled to save space)
   📅 Epoch 4 | Loss: 0.2346 | Val Accuracy: 92.79%
      ⭐ New Best! (Model saving disabled to save space)
   📅 Epoch 5 | Loss: 0.2149 | Val Accuracy: 93.19%
      ⭐ New Best! (Model saving disabled to save space)
   📅 Epoch 6 | Loss: 0.2013 | Val Accuracy: 93.25%
      ⭐ New Best! (Model saving disabled to save space)
   📅 Epoch 7 | Loss: 0.1912 | Val Accuracy: 93.56%
      ⭐ New Best! (Model saving disabled to save space)
   📅 Epoch 8 | Loss: 0.1840 | Val Accuracy: 93.59%
      ⭐ New Best! (Model saving disabled to save space)
   📅 Epoch 9 | Loss: 0.1747 | Val Accuracy: 93.57%
   📅 Epoch 10 | Loss: 0.1716 | Val Accuracy: 93.71%
      ⭐ New Best! (Model saving disabled to save space)
   📅 Epoch 11 | Loss: 0.1653 | Val Accuracy: 94.04%
      ⭐ New Best! (Model saving disabled to save space)
   📅 Epoch 12 | Loss: 0.1601 | Val Accuracy: 93.92%
   📅 Epoch 13 | Loss: 0.1586 | Val Accuracy: 93.98%
   📅 Epoch 14 | Loss: 0.1534 | Val Accuracy: 94.15%
      ⭐ New Best! (Model saving disabled to save space)
   📅 Epoch 15 | Loss: 0.1456 | Val Accuracy: 94.19%
      ⭐ New Best! (Model saving disabled to save space)
   📅 Epoch 16 | Loss: 0.1483 | Val Accuracy: 94.21%
      ⭐ New Best! (Model saving disabled to save space)
   📅 Epoch 17 | Loss: 0.1441 | Val Accuracy: 94.28%
      ⭐ New Best! (Model saving disabled to save space)
   📅 Epoch 18 | Loss: 0.1411 | Val Accuracy: 94.38%
      ⭐ New Best! (Model saving disabled to save space)
   📅 Epoch 19 | Loss: 0.1455 | Val Accuracy: 94.36%
   📅 Epoch 20 | Loss: 0.1399 | Val Accuracy: 94.19%
   📅 Epoch 21 | Loss: 0.1393 | Val Accuracy: 94.23%
   📅 Epoch 22 | Loss: 0.1334 | Val Accuracy: 94.48%
      ⭐ New Best! (Model saving disabled to save space)
   📅 Epoch 23 | Loss: 0.1365 | Val Accuracy: 94.46%
   📅 Epoch 24 | Loss: 0.1308 | Val Accuracy: 94.59%
      ⭐ New Best! (Model saving disabled to save space)
   📅 Epoch 25 | Loss: 0.1312 | Val Accuracy: 94.55%
   📅 Epoch 26 | Loss: 0.1364 | Val Accuracy: 94.59%
   📅 Epoch 27 | Loss: 0.1334 | Val Accuracy: 94.55%
   📅 Epoch 28 | Loss: 0.1323 | Val Accuracy: 94.42%
   📅 Epoch 29 | Loss: 0.1312 | Val Accuracy: 94.69%
      ⭐ New Best! (Model saving disabled to save space)
   📅 Epoch 30 | Loss: 0.1333 | Val Accuracy: 94.65%
   📅 Epoch 31 | Loss: 0.1252 | Val Accuracy: 94.65%
   📅 Epoch 32 | Loss: 0.1248 | Val Accuracy: 94.57%
   📅 Epoch 33 | Loss: 0.1232 | Val Accuracy: 94.63%
   📅 Epoch 34 | Loss: 0.1172 | Val Accuracy: 94.71%
      ⭐ New Best! (Model saving disabled to save space)
   📅 Epoch 35 | Loss: 0.1263 | Val Accuracy: 94.69%
   📅 Epoch 36 | Loss: 0.1198 | Val Accuracy: 94.67%
   📅 Epoch 37 | Loss: 0.1265 | Val Accuracy: 94.55%
   📅 Epoch 38 | Loss: 0.1246 | Val Accuracy: 94.69%
   📅 Epoch 39 | Loss: 0.1198 | Val Accuracy: 94.73%
      ⭐ New Best! (Model saving disabled to save space)
   📅 Epoch 40 | Loss: 0.1226 | Val Accuracy: 94.71%
   📅 Epoch 41 | Loss: 0.1152 | Val Accuracy: 94.71%
   📅 Epoch 42 | Loss: 0.1207 | Val Accuracy: 94.51%
   📅 Epoch 43 | Loss: 0.1223 | Val Accuracy: 94.63%
   📅 Epoch 44 | Loss: 0.1167 | Val Accuracy: 94.57%
   📅 Epoch 45 | Loss: 0.1208 | Val Accuracy: 94.63%
   📅 Epoch 46 | Loss: 0.1198 | Val Accuracy: 94.73%
   📅 Epoch 47 | Loss: 0.1182 | Val Accuracy: 94.63%

   🛑 Early Stopping triggered after 8 epochs.

========================================
🏆 Best Val Accuracy: 94.73%
💾 Best Checkpoint: ./checkpoints/linear_mb-atmospheric_dust_cls_rdr_mars_mae_lr0.0001_concat_3.pth
========================================

