
============================================================
📄 Log File: ./logs/linear_records/mb-atmospheric_dust_cls_rdr_dinov3_sat_1cha_frac0.05x_lr0.001_concat_3.log
⏰ Time: 2026-04-13 21:48:15
============================================================

🚀 Training dinov3_sat_1cha on mb-atmospheric_dust_cls_rdr | Mode: LINEAR | LR: 0.001
   📂 [TRAIN] Loading 1 shards...
   ✅ Loaded 490 samples.
   📂 [TEST] Loading 1 shards...
   ✅ Loaded 5214 samples.
   ⚙️  Config: Workers=0, BS=64, SmallData=True

>>> Loading Model: dinov3_sat_1cha (dinov3_hub)
   🔍 Auditing weights for [dinov3_sat_1cha]...
   ✅ [PERFECT MATCH] 368/368 layers loaded (100.0%)

   🔍 [Structure Check] dinov3_sat_1cha Output Analysis:
      Type: Tuple (len=2)
      Item 0: Shape (1, 1024)
      Item 1: Shape (1, 256, 1024)
      ✅ Identified: CLS=True, Patch=True
      👉 Final Strategy: concat_3 | Input Dim: 3072
   ❄️  Mode: Linear Probe (Backbone Frozen)
   ⚡ AMP Precision: torch.bfloat16
   🔄 Training Start... (Epochs: 50, Patience: 8)
   📅 Epoch 1 | Loss: 0.4404 | Val Accuracy: 96.85%
      ⭐ New Best! (Model saving disabled to save space)
   📅 Epoch 2 | Loss: 0.1838 | Val Accuracy: 97.10%
      ⭐ New Best! (Model saving disabled to save space)
   📅 Epoch 3 | Loss: 0.1266 | Val Accuracy: 97.20%
      ⭐ New Best! (Model saving disabled to save space)
   📅 Epoch 4 | Loss: 0.1176 | Val Accuracy: 97.22%
      ⭐ New Best! (Model saving disabled to save space)
   📅 Epoch 5 | Loss: 0.1039 | Val Accuracy: 97.08%
   📅 Epoch 6 | Loss: 0.0992 | Val Accuracy: 97.05%
   📅 Epoch 7 | Loss: 0.0997 | Val Accuracy: 97.08%
   📅 Epoch 8 | Loss: 0.0821 | Val Accuracy: 96.97%
   📅 Epoch 9 | Loss: 0.0791 | Val Accuracy: 97.08%
   📅 Epoch 10 | Loss: 0.0741 | Val Accuracy: 97.20%
   📅 Epoch 11 | Loss: 0.0884 | Val Accuracy: 96.82%
   📅 Epoch 12 | Loss: 0.0697 | Val Accuracy: 96.64%

   🛑 Early Stopping triggered after 8 epochs.

========================================
🏆 Best Val Accuracy: 97.22%
💾 Best Checkpoint: ./checkpoints/linear_mb-atmospheric_dust_cls_rdr_dinov3_sat_1cha_lr0.001_concat_3.pth
========================================

