
============================================================
📄 Log File: ./logs/linear_records/mb-atmospheric_dust_cls_rdr_mars_mae_frac0.01x_lr0.0001_concat_3.log
⏰ Time: 2026-04-13 17:47:53
============================================================

🚀 Training mars_mae on mb-atmospheric_dust_cls_rdr | Mode: LINEAR | LR: 0.0001
   📂 [TRAIN] Loading 1 shards...
   ✅ Loaded 98 samples.
   📂 [TEST] Loading 1 shards...
   ✅ Loaded 5214 samples.
   ⚙️  Config: Workers=0, BS=64, SmallData=True

>>> Loading Model: mars_mae (timm_mae)
   ℹ️  Config: in_chans=1
   🔍 Auditing weights for [mars_mae]...
   ✅ [PERFECT MATCH] 150/150 layers loaded (100.0%)

   🔍 [Structure Check] mars_mae Output Analysis:
      Type: Tuple (len=2)
      Item 0: Shape (1, 768)
      Item 1: Shape (1, 196, 768)
      ✅ Identified: CLS=True, Patch=True
      👉 Final Strategy: concat_3 | Input Dim: 2304
   ❄️  Mode: Linear Probe (Backbone Frozen)
   ⚡ AMP Precision: torch.bfloat16
   🔄 Training Start... (Epochs: 50, Patience: 8)
   📅 Epoch 1 | Loss: 0.7957 | Val Accuracy: 57.25%
      ⭐ New Best! (Model saving disabled to save space)
   📅 Epoch 2 | Loss: 0.7304 | Val Accuracy: 61.37%
      ⭐ New Best! (Model saving disabled to save space)
   📅 Epoch 3 | Loss: 0.6391 | Val Accuracy: 64.84%
      ⭐ New Best! (Model saving disabled to save space)
   📅 Epoch 4 | Loss: 0.7101 | Val Accuracy: 67.30%
      ⭐ New Best! (Model saving disabled to save space)
   📅 Epoch 5 | Loss: 0.6502 | Val Accuracy: 68.41%
      ⭐ New Best! (Model saving disabled to save space)
   📅 Epoch 6 | Loss: 0.6416 | Val Accuracy: 69.22%
      ⭐ New Best! (Model saving disabled to save space)
   📅 Epoch 7 | Loss: 0.6745 | Val Accuracy: 69.62%
      ⭐ New Best! (Model saving disabled to save space)
   📅 Epoch 8 | Loss: 0.6767 | Val Accuracy: 70.25%
      ⭐ New Best! (Model saving disabled to save space)
   📅 Epoch 9 | Loss: 0.6362 | Val Accuracy: 71.17%
      ⭐ New Best! (Model saving disabled to save space)
   📅 Epoch 10 | Loss: 0.6361 | Val Accuracy: 72.80%
      ⭐ New Best! (Model saving disabled to save space)
   📅 Epoch 11 | Loss: 0.6370 | Val Accuracy: 74.89%
      ⭐ New Best! (Model saving disabled to save space)
   📅 Epoch 12 | Loss: 0.6046 | Val Accuracy: 76.64%
      ⭐ New Best! (Model saving disabled to save space)
   📅 Epoch 13 | Loss: 0.6177 | Val Accuracy: 77.81%
      ⭐ New Best! (Model saving disabled to save space)
   📅 Epoch 14 | Loss: 0.6302 | Val Accuracy: 78.90%
      ⭐ New Best! (Model saving disabled to save space)
   📅 Epoch 15 | Loss: 0.5821 | Val Accuracy: 79.98%
      ⭐ New Best! (Model saving disabled to save space)
   📅 Epoch 16 | Loss: 0.5970 | Val Accuracy: 80.96%
      ⭐ New Best! (Model saving disabled to save space)
   📅 Epoch 17 | Loss: 0.5395 | Val Accuracy: 81.22%
      ⭐ New Best! (Model saving disabled to save space)
   📅 Epoch 18 | Loss: 0.5645 | Val Accuracy: 81.59%
      ⭐ New Best! (Model saving disabled to save space)
   📅 Epoch 19 | Loss: 0.5433 | Val Accuracy: 82.05%
      ⭐ New Best! (Model saving disabled to save space)
   📅 Epoch 20 | Loss: 0.5769 | Val Accuracy: 82.80%
      ⭐ New Best! (Model saving disabled to save space)
   📅 Epoch 21 | Loss: 0.5533 | Val Accuracy: 83.24%
      ⭐ New Best! (Model saving disabled to save space)
   📅 Epoch 22 | Loss: 0.5388 | Val Accuracy: 83.47%
      ⭐ New Best! (Model saving disabled to save space)
   📅 Epoch 23 | Loss: 0.5252 | Val Accuracy: 83.87%
      ⭐ New Best! (Model saving disabled to save space)
   📅 Epoch 24 | Loss: 0.5514 | Val Accuracy: 84.25%
      ⭐ New Best! (Model saving disabled to save space)
   📅 Epoch 25 | Loss: 0.5041 | Val Accuracy: 84.50%
      ⭐ New Best! (Model saving disabled to save space)
   📅 Epoch 26 | Loss: 0.5172 | Val Accuracy: 84.64%
      ⭐ New Best! (Model saving disabled to save space)
   📅 Epoch 27 | Loss: 0.5022 | Val Accuracy: 84.66%
      ⭐ New Best! (Model saving disabled to save space)
   📅 Epoch 28 | Loss: 0.5079 | Val Accuracy: 84.73%
      ⭐ New Best! (Model saving disabled to save space)
   📅 Epoch 29 | Loss: 0.4948 | Val Accuracy: 85.00%
      ⭐ New Best! (Model saving disabled to save space)
   📅 Epoch 30 | Loss: 0.4832 | Val Accuracy: 85.21%
      ⭐ New Best! (Model saving disabled to save space)
   📅 Epoch 31 | Loss: 0.4793 | Val Accuracy: 85.37%
      ⭐ New Best! (Model saving disabled to save space)
   📅 Epoch 32 | Loss: 0.4479 | Val Accuracy: 85.31%
   📅 Epoch 33 | Loss: 0.4941 | Val Accuracy: 85.46%
      ⭐ New Best! (Model saving disabled to save space)
   📅 Epoch 34 | Loss: 0.4887 | Val Accuracy: 85.52%
      ⭐ New Best! (Model saving disabled to save space)
   📅 Epoch 35 | Loss: 0.4838 | Val Accuracy: 85.67%
      ⭐ New Best! (Model saving disabled to save space)
   📅 Epoch 36 | Loss: 0.4724 | Val Accuracy: 86.04%
      ⭐ New Best! (Model saving disabled to save space)
   📅 Epoch 37 | Loss: 0.4409 | Val Accuracy: 86.38%
      ⭐ New Best! (Model saving disabled to save space)
   📅 Epoch 38 | Loss: 0.4551 | Val Accuracy: 86.80%
      ⭐ New Best! (Model saving disabled to save space)
   📅 Epoch 39 | Loss: 0.4394 | Val Accuracy: 86.90%
      ⭐ New Best! (Model saving disabled to save space)
   📅 Epoch 40 | Loss: 0.4394 | Val Accuracy: 87.03%
      ⭐ New Best! (Model saving disabled to save space)
   📅 Epoch 41 | Loss: 0.4344 | Val Accuracy: 87.11%
      ⭐ New Best! (Model saving disabled to save space)
   📅 Epoch 42 | Loss: 0.4301 | Val Accuracy: 87.09%
   📅 Epoch 43 | Loss: 0.4064 | Val Accuracy: 87.15%
      ⭐ New Best! (Model saving disabled to save space)
   📅 Epoch 44 | Loss: 0.4238 | Val Accuracy: 87.38%
      ⭐ New Best! (Model saving disabled to save space)
   📅 Epoch 45 | Loss: 0.4312 | Val Accuracy: 87.44%
      ⭐ New Best! (Model saving disabled to save space)
   📅 Epoch 46 | Loss: 0.4196 | Val Accuracy: 87.55%
      ⭐ New Best! (Model saving disabled to save space)
   📅 Epoch 47 | Loss: 0.4059 | Val Accuracy: 87.61%
      ⭐ New Best! (Model saving disabled to save space)
   📅 Epoch 48 | Loss: 0.3930 | Val Accuracy: 87.73%
      ⭐ New Best! (Model saving disabled to save space)
   📅 Epoch 49 | Loss: 0.4293 | Val Accuracy: 87.84%
      ⭐ New Best! (Model saving disabled to save space)
   📅 Epoch 50 | Loss: 0.4082 | Val Accuracy: 88.03%
      ⭐ New Best! (Model saving disabled to save space)

========================================
🏆 Best Val Accuracy: 88.03%
💾 Best Checkpoint: ./checkpoints/linear_mb-atmospheric_dust_cls_rdr_mars_mae_lr0.0001_concat_3.pth
========================================

