
============================================================
📄 Log File: ./logs/linear_records/mb-atmospheric_dust_cls_rdr_mars_mae_lr0.01_concat_3.log
⏰ Time: 2026-02-28 12:21:43
============================================================

🚀 Training mars_mae on mb-atmospheric_dust_cls_rdr | Mode: LINEAR | LR: 0.01
   📂 [TRAIN] Loading 1 shards...
   ✅ Loaded 9817 samples.
   📂 [TEST] Loading 1 shards...
   ✅ Loaded 5214 samples.
   ⚙️  Config: Workers=8, BS=256, SmallData=False

>>> Loading Model: mars_mae (timm_mae)
   ℹ️  Config: in_chans=1
   🔍 Auditing weights for [mars_mae]...
   ✅ [PERFECT MATCH] 150/150 layers loaded (100.0%)

   🔍 [Structure Check] mars_mae Output Analysis:
      Type: Tuple (len=2)
      Item 0: Shape (1, 768)
      Item 1: Shape (1, 196, 768)
      ✅ Identified: CLS=True, Patch=True
      👉 Final Strategy: concat_3 | Input Dim: 2304
   ❄️  Mode: Linear Probe (Backbone Frozen)
   🚀 Compiling model with torch.compile...
   ⚡ AMP Precision: torch.bfloat16
   🔄 Training Start... (Epochs: 40, Patience: 5)
   📅 Epoch 1 | Loss: 0.9390 | Val Accuracy: 92.12%
      ⭐ New Best! Saved.
   📅 Epoch 2 | Loss: 0.1844 | Val Accuracy: 92.69%
      ⭐ New Best! Saved.
   📅 Epoch 3 | Loss: 0.1353 | Val Accuracy: 93.92%
      ⭐ New Best! Saved.
   📅 Epoch 4 | Loss: 0.1249 | Val Accuracy: 94.27%
      ⭐ New Best! Saved.
   📅 Epoch 5 | Loss: 0.1319 | Val Accuracy: 94.25%
   📅 Epoch 6 | Loss: 0.1196 | Val Accuracy: 94.28%
      ⭐ New Best! Saved.
   📅 Epoch 7 | Loss: 0.1205 | Val Accuracy: 94.40%
      ⭐ New Best! Saved.
   📅 Epoch 8 | Loss: 0.1110 | Val Accuracy: 95.15%
      ⭐ New Best! Saved.
   📅 Epoch 9 | Loss: 0.1066 | Val Accuracy: 94.99%
   📅 Epoch 10 | Loss: 0.1116 | Val Accuracy: 94.28%
   📅 Epoch 11 | Loss: 0.1251 | Val Accuracy: 94.92%
   📅 Epoch 12 | Loss: 0.1051 | Val Accuracy: 93.96%
   📅 Epoch 13 | Loss: 0.1039 | Val Accuracy: 93.52%

   🛑 Early Stopping triggered after 5 epochs.

========================================
🏆 Best Val Accuracy: 95.15%
💾 Best Checkpoint: ./checkpoints/linear_mb-atmospheric_dust_cls_rdr_mars_mae_lr0.01_concat_3.pth
========================================

