
============================================================
📄 Log File: ./logs/linear_records/mb-atmospheric_dust_cls_rdr_swin_v2_frac0.01x_lr1e-05_concat_3.log
⏰ Time: 2026-04-13 15:01:23
============================================================

🚀 Training swin_v2 on mb-atmospheric_dust_cls_rdr | Mode: LINEAR | LR: 1e-05
   📂 [TRAIN] Loading 1 shards...
   ✅ Loaded 98 samples.
   📂 [TEST] Loading 1 shards...
   ✅ Loaded 5214 samples.
   ⚙️  Config: Workers=0, BS=64, SmallData=True

>>> Loading Model: swin_v2 (torchvision_swin)
   🔍 Auditing weights for [swin_v2]...
   ✅ [PERFECT MATCH] 449/449 layers loaded (100.0%)

   🔍 [Structure Check] swin_v2 Output Analysis:
      Type: Tuple (len=2)
      Item 0: Shape (1, 1024)
      Item 1: Shape (1, 64, 1024)
      ✅ Identified: CLS=True, Patch=True
      👉 Final Strategy: concat_3 | Input Dim: 3072
   ❄️  Mode: Linear Probe (Backbone Frozen)
   ⚡ AMP Precision: torch.bfloat16
   🔄 Training Start... (Epochs: 50, Patience: 8)
   📅 Epoch 1 | Loss: 0.7835 | Val Accuracy: 52.53%
      ⭐ New Best! (Model saving disabled to save space)
   📅 Epoch 2 | Loss: 0.6869 | Val Accuracy: 53.11%
      ⭐ New Best! (Model saving disabled to save space)
   📅 Epoch 3 | Loss: 0.7444 | Val Accuracy: 53.47%
      ⭐ New Best! (Model saving disabled to save space)
   📅 Epoch 4 | Loss: 0.7097 | Val Accuracy: 53.82%
      ⭐ New Best! (Model saving disabled to save space)
   📅 Epoch 5 | Loss: 0.7019 | Val Accuracy: 54.47%
      ⭐ New Best! (Model saving disabled to save space)
   📅 Epoch 6 | Loss: 0.7202 | Val Accuracy: 55.01%
      ⭐ New Best! (Model saving disabled to save space)
   📅 Epoch 7 | Loss: 0.7197 | Val Accuracy: 55.68%
      ⭐ New Best! (Model saving disabled to save space)
   📅 Epoch 8 | Loss: 0.7066 | Val Accuracy: 56.39%
      ⭐ New Best! (Model saving disabled to save space)
   📅 Epoch 9 | Loss: 0.6838 | Val Accuracy: 56.77%
      ⭐ New Best! (Model saving disabled to save space)
   📅 Epoch 10 | Loss: 0.6942 | Val Accuracy: 57.44%
      ⭐ New Best! (Model saving disabled to save space)
   📅 Epoch 11 | Loss: 0.6709 | Val Accuracy: 58.06%
      ⭐ New Best! (Model saving disabled to save space)
   📅 Epoch 12 | Loss: 0.7121 | Val Accuracy: 58.76%
      ⭐ New Best! (Model saving disabled to save space)
   📅 Epoch 13 | Loss: 0.6892 | Val Accuracy: 59.51%
      ⭐ New Best! (Model saving disabled to save space)
   📅 Epoch 14 | Loss: 0.6877 | Val Accuracy: 60.30%
      ⭐ New Best! (Model saving disabled to save space)
   📅 Epoch 15 | Loss: 0.6566 | Val Accuracy: 60.63%
      ⭐ New Best! (Model saving disabled to save space)
   📅 Epoch 16 | Loss: 0.6483 | Val Accuracy: 61.45%
      ⭐ New Best! (Model saving disabled to save space)
   📅 Epoch 17 | Loss: 0.7162 | Val Accuracy: 61.99%
      ⭐ New Best! (Model saving disabled to save space)
   📅 Epoch 18 | Loss: 0.7111 | Val Accuracy: 62.52%
      ⭐ New Best! (Model saving disabled to save space)
   📅 Epoch 19 | Loss: 0.6374 | Val Accuracy: 63.20%
      ⭐ New Best! (Model saving disabled to save space)
   📅 Epoch 20 | Loss: 0.7049 | Val Accuracy: 63.96%
      ⭐ New Best! (Model saving disabled to save space)
   📅 Epoch 21 | Loss: 0.6513 | Val Accuracy: 64.65%
      ⭐ New Best! (Model saving disabled to save space)
   📅 Epoch 22 | Loss: 0.6693 | Val Accuracy: 65.46%
      ⭐ New Best! (Model saving disabled to save space)
   📅 Epoch 23 | Loss: 0.6438 | Val Accuracy: 66.01%
      ⭐ New Best! (Model saving disabled to save space)
   📅 Epoch 24 | Loss: 0.6990 | Val Accuracy: 66.84%
      ⭐ New Best! (Model saving disabled to save space)
   📅 Epoch 25 | Loss: 0.6251 | Val Accuracy: 67.32%
      ⭐ New Best! (Model saving disabled to save space)
   📅 Epoch 26 | Loss: 0.6280 | Val Accuracy: 68.01%
      ⭐ New Best! (Model saving disabled to save space)
   📅 Epoch 27 | Loss: 0.6540 | Val Accuracy: 68.55%
      ⭐ New Best! (Model saving disabled to save space)
   📅 Epoch 28 | Loss: 0.6539 | Val Accuracy: 69.12%
      ⭐ New Best! (Model saving disabled to save space)
   📅 Epoch 29 | Loss: 0.6462 | Val Accuracy: 69.60%
      ⭐ New Best! (Model saving disabled to save space)
   📅 Epoch 30 | Loss: 0.6775 | Val Accuracy: 70.27%
      ⭐ New Best! (Model saving disabled to save space)
   📅 Epoch 31 | Loss: 0.5918 | Val Accuracy: 70.85%
      ⭐ New Best! (Model saving disabled to save space)
   📅 Epoch 32 | Loss: 0.6353 | Val Accuracy: 71.54%
      ⭐ New Best! (Model saving disabled to save space)
   📅 Epoch 33 | Loss: 0.6324 | Val Accuracy: 72.00%
      ⭐ New Best! (Model saving disabled to save space)
   📅 Epoch 34 | Loss: 0.6412 | Val Accuracy: 72.48%
      ⭐ New Best! (Model saving disabled to save space)
   📅 Epoch 35 | Loss: 0.6328 | Val Accuracy: 72.96%
      ⭐ New Best! (Model saving disabled to save space)
   📅 Epoch 36 | Loss: 0.6295 | Val Accuracy: 73.65%
      ⭐ New Best! (Model saving disabled to save space)
   📅 Epoch 37 | Loss: 0.5585 | Val Accuracy: 74.03%
      ⭐ New Best! (Model saving disabled to save space)
   📅 Epoch 38 | Loss: 0.6097 | Val Accuracy: 74.66%
      ⭐ New Best! (Model saving disabled to save space)
   📅 Epoch 39 | Loss: 0.5848 | Val Accuracy: 75.32%
      ⭐ New Best! (Model saving disabled to save space)
   📅 Epoch 40 | Loss: 0.5828 | Val Accuracy: 75.95%
      ⭐ New Best! (Model saving disabled to save space)
   📅 Epoch 41 | Loss: 0.5798 | Val Accuracy: 76.35%
      ⭐ New Best! (Model saving disabled to save space)
   📅 Epoch 42 | Loss: 0.5906 | Val Accuracy: 76.77%
      ⭐ New Best! (Model saving disabled to save space)
   📅 Epoch 43 | Loss: 0.5746 | Val Accuracy: 77.39%
      ⭐ New Best! (Model saving disabled to save space)
   📅 Epoch 44 | Loss: 0.5750 | Val Accuracy: 77.73%
      ⭐ New Best! (Model saving disabled to save space)
   📅 Epoch 45 | Loss: 0.5565 | Val Accuracy: 78.14%
      ⭐ New Best! (Model saving disabled to save space)
   📅 Epoch 46 | Loss: 0.5813 | Val Accuracy: 78.65%
      ⭐ New Best! (Model saving disabled to save space)
   📅 Epoch 47 | Loss: 0.5542 | Val Accuracy: 79.04%
      ⭐ New Best! (Model saving disabled to save space)
   📅 Epoch 48 | Loss: 0.5736 | Val Accuracy: 79.52%
      ⭐ New Best! (Model saving disabled to save space)
   📅 Epoch 49 | Loss: 0.5698 | Val Accuracy: 79.90%
      ⭐ New Best! (Model saving disabled to save space)
   📅 Epoch 50 | Loss: 0.5899 | Val Accuracy: 80.53%
      ⭐ New Best! (Model saving disabled to save space)

========================================
🏆 Best Val Accuracy: 80.53%
💾 Best Checkpoint: ./checkpoints/linear_mb-atmospheric_dust_cls_rdr_swin_v2_lr1e-05_concat_3.pth
========================================

