
============================================================
📄 Log File: ./logs/linear_records/mb-atmospheric_dust_cls_rdr_dinov3_sat_1cha_frac0.20x_lr0.0001_concat_3.log
⏰ Time: 2026-04-13 21:55:36
============================================================

🚀 Training dinov3_sat_1cha on mb-atmospheric_dust_cls_rdr | Mode: LINEAR | LR: 0.0001
   📂 [TRAIN] Loading 1 shards...
   ✅ Loaded 1963 samples.
   📂 [TEST] Loading 1 shards...
   ✅ Loaded 5214 samples.
   ⚙️  Config: Workers=8, BS=64, SmallData=False

>>> Loading Model: dinov3_sat_1cha (dinov3_hub)
   🔍 Auditing weights for [dinov3_sat_1cha]...
   ✅ [PERFECT MATCH] 368/368 layers loaded (100.0%)

   🔍 [Structure Check] dinov3_sat_1cha Output Analysis:
      Type: Tuple (len=2)
      Item 0: Shape (1, 1024)
      Item 1: Shape (1, 256, 1024)
      ✅ Identified: CLS=True, Patch=True
      👉 Final Strategy: concat_3 | Input Dim: 3072
   ❄️  Mode: Linear Probe (Backbone Frozen)
   ⚡ AMP Precision: torch.bfloat16
   🔄 Training Start... (Epochs: 50, Patience: 8)
   📅 Epoch 1 | Loss: 0.5173 | Val Accuracy: 96.76%
      ⭐ New Best! (Model saving disabled to save space)
   📅 Epoch 2 | Loss: 0.3072 | Val Accuracy: 96.87%
      ⭐ New Best! (Model saving disabled to save space)
   📅 Epoch 3 | Loss: 0.2278 | Val Accuracy: 96.84%
   📅 Epoch 4 | Loss: 0.1917 | Val Accuracy: 96.89%
      ⭐ New Best! (Model saving disabled to save space)
   📅 Epoch 5 | Loss: 0.1666 | Val Accuracy: 97.07%
      ⭐ New Best! (Model saving disabled to save space)
   📅 Epoch 6 | Loss: 0.1478 | Val Accuracy: 97.10%
      ⭐ New Best! (Model saving disabled to save space)
   📅 Epoch 7 | Loss: 0.1360 | Val Accuracy: 97.12%
      ⭐ New Best! (Model saving disabled to save space)
   📅 Epoch 8 | Loss: 0.1191 | Val Accuracy: 97.12%
   📅 Epoch 9 | Loss: 0.1118 | Val Accuracy: 97.14%
      ⭐ New Best! (Model saving disabled to save space)
   📅 Epoch 10 | Loss: 0.1102 | Val Accuracy: 97.07%
   📅 Epoch 11 | Loss: 0.1043 | Val Accuracy: 97.20%
      ⭐ New Best! (Model saving disabled to save space)
   📅 Epoch 12 | Loss: 0.1015 | Val Accuracy: 97.20%
   📅 Epoch 13 | Loss: 0.0957 | Val Accuracy: 96.95%
   📅 Epoch 14 | Loss: 0.0971 | Val Accuracy: 97.01%
   📅 Epoch 15 | Loss: 0.0875 | Val Accuracy: 96.99%
   📅 Epoch 16 | Loss: 0.0910 | Val Accuracy: 97.14%
   📅 Epoch 17 | Loss: 0.0840 | Val Accuracy: 97.03%
   📅 Epoch 18 | Loss: 0.0831 | Val Accuracy: 97.03%
   📅 Epoch 19 | Loss: 0.0803 | Val Accuracy: 97.05%

   🛑 Early Stopping triggered after 8 epochs.

========================================
🏆 Best Val Accuracy: 97.20%
💾 Best Checkpoint: ./checkpoints/linear_mb-atmospheric_dust_cls_rdr_dinov3_sat_1cha_lr0.0001_concat_3.pth
========================================

