
============================================================
📄 Log File: ./logs/linear_records_new/mb-atmospheric_dust_cls_rdr_dinov3_lvd_frac0.50x_lr0.0001_concat_3.log
⏰ Time: 2026-04-15 16:39:21
============================================================

🚀 Training dinov3_lvd on mb-atmospheric_dust_cls_rdr | Mode: LINEAR | LR: 0.0001
   📂 [TRAIN] Loading 1 shards...
   ✅ Loaded 4908 samples.
   📂 [TEST] Loading 1 shards...
   ✅ Loaded 5214 samples.
   ⚙️  Config: Workers=8, BS=64, SmallData=False

>>> Loading Model: dinov3_lvd (dinov3_hub)
  ℹ️  DINOv3 Config: in_chans=3
   🔍 Auditing weights for [dinov3_lvd]...
   ✅ [PERFECT MATCH] 368/368 layers loaded (100.0%)

   🔍 [Structure Check] dinov3_lvd Output Analysis:
      Type: Tuple (len=2)
      Item 0: Shape (1, 1024)
      Item 1: Shape (1, 256, 1024)
      ✅ Identified: CLS=True, Patch=True
      👉 Final Strategy: concat_3 | Input Dim: 3072
   ❄️  Mode: Linear Probe (Backbone Frozen)
   ⚡ AMP Precision: torch.bfloat16
   🔄 Training Start... (Epochs: 50, Patience: 8)
   📅 Epoch 1 | Loss: 0.3412 | Val Accuracy: 97.20%
      ⭐ New Best! (Model saving disabled to save space)
   📅 Epoch 2 | Loss: 0.1426 | Val Accuracy: 97.28%
      ⭐ New Best! (Model saving disabled to save space)
   📅 Epoch 3 | Loss: 0.1102 | Val Accuracy: 97.24%
   📅 Epoch 4 | Loss: 0.0934 | Val Accuracy: 97.37%
      ⭐ New Best! (Model saving disabled to save space)
   📅 Epoch 5 | Loss: 0.0850 | Val Accuracy: 97.28%
   📅 Epoch 6 | Loss: 0.0797 | Val Accuracy: 97.14%
   📅 Epoch 7 | Loss: 0.0771 | Val Accuracy: 97.35%
   📅 Epoch 8 | Loss: 0.0753 | Val Accuracy: 97.41%
      ⭐ New Best! (Model saving disabled to save space)
   📅 Epoch 9 | Loss: 0.0714 | Val Accuracy: 97.28%
   📅 Epoch 10 | Loss: 0.0690 | Val Accuracy: 97.18%
   📅 Epoch 11 | Loss: 0.0675 | Val Accuracy: 97.24%
   📅 Epoch 12 | Loss: 0.0645 | Val Accuracy: 97.35%
   📅 Epoch 13 | Loss: 0.0676 | Val Accuracy: 97.58%
      ⭐ New Best! (Model saving disabled to save space)
   📅 Epoch 14 | Loss: 0.0612 | Val Accuracy: 97.55%
   📅 Epoch 15 | Loss: 0.0593 | Val Accuracy: 97.68%
      ⭐ New Best! (Model saving disabled to save space)
   📅 Epoch 16 | Loss: 0.0585 | Val Accuracy: 97.31%
   📅 Epoch 17 | Loss: 0.0622 | Val Accuracy: 97.30%
   📅 Epoch 18 | Loss: 0.0593 | Val Accuracy: 97.56%
   📅 Epoch 19 | Loss: 0.0585 | Val Accuracy: 97.51%
   📅 Epoch 20 | Loss: 0.0580 | Val Accuracy: 97.68%
   📅 Epoch 21 | Loss: 0.0561 | Val Accuracy: 97.74%
      ⭐ New Best! (Model saving disabled to save space)
   📅 Epoch 22 | Loss: 0.0572 | Val Accuracy: 97.64%
   📅 Epoch 23 | Loss: 0.0584 | Val Accuracy: 97.22%
   📅 Epoch 24 | Loss: 0.0619 | Val Accuracy: 97.51%
   📅 Epoch 25 | Loss: 0.0539 | Val Accuracy: 97.33%
   📅 Epoch 26 | Loss: 0.0534 | Val Accuracy: 97.51%
   📅 Epoch 27 | Loss: 0.0565 | Val Accuracy: 97.33%
   📅 Epoch 28 | Loss: 0.0515 | Val Accuracy: 97.16%
   📅 Epoch 29 | Loss: 0.0558 | Val Accuracy: 97.51%

   🛑 Early Stopping triggered after 8 epochs.

========================================
🏆 Best Val Accuracy: 97.74%
💾 Best Checkpoint: ./checkpoints/linear_mb-atmospheric_dust_cls_rdr_dinov3_lvd_lr0.0001_concat_3.pth
========================================

