
============================================================
📄 Log File: ./logs/linear_records/mb-atmospheric_dust_cls_rdr_vit_l_frac0.01x_lr0.0001_concat_3.log
⏰ Time: 2026-04-13 14:45:48
============================================================

🚀 Training vit_l on mb-atmospheric_dust_cls_rdr | Mode: LINEAR | LR: 0.0001
   📂 [TRAIN] Loading 1 shards...
   ✅ Loaded 98 samples.
   📂 [TEST] Loading 1 shards...
   ✅ Loaded 5214 samples.
   ⚙️  Config: Workers=0, BS=64, SmallData=True

>>> Loading Model: vit_l (torchvision_vit)
   🔍 Auditing weights for [vit_l]...
   ✅ [PERFECT MATCH] 296/296 layers loaded (100.0%)

   🔍 [Structure Check] vit_l Output Analysis:
      Type: Tuple (len=2)
      Item 0: Shape (1, 1024)
      Item 1: Shape (1, 196, 1024)
      ✅ Identified: CLS=True, Patch=True
      👉 Final Strategy: concat_3 | Input Dim: 3072
   ❄️  Mode: Linear Probe (Backbone Frozen)
   ⚡ AMP Precision: torch.bfloat16
   🔄 Training Start... (Epochs: 50, Patience: 8)
   📅 Epoch 1 | Loss: 0.6989 | Val Accuracy: 70.85%
      ⭐ New Best! (Model saving disabled to save space)
   📅 Epoch 2 | Loss: 0.6351 | Val Accuracy: 73.88%
      ⭐ New Best! (Model saving disabled to save space)
   📅 Epoch 3 | Loss: 0.6318 | Val Accuracy: 59.15%
   📅 Epoch 4 | Loss: 0.5914 | Val Accuracy: 53.20%
   📅 Epoch 5 | Loss: 0.5928 | Val Accuracy: 52.47%
   📅 Epoch 6 | Loss: 0.5993 | Val Accuracy: 54.83%
   📅 Epoch 7 | Loss: 0.5560 | Val Accuracy: 62.77%
   📅 Epoch 8 | Loss: 0.5344 | Val Accuracy: 74.66%
      ⭐ New Best! (Model saving disabled to save space)
   📅 Epoch 9 | Loss: 0.5321 | Val Accuracy: 85.54%
      ⭐ New Best! (Model saving disabled to save space)
   📅 Epoch 10 | Loss: 0.5117 | Val Accuracy: 91.31%
      ⭐ New Best! (Model saving disabled to save space)
   📅 Epoch 11 | Loss: 0.4794 | Val Accuracy: 93.44%
      ⭐ New Best! (Model saving disabled to save space)
   📅 Epoch 12 | Loss: 0.4785 | Val Accuracy: 93.27%
   📅 Epoch 13 | Loss: 0.4838 | Val Accuracy: 92.94%
   📅 Epoch 14 | Loss: 0.4817 | Val Accuracy: 92.87%
   📅 Epoch 15 | Loss: 0.4505 | Val Accuracy: 92.94%
   📅 Epoch 16 | Loss: 0.4171 | Val Accuracy: 93.36%
   📅 Epoch 17 | Loss: 0.4332 | Val Accuracy: 93.86%
      ⭐ New Best! (Model saving disabled to save space)
   📅 Epoch 18 | Loss: 0.4191 | Val Accuracy: 94.59%
      ⭐ New Best! (Model saving disabled to save space)
   📅 Epoch 19 | Loss: 0.4395 | Val Accuracy: 94.86%
      ⭐ New Best! (Model saving disabled to save space)
   📅 Epoch 20 | Loss: 0.3762 | Val Accuracy: 95.15%
      ⭐ New Best! (Model saving disabled to save space)
   📅 Epoch 21 | Loss: 0.3758 | Val Accuracy: 95.28%
      ⭐ New Best! (Model saving disabled to save space)
   📅 Epoch 22 | Loss: 0.3531 | Val Accuracy: 95.34%
      ⭐ New Best! (Model saving disabled to save space)
   📅 Epoch 23 | Loss: 0.3404 | Val Accuracy: 95.32%
   📅 Epoch 24 | Loss: 0.3674 | Val Accuracy: 95.49%
      ⭐ New Best! (Model saving disabled to save space)
   📅 Epoch 25 | Loss: 0.3549 | Val Accuracy: 95.63%
      ⭐ New Best! (Model saving disabled to save space)
   📅 Epoch 26 | Loss: 0.3444 | Val Accuracy: 95.61%
   📅 Epoch 27 | Loss: 0.3551 | Val Accuracy: 95.72%
      ⭐ New Best! (Model saving disabled to save space)
   📅 Epoch 28 | Loss: 0.3240 | Val Accuracy: 95.68%
   📅 Epoch 29 | Loss: 0.3460 | Val Accuracy: 95.78%
      ⭐ New Best! (Model saving disabled to save space)
   📅 Epoch 30 | Loss: 0.3253 | Val Accuracy: 95.74%
   📅 Epoch 31 | Loss: 0.3243 | Val Accuracy: 95.78%
   📅 Epoch 32 | Loss: 0.3032 | Val Accuracy: 95.82%
      ⭐ New Best! (Model saving disabled to save space)
   📅 Epoch 33 | Loss: 0.2510 | Val Accuracy: 95.84%
      ⭐ New Best! (Model saving disabled to save space)
   📅 Epoch 34 | Loss: 0.2641 | Val Accuracy: 95.80%
   📅 Epoch 35 | Loss: 0.2375 | Val Accuracy: 95.82%
   📅 Epoch 36 | Loss: 0.2790 | Val Accuracy: 95.80%
   📅 Epoch 37 | Loss: 0.2787 | Val Accuracy: 95.78%
   📅 Epoch 38 | Loss: 0.2553 | Val Accuracy: 95.82%
   📅 Epoch 39 | Loss: 0.2670 | Val Accuracy: 95.80%
   📅 Epoch 40 | Loss: 0.2716 | Val Accuracy: 95.82%
   📅 Epoch 41 | Loss: 0.2460 | Val Accuracy: 95.82%

   🛑 Early Stopping triggered after 8 epochs.

========================================
🏆 Best Val Accuracy: 95.84%
💾 Best Checkpoint: ./checkpoints/linear_mb-atmospheric_dust_cls_rdr_vit_l_lr0.0001_concat_3.pth
========================================

