
============================================================
📄 Log File: ./logs/linear_records_new/mb-atmospheric_dust_cls_rdr_dinov3_sat_frac0.05x_lr1e-05_concat_3.log
⏰ Time: 2026-04-15 17:39:24
============================================================

🚀 Training dinov3_sat on mb-atmospheric_dust_cls_rdr | Mode: LINEAR | LR: 1e-05
   📂 [TRAIN] Loading 1 shards...
   ✅ Loaded 490 samples.
   📂 [TEST] Loading 1 shards...
   ✅ Loaded 5214 samples.
   ⚙️  Config: Workers=0, BS=64, SmallData=True

>>> Loading Model: dinov3_sat (dinov3_hub)
  ℹ️  DINOv3 Config: in_chans=3
   🔍 Auditing weights for [dinov3_sat]...
   ✅ [PERFECT MATCH] 368/368 layers loaded (100.0%)

   🔍 [Structure Check] dinov3_sat Output Analysis:
      Type: Tuple (len=2)
      Item 0: Shape (1, 1024)
      Item 1: Shape (1, 256, 1024)
      ✅ Identified: CLS=True, Patch=True
      👉 Final Strategy: concat_3 | Input Dim: 3072
   ❄️  Mode: Linear Probe (Backbone Frozen)
   ⚡ AMP Precision: torch.bfloat16
   🔄 Training Start... (Epochs: 50, Patience: 8)
   📅 Epoch 1 | Loss: 0.6752 | Val Accuracy: 68.14%
      ⭐ New Best! (Model saving disabled to save space)
   📅 Epoch 2 | Loss: 0.6652 | Val Accuracy: 72.04%
      ⭐ New Best! (Model saving disabled to save space)
   📅 Epoch 3 | Loss: 0.6617 | Val Accuracy: 75.82%
      ⭐ New Best! (Model saving disabled to save space)
   📅 Epoch 4 | Loss: 0.6548 | Val Accuracy: 78.77%
      ⭐ New Best! (Model saving disabled to save space)
   📅 Epoch 5 | Loss: 0.6425 | Val Accuracy: 81.26%
      ⭐ New Best! (Model saving disabled to save space)
   📅 Epoch 6 | Loss: 0.6302 | Val Accuracy: 83.77%
      ⭐ New Best! (Model saving disabled to save space)
   📅 Epoch 7 | Loss: 0.6250 | Val Accuracy: 85.81%
      ⭐ New Best! (Model saving disabled to save space)
   📅 Epoch 8 | Loss: 0.6185 | Val Accuracy: 87.69%
      ⭐ New Best! (Model saving disabled to save space)
   📅 Epoch 9 | Loss: 0.6043 | Val Accuracy: 89.11%
      ⭐ New Best! (Model saving disabled to save space)
   📅 Epoch 10 | Loss: 0.5959 | Val Accuracy: 89.99%
      ⭐ New Best! (Model saving disabled to save space)
   📅 Epoch 11 | Loss: 0.5886 | Val Accuracy: 91.20%
      ⭐ New Best! (Model saving disabled to save space)
   📅 Epoch 12 | Loss: 0.5792 | Val Accuracy: 91.94%
      ⭐ New Best! (Model saving disabled to save space)
   📅 Epoch 13 | Loss: 0.5784 | Val Accuracy: 92.62%
      ⭐ New Best! (Model saving disabled to save space)
   📅 Epoch 14 | Loss: 0.5683 | Val Accuracy: 93.13%
      ⭐ New Best! (Model saving disabled to save space)
   📅 Epoch 15 | Loss: 0.5612 | Val Accuracy: 93.65%
      ⭐ New Best! (Model saving disabled to save space)
   📅 Epoch 16 | Loss: 0.5560 | Val Accuracy: 94.19%
      ⭐ New Best! (Model saving disabled to save space)
   📅 Epoch 17 | Loss: 0.5457 | Val Accuracy: 94.36%
      ⭐ New Best! (Model saving disabled to save space)
   📅 Epoch 18 | Loss: 0.5431 | Val Accuracy: 94.63%
      ⭐ New Best! (Model saving disabled to save space)
   📅 Epoch 19 | Loss: 0.5352 | Val Accuracy: 94.88%
      ⭐ New Best! (Model saving disabled to save space)
   📅 Epoch 20 | Loss: 0.5294 | Val Accuracy: 95.07%
      ⭐ New Best! (Model saving disabled to save space)
   📅 Epoch 21 | Loss: 0.5205 | Val Accuracy: 95.36%
      ⭐ New Best! (Model saving disabled to save space)
   📅 Epoch 22 | Loss: 0.5098 | Val Accuracy: 95.59%
      ⭐ New Best! (Model saving disabled to save space)
   📅 Epoch 23 | Loss: 0.5105 | Val Accuracy: 95.74%
      ⭐ New Best! (Model saving disabled to save space)
   📅 Epoch 24 | Loss: 0.4980 | Val Accuracy: 96.07%
      ⭐ New Best! (Model saving disabled to save space)
   📅 Epoch 25 | Loss: 0.4983 | Val Accuracy: 96.16%
      ⭐ New Best! (Model saving disabled to save space)
   📅 Epoch 26 | Loss: 0.4935 | Val Accuracy: 96.32%
      ⭐ New Best! (Model saving disabled to save space)
   📅 Epoch 27 | Loss: 0.4790 | Val Accuracy: 96.36%
      ⭐ New Best! (Model saving disabled to save space)
   📅 Epoch 28 | Loss: 0.4770 | Val Accuracy: 96.39%
      ⭐ New Best! (Model saving disabled to save space)
   📅 Epoch 29 | Loss: 0.4726 | Val Accuracy: 96.43%
      ⭐ New Best! (Model saving disabled to save space)
   📅 Epoch 30 | Loss: 0.4665 | Val Accuracy: 96.59%
      ⭐ New Best! (Model saving disabled to save space)
   📅 Epoch 31 | Loss: 0.4636 | Val Accuracy: 96.61%
      ⭐ New Best! (Model saving disabled to save space)
   📅 Epoch 32 | Loss: 0.4490 | Val Accuracy: 96.66%
      ⭐ New Best! (Model saving disabled to save space)
   📅 Epoch 33 | Loss: 0.4519 | Val Accuracy: 96.74%
      ⭐ New Best! (Model saving disabled to save space)
   📅 Epoch 34 | Loss: 0.4455 | Val Accuracy: 96.78%
      ⭐ New Best! (Model saving disabled to save space)
   📅 Epoch 35 | Loss: 0.4353 | Val Accuracy: 96.87%
      ⭐ New Best! (Model saving disabled to save space)
   📅 Epoch 36 | Loss: 0.4360 | Val Accuracy: 96.93%
      ⭐ New Best! (Model saving disabled to save space)
   📅 Epoch 37 | Loss: 0.4343 | Val Accuracy: 96.99%
      ⭐ New Best! (Model saving disabled to save space)
   📅 Epoch 38 | Loss: 0.4326 | Val Accuracy: 97.03%
      ⭐ New Best! (Model saving disabled to save space)
   📅 Epoch 39 | Loss: 0.4227 | Val Accuracy: 97.05%
      ⭐ New Best! (Model saving disabled to save space)
   📅 Epoch 40 | Loss: 0.4163 | Val Accuracy: 97.08%
      ⭐ New Best! (Model saving disabled to save space)
   📅 Epoch 41 | Loss: 0.4150 | Val Accuracy: 97.12%
      ⭐ New Best! (Model saving disabled to save space)
   📅 Epoch 42 | Loss: 0.4128 | Val Accuracy: 97.14%
      ⭐ New Best! (Model saving disabled to save space)
   📅 Epoch 43 | Loss: 0.4104 | Val Accuracy: 97.14%
   📅 Epoch 44 | Loss: 0.3996 | Val Accuracy: 97.14%
   📅 Epoch 45 | Loss: 0.3952 | Val Accuracy: 97.14%
   📅 Epoch 46 | Loss: 0.3957 | Val Accuracy: 97.16%
      ⭐ New Best! (Model saving disabled to save space)
   📅 Epoch 47 | Loss: 0.4034 | Val Accuracy: 97.20%
      ⭐ New Best! (Model saving disabled to save space)
   📅 Epoch 48 | Loss: 0.3879 | Val Accuracy: 97.20%
   📅 Epoch 49 | Loss: 0.3867 | Val Accuracy: 97.26%
      ⭐ New Best! (Model saving disabled to save space)
   📅 Epoch 50 | Loss: 0.3828 | Val Accuracy: 97.28%
      ⭐ New Best! (Model saving disabled to save space)

========================================
🏆 Best Val Accuracy: 97.28%
💾 Best Checkpoint: ./checkpoints/linear_mb-atmospheric_dust_cls_rdr_dinov3_sat_lr1e-05_concat_3.pth
========================================

