
============================================================
📄 Log File: ./logs/linear_records/mb-atmospheric_dust_cls_rdr_satmae_frac0.05x_lr1e-05_concat_3.log
⏰ Time: 2026-04-13 17:08:17
============================================================

🚀 Training satmae on mb-atmospheric_dust_cls_rdr | Mode: LINEAR | LR: 1e-05
   📂 [TRAIN] Loading 1 shards...
   ✅ Loaded 490 samples.
   📂 [TEST] Loading 1 shards...
   ✅ Loaded 5214 samples.
   ⚙️  Config: Workers=0, BS=64, SmallData=True

>>> Loading Model: satmae (timm_mae)
   ℹ️  Config: in_chans=3
   🔍 Auditing weights for [satmae]...
   ✅ [PERFECT MATCH] 294/294 layers loaded (100.0%)

   🔍 [Structure Check] satmae Output Analysis:
      Type: Tuple (len=2)
      Item 0: Shape (1, 1024)
      Item 1: Shape (1, 196, 1024)
      ✅ Identified: CLS=True, Patch=True
      👉 Final Strategy: concat_3 | Input Dim: 3072
   ❄️  Mode: Linear Probe (Backbone Frozen)
   ⚡ AMP Precision: torch.bfloat16
   🔄 Training Start... (Epochs: 50, Patience: 8)
   📅 Epoch 1 | Loss: 0.6357 | Val Accuracy: 64.73%
      ⭐ New Best! (Model saving disabled to save space)
   📅 Epoch 2 | Loss: 0.6095 | Val Accuracy: 70.52%
      ⭐ New Best! (Model saving disabled to save space)
   📅 Epoch 3 | Loss: 0.6086 | Val Accuracy: 73.95%
      ⭐ New Best! (Model saving disabled to save space)
   📅 Epoch 4 | Loss: 0.5864 | Val Accuracy: 76.22%
      ⭐ New Best! (Model saving disabled to save space)
   📅 Epoch 5 | Loss: 0.5783 | Val Accuracy: 77.81%
      ⭐ New Best! (Model saving disabled to save space)
   📅 Epoch 6 | Loss: 0.5613 | Val Accuracy: 79.09%
      ⭐ New Best! (Model saving disabled to save space)
   📅 Epoch 7 | Loss: 0.5642 | Val Accuracy: 79.92%
      ⭐ New Best! (Model saving disabled to save space)
   📅 Epoch 8 | Loss: 0.5451 | Val Accuracy: 80.76%
      ⭐ New Best! (Model saving disabled to save space)
   📅 Epoch 9 | Loss: 0.5286 | Val Accuracy: 81.51%
      ⭐ New Best! (Model saving disabled to save space)
   📅 Epoch 10 | Loss: 0.5165 | Val Accuracy: 82.22%
      ⭐ New Best! (Model saving disabled to save space)
   📅 Epoch 11 | Loss: 0.5178 | Val Accuracy: 82.93%
      ⭐ New Best! (Model saving disabled to save space)
   📅 Epoch 12 | Loss: 0.5018 | Val Accuracy: 83.39%
      ⭐ New Best! (Model saving disabled to save space)
   📅 Epoch 13 | Loss: 0.5034 | Val Accuracy: 83.97%
      ⭐ New Best! (Model saving disabled to save space)
   📅 Epoch 14 | Loss: 0.4940 | Val Accuracy: 84.46%
      ⭐ New Best! (Model saving disabled to save space)
   📅 Epoch 15 | Loss: 0.4892 | Val Accuracy: 84.73%
      ⭐ New Best! (Model saving disabled to save space)
   📅 Epoch 16 | Loss: 0.4712 | Val Accuracy: 85.27%
      ⭐ New Best! (Model saving disabled to save space)
   📅 Epoch 17 | Loss: 0.4721 | Val Accuracy: 85.50%
      ⭐ New Best! (Model saving disabled to save space)
   📅 Epoch 18 | Loss: 0.4738 | Val Accuracy: 85.81%
      ⭐ New Best! (Model saving disabled to save space)
   📅 Epoch 19 | Loss: 0.4512 | Val Accuracy: 86.10%
      ⭐ New Best! (Model saving disabled to save space)
   📅 Epoch 20 | Loss: 0.4661 | Val Accuracy: 86.11%
      ⭐ New Best! (Model saving disabled to save space)
   📅 Epoch 21 | Loss: 0.4579 | Val Accuracy: 86.34%
      ⭐ New Best! (Model saving disabled to save space)
   📅 Epoch 22 | Loss: 0.4526 | Val Accuracy: 86.34%
   📅 Epoch 23 | Loss: 0.4426 | Val Accuracy: 86.61%
      ⭐ New Best! (Model saving disabled to save space)
   📅 Epoch 24 | Loss: 0.4405 | Val Accuracy: 86.80%
      ⭐ New Best! (Model saving disabled to save space)
   📅 Epoch 25 | Loss: 0.4357 | Val Accuracy: 86.94%
      ⭐ New Best! (Model saving disabled to save space)
   📅 Epoch 26 | Loss: 0.4421 | Val Accuracy: 87.13%
      ⭐ New Best! (Model saving disabled to save space)
   📅 Epoch 27 | Loss: 0.4173 | Val Accuracy: 87.25%
      ⭐ New Best! (Model saving disabled to save space)
   📅 Epoch 28 | Loss: 0.4258 | Val Accuracy: 87.40%
      ⭐ New Best! (Model saving disabled to save space)
   📅 Epoch 29 | Loss: 0.4176 | Val Accuracy: 87.53%
      ⭐ New Best! (Model saving disabled to save space)
   📅 Epoch 30 | Loss: 0.4163 | Val Accuracy: 87.82%
      ⭐ New Best! (Model saving disabled to save space)
   📅 Epoch 31 | Loss: 0.4033 | Val Accuracy: 87.97%
      ⭐ New Best! (Model saving disabled to save space)
   📅 Epoch 32 | Loss: 0.4059 | Val Accuracy: 87.99%
      ⭐ New Best! (Model saving disabled to save space)
   📅 Epoch 33 | Loss: 0.3996 | Val Accuracy: 88.11%
      ⭐ New Best! (Model saving disabled to save space)
   📅 Epoch 34 | Loss: 0.3942 | Val Accuracy: 88.03%
   📅 Epoch 35 | Loss: 0.3974 | Val Accuracy: 87.99%
   📅 Epoch 36 | Loss: 0.3944 | Val Accuracy: 88.15%
      ⭐ New Best! (Model saving disabled to save space)
   📅 Epoch 37 | Loss: 0.3792 | Val Accuracy: 88.40%
      ⭐ New Best! (Model saving disabled to save space)
   📅 Epoch 38 | Loss: 0.3924 | Val Accuracy: 88.51%
      ⭐ New Best! (Model saving disabled to save space)
   📅 Epoch 39 | Loss: 0.3978 | Val Accuracy: 88.51%
   📅 Epoch 40 | Loss: 0.3859 | Val Accuracy: 88.42%
   📅 Epoch 41 | Loss: 0.3846 | Val Accuracy: 88.45%
   📅 Epoch 42 | Loss: 0.3825 | Val Accuracy: 88.63%
      ⭐ New Best! (Model saving disabled to save space)
   📅 Epoch 43 | Loss: 0.3789 | Val Accuracy: 88.68%
      ⭐ New Best! (Model saving disabled to save space)
   📅 Epoch 44 | Loss: 0.3706 | Val Accuracy: 88.80%
      ⭐ New Best! (Model saving disabled to save space)
   📅 Epoch 45 | Loss: 0.3722 | Val Accuracy: 88.84%
      ⭐ New Best! (Model saving disabled to save space)
   📅 Epoch 46 | Loss: 0.3534 | Val Accuracy: 89.01%
      ⭐ New Best! (Model saving disabled to save space)
   📅 Epoch 47 | Loss: 0.3619 | Val Accuracy: 89.11%
      ⭐ New Best! (Model saving disabled to save space)
   📅 Epoch 48 | Loss: 0.3578 | Val Accuracy: 89.20%
      ⭐ New Best! (Model saving disabled to save space)
   📅 Epoch 49 | Loss: 0.3441 | Val Accuracy: 89.41%
      ⭐ New Best! (Model saving disabled to save space)
   📅 Epoch 50 | Loss: 0.3609 | Val Accuracy: 89.43%
      ⭐ New Best! (Model saving disabled to save space)

========================================
🏆 Best Val Accuracy: 89.43%
💾 Best Checkpoint: ./checkpoints/linear_mb-atmospheric_dust_cls_rdr_satmae_lr1e-05_concat_3.pth
========================================

