
============================================================
📄 Log File: ./logs/linear_records/mb-atmospheric_dust_cls_rdr_dinov3_lvd_1cha_frac0.01x_lr0.0001_concat_3.log
⏰ Time: 2026-04-13 21:51:22
============================================================

🚀 Training dinov3_lvd_1cha on mb-atmospheric_dust_cls_rdr | Mode: LINEAR | LR: 0.0001
   📂 [TRAIN] Loading 1 shards...
   ✅ Loaded 98 samples.
   📂 [TEST] Loading 1 shards...
   ✅ Loaded 5214 samples.
   ⚙️  Config: Workers=0, BS=64, SmallData=True

>>> Loading Model: dinov3_lvd_1cha (dinov3_hub)
   🔍 Auditing weights for [dinov3_lvd_1cha]...
   ✅ [PERFECT MATCH] 368/368 layers loaded (100.0%)

   🔍 [Structure Check] dinov3_lvd_1cha Output Analysis:
      Type: Tuple (len=2)
      Item 0: Shape (1, 1024)
      Item 1: Shape (1, 256, 1024)
      ✅ Identified: CLS=True, Patch=True
      👉 Final Strategy: concat_3 | Input Dim: 3072
   ❄️  Mode: Linear Probe (Backbone Frozen)
   ⚡ AMP Precision: torch.bfloat16
   🔄 Training Start... (Epochs: 50, Patience: 8)
   📅 Epoch 1 | Loss: 0.6878 | Val Accuracy: 50.88%
      ⭐ New Best! (Model saving disabled to save space)
   📅 Epoch 2 | Loss: 0.6520 | Val Accuracy: 57.08%
      ⭐ New Best! (Model saving disabled to save space)
   📅 Epoch 3 | Loss: 0.6617 | Val Accuracy: 66.40%
      ⭐ New Best! (Model saving disabled to save space)
   📅 Epoch 4 | Loss: 0.6055 | Val Accuracy: 75.09%
      ⭐ New Best! (Model saving disabled to save space)
   📅 Epoch 5 | Loss: 0.6067 | Val Accuracy: 82.76%
      ⭐ New Best! (Model saving disabled to save space)
   📅 Epoch 6 | Loss: 0.5819 | Val Accuracy: 87.42%
      ⭐ New Best! (Model saving disabled to save space)
   📅 Epoch 7 | Loss: 0.5627 | Val Accuracy: 90.33%
      ⭐ New Best! (Model saving disabled to save space)
   📅 Epoch 8 | Loss: 0.5358 | Val Accuracy: 92.14%
      ⭐ New Best! (Model saving disabled to save space)
   📅 Epoch 9 | Loss: 0.5377 | Val Accuracy: 93.04%
      ⭐ New Best! (Model saving disabled to save space)
   📅 Epoch 10 | Loss: 0.5010 | Val Accuracy: 93.69%
      ⭐ New Best! (Model saving disabled to save space)
   📅 Epoch 11 | Loss: 0.4930 | Val Accuracy: 94.09%
      ⭐ New Best! (Model saving disabled to save space)
   📅 Epoch 12 | Loss: 0.4698 | Val Accuracy: 94.17%
      ⭐ New Best! (Model saving disabled to save space)
   📅 Epoch 13 | Loss: 0.4390 | Val Accuracy: 94.42%
      ⭐ New Best! (Model saving disabled to save space)
   📅 Epoch 14 | Loss: 0.4564 | Val Accuracy: 94.50%
      ⭐ New Best! (Model saving disabled to save space)
   📅 Epoch 15 | Loss: 0.4269 | Val Accuracy: 94.76%
      ⭐ New Best! (Model saving disabled to save space)
   📅 Epoch 16 | Loss: 0.4037 | Val Accuracy: 95.05%
      ⭐ New Best! (Model saving disabled to save space)
   📅 Epoch 17 | Loss: 0.4166 | Val Accuracy: 95.21%
      ⭐ New Best! (Model saving disabled to save space)
   📅 Epoch 18 | Loss: 0.3931 | Val Accuracy: 95.44%
      ⭐ New Best! (Model saving disabled to save space)
   📅 Epoch 19 | Loss: 0.3829 | Val Accuracy: 95.86%
      ⭐ New Best! (Model saving disabled to save space)
   📅 Epoch 20 | Loss: 0.3844 | Val Accuracy: 96.14%
      ⭐ New Best! (Model saving disabled to save space)
   📅 Epoch 21 | Loss: 0.3649 | Val Accuracy: 96.34%
      ⭐ New Best! (Model saving disabled to save space)
   📅 Epoch 22 | Loss: 0.3521 | Val Accuracy: 96.57%
      ⭐ New Best! (Model saving disabled to save space)
   📅 Epoch 23 | Loss: 0.3493 | Val Accuracy: 96.82%
      ⭐ New Best! (Model saving disabled to save space)
   📅 Epoch 24 | Loss: 0.3095 | Val Accuracy: 96.82%
   📅 Epoch 25 | Loss: 0.3569 | Val Accuracy: 96.82%
   📅 Epoch 26 | Loss: 0.3227 | Val Accuracy: 96.82%
   📅 Epoch 27 | Loss: 0.3103 | Val Accuracy: 96.85%
      ⭐ New Best! (Model saving disabled to save space)
   📅 Epoch 28 | Loss: 0.2947 | Val Accuracy: 96.84%
   📅 Epoch 29 | Loss: 0.3230 | Val Accuracy: 96.84%
   📅 Epoch 30 | Loss: 0.2686 | Val Accuracy: 96.80%
   📅 Epoch 31 | Loss: 0.2729 | Val Accuracy: 96.76%
   📅 Epoch 32 | Loss: 0.2680 | Val Accuracy: 96.78%
   📅 Epoch 33 | Loss: 0.2545 | Val Accuracy: 96.76%
   📅 Epoch 34 | Loss: 0.2641 | Val Accuracy: 96.76%
   📅 Epoch 35 | Loss: 0.2476 | Val Accuracy: 96.74%

   🛑 Early Stopping triggered after 8 epochs.

========================================
🏆 Best Val Accuracy: 96.85%
💾 Best Checkpoint: ./checkpoints/linear_mb-atmospheric_dust_cls_rdr_dinov3_lvd_1cha_lr0.0001_concat_3.pth
========================================

