
============================================================
📄 Log File: ./logs/linear_records_new/mb-atmospheric_dust_cls_rdr_dinov2_l14_frac0.05x_lr0.0001_concat_3.log
⏰ Time: 2026-04-14 21:05:36
============================================================

🚀 Training dinov2_l14 on mb-atmospheric_dust_cls_rdr | Mode: LINEAR | LR: 0.0001
   📂 [TRAIN] Loading 1 shards...
   ✅ Loaded 490 samples.
   📂 [TEST] Loading 1 shards...
   ✅ Loaded 5214 samples.
   ⚙️  Config: Workers=0, BS=64, SmallData=True

>>> Loading Model: dinov2_l14 (dinov2_hub)
   🔍 Auditing weights for [dinov2_l14]...
   ✅ [PERFECT MATCH] 343/343 layers loaded (100.0%)

   🔍 [Structure Check] dinov2_l14 Output Analysis:
      Type: Tuple (len=2)
      Item 0: Shape (1, 1024)
      Item 1: Shape (1, 256, 1024)
      ✅ Identified: CLS=True, Patch=True
      👉 Final Strategy: concat_3 | Input Dim: 3072
   ❄️  Mode: Linear Probe (Backbone Frozen)
   ⚡ AMP Precision: torch.bfloat16
   🔄 Training Start... (Epochs: 50, Patience: 8)
   📅 Epoch 1 | Loss: 0.8314 | Val Accuracy: 48.66%
      ⭐ New Best! (Model saving disabled to save space)
   📅 Epoch 2 | Loss: 0.7082 | Val Accuracy: 60.89%
      ⭐ New Best! (Model saving disabled to save space)
   📅 Epoch 3 | Loss: 0.6438 | Val Accuracy: 77.48%
      ⭐ New Best! (Model saving disabled to save space)
   📅 Epoch 4 | Loss: 0.5896 | Val Accuracy: 78.17%
      ⭐ New Best! (Model saving disabled to save space)
   📅 Epoch 5 | Loss: 0.5525 | Val Accuracy: 86.94%
      ⭐ New Best! (Model saving disabled to save space)
   📅 Epoch 6 | Loss: 0.5023 | Val Accuracy: 86.88%
   📅 Epoch 7 | Loss: 0.4866 | Val Accuracy: 89.22%
      ⭐ New Best! (Model saving disabled to save space)
   📅 Epoch 8 | Loss: 0.4246 | Val Accuracy: 89.91%
      ⭐ New Best! (Model saving disabled to save space)
   📅 Epoch 9 | Loss: 0.4102 | Val Accuracy: 90.54%
      ⭐ New Best! (Model saving disabled to save space)
   📅 Epoch 10 | Loss: 0.4025 | Val Accuracy: 89.47%
   📅 Epoch 11 | Loss: 0.3597 | Val Accuracy: 91.96%
      ⭐ New Best! (Model saving disabled to save space)
   📅 Epoch 12 | Loss: 0.3628 | Val Accuracy: 90.72%
   📅 Epoch 13 | Loss: 0.3431 | Val Accuracy: 90.54%
   📅 Epoch 14 | Loss: 0.3215 | Val Accuracy: 92.46%
      ⭐ New Best! (Model saving disabled to save space)
   📅 Epoch 15 | Loss: 0.3258 | Val Accuracy: 91.66%
   📅 Epoch 16 | Loss: 0.3157 | Val Accuracy: 90.49%
   📅 Epoch 17 | Loss: 0.2990 | Val Accuracy: 92.96%
      ⭐ New Best! (Model saving disabled to save space)
   📅 Epoch 18 | Loss: 0.2822 | Val Accuracy: 91.70%
   📅 Epoch 19 | Loss: 0.2891 | Val Accuracy: 92.71%
   📅 Epoch 20 | Loss: 0.2707 | Val Accuracy: 93.06%
      ⭐ New Best! (Model saving disabled to save space)
   📅 Epoch 21 | Loss: 0.2721 | Val Accuracy: 93.00%
   📅 Epoch 22 | Loss: 0.2620 | Val Accuracy: 92.56%
   📅 Epoch 23 | Loss: 0.2587 | Val Accuracy: 92.64%
   📅 Epoch 24 | Loss: 0.2483 | Val Accuracy: 93.11%
      ⭐ New Best! (Model saving disabled to save space)
   📅 Epoch 25 | Loss: 0.2497 | Val Accuracy: 93.34%
      ⭐ New Best! (Model saving disabled to save space)
   📅 Epoch 26 | Loss: 0.2429 | Val Accuracy: 93.25%
   📅 Epoch 27 | Loss: 0.2474 | Val Accuracy: 92.87%
   📅 Epoch 28 | Loss: 0.2207 | Val Accuracy: 93.29%
   📅 Epoch 29 | Loss: 0.2281 | Val Accuracy: 93.56%
      ⭐ New Best! (Model saving disabled to save space)
   📅 Epoch 30 | Loss: 0.2466 | Val Accuracy: 93.38%
   📅 Epoch 31 | Loss: 0.2432 | Val Accuracy: 93.17%
   📅 Epoch 32 | Loss: 0.2157 | Val Accuracy: 93.48%
   📅 Epoch 33 | Loss: 0.2264 | Val Accuracy: 92.54%
   📅 Epoch 34 | Loss: 0.2224 | Val Accuracy: 93.65%
      ⭐ New Best! (Model saving disabled to save space)
   📅 Epoch 35 | Loss: 0.2122 | Val Accuracy: 93.82%
      ⭐ New Best! (Model saving disabled to save space)
   📅 Epoch 36 | Loss: 0.2192 | Val Accuracy: 93.29%
   📅 Epoch 37 | Loss: 0.2304 | Val Accuracy: 93.77%
   📅 Epoch 38 | Loss: 0.2294 | Val Accuracy: 93.86%
      ⭐ New Best! (Model saving disabled to save space)
   📅 Epoch 39 | Loss: 0.2028 | Val Accuracy: 93.50%
   📅 Epoch 40 | Loss: 0.1920 | Val Accuracy: 93.34%
   📅 Epoch 41 | Loss: 0.2229 | Val Accuracy: 93.88%
      ⭐ New Best! (Model saving disabled to save space)
   📅 Epoch 42 | Loss: 0.1947 | Val Accuracy: 93.59%
   📅 Epoch 43 | Loss: 0.2002 | Val Accuracy: 93.36%
   📅 Epoch 44 | Loss: 0.1961 | Val Accuracy: 93.63%
   📅 Epoch 45 | Loss: 0.2109 | Val Accuracy: 93.57%
   📅 Epoch 46 | Loss: 0.1784 | Val Accuracy: 94.05%
      ⭐ New Best! (Model saving disabled to save space)
   📅 Epoch 47 | Loss: 0.1803 | Val Accuracy: 93.90%
   📅 Epoch 48 | Loss: 0.1835 | Val Accuracy: 93.48%
   📅 Epoch 49 | Loss: 0.2063 | Val Accuracy: 94.11%
      ⭐ New Best! (Model saving disabled to save space)
   📅 Epoch 50 | Loss: 0.2044 | Val Accuracy: 94.07%

========================================
🏆 Best Val Accuracy: 94.11%
💾 Best Checkpoint: ./checkpoints/linear_mb-atmospheric_dust_cls_rdr_dinov2_l14_lr0.0001_concat_3.pth
========================================

