
============================================================
📄 Log File: ./logs/linear_records_new/mb-atmospheric_dust_cls_rdr_dinov3_lvd_frac0.01x_lr0.0001_concat_3.log
⏰ Time: 2026-04-15 15:51:11
============================================================

🚀 Training dinov3_lvd on mb-atmospheric_dust_cls_rdr | Mode: LINEAR | LR: 0.0001
   📂 [TRAIN] Loading 1 shards...
   ✅ Loaded 98 samples.
   📂 [TEST] Loading 1 shards...
   ✅ Loaded 5214 samples.
   ⚙️  Config: Workers=0, BS=64, SmallData=True

>>> Loading Model: dinov3_lvd (dinov3_hub)
  ℹ️  DINOv3 Config: in_chans=3
   🔍 Auditing weights for [dinov3_lvd]...
   ✅ [PERFECT MATCH] 368/368 layers loaded (100.0%)

   🔍 [Structure Check] dinov3_lvd Output Analysis:
      Type: Tuple (len=2)
      Item 0: Shape (1, 1024)
      Item 1: Shape (1, 256, 1024)
      ✅ Identified: CLS=True, Patch=True
      👉 Final Strategy: concat_3 | Input Dim: 3072
   ❄️  Mode: Linear Probe (Backbone Frozen)
   ⚡ AMP Precision: torch.bfloat16
   🔄 Training Start... (Epochs: 50, Patience: 8)
   📅 Epoch 1 | Loss: 0.7119 | Val Accuracy: 56.48%
      ⭐ New Best! (Model saving disabled to save space)
   📅 Epoch 2 | Loss: 0.6599 | Val Accuracy: 67.09%
      ⭐ New Best! (Model saving disabled to save space)
   📅 Epoch 3 | Loss: 0.6419 | Val Accuracy: 73.76%
      ⭐ New Best! (Model saving disabled to save space)
   📅 Epoch 4 | Loss: 0.6213 | Val Accuracy: 78.35%
      ⭐ New Best! (Model saving disabled to save space)
   📅 Epoch 5 | Loss: 0.6201 | Val Accuracy: 81.49%
      ⭐ New Best! (Model saving disabled to save space)
   📅 Epoch 6 | Loss: 0.5986 | Val Accuracy: 83.89%
      ⭐ New Best! (Model saving disabled to save space)
   📅 Epoch 7 | Loss: 0.5826 | Val Accuracy: 85.52%
      ⭐ New Best! (Model saving disabled to save space)
   📅 Epoch 8 | Loss: 0.5432 | Val Accuracy: 86.67%
      ⭐ New Best! (Model saving disabled to save space)
   📅 Epoch 9 | Loss: 0.5071 | Val Accuracy: 87.71%
      ⭐ New Best! (Model saving disabled to save space)
   📅 Epoch 10 | Loss: 0.5110 | Val Accuracy: 88.47%
      ⭐ New Best! (Model saving disabled to save space)
   📅 Epoch 11 | Loss: 0.5018 | Val Accuracy: 89.26%
      ⭐ New Best! (Model saving disabled to save space)
   📅 Epoch 12 | Loss: 0.4751 | Val Accuracy: 89.91%
      ⭐ New Best! (Model saving disabled to save space)
   📅 Epoch 13 | Loss: 0.4630 | Val Accuracy: 90.51%
      ⭐ New Best! (Model saving disabled to save space)
   📅 Epoch 14 | Loss: 0.4491 | Val Accuracy: 91.00%
      ⭐ New Best! (Model saving disabled to save space)
   📅 Epoch 15 | Loss: 0.4405 | Val Accuracy: 91.48%
      ⭐ New Best! (Model saving disabled to save space)
   📅 Epoch 16 | Loss: 0.4059 | Val Accuracy: 91.91%
      ⭐ New Best! (Model saving disabled to save space)
   📅 Epoch 17 | Loss: 0.3869 | Val Accuracy: 92.25%
      ⭐ New Best! (Model saving disabled to save space)
   📅 Epoch 18 | Loss: 0.3918 | Val Accuracy: 92.54%
      ⭐ New Best! (Model saving disabled to save space)
   📅 Epoch 19 | Loss: 0.3590 | Val Accuracy: 92.71%
      ⭐ New Best! (Model saving disabled to save space)
   📅 Epoch 20 | Loss: 0.3805 | Val Accuracy: 93.00%
      ⭐ New Best! (Model saving disabled to save space)
   📅 Epoch 21 | Loss: 0.3646 | Val Accuracy: 93.17%
      ⭐ New Best! (Model saving disabled to save space)
   📅 Epoch 22 | Loss: 0.3467 | Val Accuracy: 93.44%
      ⭐ New Best! (Model saving disabled to save space)
   📅 Epoch 23 | Loss: 0.3288 | Val Accuracy: 93.56%
      ⭐ New Best! (Model saving disabled to save space)
   📅 Epoch 24 | Loss: 0.3235 | Val Accuracy: 93.71%
      ⭐ New Best! (Model saving disabled to save space)
   📅 Epoch 25 | Loss: 0.3412 | Val Accuracy: 93.96%
      ⭐ New Best! (Model saving disabled to save space)
   📅 Epoch 26 | Loss: 0.3017 | Val Accuracy: 94.05%
      ⭐ New Best! (Model saving disabled to save space)
   📅 Epoch 27 | Loss: 0.3065 | Val Accuracy: 94.19%
      ⭐ New Best! (Model saving disabled to save space)
   📅 Epoch 28 | Loss: 0.3092 | Val Accuracy: 94.28%
      ⭐ New Best! (Model saving disabled to save space)
   📅 Epoch 29 | Loss: 0.3064 | Val Accuracy: 94.57%
      ⭐ New Best! (Model saving disabled to save space)
   📅 Epoch 30 | Loss: 0.2775 | Val Accuracy: 94.80%
      ⭐ New Best! (Model saving disabled to save space)
   📅 Epoch 31 | Loss: 0.2728 | Val Accuracy: 94.88%
      ⭐ New Best! (Model saving disabled to save space)
   📅 Epoch 32 | Loss: 0.2784 | Val Accuracy: 95.01%
      ⭐ New Best! (Model saving disabled to save space)
   📅 Epoch 33 | Loss: 0.2746 | Val Accuracy: 95.13%
      ⭐ New Best! (Model saving disabled to save space)
   📅 Epoch 34 | Loss: 0.2603 | Val Accuracy: 95.21%
      ⭐ New Best! (Model saving disabled to save space)
   📅 Epoch 35 | Loss: 0.2745 | Val Accuracy: 95.24%
      ⭐ New Best! (Model saving disabled to save space)
   📅 Epoch 36 | Loss: 0.2631 | Val Accuracy: 95.28%
      ⭐ New Best! (Model saving disabled to save space)
   📅 Epoch 37 | Loss: 0.2583 | Val Accuracy: 95.40%
      ⭐ New Best! (Model saving disabled to save space)
   📅 Epoch 38 | Loss: 0.2494 | Val Accuracy: 95.44%
      ⭐ New Best! (Model saving disabled to save space)
   📅 Epoch 39 | Loss: 0.2274 | Val Accuracy: 95.57%
      ⭐ New Best! (Model saving disabled to save space)
   📅 Epoch 40 | Loss: 0.2388 | Val Accuracy: 95.65%
      ⭐ New Best! (Model saving disabled to save space)
   📅 Epoch 41 | Loss: 0.2271 | Val Accuracy: 95.68%
      ⭐ New Best! (Model saving disabled to save space)
   📅 Epoch 42 | Loss: 0.2064 | Val Accuracy: 95.70%
      ⭐ New Best! (Model saving disabled to save space)
   📅 Epoch 43 | Loss: 0.2170 | Val Accuracy: 95.74%
      ⭐ New Best! (Model saving disabled to save space)
   📅 Epoch 44 | Loss: 0.2364 | Val Accuracy: 95.82%
      ⭐ New Best! (Model saving disabled to save space)
   📅 Epoch 45 | Loss: 0.2257 | Val Accuracy: 95.90%
      ⭐ New Best! (Model saving disabled to save space)
   📅 Epoch 46 | Loss: 0.2286 | Val Accuracy: 95.88%
   📅 Epoch 47 | Loss: 0.2030 | Val Accuracy: 95.90%
   📅 Epoch 48 | Loss: 0.2174 | Val Accuracy: 95.93%
      ⭐ New Best! (Model saving disabled to save space)
   📅 Epoch 49 | Loss: 0.1828 | Val Accuracy: 95.97%
      ⭐ New Best! (Model saving disabled to save space)
   📅 Epoch 50 | Loss: 0.1616 | Val Accuracy: 95.99%
      ⭐ New Best! (Model saving disabled to save space)

========================================
🏆 Best Val Accuracy: 95.99%
💾 Best Checkpoint: ./checkpoints/linear_mb-atmospheric_dust_cls_rdr_dinov3_lvd_lr0.0001_concat_3.pth
========================================

