
============================================================
📄 Log File: ./logs/linear_records/mb-atmospheric_dust_cls_rdr_vit_l_frac0.20x_lr0.001_concat_3.log
⏰ Time: 2026-04-13 14:50:26
============================================================

🚀 Training vit_l on mb-atmospheric_dust_cls_rdr | Mode: LINEAR | LR: 0.001
   📂 [TRAIN] Loading 1 shards...
   ✅ Loaded 1963 samples.
   📂 [TEST] Loading 1 shards...
   ✅ Loaded 5214 samples.
   ⚙️  Config: Workers=8, BS=64, SmallData=False

>>> Loading Model: vit_l (torchvision_vit)
   🔍 Auditing weights for [vit_l]...
   ✅ [PERFECT MATCH] 296/296 layers loaded (100.0%)

   🔍 [Structure Check] vit_l Output Analysis:
      Type: Tuple (len=2)
      Item 0: Shape (1, 1024)
      Item 1: Shape (1, 196, 1024)
      ✅ Identified: CLS=True, Patch=True
      👉 Final Strategy: concat_3 | Input Dim: 3072
   ❄️  Mode: Linear Probe (Backbone Frozen)
   ⚡ AMP Precision: torch.bfloat16
   🔄 Training Start... (Epochs: 50, Patience: 8)
   📅 Epoch 1 | Loss: 0.2659 | Val Accuracy: 96.05%
      ⭐ New Best! (Model saving disabled to save space)
   📅 Epoch 2 | Loss: 0.1090 | Val Accuracy: 95.65%
   📅 Epoch 3 | Loss: 0.0943 | Val Accuracy: 95.68%
   📅 Epoch 4 | Loss: 0.0949 | Val Accuracy: 95.13%
   📅 Epoch 5 | Loss: 0.0802 | Val Accuracy: 95.49%
   📅 Epoch 6 | Loss: 0.0893 | Val Accuracy: 95.30%
   📅 Epoch 7 | Loss: 0.0828 | Val Accuracy: 95.67%
   📅 Epoch 8 | Loss: 0.0791 | Val Accuracy: 95.76%
   📅 Epoch 9 | Loss: 0.0816 | Val Accuracy: 95.57%

   🛑 Early Stopping triggered after 8 epochs.

========================================
🏆 Best Val Accuracy: 96.05%
💾 Best Checkpoint: ./checkpoints/linear_mb-atmospheric_dust_cls_rdr_vit_l_lr0.001_concat_3.pth
========================================

