
============================================================
📄 Log File: ./logs/linear_records/mb-atmospheric_dust_cls_rdr_vit_l_frac0.01x_lr0.001_concat_3.log
⏰ Time: 2026-04-13 14:45:48
============================================================

🚀 Training vit_l on mb-atmospheric_dust_cls_rdr | Mode: LINEAR | LR: 0.001
   📂 [TRAIN] Loading 1 shards...
   ✅ Loaded 98 samples.
   📂 [TEST] Loading 1 shards...
   ✅ Loaded 5214 samples.
   ⚙️  Config: Workers=0, BS=64, SmallData=True

>>> Loading Model: vit_l (torchvision_vit)
   🔍 Auditing weights for [vit_l]...
   ✅ [PERFECT MATCH] 296/296 layers loaded (100.0%)

   🔍 [Structure Check] vit_l Output Analysis:
      Type: Tuple (len=2)
      Item 0: Shape (1, 1024)
      Item 1: Shape (1, 196, 1024)
      ✅ Identified: CLS=True, Patch=True
      👉 Final Strategy: concat_3 | Input Dim: 3072
   ❄️  Mode: Linear Probe (Backbone Frozen)
   ⚡ AMP Precision: torch.bfloat16
   🔄 Training Start... (Epochs: 50, Patience: 8)
   📅 Epoch 1 | Loss: 0.7055 | Val Accuracy: 51.02%
      ⭐ New Best! (Model saving disabled to save space)
   📅 Epoch 2 | Loss: 1.4365 | Val Accuracy: 54.81%
      ⭐ New Best! (Model saving disabled to save space)
   📅 Epoch 3 | Loss: 0.6062 | Val Accuracy: 56.64%
      ⭐ New Best! (Model saving disabled to save space)
   📅 Epoch 4 | Loss: 0.5036 | Val Accuracy: 48.83%
   📅 Epoch 5 | Loss: 0.7677 | Val Accuracy: 58.59%
      ⭐ New Best! (Model saving disabled to save space)
   📅 Epoch 6 | Loss: 0.5184 | Val Accuracy: 94.11%
      ⭐ New Best! (Model saving disabled to save space)
   📅 Epoch 7 | Loss: 0.2977 | Val Accuracy: 94.67%
      ⭐ New Best! (Model saving disabled to save space)
   📅 Epoch 8 | Loss: 0.2718 | Val Accuracy: 90.56%
   📅 Epoch 9 | Loss: 0.2659 | Val Accuracy: 88.76%
   📅 Epoch 10 | Loss: 0.3493 | Val Accuracy: 90.49%
   📅 Epoch 11 | Loss: 0.2348 | Val Accuracy: 92.98%
   📅 Epoch 12 | Loss: 0.1893 | Val Accuracy: 94.78%
      ⭐ New Best! (Model saving disabled to save space)
   📅 Epoch 13 | Loss: 0.1656 | Val Accuracy: 95.88%
      ⭐ New Best! (Model saving disabled to save space)
   📅 Epoch 14 | Loss: 0.1726 | Val Accuracy: 95.99%
      ⭐ New Best! (Model saving disabled to save space)
   📅 Epoch 15 | Loss: 0.1258 | Val Accuracy: 95.36%
   📅 Epoch 16 | Loss: 0.1312 | Val Accuracy: 94.48%
   📅 Epoch 17 | Loss: 0.1307 | Val Accuracy: 93.98%
   📅 Epoch 18 | Loss: 0.2079 | Val Accuracy: 94.09%
   📅 Epoch 19 | Loss: 0.1598 | Val Accuracy: 94.74%
   📅 Epoch 20 | Loss: 0.1350 | Val Accuracy: 95.57%
   📅 Epoch 21 | Loss: 0.1733 | Val Accuracy: 95.95%
   📅 Epoch 22 | Loss: 0.1165 | Val Accuracy: 96.09%
      ⭐ New Best! (Model saving disabled to save space)
   📅 Epoch 23 | Loss: 0.0933 | Val Accuracy: 96.01%
   📅 Epoch 24 | Loss: 0.1736 | Val Accuracy: 95.86%
   📅 Epoch 25 | Loss: 0.1412 | Val Accuracy: 95.65%
   📅 Epoch 26 | Loss: 0.1521 | Val Accuracy: 95.68%
   📅 Epoch 27 | Loss: 0.1034 | Val Accuracy: 95.74%
   📅 Epoch 28 | Loss: 0.1721 | Val Accuracy: 95.88%
   📅 Epoch 29 | Loss: 0.0989 | Val Accuracy: 95.99%
   📅 Epoch 30 | Loss: 0.1227 | Val Accuracy: 95.99%

   🛑 Early Stopping triggered after 8 epochs.

========================================
🏆 Best Val Accuracy: 96.09%
💾 Best Checkpoint: ./checkpoints/linear_mb-atmospheric_dust_cls_rdr_vit_l_lr0.001_concat_3.pth
========================================

