
============================================================
📄 Log File: ./logs/linear_records/mb-atmospheric_dust_cls_rdr_siglip2_frac0.20x_lr0.001_concat_3.log
⏰ Time: 2026-04-13 17:34:56
============================================================

🚀 Training siglip2 on mb-atmospheric_dust_cls_rdr | Mode: LINEAR | LR: 0.001
   📂 [TRAIN] Loading 1 shards...
   ✅ Loaded 1963 samples.
   📂 [TEST] Loading 1 shards...
   ✅ Loaded 5214 samples.
   ⚙️  Config: Workers=8, BS=64, SmallData=False

>>> Loading Model: siglip2 (transformers)

   🔍 [Structure Check] siglip2 Output Analysis:
      Type: Tuple (len=2)
      Item 0: Shape (1, 1024)
      Item 1: Shape (1, 256, 1024)
      ✅ Identified: CLS=True, Patch=True
      👉 Final Strategy: concat_3 | Input Dim: 3072
   ❄️  Mode: Linear Probe (Backbone Frozen)
   ⚡ AMP Precision: torch.bfloat16
   🔄 Training Start... (Epochs: 50, Patience: 8)
   📅 Epoch 1 | Loss: 0.5951 | Val Accuracy: 96.01%
      ⭐ New Best! (Model saving disabled to save space)
   📅 Epoch 2 | Loss: 0.1359 | Val Accuracy: 95.28%
   📅 Epoch 3 | Loss: 0.1069 | Val Accuracy: 96.39%
      ⭐ New Best! (Model saving disabled to save space)
   📅 Epoch 4 | Loss: 0.0994 | Val Accuracy: 96.66%
      ⭐ New Best! (Model saving disabled to save space)
   📅 Epoch 5 | Loss: 0.0959 | Val Accuracy: 96.55%
   📅 Epoch 6 | Loss: 0.0990 | Val Accuracy: 96.95%
      ⭐ New Best! (Model saving disabled to save space)
   📅 Epoch 7 | Loss: 0.0919 | Val Accuracy: 96.93%
   📅 Epoch 8 | Loss: 0.0927 | Val Accuracy: 96.32%
   📅 Epoch 9 | Loss: 0.0855 | Val Accuracy: 96.76%
   📅 Epoch 10 | Loss: 0.0837 | Val Accuracy: 97.30%
      ⭐ New Best! (Model saving disabled to save space)
   📅 Epoch 11 | Loss: 0.0838 | Val Accuracy: 96.36%
   📅 Epoch 12 | Loss: 0.0914 | Val Accuracy: 96.16%
   📅 Epoch 13 | Loss: 0.0858 | Val Accuracy: 96.57%
   📅 Epoch 14 | Loss: 0.0827 | Val Accuracy: 96.76%
   📅 Epoch 15 | Loss: 0.0829 | Val Accuracy: 96.13%
   📅 Epoch 16 | Loss: 0.0857 | Val Accuracy: 96.66%
   📅 Epoch 17 | Loss: 0.0838 | Val Accuracy: 96.47%
   📅 Epoch 18 | Loss: 0.0791 | Val Accuracy: 96.99%

   🛑 Early Stopping triggered after 8 epochs.

========================================
🏆 Best Val Accuracy: 97.30%
💾 Best Checkpoint: ./checkpoints/linear_mb-atmospheric_dust_cls_rdr_siglip2_lr0.001_concat_3.pth
========================================

