
============================================================
📄 Log File: ./logs/linear_records/mb-atmospheric_dust_cls_rdr_siglip2_lr0.0001_concat_3.log
⏰ Time: 2026-02-28 11:52:21
============================================================

🚀 Training siglip2 on mb-atmospheric_dust_cls_rdr | Mode: LINEAR | LR: 0.0001
   📂 [TRAIN] Loading 1 shards...
   ✅ Loaded 9817 samples.
   📂 [TEST] Loading 1 shards...
   ✅ Loaded 5214 samples.
   ⚙️  Config: Workers=8, BS=256, SmallData=False

>>> Loading Model: siglip2 (transformers)

   🔍 [Structure Check] siglip2 Output Analysis:
      Type: Tuple (len=2)
      Item 0: Shape (1, 1024)
      Item 1: Shape (1, 256, 1024)
      ✅ Identified: CLS=True, Patch=True
      👉 Final Strategy: concat_3 | Input Dim: 3072
   ❄️  Mode: Linear Probe (Backbone Frozen)
   🚀 Compiling model with torch.compile...
   ⚡ AMP Precision: torch.bfloat16
   🔄 Training Start... (Epochs: 40, Patience: 5)
   📅 Epoch 1 | Loss: 0.4808 | Val Accuracy: 93.27%
      ⭐ New Best! Saved.
   📅 Epoch 2 | Loss: 0.2674 | Val Accuracy: 95.01%
      ⭐ New Best! Saved.
   📅 Epoch 3 | Loss: 0.2054 | Val Accuracy: 95.88%
      ⭐ New Best! Saved.
   📅 Epoch 4 | Loss: 0.1733 | Val Accuracy: 95.82%
   📅 Epoch 5 | Loss: 0.1527 | Val Accuracy: 96.14%
      ⭐ New Best! Saved.
   📅 Epoch 6 | Loss: 0.1417 | Val Accuracy: 96.18%
      ⭐ New Best! Saved.
   📅 Epoch 7 | Loss: 0.1307 | Val Accuracy: 96.24%
      ⭐ New Best! Saved.
   📅 Epoch 8 | Loss: 0.1263 | Val Accuracy: 96.41%
      ⭐ New Best! Saved.
   📅 Epoch 9 | Loss: 0.1165 | Val Accuracy: 96.57%
      ⭐ New Best! Saved.
   📅 Epoch 10 | Loss: 0.1175 | Val Accuracy: 96.70%
      ⭐ New Best! Saved.
   📅 Epoch 11 | Loss: 0.1094 | Val Accuracy: 96.82%
      ⭐ New Best! Saved.
   📅 Epoch 12 | Loss: 0.1088 | Val Accuracy: 96.38%
   📅 Epoch 13 | Loss: 0.1074 | Val Accuracy: 96.47%
   📅 Epoch 14 | Loss: 0.1035 | Val Accuracy: 96.13%
   📅 Epoch 15 | Loss: 0.1026 | Val Accuracy: 96.74%
   📅 Epoch 16 | Loss: 0.0982 | Val Accuracy: 96.57%

   🛑 Early Stopping triggered after 5 epochs.

========================================
🏆 Best Val Accuracy: 96.82%
💾 Best Checkpoint: ./checkpoints/linear_mb-atmospheric_dust_cls_rdr_siglip2_lr0.0001_concat_3.pth
========================================

