
============================================================
📄 Log File: ./logs/linear_records/mb-atmospheric_dust_cls_rdr_dinov3_sat_1cha_frac0.05x_lr0.0001_concat_3.log
⏰ Time: 2026-04-13 22:35:49
============================================================

🚀 Training dinov3_sat_1cha on mb-atmospheric_dust_cls_rdr | Mode: LINEAR | LR: 0.0001
   📂 [TRAIN] Loading 1 shards...
   ✅ Loaded 490 samples.
   📂 [TEST] Loading 1 shards...
   ✅ Loaded 5214 samples.
   ⚙️  Config: Workers=0, BS=64, SmallData=True

>>> Loading Model: dinov3_sat_1cha (dinov3_hub)
   🔍 Auditing weights for [dinov3_sat_1cha]...
   ✅ [PERFECT MATCH] 368/368 layers loaded (100.0%)

   🔍 [Structure Check] dinov3_sat_1cha Output Analysis:
      Type: Tuple (len=2)
      Item 0: Shape (1, 1024)
      Item 1: Shape (1, 256, 1024)
      ✅ Identified: CLS=True, Patch=True
      👉 Final Strategy: concat_3 | Input Dim: 3072
   ❄️  Mode: Linear Probe (Backbone Frozen)
   ⚡ AMP Precision: torch.bfloat16
   🔄 Training Start... (Epochs: 50, Patience: 8)
   📅 Epoch 1 | Loss: 0.6560 | Val Accuracy: 86.57%
      ⭐ New Best! (Model saving disabled to save space)
   📅 Epoch 2 | Loss: 0.5672 | Val Accuracy: 94.21%
      ⭐ New Best! (Model saving disabled to save space)
   📅 Epoch 3 | Loss: 0.4870 | Val Accuracy: 95.82%
      ⭐ New Best! (Model saving disabled to save space)
   📅 Epoch 4 | Loss: 0.4284 | Val Accuracy: 96.07%
      ⭐ New Best! (Model saving disabled to save space)
   📅 Epoch 5 | Loss: 0.3861 | Val Accuracy: 96.22%
      ⭐ New Best! (Model saving disabled to save space)
   📅 Epoch 6 | Loss: 0.3429 | Val Accuracy: 96.49%
      ⭐ New Best! (Model saving disabled to save space)
   📅 Epoch 7 | Loss: 0.3100 | Val Accuracy: 96.66%
      ⭐ New Best! (Model saving disabled to save space)
   📅 Epoch 8 | Loss: 0.2955 | Val Accuracy: 96.74%
      ⭐ New Best! (Model saving disabled to save space)
   📅 Epoch 9 | Loss: 0.2725 | Val Accuracy: 96.70%
   📅 Epoch 10 | Loss: 0.2556 | Val Accuracy: 96.84%
      ⭐ New Best! (Model saving disabled to save space)
   📅 Epoch 11 | Loss: 0.2477 | Val Accuracy: 96.87%
      ⭐ New Best! (Model saving disabled to save space)
   📅 Epoch 12 | Loss: 0.2275 | Val Accuracy: 96.93%
      ⭐ New Best! (Model saving disabled to save space)
   📅 Epoch 13 | Loss: 0.2221 | Val Accuracy: 96.95%
      ⭐ New Best! (Model saving disabled to save space)
   📅 Epoch 14 | Loss: 0.2088 | Val Accuracy: 96.95%
   📅 Epoch 15 | Loss: 0.1961 | Val Accuracy: 97.01%
      ⭐ New Best! (Model saving disabled to save space)
   📅 Epoch 16 | Loss: 0.2044 | Val Accuracy: 96.99%
   📅 Epoch 17 | Loss: 0.1869 | Val Accuracy: 96.99%
   📅 Epoch 18 | Loss: 0.1846 | Val Accuracy: 97.03%
      ⭐ New Best! (Model saving disabled to save space)
   📅 Epoch 19 | Loss: 0.1726 | Val Accuracy: 97.03%
   📅 Epoch 20 | Loss: 0.1722 | Val Accuracy: 97.03%
   📅 Epoch 21 | Loss: 0.1747 | Val Accuracy: 97.03%
   📅 Epoch 22 | Loss: 0.1737 | Val Accuracy: 97.05%
      ⭐ New Best! (Model saving disabled to save space)
   📅 Epoch 23 | Loss: 0.1572 | Val Accuracy: 97.08%
      ⭐ New Best! (Model saving disabled to save space)
   📅 Epoch 24 | Loss: 0.1618 | Val Accuracy: 97.08%
   📅 Epoch 25 | Loss: 0.1481 | Val Accuracy: 97.05%
   📅 Epoch 26 | Loss: 0.1506 | Val Accuracy: 97.10%
      ⭐ New Best! (Model saving disabled to save space)
   📅 Epoch 27 | Loss: 0.1574 | Val Accuracy: 97.14%
      ⭐ New Best! (Model saving disabled to save space)
   📅 Epoch 28 | Loss: 0.1511 | Val Accuracy: 97.10%
   📅 Epoch 29 | Loss: 0.1444 | Val Accuracy: 97.18%
      ⭐ New Best! (Model saving disabled to save space)
   📅 Epoch 30 | Loss: 0.1359 | Val Accuracy: 97.18%
   📅 Epoch 31 | Loss: 0.1501 | Val Accuracy: 97.08%
   📅 Epoch 32 | Loss: 0.1328 | Val Accuracy: 97.03%
   📅 Epoch 33 | Loss: 0.1345 | Val Accuracy: 97.01%
   📅 Epoch 34 | Loss: 0.1340 | Val Accuracy: 97.01%
   📅 Epoch 35 | Loss: 0.1210 | Val Accuracy: 97.20%
      ⭐ New Best! (Model saving disabled to save space)
   📅 Epoch 36 | Loss: 0.1239 | Val Accuracy: 97.18%
   📅 Epoch 37 | Loss: 0.1181 | Val Accuracy: 97.18%
   📅 Epoch 38 | Loss: 0.1394 | Val Accuracy: 97.10%
   📅 Epoch 39 | Loss: 0.1224 | Val Accuracy: 97.07%
   📅 Epoch 40 | Loss: 0.1289 | Val Accuracy: 97.01%
   📅 Epoch 41 | Loss: 0.1218 | Val Accuracy: 97.18%
   📅 Epoch 42 | Loss: 0.1163 | Val Accuracy: 97.20%
   📅 Epoch 43 | Loss: 0.1222 | Val Accuracy: 97.10%

   🛑 Early Stopping triggered after 8 epochs.

========================================
🏆 Best Val Accuracy: 97.20%
💾 Best Checkpoint: ./checkpoints/linear_mb-atmospheric_dust_cls_rdr_dinov3_sat_1cha_lr0.0001_concat_3.pth
========================================

