
============================================================
📄 Log File: ./logs/linear_records/mb-atmospheric_dust_cls_rdr_dinov3_sat_1cha_frac0.01x_lr0.0001_concat_3.log
⏰ Time: 2026-04-13 22:49:07
============================================================

🚀 Training dinov3_sat_1cha on mb-atmospheric_dust_cls_rdr | Mode: LINEAR | LR: 0.0001
   📂 [TRAIN] Loading 1 shards...
   ✅ Loaded 98 samples.
   📂 [TEST] Loading 1 shards...
   ✅ Loaded 5214 samples.
   ⚙️  Config: Workers=0, BS=64, SmallData=True

>>> Loading Model: dinov3_sat_1cha (dinov3_hub)
   🔍 Auditing weights for [dinov3_sat_1cha]...
   ✅ [PERFECT MATCH] 368/368 layers loaded (100.0%)

   🔍 [Structure Check] dinov3_sat_1cha Output Analysis:
      Type: Tuple (len=2)
      Item 0: Shape (1, 1024)
      Item 1: Shape (1, 256, 1024)
      ✅ Identified: CLS=True, Patch=True
      👉 Final Strategy: concat_3 | Input Dim: 3072
   ❄️  Mode: Linear Probe (Backbone Frozen)
   ⚡ AMP Precision: torch.bfloat16
   🔄 Training Start... (Epochs: 50, Patience: 8)
   📅 Epoch 1 | Loss: 0.7286 | Val Accuracy: 31.93%
      ⭐ New Best! (Model saving disabled to save space)
   📅 Epoch 2 | Loss: 0.6949 | Val Accuracy: 38.80%
      ⭐ New Best! (Model saving disabled to save space)
   📅 Epoch 3 | Loss: 0.6835 | Val Accuracy: 46.76%
      ⭐ New Best! (Model saving disabled to save space)
   📅 Epoch 4 | Loss: 0.6640 | Val Accuracy: 55.12%
      ⭐ New Best! (Model saving disabled to save space)
   📅 Epoch 5 | Loss: 0.6749 | Val Accuracy: 62.49%
      ⭐ New Best! (Model saving disabled to save space)
   📅 Epoch 6 | Loss: 0.6512 | Val Accuracy: 68.87%
      ⭐ New Best! (Model saving disabled to save space)
   📅 Epoch 7 | Loss: 0.6283 | Val Accuracy: 73.38%
      ⭐ New Best! (Model saving disabled to save space)
   📅 Epoch 8 | Loss: 0.6034 | Val Accuracy: 76.83%
      ⭐ New Best! (Model saving disabled to save space)
   📅 Epoch 9 | Loss: 0.5933 | Val Accuracy: 79.61%
      ⭐ New Best! (Model saving disabled to save space)
   📅 Epoch 10 | Loss: 0.5937 | Val Accuracy: 81.84%
      ⭐ New Best! (Model saving disabled to save space)
   📅 Epoch 11 | Loss: 0.5591 | Val Accuracy: 83.85%
      ⭐ New Best! (Model saving disabled to save space)
   📅 Epoch 12 | Loss: 0.5696 | Val Accuracy: 85.29%
      ⭐ New Best! (Model saving disabled to save space)
   📅 Epoch 13 | Loss: 0.5284 | Val Accuracy: 86.98%
      ⭐ New Best! (Model saving disabled to save space)
   📅 Epoch 14 | Loss: 0.5241 | Val Accuracy: 88.11%
      ⭐ New Best! (Model saving disabled to save space)
   📅 Epoch 15 | Loss: 0.5277 | Val Accuracy: 89.26%
      ⭐ New Best! (Model saving disabled to save space)
   📅 Epoch 16 | Loss: 0.5052 | Val Accuracy: 90.05%
      ⭐ New Best! (Model saving disabled to save space)
   📅 Epoch 17 | Loss: 0.4844 | Val Accuracy: 90.87%
      ⭐ New Best! (Model saving disabled to save space)
   📅 Epoch 18 | Loss: 0.5027 | Val Accuracy: 91.52%
      ⭐ New Best! (Model saving disabled to save space)
   📅 Epoch 19 | Loss: 0.4843 | Val Accuracy: 92.16%
      ⭐ New Best! (Model saving disabled to save space)
   📅 Epoch 20 | Loss: 0.4498 | Val Accuracy: 92.75%
      ⭐ New Best! (Model saving disabled to save space)
   📅 Epoch 21 | Loss: 0.4639 | Val Accuracy: 93.13%
      ⭐ New Best! (Model saving disabled to save space)
   📅 Epoch 22 | Loss: 0.4542 | Val Accuracy: 93.56%
      ⭐ New Best! (Model saving disabled to save space)
   📅 Epoch 23 | Loss: 0.4287 | Val Accuracy: 93.82%
      ⭐ New Best! (Model saving disabled to save space)
   📅 Epoch 24 | Loss: 0.4100 | Val Accuracy: 94.13%
      ⭐ New Best! (Model saving disabled to save space)
   📅 Epoch 25 | Loss: 0.4147 | Val Accuracy: 94.50%
      ⭐ New Best! (Model saving disabled to save space)
   📅 Epoch 26 | Loss: 0.4078 | Val Accuracy: 94.76%
      ⭐ New Best! (Model saving disabled to save space)
   📅 Epoch 27 | Loss: 0.3876 | Val Accuracy: 94.88%
      ⭐ New Best! (Model saving disabled to save space)
   📅 Epoch 28 | Loss: 0.3890 | Val Accuracy: 95.03%
      ⭐ New Best! (Model saving disabled to save space)
   📅 Epoch 29 | Loss: 0.3636 | Val Accuracy: 95.11%
      ⭐ New Best! (Model saving disabled to save space)
   📅 Epoch 30 | Loss: 0.3963 | Val Accuracy: 95.13%
      ⭐ New Best! (Model saving disabled to save space)
   📅 Epoch 31 | Loss: 0.3623 | Val Accuracy: 95.24%
      ⭐ New Best! (Model saving disabled to save space)
   📅 Epoch 32 | Loss: 0.3656 | Val Accuracy: 95.30%
      ⭐ New Best! (Model saving disabled to save space)
   📅 Epoch 33 | Loss: 0.3555 | Val Accuracy: 95.45%
      ⭐ New Best! (Model saving disabled to save space)
   📅 Epoch 34 | Loss: 0.3560 | Val Accuracy: 95.51%
      ⭐ New Best! (Model saving disabled to save space)
   📅 Epoch 35 | Loss: 0.3863 | Val Accuracy: 95.61%
      ⭐ New Best! (Model saving disabled to save space)
   📅 Epoch 36 | Loss: 0.3525 | Val Accuracy: 95.65%
      ⭐ New Best! (Model saving disabled to save space)
   📅 Epoch 37 | Loss: 0.3139 | Val Accuracy: 95.70%
      ⭐ New Best! (Model saving disabled to save space)
   📅 Epoch 38 | Loss: 0.3387 | Val Accuracy: 95.68%
   📅 Epoch 39 | Loss: 0.3231 | Val Accuracy: 95.68%
   📅 Epoch 40 | Loss: 0.3101 | Val Accuracy: 95.78%
      ⭐ New Best! (Model saving disabled to save space)
   📅 Epoch 41 | Loss: 0.3044 | Val Accuracy: 95.80%
      ⭐ New Best! (Model saving disabled to save space)
   📅 Epoch 42 | Loss: 0.3090 | Val Accuracy: 95.82%
      ⭐ New Best! (Model saving disabled to save space)
   📅 Epoch 43 | Loss: 0.3068 | Val Accuracy: 95.86%
      ⭐ New Best! (Model saving disabled to save space)
   📅 Epoch 44 | Loss: 0.2949 | Val Accuracy: 95.91%
      ⭐ New Best! (Model saving disabled to save space)
   📅 Epoch 45 | Loss: 0.2987 | Val Accuracy: 95.95%
      ⭐ New Best! (Model saving disabled to save space)
   📅 Epoch 46 | Loss: 0.3191 | Val Accuracy: 95.97%
      ⭐ New Best! (Model saving disabled to save space)
   📅 Epoch 47 | Loss: 0.2906 | Val Accuracy: 95.99%
      ⭐ New Best! (Model saving disabled to save space)
   📅 Epoch 48 | Loss: 0.3007 | Val Accuracy: 95.99%
   📅 Epoch 49 | Loss: 0.2708 | Val Accuracy: 96.05%
      ⭐ New Best! (Model saving disabled to save space)
   📅 Epoch 50 | Loss: 0.2636 | Val Accuracy: 96.07%
      ⭐ New Best! (Model saving disabled to save space)

========================================
🏆 Best Val Accuracy: 96.07%
💾 Best Checkpoint: ./checkpoints/linear_mb-atmospheric_dust_cls_rdr_dinov3_sat_1cha_lr0.0001_concat_3.pth
========================================

