
============================================================
📄 Log File: ./logs/linear_records_new/mb-atmospheric_dust_cls_rdr_dinov3_lvd_frac0.50x_lr0.001_concat_3.log
⏰ Time: 2026-04-15 17:01:58
============================================================

🚀 Training dinov3_lvd on mb-atmospheric_dust_cls_rdr | Mode: LINEAR | LR: 0.001
   📂 [TRAIN] Loading 1 shards...
   ✅ Loaded 4908 samples.
   📂 [TEST] Loading 1 shards...
   ✅ Loaded 5214 samples.
   ⚙️  Config: Workers=8, BS=64, SmallData=False

>>> Loading Model: dinov3_lvd (dinov3_hub)
  ℹ️  DINOv3 Config: in_chans=3
   🔍 Auditing weights for [dinov3_lvd]...
   ✅ [PERFECT MATCH] 368/368 layers loaded (100.0%)

   🔍 [Structure Check] dinov3_lvd Output Analysis:
      Type: Tuple (len=2)
      Item 0: Shape (1, 1024)
      Item 1: Shape (1, 256, 1024)
      ✅ Identified: CLS=True, Patch=True
      👉 Final Strategy: concat_3 | Input Dim: 3072
   ❄️  Mode: Linear Probe (Backbone Frozen)
   ⚡ AMP Precision: torch.bfloat16
   🔄 Training Start... (Epochs: 50, Patience: 8)
   📅 Epoch 1 | Loss: 0.1105 | Val Accuracy: 96.82%
      ⭐ New Best! (Model saving disabled to save space)
   📅 Epoch 2 | Loss: 0.0745 | Val Accuracy: 97.66%
      ⭐ New Best! (Model saving disabled to save space)
   📅 Epoch 3 | Loss: 0.0570 | Val Accuracy: 96.84%
   📅 Epoch 4 | Loss: 0.0572 | Val Accuracy: 97.60%
   📅 Epoch 5 | Loss: 0.0583 | Val Accuracy: 96.41%
   📅 Epoch 6 | Loss: 0.0528 | Val Accuracy: 97.01%
   📅 Epoch 7 | Loss: 0.0502 | Val Accuracy: 97.24%
   📅 Epoch 8 | Loss: 0.0474 | Val Accuracy: 96.36%
   📅 Epoch 9 | Loss: 0.0476 | Val Accuracy: 96.30%
   📅 Epoch 10 | Loss: 0.0463 | Val Accuracy: 95.42%

   🛑 Early Stopping triggered after 8 epochs.

========================================
🏆 Best Val Accuracy: 97.66%
💾 Best Checkpoint: ./checkpoints/linear_mb-atmospheric_dust_cls_rdr_dinov3_lvd_lr0.001_concat_3.pth
========================================

