
============================================================
📄 Log File: ./logs/linear_records/mb-atmospheric_dust_cls_rdr_dinov3_lvd_1cha_lr0.01_concat_3.log
⏰ Time: 2026-04-01 23:33:34
============================================================

🚀 Training dinov3_lvd_1cha on mb-atmospheric_dust_cls_rdr | Mode: LINEAR | LR: 0.01
   📂 [TRAIN] Loading 1 shards...
   ✅ Loaded 9817 samples.
   📂 [TEST] Loading 1 shards...
   ✅ Loaded 5214 samples.
   ⚙️  Config: Workers=8, BS=256, SmallData=False

>>> Loading Model: dinov3_lvd_1cha (dinov3_hub)
   🔍 Auditing weights for [dinov3_lvd_1cha]...
   ✅ [PERFECT MATCH] 368/368 layers loaded (100.0%)

   🔍 [Structure Check] dinov3_lvd_1cha Output Analysis:
      Type: Tuple (len=2)
      Item 0: Shape (1, 1024)
      Item 1: Shape (1, 256, 1024)
      ✅ Identified: CLS=True, Patch=True
      👉 Final Strategy: concat_3 | Input Dim: 3072
   ❄️  Mode: Linear Probe (Backbone Frozen)
   🚀 Compiling model with torch.compile...
   ⚡ AMP Precision: torch.bfloat16
   🔄 Training Start... (Epochs: 40, Patience: 5)
   📅 Epoch 1 | Loss: 0.1785 | Val Accuracy: 95.36%
      ⭐ New Best! Saved.
   📅 Epoch 2 | Loss: 0.0803 | Val Accuracy: 94.90%
   📅 Epoch 3 | Loss: 0.0778 | Val Accuracy: 96.47%
      ⭐ New Best! Saved.
   📅 Epoch 4 | Loss: 0.0811 | Val Accuracy: 96.55%
      ⭐ New Best! Saved.
   📅 Epoch 5 | Loss: 0.0629 | Val Accuracy: 95.84%
   📅 Epoch 6 | Loss: 0.0630 | Val Accuracy: 96.89%
      ⭐ New Best! Saved.
   📅 Epoch 7 | Loss: 0.0569 | Val Accuracy: 96.57%
   📅 Epoch 8 | Loss: 0.0506 | Val Accuracy: 94.99%
   📅 Epoch 9 | Loss: 0.0645 | Val Accuracy: 95.17%
   📅 Epoch 10 | Loss: 0.0513 | Val Accuracy: 96.51%
   📅 Epoch 11 | Loss: 0.0670 | Val Accuracy: 94.98%

   🛑 Early Stopping triggered after 5 epochs.

========================================
🏆 Best Val Accuracy: 96.89%
💾 Best Checkpoint: ./checkpoints/linear_mb-atmospheric_dust_cls_rdr_dinov3_lvd_1cha_lr0.01_concat_3.pth
========================================

