
============================================================
📄 Log File: ./logs/linear_records/mb-atmospheric_dust_cls_rdr_mars_mae_frac0.50x_lr0.001_concat_3.log
⏰ Time: 2026-04-13 18:03:53
============================================================

🚀 Training mars_mae on mb-atmospheric_dust_cls_rdr | Mode: LINEAR | LR: 0.001
   📂 [TRAIN] Loading 1 shards...
   ✅ Loaded 4908 samples.
   📂 [TEST] Loading 1 shards...
   ✅ Loaded 5214 samples.
   ⚙️  Config: Workers=8, BS=64, SmallData=False

>>> Loading Model: mars_mae (timm_mae)
   ℹ️  Config: in_chans=1
   🔍 Auditing weights for [mars_mae]...
   ✅ [PERFECT MATCH] 150/150 layers loaded (100.0%)

   🔍 [Structure Check] mars_mae Output Analysis:
      Type: Tuple (len=2)
      Item 0: Shape (1, 768)
      Item 1: Shape (1, 196, 768)
      ✅ Identified: CLS=True, Patch=True
      👉 Final Strategy: concat_3 | Input Dim: 2304
   ❄️  Mode: Linear Probe (Backbone Frozen)
   ⚡ AMP Precision: torch.bfloat16
   🔄 Training Start... (Epochs: 50, Patience: 8)
   📅 Epoch 1 | Loss: 0.2676 | Val Accuracy: 93.00%
      ⭐ New Best! (Model saving disabled to save space)
   📅 Epoch 2 | Loss: 0.1636 | Val Accuracy: 94.25%
      ⭐ New Best! (Model saving disabled to save space)
   📅 Epoch 3 | Loss: 0.1496 | Val Accuracy: 93.96%
   📅 Epoch 4 | Loss: 0.1462 | Val Accuracy: 94.19%
   📅 Epoch 5 | Loss: 0.1400 | Val Accuracy: 94.38%
      ⭐ New Best! (Model saving disabled to save space)
   📅 Epoch 6 | Loss: 0.1248 | Val Accuracy: 93.15%
   📅 Epoch 7 | Loss: 0.1326 | Val Accuracy: 94.57%
      ⭐ New Best! (Model saving disabled to save space)
   📅 Epoch 8 | Loss: 0.1288 | Val Accuracy: 94.67%
      ⭐ New Best! (Model saving disabled to save space)
   📅 Epoch 9 | Loss: 0.1066 | Val Accuracy: 94.63%
   📅 Epoch 10 | Loss: 0.1149 | Val Accuracy: 94.63%
   📅 Epoch 11 | Loss: 0.1174 | Val Accuracy: 95.05%
      ⭐ New Best! (Model saving disabled to save space)
   📅 Epoch 12 | Loss: 0.1145 | Val Accuracy: 94.67%
   📅 Epoch 13 | Loss: 0.1090 | Val Accuracy: 95.07%
      ⭐ New Best! (Model saving disabled to save space)
   📅 Epoch 14 | Loss: 0.1120 | Val Accuracy: 94.94%
   📅 Epoch 15 | Loss: 0.1135 | Val Accuracy: 95.05%
   📅 Epoch 16 | Loss: 0.1057 | Val Accuracy: 94.96%
   📅 Epoch 17 | Loss: 0.1071 | Val Accuracy: 95.21%
      ⭐ New Best! (Model saving disabled to save space)
   📅 Epoch 18 | Loss: 0.0995 | Val Accuracy: 95.40%
      ⭐ New Best! (Model saving disabled to save space)
   📅 Epoch 19 | Loss: 0.1134 | Val Accuracy: 94.90%
   📅 Epoch 20 | Loss: 0.0970 | Val Accuracy: 95.19%
   📅 Epoch 21 | Loss: 0.0998 | Val Accuracy: 94.71%
   📅 Epoch 22 | Loss: 0.1008 | Val Accuracy: 95.45%
      ⭐ New Best! (Model saving disabled to save space)
   📅 Epoch 23 | Loss: 0.1108 | Val Accuracy: 95.26%
   📅 Epoch 24 | Loss: 0.1000 | Val Accuracy: 94.96%
   📅 Epoch 25 | Loss: 0.0980 | Val Accuracy: 94.94%
   📅 Epoch 26 | Loss: 0.1014 | Val Accuracy: 93.56%
   📅 Epoch 27 | Loss: 0.0943 | Val Accuracy: 94.99%
   📅 Epoch 28 | Loss: 0.0961 | Val Accuracy: 94.11%
   📅 Epoch 29 | Loss: 0.0986 | Val Accuracy: 94.88%
   📅 Epoch 30 | Loss: 0.1002 | Val Accuracy: 92.92%

   🛑 Early Stopping triggered after 8 epochs.

========================================
🏆 Best Val Accuracy: 95.45%
💾 Best Checkpoint: ./checkpoints/linear_mb-atmospheric_dust_cls_rdr_mars_mae_lr0.001_concat_3.pth
========================================

