
============================================================
📄 Log File: ./logs/linear_records/mb-atmospheric_dust_cls_rdr_vit_l_frac0.20x_lr1e-05_concat_3.log
⏰ Time: 2026-04-13 15:11:17
============================================================

🚀 Training vit_l on mb-atmospheric_dust_cls_rdr | Mode: LINEAR | LR: 1e-05
   📂 [TRAIN] Loading 1 shards...
   ✅ Loaded 1963 samples.
   📂 [TEST] Loading 1 shards...
   ✅ Loaded 5214 samples.
   ⚙️  Config: Workers=8, BS=64, SmallData=False

>>> Loading Model: vit_l (torchvision_vit)
   🔍 Auditing weights for [vit_l]...
   ✅ [PERFECT MATCH] 296/296 layers loaded (100.0%)

   🔍 [Structure Check] vit_l Output Analysis:
      Type: Tuple (len=2)
      Item 0: Shape (1, 1024)
      Item 1: Shape (1, 196, 1024)
      ✅ Identified: CLS=True, Patch=True
      👉 Final Strategy: concat_3 | Input Dim: 3072
   ❄️  Mode: Linear Probe (Backbone Frozen)
   ⚡ AMP Precision: torch.bfloat16
   🔄 Training Start... (Epochs: 50, Patience: 8)
   📅 Epoch 1 | Loss: 0.6644 | Val Accuracy: 61.85%
      ⭐ New Best! (Model saving disabled to save space)
   📅 Epoch 2 | Loss: 0.6076 | Val Accuracy: 77.98%
      ⭐ New Best! (Model saving disabled to save space)
   📅 Epoch 3 | Loss: 0.5608 | Val Accuracy: 82.22%
      ⭐ New Best! (Model saving disabled to save space)
   📅 Epoch 4 | Loss: 0.5139 | Val Accuracy: 89.28%
      ⭐ New Best! (Model saving disabled to save space)
   📅 Epoch 5 | Loss: 0.4789 | Val Accuracy: 91.12%
      ⭐ New Best! (Model saving disabled to save space)
   📅 Epoch 6 | Loss: 0.4464 | Val Accuracy: 92.44%
      ⭐ New Best! (Model saving disabled to save space)
   📅 Epoch 7 | Loss: 0.4207 | Val Accuracy: 93.34%
      ⭐ New Best! (Model saving disabled to save space)
   📅 Epoch 8 | Loss: 0.3909 | Val Accuracy: 93.65%
      ⭐ New Best! (Model saving disabled to save space)
   📅 Epoch 9 | Loss: 0.3690 | Val Accuracy: 94.15%
      ⭐ New Best! (Model saving disabled to save space)
   📅 Epoch 10 | Loss: 0.3488 | Val Accuracy: 94.50%
      ⭐ New Best! (Model saving disabled to save space)
   📅 Epoch 11 | Loss: 0.3362 | Val Accuracy: 94.82%
      ⭐ New Best! (Model saving disabled to save space)
   📅 Epoch 12 | Loss: 0.3160 | Val Accuracy: 95.01%
      ⭐ New Best! (Model saving disabled to save space)
   📅 Epoch 13 | Loss: 0.3018 | Val Accuracy: 95.11%
      ⭐ New Best! (Model saving disabled to save space)
   📅 Epoch 14 | Loss: 0.2911 | Val Accuracy: 95.28%
      ⭐ New Best! (Model saving disabled to save space)
   📅 Epoch 15 | Loss: 0.2813 | Val Accuracy: 95.19%
   📅 Epoch 16 | Loss: 0.2697 | Val Accuracy: 95.44%
      ⭐ New Best! (Model saving disabled to save space)
   📅 Epoch 17 | Loss: 0.2622 | Val Accuracy: 95.30%
   📅 Epoch 18 | Loss: 0.2489 | Val Accuracy: 95.51%
      ⭐ New Best! (Model saving disabled to save space)
   📅 Epoch 19 | Loss: 0.2424 | Val Accuracy: 95.53%
      ⭐ New Best! (Model saving disabled to save space)
   📅 Epoch 20 | Loss: 0.2400 | Val Accuracy: 95.61%
      ⭐ New Best! (Model saving disabled to save space)
   📅 Epoch 21 | Loss: 0.2299 | Val Accuracy: 95.49%
   📅 Epoch 22 | Loss: 0.2265 | Val Accuracy: 95.65%
      ⭐ New Best! (Model saving disabled to save space)
   📅 Epoch 23 | Loss: 0.2248 | Val Accuracy: 95.55%
   📅 Epoch 24 | Loss: 0.2124 | Val Accuracy: 95.65%
   📅 Epoch 25 | Loss: 0.2099 | Val Accuracy: 95.68%
      ⭐ New Best! (Model saving disabled to save space)
   📅 Epoch 26 | Loss: 0.2039 | Val Accuracy: 95.72%
      ⭐ New Best! (Model saving disabled to save space)
   📅 Epoch 27 | Loss: 0.1999 | Val Accuracy: 95.76%
      ⭐ New Best! (Model saving disabled to save space)
   📅 Epoch 28 | Loss: 0.1968 | Val Accuracy: 95.70%
   📅 Epoch 29 | Loss: 0.1976 | Val Accuracy: 95.72%
   📅 Epoch 30 | Loss: 0.1851 | Val Accuracy: 95.78%
      ⭐ New Best! (Model saving disabled to save space)
   📅 Epoch 31 | Loss: 0.1884 | Val Accuracy: 95.80%
      ⭐ New Best! (Model saving disabled to save space)
   📅 Epoch 32 | Loss: 0.1814 | Val Accuracy: 95.78%
   📅 Epoch 33 | Loss: 0.1808 | Val Accuracy: 95.80%
   📅 Epoch 34 | Loss: 0.1778 | Val Accuracy: 95.82%
      ⭐ New Best! (Model saving disabled to save space)
   📅 Epoch 35 | Loss: 0.1814 | Val Accuracy: 95.86%
      ⭐ New Best! (Model saving disabled to save space)
   📅 Epoch 36 | Loss: 0.1690 | Val Accuracy: 95.86%
   📅 Epoch 37 | Loss: 0.1630 | Val Accuracy: 95.91%
      ⭐ New Best! (Model saving disabled to save space)
   📅 Epoch 38 | Loss: 0.1686 | Val Accuracy: 95.93%
      ⭐ New Best! (Model saving disabled to save space)
   📅 Epoch 39 | Loss: 0.1692 | Val Accuracy: 95.84%
   📅 Epoch 40 | Loss: 0.1600 | Val Accuracy: 96.05%
      ⭐ New Best! (Model saving disabled to save space)
   📅 Epoch 41 | Loss: 0.1612 | Val Accuracy: 96.01%
   📅 Epoch 42 | Loss: 0.1576 | Val Accuracy: 95.95%
   📅 Epoch 43 | Loss: 0.1572 | Val Accuracy: 96.03%
   📅 Epoch 44 | Loss: 0.1518 | Val Accuracy: 95.97%
   📅 Epoch 45 | Loss: 0.1508 | Val Accuracy: 95.99%
   📅 Epoch 46 | Loss: 0.1572 | Val Accuracy: 95.93%
   📅 Epoch 47 | Loss: 0.1497 | Val Accuracy: 95.95%
   📅 Epoch 48 | Loss: 0.1543 | Val Accuracy: 95.97%

   🛑 Early Stopping triggered after 8 epochs.

========================================
🏆 Best Val Accuracy: 96.05%
💾 Best Checkpoint: ./checkpoints/linear_mb-atmospheric_dust_cls_rdr_vit_l_lr1e-05_concat_3.pth
========================================

