
============================================================
📄 Log File: ./logs/linear_records/mb-atmospheric_dust_cls_rdr_dinov3_sat_1cha_frac0.01x_lr1e-05_concat_3.log
⏰ Time: 2026-04-13 21:07:52
============================================================

🚀 Training dinov3_sat_1cha on mb-atmospheric_dust_cls_rdr | Mode: LINEAR | LR: 1e-05
   📂 [TRAIN] Loading 1 shards...
   ✅ Loaded 98 samples.
   📂 [TEST] Loading 1 shards...
   ✅ Loaded 5214 samples.
   ⚙️  Config: Workers=0, BS=64, SmallData=True

>>> Loading Model: dinov3_sat_1cha (dinov3_hub)
   🔍 Auditing weights for [dinov3_sat_1cha]...
   ✅ [PERFECT MATCH] 368/368 layers loaded (100.0%)

   🔍 [Structure Check] dinov3_sat_1cha Output Analysis:
      Type: Tuple (len=2)
      Item 0: Shape (1, 1024)
      Item 1: Shape (1, 256, 1024)
      ✅ Identified: CLS=True, Patch=True
      👉 Final Strategy: concat_3 | Input Dim: 3072
   ❄️  Mode: Linear Probe (Backbone Frozen)
   ⚡ AMP Precision: torch.bfloat16
   🔄 Training Start... (Epochs: 50, Patience: 8)
   📅 Epoch 1 | Loss: 0.6956 | Val Accuracy: 47.85%
      ⭐ New Best! (Model saving disabled to save space)
   📅 Epoch 2 | Loss: 0.7167 | Val Accuracy: 48.18%
      ⭐ New Best! (Model saving disabled to save space)
   📅 Epoch 3 | Loss: 0.6932 | Val Accuracy: 48.45%
      ⭐ New Best! (Model saving disabled to save space)
   📅 Epoch 4 | Loss: 0.6920 | Val Accuracy: 48.77%
      ⭐ New Best! (Model saving disabled to save space)
   📅 Epoch 5 | Loss: 0.6990 | Val Accuracy: 49.10%
      ⭐ New Best! (Model saving disabled to save space)
   📅 Epoch 6 | Loss: 0.7076 | Val Accuracy: 49.54%
      ⭐ New Best! (Model saving disabled to save space)
   📅 Epoch 7 | Loss: 0.6848 | Val Accuracy: 49.90%
      ⭐ New Best! (Model saving disabled to save space)
   📅 Epoch 8 | Loss: 0.6980 | Val Accuracy: 50.56%
      ⭐ New Best! (Model saving disabled to save space)
   📅 Epoch 9 | Loss: 0.6963 | Val Accuracy: 51.15%
      ⭐ New Best! (Model saving disabled to save space)
   📅 Epoch 10 | Loss: 0.6720 | Val Accuracy: 51.65%
      ⭐ New Best! (Model saving disabled to save space)
   📅 Epoch 11 | Loss: 0.6703 | Val Accuracy: 52.13%
      ⭐ New Best! (Model saving disabled to save space)
   📅 Epoch 12 | Loss: 0.6920 | Val Accuracy: 52.70%
      ⭐ New Best! (Model saving disabled to save space)
   📅 Epoch 13 | Loss: 0.6768 | Val Accuracy: 53.41%
      ⭐ New Best! (Model saving disabled to save space)
   📅 Epoch 14 | Loss: 0.6932 | Val Accuracy: 53.97%
      ⭐ New Best! (Model saving disabled to save space)
   📅 Epoch 15 | Loss: 0.6853 | Val Accuracy: 54.49%
      ⭐ New Best! (Model saving disabled to save space)
   📅 Epoch 16 | Loss: 0.6794 | Val Accuracy: 55.14%
      ⭐ New Best! (Model saving disabled to save space)
   📅 Epoch 17 | Loss: 0.6709 | Val Accuracy: 55.62%
      ⭐ New Best! (Model saving disabled to save space)
   📅 Epoch 18 | Loss: 0.6843 | Val Accuracy: 56.37%
      ⭐ New Best! (Model saving disabled to save space)
   📅 Epoch 19 | Loss: 0.6684 | Val Accuracy: 56.98%
      ⭐ New Best! (Model saving disabled to save space)
   📅 Epoch 20 | Loss: 0.6854 | Val Accuracy: 57.50%
      ⭐ New Best! (Model saving disabled to save space)
   📅 Epoch 21 | Loss: 0.6593 | Val Accuracy: 58.19%
      ⭐ New Best! (Model saving disabled to save space)
   📅 Epoch 22 | Loss: 0.6511 | Val Accuracy: 58.76%
      ⭐ New Best! (Model saving disabled to save space)
   📅 Epoch 23 | Loss: 0.6798 | Val Accuracy: 59.23%
      ⭐ New Best! (Model saving disabled to save space)
   📅 Epoch 24 | Loss: 0.6716 | Val Accuracy: 59.69%
      ⭐ New Best! (Model saving disabled to save space)
   📅 Epoch 25 | Loss: 0.6554 | Val Accuracy: 60.34%
      ⭐ New Best! (Model saving disabled to save space)
   📅 Epoch 26 | Loss: 0.6608 | Val Accuracy: 60.84%
      ⭐ New Best! (Model saving disabled to save space)
   📅 Epoch 27 | Loss: 0.6543 | Val Accuracy: 61.41%
      ⭐ New Best! (Model saving disabled to save space)
   📅 Epoch 28 | Loss: 0.6606 | Val Accuracy: 61.99%
      ⭐ New Best! (Model saving disabled to save space)
   📅 Epoch 29 | Loss: 0.6499 | Val Accuracy: 62.62%
      ⭐ New Best! (Model saving disabled to save space)
   📅 Epoch 30 | Loss: 0.6749 | Val Accuracy: 63.14%
      ⭐ New Best! (Model saving disabled to save space)
   📅 Epoch 31 | Loss: 0.6518 | Val Accuracy: 63.85%
      ⭐ New Best! (Model saving disabled to save space)
   📅 Epoch 32 | Loss: 0.6387 | Val Accuracy: 64.46%
      ⭐ New Best! (Model saving disabled to save space)
   📅 Epoch 33 | Loss: 0.6331 | Val Accuracy: 65.13%
      ⭐ New Best! (Model saving disabled to save space)
   📅 Epoch 34 | Loss: 0.6447 | Val Accuracy: 65.59%
      ⭐ New Best! (Model saving disabled to save space)
   📅 Epoch 35 | Loss: 0.6351 | Val Accuracy: 66.11%
      ⭐ New Best! (Model saving disabled to save space)
   📅 Epoch 36 | Loss: 0.6482 | Val Accuracy: 66.65%
      ⭐ New Best! (Model saving disabled to save space)
   📅 Epoch 37 | Loss: 0.6374 | Val Accuracy: 67.17%
      ⭐ New Best! (Model saving disabled to save space)
   📅 Epoch 38 | Loss: 0.6534 | Val Accuracy: 67.89%
      ⭐ New Best! (Model saving disabled to save space)
   📅 Epoch 39 | Loss: 0.6628 | Val Accuracy: 68.41%
      ⭐ New Best! (Model saving disabled to save space)
   📅 Epoch 40 | Loss: 0.6318 | Val Accuracy: 68.87%
      ⭐ New Best! (Model saving disabled to save space)
   📅 Epoch 41 | Loss: 0.6249 | Val Accuracy: 69.62%
      ⭐ New Best! (Model saving disabled to save space)
   📅 Epoch 42 | Loss: 0.6278 | Val Accuracy: 70.27%
      ⭐ New Best! (Model saving disabled to save space)
   📅 Epoch 43 | Loss: 0.6455 | Val Accuracy: 70.91%
      ⭐ New Best! (Model saving disabled to save space)
   📅 Epoch 44 | Loss: 0.6339 | Val Accuracy: 71.61%
      ⭐ New Best! (Model saving disabled to save space)
   📅 Epoch 45 | Loss: 0.6392 | Val Accuracy: 72.17%
      ⭐ New Best! (Model saving disabled to save space)
   📅 Epoch 46 | Loss: 0.6319 | Val Accuracy: 72.84%
      ⭐ New Best! (Model saving disabled to save space)
   📅 Epoch 47 | Loss: 0.6342 | Val Accuracy: 73.71%
      ⭐ New Best! (Model saving disabled to save space)
   📅 Epoch 48 | Loss: 0.6200 | Val Accuracy: 74.43%
      ⭐ New Best! (Model saving disabled to save space)
   📅 Epoch 49 | Loss: 0.6106 | Val Accuracy: 75.18%
      ⭐ New Best! (Model saving disabled to save space)
   📅 Epoch 50 | Loss: 0.6285 | Val Accuracy: 75.76%
      ⭐ New Best! (Model saving disabled to save space)

========================================
🏆 Best Val Accuracy: 75.76%
💾 Best Checkpoint: ./checkpoints/linear_mb-atmospheric_dust_cls_rdr_dinov3_sat_1cha_lr1e-05_concat_3.pth
========================================

