
============================================================
📄 Log File: ./logs/linear_records/mb-atmospheric_dust_cls_rdr_dinov3_lvd_lr0.0001_concat_3.log
⏰ Time: 2026-02-28 00:05:45
============================================================

🚀 Training dinov3_lvd on mb-atmospheric_dust_cls_rdr | Mode: LINEAR | LR: 0.0001
   📂 [TRAIN] Loading 1 shards...
   ✅ Loaded 9817 samples.
   📂 [TEST] Loading 1 shards...
   ✅ Loaded 5214 samples.
   ⚙️  Config: Workers=8, BS=256, SmallData=False

>>> Loading Model: dinov3_lvd (dinov3_hub)
   🔍 Auditing weights for [dinov3_lvd]...
   ✅ [PERFECT MATCH] 368/368 layers loaded (100.0%)

   🔍 [Structure Check] dinov3_lvd Output Analysis:
      Type: Tuple (len=2)
      Item 0: Shape (1, 1024)
      Item 1: Shape (1, 256, 1024)
      ✅ Identified: CLS=True, Patch=True
      👉 Final Strategy: concat_3 | Input Dim: 3072
   ❄️  Mode: Linear Probe (Backbone Frozen)
   🚀 Compiling model with torch.compile...
   ⚡ AMP Precision: torch.bfloat16
   🔄 Training Start... (Epochs: 40, Patience: 5)
   📅 Epoch 1 | Loss: 0.4171 | Val Accuracy: 97.49%
      ⭐ New Best! Saved.
   📅 Epoch 2 | Loss: 0.2009 | Val Accuracy: 97.56%
      ⭐ New Best! Saved.
   📅 Epoch 3 | Loss: 0.1471 | Val Accuracy: 97.49%
   📅 Epoch 4 | Loss: 0.1226 | Val Accuracy: 97.47%
   📅 Epoch 5 | Loss: 0.1119 | Val Accuracy: 97.49%
   📅 Epoch 6 | Loss: 0.1026 | Val Accuracy: 97.53%
   📅 Epoch 7 | Loss: 0.0948 | Val Accuracy: 97.60%
      ⭐ New Best! Saved.
   📅 Epoch 8 | Loss: 0.0886 | Val Accuracy: 97.62%
      ⭐ New Best! Saved.
   📅 Epoch 9 | Loss: 0.0882 | Val Accuracy: 97.60%
   📅 Epoch 10 | Loss: 0.0836 | Val Accuracy: 97.64%
      ⭐ New Best! Saved.
   📅 Epoch 11 | Loss: 0.0798 | Val Accuracy: 97.49%
   📅 Epoch 12 | Loss: 0.0787 | Val Accuracy: 97.62%
   📅 Epoch 13 | Loss: 0.0760 | Val Accuracy: 97.53%
   📅 Epoch 14 | Loss: 0.0762 | Val Accuracy: 97.45%
   📅 Epoch 15 | Loss: 0.0711 | Val Accuracy: 97.55%

   🛑 Early Stopping triggered after 5 epochs.

========================================
🏆 Best Val Accuracy: 97.64%
💾 Best Checkpoint: ./checkpoints/linear_mb-atmospheric_dust_cls_rdr_dinov3_lvd_lr0.0001_concat_3.pth
========================================

