
============================================================
📄 Log File: ./logs/linear_records/mb-atmospheric_dust_cls_rdr_dinov1_b8_frac0.01x_lr1e-05_concat_3.log
⏰ Time: 2026-04-13 18:49:37
============================================================

🚀 Training dinov1_b8 on mb-atmospheric_dust_cls_rdr | Mode: LINEAR | LR: 1e-05
   📂 [TRAIN] Loading 1 shards...
   ✅ Loaded 98 samples.
   📂 [TEST] Loading 1 shards...
   ✅ Loaded 5214 samples.
   ⚙️  Config: Workers=0, BS=64, SmallData=True

>>> Loading Model: dinov1_b8 (dinov1)

   🔍 [Structure Check] dinov1_b8 Output Analysis:
      Type: Tuple (len=2)
      Item 0: Shape (1, 768)
      Item 1: Shape (1, 784, 768)
      ✅ Identified: CLS=True, Patch=True
      👉 Final Strategy: concat_3 | Input Dim: 2304
   ❄️  Mode: Linear Probe (Backbone Frozen)
   ⚡ AMP Precision: torch.bfloat16
   🔄 Training Start... (Epochs: 50, Patience: 8)
   📅 Epoch 1 | Loss: 1.0380 | Val Accuracy: 46.49%
      ⭐ New Best! (Model saving disabled to save space)
   📅 Epoch 2 | Loss: 0.9894 | Val Accuracy: 46.26%
   📅 Epoch 3 | Loss: 0.9620 | Val Accuracy: 46.07%
   📅 Epoch 4 | Loss: 0.9877 | Val Accuracy: 45.86%
   📅 Epoch 5 | Loss: 0.9641 | Val Accuracy: 45.74%
   📅 Epoch 6 | Loss: 0.9296 | Val Accuracy: 45.97%
   📅 Epoch 7 | Loss: 0.8840 | Val Accuracy: 46.18%
   📅 Epoch 8 | Loss: 0.9101 | Val Accuracy: 46.26%
   📅 Epoch 9 | Loss: 0.9329 | Val Accuracy: 46.72%
      ⭐ New Best! (Model saving disabled to save space)
   📅 Epoch 10 | Loss: 0.8750 | Val Accuracy: 47.37%
      ⭐ New Best! (Model saving disabled to save space)
   📅 Epoch 11 | Loss: 0.9483 | Val Accuracy: 47.62%
      ⭐ New Best! (Model saving disabled to save space)
   📅 Epoch 12 | Loss: 0.8823 | Val Accuracy: 48.41%
      ⭐ New Best! (Model saving disabled to save space)
   📅 Epoch 13 | Loss: 0.8548 | Val Accuracy: 49.00%
      ⭐ New Best! (Model saving disabled to save space)
   📅 Epoch 14 | Loss: 0.8704 | Val Accuracy: 49.60%
      ⭐ New Best! (Model saving disabled to save space)
   📅 Epoch 15 | Loss: 0.8091 | Val Accuracy: 50.38%
      ⭐ New Best! (Model saving disabled to save space)
   📅 Epoch 16 | Loss: 0.9014 | Val Accuracy: 50.71%
      ⭐ New Best! (Model saving disabled to save space)
   📅 Epoch 17 | Loss: 0.8517 | Val Accuracy: 51.53%
      ⭐ New Best! (Model saving disabled to save space)
   📅 Epoch 18 | Loss: 0.7320 | Val Accuracy: 52.28%
      ⭐ New Best! (Model saving disabled to save space)
   📅 Epoch 19 | Loss: 0.8486 | Val Accuracy: 52.88%
      ⭐ New Best! (Model saving disabled to save space)
   📅 Epoch 20 | Loss: 0.8285 | Val Accuracy: 53.49%
      ⭐ New Best! (Model saving disabled to save space)
   📅 Epoch 21 | Loss: 0.8239 | Val Accuracy: 53.93%
      ⭐ New Best! (Model saving disabled to save space)
   📅 Epoch 22 | Loss: 0.7450 | Val Accuracy: 54.70%
      ⭐ New Best! (Model saving disabled to save space)
   📅 Epoch 23 | Loss: 0.8087 | Val Accuracy: 55.31%
      ⭐ New Best! (Model saving disabled to save space)
   📅 Epoch 24 | Loss: 0.8093 | Val Accuracy: 56.02%
      ⭐ New Best! (Model saving disabled to save space)
   📅 Epoch 25 | Loss: 0.7498 | Val Accuracy: 56.54%
      ⭐ New Best! (Model saving disabled to save space)
   📅 Epoch 26 | Loss: 0.7779 | Val Accuracy: 57.15%
      ⭐ New Best! (Model saving disabled to save space)
   📅 Epoch 27 | Loss: 0.7949 | Val Accuracy: 57.61%
      ⭐ New Best! (Model saving disabled to save space)
   📅 Epoch 28 | Loss: 0.7734 | Val Accuracy: 58.53%
      ⭐ New Best! (Model saving disabled to save space)
   📅 Epoch 29 | Loss: 0.7648 | Val Accuracy: 59.01%
      ⭐ New Best! (Model saving disabled to save space)
   📅 Epoch 30 | Loss: 0.7769 | Val Accuracy: 59.49%
      ⭐ New Best! (Model saving disabled to save space)
   📅 Epoch 31 | Loss: 0.8215 | Val Accuracy: 60.16%
      ⭐ New Best! (Model saving disabled to save space)
   📅 Epoch 32 | Loss: 0.7438 | Val Accuracy: 60.78%
      ⭐ New Best! (Model saving disabled to save space)
   📅 Epoch 33 | Loss: 0.6992 | Val Accuracy: 61.30%
      ⭐ New Best! (Model saving disabled to save space)
   📅 Epoch 34 | Loss: 0.7381 | Val Accuracy: 61.81%
      ⭐ New Best! (Model saving disabled to save space)
   📅 Epoch 35 | Loss: 0.6912 | Val Accuracy: 62.14%
      ⭐ New Best! (Model saving disabled to save space)
   📅 Epoch 36 | Loss: 0.6993 | Val Accuracy: 62.62%
      ⭐ New Best! (Model saving disabled to save space)
   📅 Epoch 37 | Loss: 0.7294 | Val Accuracy: 63.04%
      ⭐ New Best! (Model saving disabled to save space)
   📅 Epoch 38 | Loss: 0.7527 | Val Accuracy: 63.92%
      ⭐ New Best! (Model saving disabled to save space)
   📅 Epoch 39 | Loss: 0.7389 | Val Accuracy: 64.50%
      ⭐ New Best! (Model saving disabled to save space)
   📅 Epoch 40 | Loss: 0.7100 | Val Accuracy: 64.98%
      ⭐ New Best! (Model saving disabled to save space)
   📅 Epoch 41 | Loss: 0.6852 | Val Accuracy: 65.44%
      ⭐ New Best! (Model saving disabled to save space)
   📅 Epoch 42 | Loss: 0.6744 | Val Accuracy: 65.96%
      ⭐ New Best! (Model saving disabled to save space)
   📅 Epoch 43 | Loss: 0.6975 | Val Accuracy: 66.46%
      ⭐ New Best! (Model saving disabled to save space)
   📅 Epoch 44 | Loss: 0.7259 | Val Accuracy: 66.90%
      ⭐ New Best! (Model saving disabled to save space)
   📅 Epoch 45 | Loss: 0.6800 | Val Accuracy: 67.18%
      ⭐ New Best! (Model saving disabled to save space)
   📅 Epoch 46 | Loss: 0.6205 | Val Accuracy: 67.51%
      ⭐ New Best! (Model saving disabled to save space)
   📅 Epoch 47 | Loss: 0.6734 | Val Accuracy: 67.87%
      ⭐ New Best! (Model saving disabled to save space)
   📅 Epoch 48 | Loss: 0.7086 | Val Accuracy: 68.24%
      ⭐ New Best! (Model saving disabled to save space)
   📅 Epoch 49 | Loss: 0.7406 | Val Accuracy: 68.66%
      ⭐ New Best! (Model saving disabled to save space)
   📅 Epoch 50 | Loss: 0.6403 | Val Accuracy: 69.01%
      ⭐ New Best! (Model saving disabled to save space)

========================================
🏆 Best Val Accuracy: 69.01%
💾 Best Checkpoint: ./checkpoints/linear_mb-atmospheric_dust_cls_rdr_dinov1_b8_lr1e-05_concat_3.pth
========================================

