
============================================================
📄 Log File: ./logs/linear_records/mb-atmospheric_dust_cls_rdr_satmae_frac0.01x_lr0.0001_concat_3.log
⏰ Time: 2026-04-13 16:55:43
============================================================

🚀 Training satmae on mb-atmospheric_dust_cls_rdr | Mode: LINEAR | LR: 0.0001
   📂 [TRAIN] Loading 1 shards...
   ✅ Loaded 98 samples.
   📂 [TEST] Loading 1 shards...
   ✅ Loaded 5214 samples.
   ⚙️  Config: Workers=0, BS=64, SmallData=True

>>> Loading Model: satmae (timm_mae)
   ℹ️  Config: in_chans=3
   🔍 Auditing weights for [satmae]...
   ✅ [PERFECT MATCH] 294/294 layers loaded (100.0%)

   🔍 [Structure Check] satmae Output Analysis:
      Type: Tuple (len=2)
      Item 0: Shape (1, 1024)
      Item 1: Shape (1, 196, 1024)
      ✅ Identified: CLS=True, Patch=True
      👉 Final Strategy: concat_3 | Input Dim: 3072
   ❄️  Mode: Linear Probe (Backbone Frozen)
   ⚡ AMP Precision: torch.bfloat16
   🔄 Training Start... (Epochs: 50, Patience: 8)
   📅 Epoch 1 | Loss: 0.8146 | Val Accuracy: 49.04%
      ⭐ New Best! (Model saving disabled to save space)
   📅 Epoch 2 | Loss: 0.7224 | Val Accuracy: 51.09%
      ⭐ New Best! (Model saving disabled to save space)
   📅 Epoch 3 | Loss: 0.7293 | Val Accuracy: 57.58%
      ⭐ New Best! (Model saving disabled to save space)
   📅 Epoch 4 | Loss: 0.6223 | Val Accuracy: 64.38%
      ⭐ New Best! (Model saving disabled to save space)
   📅 Epoch 5 | Loss: 0.6341 | Val Accuracy: 73.57%
      ⭐ New Best! (Model saving disabled to save space)
   📅 Epoch 6 | Loss: 0.6508 | Val Accuracy: 71.79%
   📅 Epoch 7 | Loss: 0.6260 | Val Accuracy: 70.83%
   📅 Epoch 8 | Loss: 0.6304 | Val Accuracy: 72.78%
   📅 Epoch 9 | Loss: 0.6392 | Val Accuracy: 76.79%
      ⭐ New Best! (Model saving disabled to save space)
   📅 Epoch 10 | Loss: 0.5899 | Val Accuracy: 80.32%
      ⭐ New Best! (Model saving disabled to save space)
   📅 Epoch 11 | Loss: 0.5452 | Val Accuracy: 83.31%
      ⭐ New Best! (Model saving disabled to save space)
   📅 Epoch 12 | Loss: 0.4985 | Val Accuracy: 85.08%
      ⭐ New Best! (Model saving disabled to save space)
   📅 Epoch 13 | Loss: 0.5470 | Val Accuracy: 84.75%
   📅 Epoch 14 | Loss: 0.5025 | Val Accuracy: 84.54%
   📅 Epoch 15 | Loss: 0.5033 | Val Accuracy: 83.83%
   📅 Epoch 16 | Loss: 0.4492 | Val Accuracy: 83.89%
   📅 Epoch 17 | Loss: 0.4504 | Val Accuracy: 84.22%
   📅 Epoch 18 | Loss: 0.4958 | Val Accuracy: 85.16%
      ⭐ New Best! (Model saving disabled to save space)
   📅 Epoch 19 | Loss: 0.4528 | Val Accuracy: 86.02%
      ⭐ New Best! (Model saving disabled to save space)
   📅 Epoch 20 | Loss: 0.4514 | Val Accuracy: 86.40%
      ⭐ New Best! (Model saving disabled to save space)
   📅 Epoch 21 | Loss: 0.4325 | Val Accuracy: 86.77%
      ⭐ New Best! (Model saving disabled to save space)
   📅 Epoch 22 | Loss: 0.4204 | Val Accuracy: 87.17%
      ⭐ New Best! (Model saving disabled to save space)
   📅 Epoch 23 | Loss: 0.4297 | Val Accuracy: 87.05%
   📅 Epoch 24 | Loss: 0.3992 | Val Accuracy: 86.80%
   📅 Epoch 25 | Loss: 0.3747 | Val Accuracy: 86.75%
   📅 Epoch 26 | Loss: 0.3509 | Val Accuracy: 86.67%
   📅 Epoch 27 | Loss: 0.3639 | Val Accuracy: 86.63%
   📅 Epoch 28 | Loss: 0.3806 | Val Accuracy: 86.65%
   📅 Epoch 29 | Loss: 0.3624 | Val Accuracy: 86.73%
   📅 Epoch 30 | Loss: 0.3603 | Val Accuracy: 86.88%

   🛑 Early Stopping triggered after 8 epochs.

========================================
🏆 Best Val Accuracy: 87.17%
💾 Best Checkpoint: ./checkpoints/linear_mb-atmospheric_dust_cls_rdr_satmae_lr0.0001_concat_3.pth
========================================

