
============================================================
📄 Log File: ./logs/linear_records_new/mb-atmospheric_dust_cls_rdr_dinov3_sat_frac0.20x_lr0.0001_concat_3.log
⏰ Time: 2026-04-15 16:59:12
============================================================

🚀 Training dinov3_sat on mb-atmospheric_dust_cls_rdr | Mode: LINEAR | LR: 0.0001
   📂 [TRAIN] Loading 1 shards...
   ✅ Loaded 1963 samples.
   📂 [TEST] Loading 1 shards...
   ✅ Loaded 5214 samples.
   ⚙️  Config: Workers=8, BS=64, SmallData=False

>>> Loading Model: dinov3_sat (dinov3_hub)
  ℹ️  DINOv3 Config: in_chans=3
   🔍 Auditing weights for [dinov3_sat]...
   ✅ [PERFECT MATCH] 368/368 layers loaded (100.0%)

   🔍 [Structure Check] dinov3_sat Output Analysis:
      Type: Tuple (len=2)
      Item 0: Shape (1, 1024)
      Item 1: Shape (1, 256, 1024)
      ✅ Identified: CLS=True, Patch=True
      👉 Final Strategy: concat_3 | Input Dim: 3072
   ❄️  Mode: Linear Probe (Backbone Frozen)
   ⚡ AMP Precision: torch.bfloat16
   🔄 Training Start... (Epochs: 50, Patience: 8)
   📅 Epoch 1 | Loss: 0.4946 | Val Accuracy: 97.43%
      ⭐ New Best! (Model saving disabled to save space)
   📅 Epoch 2 | Loss: 0.3121 | Val Accuracy: 97.95%
      ⭐ New Best! (Model saving disabled to save space)
   📅 Epoch 3 | Loss: 0.2295 | Val Accuracy: 97.97%
      ⭐ New Best! (Model saving disabled to save space)
   📅 Epoch 4 | Loss: 0.1893 | Val Accuracy: 97.91%
   📅 Epoch 5 | Loss: 0.1632 | Val Accuracy: 97.85%
   📅 Epoch 6 | Loss: 0.1444 | Val Accuracy: 97.70%
   📅 Epoch 7 | Loss: 0.1312 | Val Accuracy: 97.70%
   📅 Epoch 8 | Loss: 0.1213 | Val Accuracy: 97.62%
   📅 Epoch 9 | Loss: 0.1172 | Val Accuracy: 97.83%
   📅 Epoch 10 | Loss: 0.1015 | Val Accuracy: 97.79%
   📅 Epoch 11 | Loss: 0.1054 | Val Accuracy: 97.66%

   🛑 Early Stopping triggered after 8 epochs.

========================================
🏆 Best Val Accuracy: 97.97%
💾 Best Checkpoint: ./checkpoints/linear_mb-atmospheric_dust_cls_rdr_dinov3_sat_lr0.0001_concat_3.pth
========================================

