
============================================================
📄 Log File: ./logs/linear_records/mb-atmospheric_dust_cls_rdr_dinov3_lvd_1cha_frac0.01x_lr1e-05_concat_3.log
⏰ Time: 2026-04-13 20:21:03
============================================================

🚀 Training dinov3_lvd_1cha on mb-atmospheric_dust_cls_rdr | Mode: LINEAR | LR: 1e-05
   📂 [TRAIN] Loading 1 shards...
   ✅ Loaded 98 samples.
   📂 [TEST] Loading 1 shards...
   ✅ Loaded 5214 samples.
   ⚙️  Config: Workers=0, BS=64, SmallData=True

>>> Loading Model: dinov3_lvd_1cha (dinov3_hub)
   🔍 Auditing weights for [dinov3_lvd_1cha]...
   ✅ [PERFECT MATCH] 368/368 layers loaded (100.0%)

   🔍 [Structure Check] dinov3_lvd_1cha Output Analysis:
      Type: Tuple (len=2)
      Item 0: Shape (1, 1024)
      Item 1: Shape (1, 256, 1024)
      ✅ Identified: CLS=True, Patch=True
      👉 Final Strategy: concat_3 | Input Dim: 3072
   ❄️  Mode: Linear Probe (Backbone Frozen)
   ⚡ AMP Precision: torch.bfloat16
   🔄 Training Start... (Epochs: 50, Patience: 8)
   📅 Epoch 1 | Loss: 0.6851 | Val Accuracy: 48.24%
      ⭐ New Best! (Model saving disabled to save space)
   📅 Epoch 2 | Loss: 0.6982 | Val Accuracy: 48.83%
      ⭐ New Best! (Model saving disabled to save space)
   📅 Epoch 3 | Loss: 0.6829 | Val Accuracy: 49.64%
      ⭐ New Best! (Model saving disabled to save space)
   📅 Epoch 4 | Loss: 0.6672 | Val Accuracy: 50.15%
      ⭐ New Best! (Model saving disabled to save space)
   📅 Epoch 5 | Loss: 0.6793 | Val Accuracy: 50.92%
      ⭐ New Best! (Model saving disabled to save space)
   📅 Epoch 6 | Loss: 0.6759 | Val Accuracy: 51.40%
      ⭐ New Best! (Model saving disabled to save space)
   📅 Epoch 7 | Loss: 0.6815 | Val Accuracy: 52.22%
      ⭐ New Best! (Model saving disabled to save space)
   📅 Epoch 8 | Loss: 0.6682 | Val Accuracy: 53.09%
      ⭐ New Best! (Model saving disabled to save space)
   📅 Epoch 9 | Loss: 0.6737 | Val Accuracy: 54.07%
      ⭐ New Best! (Model saving disabled to save space)
   📅 Epoch 10 | Loss: 0.6680 | Val Accuracy: 55.01%
      ⭐ New Best! (Model saving disabled to save space)
   📅 Epoch 11 | Loss: 0.6674 | Val Accuracy: 56.10%
      ⭐ New Best! (Model saving disabled to save space)
   📅 Epoch 12 | Loss: 0.6644 | Val Accuracy: 57.00%
      ⭐ New Best! (Model saving disabled to save space)
   📅 Epoch 13 | Loss: 0.6649 | Val Accuracy: 58.34%
      ⭐ New Best! (Model saving disabled to save space)
   📅 Epoch 14 | Loss: 0.6733 | Val Accuracy: 59.47%
      ⭐ New Best! (Model saving disabled to save space)
   📅 Epoch 15 | Loss: 0.6602 | Val Accuracy: 60.40%
      ⭐ New Best! (Model saving disabled to save space)
   📅 Epoch 16 | Loss: 0.6536 | Val Accuracy: 61.41%
      ⭐ New Best! (Model saving disabled to save space)
   📅 Epoch 17 | Loss: 0.6566 | Val Accuracy: 62.18%
      ⭐ New Best! (Model saving disabled to save space)
   📅 Epoch 18 | Loss: 0.6428 | Val Accuracy: 63.14%
      ⭐ New Best! (Model saving disabled to save space)
   📅 Epoch 19 | Loss: 0.6441 | Val Accuracy: 64.02%
      ⭐ New Best! (Model saving disabled to save space)
   📅 Epoch 20 | Loss: 0.6516 | Val Accuracy: 64.92%
      ⭐ New Best! (Model saving disabled to save space)
   📅 Epoch 21 | Loss: 0.6412 | Val Accuracy: 65.94%
      ⭐ New Best! (Model saving disabled to save space)
   📅 Epoch 22 | Loss: 0.6402 | Val Accuracy: 66.97%
      ⭐ New Best! (Model saving disabled to save space)
   📅 Epoch 23 | Loss: 0.6493 | Val Accuracy: 68.20%
      ⭐ New Best! (Model saving disabled to save space)
   📅 Epoch 24 | Loss: 0.6526 | Val Accuracy: 69.43%
      ⭐ New Best! (Model saving disabled to save space)
   📅 Epoch 25 | Loss: 0.6371 | Val Accuracy: 70.41%
      ⭐ New Best! (Model saving disabled to save space)
   📅 Epoch 26 | Loss: 0.6379 | Val Accuracy: 71.46%
      ⭐ New Best! (Model saving disabled to save space)
   📅 Epoch 27 | Loss: 0.6384 | Val Accuracy: 72.65%
      ⭐ New Best! (Model saving disabled to save space)
   📅 Epoch 28 | Loss: 0.6273 | Val Accuracy: 73.95%
      ⭐ New Best! (Model saving disabled to save space)
   📅 Epoch 29 | Loss: 0.6270 | Val Accuracy: 75.01%
      ⭐ New Best! (Model saving disabled to save space)
   📅 Epoch 30 | Loss: 0.6323 | Val Accuracy: 75.99%
      ⭐ New Best! (Model saving disabled to save space)
   📅 Epoch 31 | Loss: 0.6285 | Val Accuracy: 77.00%
      ⭐ New Best! (Model saving disabled to save space)
   📅 Epoch 32 | Loss: 0.6142 | Val Accuracy: 78.10%
      ⭐ New Best! (Model saving disabled to save space)
   📅 Epoch 33 | Loss: 0.6180 | Val Accuracy: 79.31%
      ⭐ New Best! (Model saving disabled to save space)
   📅 Epoch 34 | Loss: 0.6253 | Val Accuracy: 80.09%
      ⭐ New Best! (Model saving disabled to save space)
   📅 Epoch 35 | Loss: 0.6135 | Val Accuracy: 81.01%
      ⭐ New Best! (Model saving disabled to save space)
   📅 Epoch 36 | Loss: 0.6222 | Val Accuracy: 81.88%
      ⭐ New Best! (Model saving disabled to save space)
   📅 Epoch 37 | Loss: 0.6090 | Val Accuracy: 82.72%
      ⭐ New Best! (Model saving disabled to save space)
   📅 Epoch 38 | Loss: 0.6075 | Val Accuracy: 83.64%
      ⭐ New Best! (Model saving disabled to save space)
   📅 Epoch 39 | Loss: 0.5897 | Val Accuracy: 84.29%
      ⭐ New Best! (Model saving disabled to save space)
   📅 Epoch 40 | Loss: 0.5989 | Val Accuracy: 84.77%
      ⭐ New Best! (Model saving disabled to save space)
   📅 Epoch 41 | Loss: 0.6088 | Val Accuracy: 85.40%
      ⭐ New Best! (Model saving disabled to save space)
   📅 Epoch 42 | Loss: 0.5954 | Val Accuracy: 85.77%
      ⭐ New Best! (Model saving disabled to save space)
   📅 Epoch 43 | Loss: 0.5967 | Val Accuracy: 86.17%
      ⭐ New Best! (Model saving disabled to save space)
   📅 Epoch 44 | Loss: 0.5927 | Val Accuracy: 86.54%
      ⭐ New Best! (Model saving disabled to save space)
   📅 Epoch 45 | Loss: 0.5943 | Val Accuracy: 86.92%
      ⭐ New Best! (Model saving disabled to save space)
   📅 Epoch 46 | Loss: 0.5886 | Val Accuracy: 87.28%
      ⭐ New Best! (Model saving disabled to save space)
   📅 Epoch 47 | Loss: 0.5737 | Val Accuracy: 87.73%
      ⭐ New Best! (Model saving disabled to save space)
   📅 Epoch 48 | Loss: 0.5973 | Val Accuracy: 88.01%
      ⭐ New Best! (Model saving disabled to save space)
   📅 Epoch 49 | Loss: 0.5891 | Val Accuracy: 88.32%
      ⭐ New Best! (Model saving disabled to save space)
   📅 Epoch 50 | Loss: 0.5865 | Val Accuracy: 88.74%
      ⭐ New Best! (Model saving disabled to save space)

========================================
🏆 Best Val Accuracy: 88.74%
💾 Best Checkpoint: ./checkpoints/linear_mb-atmospheric_dust_cls_rdr_dinov3_lvd_1cha_lr1e-05_concat_3.pth
========================================

