
============================================================
📄 Log File: ./logs/linear_records_new/mb-atmospheric_dust_cls_rdr_dinov3_lvd_frac0.20x_lr0.001_concat_3.log
⏰ Time: 2026-04-15 16:25:11
============================================================

🚀 Training dinov3_lvd on mb-atmospheric_dust_cls_rdr | Mode: LINEAR | LR: 0.001
   📂 [TRAIN] Loading 1 shards...
   ✅ Loaded 1963 samples.
   📂 [TEST] Loading 1 shards...
   ✅ Loaded 5214 samples.
   ⚙️  Config: Workers=8, BS=64, SmallData=False

>>> Loading Model: dinov3_lvd (dinov3_hub)
  ℹ️  DINOv3 Config: in_chans=3
   🔍 Auditing weights for [dinov3_lvd]...
   ✅ [PERFECT MATCH] 368/368 layers loaded (100.0%)

   🔍 [Structure Check] dinov3_lvd Output Analysis:
      Type: Tuple (len=2)
      Item 0: Shape (1, 1024)
      Item 1: Shape (1, 256, 1024)
      ✅ Identified: CLS=True, Patch=True
      👉 Final Strategy: concat_3 | Input Dim: 3072
   ❄️  Mode: Linear Probe (Backbone Frozen)
   ⚡ AMP Precision: torch.bfloat16
   🔄 Training Start... (Epochs: 50, Patience: 8)
   📅 Epoch 1 | Loss: 0.1498 | Val Accuracy: 97.24%
      ⭐ New Best! (Model saving disabled to save space)
   📅 Epoch 2 | Loss: 0.0783 | Val Accuracy: 97.70%
      ⭐ New Best! (Model saving disabled to save space)
   📅 Epoch 3 | Loss: 0.0580 | Val Accuracy: 97.14%
   📅 Epoch 4 | Loss: 0.0591 | Val Accuracy: 97.60%
   📅 Epoch 5 | Loss: 0.0520 | Val Accuracy: 97.89%
      ⭐ New Best! (Model saving disabled to save space)
   📅 Epoch 6 | Loss: 0.0561 | Val Accuracy: 97.76%
   📅 Epoch 7 | Loss: 0.0555 | Val Accuracy: 97.26%
   📅 Epoch 8 | Loss: 0.0541 | Val Accuracy: 97.14%
   📅 Epoch 9 | Loss: 0.0497 | Val Accuracy: 97.05%
   📅 Epoch 10 | Loss: 0.0466 | Val Accuracy: 96.99%
   📅 Epoch 11 | Loss: 0.0420 | Val Accuracy: 97.66%
   📅 Epoch 12 | Loss: 0.0426 | Val Accuracy: 97.22%
   📅 Epoch 13 | Loss: 0.0474 | Val Accuracy: 98.06%
      ⭐ New Best! (Model saving disabled to save space)
   📅 Epoch 14 | Loss: 0.0372 | Val Accuracy: 96.84%
   📅 Epoch 15 | Loss: 0.0464 | Val Accuracy: 97.74%
   📅 Epoch 16 | Loss: 0.0417 | Val Accuracy: 96.78%
   📅 Epoch 17 | Loss: 0.0440 | Val Accuracy: 97.56%
   📅 Epoch 18 | Loss: 0.0455 | Val Accuracy: 97.39%
   📅 Epoch 19 | Loss: 0.0382 | Val Accuracy: 95.59%
   📅 Epoch 20 | Loss: 0.0359 | Val Accuracy: 96.87%
   📅 Epoch 21 | Loss: 0.0414 | Val Accuracy: 96.99%

   🛑 Early Stopping triggered after 8 epochs.

========================================
🏆 Best Val Accuracy: 98.06%
💾 Best Checkpoint: ./checkpoints/linear_mb-atmospheric_dust_cls_rdr_dinov3_lvd_lr0.001_concat_3.pth
========================================

