
============================================================
📄 Log File: ./logs/linear_records/mb-atmospheric_dust_cls_rdr_dinov3_lvd_1cha_frac0.05x_lr0.001_concat_3.log
⏰ Time: 2026-04-13 20:47:15
============================================================

🚀 Training dinov3_lvd_1cha on mb-atmospheric_dust_cls_rdr | Mode: LINEAR | LR: 0.001
   📂 [TRAIN] Loading 1 shards...
   ✅ Loaded 490 samples.
   📂 [TEST] Loading 1 shards...
   ✅ Loaded 5214 samples.
   ⚙️  Config: Workers=0, BS=64, SmallData=True

>>> Loading Model: dinov3_lvd_1cha (dinov3_hub)
   🔍 Auditing weights for [dinov3_lvd_1cha]...
   ✅ [PERFECT MATCH] 368/368 layers loaded (100.0%)

   🔍 [Structure Check] dinov3_lvd_1cha Output Analysis:
      Type: Tuple (len=2)
      Item 0: Shape (1, 1024)
      Item 1: Shape (1, 256, 1024)
      ✅ Identified: CLS=True, Patch=True
      👉 Final Strategy: concat_3 | Input Dim: 3072
   ❄️  Mode: Linear Probe (Backbone Frozen)
   ⚡ AMP Precision: torch.bfloat16
   🔄 Training Start... (Epochs: 50, Patience: 8)
   📅 Epoch 1 | Loss: 0.3598 | Val Accuracy: 97.07%
      ⭐ New Best! (Model saving disabled to save space)
   📅 Epoch 2 | Loss: 0.1422 | Val Accuracy: 97.51%
      ⭐ New Best! (Model saving disabled to save space)
   📅 Epoch 3 | Loss: 0.0973 | Val Accuracy: 97.81%
      ⭐ New Best! (Model saving disabled to save space)
   📅 Epoch 4 | Loss: 0.0864 | Val Accuracy: 97.24%
   📅 Epoch 5 | Loss: 0.0757 | Val Accuracy: 96.93%
   📅 Epoch 6 | Loss: 0.0788 | Val Accuracy: 97.49%
   📅 Epoch 7 | Loss: 0.0699 | Val Accuracy: 97.72%
   📅 Epoch 8 | Loss: 0.0645 | Val Accuracy: 97.74%
   📅 Epoch 9 | Loss: 0.0684 | Val Accuracy: 97.64%
   📅 Epoch 10 | Loss: 0.0704 | Val Accuracy: 97.74%
   📅 Epoch 11 | Loss: 0.0730 | Val Accuracy: 97.26%

   🛑 Early Stopping triggered after 8 epochs.

========================================
🏆 Best Val Accuracy: 97.81%
💾 Best Checkpoint: ./checkpoints/linear_mb-atmospheric_dust_cls_rdr_dinov3_lvd_1cha_lr0.001_concat_3.pth
========================================

