
============================================================
📄 Log File: ./logs/linear_records/mb-atmospheric_dust_cls_rdr_dinov3_sat_1cha_frac0.01x_lr0.001_concat_3.log
⏰ Time: 2026-04-13 22:22:56
============================================================

🚀 Training dinov3_sat_1cha on mb-atmospheric_dust_cls_rdr | Mode: LINEAR | LR: 0.001
   📂 [TRAIN] Loading 1 shards...
   ✅ Loaded 98 samples.
   📂 [TEST] Loading 1 shards...
   ✅ Loaded 5214 samples.
   ⚙️  Config: Workers=0, BS=64, SmallData=True

>>> Loading Model: dinov3_sat_1cha (dinov3_hub)
   🔍 Auditing weights for [dinov3_sat_1cha]...
   ✅ [PERFECT MATCH] 368/368 layers loaded (100.0%)

   🔍 [Structure Check] dinov3_sat_1cha Output Analysis:
      Type: Tuple (len=2)
      Item 0: Shape (1, 1024)
      Item 1: Shape (1, 256, 1024)
      ✅ Identified: CLS=True, Patch=True
      👉 Final Strategy: concat_3 | Input Dim: 3072
   ❄️  Mode: Linear Probe (Backbone Frozen)
   ⚡ AMP Precision: torch.bfloat16
   🔄 Training Start... (Epochs: 50, Patience: 8)
   📅 Epoch 1 | Loss: 0.7948 | Val Accuracy: 79.02%
      ⭐ New Best! (Model saving disabled to save space)
   📅 Epoch 2 | Loss: 0.6218 | Val Accuracy: 84.73%
      ⭐ New Best! (Model saving disabled to save space)
   📅 Epoch 3 | Loss: 0.5210 | Val Accuracy: 95.68%
      ⭐ New Best! (Model saving disabled to save space)
   📅 Epoch 4 | Loss: 0.4234 | Val Accuracy: 95.91%
      ⭐ New Best! (Model saving disabled to save space)
   📅 Epoch 5 | Loss: 0.3273 | Val Accuracy: 95.15%
   📅 Epoch 6 | Loss: 0.2765 | Val Accuracy: 94.99%
   📅 Epoch 7 | Loss: 0.2210 | Val Accuracy: 95.01%
   📅 Epoch 8 | Loss: 0.1995 | Val Accuracy: 95.42%
   📅 Epoch 9 | Loss: 0.1672 | Val Accuracy: 95.86%
   📅 Epoch 10 | Loss: 0.1788 | Val Accuracy: 96.01%
      ⭐ New Best! (Model saving disabled to save space)
   📅 Epoch 11 | Loss: 0.1936 | Val Accuracy: 96.18%
      ⭐ New Best! (Model saving disabled to save space)
   📅 Epoch 12 | Loss: 0.1642 | Val Accuracy: 96.26%
      ⭐ New Best! (Model saving disabled to save space)
   📅 Epoch 13 | Loss: 0.1421 | Val Accuracy: 96.20%
   📅 Epoch 14 | Loss: 0.1212 | Val Accuracy: 96.38%
      ⭐ New Best! (Model saving disabled to save space)
   📅 Epoch 15 | Loss: 0.1018 | Val Accuracy: 96.39%
      ⭐ New Best! (Model saving disabled to save space)
   📅 Epoch 16 | Loss: 0.1413 | Val Accuracy: 96.38%
   📅 Epoch 17 | Loss: 0.0826 | Val Accuracy: 96.39%
   📅 Epoch 18 | Loss: 0.1045 | Val Accuracy: 96.36%
   📅 Epoch 19 | Loss: 0.1071 | Val Accuracy: 96.32%
   📅 Epoch 20 | Loss: 0.0907 | Val Accuracy: 96.34%
   📅 Epoch 21 | Loss: 0.0877 | Val Accuracy: 96.30%
   📅 Epoch 22 | Loss: 0.0735 | Val Accuracy: 96.34%
   📅 Epoch 23 | Loss: 0.1275 | Val Accuracy: 96.34%

   🛑 Early Stopping triggered after 8 epochs.

========================================
🏆 Best Val Accuracy: 96.39%
💾 Best Checkpoint: ./checkpoints/linear_mb-atmospheric_dust_cls_rdr_dinov3_sat_1cha_lr0.001_concat_3.pth
========================================

