
============================================================
📄 Log File: ./logs/linear_records/mb-atmospheric_dust_cls_rdr_dinov3_sat_1cha_frac0.20x_lr0.001_concat_3.log
⏰ Time: 2026-04-13 21:35:36
============================================================

🚀 Training dinov3_sat_1cha on mb-atmospheric_dust_cls_rdr | Mode: LINEAR | LR: 0.001
   📂 [TRAIN] Loading 1 shards...
   ✅ Loaded 1963 samples.
   📂 [TEST] Loading 1 shards...
   ✅ Loaded 5214 samples.
   ⚙️  Config: Workers=8, BS=64, SmallData=False

>>> Loading Model: dinov3_sat_1cha (dinov3_hub)
   🔍 Auditing weights for [dinov3_sat_1cha]...
   ✅ [PERFECT MATCH] 368/368 layers loaded (100.0%)

   🔍 [Structure Check] dinov3_sat_1cha Output Analysis:
      Type: Tuple (len=2)
      Item 0: Shape (1, 1024)
      Item 1: Shape (1, 256, 1024)
      ✅ Identified: CLS=True, Patch=True
      👉 Final Strategy: concat_3 | Input Dim: 3072
   ❄️  Mode: Linear Probe (Backbone Frozen)
   ⚡ AMP Precision: torch.bfloat16
   🔄 Training Start... (Epochs: 50, Patience: 8)
   📅 Epoch 1 | Loss: 0.2119 | Val Accuracy: 96.78%
      ⭐ New Best! (Model saving disabled to save space)
   📅 Epoch 2 | Loss: 0.0893 | Val Accuracy: 96.91%
      ⭐ New Best! (Model saving disabled to save space)
   📅 Epoch 3 | Loss: 0.0732 | Val Accuracy: 96.62%
   📅 Epoch 4 | Loss: 0.0733 | Val Accuracy: 96.20%
   📅 Epoch 5 | Loss: 0.0591 | Val Accuracy: 96.91%
   📅 Epoch 6 | Loss: 0.0496 | Val Accuracy: 97.14%
      ⭐ New Best! (Model saving disabled to save space)
   📅 Epoch 7 | Loss: 0.0557 | Val Accuracy: 96.85%
   📅 Epoch 8 | Loss: 0.0531 | Val Accuracy: 96.74%
   📅 Epoch 9 | Loss: 0.0475 | Val Accuracy: 96.78%
   📅 Epoch 10 | Loss: 0.0449 | Val Accuracy: 96.41%
   📅 Epoch 11 | Loss: 0.0452 | Val Accuracy: 96.22%
   📅 Epoch 12 | Loss: 0.0477 | Val Accuracy: 96.30%
   📅 Epoch 13 | Loss: 0.0440 | Val Accuracy: 96.68%
   📅 Epoch 14 | Loss: 0.0493 | Val Accuracy: 96.72%

   🛑 Early Stopping triggered after 8 epochs.

========================================
🏆 Best Val Accuracy: 97.14%
💾 Best Checkpoint: ./checkpoints/linear_mb-atmospheric_dust_cls_rdr_dinov3_sat_1cha_lr0.001_concat_3.pth
========================================

