
============================================================
📄 Log File: ./logs/linear_records/mb-atmospheric_dust_cls_rdr_mars_mae_frac0.01x_lr0.001_concat_3.log
⏰ Time: 2026-04-13 17:02:14
============================================================

🚀 Training mars_mae on mb-atmospheric_dust_cls_rdr | Mode: LINEAR | LR: 0.001
   📂 [TRAIN] Loading 1 shards...
   ✅ Loaded 98 samples.
   📂 [TEST] Loading 1 shards...
   ✅ Loaded 5214 samples.
   ⚙️  Config: Workers=0, BS=64, SmallData=True

>>> Loading Model: mars_mae (timm_mae)
   ℹ️  Config: in_chans=1
   🔍 Auditing weights for [mars_mae]...
   ✅ [PERFECT MATCH] 150/150 layers loaded (100.0%)

   🔍 [Structure Check] mars_mae Output Analysis:
      Type: Tuple (len=2)
      Item 0: Shape (1, 768)
      Item 1: Shape (1, 196, 768)
      ✅ Identified: CLS=True, Patch=True
      👉 Final Strategy: concat_3 | Input Dim: 2304
   ❄️  Mode: Linear Probe (Backbone Frozen)
   ⚡ AMP Precision: torch.bfloat16
   🔄 Training Start... (Epochs: 50, Patience: 8)
   📅 Epoch 1 | Loss: 0.8814 | Val Accuracy: 50.44%
      ⭐ New Best! (Model saving disabled to save space)
   📅 Epoch 2 | Loss: 0.8932 | Val Accuracy: 49.83%
   📅 Epoch 3 | Loss: 0.6934 | Val Accuracy: 58.61%
      ⭐ New Best! (Model saving disabled to save space)
   📅 Epoch 4 | Loss: 0.6679 | Val Accuracy: 63.62%
      ⭐ New Best! (Model saving disabled to save space)
   📅 Epoch 5 | Loss: 0.5583 | Val Accuracy: 76.87%
      ⭐ New Best! (Model saving disabled to save space)
   📅 Epoch 6 | Loss: 0.5606 | Val Accuracy: 85.35%
      ⭐ New Best! (Model saving disabled to save space)
   📅 Epoch 7 | Loss: 0.4101 | Val Accuracy: 86.88%
      ⭐ New Best! (Model saving disabled to save space)
   📅 Epoch 8 | Loss: 0.4483 | Val Accuracy: 86.27%
   📅 Epoch 9 | Loss: 0.4154 | Val Accuracy: 86.38%
   📅 Epoch 10 | Loss: 0.3809 | Val Accuracy: 87.05%
      ⭐ New Best! (Model saving disabled to save space)
   📅 Epoch 11 | Loss: 0.3160 | Val Accuracy: 87.55%
      ⭐ New Best! (Model saving disabled to save space)
   📅 Epoch 12 | Loss: 0.4086 | Val Accuracy: 87.94%
      ⭐ New Best! (Model saving disabled to save space)
   📅 Epoch 13 | Loss: 0.3380 | Val Accuracy: 87.90%
   📅 Epoch 14 | Loss: 0.2971 | Val Accuracy: 87.63%
   📅 Epoch 15 | Loss: 0.3264 | Val Accuracy: 87.99%
      ⭐ New Best! (Model saving disabled to save space)
   📅 Epoch 16 | Loss: 0.3355 | Val Accuracy: 88.36%
      ⭐ New Best! (Model saving disabled to save space)
   📅 Epoch 17 | Loss: 0.3316 | Val Accuracy: 88.93%
      ⭐ New Best! (Model saving disabled to save space)
   📅 Epoch 18 | Loss: 0.3104 | Val Accuracy: 89.13%
      ⭐ New Best! (Model saving disabled to save space)
   📅 Epoch 19 | Loss: 0.2190 | Val Accuracy: 89.26%
      ⭐ New Best! (Model saving disabled to save space)
   📅 Epoch 20 | Loss: 0.3175 | Val Accuracy: 88.95%
   📅 Epoch 21 | Loss: 0.2689 | Val Accuracy: 88.63%
   📅 Epoch 22 | Loss: 0.2919 | Val Accuracy: 88.61%
   📅 Epoch 23 | Loss: 0.2628 | Val Accuracy: 89.09%
   📅 Epoch 24 | Loss: 0.3211 | Val Accuracy: 89.36%
      ⭐ New Best! (Model saving disabled to save space)
   📅 Epoch 25 | Loss: 0.2139 | Val Accuracy: 90.08%
      ⭐ New Best! (Model saving disabled to save space)
   📅 Epoch 26 | Loss: 0.2693 | Val Accuracy: 90.62%
      ⭐ New Best! (Model saving disabled to save space)
   📅 Epoch 27 | Loss: 0.2150 | Val Accuracy: 91.31%
      ⭐ New Best! (Model saving disabled to save space)
   📅 Epoch 28 | Loss: 0.1922 | Val Accuracy: 91.47%
      ⭐ New Best! (Model saving disabled to save space)
   📅 Epoch 29 | Loss: 0.1822 | Val Accuracy: 91.62%
      ⭐ New Best! (Model saving disabled to save space)
   📅 Epoch 30 | Loss: 0.2217 | Val Accuracy: 91.66%
      ⭐ New Best! (Model saving disabled to save space)
   📅 Epoch 31 | Loss: 0.2544 | Val Accuracy: 91.77%
      ⭐ New Best! (Model saving disabled to save space)
   📅 Epoch 32 | Loss: 0.2109 | Val Accuracy: 91.89%
      ⭐ New Best! (Model saving disabled to save space)
   📅 Epoch 33 | Loss: 0.2086 | Val Accuracy: 92.00%
      ⭐ New Best! (Model saving disabled to save space)
   📅 Epoch 34 | Loss: 0.2455 | Val Accuracy: 91.93%
   📅 Epoch 35 | Loss: 0.1644 | Val Accuracy: 91.87%
   📅 Epoch 36 | Loss: 0.1928 | Val Accuracy: 91.71%
   📅 Epoch 37 | Loss: 0.2245 | Val Accuracy: 91.73%
   📅 Epoch 38 | Loss: 0.1720 | Val Accuracy: 91.89%
   📅 Epoch 39 | Loss: 0.2024 | Val Accuracy: 91.94%
   📅 Epoch 40 | Loss: 0.2347 | Val Accuracy: 92.06%
      ⭐ New Best! (Model saving disabled to save space)
   📅 Epoch 41 | Loss: 0.1957 | Val Accuracy: 92.16%
      ⭐ New Best! (Model saving disabled to save space)
   📅 Epoch 42 | Loss: 0.1956 | Val Accuracy: 92.31%
      ⭐ New Best! (Model saving disabled to save space)
   📅 Epoch 43 | Loss: 0.1579 | Val Accuracy: 92.52%
      ⭐ New Best! (Model saving disabled to save space)
   📅 Epoch 44 | Loss: 0.2131 | Val Accuracy: 92.52%
   📅 Epoch 45 | Loss: 0.1713 | Val Accuracy: 92.42%
   📅 Epoch 46 | Loss: 0.1778 | Val Accuracy: 92.39%
   📅 Epoch 47 | Loss: 0.2000 | Val Accuracy: 92.60%
      ⭐ New Best! (Model saving disabled to save space)
   📅 Epoch 48 | Loss: 0.1987 | Val Accuracy: 92.50%
   📅 Epoch 49 | Loss: 0.1930 | Val Accuracy: 92.27%
   📅 Epoch 50 | Loss: 0.2568 | Val Accuracy: 92.21%

========================================
🏆 Best Val Accuracy: 92.60%
💾 Best Checkpoint: ./checkpoints/linear_mb-atmospheric_dust_cls_rdr_mars_mae_lr0.001_concat_3.pth
========================================

