
============================================================
📄 Log File: ./logs/linear_records/mb-atmospheric_dust_cls_rdr_vit_l_frac0.05x_lr1e-05_concat_3.log
⏰ Time: 2026-04-13 15:06:02
============================================================

🚀 Training vit_l on mb-atmospheric_dust_cls_rdr | Mode: LINEAR | LR: 1e-05
   📂 [TRAIN] Loading 1 shards...
   ✅ Loaded 490 samples.
   📂 [TEST] Loading 1 shards...
   ✅ Loaded 5214 samples.
   ⚙️  Config: Workers=0, BS=64, SmallData=True

>>> Loading Model: vit_l (torchvision_vit)
   🔍 Auditing weights for [vit_l]...
   ✅ [PERFECT MATCH] 296/296 layers loaded (100.0%)

   🔍 [Structure Check] vit_l Output Analysis:
      Type: Tuple (len=2)
      Item 0: Shape (1, 1024)
      Item 1: Shape (1, 196, 1024)
      ✅ Identified: CLS=True, Patch=True
      👉 Final Strategy: concat_3 | Input Dim: 3072
   ❄️  Mode: Linear Probe (Backbone Frozen)
   ⚡ AMP Precision: torch.bfloat16
   🔄 Training Start... (Epochs: 50, Patience: 8)
   📅 Epoch 1 | Loss: 0.7375 | Val Accuracy: 44.40%
      ⭐ New Best! (Model saving disabled to save space)
   📅 Epoch 2 | Loss: 0.7193 | Val Accuracy: 43.13%
   📅 Epoch 3 | Loss: 0.6969 | Val Accuracy: 45.32%
      ⭐ New Best! (Model saving disabled to save space)
   📅 Epoch 4 | Loss: 0.6840 | Val Accuracy: 49.77%
      ⭐ New Best! (Model saving disabled to save space)
   📅 Epoch 5 | Loss: 0.6660 | Val Accuracy: 52.97%
      ⭐ New Best! (Model saving disabled to save space)
   📅 Epoch 6 | Loss: 0.6572 | Val Accuracy: 55.47%
      ⭐ New Best! (Model saving disabled to save space)
   📅 Epoch 7 | Loss: 0.6406 | Val Accuracy: 57.27%
      ⭐ New Best! (Model saving disabled to save space)
   📅 Epoch 8 | Loss: 0.6360 | Val Accuracy: 60.59%
      ⭐ New Best! (Model saving disabled to save space)
   📅 Epoch 9 | Loss: 0.6177 | Val Accuracy: 63.00%
      ⭐ New Best! (Model saving disabled to save space)
   📅 Epoch 10 | Loss: 0.6126 | Val Accuracy: 67.95%
      ⭐ New Best! (Model saving disabled to save space)
   📅 Epoch 11 | Loss: 0.5956 | Val Accuracy: 74.68%
      ⭐ New Best! (Model saving disabled to save space)
   📅 Epoch 12 | Loss: 0.5774 | Val Accuracy: 77.50%
      ⭐ New Best! (Model saving disabled to save space)
   📅 Epoch 13 | Loss: 0.5722 | Val Accuracy: 78.73%
      ⭐ New Best! (Model saving disabled to save space)
   📅 Epoch 14 | Loss: 0.5614 | Val Accuracy: 82.47%
      ⭐ New Best! (Model saving disabled to save space)
   📅 Epoch 15 | Loss: 0.5430 | Val Accuracy: 85.77%
      ⭐ New Best! (Model saving disabled to save space)
   📅 Epoch 16 | Loss: 0.5378 | Val Accuracy: 86.63%
      ⭐ New Best! (Model saving disabled to save space)
   📅 Epoch 17 | Loss: 0.5234 | Val Accuracy: 88.07%
      ⭐ New Best! (Model saving disabled to save space)
   📅 Epoch 18 | Loss: 0.5154 | Val Accuracy: 89.39%
      ⭐ New Best! (Model saving disabled to save space)
   📅 Epoch 19 | Loss: 0.5141 | Val Accuracy: 89.87%
      ⭐ New Best! (Model saving disabled to save space)
   📅 Epoch 20 | Loss: 0.4995 | Val Accuracy: 90.51%
      ⭐ New Best! (Model saving disabled to save space)
   📅 Epoch 21 | Loss: 0.4952 | Val Accuracy: 91.77%
      ⭐ New Best! (Model saving disabled to save space)
   📅 Epoch 22 | Loss: 0.4840 | Val Accuracy: 92.10%
      ⭐ New Best! (Model saving disabled to save space)
   📅 Epoch 23 | Loss: 0.4739 | Val Accuracy: 92.31%
      ⭐ New Best! (Model saving disabled to save space)
   📅 Epoch 24 | Loss: 0.4663 | Val Accuracy: 92.62%
      ⭐ New Best! (Model saving disabled to save space)
   📅 Epoch 25 | Loss: 0.4659 | Val Accuracy: 93.15%
      ⭐ New Best! (Model saving disabled to save space)
   📅 Epoch 26 | Loss: 0.4601 | Val Accuracy: 93.67%
      ⭐ New Best! (Model saving disabled to save space)
   📅 Epoch 27 | Loss: 0.4564 | Val Accuracy: 94.07%
      ⭐ New Best! (Model saving disabled to save space)
   📅 Epoch 28 | Loss: 0.4438 | Val Accuracy: 94.23%
      ⭐ New Best! (Model saving disabled to save space)
   📅 Epoch 29 | Loss: 0.4399 | Val Accuracy: 94.51%
      ⭐ New Best! (Model saving disabled to save space)
   📅 Epoch 30 | Loss: 0.4318 | Val Accuracy: 94.65%
      ⭐ New Best! (Model saving disabled to save space)
   📅 Epoch 31 | Loss: 0.4163 | Val Accuracy: 94.73%
      ⭐ New Best! (Model saving disabled to save space)
   📅 Epoch 32 | Loss: 0.4286 | Val Accuracy: 94.84%
      ⭐ New Best! (Model saving disabled to save space)
   📅 Epoch 33 | Loss: 0.4100 | Val Accuracy: 94.96%
      ⭐ New Best! (Model saving disabled to save space)
   📅 Epoch 34 | Loss: 0.4030 | Val Accuracy: 95.01%
      ⭐ New Best! (Model saving disabled to save space)
   📅 Epoch 35 | Loss: 0.3958 | Val Accuracy: 94.99%
   📅 Epoch 36 | Loss: 0.3974 | Val Accuracy: 95.09%
      ⭐ New Best! (Model saving disabled to save space)
   📅 Epoch 37 | Loss: 0.3893 | Val Accuracy: 95.19%
      ⭐ New Best! (Model saving disabled to save space)
   📅 Epoch 38 | Loss: 0.3874 | Val Accuracy: 95.28%
      ⭐ New Best! (Model saving disabled to save space)
   📅 Epoch 39 | Loss: 0.3850 | Val Accuracy: 95.32%
      ⭐ New Best! (Model saving disabled to save space)
   📅 Epoch 40 | Loss: 0.3815 | Val Accuracy: 95.40%
      ⭐ New Best! (Model saving disabled to save space)
   📅 Epoch 41 | Loss: 0.3675 | Val Accuracy: 95.38%
   📅 Epoch 42 | Loss: 0.3642 | Val Accuracy: 95.42%
      ⭐ New Best! (Model saving disabled to save space)
   📅 Epoch 43 | Loss: 0.3636 | Val Accuracy: 95.45%
      ⭐ New Best! (Model saving disabled to save space)
   📅 Epoch 44 | Loss: 0.3492 | Val Accuracy: 95.55%
      ⭐ New Best! (Model saving disabled to save space)
   📅 Epoch 45 | Loss: 0.3497 | Val Accuracy: 95.59%
      ⭐ New Best! (Model saving disabled to save space)
   📅 Epoch 46 | Loss: 0.3485 | Val Accuracy: 95.57%
   📅 Epoch 47 | Loss: 0.3425 | Val Accuracy: 95.63%
      ⭐ New Best! (Model saving disabled to save space)
   📅 Epoch 48 | Loss: 0.3343 | Val Accuracy: 95.68%
      ⭐ New Best! (Model saving disabled to save space)
   📅 Epoch 49 | Loss: 0.3370 | Val Accuracy: 95.68%
   📅 Epoch 50 | Loss: 0.3314 | Val Accuracy: 95.74%
      ⭐ New Best! (Model saving disabled to save space)

========================================
🏆 Best Val Accuracy: 95.74%
💾 Best Checkpoint: ./checkpoints/linear_mb-atmospheric_dust_cls_rdr_vit_l_lr1e-05_concat_3.pth
========================================

