
============================================================
📄 Log File: ./logs/linear_records/mb-atmospheric_dust_cls_rdr_dinov3_lvd_1cha_frac0.20x_lr0.0001_concat_3.log
⏰ Time: 2026-04-13 20:54:00
============================================================

🚀 Training dinov3_lvd_1cha on mb-atmospheric_dust_cls_rdr | Mode: LINEAR | LR: 0.0001
   📂 [TRAIN] Loading 1 shards...
   ✅ Loaded 1963 samples.
   📂 [TEST] Loading 1 shards...
   ✅ Loaded 5214 samples.
   ⚙️  Config: Workers=8, BS=64, SmallData=False

>>> Loading Model: dinov3_lvd_1cha (dinov3_hub)
   🔍 Auditing weights for [dinov3_lvd_1cha]...
   ✅ [PERFECT MATCH] 368/368 layers loaded (100.0%)

   🔍 [Structure Check] dinov3_lvd_1cha Output Analysis:
      Type: Tuple (len=2)
      Item 0: Shape (1, 1024)
      Item 1: Shape (1, 256, 1024)
      ✅ Identified: CLS=True, Patch=True
      👉 Final Strategy: concat_3 | Input Dim: 3072
   ❄️  Mode: Linear Probe (Backbone Frozen)
   ⚡ AMP Precision: torch.bfloat16
   🔄 Training Start... (Epochs: 50, Patience: 8)
   📅 Epoch 1 | Loss: 0.4476 | Val Accuracy: 96.59%
      ⭐ New Best! (Model saving disabled to save space)
   📅 Epoch 2 | Loss: 0.2378 | Val Accuracy: 97.20%
      ⭐ New Best! (Model saving disabled to save space)
   📅 Epoch 3 | Loss: 0.1745 | Val Accuracy: 97.72%
      ⭐ New Best! (Model saving disabled to save space)
   📅 Epoch 4 | Loss: 0.1443 | Val Accuracy: 97.64%
   📅 Epoch 5 | Loss: 0.1214 | Val Accuracy: 97.81%
      ⭐ New Best! (Model saving disabled to save space)
   📅 Epoch 6 | Loss: 0.1111 | Val Accuracy: 97.76%
   📅 Epoch 7 | Loss: 0.1045 | Val Accuracy: 97.83%
      ⭐ New Best! (Model saving disabled to save space)
   📅 Epoch 8 | Loss: 0.1044 | Val Accuracy: 98.02%
      ⭐ New Best! (Model saving disabled to save space)
   📅 Epoch 9 | Loss: 0.0935 | Val Accuracy: 97.95%
   📅 Epoch 10 | Loss: 0.0925 | Val Accuracy: 97.87%
   📅 Epoch 11 | Loss: 0.0872 | Val Accuracy: 97.91%
   📅 Epoch 12 | Loss: 0.0849 | Val Accuracy: 97.99%
   📅 Epoch 13 | Loss: 0.0831 | Val Accuracy: 97.93%
   📅 Epoch 14 | Loss: 0.0817 | Val Accuracy: 97.85%
   📅 Epoch 15 | Loss: 0.0774 | Val Accuracy: 97.89%
   📅 Epoch 16 | Loss: 0.0708 | Val Accuracy: 98.06%
      ⭐ New Best! (Model saving disabled to save space)
   📅 Epoch 17 | Loss: 0.0768 | Val Accuracy: 97.91%
   📅 Epoch 18 | Loss: 0.0701 | Val Accuracy: 97.89%
   📅 Epoch 19 | Loss: 0.0747 | Val Accuracy: 97.72%
   📅 Epoch 20 | Loss: 0.0702 | Val Accuracy: 97.79%
   📅 Epoch 21 | Loss: 0.0736 | Val Accuracy: 97.79%
   📅 Epoch 22 | Loss: 0.0633 | Val Accuracy: 97.70%
   📅 Epoch 23 | Loss: 0.0679 | Val Accuracy: 97.70%
   📅 Epoch 24 | Loss: 0.0714 | Val Accuracy: 97.74%

   🛑 Early Stopping triggered after 8 epochs.

========================================
🏆 Best Val Accuracy: 98.06%
💾 Best Checkpoint: ./checkpoints/linear_mb-atmospheric_dust_cls_rdr_dinov3_lvd_1cha_lr0.0001_concat_3.pth
========================================

