
============================================================
📄 Log File: ./logs/linear_records_new/mb-change_cls_hirise_dinov2_l14_frac0.20x_lr1e-05_concat_3.log
⏰ Time: 2026-04-14 22:08:48
============================================================

🚀 Training dinov2_l14 on mb-change_cls_hirise | Mode: LINEAR | LR: 1e-05
   📂 [TRAIN] Loading 1 shards...
   ✅ Loaded 626 samples.
   📂 [TEST] Loading 1 shards...
   ✅ Loaded 1340 samples.
   ⚙️  Config: Workers=8, BS=64, SmallData=False

>>> Loading Model: dinov2_l14 (dinov2_hub)
   🔍 Auditing weights for [dinov2_l14]...
   ✅ [PERFECT MATCH] 343/343 layers loaded (100.0%)

   🔍 [Structure Check] dinov2_l14 Output Analysis:
      Type: Tuple (len=2)
      Item 0: Shape (1, 1024)
      Item 1: Shape (1, 256, 1024)
      ✅ Identified: CLS=True, Patch=True
      👉 Final Strategy: concat_3 | Input Dim: 3072
   ❄️  Mode: Linear Probe (Backbone Frozen)
   ⚡ AMP Precision: torch.bfloat16
   🔄 Training Start... (Epochs: 50, Patience: 8)
   📅 Epoch 1 | Loss: 0.6583 | Val Accuracy: 90.45%
      ⭐ New Best! (Model saving disabled to save space)
   📅 Epoch 2 | Loss: 0.6682 | Val Accuracy: 91.42%
      ⭐ New Best! (Model saving disabled to save space)
   📅 Epoch 3 | Loss: 0.6718 | Val Accuracy: 90.67%
   📅 Epoch 4 | Loss: 0.6669 | Val Accuracy: 90.75%
   📅 Epoch 5 | Loss: 0.6586 | Val Accuracy: 90.90%
   📅 Epoch 6 | Loss: 0.6579 | Val Accuracy: 91.42%
   📅 Epoch 7 | Loss: 0.6384 | Val Accuracy: 91.79%
      ⭐ New Best! (Model saving disabled to save space)
   📅 Epoch 8 | Loss: 0.6542 | Val Accuracy: 92.24%
      ⭐ New Best! (Model saving disabled to save space)
   📅 Epoch 9 | Loss: 0.6359 | Val Accuracy: 92.39%
      ⭐ New Best! (Model saving disabled to save space)
   📅 Epoch 10 | Loss: 0.6349 | Val Accuracy: 92.46%
      ⭐ New Best! (Model saving disabled to save space)
   📅 Epoch 11 | Loss: 0.6310 | Val Accuracy: 92.84%
      ⭐ New Best! (Model saving disabled to save space)
   📅 Epoch 12 | Loss: 0.6386 | Val Accuracy: 92.69%
   📅 Epoch 13 | Loss: 0.6303 | Val Accuracy: 92.99%
      ⭐ New Best! (Model saving disabled to save space)
   📅 Epoch 14 | Loss: 0.6226 | Val Accuracy: 92.99%
   📅 Epoch 15 | Loss: 0.6184 | Val Accuracy: 92.99%
   📅 Epoch 16 | Loss: 0.6302 | Val Accuracy: 93.06%
      ⭐ New Best! (Model saving disabled to save space)
   📅 Epoch 17 | Loss: 0.6295 | Val Accuracy: 93.13%
      ⭐ New Best! (Model saving disabled to save space)
   📅 Epoch 18 | Loss: 0.6248 | Val Accuracy: 93.21%
      ⭐ New Best! (Model saving disabled to save space)
   📅 Epoch 19 | Loss: 0.6298 | Val Accuracy: 93.43%
      ⭐ New Best! (Model saving disabled to save space)
   📅 Epoch 20 | Loss: 0.6099 | Val Accuracy: 93.28%
   📅 Epoch 21 | Loss: 0.6157 | Val Accuracy: 93.36%
   📅 Epoch 22 | Loss: 0.6103 | Val Accuracy: 93.66%
      ⭐ New Best! (Model saving disabled to save space)
   📅 Epoch 23 | Loss: 0.6174 | Val Accuracy: 93.73%
      ⭐ New Best! (Model saving disabled to save space)
   📅 Epoch 24 | Loss: 0.6027 | Val Accuracy: 93.81%
      ⭐ New Best! (Model saving disabled to save space)
   📅 Epoch 25 | Loss: 0.6019 | Val Accuracy: 93.73%
   📅 Epoch 26 | Loss: 0.5833 | Val Accuracy: 93.81%
   📅 Epoch 27 | Loss: 0.6100 | Val Accuracy: 93.88%
      ⭐ New Best! (Model saving disabled to save space)
   📅 Epoch 28 | Loss: 0.6075 | Val Accuracy: 94.03%
      ⭐ New Best! (Model saving disabled to save space)
   📅 Epoch 29 | Loss: 0.5994 | Val Accuracy: 94.10%
      ⭐ New Best! (Model saving disabled to save space)
   📅 Epoch 30 | Loss: 0.6057 | Val Accuracy: 93.96%
   📅 Epoch 31 | Loss: 0.5954 | Val Accuracy: 94.03%
   📅 Epoch 32 | Loss: 0.5969 | Val Accuracy: 93.96%
   📅 Epoch 33 | Loss: 0.5941 | Val Accuracy: 94.10%
   📅 Epoch 34 | Loss: 0.5904 | Val Accuracy: 94.18%
      ⭐ New Best! (Model saving disabled to save space)
   📅 Epoch 35 | Loss: 0.5963 | Val Accuracy: 94.10%
   📅 Epoch 36 | Loss: 0.5919 | Val Accuracy: 94.10%
   📅 Epoch 37 | Loss: 0.5871 | Val Accuracy: 94.33%
      ⭐ New Best! (Model saving disabled to save space)
   📅 Epoch 38 | Loss: 0.5876 | Val Accuracy: 94.25%
   📅 Epoch 39 | Loss: 0.5864 | Val Accuracy: 94.33%
   📅 Epoch 40 | Loss: 0.5641 | Val Accuracy: 94.48%
      ⭐ New Best! (Model saving disabled to save space)
   📅 Epoch 41 | Loss: 0.5719 | Val Accuracy: 94.55%
      ⭐ New Best! (Model saving disabled to save space)
   📅 Epoch 42 | Loss: 0.5762 | Val Accuracy: 94.55%
   📅 Epoch 43 | Loss: 0.5809 | Val Accuracy: 94.33%
   📅 Epoch 44 | Loss: 0.5762 | Val Accuracy: 94.10%
   📅 Epoch 45 | Loss: 0.5738 | Val Accuracy: 94.18%
   📅 Epoch 46 | Loss: 0.5801 | Val Accuracy: 93.66%
   📅 Epoch 47 | Loss: 0.5655 | Val Accuracy: 93.73%
   📅 Epoch 48 | Loss: 0.5679 | Val Accuracy: 94.48%
   📅 Epoch 49 | Loss: 0.5623 | Val Accuracy: 94.33%

   🛑 Early Stopping triggered after 8 epochs.

========================================
🏆 Best Val Accuracy: 94.55%
💾 Best Checkpoint: ./checkpoints/linear_mb-change_cls_hirise_dinov2_l14_lr1e-05_concat_3.pth
========================================

