
============================================================
📄 Log File: ./logs/linear_records/mb-change_cls_ctx_dinov3_lvd_frac0.20x_lr0.001_concat_3.log
⏰ Time: 2026-04-16 19:09:13
============================================================

🚀 Training dinov3_lvd on mb-change_cls_ctx | Mode: LINEAR | LR: 0.001
   📂 [TRAIN] Loading 1 shards...
   ✅ Loaded 7 samples.
   📂 [TEST] Loading 1 shards...
   ✅ Loaded 20 samples.
   ⚙️  Config: Workers=0, BS=7, SmallData=True

>>> Loading Model: dinov3_lvd (dinov3_hub)
  ℹ️  DINOv3 Config: in_chans=3
   🔍 Auditing weights for [dinov3_lvd]...
   ✅ [PERFECT MATCH] 368/368 layers loaded (100.0%)

   🔍 [Structure Check] dinov3_lvd Output Analysis:
      Type: Tuple (len=2)
      Item 0: Shape (1, 1024)
      Item 1: Shape (1, 256, 1024)
      ✅ Identified: CLS=True, Patch=True
      👉 Final Strategy: concat_3 | Input Dim: 3072
   ❄️  Mode: Linear Probe (Backbone Frozen)
   ⚡ AMP Precision: torch.bfloat16
   🔄 Training Start... (Epochs: 50, Patience: 8)
   📅 Epoch 1 | Loss: 0.7215 | Val Accuracy: 25.00%
      ⭐ New Best! (Model saving disabled to save space)
   📅 Epoch 2 | Loss: 0.7388 | Val Accuracy: 25.00%
   📅 Epoch 3 | Loss: 0.7606 | Val Accuracy: 25.00%
   📅 Epoch 4 | Loss: 0.7344 | Val Accuracy: 25.00%
   📅 Epoch 5 | Loss: 0.7450 | Val Accuracy: 25.00%
   📅 Epoch 6 | Loss: 0.7517 | Val Accuracy: 25.00%
   📅 Epoch 7 | Loss: 0.7282 | Val Accuracy: 25.00%
   📅 Epoch 8 | Loss: 0.7193 | Val Accuracy: 25.00%
   📅 Epoch 9 | Loss: 0.7310 | Val Accuracy: 25.00%

   🛑 Early Stopping triggered after 8 epochs.

========================================
🏆 Best Val Accuracy: 25.00%
💾 Best Checkpoint: ./checkpoints/linear_mb-change_cls_ctx_dinov3_lvd_lr0.001_concat_3.pth
========================================

