
============================================================
📄 Log File: ./logs/linear_records_new/mb-change_cls_hirise_dinov2_l14_frac0.01x_lr1e-05_concat_3.log
⏰ Time: 2026-04-14 21:36:59
============================================================

🚀 Training dinov2_l14 on mb-change_cls_hirise | Mode: LINEAR | LR: 1e-05
   📂 [TRAIN] Loading 1 shards...
   ✅ Loaded 31 samples.
   📂 [TEST] Loading 1 shards...
   ✅ Loaded 1340 samples.
   ⚙️  Config: Workers=0, BS=31, SmallData=True

>>> Loading Model: dinov2_l14 (dinov2_hub)
   🔍 Auditing weights for [dinov2_l14]...
   ✅ [PERFECT MATCH] 343/343 layers loaded (100.0%)

   🔍 [Structure Check] dinov2_l14 Output Analysis:
      Type: Tuple (len=2)
      Item 0: Shape (1, 1024)
      Item 1: Shape (1, 256, 1024)
      ✅ Identified: CLS=True, Patch=True
      👉 Final Strategy: concat_3 | Input Dim: 3072
   ❄️  Mode: Linear Probe (Backbone Frozen)
   ⚡ AMP Precision: torch.bfloat16
   🔄 Training Start... (Epochs: 50, Patience: 8)
   📅 Epoch 1 | Loss: 0.7235 | Val Accuracy: 24.25%
      ⭐ New Best! (Model saving disabled to save space)
   📅 Epoch 2 | Loss: 0.7211 | Val Accuracy: 24.25%
   📅 Epoch 3 | Loss: 0.7211 | Val Accuracy: 24.25%
   📅 Epoch 4 | Loss: 0.6964 | Val Accuracy: 24.25%
   📅 Epoch 5 | Loss: 0.6988 | Val Accuracy: 24.25%
   📅 Epoch 6 | Loss: 0.6929 | Val Accuracy: 24.25%
   📅 Epoch 7 | Loss: 0.7056 | Val Accuracy: 24.25%
   📅 Epoch 8 | Loss: 0.7019 | Val Accuracy: 24.25%
   📅 Epoch 9 | Loss: 0.6654 | Val Accuracy: 24.25%

   🛑 Early Stopping triggered after 8 epochs.

========================================
🏆 Best Val Accuracy: 24.25%
💾 Best Checkpoint: ./checkpoints/linear_mb-change_cls_hirise_dinov2_l14_lr1e-05_concat_3.pth
========================================

