
============================================================
📄 Log File: ./logs/linear_records/mb-change_cls_hirise_siglip2_frac0.01x_lr0.001_concat_3.log
⏰ Time: 2026-04-14 00:00:39
============================================================

🚀 Training siglip2 on mb-change_cls_hirise | Mode: LINEAR | LR: 0.001
   📂 [TRAIN] Loading 1 shards...
   ✅ Loaded 31 samples.
   📂 [TEST] Loading 1 shards...
   ✅ Loaded 1340 samples.
   ⚙️  Config: Workers=0, BS=31, SmallData=True

>>> Loading Model: siglip2 (transformers)

   🔍 [Structure Check] siglip2 Output Analysis:
      Type: Tuple (len=2)
      Item 0: Shape (1, 1024)
      Item 1: Shape (1, 256, 1024)
      ✅ Identified: CLS=True, Patch=True
      👉 Final Strategy: concat_3 | Input Dim: 3072
   ❄️  Mode: Linear Probe (Backbone Frozen)
   ⚡ AMP Precision: torch.bfloat16
   🔄 Training Start... (Epochs: 50, Patience: 8)
   📅 Epoch 1 | Loss: 0.7373 | Val Accuracy: 91.94%
      ⭐ New Best! (Model saving disabled to save space)
   📅 Epoch 2 | Loss: 0.7124 | Val Accuracy: 91.94%
   📅 Epoch 3 | Loss: 0.7438 | Val Accuracy: 91.94%
   📅 Epoch 4 | Loss: 0.7079 | Val Accuracy: 91.94%
   📅 Epoch 5 | Loss: 0.7203 | Val Accuracy: 91.94%
   📅 Epoch 6 | Loss: 0.7365 | Val Accuracy: 91.94%
   📅 Epoch 7 | Loss: 0.6848 | Val Accuracy: 91.94%
   📅 Epoch 8 | Loss: 0.7528 | Val Accuracy: 91.94%
   📅 Epoch 9 | Loss: 0.7176 | Val Accuracy: 91.94%

   🛑 Early Stopping triggered after 8 epochs.

========================================
🏆 Best Val Accuracy: 91.94%
💾 Best Checkpoint: ./checkpoints/linear_mb-change_cls_hirise_siglip2_lr0.001_concat_3.pth
========================================

