
============================================================
📄 Log File: ./logs/linear_records/mb-change_cls_hirise_mars_mae_frac0.05x_lr1e-05_concat_3.log
⏰ Time: 2026-04-14 00:26:08
============================================================

🚀 Training mars_mae on mb-change_cls_hirise | Mode: LINEAR | LR: 1e-05
   📂 [TRAIN] Loading 1 shards...
   ✅ Loaded 156 samples.
   📂 [TEST] Loading 1 shards...
   ✅ Loaded 1340 samples.
   ⚙️  Config: Workers=0, BS=64, SmallData=True

>>> Loading Model: mars_mae (timm_mae)
   ℹ️  Config: in_chans=1
   🔍 Auditing weights for [mars_mae]...
   ✅ [PERFECT MATCH] 150/150 layers loaded (100.0%)

   🔍 [Structure Check] mars_mae Output Analysis:
      Type: Tuple (len=2)
      Item 0: Shape (1, 768)
      Item 1: Shape (1, 196, 768)
      ✅ Identified: CLS=True, Patch=True
      👉 Final Strategy: concat_3 | Input Dim: 2304
   ❄️  Mode: Linear Probe (Backbone Frozen)
   ⚡ AMP Precision: torch.bfloat16
   🔄 Training Start... (Epochs: 50, Patience: 8)
   📅 Epoch 1 | Loss: 0.6810 | Val Accuracy: 90.82%
      ⭐ New Best! (Model saving disabled to save space)
   📅 Epoch 2 | Loss: 0.6990 | Val Accuracy: 90.60%
   📅 Epoch 3 | Loss: 0.6975 | Val Accuracy: 89.18%
   📅 Epoch 4 | Loss: 0.7124 | Val Accuracy: 87.69%
   📅 Epoch 5 | Loss: 0.7069 | Val Accuracy: 85.67%
   📅 Epoch 6 | Loss: 0.7023 | Val Accuracy: 83.51%
   📅 Epoch 7 | Loss: 0.6987 | Val Accuracy: 80.60%
   📅 Epoch 8 | Loss: 0.7019 | Val Accuracy: 78.73%
   📅 Epoch 9 | Loss: 0.6895 | Val Accuracy: 77.24%

   🛑 Early Stopping triggered after 8 epochs.

========================================
🏆 Best Val Accuracy: 90.82%
💾 Best Checkpoint: ./checkpoints/linear_mb-change_cls_hirise_mars_mae_lr1e-05_concat_3.pth
========================================

