
============================================================
📄 Log File: ./logs/linear_records/mb-change_cls_ctx_dinov1_b8_frac0.20x_lr0.0001_concat_3.log
⏰ Time: 2026-04-16 19:08:12
============================================================

🚀 Training dinov1_b8 on mb-change_cls_ctx | Mode: LINEAR | LR: 0.0001
   📂 [TRAIN] Loading 1 shards...
   ✅ Loaded 7 samples.
   📂 [TEST] Loading 1 shards...
   ✅ Loaded 20 samples.
   ⚙️  Config: Workers=0, BS=7, SmallData=True

>>> Loading Model: dinov1_b8 (dinov1)

   🔍 [Structure Check] dinov1_b8 Output Analysis:
      Type: Tuple (len=2)
      Item 0: Shape (1, 768)
      Item 1: Shape (1, 784, 768)
      ✅ Identified: CLS=True, Patch=True
      👉 Final Strategy: concat_3 | Input Dim: 2304
   ❄️  Mode: Linear Probe (Backbone Frozen)
   ⚡ AMP Precision: torch.bfloat16
   🔄 Training Start... (Epochs: 50, Patience: 8)
   📅 Epoch 1 | Loss: 0.6105 | Val Accuracy: 40.00%
      ⭐ New Best! (Model saving disabled to save space)
   📅 Epoch 2 | Loss: 0.6738 | Val Accuracy: 40.00%
   📅 Epoch 3 | Loss: 0.7048 | Val Accuracy: 40.00%
   📅 Epoch 4 | Loss: 0.7020 | Val Accuracy: 40.00%
   📅 Epoch 5 | Loss: 0.6797 | Val Accuracy: 40.00%
   📅 Epoch 6 | Loss: 0.8231 | Val Accuracy: 40.00%
   📅 Epoch 7 | Loss: 0.7414 | Val Accuracy: 40.00%
   📅 Epoch 8 | Loss: 0.7609 | Val Accuracy: 40.00%
   📅 Epoch 9 | Loss: 0.7533 | Val Accuracy: 40.00%

   🛑 Early Stopping triggered after 8 epochs.

========================================
🏆 Best Val Accuracy: 40.00%
💾 Best Checkpoint: ./checkpoints/linear_mb-change_cls_ctx_dinov1_b8_lr0.0001_concat_3.pth
========================================

