
============================================================
📄 Log File: ./logs/linear_records/mb-change_cls_hirise_swin_v2_frac0.05x_lr0.001_concat_3.log
⏰ Time: 2026-04-13 22:33:30
============================================================

🚀 Training swin_v2 on mb-change_cls_hirise | Mode: LINEAR | LR: 0.001
   📂 [TRAIN] Loading 1 shards...
   ✅ Loaded 156 samples.
   📂 [TEST] Loading 1 shards...
   ✅ Loaded 1340 samples.
   ⚙️  Config: Workers=0, BS=64, SmallData=True

>>> Loading Model: swin_v2 (torchvision_swin)
   🔍 Auditing weights for [swin_v2]...
   ✅ [PERFECT MATCH] 449/449 layers loaded (100.0%)

   🔍 [Structure Check] swin_v2 Output Analysis:
      Type: Tuple (len=2)
      Item 0: Shape (1, 1024)
      Item 1: Shape (1, 64, 1024)
      ✅ Identified: CLS=True, Patch=True
      👉 Final Strategy: concat_3 | Input Dim: 3072
   ❄️  Mode: Linear Probe (Backbone Frozen)
   ⚡ AMP Precision: torch.bfloat16
   🔄 Training Start... (Epochs: 50, Patience: 8)
   📅 Epoch 1 | Loss: 0.7652 | Val Accuracy: 44.10%
      ⭐ New Best! (Model saving disabled to save space)
   📅 Epoch 2 | Loss: 0.6724 | Val Accuracy: 52.09%
      ⭐ New Best! (Model saving disabled to save space)
   📅 Epoch 3 | Loss: 0.5532 | Val Accuracy: 86.94%
      ⭐ New Best! (Model saving disabled to save space)
   📅 Epoch 4 | Loss: 0.5847 | Val Accuracy: 80.90%
   📅 Epoch 5 | Loss: 0.4563 | Val Accuracy: 60.07%
   📅 Epoch 6 | Loss: 0.5196 | Val Accuracy: 65.37%
   📅 Epoch 7 | Loss: 0.4839 | Val Accuracy: 83.43%
   📅 Epoch 8 | Loss: 0.4681 | Val Accuracy: 86.94%
   📅 Epoch 9 | Loss: 0.4855 | Val Accuracy: 82.54%
   📅 Epoch 10 | Loss: 0.4425 | Val Accuracy: 74.48%
   📅 Epoch 11 | Loss: 0.5462 | Val Accuracy: 72.31%

   🛑 Early Stopping triggered after 8 epochs.

========================================
🏆 Best Val Accuracy: 86.94%
💾 Best Checkpoint: ./checkpoints/linear_mb-change_cls_hirise_swin_v2_lr0.001_concat_3.pth
========================================

