
============================================================
📄 Log File: ./logs/linear_records/mb-change_cls_hirise_dinov3_lvd_1cha_frac0.20x_lr0.0001_concat_3.log
⏰ Time: 2026-04-13 23:44:33
============================================================

🚀 Training dinov3_lvd_1cha on mb-change_cls_hirise | Mode: LINEAR | LR: 0.0001
   📂 [TRAIN] Loading 1 shards...
   ✅ Loaded 626 samples.
   📂 [TEST] Loading 1 shards...
   ✅ Loaded 1340 samples.
   ⚙️  Config: Workers=8, BS=64, SmallData=False

>>> Loading Model: dinov3_lvd_1cha (dinov3_hub)
   🔍 Auditing weights for [dinov3_lvd_1cha]...
   ✅ [PERFECT MATCH] 368/368 layers loaded (100.0%)

   🔍 [Structure Check] dinov3_lvd_1cha Output Analysis:
      Type: Tuple (len=2)
      Item 0: Shape (1, 1024)
      Item 1: Shape (1, 256, 1024)
      ✅ Identified: CLS=True, Patch=True
      👉 Final Strategy: concat_3 | Input Dim: 3072
   ❄️  Mode: Linear Probe (Backbone Frozen)
   ⚡ AMP Precision: torch.bfloat16
   🔄 Training Start... (Epochs: 50, Patience: 8)
   📅 Epoch 1 | Loss: 0.6739 | Val Accuracy: 91.94%
      ⭐ New Best! (Model saving disabled to save space)
   📅 Epoch 2 | Loss: 0.6127 | Val Accuracy: 94.18%
      ⭐ New Best! (Model saving disabled to save space)
   📅 Epoch 3 | Loss: 0.5537 | Val Accuracy: 94.03%
   📅 Epoch 4 | Loss: 0.5257 | Val Accuracy: 94.03%
   📅 Epoch 5 | Loss: 0.5007 | Val Accuracy: 93.81%
   📅 Epoch 6 | Loss: 0.4630 | Val Accuracy: 92.39%
   📅 Epoch 7 | Loss: 0.4327 | Val Accuracy: 93.51%
   📅 Epoch 8 | Loss: 0.4320 | Val Accuracy: 93.51%
   📅 Epoch 9 | Loss: 0.4085 | Val Accuracy: 91.79%
   📅 Epoch 10 | Loss: 0.4244 | Val Accuracy: 90.90%

   🛑 Early Stopping triggered after 8 epochs.

========================================
🏆 Best Val Accuracy: 94.18%
💾 Best Checkpoint: ./checkpoints/linear_mb-change_cls_hirise_dinov3_lvd_1cha_lr0.0001_concat_3.pth
========================================

