
============================================================
📄 Log File: ./logs/linear_records/mb-change_cls_hirise_dinov3_lvd_1cha_frac0.01x_lr0.0001_concat_3.log
⏰ Time: 2026-04-14 00:58:19
============================================================

🚀 Training dinov3_lvd_1cha on mb-change_cls_hirise | Mode: LINEAR | LR: 0.0001
   📂 [TRAIN] Loading 1 shards...
   ✅ Loaded 31 samples.
   📂 [TEST] Loading 1 shards...
   ✅ Loaded 1340 samples.
   ⚙️  Config: Workers=0, BS=31, SmallData=True

>>> Loading Model: dinov3_lvd_1cha (dinov3_hub)
   🔍 Auditing weights for [dinov3_lvd_1cha]...
   ✅ [PERFECT MATCH] 368/368 layers loaded (100.0%)

   🔍 [Structure Check] dinov3_lvd_1cha Output Analysis:
      Type: Tuple (len=2)
      Item 0: Shape (1, 1024)
      Item 1: Shape (1, 256, 1024)
      ✅ Identified: CLS=True, Patch=True
      👉 Final Strategy: concat_3 | Input Dim: 3072
   ❄️  Mode: Linear Probe (Backbone Frozen)
   ⚡ AMP Precision: torch.bfloat16
   🔄 Training Start... (Epochs: 50, Patience: 8)
   📅 Epoch 1 | Loss: 0.7427 | Val Accuracy: 80.82%
      ⭐ New Best! (Model saving disabled to save space)
   📅 Epoch 2 | Loss: 0.7053 | Val Accuracy: 80.82%
   📅 Epoch 3 | Loss: 0.7325 | Val Accuracy: 80.82%
   📅 Epoch 4 | Loss: 0.7050 | Val Accuracy: 80.82%
   📅 Epoch 5 | Loss: 0.7426 | Val Accuracy: 80.82%
   📅 Epoch 6 | Loss: 0.7019 | Val Accuracy: 80.82%
   📅 Epoch 7 | Loss: 0.7039 | Val Accuracy: 80.82%
   📅 Epoch 8 | Loss: 0.7189 | Val Accuracy: 80.82%
   📅 Epoch 9 | Loss: 0.7217 | Val Accuracy: 80.82%

   🛑 Early Stopping triggered after 8 epochs.

========================================
🏆 Best Val Accuracy: 80.82%
💾 Best Checkpoint: ./checkpoints/linear_mb-change_cls_hirise_dinov3_lvd_1cha_lr0.0001_concat_3.pth
========================================

