
============================================================
📄 Log File: ./logs/linear_records_new/mb-change_cls_hirise_dinov3_lvd_frac0.01x_lr0.0001_concat_3.log
⏰ Time: 2026-04-15 18:27:33
============================================================

🚀 Training dinov3_lvd on mb-change_cls_hirise | Mode: LINEAR | LR: 0.0001
   📂 [TRAIN] Loading 1 shards...
   ✅ Loaded 31 samples.
   📂 [TEST] Loading 1 shards...
   ✅ Loaded 1340 samples.
   ⚙️  Config: Workers=0, BS=31, SmallData=True

>>> Loading Model: dinov3_lvd (dinov3_hub)
  ℹ️  DINOv3 Config: in_chans=3
   🔍 Auditing weights for [dinov3_lvd]...
   ✅ [PERFECT MATCH] 368/368 layers loaded (100.0%)

   🔍 [Structure Check] dinov3_lvd Output Analysis:
      Type: Tuple (len=2)
      Item 0: Shape (1, 1024)
      Item 1: Shape (1, 256, 1024)
      ✅ Identified: CLS=True, Patch=True
      👉 Final Strategy: concat_3 | Input Dim: 3072
   ❄️  Mode: Linear Probe (Backbone Frozen)
   ⚡ AMP Precision: torch.bfloat16
   🔄 Training Start... (Epochs: 50, Patience: 8)
   📅 Epoch 1 | Loss: 0.6683 | Val Accuracy: 89.55%
      ⭐ New Best! (Model saving disabled to save space)
   📅 Epoch 2 | Loss: 0.6688 | Val Accuracy: 89.55%
   📅 Epoch 3 | Loss: 0.6646 | Val Accuracy: 89.55%
   📅 Epoch 4 | Loss: 0.6850 | Val Accuracy: 89.55%
   📅 Epoch 5 | Loss: 0.6881 | Val Accuracy: 89.55%
   📅 Epoch 6 | Loss: 0.6800 | Val Accuracy: 89.55%
   📅 Epoch 7 | Loss: 0.6854 | Val Accuracy: 89.55%
   📅 Epoch 8 | Loss: 0.6705 | Val Accuracy: 89.55%
   📅 Epoch 9 | Loss: 0.6786 | Val Accuracy: 89.55%

   🛑 Early Stopping triggered after 8 epochs.

========================================
🏆 Best Val Accuracy: 89.55%
💾 Best Checkpoint: ./checkpoints/linear_mb-change_cls_hirise_dinov3_lvd_lr0.0001_concat_3.pth
========================================

