
============================================================
📄 Log File: ./logs/linear_records_new/mb-change_cls_hirise_dinov2_l14_frac0.01x_lr0.0001_concat_3.log
⏰ Time: 2026-04-14 21:41:10
============================================================

🚀 Training dinov2_l14 on mb-change_cls_hirise | Mode: LINEAR | LR: 0.0001
   📂 [TRAIN] Loading 1 shards...
   ✅ Loaded 31 samples.
   📂 [TEST] Loading 1 shards...
   ✅ Loaded 1340 samples.
   ⚙️  Config: Workers=0, BS=31, SmallData=True

>>> Loading Model: dinov2_l14 (dinov2_hub)
   🔍 Auditing weights for [dinov2_l14]...
   ✅ [PERFECT MATCH] 343/343 layers loaded (100.0%)

   🔍 [Structure Check] dinov2_l14 Output Analysis:
      Type: Tuple (len=2)
      Item 0: Shape (1, 1024)
      Item 1: Shape (1, 256, 1024)
      ✅ Identified: CLS=True, Patch=True
      👉 Final Strategy: concat_3 | Input Dim: 3072
   ❄️  Mode: Linear Probe (Backbone Frozen)
   ⚡ AMP Precision: torch.bfloat16
   🔄 Training Start... (Epochs: 50, Patience: 8)
   📅 Epoch 1 | Loss: 0.7918 | Val Accuracy: 8.73%
      ⭐ New Best! (Model saving disabled to save space)
   📅 Epoch 2 | Loss: 0.7337 | Val Accuracy: 8.73%
   📅 Epoch 3 | Loss: 0.7756 | Val Accuracy: 8.73%
   📅 Epoch 4 | Loss: 0.7523 | Val Accuracy: 8.73%
   📅 Epoch 5 | Loss: 0.7938 | Val Accuracy: 8.73%
   📅 Epoch 6 | Loss: 0.7525 | Val Accuracy: 8.73%
   📅 Epoch 7 | Loss: 0.7855 | Val Accuracy: 8.73%
   📅 Epoch 8 | Loss: 0.7631 | Val Accuracy: 8.73%
   📅 Epoch 9 | Loss: 0.7707 | Val Accuracy: 8.73%

   🛑 Early Stopping triggered after 8 epochs.

========================================
🏆 Best Val Accuracy: 8.73%
💾 Best Checkpoint: ./checkpoints/linear_mb-change_cls_hirise_dinov2_l14_lr0.0001_concat_3.pth
========================================

