
============================================================
📄 Log File: ./logs/linear_records/mb-change_cls_hirise_siglip2_frac0.20x_lr0.001_concat_3.log
⏰ Time: 2026-04-13 22:27:14
============================================================

🚀 Training siglip2 on mb-change_cls_hirise | Mode: LINEAR | LR: 0.001
   📂 [TRAIN] Loading 1 shards...
   ✅ Loaded 626 samples.
   📂 [TEST] Loading 1 shards...
   ✅ Loaded 1340 samples.
   ⚙️  Config: Workers=8, BS=64, SmallData=False

>>> Loading Model: siglip2 (transformers)

   🔍 [Structure Check] siglip2 Output Analysis:
      Type: Tuple (len=2)
      Item 0: Shape (1, 1024)
      Item 1: Shape (1, 256, 1024)
      ✅ Identified: CLS=True, Patch=True
      👉 Final Strategy: concat_3 | Input Dim: 3072
   ❄️  Mode: Linear Probe (Backbone Frozen)
   ⚡ AMP Precision: torch.bfloat16
   🔄 Training Start... (Epochs: 50, Patience: 8)
   📅 Epoch 1 | Loss: 1.1926 | Val Accuracy: 91.94%
      ⭐ New Best! (Model saving disabled to save space)
   📅 Epoch 2 | Loss: 0.6497 | Val Accuracy: 92.54%
      ⭐ New Best! (Model saving disabled to save space)
   📅 Epoch 3 | Loss: 0.5843 | Val Accuracy: 86.87%
   📅 Epoch 4 | Loss: 0.5324 | Val Accuracy: 82.84%
   📅 Epoch 5 | Loss: 0.5211 | Val Accuracy: 57.09%
   📅 Epoch 6 | Loss: 0.5778 | Val Accuracy: 67.31%
   📅 Epoch 7 | Loss: 0.5037 | Val Accuracy: 78.96%
   📅 Epoch 8 | Loss: 0.4582 | Val Accuracy: 83.43%
   📅 Epoch 9 | Loss: 0.4435 | Val Accuracy: 82.46%
   📅 Epoch 10 | Loss: 0.4555 | Val Accuracy: 76.34%

   🛑 Early Stopping triggered after 8 epochs.

========================================
🏆 Best Val Accuracy: 92.54%
💾 Best Checkpoint: ./checkpoints/linear_mb-change_cls_hirise_siglip2_lr0.001_concat_3.pth
========================================

