
============================================================
📄 Log File: ./logs/linear_records/mb-change_cls_ctx_dinov2_l14_lr0.001_concat_3.log
⏰ Time: 2026-02-28 12:58:37
============================================================

🚀 Training dinov2_l14 on mb-change_cls_ctx | Mode: LINEAR | LR: 0.001
   📂 [TRAIN] Loading 1 shards...
   ✅ Loaded 72 samples.
   📂 [TEST] Loading 1 shards...
   ✅ Loaded 20 samples.
   ⚙️  Config: Workers=0, BS=72, SmallData=True

>>> Loading Model: dinov2_l14 (dinov2_hub)
   🔍 Auditing weights for [dinov2_l14]...
   ✅ [PERFECT MATCH] 343/343 layers loaded (100.0%)

   🔍 [Structure Check] dinov2_l14 Output Analysis:
      Type: Tuple (len=2)
      Item 0: Shape (1, 1024)
      Item 1: Shape (1, 256, 1024)
      ✅ Identified: CLS=True, Patch=True
      👉 Final Strategy: concat_3 | Input Dim: 3072
   ❄️  Mode: Linear Probe (Backbone Frozen)
   ⚠️ Skipping torch.compile (Small dataset or Windows detected).
   ⚡ AMP Precision: torch.bfloat16
   🔄 Training Start... (Epochs: 40, Patience: 5)
   📅 Epoch 1 | Loss: 0.4944 | Val Accuracy: 80.00%
      ⭐ New Best! Saved.
   📅 Epoch 2 | Loss: 0.9576 | Val Accuracy: 80.00%
   📅 Epoch 3 | Loss: 1.0426 | Val Accuracy: 80.00%
   📅 Epoch 4 | Loss: 0.9181 | Val Accuracy: 80.00%
   📅 Epoch 5 | Loss: 0.6130 | Val Accuracy: 85.00%
      ⭐ New Best! Saved.
   📅 Epoch 6 | Loss: 0.3795 | Val Accuracy: 80.00%
   📅 Epoch 7 | Loss: 0.7048 | Val Accuracy: 90.00%
      ⭐ New Best! Saved.
   📅 Epoch 8 | Loss: 0.3774 | Val Accuracy: 85.00%
   📅 Epoch 9 | Loss: 0.2573 | Val Accuracy: 85.00%
   📅 Epoch 10 | Loss: 0.3215 | Val Accuracy: 80.00%
   📅 Epoch 11 | Loss: 0.3675 | Val Accuracy: 80.00%
   📅 Epoch 12 | Loss: 0.3826 | Val Accuracy: 85.00%

   🛑 Early Stopping triggered after 5 epochs.

========================================
🏆 Best Val Accuracy: 90.00%
💾 Best Checkpoint: ./checkpoints/linear_mb-change_cls_ctx_dinov2_l14_lr0.001_concat_3.pth
========================================

