
============================================================
📄 Log File: ./logs/linear_records/mb-change_cls_hirise_swin_v2_frac0.50x_lr0.001_concat_3.log
⏰ Time: 2026-04-14 00:13:13
============================================================

🚀 Training swin_v2 on mb-change_cls_hirise | Mode: LINEAR | LR: 0.001
   📂 [TRAIN] Loading 1 shards...
   ✅ Loaded 1565 samples.
   📂 [TEST] Loading 1 shards...
   ✅ Loaded 1340 samples.
   ⚙️  Config: Workers=8, BS=64, SmallData=False

>>> Loading Model: swin_v2 (torchvision_swin)
   🔍 Auditing weights for [swin_v2]...
   ✅ [PERFECT MATCH] 449/449 layers loaded (100.0%)

   🔍 [Structure Check] swin_v2 Output Analysis:
      Type: Tuple (len=2)
      Item 0: Shape (1, 1024)
      Item 1: Shape (1, 64, 1024)
      ✅ Identified: CLS=True, Patch=True
      👉 Final Strategy: concat_3 | Input Dim: 3072
   ❄️  Mode: Linear Probe (Backbone Frozen)
   ⚡ AMP Precision: torch.bfloat16
   🔄 Training Start... (Epochs: 50, Patience: 8)
   📅 Epoch 1 | Loss: 0.3949 | Val Accuracy: 90.52%
      ⭐ New Best! (Model saving disabled to save space)
   📅 Epoch 2 | Loss: 0.3469 | Val Accuracy: 86.42%
   📅 Epoch 3 | Loss: 0.3257 | Val Accuracy: 89.85%
   📅 Epoch 4 | Loss: 0.3028 | Val Accuracy: 92.91%
      ⭐ New Best! (Model saving disabled to save space)
   📅 Epoch 5 | Loss: 0.3170 | Val Accuracy: 88.21%
   📅 Epoch 6 | Loss: 0.3108 | Val Accuracy: 92.31%
   📅 Epoch 7 | Loss: 0.3022 | Val Accuracy: 91.34%
   📅 Epoch 8 | Loss: 0.3081 | Val Accuracy: 93.36%
      ⭐ New Best! (Model saving disabled to save space)
   📅 Epoch 9 | Loss: 0.3048 | Val Accuracy: 92.76%
   📅 Epoch 10 | Loss: 0.2853 | Val Accuracy: 89.33%
   📅 Epoch 11 | Loss: 0.3013 | Val Accuracy: 88.21%
   📅 Epoch 12 | Loss: 0.2819 | Val Accuracy: 92.24%
   📅 Epoch 13 | Loss: 0.2945 | Val Accuracy: 94.25%
      ⭐ New Best! (Model saving disabled to save space)
   📅 Epoch 14 | Loss: 0.2907 | Val Accuracy: 92.99%
   📅 Epoch 15 | Loss: 0.2990 | Val Accuracy: 92.24%
   📅 Epoch 16 | Loss: 0.2955 | Val Accuracy: 95.52%
      ⭐ New Best! (Model saving disabled to save space)
   📅 Epoch 17 | Loss: 0.3071 | Val Accuracy: 92.24%
   📅 Epoch 18 | Loss: 0.2879 | Val Accuracy: 93.66%
   📅 Epoch 19 | Loss: 0.2951 | Val Accuracy: 89.48%
   📅 Epoch 20 | Loss: 0.3151 | Val Accuracy: 92.16%
   📅 Epoch 21 | Loss: 0.2939 | Val Accuracy: 89.48%
   📅 Epoch 22 | Loss: 0.3098 | Val Accuracy: 89.25%
   📅 Epoch 23 | Loss: 0.2805 | Val Accuracy: 94.03%
   📅 Epoch 24 | Loss: 0.2806 | Val Accuracy: 93.36%

   🛑 Early Stopping triggered after 8 epochs.

========================================
🏆 Best Val Accuracy: 95.52%
💾 Best Checkpoint: ./checkpoints/linear_mb-change_cls_hirise_swin_v2_lr0.001_concat_3.pth
========================================

