
============================================================
📄 Log File: ./logs/linear_records/mb-change_cls_hirise_dinov1_b8_frac0.20x_lr1e-05_concat_3.log
⏰ Time: 2026-04-14 00:16:51
============================================================

🚀 Training dinov1_b8 on mb-change_cls_hirise | Mode: LINEAR | LR: 1e-05
   📂 [TRAIN] Loading 1 shards...
   ✅ Loaded 626 samples.
   📂 [TEST] Loading 1 shards...
   ✅ Loaded 1340 samples.
   ⚙️  Config: Workers=8, BS=64, SmallData=False

>>> Loading Model: dinov1_b8 (dinov1)

   🔍 [Structure Check] dinov1_b8 Output Analysis:
      Type: Tuple (len=2)
      Item 0: Shape (1, 768)
      Item 1: Shape (1, 784, 768)
      ✅ Identified: CLS=True, Patch=True
      👉 Final Strategy: concat_3 | Input Dim: 2304
   ❄️  Mode: Linear Probe (Backbone Frozen)
   ⚡ AMP Precision: torch.bfloat16
   🔄 Training Start... (Epochs: 50, Patience: 8)
   📅 Epoch 1 | Loss: 0.7948 | Val Accuracy: 37.46%
      ⭐ New Best! (Model saving disabled to save space)
   📅 Epoch 2 | Loss: 0.6990 | Val Accuracy: 59.85%
      ⭐ New Best! (Model saving disabled to save space)
   📅 Epoch 3 | Loss: 0.7086 | Val Accuracy: 69.78%
      ⭐ New Best! (Model saving disabled to save space)
   📅 Epoch 4 | Loss: 0.6656 | Val Accuracy: 70.37%
      ⭐ New Best! (Model saving disabled to save space)
   📅 Epoch 5 | Loss: 0.6605 | Val Accuracy: 66.27%
   📅 Epoch 6 | Loss: 0.6466 | Val Accuracy: 65.37%
   📅 Epoch 7 | Loss: 0.6282 | Val Accuracy: 65.82%
   📅 Epoch 8 | Loss: 0.6227 | Val Accuracy: 65.45%
   📅 Epoch 9 | Loss: 0.6319 | Val Accuracy: 66.57%
   📅 Epoch 10 | Loss: 0.5987 | Val Accuracy: 69.03%
   📅 Epoch 11 | Loss: 0.5996 | Val Accuracy: 71.72%
      ⭐ New Best! (Model saving disabled to save space)
   📅 Epoch 12 | Loss: 0.6116 | Val Accuracy: 71.64%
   📅 Epoch 13 | Loss: 0.6029 | Val Accuracy: 72.46%
      ⭐ New Best! (Model saving disabled to save space)
   📅 Epoch 14 | Loss: 0.5879 | Val Accuracy: 72.61%
      ⭐ New Best! (Model saving disabled to save space)
   📅 Epoch 15 | Loss: 0.5772 | Val Accuracy: 74.25%
      ⭐ New Best! (Model saving disabled to save space)
   📅 Epoch 16 | Loss: 0.5749 | Val Accuracy: 76.87%
      ⭐ New Best! (Model saving disabled to save space)
   📅 Epoch 17 | Loss: 0.5724 | Val Accuracy: 77.46%
      ⭐ New Best! (Model saving disabled to save space)
   📅 Epoch 18 | Loss: 0.5844 | Val Accuracy: 76.19%
   📅 Epoch 19 | Loss: 0.5773 | Val Accuracy: 76.04%
   📅 Epoch 20 | Loss: 0.5506 | Val Accuracy: 79.10%
      ⭐ New Best! (Model saving disabled to save space)
   📅 Epoch 21 | Loss: 0.5402 | Val Accuracy: 82.01%
      ⭐ New Best! (Model saving disabled to save space)
   📅 Epoch 22 | Loss: 0.5346 | Val Accuracy: 81.04%
   📅 Epoch 23 | Loss: 0.5445 | Val Accuracy: 81.04%
   📅 Epoch 24 | Loss: 0.5386 | Val Accuracy: 82.84%
      ⭐ New Best! (Model saving disabled to save space)
   📅 Epoch 25 | Loss: 0.5373 | Val Accuracy: 83.66%
      ⭐ New Best! (Model saving disabled to save space)
   📅 Epoch 26 | Loss: 0.5161 | Val Accuracy: 81.57%
   📅 Epoch 27 | Loss: 0.5211 | Val Accuracy: 80.90%
   📅 Epoch 28 | Loss: 0.5221 | Val Accuracy: 82.76%
   📅 Epoch 29 | Loss: 0.5259 | Val Accuracy: 85.60%
      ⭐ New Best! (Model saving disabled to save space)
   📅 Epoch 30 | Loss: 0.5188 | Val Accuracy: 85.75%
      ⭐ New Best! (Model saving disabled to save space)
   📅 Epoch 31 | Loss: 0.5098 | Val Accuracy: 86.04%
      ⭐ New Best! (Model saving disabled to save space)
   📅 Epoch 32 | Loss: 0.4974 | Val Accuracy: 85.07%
   📅 Epoch 33 | Loss: 0.5080 | Val Accuracy: 86.27%
      ⭐ New Best! (Model saving disabled to save space)
   📅 Epoch 34 | Loss: 0.4809 | Val Accuracy: 86.12%
   📅 Epoch 35 | Loss: 0.5097 | Val Accuracy: 86.49%
      ⭐ New Best! (Model saving disabled to save space)
   📅 Epoch 36 | Loss: 0.4662 | Val Accuracy: 86.49%
   📅 Epoch 37 | Loss: 0.4969 | Val Accuracy: 87.09%
      ⭐ New Best! (Model saving disabled to save space)
   📅 Epoch 38 | Loss: 0.4736 | Val Accuracy: 87.91%
      ⭐ New Best! (Model saving disabled to save space)
   📅 Epoch 39 | Loss: 0.4853 | Val Accuracy: 87.76%
   📅 Epoch 40 | Loss: 0.4989 | Val Accuracy: 87.54%
   📅 Epoch 41 | Loss: 0.4717 | Val Accuracy: 87.24%
   📅 Epoch 42 | Loss: 0.4750 | Val Accuracy: 87.61%
   📅 Epoch 43 | Loss: 0.5009 | Val Accuracy: 87.39%
   📅 Epoch 44 | Loss: 0.4894 | Val Accuracy: 87.54%
   📅 Epoch 45 | Loss: 0.4918 | Val Accuracy: 87.69%
   📅 Epoch 46 | Loss: 0.4665 | Val Accuracy: 88.06%
      ⭐ New Best! (Model saving disabled to save space)
   📅 Epoch 47 | Loss: 0.4789 | Val Accuracy: 89.18%
      ⭐ New Best! (Model saving disabled to save space)
   📅 Epoch 48 | Loss: 0.4651 | Val Accuracy: 88.36%
   📅 Epoch 49 | Loss: 0.4555 | Val Accuracy: 87.84%
   📅 Epoch 50 | Loss: 0.4556 | Val Accuracy: 88.58%

========================================
🏆 Best Val Accuracy: 89.18%
💾 Best Checkpoint: ./checkpoints/linear_mb-change_cls_hirise_dinov1_b8_lr1e-05_concat_3.pth
========================================

