
============================================================
📄 Log File: ./logs/linear_records/mb-change_cls_hirise_dinov1_b8_frac0.01x_lr0.0001_concat_3.log
⏰ Time: 2026-04-14 00:44:06
============================================================

🚀 Training dinov1_b8 on mb-change_cls_hirise | Mode: LINEAR | LR: 0.0001
   📂 [TRAIN] Loading 1 shards...
   ✅ Loaded 31 samples.
   📂 [TEST] Loading 1 shards...
   ✅ Loaded 1340 samples.
   ⚙️  Config: Workers=0, BS=31, SmallData=True

>>> Loading Model: dinov1_b8 (dinov1)

   🔍 [Structure Check] dinov1_b8 Output Analysis:
      Type: Tuple (len=2)
      Item 0: Shape (1, 768)
      Item 1: Shape (1, 784, 768)
      ✅ Identified: CLS=True, Patch=True
      👉 Final Strategy: concat_3 | Input Dim: 2304
   ❄️  Mode: Linear Probe (Backbone Frozen)
   ⚡ AMP Precision: torch.bfloat16
   🔄 Training Start... (Epochs: 50, Patience: 8)
   📅 Epoch 1 | Loss: 0.8535 | Val Accuracy: 8.51%
      ⭐ New Best! (Model saving disabled to save space)
   📅 Epoch 2 | Loss: 0.9476 | Val Accuracy: 8.51%
   📅 Epoch 3 | Loss: 0.9557 | Val Accuracy: 8.51%
   📅 Epoch 4 | Loss: 0.9519 | Val Accuracy: 8.51%
   📅 Epoch 5 | Loss: 0.8990 | Val Accuracy: 8.51%
   📅 Epoch 6 | Loss: 0.9608 | Val Accuracy: 8.51%
   📅 Epoch 7 | Loss: 0.8713 | Val Accuracy: 8.51%
   📅 Epoch 8 | Loss: 1.0172 | Val Accuracy: 8.51%
   📅 Epoch 9 | Loss: 0.9394 | Val Accuracy: 8.51%

   🛑 Early Stopping triggered after 8 epochs.

========================================
🏆 Best Val Accuracy: 8.51%
💾 Best Checkpoint: ./checkpoints/linear_mb-change_cls_hirise_dinov1_b8_lr0.0001_concat_3.pth
========================================

