
============================================================
📄 Log File: ./logs/linear_records_new/mb-change_cls_hirise_dinov3_lvd_frac0.20x_lr0.001_concat_3.log
⏰ Time: 2026-04-15 18:15:54
============================================================

🚀 Training dinov3_lvd on mb-change_cls_hirise | Mode: LINEAR | LR: 0.001
   📂 [TRAIN] Loading 1 shards...
   ✅ Loaded 626 samples.
   📂 [TEST] Loading 1 shards...
   ✅ Loaded 1340 samples.
   ⚙️  Config: Workers=8, BS=64, SmallData=False

>>> Loading Model: dinov3_lvd (dinov3_hub)
  ℹ️  DINOv3 Config: in_chans=3
   🔍 Auditing weights for [dinov3_lvd]...
   ✅ [PERFECT MATCH] 368/368 layers loaded (100.0%)

   🔍 [Structure Check] dinov3_lvd Output Analysis:
      Type: Tuple (len=2)
      Item 0: Shape (1, 1024)
      Item 1: Shape (1, 256, 1024)
      ✅ Identified: CLS=True, Patch=True
      👉 Final Strategy: concat_3 | Input Dim: 3072
   ❄️  Mode: Linear Probe (Backbone Frozen)
   ⚡ AMP Precision: torch.bfloat16
   🔄 Training Start... (Epochs: 50, Patience: 8)
   📅 Epoch 1 | Loss: 0.5803 | Val Accuracy: 92.39%
      ⭐ New Best! (Model saving disabled to save space)
   📅 Epoch 2 | Loss: 0.3752 | Val Accuracy: 81.57%
   📅 Epoch 3 | Loss: 0.3459 | Val Accuracy: 90.30%
   📅 Epoch 4 | Loss: 0.3397 | Val Accuracy: 87.61%
   📅 Epoch 5 | Loss: 0.3556 | Val Accuracy: 86.27%
   📅 Epoch 6 | Loss: 0.3351 | Val Accuracy: 90.07%
   📅 Epoch 7 | Loss: 0.3565 | Val Accuracy: 87.31%
   📅 Epoch 8 | Loss: 0.3031 | Val Accuracy: 87.84%
   📅 Epoch 9 | Loss: 0.3261 | Val Accuracy: 87.24%

   🛑 Early Stopping triggered after 8 epochs.

========================================
🏆 Best Val Accuracy: 92.39%
💾 Best Checkpoint: ./checkpoints/linear_mb-change_cls_hirise_dinov3_lvd_lr0.001_concat_3.pth
========================================

