
============================================================
📄 Log File: ./logs/linear_records_new/mb-change_cls_hirise_dinov3_lvd_frac0.50x_lr1e-05_concat_3.log
⏰ Time: 2026-04-15 17:49:49
============================================================

🚀 Training dinov3_lvd on mb-change_cls_hirise | Mode: LINEAR | LR: 1e-05
   📂 [TRAIN] Loading 1 shards...
   ✅ Loaded 1565 samples.
   📂 [TEST] Loading 1 shards...
   ✅ Loaded 1340 samples.
   ⚙️  Config: Workers=8, BS=64, SmallData=False

>>> Loading Model: dinov3_lvd (dinov3_hub)
  ℹ️  DINOv3 Config: in_chans=3
   🔍 Auditing weights for [dinov3_lvd]...
   ✅ [PERFECT MATCH] 368/368 layers loaded (100.0%)

   🔍 [Structure Check] dinov3_lvd Output Analysis:
      Type: Tuple (len=2)
      Item 0: Shape (1, 1024)
      Item 1: Shape (1, 256, 1024)
      ✅ Identified: CLS=True, Patch=True
      👉 Final Strategy: concat_3 | Input Dim: 3072
   ❄️  Mode: Linear Probe (Backbone Frozen)
   ⚡ AMP Precision: torch.bfloat16
   🔄 Training Start... (Epochs: 50, Patience: 8)
   📅 Epoch 1 | Loss: 0.6089 | Val Accuracy: 91.94%
      ⭐ New Best! (Model saving disabled to save space)
   📅 Epoch 2 | Loss: 0.5309 | Val Accuracy: 91.94%
   📅 Epoch 3 | Loss: 0.4817 | Val Accuracy: 91.94%
   📅 Epoch 4 | Loss: 0.4549 | Val Accuracy: 91.94%
   📅 Epoch 5 | Loss: 0.4353 | Val Accuracy: 91.94%
   📅 Epoch 6 | Loss: 0.4233 | Val Accuracy: 91.94%
   📅 Epoch 7 | Loss: 0.4107 | Val Accuracy: 91.94%
   📅 Epoch 8 | Loss: 0.4025 | Val Accuracy: 91.94%
   📅 Epoch 9 | Loss: 0.3964 | Val Accuracy: 91.94%

   🛑 Early Stopping triggered after 8 epochs.

========================================
🏆 Best Val Accuracy: 91.94%
💾 Best Checkpoint: ./checkpoints/linear_mb-change_cls_hirise_dinov3_lvd_lr1e-05_concat_3.pth
========================================

