
============================================================
📄 Log File: ./logs/linear_records_new/mb-change_cls_hirise_dinov3_lvd_frac0.20x_lr0.0001_concat_3.log
⏰ Time: 2026-04-15 17:47:04
============================================================

🚀 Training dinov3_lvd on mb-change_cls_hirise | Mode: LINEAR | LR: 0.0001
   📂 [TRAIN] Loading 1 shards...
   ✅ Loaded 626 samples.
   📂 [TEST] Loading 1 shards...
   ✅ Loaded 1340 samples.
   ⚙️  Config: Workers=8, BS=64, SmallData=False

>>> Loading Model: dinov3_lvd (dinov3_hub)
  ℹ️  DINOv3 Config: in_chans=3
   🔍 Auditing weights for [dinov3_lvd]...
   ✅ [PERFECT MATCH] 368/368 layers loaded (100.0%)

   🔍 [Structure Check] dinov3_lvd Output Analysis:
      Type: Tuple (len=2)
      Item 0: Shape (1, 1024)
      Item 1: Shape (1, 256, 1024)
      ✅ Identified: CLS=True, Patch=True
      👉 Final Strategy: concat_3 | Input Dim: 3072
   ❄️  Mode: Linear Probe (Backbone Frozen)
   ⚡ AMP Precision: torch.bfloat16
   🔄 Training Start... (Epochs: 50, Patience: 8)
   📅 Epoch 1 | Loss: 0.6546 | Val Accuracy: 92.01%
      ⭐ New Best! (Model saving disabled to save space)
   📅 Epoch 2 | Loss: 0.6087 | Val Accuracy: 92.69%
      ⭐ New Best! (Model saving disabled to save space)
   📅 Epoch 3 | Loss: 0.5562 | Val Accuracy: 92.61%
   📅 Epoch 4 | Loss: 0.5224 | Val Accuracy: 93.06%
      ⭐ New Best! (Model saving disabled to save space)
   📅 Epoch 5 | Loss: 0.4934 | Val Accuracy: 93.66%
      ⭐ New Best! (Model saving disabled to save space)
   📅 Epoch 6 | Loss: 0.4590 | Val Accuracy: 92.01%
   📅 Epoch 7 | Loss: 0.4518 | Val Accuracy: 90.45%
   📅 Epoch 8 | Loss: 0.4304 | Val Accuracy: 90.60%
   📅 Epoch 9 | Loss: 0.4264 | Val Accuracy: 91.19%
   📅 Epoch 10 | Loss: 0.4122 | Val Accuracy: 89.70%
   📅 Epoch 11 | Loss: 0.4169 | Val Accuracy: 90.22%
   📅 Epoch 12 | Loss: 0.3866 | Val Accuracy: 88.43%
   📅 Epoch 13 | Loss: 0.4021 | Val Accuracy: 89.03%

   🛑 Early Stopping triggered after 8 epochs.

========================================
🏆 Best Val Accuracy: 93.66%
💾 Best Checkpoint: ./checkpoints/linear_mb-change_cls_hirise_dinov3_lvd_lr0.0001_concat_3.pth
========================================

