
============================================================
📄 Log File: ./logs/linear_records/mb-change_cls_hirise_siglip2_frac0.20x_lr1e-05_concat_3.log
⏰ Time: 2026-04-14 00:04:34
============================================================

🚀 Training siglip2 on mb-change_cls_hirise | Mode: LINEAR | LR: 1e-05
   📂 [TRAIN] Loading 1 shards...
   ✅ Loaded 626 samples.
   📂 [TEST] Loading 1 shards...
   ✅ Loaded 1340 samples.
   ⚙️  Config: Workers=8, BS=64, SmallData=False

>>> Loading Model: siglip2 (transformers)

   🔍 [Structure Check] siglip2 Output Analysis:
      Type: Tuple (len=2)
      Item 0: Shape (1, 1024)
      Item 1: Shape (1, 256, 1024)
      ✅ Identified: CLS=True, Patch=True
      👉 Final Strategy: concat_3 | Input Dim: 3072
   ❄️  Mode: Linear Probe (Backbone Frozen)
   ⚡ AMP Precision: torch.bfloat16
   🔄 Training Start... (Epochs: 50, Patience: 8)
   📅 Epoch 1 | Loss: 0.7140 | Val Accuracy: 80.52%
      ⭐ New Best! (Model saving disabled to save space)
   📅 Epoch 2 | Loss: 0.7002 | Val Accuracy: 91.87%
      ⭐ New Best! (Model saving disabled to save space)
   📅 Epoch 3 | Loss: 0.6781 | Val Accuracy: 91.94%
      ⭐ New Best! (Model saving disabled to save space)
   📅 Epoch 4 | Loss: 0.6700 | Val Accuracy: 91.42%
   📅 Epoch 5 | Loss: 0.6663 | Val Accuracy: 90.52%
   📅 Epoch 6 | Loss: 0.6695 | Val Accuracy: 90.60%
   📅 Epoch 7 | Loss: 0.6583 | Val Accuracy: 91.64%
   📅 Epoch 8 | Loss: 0.6585 | Val Accuracy: 91.87%
   📅 Epoch 9 | Loss: 0.6448 | Val Accuracy: 91.87%
   📅 Epoch 10 | Loss: 0.6563 | Val Accuracy: 91.87%
   📅 Epoch 11 | Loss: 0.6460 | Val Accuracy: 91.87%

   🛑 Early Stopping triggered after 8 epochs.

========================================
🏆 Best Val Accuracy: 91.94%
💾 Best Checkpoint: ./checkpoints/linear_mb-change_cls_hirise_siglip2_lr1e-05_concat_3.pth
========================================

