
============================================================
📄 Log File: ./logs/linear_records/mb-change_cls_hirise_mars_mae_frac0.01x_lr0.0001_concat_3.log
⏰ Time: 2026-04-14 00:25:34
============================================================

🚀 Training mars_mae on mb-change_cls_hirise | Mode: LINEAR | LR: 0.0001
   📂 [TRAIN] Loading 1 shards...
   ✅ Loaded 31 samples.
   📂 [TEST] Loading 1 shards...
   ✅ Loaded 1340 samples.
   ⚙️  Config: Workers=0, BS=31, SmallData=True

>>> Loading Model: mars_mae (timm_mae)
   ℹ️  Config: in_chans=1
   🔍 Auditing weights for [mars_mae]...
   ✅ [PERFECT MATCH] 150/150 layers loaded (100.0%)

   🔍 [Structure Check] mars_mae Output Analysis:
      Type: Tuple (len=2)
      Item 0: Shape (1, 768)
      Item 1: Shape (1, 196, 768)
      ✅ Identified: CLS=True, Patch=True
      👉 Final Strategy: concat_3 | Input Dim: 2304
   ❄️  Mode: Linear Probe (Backbone Frozen)
   ⚡ AMP Precision: torch.bfloat16
   🔄 Training Start... (Epochs: 50, Patience: 8)
   📅 Epoch 1 | Loss: 0.8174 | Val Accuracy: 75.75%
      ⭐ New Best! (Model saving disabled to save space)
   📅 Epoch 2 | Loss: 0.7240 | Val Accuracy: 75.75%
   📅 Epoch 3 | Loss: 0.7559 | Val Accuracy: 75.75%
   📅 Epoch 4 | Loss: 0.7538 | Val Accuracy: 75.75%
   📅 Epoch 5 | Loss: 0.7476 | Val Accuracy: 75.75%
   📅 Epoch 6 | Loss: 0.7786 | Val Accuracy: 75.75%
   📅 Epoch 7 | Loss: 0.7337 | Val Accuracy: 75.75%
   📅 Epoch 8 | Loss: 0.7545 | Val Accuracy: 75.75%
   📅 Epoch 9 | Loss: 0.7205 | Val Accuracy: 75.75%

   🛑 Early Stopping triggered after 8 epochs.

========================================
🏆 Best Val Accuracy: 75.75%
💾 Best Checkpoint: ./checkpoints/linear_mb-change_cls_hirise_mars_mae_lr0.0001_concat_3.pth
========================================

