
============================================================
📄 Log File: ./logs/linear_records/mb-change_cls_hirise_swin_v2_frac0.01x_lr0.001_concat_3.log
⏰ Time: 2026-04-13 23:48:34
============================================================

🚀 Training swin_v2 on mb-change_cls_hirise | Mode: LINEAR | LR: 0.001
   📂 [TRAIN] Loading 1 shards...
   ✅ Loaded 31 samples.
   📂 [TEST] Loading 1 shards...
   ✅ Loaded 1340 samples.
   ⚙️  Config: Workers=0, BS=31, SmallData=True

>>> Loading Model: swin_v2 (torchvision_swin)
   🔍 Auditing weights for [swin_v2]...
   ✅ [PERFECT MATCH] 449/449 layers loaded (100.0%)

   🔍 [Structure Check] swin_v2 Output Analysis:
      Type: Tuple (len=2)
      Item 0: Shape (1, 1024)
      Item 1: Shape (1, 64, 1024)
      ✅ Identified: CLS=True, Patch=True
      👉 Final Strategy: concat_3 | Input Dim: 3072
   ❄️  Mode: Linear Probe (Backbone Frozen)
   ⚡ AMP Precision: torch.bfloat16
   🔄 Training Start... (Epochs: 50, Patience: 8)
   📅 Epoch 1 | Loss: 0.8540 | Val Accuracy: 7.99%
      ⭐ New Best! (Model saving disabled to save space)
   📅 Epoch 2 | Loss: 0.8235 | Val Accuracy: 7.99%
   📅 Epoch 3 | Loss: 0.7995 | Val Accuracy: 7.99%
   📅 Epoch 4 | Loss: 0.7721 | Val Accuracy: 7.99%
   📅 Epoch 5 | Loss: 0.8371 | Val Accuracy: 7.99%
   📅 Epoch 6 | Loss: 0.7957 | Val Accuracy: 7.99%
   📅 Epoch 7 | Loss: 0.8335 | Val Accuracy: 7.99%
   📅 Epoch 8 | Loss: 0.7601 | Val Accuracy: 7.99%
   📅 Epoch 9 | Loss: 0.7344 | Val Accuracy: 7.99%

   🛑 Early Stopping triggered after 8 epochs.

========================================
🏆 Best Val Accuracy: 7.99%
💾 Best Checkpoint: ./checkpoints/linear_mb-change_cls_hirise_swin_v2_lr0.001_concat_3.pth
========================================

