
============================================================
📄 Log File: ./logs/linear_records/mb-change_cls_hirise_dinov3_sat_1cha_lr0.01_concat_3.log
⏰ Time: 2026-04-02 01:08:25
============================================================

🚀 Training dinov3_sat_1cha on mb-change_cls_hirise | Mode: LINEAR | LR: 0.01
   📂 [TRAIN] Loading 1 shards...
   ✅ Loaded 6206 samples.
   📂 [TEST] Loading 1 shards...
   ✅ Loaded 1340 samples.
   ⚙️  Config: Workers=8, BS=256, SmallData=False

>>> Loading Model: dinov3_sat_1cha (dinov3_hub)
   🔍 Auditing weights for [dinov3_sat_1cha]...
   ✅ [PERFECT MATCH] 368/368 layers loaded (100.0%)

   🔍 [Structure Check] dinov3_sat_1cha Output Analysis:
      Type: Tuple (len=2)
      Item 0: Shape (1, 1024)
      Item 1: Shape (1, 256, 1024)
      ✅ Identified: CLS=True, Patch=True
      👉 Final Strategy: concat_3 | Input Dim: 3072
   ❄️  Mode: Linear Probe (Backbone Frozen)
   🚀 Compiling model with torch.compile...
   ⚡ AMP Precision: torch.bfloat16
   🔄 Training Start... (Epochs: 40, Patience: 5)
   📅 Epoch 1 | Loss: 1.2765 | Val Accuracy: 93.88%
      ⭐ New Best! Saved.
   📅 Epoch 2 | Loss: 0.2897 | Val Accuracy: 94.48%
      ⭐ New Best! Saved.
   📅 Epoch 3 | Loss: 0.1810 | Val Accuracy: 96.19%
      ⭐ New Best! Saved.
   📅 Epoch 4 | Loss: 0.1648 | Val Accuracy: 95.60%
   📅 Epoch 5 | Loss: 0.1953 | Val Accuracy: 95.52%
   📅 Epoch 6 | Loss: 0.1557 | Val Accuracy: 95.67%
   📅 Epoch 7 | Loss: 0.1463 | Val Accuracy: 96.27%
      ⭐ New Best! Saved.
   📅 Epoch 8 | Loss: 0.1517 | Val Accuracy: 96.42%
      ⭐ New Best! Saved.
   📅 Epoch 9 | Loss: 0.1300 | Val Accuracy: 96.57%
      ⭐ New Best! Saved.
   📅 Epoch 10 | Loss: 0.1415 | Val Accuracy: 96.19%
   📅 Epoch 11 | Loss: 0.1484 | Val Accuracy: 96.94%
      ⭐ New Best! Saved.
   📅 Epoch 12 | Loss: 0.1379 | Val Accuracy: 97.16%
      ⭐ New Best! Saved.
   📅 Epoch 13 | Loss: 0.1486 | Val Accuracy: 95.15%
   📅 Epoch 14 | Loss: 0.2158 | Val Accuracy: 96.79%
   📅 Epoch 15 | Loss: 0.1945 | Val Accuracy: 96.27%
   📅 Epoch 16 | Loss: 0.1647 | Val Accuracy: 96.64%
   📅 Epoch 17 | Loss: 0.1255 | Val Accuracy: 97.01%

   🛑 Early Stopping triggered after 5 epochs.

========================================
🏆 Best Val Accuracy: 97.16%
💾 Best Checkpoint: ./checkpoints/linear_mb-change_cls_hirise_dinov3_sat_1cha_lr0.01_concat_3.pth
========================================

