
============================================================
📄 Log File: ./logs/linear_records/mb-change_cls_hirise_dinov3_sat_1cha_frac0.01x_lr0.001_concat_3.log
⏰ Time: 2026-04-14 00:46:09
============================================================

🚀 Training dinov3_sat_1cha on mb-change_cls_hirise | Mode: LINEAR | LR: 0.001
   📂 [TRAIN] Loading 1 shards...
   ✅ Loaded 31 samples.
   📂 [TEST] Loading 1 shards...
   ✅ Loaded 1340 samples.
   ⚙️  Config: Workers=0, BS=31, SmallData=True

>>> Loading Model: dinov3_sat_1cha (dinov3_hub)
   🔍 Auditing weights for [dinov3_sat_1cha]...
   ✅ [PERFECT MATCH] 368/368 layers loaded (100.0%)

   🔍 [Structure Check] dinov3_sat_1cha Output Analysis:
      Type: Tuple (len=2)
      Item 0: Shape (1, 1024)
      Item 1: Shape (1, 256, 1024)
      ✅ Identified: CLS=True, Patch=True
      👉 Final Strategy: concat_3 | Input Dim: 3072
   ❄️  Mode: Linear Probe (Backbone Frozen)
   ⚡ AMP Precision: torch.bfloat16
   🔄 Training Start... (Epochs: 50, Patience: 8)
   📅 Epoch 1 | Loss: 0.6796 | Val Accuracy: 40.52%
      ⭐ New Best! (Model saving disabled to save space)
   📅 Epoch 2 | Loss: 0.6942 | Val Accuracy: 40.52%
   📅 Epoch 3 | Loss: 0.6841 | Val Accuracy: 40.52%
   📅 Epoch 4 | Loss: 0.6856 | Val Accuracy: 40.52%
   📅 Epoch 5 | Loss: 0.6966 | Val Accuracy: 40.52%
   📅 Epoch 6 | Loss: 0.6954 | Val Accuracy: 40.52%
   📅 Epoch 7 | Loss: 0.6896 | Val Accuracy: 40.52%
   📅 Epoch 8 | Loss: 0.6884 | Val Accuracy: 40.52%
   📅 Epoch 9 | Loss: 0.7005 | Val Accuracy: 40.52%

   🛑 Early Stopping triggered after 8 epochs.

========================================
🏆 Best Val Accuracy: 40.52%
💾 Best Checkpoint: ./checkpoints/linear_mb-change_cls_hirise_dinov3_sat_1cha_lr0.001_concat_3.pth
========================================

