
============================================================
📄 Log File: ./logs/linear_records_new/mb-change_cls_hirise_dinov3_sat_frac0.05x_lr0.001_concat_3.log
⏰ Time: 2026-04-15 17:52:36
============================================================

🚀 Training dinov3_sat on mb-change_cls_hirise | Mode: LINEAR | LR: 0.001
   📂 [TRAIN] Loading 1 shards...
   ✅ Loaded 156 samples.
   📂 [TEST] Loading 1 shards...
   ✅ Loaded 1340 samples.
   ⚙️  Config: Workers=0, BS=64, SmallData=True

>>> Loading Model: dinov3_sat (dinov3_hub)
  ℹ️  DINOv3 Config: in_chans=3
   🔍 Auditing weights for [dinov3_sat]...
   ✅ [PERFECT MATCH] 368/368 layers loaded (100.0%)

   🔍 [Structure Check] dinov3_sat Output Analysis:
      Type: Tuple (len=2)
      Item 0: Shape (1, 1024)
      Item 1: Shape (1, 256, 1024)
      ✅ Identified: CLS=True, Patch=True
      👉 Final Strategy: concat_3 | Input Dim: 3072
   ❄️  Mode: Linear Probe (Backbone Frozen)
   ⚡ AMP Precision: torch.bfloat16
   🔄 Training Start... (Epochs: 50, Patience: 8)
   📅 Epoch 1 | Loss: 0.7332 | Val Accuracy: 13.73%
      ⭐ New Best! (Model saving disabled to save space)
   📅 Epoch 2 | Loss: 0.6388 | Val Accuracy: 50.90%
      ⭐ New Best! (Model saving disabled to save space)
   📅 Epoch 3 | Loss: 0.5766 | Val Accuracy: 52.84%
      ⭐ New Best! (Model saving disabled to save space)
   📅 Epoch 4 | Loss: 0.5409 | Val Accuracy: 47.31%
   📅 Epoch 5 | Loss: 0.5536 | Val Accuracy: 45.30%
   📅 Epoch 6 | Loss: 0.5812 | Val Accuracy: 51.34%
   📅 Epoch 7 | Loss: 0.5108 | Val Accuracy: 61.57%
      ⭐ New Best! (Model saving disabled to save space)
   📅 Epoch 8 | Loss: 0.5004 | Val Accuracy: 68.28%
      ⭐ New Best! (Model saving disabled to save space)
   📅 Epoch 9 | Loss: 0.4687 | Val Accuracy: 79.03%
      ⭐ New Best! (Model saving disabled to save space)
   📅 Epoch 10 | Loss: 0.4519 | Val Accuracy: 85.00%
      ⭐ New Best! (Model saving disabled to save space)
   📅 Epoch 11 | Loss: 0.3979 | Val Accuracy: 87.16%
      ⭐ New Best! (Model saving disabled to save space)
   📅 Epoch 12 | Loss: 0.4149 | Val Accuracy: 88.21%
      ⭐ New Best! (Model saving disabled to save space)
   📅 Epoch 13 | Loss: 0.4364 | Val Accuracy: 88.66%
      ⭐ New Best! (Model saving disabled to save space)
   📅 Epoch 14 | Loss: 0.3867 | Val Accuracy: 89.18%
      ⭐ New Best! (Model saving disabled to save space)
   📅 Epoch 15 | Loss: 0.4273 | Val Accuracy: 89.33%
      ⭐ New Best! (Model saving disabled to save space)
   📅 Epoch 16 | Loss: 0.4193 | Val Accuracy: 89.10%
   📅 Epoch 17 | Loss: 0.4221 | Val Accuracy: 88.06%
   📅 Epoch 18 | Loss: 0.4276 | Val Accuracy: 87.91%
   📅 Epoch 19 | Loss: 0.3615 | Val Accuracy: 87.39%
   📅 Epoch 20 | Loss: 0.3236 | Val Accuracy: 86.87%
   📅 Epoch 21 | Loss: 0.3507 | Val Accuracy: 86.27%
   📅 Epoch 22 | Loss: 0.3747 | Val Accuracy: 85.97%
   📅 Epoch 23 | Loss: 0.3607 | Val Accuracy: 85.07%

   🛑 Early Stopping triggered after 8 epochs.

========================================
🏆 Best Val Accuracy: 89.33%
💾 Best Checkpoint: ./checkpoints/linear_mb-change_cls_hirise_dinov3_sat_lr0.001_concat_3.pth
========================================

