
============================================================
📄 Log File: ./logs/linear_records/mb-change_cls_ctx_siglip2_frac0.20x_lr0.001_concat_3.log
⏰ Time: 2026-04-16 19:08:04
============================================================

🚀 Training siglip2 on mb-change_cls_ctx | Mode: LINEAR | LR: 0.001
   📂 [TRAIN] Loading 1 shards...
   ✅ Loaded 7 samples.
   📂 [TEST] Loading 1 shards...
   ✅ Loaded 20 samples.
   ⚙️  Config: Workers=0, BS=7, SmallData=True

>>> Loading Model: siglip2 (transformers)

   🔍 [Structure Check] siglip2 Output Analysis:
      Type: Tuple (len=2)
      Item 0: Shape (1, 1024)
      Item 1: Shape (1, 256, 1024)
      ✅ Identified: CLS=True, Patch=True
      👉 Final Strategy: concat_3 | Input Dim: 3072
   ❄️  Mode: Linear Probe (Backbone Frozen)
   ⚡ AMP Precision: torch.bfloat16
   🔄 Training Start... (Epochs: 50, Patience: 8)
   📅 Epoch 1 | Loss: 0.9270 | Val Accuracy: 20.00%
      ⭐ New Best! (Model saving disabled to save space)
   📅 Epoch 2 | Loss: 0.9547 | Val Accuracy: 20.00%
   📅 Epoch 3 | Loss: 0.9480 | Val Accuracy: 20.00%
   📅 Epoch 4 | Loss: 0.9314 | Val Accuracy: 20.00%
   📅 Epoch 5 | Loss: 1.0492 | Val Accuracy: 20.00%
   📅 Epoch 6 | Loss: 0.8477 | Val Accuracy: 20.00%
   📅 Epoch 7 | Loss: 0.8350 | Val Accuracy: 20.00%
   📅 Epoch 8 | Loss: 0.8507 | Val Accuracy: 20.00%
   📅 Epoch 9 | Loss: 1.0366 | Val Accuracy: 20.00%

   🛑 Early Stopping triggered after 8 epochs.

========================================
🏆 Best Val Accuracy: 20.00%
💾 Best Checkpoint: ./checkpoints/linear_mb-change_cls_ctx_siglip2_lr0.001_concat_3.pth
========================================

