
============================================================
📄 Log File: ./logs/linear_records_new/mb-change_cls_hirise_dinov2_l14_frac0.20x_lr0.0001_concat_3.log
⏰ Time: 2026-04-14 22:05:59
============================================================

🚀 Training dinov2_l14 on mb-change_cls_hirise | Mode: LINEAR | LR: 0.0001
   📂 [TRAIN] Loading 1 shards...
   ✅ Loaded 626 samples.
   📂 [TEST] Loading 1 shards...
   ✅ Loaded 1340 samples.
   ⚙️  Config: Workers=8, BS=64, SmallData=False

>>> Loading Model: dinov2_l14 (dinov2_hub)
   🔍 Auditing weights for [dinov2_l14]...
   ✅ [PERFECT MATCH] 343/343 layers loaded (100.0%)

   🔍 [Structure Check] dinov2_l14 Output Analysis:
      Type: Tuple (len=2)
      Item 0: Shape (1, 1024)
      Item 1: Shape (1, 256, 1024)
      ✅ Identified: CLS=True, Patch=True
      👉 Final Strategy: concat_3 | Input Dim: 3072
   ❄️  Mode: Linear Probe (Backbone Frozen)
   ⚡ AMP Precision: torch.bfloat16
   🔄 Training Start... (Epochs: 50, Patience: 8)
   📅 Epoch 1 | Loss: 0.7217 | Val Accuracy: 51.94%
      ⭐ New Best! (Model saving disabled to save space)
   📅 Epoch 2 | Loss: 0.6676 | Val Accuracy: 91.94%
      ⭐ New Best! (Model saving disabled to save space)
   📅 Epoch 3 | Loss: 0.6562 | Val Accuracy: 90.45%
   📅 Epoch 4 | Loss: 0.6138 | Val Accuracy: 92.46%
      ⭐ New Best! (Model saving disabled to save space)
   📅 Epoch 5 | Loss: 0.6137 | Val Accuracy: 92.84%
      ⭐ New Best! (Model saving disabled to save space)
   📅 Epoch 6 | Loss: 0.5873 | Val Accuracy: 93.21%
      ⭐ New Best! (Model saving disabled to save space)
   📅 Epoch 7 | Loss: 0.5809 | Val Accuracy: 93.58%
      ⭐ New Best! (Model saving disabled to save space)
   📅 Epoch 8 | Loss: 0.5822 | Val Accuracy: 91.94%
   📅 Epoch 9 | Loss: 0.5667 | Val Accuracy: 93.36%
   📅 Epoch 10 | Loss: 0.5653 | Val Accuracy: 90.30%
   📅 Epoch 11 | Loss: 0.5604 | Val Accuracy: 93.06%
   📅 Epoch 12 | Loss: 0.5568 | Val Accuracy: 91.79%
   📅 Epoch 13 | Loss: 0.5449 | Val Accuracy: 90.90%
   📅 Epoch 14 | Loss: 0.5394 | Val Accuracy: 90.15%
   📅 Epoch 15 | Loss: 0.5389 | Val Accuracy: 91.49%

   🛑 Early Stopping triggered after 8 epochs.

========================================
🏆 Best Val Accuracy: 93.58%
💾 Best Checkpoint: ./checkpoints/linear_mb-change_cls_hirise_dinov2_l14_lr0.0001_concat_3.pth
========================================

