
============================================================
📄 Log File: ./logs/linear_records/mb-change_cls_ctx_dinov2_l14_frac0.20x_lr0.0001_concat_3.log
⏰ Time: 2026-04-16 19:08:33
============================================================

🚀 Training dinov2_l14 on mb-change_cls_ctx | Mode: LINEAR | LR: 0.0001
   📂 [TRAIN] Loading 1 shards...
   ✅ Loaded 7 samples.
   📂 [TEST] Loading 1 shards...
   ✅ Loaded 20 samples.
   ⚙️  Config: Workers=0, BS=7, SmallData=True

>>> Loading Model: dinov2_l14 (dinov2_hub)
   🔍 Auditing weights for [dinov2_l14]...
   ✅ [PERFECT MATCH] 343/343 layers loaded (100.0%)

   🔍 [Structure Check] dinov2_l14 Output Analysis:
      Type: Tuple (len=2)
      Item 0: Shape (1, 1024)
      Item 1: Shape (1, 256, 1024)
      ✅ Identified: CLS=True, Patch=True
      👉 Final Strategy: concat_3 | Input Dim: 3072
   ❄️  Mode: Linear Probe (Backbone Frozen)
   ⚡ AMP Precision: torch.bfloat16
   🔄 Training Start... (Epochs: 50, Patience: 8)
   📅 Epoch 1 | Loss: 0.7160 | Val Accuracy: 50.00%
      ⭐ New Best! (Model saving disabled to save space)
   📅 Epoch 2 | Loss: 0.7662 | Val Accuracy: 50.00%
   📅 Epoch 3 | Loss: 0.6925 | Val Accuracy: 50.00%
   📅 Epoch 4 | Loss: 0.7227 | Val Accuracy: 50.00%
   📅 Epoch 5 | Loss: 0.6886 | Val Accuracy: 50.00%
   📅 Epoch 6 | Loss: 0.7517 | Val Accuracy: 50.00%
   📅 Epoch 7 | Loss: 0.7305 | Val Accuracy: 50.00%
   📅 Epoch 8 | Loss: 0.7073 | Val Accuracy: 50.00%
   📅 Epoch 9 | Loss: 0.6942 | Val Accuracy: 50.00%

   🛑 Early Stopping triggered after 8 epochs.

========================================
🏆 Best Val Accuracy: 50.00%
💾 Best Checkpoint: ./checkpoints/linear_mb-change_cls_ctx_dinov2_l14_lr0.0001_concat_3.pth
========================================

