
============================================================
📄 Log File: ./logs/linear_records_new/mb-change_cls_hirise_dinov3_lvd_frac0.05x_lr0.001_concat_3.log
⏰ Time: 2026-04-15 17:44:49
============================================================

🚀 Training dinov3_lvd on mb-change_cls_hirise | Mode: LINEAR | LR: 0.001
   📂 [TRAIN] Loading 1 shards...
   ✅ Loaded 156 samples.
   📂 [TEST] Loading 1 shards...
   ✅ Loaded 1340 samples.
   ⚙️  Config: Workers=0, BS=64, SmallData=True

>>> Loading Model: dinov3_lvd (dinov3_hub)
  ℹ️  DINOv3 Config: in_chans=3
   🔍 Auditing weights for [dinov3_lvd]...
   ✅ [PERFECT MATCH] 368/368 layers loaded (100.0%)

   🔍 [Structure Check] dinov3_lvd Output Analysis:
      Type: Tuple (len=2)
      Item 0: Shape (1, 1024)
      Item 1: Shape (1, 256, 1024)
      ✅ Identified: CLS=True, Patch=True
      👉 Final Strategy: concat_3 | Input Dim: 3072
   ❄️  Mode: Linear Probe (Backbone Frozen)
   ⚡ AMP Precision: torch.bfloat16
   🔄 Training Start... (Epochs: 50, Patience: 8)
   📅 Epoch 1 | Loss: 0.6326 | Val Accuracy: 81.64%
      ⭐ New Best! (Model saving disabled to save space)
   📅 Epoch 2 | Loss: 0.5259 | Val Accuracy: 90.67%
      ⭐ New Best! (Model saving disabled to save space)
   📅 Epoch 3 | Loss: 0.4116 | Val Accuracy: 86.34%
   📅 Epoch 4 | Loss: 0.4055 | Val Accuracy: 86.57%
   📅 Epoch 5 | Loss: 0.3381 | Val Accuracy: 90.22%
   📅 Epoch 6 | Loss: 0.3200 | Val Accuracy: 88.13%
   📅 Epoch 7 | Loss: 0.2900 | Val Accuracy: 85.90%
   📅 Epoch 8 | Loss: 0.3776 | Val Accuracy: 86.64%
   📅 Epoch 9 | Loss: 0.3598 | Val Accuracy: 88.36%
   📅 Epoch 10 | Loss: 0.3037 | Val Accuracy: 90.00%

   🛑 Early Stopping triggered after 8 epochs.

========================================
🏆 Best Val Accuracy: 90.67%
💾 Best Checkpoint: ./checkpoints/linear_mb-change_cls_hirise_dinov3_lvd_lr0.001_concat_3.pth
========================================

