
============================================================
📄 Log File: ./logs/linear_records/mb-change_cls_hirise_dinov3_sat_1cha_frac0.05x_lr0.001_concat_3.log
⏰ Time: 2026-04-13 23:49:19
============================================================

🚀 Training dinov3_sat_1cha on mb-change_cls_hirise | Mode: LINEAR | LR: 0.001
   📂 [TRAIN] Loading 1 shards...
   ✅ Loaded 156 samples.
   📂 [TEST] Loading 1 shards...
   ✅ Loaded 1340 samples.
   ⚙️  Config: Workers=0, BS=64, SmallData=True

>>> Loading Model: dinov3_sat_1cha (dinov3_hub)
   🔍 Auditing weights for [dinov3_sat_1cha]...
   ✅ [PERFECT MATCH] 368/368 layers loaded (100.0%)

   🔍 [Structure Check] dinov3_sat_1cha Output Analysis:
      Type: Tuple (len=2)
      Item 0: Shape (1, 1024)
      Item 1: Shape (1, 256, 1024)
      ✅ Identified: CLS=True, Patch=True
      👉 Final Strategy: concat_3 | Input Dim: 3072
   ❄️  Mode: Linear Probe (Backbone Frozen)
   ⚡ AMP Precision: torch.bfloat16
   🔄 Training Start... (Epochs: 50, Patience: 8)
   📅 Epoch 1 | Loss: 0.6680 | Val Accuracy: 91.49%
      ⭐ New Best! (Model saving disabled to save space)
   📅 Epoch 2 | Loss: 0.7089 | Val Accuracy: 64.33%
   📅 Epoch 3 | Loss: 0.7190 | Val Accuracy: 70.60%
   📅 Epoch 4 | Loss: 0.5945 | Val Accuracy: 24.70%
   📅 Epoch 5 | Loss: 0.6592 | Val Accuracy: 18.06%
   📅 Epoch 6 | Loss: 0.5876 | Val Accuracy: 29.33%
   📅 Epoch 7 | Loss: 0.5283 | Val Accuracy: 45.97%
   📅 Epoch 8 | Loss: 0.5362 | Val Accuracy: 50.67%
   📅 Epoch 9 | Loss: 0.5494 | Val Accuracy: 51.12%

   🛑 Early Stopping triggered after 8 epochs.

========================================
🏆 Best Val Accuracy: 91.49%
💾 Best Checkpoint: ./checkpoints/linear_mb-change_cls_hirise_dinov3_sat_1cha_lr0.001_concat_3.pth
========================================

