
============================================================
📄 Log File: ./logs/linear_records/mb-change_cls_hirise_openclip_frac0.01x_lr1e-05_concat_3.log
⏰ Time: 2026-04-13 22:33:45
============================================================

🚀 Training openclip on mb-change_cls_hirise | Mode: LINEAR | LR: 1e-05
   📂 [TRAIN] Loading 1 shards...
   ✅ Loaded 31 samples.
   📂 [TEST] Loading 1 shards...
   ✅ Loaded 1340 samples.
   ⚙️  Config: Workers=0, BS=31, SmallData=True

>>> Loading Model: openclip (transformers_clip)

   🔍 [Structure Check] openclip Output Analysis:
      Type: Tuple (len=2)
      Item 0: Shape (1, 1024)
      Item 1: Shape (1, 256, 1024)
      ✅ Identified: CLS=True, Patch=True
      👉 Final Strategy: concat_3 | Input Dim: 3072
   ❄️  Mode: Linear Probe (Backbone Frozen)
   ⚡ AMP Precision: torch.bfloat16
   🔄 Training Start... (Epochs: 50, Patience: 8)
   📅 Epoch 1 | Loss: 1.4660 | Val Accuracy: 91.94%
      ⭐ New Best! (Model saving disabled to save space)
   📅 Epoch 2 | Loss: 1.4816 | Val Accuracy: 91.94%
   📅 Epoch 3 | Loss: 1.5729 | Val Accuracy: 91.94%
   📅 Epoch 4 | Loss: 1.5119 | Val Accuracy: 91.94%
   📅 Epoch 5 | Loss: 1.5285 | Val Accuracy: 91.94%
   📅 Epoch 6 | Loss: 1.5825 | Val Accuracy: 91.94%
   📅 Epoch 7 | Loss: 1.5841 | Val Accuracy: 91.94%
   📅 Epoch 8 | Loss: 1.5650 | Val Accuracy: 91.94%
   📅 Epoch 9 | Loss: 1.5628 | Val Accuracy: 91.94%

   🛑 Early Stopping triggered after 8 epochs.

========================================
🏆 Best Val Accuracy: 91.94%
💾 Best Checkpoint: ./checkpoints/linear_mb-change_cls_hirise_openclip_lr1e-05_concat_3.pth
========================================

