
============================================================
📄 Log File: ./logs/linear_records/mb-change_cls_hirise_satmae_lr0.001_concat_3.log
⏰ Time: 2026-02-28 18:02:36
============================================================

🚀 Training satmae on mb-change_cls_hirise | Mode: LINEAR | LR: 0.001
   📂 [TRAIN] Loading 1 shards...
   ✅ Loaded 6206 samples.
   📂 [TEST] Loading 1 shards...
   ✅ Loaded 1340 samples.
   ⚙️  Config: Workers=8, BS=256, SmallData=False

>>> Loading Model: satmae (timm_mae)
   ℹ️  Config: in_chans=3
   🔍 Auditing weights for [satmae]...
   ✅ [PERFECT MATCH] 294/294 layers loaded (100.0%)

   🔍 [Structure Check] satmae Output Analysis:
      Type: Tuple (len=2)
      Item 0: Shape (1, 1024)
      Item 1: Shape (1, 196, 1024)
      ✅ Identified: CLS=True, Patch=True
      👉 Final Strategy: concat_3 | Input Dim: 3072
   ❄️  Mode: Linear Probe (Backbone Frozen)
   🚀 Compiling model with torch.compile...
   ⚡ AMP Precision: torch.bfloat16
   🔄 Training Start... (Epochs: 40, Patience: 5)
   📅 Epoch 1 | Loss: 0.2893 | Val Accuracy: 92.01%
      ⭐ New Best! Saved.
   📅 Epoch 2 | Loss: 0.2038 | Val Accuracy: 94.48%
      ⭐ New Best! Saved.
   📅 Epoch 3 | Loss: 0.1773 | Val Accuracy: 95.00%
      ⭐ New Best! Saved.
   📅 Epoch 4 | Loss: 0.1665 | Val Accuracy: 94.85%
   📅 Epoch 5 | Loss: 0.1670 | Val Accuracy: 95.22%
      ⭐ New Best! Saved.
   📅 Epoch 6 | Loss: 0.1594 | Val Accuracy: 95.37%
      ⭐ New Best! Saved.
   📅 Epoch 7 | Loss: 0.1602 | Val Accuracy: 95.30%
   📅 Epoch 8 | Loss: 0.1585 | Val Accuracy: 95.67%
      ⭐ New Best! Saved.
   📅 Epoch 9 | Loss: 0.1578 | Val Accuracy: 95.67%
   📅 Epoch 10 | Loss: 0.1583 | Val Accuracy: 95.07%
   📅 Epoch 11 | Loss: 0.1597 | Val Accuracy: 95.30%
   📅 Epoch 12 | Loss: 0.1508 | Val Accuracy: 95.52%
   📅 Epoch 13 | Loss: 0.1525 | Val Accuracy: 95.52%

   🛑 Early Stopping triggered after 5 epochs.

========================================
🏆 Best Val Accuracy: 95.67%
💾 Best Checkpoint: ./checkpoints/linear_mb-change_cls_hirise_satmae_lr0.001_concat_3.pth
========================================

