
============================================================
📄 Log File: ./logs/linear_records/mb-change_cls_hirise_satmae_frac0.50x_lr1e-05_concat_3.log
⏰ Time: 2026-04-13 22:49:49
============================================================

🚀 Training satmae on mb-change_cls_hirise | Mode: LINEAR | LR: 1e-05
   📂 [TRAIN] Loading 1 shards...
   ✅ Loaded 1565 samples.
   📂 [TEST] Loading 1 shards...
   ✅ Loaded 1340 samples.
   ⚙️  Config: Workers=8, BS=64, SmallData=False

>>> Loading Model: satmae (timm_mae)
   ℹ️  Config: in_chans=3
   🔍 Auditing weights for [satmae]...
   ✅ [PERFECT MATCH] 294/294 layers loaded (100.0%)

   🔍 [Structure Check] satmae Output Analysis:
      Type: Tuple (len=2)
      Item 0: Shape (1, 1024)
      Item 1: Shape (1, 196, 1024)
      ✅ Identified: CLS=True, Patch=True
      👉 Final Strategy: concat_3 | Input Dim: 3072
   ❄️  Mode: Linear Probe (Backbone Frozen)
   ⚡ AMP Precision: torch.bfloat16
   🔄 Training Start... (Epochs: 50, Patience: 8)
   📅 Epoch 1 | Loss: 0.5772 | Val Accuracy: 91.94%
      ⭐ New Best! (Model saving disabled to save space)
   📅 Epoch 2 | Loss: 0.4575 | Val Accuracy: 91.94%
   📅 Epoch 3 | Loss: 0.4357 | Val Accuracy: 91.94%
   📅 Epoch 4 | Loss: 0.4336 | Val Accuracy: 91.94%
   📅 Epoch 5 | Loss: 0.4290 | Val Accuracy: 91.94%
   📅 Epoch 6 | Loss: 0.4317 | Val Accuracy: 91.94%
   📅 Epoch 7 | Loss: 0.4241 | Val Accuracy: 91.94%
   📅 Epoch 8 | Loss: 0.4200 | Val Accuracy: 91.94%
   📅 Epoch 9 | Loss: 0.4166 | Val Accuracy: 91.94%

   🛑 Early Stopping triggered after 8 epochs.

========================================
🏆 Best Val Accuracy: 91.94%
💾 Best Checkpoint: ./checkpoints/linear_mb-change_cls_hirise_satmae_lr1e-05_concat_3.pth
========================================

