
============================================================
📄 Log File: ./logs/linear_records_new/mb-change_cls_hirise_dinov3_sat_frac0.50x_lr0.0001_concat_3.log
⏰ Time: 2026-04-15 18:30:52
============================================================

🚀 Training dinov3_sat on mb-change_cls_hirise | Mode: LINEAR | LR: 0.0001
   📂 [TRAIN] Loading 1 shards...
   ✅ Loaded 1565 samples.
   📂 [TEST] Loading 1 shards...
   ✅ Loaded 1340 samples.
   ⚙️  Config: Workers=8, BS=64, SmallData=False

>>> Loading Model: dinov3_sat (dinov3_hub)
  ℹ️  DINOv3 Config: in_chans=3
   🔍 Auditing weights for [dinov3_sat]...
   ✅ [PERFECT MATCH] 368/368 layers loaded (100.0%)

   🔍 [Structure Check] dinov3_sat Output Analysis:
      Type: Tuple (len=2)
      Item 0: Shape (1, 1024)
      Item 1: Shape (1, 256, 1024)
      ✅ Identified: CLS=True, Patch=True
      👉 Final Strategy: concat_3 | Input Dim: 3072
   ❄️  Mode: Linear Probe (Backbone Frozen)
   ⚡ AMP Precision: torch.bfloat16
   🔄 Training Start... (Epochs: 50, Patience: 8)
   📅 Epoch 1 | Loss: 0.4837 | Val Accuracy: 91.94%
      ⭐ New Best! (Model saving disabled to save space)
   📅 Epoch 2 | Loss: 0.4194 | Val Accuracy: 91.94%
   📅 Epoch 3 | Loss: 0.3932 | Val Accuracy: 91.94%
   📅 Epoch 4 | Loss: 0.3749 | Val Accuracy: 91.94%
   📅 Epoch 5 | Loss: 0.3694 | Val Accuracy: 92.01%
      ⭐ New Best! (Model saving disabled to save space)
   📅 Epoch 6 | Loss: 0.3467 | Val Accuracy: 93.06%
      ⭐ New Best! (Model saving disabled to save space)
   📅 Epoch 7 | Loss: 0.3367 | Val Accuracy: 93.73%
      ⭐ New Best! (Model saving disabled to save space)
   📅 Epoch 8 | Loss: 0.3412 | Val Accuracy: 94.48%
      ⭐ New Best! (Model saving disabled to save space)
   📅 Epoch 9 | Loss: 0.3267 | Val Accuracy: 94.70%
      ⭐ New Best! (Model saving disabled to save space)
   📅 Epoch 10 | Loss: 0.3139 | Val Accuracy: 95.52%
      ⭐ New Best! (Model saving disabled to save space)
   📅 Epoch 11 | Loss: 0.3097 | Val Accuracy: 95.67%
      ⭐ New Best! (Model saving disabled to save space)
   📅 Epoch 12 | Loss: 0.2948 | Val Accuracy: 95.60%
   📅 Epoch 13 | Loss: 0.2949 | Val Accuracy: 95.67%
   📅 Epoch 14 | Loss: 0.2917 | Val Accuracy: 95.75%
      ⭐ New Best! (Model saving disabled to save space)
   📅 Epoch 15 | Loss: 0.2869 | Val Accuracy: 96.12%
      ⭐ New Best! (Model saving disabled to save space)
   📅 Epoch 16 | Loss: 0.2892 | Val Accuracy: 95.90%
   📅 Epoch 17 | Loss: 0.2828 | Val Accuracy: 96.12%
   📅 Epoch 18 | Loss: 0.2798 | Val Accuracy: 95.90%
   📅 Epoch 19 | Loss: 0.2793 | Val Accuracy: 96.27%
      ⭐ New Best! (Model saving disabled to save space)
   📅 Epoch 20 | Loss: 0.2789 | Val Accuracy: 96.04%
   📅 Epoch 21 | Loss: 0.2756 | Val Accuracy: 96.27%
   📅 Epoch 22 | Loss: 0.2697 | Val Accuracy: 96.19%
   📅 Epoch 23 | Loss: 0.2709 | Val Accuracy: 96.42%
      ⭐ New Best! (Model saving disabled to save space)
   📅 Epoch 24 | Loss: 0.2543 | Val Accuracy: 95.82%
   📅 Epoch 25 | Loss: 0.2675 | Val Accuracy: 95.90%
   📅 Epoch 26 | Loss: 0.2638 | Val Accuracy: 95.97%
   📅 Epoch 27 | Loss: 0.2537 | Val Accuracy: 95.90%
   📅 Epoch 28 | Loss: 0.2619 | Val Accuracy: 95.30%
   📅 Epoch 29 | Loss: 0.2558 | Val Accuracy: 95.75%
   📅 Epoch 30 | Loss: 0.2623 | Val Accuracy: 95.90%
   📅 Epoch 31 | Loss: 0.2622 | Val Accuracy: 95.90%

   🛑 Early Stopping triggered after 8 epochs.

========================================
🏆 Best Val Accuracy: 96.42%
💾 Best Checkpoint: ./checkpoints/linear_mb-change_cls_hirise_dinov3_sat_lr0.0001_concat_3.pth
========================================

