
============================================================
📄 Log File: ./logs/linear_records/mb-change_cls_hirise_swin_v2_frac0.20x_lr1e-05_concat_3.log
⏰ Time: 2026-04-13 23:52:04
============================================================

🚀 Training swin_v2 on mb-change_cls_hirise | Mode: LINEAR | LR: 1e-05
   📂 [TRAIN] Loading 1 shards...
   ✅ Loaded 626 samples.
   📂 [TEST] Loading 1 shards...
   ✅ Loaded 1340 samples.
   ⚙️  Config: Workers=8, BS=64, SmallData=False

>>> Loading Model: swin_v2 (torchvision_swin)
   🔍 Auditing weights for [swin_v2]...
   ✅ [PERFECT MATCH] 449/449 layers loaded (100.0%)

   🔍 [Structure Check] swin_v2 Output Analysis:
      Type: Tuple (len=2)
      Item 0: Shape (1, 1024)
      Item 1: Shape (1, 64, 1024)
      ✅ Identified: CLS=True, Patch=True
      👉 Final Strategy: concat_3 | Input Dim: 3072
   ❄️  Mode: Linear Probe (Backbone Frozen)
   ⚡ AMP Precision: torch.bfloat16
   🔄 Training Start... (Epochs: 50, Patience: 8)
   📅 Epoch 1 | Loss: 0.6493 | Val Accuracy: 91.64%
      ⭐ New Best! (Model saving disabled to save space)
   📅 Epoch 2 | Loss: 0.6470 | Val Accuracy: 90.75%
   📅 Epoch 3 | Loss: 0.6370 | Val Accuracy: 90.30%
   📅 Epoch 4 | Loss: 0.6288 | Val Accuracy: 90.22%
   📅 Epoch 5 | Loss: 0.6242 | Val Accuracy: 90.37%
   📅 Epoch 6 | Loss: 0.6168 | Val Accuracy: 90.07%
   📅 Epoch 7 | Loss: 0.6214 | Val Accuracy: 90.07%
   📅 Epoch 8 | Loss: 0.6089 | Val Accuracy: 90.07%
   📅 Epoch 9 | Loss: 0.6108 | Val Accuracy: 90.22%

   🛑 Early Stopping triggered after 8 epochs.

========================================
🏆 Best Val Accuracy: 91.64%
💾 Best Checkpoint: ./checkpoints/linear_mb-change_cls_hirise_swin_v2_lr1e-05_concat_3.pth
========================================

