
============================================================
📄 Log File: ./logs/linear_records_new/mb-change_cls_hirise_dinov3_lvd_frac0.05x_lr0.0001_concat_3.log
⏰ Time: 2026-04-15 18:23:41
============================================================

🚀 Training dinov3_lvd on mb-change_cls_hirise | Mode: LINEAR | LR: 0.0001
   📂 [TRAIN] Loading 1 shards...
   ✅ Loaded 156 samples.
   📂 [TEST] Loading 1 shards...
   ✅ Loaded 1340 samples.
   ⚙️  Config: Workers=0, BS=64, SmallData=True

>>> Loading Model: dinov3_lvd (dinov3_hub)
  ℹ️  DINOv3 Config: in_chans=3
   🔍 Auditing weights for [dinov3_lvd]...
   ✅ [PERFECT MATCH] 368/368 layers loaded (100.0%)

   🔍 [Structure Check] dinov3_lvd Output Analysis:
      Type: Tuple (len=2)
      Item 0: Shape (1, 1024)
      Item 1: Shape (1, 256, 1024)
      ✅ Identified: CLS=True, Patch=True
      👉 Final Strategy: concat_3 | Input Dim: 3072
   ❄️  Mode: Linear Probe (Backbone Frozen)
   ⚡ AMP Precision: torch.bfloat16
   🔄 Training Start... (Epochs: 50, Patience: 8)
   📅 Epoch 1 | Loss: 0.6938 | Val Accuracy: 86.49%
      ⭐ New Best! (Model saving disabled to save space)
   📅 Epoch 2 | Loss: 0.6654 | Val Accuracy: 78.73%
   📅 Epoch 3 | Loss: 0.6344 | Val Accuracy: 76.19%
   📅 Epoch 4 | Loss: 0.6383 | Val Accuracy: 74.93%
   📅 Epoch 5 | Loss: 0.6130 | Val Accuracy: 76.34%
   📅 Epoch 6 | Loss: 0.5859 | Val Accuracy: 78.36%
   📅 Epoch 7 | Loss: 0.5852 | Val Accuracy: 80.15%
   📅 Epoch 8 | Loss: 0.5567 | Val Accuracy: 83.36%
   📅 Epoch 9 | Loss: 0.5489 | Val Accuracy: 85.52%

   🛑 Early Stopping triggered after 8 epochs.

========================================
🏆 Best Val Accuracy: 86.49%
💾 Best Checkpoint: ./checkpoints/linear_mb-change_cls_hirise_dinov3_lvd_lr0.0001_concat_3.pth
========================================

