
============================================================
📄 Log File: ./logs/linear_records/mb-change_cls_hirise_vit_l_frac0.05x_lr0.001_concat_3.log
⏰ Time: 2026-04-13 22:27:53
============================================================

🚀 Training vit_l on mb-change_cls_hirise | Mode: LINEAR | LR: 0.001
   📂 [TRAIN] Loading 1 shards...
   ✅ Loaded 156 samples.
   📂 [TEST] Loading 1 shards...
   ✅ Loaded 1340 samples.
   ⚙️  Config: Workers=0, BS=64, SmallData=True

>>> Loading Model: vit_l (torchvision_vit)
   🔍 Auditing weights for [vit_l]...
   ✅ [PERFECT MATCH] 296/296 layers loaded (100.0%)

   🔍 [Structure Check] vit_l Output Analysis:
      Type: Tuple (len=2)
      Item 0: Shape (1, 1024)
      Item 1: Shape (1, 196, 1024)
      ✅ Identified: CLS=True, Patch=True
      👉 Final Strategy: concat_3 | Input Dim: 3072
   ❄️  Mode: Linear Probe (Backbone Frozen)
   ⚡ AMP Precision: torch.bfloat16
   🔄 Training Start... (Epochs: 50, Patience: 8)
   📅 Epoch 1 | Loss: 1.0250 | Val Accuracy: 91.94%
      ⭐ New Best! (Model saving disabled to save space)
   📅 Epoch 2 | Loss: 0.8347 | Val Accuracy: 8.06%
   📅 Epoch 3 | Loss: 0.8775 | Val Accuracy: 43.43%
   📅 Epoch 4 | Loss: 0.6370 | Val Accuracy: 93.06%
      ⭐ New Best! (Model saving disabled to save space)
   📅 Epoch 5 | Loss: 0.5834 | Val Accuracy: 91.12%
   📅 Epoch 6 | Loss: 0.5353 | Val Accuracy: 58.58%
   📅 Epoch 7 | Loss: 0.5115 | Val Accuracy: 56.12%
   📅 Epoch 8 | Loss: 0.5189 | Val Accuracy: 77.91%
   📅 Epoch 9 | Loss: 0.4322 | Val Accuracy: 88.58%
   📅 Epoch 10 | Loss: 0.5367 | Val Accuracy: 85.67%
   📅 Epoch 11 | Loss: 0.4659 | Val Accuracy: 71.19%
   📅 Epoch 12 | Loss: 0.4207 | Val Accuracy: 69.85%

   🛑 Early Stopping triggered after 8 epochs.

========================================
🏆 Best Val Accuracy: 93.06%
💾 Best Checkpoint: ./checkpoints/linear_mb-change_cls_hirise_vit_l_lr0.001_concat_3.pth
========================================

