
============================================================
📄 Log File: ./logs/linear_records/mb-change_cls_hirise_siglip2_frac0.05x_lr0.001_concat_3.log
⏰ Time: 2026-04-13 22:53:40
============================================================

🚀 Training siglip2 on mb-change_cls_hirise | Mode: LINEAR | LR: 0.001
   📂 [TRAIN] Loading 1 shards...
   ✅ Loaded 156 samples.
   📂 [TEST] Loading 1 shards...
   ✅ Loaded 1340 samples.
   ⚙️  Config: Workers=0, BS=64, SmallData=True

>>> Loading Model: siglip2 (transformers)

   🔍 [Structure Check] siglip2 Output Analysis:
      Type: Tuple (len=2)
      Item 0: Shape (1, 1024)
      Item 1: Shape (1, 256, 1024)
      ✅ Identified: CLS=True, Patch=True
      👉 Final Strategy: concat_3 | Input Dim: 3072
   ❄️  Mode: Linear Probe (Backbone Frozen)
   ⚡ AMP Precision: torch.bfloat16
   🔄 Training Start... (Epochs: 50, Patience: 8)
   📅 Epoch 1 | Loss: 1.7546 | Val Accuracy: 91.94%
      ⭐ New Best! (Model saving disabled to save space)
   📅 Epoch 2 | Loss: 1.2363 | Val Accuracy: 8.06%
   📅 Epoch 3 | Loss: 1.3782 | Val Accuracy: 8.06%
   📅 Epoch 4 | Loss: 0.7761 | Val Accuracy: 91.94%
   📅 Epoch 5 | Loss: 0.9778 | Val Accuracy: 91.94%
   📅 Epoch 6 | Loss: 0.7022 | Val Accuracy: 10.07%
   📅 Epoch 7 | Loss: 0.6677 | Val Accuracy: 8.58%
   📅 Epoch 8 | Loss: 0.6684 | Val Accuracy: 77.99%
   📅 Epoch 9 | Loss: 0.6626 | Val Accuracy: 93.43%
      ⭐ New Best! (Model saving disabled to save space)
   📅 Epoch 10 | Loss: 0.6989 | Val Accuracy: 64.03%
   📅 Epoch 11 | Loss: 0.5770 | Val Accuracy: 15.75%
   📅 Epoch 12 | Loss: 0.6126 | Val Accuracy: 57.99%
   📅 Epoch 13 | Loss: 0.5604 | Val Accuracy: 91.27%
   📅 Epoch 14 | Loss: 0.6136 | Val Accuracy: 85.00%
   📅 Epoch 15 | Loss: 0.5267 | Val Accuracy: 36.42%
   📅 Epoch 16 | Loss: 0.6283 | Val Accuracy: 36.49%
   📅 Epoch 17 | Loss: 0.5607 | Val Accuracy: 81.19%

   🛑 Early Stopping triggered after 8 epochs.

========================================
🏆 Best Val Accuracy: 93.43%
💾 Best Checkpoint: ./checkpoints/linear_mb-change_cls_hirise_siglip2_lr0.001_concat_3.pth
========================================

