
============================================================
📄 Log File: ./logs/linear_records/mb-change_cls_hirise_dinov3_sat_1cha_frac0.20x_lr1e-05_concat_3.log
⏰ Time: 2026-04-14 00:49:33
============================================================

🚀 Training dinov3_sat_1cha on mb-change_cls_hirise | Mode: LINEAR | LR: 1e-05
   📂 [TRAIN] Loading 1 shards...
   ✅ Loaded 626 samples.
   📂 [TEST] Loading 1 shards...
   ✅ Loaded 1340 samples.
   ⚙️  Config: Workers=8, BS=64, SmallData=False

>>> Loading Model: dinov3_sat_1cha (dinov3_hub)
   🔍 Auditing weights for [dinov3_sat_1cha]...
   ✅ [PERFECT MATCH] 368/368 layers loaded (100.0%)

   🔍 [Structure Check] dinov3_sat_1cha Output Analysis:
      Type: Tuple (len=2)
      Item 0: Shape (1, 1024)
      Item 1: Shape (1, 256, 1024)
      ✅ Identified: CLS=True, Patch=True
      👉 Final Strategy: concat_3 | Input Dim: 3072
   ❄️  Mode: Linear Probe (Backbone Frozen)
   ⚡ AMP Precision: torch.bfloat16
   🔄 Training Start... (Epochs: 50, Patience: 8)
   📅 Epoch 1 | Loss: 0.7046 | Val Accuracy: 89.78%
      ⭐ New Best! (Model saving disabled to save space)
   📅 Epoch 2 | Loss: 0.6955 | Val Accuracy: 91.72%
      ⭐ New Best! (Model saving disabled to save space)
   📅 Epoch 3 | Loss: 0.6822 | Val Accuracy: 91.94%
      ⭐ New Best! (Model saving disabled to save space)
   📅 Epoch 4 | Loss: 0.6789 | Val Accuracy: 91.94%
   📅 Epoch 5 | Loss: 0.6789 | Val Accuracy: 91.94%
   📅 Epoch 6 | Loss: 0.6717 | Val Accuracy: 91.94%
   📅 Epoch 7 | Loss: 0.6673 | Val Accuracy: 91.94%
   📅 Epoch 8 | Loss: 0.6615 | Val Accuracy: 91.94%
   📅 Epoch 9 | Loss: 0.6649 | Val Accuracy: 91.94%
   📅 Epoch 10 | Loss: 0.6591 | Val Accuracy: 91.94%
   📅 Epoch 11 | Loss: 0.6574 | Val Accuracy: 91.94%

   🛑 Early Stopping triggered after 8 epochs.

========================================
🏆 Best Val Accuracy: 91.94%
💾 Best Checkpoint: ./checkpoints/linear_mb-change_cls_hirise_dinov3_sat_1cha_lr1e-05_concat_3.pth
========================================

