
============================================================
📄 Log File: ./logs/linear_records/mb-change_cls_hirise_satmae_frac0.05x_lr1e-05_concat_3.log
⏰ Time: 2026-04-14 00:20:26
============================================================

🚀 Training satmae on mb-change_cls_hirise | Mode: LINEAR | LR: 1e-05
   📂 [TRAIN] Loading 1 shards...
   ✅ Loaded 156 samples.
   📂 [TEST] Loading 1 shards...
   ✅ Loaded 1340 samples.
   ⚙️  Config: Workers=0, BS=64, SmallData=True

>>> Loading Model: satmae (timm_mae)
   ℹ️  Config: in_chans=3
   🔍 Auditing weights for [satmae]...
   ✅ [PERFECT MATCH] 294/294 layers loaded (100.0%)

   🔍 [Structure Check] satmae Output Analysis:
      Type: Tuple (len=2)
      Item 0: Shape (1, 1024)
      Item 1: Shape (1, 196, 1024)
      ✅ Identified: CLS=True, Patch=True
      👉 Final Strategy: concat_3 | Input Dim: 3072
   ❄️  Mode: Linear Probe (Backbone Frozen)
   ⚡ AMP Precision: torch.bfloat16
   🔄 Training Start... (Epochs: 50, Patience: 8)
   📅 Epoch 1 | Loss: 0.7208 | Val Accuracy: 92.31%
      ⭐ New Best! (Model saving disabled to save space)
   📅 Epoch 2 | Loss: 0.7307 | Val Accuracy: 92.54%
      ⭐ New Best! (Model saving disabled to save space)
   📅 Epoch 3 | Loss: 0.7181 | Val Accuracy: 90.07%
   📅 Epoch 4 | Loss: 0.7242 | Val Accuracy: 85.22%
   📅 Epoch 5 | Loss: 0.7017 | Val Accuracy: 75.82%
   📅 Epoch 6 | Loss: 0.7070 | Val Accuracy: 63.28%
   📅 Epoch 7 | Loss: 0.7108 | Val Accuracy: 52.54%
   📅 Epoch 8 | Loss: 0.6968 | Val Accuracy: 45.97%
   📅 Epoch 9 | Loss: 0.6783 | Val Accuracy: 41.27%
   📅 Epoch 10 | Loss: 0.7017 | Val Accuracy: 36.57%

   🛑 Early Stopping triggered after 8 epochs.

========================================
🏆 Best Val Accuracy: 92.54%
💾 Best Checkpoint: ./checkpoints/linear_mb-change_cls_hirise_satmae_lr1e-05_concat_3.pth
========================================

