
============================================================
📄 Log File: ./logs/linear_records/mb-change_cls_hirise_openclip_frac0.01x_lr0.001_concat_3.log
⏰ Time: 2026-04-14 00:06:33
============================================================

🚀 Training openclip on mb-change_cls_hirise | Mode: LINEAR | LR: 0.001
   📂 [TRAIN] Loading 1 shards...
   ✅ Loaded 31 samples.
   📂 [TEST] Loading 1 shards...
   ✅ Loaded 1340 samples.
   ⚙️  Config: Workers=0, BS=31, SmallData=True

>>> Loading Model: openclip (transformers_clip)

   🔍 [Structure Check] openclip Output Analysis:
      Type: Tuple (len=2)
      Item 0: Shape (1, 1024)
      Item 1: Shape (1, 256, 1024)
      ✅ Identified: CLS=True, Patch=True
      👉 Final Strategy: concat_3 | Input Dim: 3072
   ❄️  Mode: Linear Probe (Backbone Frozen)
   ⚡ AMP Precision: torch.bfloat16
   🔄 Training Start... (Epochs: 50, Patience: 8)
   📅 Epoch 1 | Loss: 0.7448 | Val Accuracy: 9.10%
      ⭐ New Best! (Model saving disabled to save space)
   📅 Epoch 2 | Loss: 0.7663 | Val Accuracy: 9.10%
   📅 Epoch 3 | Loss: 0.8383 | Val Accuracy: 9.10%
   📅 Epoch 4 | Loss: 0.7111 | Val Accuracy: 9.10%
   📅 Epoch 5 | Loss: 0.6825 | Val Accuracy: 9.10%
   📅 Epoch 6 | Loss: 0.7973 | Val Accuracy: 9.10%
   📅 Epoch 7 | Loss: 0.6690 | Val Accuracy: 9.10%
   📅 Epoch 8 | Loss: 0.7396 | Val Accuracy: 9.10%
   📅 Epoch 9 | Loss: 0.7908 | Val Accuracy: 9.10%

   🛑 Early Stopping triggered after 8 epochs.

========================================
🏆 Best Val Accuracy: 9.10%
💾 Best Checkpoint: ./checkpoints/linear_mb-change_cls_hirise_openclip_lr0.001_concat_3.pth
========================================

