
============================================================
📄 Log File: ./logs/linear_records/mb-change_cls_hirise_dinov3_lvd_1cha_lr0.01_concat_3.log
⏰ Time: 2026-04-02 02:29:04
============================================================

🚀 Training dinov3_lvd_1cha on mb-change_cls_hirise | Mode: LINEAR | LR: 0.01
   📂 [TRAIN] Loading 1 shards...
   ✅ Loaded 6206 samples.
   📂 [TEST] Loading 1 shards...
   ✅ Loaded 1340 samples.
   ⚙️  Config: Workers=8, BS=256, SmallData=False

>>> Loading Model: dinov3_lvd_1cha (dinov3_hub)
   🔍 Auditing weights for [dinov3_lvd_1cha]...
   ✅ [PERFECT MATCH] 368/368 layers loaded (100.0%)

   🔍 [Structure Check] dinov3_lvd_1cha Output Analysis:
      Type: Tuple (len=2)
      Item 0: Shape (1, 1024)
      Item 1: Shape (1, 256, 1024)
      ✅ Identified: CLS=True, Patch=True
      👉 Final Strategy: concat_3 | Input Dim: 3072
   ❄️  Mode: Linear Probe (Backbone Frozen)
   🚀 Compiling model with torch.compile...
   ⚡ AMP Precision: torch.bfloat16
   🔄 Training Start... (Epochs: 40, Patience: 5)
   📅 Epoch 1 | Loss: 0.6839 | Val Accuracy: 95.90%
      ⭐ New Best! Saved.
   📅 Epoch 2 | Loss: 0.2777 | Val Accuracy: 96.19%
      ⭐ New Best! Saved.
   📅 Epoch 3 | Loss: 0.1684 | Val Accuracy: 96.42%
      ⭐ New Best! Saved.
   📅 Epoch 4 | Loss: 0.1301 | Val Accuracy: 95.90%
   📅 Epoch 5 | Loss: 0.1388 | Val Accuracy: 96.72%
      ⭐ New Best! Saved.
   📅 Epoch 6 | Loss: 0.1316 | Val Accuracy: 97.24%
      ⭐ New Best! Saved.
   📅 Epoch 7 | Loss: 0.1177 | Val Accuracy: 96.42%
   📅 Epoch 8 | Loss: 0.1135 | Val Accuracy: 96.72%
   📅 Epoch 9 | Loss: 0.1331 | Val Accuracy: 97.46%
      ⭐ New Best! Saved.
   📅 Epoch 10 | Loss: 0.1189 | Val Accuracy: 96.87%
   📅 Epoch 11 | Loss: 0.1534 | Val Accuracy: 95.52%
   📅 Epoch 12 | Loss: 0.1305 | Val Accuracy: 96.87%
   📅 Epoch 13 | Loss: 0.1422 | Val Accuracy: 96.87%
   📅 Epoch 14 | Loss: 0.1201 | Val Accuracy: 96.87%

   🛑 Early Stopping triggered after 5 epochs.

========================================
🏆 Best Val Accuracy: 97.46%
💾 Best Checkpoint: ./checkpoints/linear_mb-change_cls_hirise_dinov3_lvd_1cha_lr0.01_concat_3.pth
========================================

