
============================================================
📄 Log File: ./logs/linear_records/mb-change_cls_hirise_satmae_frac0.50x_lr0.001_concat_3.log
⏰ Time: 2026-04-14 00:22:09
============================================================

🚀 Training satmae on mb-change_cls_hirise | Mode: LINEAR | LR: 0.001
   📂 [TRAIN] Loading 1 shards...
   ✅ Loaded 1565 samples.
   📂 [TEST] Loading 1 shards...
   ✅ Loaded 1340 samples.
   ⚙️  Config: Workers=8, BS=64, SmallData=False

>>> Loading Model: satmae (timm_mae)
   ℹ️  Config: in_chans=3
   🔍 Auditing weights for [satmae]...
   ✅ [PERFECT MATCH] 294/294 layers loaded (100.0%)

   🔍 [Structure Check] satmae Output Analysis:
      Type: Tuple (len=2)
      Item 0: Shape (1, 1024)
      Item 1: Shape (1, 196, 1024)
      ✅ Identified: CLS=True, Patch=True
      👉 Final Strategy: concat_3 | Input Dim: 3072
   ❄️  Mode: Linear Probe (Backbone Frozen)
   ⚡ AMP Precision: torch.bfloat16
   🔄 Training Start... (Epochs: 50, Patience: 8)
   📅 Epoch 1 | Loss: 0.5452 | Val Accuracy: 91.94%
      ⭐ New Best! (Model saving disabled to save space)
   📅 Epoch 2 | Loss: 0.3969 | Val Accuracy: 94.63%
      ⭐ New Best! (Model saving disabled to save space)
   📅 Epoch 3 | Loss: 0.3412 | Val Accuracy: 95.15%
      ⭐ New Best! (Model saving disabled to save space)
   📅 Epoch 4 | Loss: 0.3211 | Val Accuracy: 94.93%
   📅 Epoch 5 | Loss: 0.3045 | Val Accuracy: 95.15%
   📅 Epoch 6 | Loss: 0.3221 | Val Accuracy: 95.15%
   📅 Epoch 7 | Loss: 0.3026 | Val Accuracy: 95.07%
   📅 Epoch 8 | Loss: 0.3133 | Val Accuracy: 95.30%
      ⭐ New Best! (Model saving disabled to save space)
   📅 Epoch 9 | Loss: 0.3124 | Val Accuracy: 94.85%
   📅 Epoch 10 | Loss: 0.3208 | Val Accuracy: 95.00%
   📅 Epoch 11 | Loss: 0.2912 | Val Accuracy: 94.85%
   📅 Epoch 12 | Loss: 0.3155 | Val Accuracy: 91.87%
   📅 Epoch 13 | Loss: 0.2974 | Val Accuracy: 95.67%
      ⭐ New Best! (Model saving disabled to save space)
   📅 Epoch 14 | Loss: 0.3026 | Val Accuracy: 93.06%
   📅 Epoch 15 | Loss: 0.2897 | Val Accuracy: 93.43%
   📅 Epoch 16 | Loss: 0.3309 | Val Accuracy: 95.60%
   📅 Epoch 17 | Loss: 0.3199 | Val Accuracy: 95.67%
   📅 Epoch 18 | Loss: 0.3106 | Val Accuracy: 95.52%
   📅 Epoch 19 | Loss: 0.2982 | Val Accuracy: 95.37%
   📅 Epoch 20 | Loss: 0.3068 | Val Accuracy: 93.58%
   📅 Epoch 21 | Loss: 0.3002 | Val Accuracy: 95.30%

   🛑 Early Stopping triggered after 8 epochs.

========================================
🏆 Best Val Accuracy: 95.67%
💾 Best Checkpoint: ./checkpoints/linear_mb-change_cls_hirise_satmae_lr0.001_concat_3.pth
========================================

