
============================================================
📄 Log File: ./logs/linear_records/mb-change_cls_ctx_satmae_frac0.20x_lr0.001_concat_3.log
⏰ Time: 2026-04-16 19:07:10
============================================================

🚀 Training satmae on mb-change_cls_ctx | Mode: LINEAR | LR: 0.001
   📂 [TRAIN] Loading 1 shards...
   ✅ Loaded 7 samples.
   📂 [TEST] Loading 1 shards...
   ✅ Loaded 20 samples.
   ⚙️  Config: Workers=0, BS=7, SmallData=True

>>> Loading Model: satmae (timm_mae)
   ℹ️  Config: in_chans=3
   🔍 Auditing weights for [satmae]...
   ✅ [PERFECT MATCH] 294/294 layers loaded (100.0%)

   🔍 [Structure Check] satmae Output Analysis:
      Type: Tuple (len=2)
      Item 0: Shape (1, 1024)
      Item 1: Shape (1, 196, 1024)
      ✅ Identified: CLS=True, Patch=True
      👉 Final Strategy: concat_3 | Input Dim: 3072
   ❄️  Mode: Linear Probe (Backbone Frozen)
   ⚡ AMP Precision: torch.bfloat16
   🔄 Training Start... (Epochs: 50, Patience: 8)
   📅 Epoch 1 | Loss: 0.6801 | Val Accuracy: 80.00%
      ⭐ New Best! (Model saving disabled to save space)
   📅 Epoch 2 | Loss: 0.7755 | Val Accuracy: 80.00%
   📅 Epoch 3 | Loss: 0.7828 | Val Accuracy: 80.00%
   📅 Epoch 4 | Loss: 0.7172 | Val Accuracy: 80.00%
   📅 Epoch 5 | Loss: 0.7447 | Val Accuracy: 80.00%
   📅 Epoch 6 | Loss: 0.6193 | Val Accuracy: 80.00%
   📅 Epoch 7 | Loss: 0.7935 | Val Accuracy: 80.00%
   📅 Epoch 8 | Loss: 0.7546 | Val Accuracy: 80.00%
   📅 Epoch 9 | Loss: 0.7134 | Val Accuracy: 80.00%

   🛑 Early Stopping triggered after 8 epochs.

========================================
🏆 Best Val Accuracy: 80.00%
💾 Best Checkpoint: ./checkpoints/linear_mb-change_cls_ctx_satmae_lr0.001_concat_3.pth
========================================

