
============================================================
📄 Log File: ./logs/linear_records/mb-change_cls_hirise_vit_l_frac0.01x_lr0.0001_concat_3.log
⏰ Time: 2026-04-14 00:03:01
============================================================

🚀 Training vit_l on mb-change_cls_hirise | Mode: LINEAR | LR: 0.0001
   📂 [TRAIN] Loading 1 shards...
   ✅ Loaded 31 samples.
   📂 [TEST] Loading 1 shards...
   ✅ Loaded 1340 samples.
   ⚙️  Config: Workers=0, BS=31, SmallData=True

>>> Loading Model: vit_l (torchvision_vit)
   🔍 Auditing weights for [vit_l]...
   ✅ [PERFECT MATCH] 296/296 layers loaded (100.0%)

   🔍 [Structure Check] vit_l Output Analysis:
      Type: Tuple (len=2)
      Item 0: Shape (1, 1024)
      Item 1: Shape (1, 196, 1024)
      ✅ Identified: CLS=True, Patch=True
      👉 Final Strategy: concat_3 | Input Dim: 3072
   ❄️  Mode: Linear Probe (Backbone Frozen)
   ⚡ AMP Precision: torch.bfloat16
   🔄 Training Start... (Epochs: 50, Patience: 8)
   📅 Epoch 1 | Loss: 0.7236 | Val Accuracy: 89.70%
      ⭐ New Best! (Model saving disabled to save space)
   📅 Epoch 2 | Loss: 0.7110 | Val Accuracy: 89.70%
   📅 Epoch 3 | Loss: 0.7479 | Val Accuracy: 89.70%
   📅 Epoch 4 | Loss: 0.7331 | Val Accuracy: 89.70%
   📅 Epoch 5 | Loss: 0.7307 | Val Accuracy: 89.70%
   📅 Epoch 6 | Loss: 0.7639 | Val Accuracy: 89.70%
   📅 Epoch 7 | Loss: 0.7693 | Val Accuracy: 89.70%
   📅 Epoch 8 | Loss: 0.7285 | Val Accuracy: 89.70%
   📅 Epoch 9 | Loss: 0.7193 | Val Accuracy: 89.70%

   🛑 Early Stopping triggered after 8 epochs.

========================================
🏆 Best Val Accuracy: 89.70%
💾 Best Checkpoint: ./checkpoints/linear_mb-change_cls_hirise_vit_l_lr0.0001_concat_3.pth
========================================

