
============================================================
📄 Log File: ./logs/linear_records/mb-change_cls_hirise_swin_v2_frac0.05x_lr1e-05_concat_3.log
⏰ Time: 2026-04-14 00:11:25
============================================================

🚀 Training swin_v2 on mb-change_cls_hirise | Mode: LINEAR | LR: 1e-05
   📂 [TRAIN] Loading 1 shards...
   ✅ Loaded 156 samples.
   📂 [TEST] Loading 1 shards...
   ✅ Loaded 1340 samples.
   ⚙️  Config: Workers=0, BS=64, SmallData=True

>>> Loading Model: swin_v2 (torchvision_swin)
   🔍 Auditing weights for [swin_v2]...
   ✅ [PERFECT MATCH] 449/449 layers loaded (100.0%)

   🔍 [Structure Check] swin_v2 Output Analysis:
      Type: Tuple (len=2)
      Item 0: Shape (1, 1024)
      Item 1: Shape (1, 64, 1024)
      ✅ Identified: CLS=True, Patch=True
      👉 Final Strategy: concat_3 | Input Dim: 3072
   ❄️  Mode: Linear Probe (Backbone Frozen)
   ⚡ AMP Precision: torch.bfloat16
   🔄 Training Start... (Epochs: 50, Patience: 8)
   📅 Epoch 1 | Loss: 0.6732 | Val Accuracy: 82.61%
      ⭐ New Best! (Model saving disabled to save space)
   📅 Epoch 2 | Loss: 0.6470 | Val Accuracy: 82.54%
   📅 Epoch 3 | Loss: 0.6398 | Val Accuracy: 81.57%
   📅 Epoch 4 | Loss: 0.6659 | Val Accuracy: 81.12%
   📅 Epoch 5 | Loss: 0.6413 | Val Accuracy: 80.75%
   📅 Epoch 6 | Loss: 0.6579 | Val Accuracy: 80.30%
   📅 Epoch 7 | Loss: 0.6613 | Val Accuracy: 80.22%
   📅 Epoch 8 | Loss: 0.6445 | Val Accuracy: 79.63%
   📅 Epoch 9 | Loss: 0.6608 | Val Accuracy: 79.48%

   🛑 Early Stopping triggered after 8 epochs.

========================================
🏆 Best Val Accuracy: 82.61%
💾 Best Checkpoint: ./checkpoints/linear_mb-change_cls_hirise_swin_v2_lr1e-05_concat_3.pth
========================================

