
============================================================
📄 Log File: ./logs/linear_records/mb-change_cls_hirise_siglip2_frac0.05x_lr1e-05_concat_3.log
⏰ Time: 2026-04-14 00:30:20
============================================================

🚀 Training siglip2 on mb-change_cls_hirise | Mode: LINEAR | LR: 1e-05
   📂 [TRAIN] Loading 1 shards...
   ✅ Loaded 156 samples.
   📂 [TEST] Loading 1 shards...
   ✅ Loaded 1340 samples.
   ⚙️  Config: Workers=0, BS=64, SmallData=True

>>> Loading Model: siglip2 (transformers)

   🔍 [Structure Check] siglip2 Output Analysis:
      Type: Tuple (len=2)
      Item 0: Shape (1, 1024)
      Item 1: Shape (1, 256, 1024)
      ✅ Identified: CLS=True, Patch=True
      👉 Final Strategy: concat_3 | Input Dim: 3072
   ❄️  Mode: Linear Probe (Backbone Frozen)
   ⚡ AMP Precision: torch.bfloat16
   🔄 Training Start... (Epochs: 50, Patience: 8)
   📅 Epoch 1 | Loss: 0.7312 | Val Accuracy: 57.39%
      ⭐ New Best! (Model saving disabled to save space)
   📅 Epoch 2 | Loss: 0.7321 | Val Accuracy: 59.25%
      ⭐ New Best! (Model saving disabled to save space)
   📅 Epoch 3 | Loss: 0.7379 | Val Accuracy: 55.30%
   📅 Epoch 4 | Loss: 0.7307 | Val Accuracy: 54.33%
   📅 Epoch 5 | Loss: 0.7261 | Val Accuracy: 51.57%
   📅 Epoch 6 | Loss: 0.7088 | Val Accuracy: 49.85%
   📅 Epoch 7 | Loss: 0.7370 | Val Accuracy: 51.04%
   📅 Epoch 8 | Loss: 0.7178 | Val Accuracy: 53.21%
   📅 Epoch 9 | Loss: 0.7030 | Val Accuracy: 54.85%
   📅 Epoch 10 | Loss: 0.7207 | Val Accuracy: 57.16%

   🛑 Early Stopping triggered after 8 epochs.

========================================
🏆 Best Val Accuracy: 59.25%
💾 Best Checkpoint: ./checkpoints/linear_mb-change_cls_hirise_siglip2_lr1e-05_concat_3.pth
========================================

