
============================================================
📄 Log File: ./logs/linear_records/mb-change_cls_hirise_dinov3_lvd_1cha_frac0.05x_lr1e-05_concat_3.log
⏰ Time: 2026-04-14 00:59:52
============================================================

🚀 Training dinov3_lvd_1cha on mb-change_cls_hirise | Mode: LINEAR | LR: 1e-05
   📂 [TRAIN] Loading 1 shards...
   ✅ Loaded 156 samples.
   📂 [TEST] Loading 1 shards...
   ✅ Loaded 1340 samples.
   ⚙️  Config: Workers=0, BS=64, SmallData=True

>>> Loading Model: dinov3_lvd_1cha (dinov3_hub)
   🔍 Auditing weights for [dinov3_lvd_1cha]...
   ✅ [PERFECT MATCH] 368/368 layers loaded (100.0%)

   🔍 [Structure Check] dinov3_lvd_1cha Output Analysis:
      Type: Tuple (len=2)
      Item 0: Shape (1, 1024)
      Item 1: Shape (1, 256, 1024)
      ✅ Identified: CLS=True, Patch=True
      👉 Final Strategy: concat_3 | Input Dim: 3072
   ❄️  Mode: Linear Probe (Backbone Frozen)
   ⚡ AMP Precision: torch.bfloat16
   🔄 Training Start... (Epochs: 50, Patience: 8)
   📅 Epoch 1 | Loss: 0.6789 | Val Accuracy: 28.43%
      ⭐ New Best! (Model saving disabled to save space)
   📅 Epoch 2 | Loss: 0.6754 | Val Accuracy: 30.97%
      ⭐ New Best! (Model saving disabled to save space)
   📅 Epoch 3 | Loss: 0.6682 | Val Accuracy: 33.66%
      ⭐ New Best! (Model saving disabled to save space)
   📅 Epoch 4 | Loss: 0.6701 | Val Accuracy: 37.09%
      ⭐ New Best! (Model saving disabled to save space)
   📅 Epoch 5 | Loss: 0.6678 | Val Accuracy: 39.63%
      ⭐ New Best! (Model saving disabled to save space)
   📅 Epoch 6 | Loss: 0.6655 | Val Accuracy: 42.39%
      ⭐ New Best! (Model saving disabled to save space)
   📅 Epoch 7 | Loss: 0.6698 | Val Accuracy: 45.75%
      ⭐ New Best! (Model saving disabled to save space)
   📅 Epoch 8 | Loss: 0.6583 | Val Accuracy: 47.99%
      ⭐ New Best! (Model saving disabled to save space)
   📅 Epoch 9 | Loss: 0.6684 | Val Accuracy: 49.48%
      ⭐ New Best! (Model saving disabled to save space)
   📅 Epoch 10 | Loss: 0.6579 | Val Accuracy: 52.46%
      ⭐ New Best! (Model saving disabled to save space)
   📅 Epoch 11 | Loss: 0.6616 | Val Accuracy: 54.48%
      ⭐ New Best! (Model saving disabled to save space)
   📅 Epoch 12 | Loss: 0.6677 | Val Accuracy: 57.99%
      ⭐ New Best! (Model saving disabled to save space)
   📅 Epoch 13 | Loss: 0.6551 | Val Accuracy: 60.60%
      ⭐ New Best! (Model saving disabled to save space)
   📅 Epoch 14 | Loss: 0.6512 | Val Accuracy: 62.61%
      ⭐ New Best! (Model saving disabled to save space)
   📅 Epoch 15 | Loss: 0.6572 | Val Accuracy: 64.18%
      ⭐ New Best! (Model saving disabled to save space)
   📅 Epoch 16 | Loss: 0.6455 | Val Accuracy: 65.52%
      ⭐ New Best! (Model saving disabled to save space)
   📅 Epoch 17 | Loss: 0.6499 | Val Accuracy: 66.87%
      ⭐ New Best! (Model saving disabled to save space)
   📅 Epoch 18 | Loss: 0.6478 | Val Accuracy: 68.21%
      ⭐ New Best! (Model saving disabled to save space)
   📅 Epoch 19 | Loss: 0.6375 | Val Accuracy: 69.78%
      ⭐ New Best! (Model saving disabled to save space)
   📅 Epoch 20 | Loss: 0.6503 | Val Accuracy: 71.04%
      ⭐ New Best! (Model saving disabled to save space)
   📅 Epoch 21 | Loss: 0.6538 | Val Accuracy: 72.54%
      ⭐ New Best! (Model saving disabled to save space)
   📅 Epoch 22 | Loss: 0.6324 | Val Accuracy: 72.99%
      ⭐ New Best! (Model saving disabled to save space)
   📅 Epoch 23 | Loss: 0.6328 | Val Accuracy: 73.51%
      ⭐ New Best! (Model saving disabled to save space)
   📅 Epoch 24 | Loss: 0.6368 | Val Accuracy: 73.96%
      ⭐ New Best! (Model saving disabled to save space)
   📅 Epoch 25 | Loss: 0.6393 | Val Accuracy: 74.93%
      ⭐ New Best! (Model saving disabled to save space)
   📅 Epoch 26 | Loss: 0.6413 | Val Accuracy: 74.93%
   📅 Epoch 27 | Loss: 0.6253 | Val Accuracy: 75.30%
      ⭐ New Best! (Model saving disabled to save space)
   📅 Epoch 28 | Loss: 0.6357 | Val Accuracy: 75.82%
      ⭐ New Best! (Model saving disabled to save space)
   📅 Epoch 29 | Loss: 0.6262 | Val Accuracy: 76.19%
      ⭐ New Best! (Model saving disabled to save space)
   📅 Epoch 30 | Loss: 0.6301 | Val Accuracy: 76.04%
   📅 Epoch 31 | Loss: 0.6200 | Val Accuracy: 76.42%
      ⭐ New Best! (Model saving disabled to save space)
   📅 Epoch 32 | Loss: 0.6286 | Val Accuracy: 76.49%
      ⭐ New Best! (Model saving disabled to save space)
   📅 Epoch 33 | Loss: 0.6186 | Val Accuracy: 76.72%
      ⭐ New Best! (Model saving disabled to save space)
   📅 Epoch 34 | Loss: 0.6188 | Val Accuracy: 77.01%
      ⭐ New Best! (Model saving disabled to save space)
   📅 Epoch 35 | Loss: 0.6234 | Val Accuracy: 77.09%
      ⭐ New Best! (Model saving disabled to save space)
   📅 Epoch 36 | Loss: 0.6195 | Val Accuracy: 77.39%
      ⭐ New Best! (Model saving disabled to save space)
   📅 Epoch 37 | Loss: 0.6112 | Val Accuracy: 77.99%
      ⭐ New Best! (Model saving disabled to save space)
   📅 Epoch 38 | Loss: 0.6208 | Val Accuracy: 78.28%
      ⭐ New Best! (Model saving disabled to save space)
   📅 Epoch 39 | Loss: 0.6198 | Val Accuracy: 78.73%
      ⭐ New Best! (Model saving disabled to save space)
   📅 Epoch 40 | Loss: 0.6016 | Val Accuracy: 78.88%
      ⭐ New Best! (Model saving disabled to save space)
   📅 Epoch 41 | Loss: 0.5999 | Val Accuracy: 78.96%
      ⭐ New Best! (Model saving disabled to save space)
   📅 Epoch 42 | Loss: 0.6048 | Val Accuracy: 79.18%
      ⭐ New Best! (Model saving disabled to save space)
   📅 Epoch 43 | Loss: 0.6201 | Val Accuracy: 79.33%
      ⭐ New Best! (Model saving disabled to save space)
   📅 Epoch 44 | Loss: 0.6107 | Val Accuracy: 79.48%
      ⭐ New Best! (Model saving disabled to save space)
   📅 Epoch 45 | Loss: 0.6033 | Val Accuracy: 79.63%
      ⭐ New Best! (Model saving disabled to save space)
   📅 Epoch 46 | Loss: 0.6139 | Val Accuracy: 79.85%
      ⭐ New Best! (Model saving disabled to save space)
   📅 Epoch 47 | Loss: 0.6042 | Val Accuracy: 80.00%
      ⭐ New Best! (Model saving disabled to save space)
   📅 Epoch 48 | Loss: 0.5933 | Val Accuracy: 80.07%
      ⭐ New Best! (Model saving disabled to save space)
   📅 Epoch 49 | Loss: 0.5929 | Val Accuracy: 80.22%
      ⭐ New Best! (Model saving disabled to save space)
   📅 Epoch 50 | Loss: 0.6036 | Val Accuracy: 80.82%
      ⭐ New Best! (Model saving disabled to save space)

========================================
🏆 Best Val Accuracy: 80.82%
💾 Best Checkpoint: ./checkpoints/linear_mb-change_cls_hirise_dinov3_lvd_1cha_lr1e-05_concat_3.pth
========================================

