
============================================================
📄 Log File: ./logs/linear_records/mb-change_cls_hirise_openclip_frac0.05x_lr0.0001_concat_3.log
⏰ Time: 2026-04-14 00:07:56
============================================================

🚀 Training openclip on mb-change_cls_hirise | Mode: LINEAR | LR: 0.0001
   📂 [TRAIN] Loading 1 shards...
   ✅ Loaded 156 samples.
   📂 [TEST] Loading 1 shards...
   ✅ Loaded 1340 samples.
   ⚙️  Config: Workers=0, BS=64, SmallData=True

>>> Loading Model: openclip (transformers_clip)

   🔍 [Structure Check] openclip Output Analysis:
      Type: Tuple (len=2)
      Item 0: Shape (1, 1024)
      Item 1: Shape (1, 256, 1024)
      ✅ Identified: CLS=True, Patch=True
      👉 Final Strategy: concat_3 | Input Dim: 3072
   ❄️  Mode: Linear Probe (Backbone Frozen)
   ⚡ AMP Precision: torch.bfloat16
   🔄 Training Start... (Epochs: 50, Patience: 8)
   📅 Epoch 1 | Loss: 0.6968 | Val Accuracy: 90.67%
      ⭐ New Best! (Model saving disabled to save space)
   📅 Epoch 2 | Loss: 0.6875 | Val Accuracy: 77.61%
   📅 Epoch 3 | Loss: 0.6981 | Val Accuracy: 79.33%
   📅 Epoch 4 | Loss: 0.6848 | Val Accuracy: 86.72%
   📅 Epoch 5 | Loss: 0.6841 | Val Accuracy: 87.61%
   📅 Epoch 6 | Loss: 0.6721 | Val Accuracy: 87.39%
   📅 Epoch 7 | Loss: 0.6688 | Val Accuracy: 82.46%
   📅 Epoch 8 | Loss: 0.6567 | Val Accuracy: 64.78%
   📅 Epoch 9 | Loss: 0.6484 | Val Accuracy: 75.22%

   🛑 Early Stopping triggered after 8 epochs.

========================================
🏆 Best Val Accuracy: 90.67%
💾 Best Checkpoint: ./checkpoints/linear_mb-change_cls_hirise_openclip_lr0.0001_concat_3.pth
========================================

