
============================================================
📄 Log File: ./logs/linear_records/mb-change_cls_ctx_vit_l_frac0.50x_lr0.001_concat_3.log
⏰ Time: 2026-04-16 19:06:41
============================================================

🚀 Training vit_l on mb-change_cls_ctx | Mode: LINEAR | LR: 0.001
   📂 [TRAIN] Loading 1 shards...
   ✅ Loaded 18 samples.
   📂 [TEST] Loading 1 shards...
   ✅ Loaded 20 samples.
   ⚙️  Config: Workers=0, BS=18, SmallData=True

>>> Loading Model: vit_l (torchvision_vit)
   🔍 Auditing weights for [vit_l]...
   ✅ [PERFECT MATCH] 296/296 layers loaded (100.0%)

   🔍 [Structure Check] vit_l Output Analysis:
      Type: Tuple (len=2)
      Item 0: Shape (1, 1024)
      Item 1: Shape (1, 196, 1024)
      ✅ Identified: CLS=True, Patch=True
      👉 Final Strategy: concat_3 | Input Dim: 3072
   ❄️  Mode: Linear Probe (Backbone Frozen)
   ⚡ AMP Precision: torch.bfloat16
   🔄 Training Start... (Epochs: 50, Patience: 8)
   📅 Epoch 1 | Loss: 0.5532 | Val Accuracy: 80.00%
      ⭐ New Best! (Model saving disabled to save space)
   📅 Epoch 2 | Loss: 0.5237 | Val Accuracy: 80.00%
   📅 Epoch 3 | Loss: 0.5468 | Val Accuracy: 80.00%
   📅 Epoch 4 | Loss: 0.5598 | Val Accuracy: 80.00%
   📅 Epoch 5 | Loss: 0.5774 | Val Accuracy: 80.00%
   📅 Epoch 6 | Loss: 0.5760 | Val Accuracy: 80.00%
   📅 Epoch 7 | Loss: 0.5855 | Val Accuracy: 80.00%
   📅 Epoch 8 | Loss: 0.5751 | Val Accuracy: 80.00%
   📅 Epoch 9 | Loss: 0.5778 | Val Accuracy: 80.00%

   🛑 Early Stopping triggered after 8 epochs.

========================================
🏆 Best Val Accuracy: 80.00%
💾 Best Checkpoint: ./checkpoints/linear_mb-change_cls_ctx_vit_l_lr0.001_concat_3.pth
========================================

