
============================================================
📄 Log File: ./logs/linear_records_new/mb-change_cls_hirise_dinov3_sat_frac0.50x_lr1e-05_concat_3.log
⏰ Time: 2026-04-15 17:59:57
============================================================

🚀 Training dinov3_sat on mb-change_cls_hirise | Mode: LINEAR | LR: 1e-05
   📂 [TRAIN] Loading 1 shards...
   ✅ Loaded 1565 samples.
   📂 [TEST] Loading 1 shards...
   ✅ Loaded 1340 samples.
   ⚙️  Config: Workers=8, BS=64, SmallData=False

>>> Loading Model: dinov3_sat (dinov3_hub)
  ℹ️  DINOv3 Config: in_chans=3
   🔍 Auditing weights for [dinov3_sat]...
   ✅ [PERFECT MATCH] 368/368 layers loaded (100.0%)

   🔍 [Structure Check] dinov3_sat Output Analysis:
      Type: Tuple (len=2)
      Item 0: Shape (1, 1024)
      Item 1: Shape (1, 256, 1024)
      ✅ Identified: CLS=True, Patch=True
      👉 Final Strategy: concat_3 | Input Dim: 3072
   ❄️  Mode: Linear Probe (Backbone Frozen)
   ⚡ AMP Precision: torch.bfloat16
   🔄 Training Start... (Epochs: 50, Patience: 8)
   📅 Epoch 1 | Loss: 0.6991 | Val Accuracy: 81.12%
      ⭐ New Best! (Model saving disabled to save space)
   📅 Epoch 2 | Loss: 0.6075 | Val Accuracy: 91.27%
      ⭐ New Best! (Model saving disabled to save space)
   📅 Epoch 3 | Loss: 0.5447 | Val Accuracy: 91.94%
      ⭐ New Best! (Model saving disabled to save space)
   📅 Epoch 4 | Loss: 0.5078 | Val Accuracy: 91.94%
   📅 Epoch 5 | Loss: 0.4841 | Val Accuracy: 91.94%
   📅 Epoch 6 | Loss: 0.4741 | Val Accuracy: 91.94%
   📅 Epoch 7 | Loss: 0.4577 | Val Accuracy: 91.94%
   📅 Epoch 8 | Loss: 0.4501 | Val Accuracy: 91.94%
   📅 Epoch 9 | Loss: 0.4374 | Val Accuracy: 91.94%
   📅 Epoch 10 | Loss: 0.4345 | Val Accuracy: 91.94%
   📅 Epoch 11 | Loss: 0.4288 | Val Accuracy: 91.94%

   🛑 Early Stopping triggered after 8 epochs.

========================================
🏆 Best Val Accuracy: 91.94%
💾 Best Checkpoint: ./checkpoints/linear_mb-change_cls_hirise_dinov3_sat_lr1e-05_concat_3.pth
========================================

