
============================================================
📄 Log File: ./logs/linear_records_new/mb-change_cls_hirise_dinov2_l14_frac0.05x_lr0.0001_concat_3.log
⏰ Time: 2026-04-14 22:06:05
============================================================

🚀 Training dinov2_l14 on mb-change_cls_hirise | Mode: LINEAR | LR: 0.0001
   📂 [TRAIN] Loading 1 shards...
   ✅ Loaded 156 samples.
   📂 [TEST] Loading 1 shards...
   ✅ Loaded 1340 samples.
   ⚙️  Config: Workers=0, BS=64, SmallData=True

>>> Loading Model: dinov2_l14 (dinov2_hub)
   🔍 Auditing weights for [dinov2_l14]...
   ✅ [PERFECT MATCH] 343/343 layers loaded (100.0%)

   🔍 [Structure Check] dinov2_l14 Output Analysis:
      Type: Tuple (len=2)
      Item 0: Shape (1, 1024)
      Item 1: Shape (1, 256, 1024)
      ✅ Identified: CLS=True, Patch=True
      👉 Final Strategy: concat_3 | Input Dim: 3072
   ❄️  Mode: Linear Probe (Backbone Frozen)
   ⚡ AMP Precision: torch.bfloat16
   🔄 Training Start... (Epochs: 50, Patience: 8)
   📅 Epoch 1 | Loss: 0.7767 | Val Accuracy: 11.87%
      ⭐ New Best! (Model saving disabled to save space)
   📅 Epoch 2 | Loss: 0.7623 | Val Accuracy: 46.87%
      ⭐ New Best! (Model saving disabled to save space)
   📅 Epoch 3 | Loss: 0.7085 | Val Accuracy: 61.64%
      ⭐ New Best! (Model saving disabled to save space)
   📅 Epoch 4 | Loss: 0.6839 | Val Accuracy: 72.24%
      ⭐ New Best! (Model saving disabled to save space)
   📅 Epoch 5 | Loss: 0.6686 | Val Accuracy: 72.16%
   📅 Epoch 6 | Loss: 0.6467 | Val Accuracy: 80.45%
      ⭐ New Best! (Model saving disabled to save space)
   📅 Epoch 7 | Loss: 0.6452 | Val Accuracy: 85.75%
      ⭐ New Best! (Model saving disabled to save space)
   📅 Epoch 8 | Loss: 0.6411 | Val Accuracy: 88.28%
      ⭐ New Best! (Model saving disabled to save space)
   📅 Epoch 9 | Loss: 0.6007 | Val Accuracy: 86.64%
   📅 Epoch 10 | Loss: 0.6430 | Val Accuracy: 83.88%
   📅 Epoch 11 | Loss: 0.6387 | Val Accuracy: 83.06%
   📅 Epoch 12 | Loss: 0.6205 | Val Accuracy: 85.15%
   📅 Epoch 13 | Loss: 0.6284 | Val Accuracy: 85.82%
   📅 Epoch 14 | Loss: 0.6310 | Val Accuracy: 85.75%
   📅 Epoch 15 | Loss: 0.5732 | Val Accuracy: 85.67%
   📅 Epoch 16 | Loss: 0.6211 | Val Accuracy: 87.76%

   🛑 Early Stopping triggered after 8 epochs.

========================================
🏆 Best Val Accuracy: 88.28%
💾 Best Checkpoint: ./checkpoints/linear_mb-change_cls_hirise_dinov2_l14_lr0.0001_concat_3.pth
========================================

