
============================================================
📄 Log File: ./logs/linear_records_new/mb-change_cls_hirise_dinov3_sat_frac0.50x_lr0.001_concat_3.log
⏰ Time: 2026-04-15 18:44:52
============================================================

🚀 Training dinov3_sat on mb-change_cls_hirise | Mode: LINEAR | LR: 0.001
   📂 [TRAIN] Loading 1 shards...
   ✅ Loaded 1565 samples.
   📂 [TEST] Loading 1 shards...
   ✅ Loaded 1340 samples.
   ⚙️  Config: Workers=8, BS=64, SmallData=False

>>> Loading Model: dinov3_sat (dinov3_hub)
  ℹ️  DINOv3 Config: in_chans=3
   🔍 Auditing weights for [dinov3_sat]...
   ✅ [PERFECT MATCH] 368/368 layers loaded (100.0%)

   🔍 [Structure Check] dinov3_sat Output Analysis:
      Type: Tuple (len=2)
      Item 0: Shape (1, 1024)
      Item 1: Shape (1, 256, 1024)
      ✅ Identified: CLS=True, Patch=True
      👉 Final Strategy: concat_3 | Input Dim: 3072
   ❄️  Mode: Linear Probe (Backbone Frozen)
   ⚡ AMP Precision: torch.bfloat16
   🔄 Training Start... (Epochs: 50, Patience: 8)
   📅 Epoch 1 | Loss: 0.4333 | Val Accuracy: 93.58%
      ⭐ New Best! (Model saving disabled to save space)
   📅 Epoch 2 | Loss: 0.3108 | Val Accuracy: 91.87%
   📅 Epoch 3 | Loss: 0.3214 | Val Accuracy: 95.90%
      ⭐ New Best! (Model saving disabled to save space)
   📅 Epoch 4 | Loss: 0.2714 | Val Accuracy: 95.67%
   📅 Epoch 5 | Loss: 0.2671 | Val Accuracy: 95.67%
   📅 Epoch 6 | Loss: 0.2564 | Val Accuracy: 95.67%
   📅 Epoch 7 | Loss: 0.2538 | Val Accuracy: 95.97%
      ⭐ New Best! (Model saving disabled to save space)
   📅 Epoch 8 | Loss: 0.2511 | Val Accuracy: 94.03%
   📅 Epoch 9 | Loss: 0.2519 | Val Accuracy: 95.67%
   📅 Epoch 10 | Loss: 0.2342 | Val Accuracy: 96.49%
      ⭐ New Best! (Model saving disabled to save space)
   📅 Epoch 11 | Loss: 0.2450 | Val Accuracy: 96.34%
   📅 Epoch 12 | Loss: 0.2435 | Val Accuracy: 95.75%
   📅 Epoch 13 | Loss: 0.2346 | Val Accuracy: 94.55%
   📅 Epoch 14 | Loss: 0.2468 | Val Accuracy: 95.30%
   📅 Epoch 15 | Loss: 0.2442 | Val Accuracy: 94.55%
   📅 Epoch 16 | Loss: 0.2456 | Val Accuracy: 95.90%
   📅 Epoch 17 | Loss: 0.2406 | Val Accuracy: 96.64%
      ⭐ New Best! (Model saving disabled to save space)
   📅 Epoch 18 | Loss: 0.2501 | Val Accuracy: 96.87%
      ⭐ New Best! (Model saving disabled to save space)
   📅 Epoch 19 | Loss: 0.2275 | Val Accuracy: 95.37%
   📅 Epoch 20 | Loss: 0.2475 | Val Accuracy: 97.16%
      ⭐ New Best! (Model saving disabled to save space)
   📅 Epoch 21 | Loss: 0.2478 | Val Accuracy: 97.24%
      ⭐ New Best! (Model saving disabled to save space)
   📅 Epoch 22 | Loss: 0.2272 | Val Accuracy: 97.39%
      ⭐ New Best! (Model saving disabled to save space)
   📅 Epoch 23 | Loss: 0.2367 | Val Accuracy: 95.60%
   📅 Epoch 24 | Loss: 0.2330 | Val Accuracy: 96.49%
   📅 Epoch 25 | Loss: 0.2436 | Val Accuracy: 96.79%
   📅 Epoch 26 | Loss: 0.2246 | Val Accuracy: 95.67%
   📅 Epoch 27 | Loss: 0.2381 | Val Accuracy: 95.75%
   📅 Epoch 28 | Loss: 0.2266 | Val Accuracy: 96.87%
   📅 Epoch 29 | Loss: 0.2179 | Val Accuracy: 96.64%
   📅 Epoch 30 | Loss: 0.2232 | Val Accuracy: 96.87%

   🛑 Early Stopping triggered after 8 epochs.

========================================
🏆 Best Val Accuracy: 97.39%
💾 Best Checkpoint: ./checkpoints/linear_mb-change_cls_hirise_dinov3_sat_lr0.001_concat_3.pth
========================================

