
============================================================
📄 Log File: ./logs/linear_records/mb-change_cls_hirise_vit_l_frac0.20x_lr0.001_concat_3.log
⏰ Time: 2026-04-13 22:02:21
============================================================

🚀 Training vit_l on mb-change_cls_hirise | Mode: LINEAR | LR: 0.001
   📂 [TRAIN] Loading 1 shards...
   ✅ Loaded 626 samples.
   📂 [TEST] Loading 1 shards...
   ✅ Loaded 1340 samples.
   ⚙️  Config: Workers=8, BS=64, SmallData=False

>>> Loading Model: vit_l (torchvision_vit)
   🔍 Auditing weights for [vit_l]...
   ✅ [PERFECT MATCH] 296/296 layers loaded (100.0%)

   🔍 [Structure Check] vit_l Output Analysis:
      Type: Tuple (len=2)
      Item 0: Shape (1, 1024)
      Item 1: Shape (1, 196, 1024)
      ✅ Identified: CLS=True, Patch=True
      👉 Final Strategy: concat_3 | Input Dim: 3072
   ❄️  Mode: Linear Probe (Backbone Frozen)
   ⚡ AMP Precision: torch.bfloat16
   🔄 Training Start... (Epochs: 50, Patience: 8)
   📅 Epoch 1 | Loss: 0.6387 | Val Accuracy: 89.33%
      ⭐ New Best! (Model saving disabled to save space)
   📅 Epoch 2 | Loss: 0.4885 | Val Accuracy: 88.81%
   📅 Epoch 3 | Loss: 0.4456 | Val Accuracy: 88.88%
   📅 Epoch 4 | Loss: 0.4032 | Val Accuracy: 86.87%
   📅 Epoch 5 | Loss: 0.3647 | Val Accuracy: 89.03%
   📅 Epoch 6 | Loss: 0.4487 | Val Accuracy: 90.37%
      ⭐ New Best! (Model saving disabled to save space)
   📅 Epoch 7 | Loss: 0.4191 | Val Accuracy: 91.72%
      ⭐ New Best! (Model saving disabled to save space)
   📅 Epoch 8 | Loss: 0.4198 | Val Accuracy: 91.87%
      ⭐ New Best! (Model saving disabled to save space)
   📅 Epoch 9 | Loss: 0.3993 | Val Accuracy: 92.69%
      ⭐ New Best! (Model saving disabled to save space)
   📅 Epoch 10 | Loss: 0.3829 | Val Accuracy: 90.52%
   📅 Epoch 11 | Loss: 0.4169 | Val Accuracy: 88.88%
   📅 Epoch 12 | Loss: 0.3922 | Val Accuracy: 89.48%
   📅 Epoch 13 | Loss: 0.3802 | Val Accuracy: 90.67%
   📅 Epoch 14 | Loss: 0.3955 | Val Accuracy: 89.40%
   📅 Epoch 15 | Loss: 0.3865 | Val Accuracy: 89.55%
   📅 Epoch 16 | Loss: 0.3902 | Val Accuracy: 88.13%
   📅 Epoch 17 | Loss: 0.3816 | Val Accuracy: 91.27%

   🛑 Early Stopping triggered after 8 epochs.

========================================
🏆 Best Val Accuracy: 92.69%
💾 Best Checkpoint: ./checkpoints/linear_mb-change_cls_hirise_vit_l_lr0.001_concat_3.pth
========================================

