
============================================================
📄 Log File: ./logs/linear_records/mb-change_cls_hirise_mars_mae_frac0.20x_lr0.0001_concat_3.log
⏰ Time: 2026-04-13 22:52:09
============================================================

🚀 Training mars_mae on mb-change_cls_hirise | Mode: LINEAR | LR: 0.0001
   📂 [TRAIN] Loading 1 shards...
   ✅ Loaded 626 samples.
   📂 [TEST] Loading 1 shards...
   ✅ Loaded 1340 samples.
   ⚙️  Config: Workers=8, BS=64, SmallData=False

>>> Loading Model: mars_mae (timm_mae)
   ℹ️  Config: in_chans=1
   🔍 Auditing weights for [mars_mae]...
   ✅ [PERFECT MATCH] 150/150 layers loaded (100.0%)

   🔍 [Structure Check] mars_mae Output Analysis:
      Type: Tuple (len=2)
      Item 0: Shape (1, 768)
      Item 1: Shape (1, 196, 768)
      ✅ Identified: CLS=True, Patch=True
      👉 Final Strategy: concat_3 | Input Dim: 2304
   ❄️  Mode: Linear Probe (Backbone Frozen)
   ⚡ AMP Precision: torch.bfloat16
   🔄 Training Start... (Epochs: 50, Patience: 8)
   📅 Epoch 1 | Loss: 0.6676 | Val Accuracy: 91.64%
      ⭐ New Best! (Model saving disabled to save space)
   📅 Epoch 2 | Loss: 0.6466 | Val Accuracy: 92.01%
      ⭐ New Best! (Model saving disabled to save space)
   📅 Epoch 3 | Loss: 0.6432 | Val Accuracy: 91.94%
   📅 Epoch 4 | Loss: 0.6436 | Val Accuracy: 92.54%
      ⭐ New Best! (Model saving disabled to save space)
   📅 Epoch 5 | Loss: 0.6360 | Val Accuracy: 92.61%
      ⭐ New Best! (Model saving disabled to save space)
   📅 Epoch 6 | Loss: 0.6235 | Val Accuracy: 92.46%
   📅 Epoch 7 | Loss: 0.6152 | Val Accuracy: 92.69%
      ⭐ New Best! (Model saving disabled to save space)
   📅 Epoch 8 | Loss: 0.6119 | Val Accuracy: 92.46%
   📅 Epoch 9 | Loss: 0.6177 | Val Accuracy: 93.81%
      ⭐ New Best! (Model saving disabled to save space)
   📅 Epoch 10 | Loss: 0.5923 | Val Accuracy: 93.36%
   📅 Epoch 11 | Loss: 0.6024 | Val Accuracy: 93.36%
   📅 Epoch 12 | Loss: 0.6076 | Val Accuracy: 91.57%
   📅 Epoch 13 | Loss: 0.6035 | Val Accuracy: 93.73%
   📅 Epoch 14 | Loss: 0.5935 | Val Accuracy: 91.87%
   📅 Epoch 15 | Loss: 0.5907 | Val Accuracy: 91.27%
   📅 Epoch 16 | Loss: 0.5867 | Val Accuracy: 92.46%
   📅 Epoch 17 | Loss: 0.5836 | Val Accuracy: 90.15%

   🛑 Early Stopping triggered after 8 epochs.

========================================
🏆 Best Val Accuracy: 93.81%
💾 Best Checkpoint: ./checkpoints/linear_mb-change_cls_hirise_mars_mae_lr0.0001_concat_3.pth
========================================

