
============================================================
📄 Log File: ./logs/linear_records/mb-change_cls_hirise_mars_mae_frac0.05x_lr0.001_concat_3.log
⏰ Time: 2026-04-13 22:51:26
============================================================

🚀 Training mars_mae on mb-change_cls_hirise | Mode: LINEAR | LR: 0.001
   📂 [TRAIN] Loading 1 shards...
   ✅ Loaded 156 samples.
   📂 [TEST] Loading 1 shards...
   ✅ Loaded 1340 samples.
   ⚙️  Config: Workers=0, BS=64, SmallData=True

>>> Loading Model: mars_mae (timm_mae)
   ℹ️  Config: in_chans=1
   🔍 Auditing weights for [mars_mae]...
   ✅ [PERFECT MATCH] 150/150 layers loaded (100.0%)

   🔍 [Structure Check] mars_mae Output Analysis:
      Type: Tuple (len=2)
      Item 0: Shape (1, 768)
      Item 1: Shape (1, 196, 768)
      ✅ Identified: CLS=True, Patch=True
      👉 Final Strategy: concat_3 | Input Dim: 2304
   ❄️  Mode: Linear Probe (Backbone Frozen)
   ⚡ AMP Precision: torch.bfloat16
   🔄 Training Start... (Epochs: 50, Patience: 8)
   📅 Epoch 1 | Loss: 0.7107 | Val Accuracy: 70.75%
      ⭐ New Best! (Model saving disabled to save space)
   📅 Epoch 2 | Loss: 0.6996 | Val Accuracy: 84.18%
      ⭐ New Best! (Model saving disabled to save space)
   📅 Epoch 3 | Loss: 0.6698 | Val Accuracy: 53.43%
   📅 Epoch 4 | Loss: 0.6566 | Val Accuracy: 71.34%
   📅 Epoch 5 | Loss: 0.6710 | Val Accuracy: 84.78%
      ⭐ New Best! (Model saving disabled to save space)
   📅 Epoch 6 | Loss: 0.6278 | Val Accuracy: 50.67%
   📅 Epoch 7 | Loss: 0.6604 | Val Accuracy: 21.34%
   📅 Epoch 8 | Loss: 0.6340 | Val Accuracy: 62.46%
   📅 Epoch 9 | Loss: 0.6427 | Val Accuracy: 78.58%
   📅 Epoch 10 | Loss: 0.6084 | Val Accuracy: 80.60%
   📅 Epoch 11 | Loss: 0.5978 | Val Accuracy: 60.37%
   📅 Epoch 12 | Loss: 0.6571 | Val Accuracy: 51.27%
   📅 Epoch 13 | Loss: 0.6708 | Val Accuracy: 72.24%

   🛑 Early Stopping triggered after 8 epochs.

========================================
🏆 Best Val Accuracy: 84.78%
💾 Best Checkpoint: ./checkpoints/linear_mb-change_cls_hirise_mars_mae_lr0.001_concat_3.pth
========================================

