
============================================================
📄 Log File: ./logs/linear_records/mb-change_cls_hirise_satmae_frac0.01x_lr1e-05_concat_3.log
⏰ Time: 2026-04-13 22:14:58
============================================================

🚀 Training satmae on mb-change_cls_hirise | Mode: LINEAR | LR: 1e-05
   📂 [TRAIN] Loading 1 shards...
   ✅ Loaded 31 samples.
   📂 [TEST] Loading 1 shards...
   ✅ Loaded 1340 samples.
   ⚙️  Config: Workers=0, BS=31, SmallData=True

>>> Loading Model: satmae (timm_mae)
   ℹ️  Config: in_chans=3
   🔍 Auditing weights for [satmae]...
   ✅ [PERFECT MATCH] 294/294 layers loaded (100.0%)

   🔍 [Structure Check] satmae Output Analysis:
      Type: Tuple (len=2)
      Item 0: Shape (1, 1024)
      Item 1: Shape (1, 196, 1024)
      ✅ Identified: CLS=True, Patch=True
      👉 Final Strategy: concat_3 | Input Dim: 3072
   ❄️  Mode: Linear Probe (Backbone Frozen)
   ⚡ AMP Precision: torch.bfloat16
   🔄 Training Start... (Epochs: 50, Patience: 8)
   📅 Epoch 1 | Loss: 0.8491 | Val Accuracy: 8.06%
      ⭐ New Best! (Model saving disabled to save space)
   📅 Epoch 2 | Loss: 0.8849 | Val Accuracy: 8.06%
   📅 Epoch 3 | Loss: 0.8296 | Val Accuracy: 8.06%
   📅 Epoch 4 | Loss: 0.7979 | Val Accuracy: 8.06%
   📅 Epoch 5 | Loss: 0.8469 | Val Accuracy: 8.06%
   📅 Epoch 6 | Loss: 0.8170 | Val Accuracy: 8.06%
   📅 Epoch 7 | Loss: 0.7856 | Val Accuracy: 8.06%
   📅 Epoch 8 | Loss: 0.8411 | Val Accuracy: 8.06%
   📅 Epoch 9 | Loss: 0.8753 | Val Accuracy: 8.06%

   🛑 Early Stopping triggered after 8 epochs.

========================================
🏆 Best Val Accuracy: 8.06%
💾 Best Checkpoint: ./checkpoints/linear_mb-change_cls_hirise_satmae_lr1e-05_concat_3.pth
========================================

