
============================================================
📄 Log File: ./logs/linear_records/mb-change_cls_ctx_openclip_frac0.50x_lr1e-05_concat_3.log
⏰ Time: 2026-04-16 19:08:12
============================================================

🚀 Training openclip on mb-change_cls_ctx | Mode: LINEAR | LR: 1e-05
   📂 [TRAIN] Loading 1 shards...
   ✅ Loaded 18 samples.
   📂 [TEST] Loading 1 shards...
   ✅ Loaded 20 samples.
   ⚙️  Config: Workers=0, BS=18, SmallData=True

>>> Loading Model: openclip (transformers_clip)

   🔍 [Structure Check] openclip Output Analysis:
      Type: Tuple (len=2)
      Item 0: Shape (1, 1024)
      Item 1: Shape (1, 256, 1024)
      ✅ Identified: CLS=True, Patch=True
      👉 Final Strategy: concat_3 | Input Dim: 3072
   ❄️  Mode: Linear Probe (Backbone Frozen)
   ⚡ AMP Precision: torch.bfloat16
   🔄 Training Start... (Epochs: 50, Patience: 8)
   📅 Epoch 1 | Loss: 1.7606 | Val Accuracy: 20.00%
      ⭐ New Best! (Model saving disabled to save space)
   📅 Epoch 2 | Loss: 1.8394 | Val Accuracy: 20.00%
   📅 Epoch 3 | Loss: 1.8164 | Val Accuracy: 20.00%
   📅 Epoch 4 | Loss: 1.7853 | Val Accuracy: 20.00%
   📅 Epoch 5 | Loss: 1.8723 | Val Accuracy: 20.00%
   📅 Epoch 6 | Loss: 1.8330 | Val Accuracy: 20.00%
   📅 Epoch 7 | Loss: 1.8234 | Val Accuracy: 20.00%
   📅 Epoch 8 | Loss: 1.9068 | Val Accuracy: 20.00%
   📅 Epoch 9 | Loss: 1.8787 | Val Accuracy: 20.00%

   🛑 Early Stopping triggered after 8 epochs.

========================================
🏆 Best Val Accuracy: 20.00%
💾 Best Checkpoint: ./checkpoints/linear_mb-change_cls_ctx_openclip_lr1e-05_concat_3.pth
========================================

