
============================================================
📄 Log File: ./logs/linear_records/mb-change_cls_hirise_vit_l_frac0.50x_lr0.001_concat_3.log
⏰ Time: 2026-04-14 00:07:16
============================================================

🚀 Training vit_l on mb-change_cls_hirise | Mode: LINEAR | LR: 0.001
   📂 [TRAIN] Loading 1 shards...
   ✅ Loaded 1565 samples.
   📂 [TEST] Loading 1 shards...
   ✅ Loaded 1340 samples.
   ⚙️  Config: Workers=8, BS=64, SmallData=False

>>> Loading Model: vit_l (torchvision_vit)
   🔍 Auditing weights for [vit_l]...
   ✅ [PERFECT MATCH] 296/296 layers loaded (100.0%)

   🔍 [Structure Check] vit_l Output Analysis:
      Type: Tuple (len=2)
      Item 0: Shape (1, 1024)
      Item 1: Shape (1, 196, 1024)
      ✅ Identified: CLS=True, Patch=True
      👉 Final Strategy: concat_3 | Input Dim: 3072
   ❄️  Mode: Linear Probe (Backbone Frozen)
   ⚡ AMP Precision: torch.bfloat16
   🔄 Training Start... (Epochs: 50, Patience: 8)
   📅 Epoch 1 | Loss: 0.4354 | Val Accuracy: 94.03%
      ⭐ New Best! (Model saving disabled to save space)
   📅 Epoch 2 | Loss: 0.2910 | Val Accuracy: 91.79%
   📅 Epoch 3 | Loss: 0.2860 | Val Accuracy: 94.03%
   📅 Epoch 4 | Loss: 0.2882 | Val Accuracy: 95.15%
      ⭐ New Best! (Model saving disabled to save space)
   📅 Epoch 5 | Loss: 0.2860 | Val Accuracy: 94.55%
   📅 Epoch 6 | Loss: 0.2834 | Val Accuracy: 90.90%
   📅 Epoch 7 | Loss: 0.2806 | Val Accuracy: 92.91%
   📅 Epoch 8 | Loss: 0.2891 | Val Accuracy: 94.63%
   📅 Epoch 9 | Loss: 0.2898 | Val Accuracy: 94.48%
   📅 Epoch 10 | Loss: 0.2595 | Val Accuracy: 93.51%
   📅 Epoch 11 | Loss: 0.2645 | Val Accuracy: 91.12%
   📅 Epoch 12 | Loss: 0.2572 | Val Accuracy: 94.33%

   🛑 Early Stopping triggered after 8 epochs.

========================================
🏆 Best Val Accuracy: 95.15%
💾 Best Checkpoint: ./checkpoints/linear_mb-change_cls_hirise_vit_l_lr0.001_concat_3.pth
========================================

