
============================================================
📄 Log File: ./logs/linear_records/mb-change_cls_hirise_dinov3_sat_1cha_frac0.50x_lr0.0001_concat_3.log
⏰ Time: 2026-04-13 23:19:47
============================================================

🚀 Training dinov3_sat_1cha on mb-change_cls_hirise | Mode: LINEAR | LR: 0.0001
   📂 [TRAIN] Loading 1 shards...
   ✅ Loaded 1565 samples.
   📂 [TEST] Loading 1 shards...
   ✅ Loaded 1340 samples.
   ⚙️  Config: Workers=8, BS=64, SmallData=False

>>> Loading Model: dinov3_sat_1cha (dinov3_hub)
   🔍 Auditing weights for [dinov3_sat_1cha]...
   ✅ [PERFECT MATCH] 368/368 layers loaded (100.0%)

   🔍 [Structure Check] dinov3_sat_1cha Output Analysis:
      Type: Tuple (len=2)
      Item 0: Shape (1, 1024)
      Item 1: Shape (1, 256, 1024)
      ✅ Identified: CLS=True, Patch=True
      👉 Final Strategy: concat_3 | Input Dim: 3072
   ❄️  Mode: Linear Probe (Backbone Frozen)
   ⚡ AMP Precision: torch.bfloat16
   🔄 Training Start... (Epochs: 50, Patience: 8)
   📅 Epoch 1 | Loss: 0.4777 | Val Accuracy: 91.94%
      ⭐ New Best! (Model saving disabled to save space)
   📅 Epoch 2 | Loss: 0.4162 | Val Accuracy: 91.94%
   📅 Epoch 3 | Loss: 0.4057 | Val Accuracy: 91.94%
   📅 Epoch 4 | Loss: 0.3943 | Val Accuracy: 91.94%
   📅 Epoch 5 | Loss: 0.3862 | Val Accuracy: 91.94%
   📅 Epoch 6 | Loss: 0.3770 | Val Accuracy: 92.09%
      ⭐ New Best! (Model saving disabled to save space)
   📅 Epoch 7 | Loss: 0.3704 | Val Accuracy: 92.84%
      ⭐ New Best! (Model saving disabled to save space)
   📅 Epoch 8 | Loss: 0.3563 | Val Accuracy: 93.28%
      ⭐ New Best! (Model saving disabled to save space)
   📅 Epoch 9 | Loss: 0.3454 | Val Accuracy: 94.25%
      ⭐ New Best! (Model saving disabled to save space)
   📅 Epoch 10 | Loss: 0.3467 | Val Accuracy: 94.55%
      ⭐ New Best! (Model saving disabled to save space)
   📅 Epoch 11 | Loss: 0.3357 | Val Accuracy: 94.93%
      ⭐ New Best! (Model saving disabled to save space)
   📅 Epoch 12 | Loss: 0.3375 | Val Accuracy: 95.15%
      ⭐ New Best! (Model saving disabled to save space)
   📅 Epoch 13 | Loss: 0.3288 | Val Accuracy: 95.00%
   📅 Epoch 14 | Loss: 0.3208 | Val Accuracy: 95.15%
   📅 Epoch 15 | Loss: 0.3191 | Val Accuracy: 95.15%
   📅 Epoch 16 | Loss: 0.3144 | Val Accuracy: 95.07%
   📅 Epoch 17 | Loss: 0.3064 | Val Accuracy: 95.15%
   📅 Epoch 18 | Loss: 0.3134 | Val Accuracy: 95.30%
      ⭐ New Best! (Model saving disabled to save space)
   📅 Epoch 19 | Loss: 0.3074 | Val Accuracy: 95.60%
      ⭐ New Best! (Model saving disabled to save space)
   📅 Epoch 20 | Loss: 0.3077 | Val Accuracy: 95.45%
   📅 Epoch 21 | Loss: 0.3035 | Val Accuracy: 95.15%
   📅 Epoch 22 | Loss: 0.2975 | Val Accuracy: 95.37%
   📅 Epoch 23 | Loss: 0.3021 | Val Accuracy: 94.93%
   📅 Epoch 24 | Loss: 0.2951 | Val Accuracy: 95.00%
   📅 Epoch 25 | Loss: 0.2980 | Val Accuracy: 94.93%
   📅 Epoch 26 | Loss: 0.2907 | Val Accuracy: 94.85%
   📅 Epoch 27 | Loss: 0.2819 | Val Accuracy: 95.15%

   🛑 Early Stopping triggered after 8 epochs.

========================================
🏆 Best Val Accuracy: 95.60%
💾 Best Checkpoint: ./checkpoints/linear_mb-change_cls_hirise_dinov3_sat_1cha_lr0.0001_concat_3.pth
========================================

