
============================================================
📄 Log File: ./logs/linear_records/mb-change_cls_ctx_dinov3_sat_1cha_frac0.20x_lr1e-05_concat_3.log
⏰ Time: 2026-04-16 19:09:42
============================================================

🚀 Training dinov3_sat_1cha on mb-change_cls_ctx | Mode: LINEAR | LR: 1e-05
   📂 [TRAIN] Loading 1 shards...
   ✅ Loaded 7 samples.
   📂 [TEST] Loading 1 shards...
   ✅ Loaded 20 samples.
   ⚙️  Config: Workers=0, BS=7, SmallData=True

>>> Loading Model: dinov3_sat_1cha (dinov3_hub)
  ℹ️  DINOv3 Config: in_chans=1
   🔍 Auditing weights for [dinov3_sat_1cha]...
   ✅ [PERFECT MATCH] 368/368 layers loaded (100.0%)

   🔍 [Structure Check] dinov3_sat_1cha Output Analysis:
      Type: Tuple (len=2)
      Item 0: Shape (1, 1024)
      Item 1: Shape (1, 256, 1024)
      ✅ Identified: CLS=True, Patch=True
      👉 Final Strategy: concat_3 | Input Dim: 3072
   ❄️  Mode: Linear Probe (Backbone Frozen)
   ⚡ AMP Precision: torch.bfloat16
   🔄 Training Start... (Epochs: 50, Patience: 8)
   📅 Epoch 1 | Loss: 0.7182 | Val Accuracy: 55.00%
      ⭐ New Best! (Model saving disabled to save space)
   📅 Epoch 2 | Loss: 0.7294 | Val Accuracy: 55.00%
   📅 Epoch 3 | Loss: 0.6881 | Val Accuracy: 55.00%
   📅 Epoch 4 | Loss: 0.7355 | Val Accuracy: 55.00%
   📅 Epoch 5 | Loss: 0.7411 | Val Accuracy: 55.00%
   📅 Epoch 6 | Loss: 0.7433 | Val Accuracy: 55.00%
   📅 Epoch 7 | Loss: 0.7087 | Val Accuracy: 55.00%
   📅 Epoch 8 | Loss: 0.7109 | Val Accuracy: 55.00%
   📅 Epoch 9 | Loss: 0.7221 | Val Accuracy: 55.00%

   🛑 Early Stopping triggered after 8 epochs.

========================================
🏆 Best Val Accuracy: 55.00%
💾 Best Checkpoint: ./checkpoints/linear_mb-change_cls_ctx_dinov3_sat_1cha_lr1e-05_concat_3.pth
========================================

