
============================================================
📄 Log File: ./logs/linear_records/mb-domars16k_dinov3_sat_1cha_frac0.20x_lr0.001_concat_3.log
⏰ Time: 2026-04-14 05:14:10
============================================================

🚀 Training dinov3_sat_1cha on mb-domars16k | Mode: LINEAR | LR: 0.001
   📂 [TRAIN] Loading 1 shards...
   ✅ Loaded 2261 samples.
   📂 [TEST] Loading 1 shards...
   ✅ Loaded 1614 samples.
   ⚙️  Config: Workers=8, BS=64, SmallData=False

>>> Loading Model: dinov3_sat_1cha (dinov3_hub)
   🔍 Auditing weights for [dinov3_sat_1cha]...
   ✅ [PERFECT MATCH] 368/368 layers loaded (100.0%)

   🔍 [Structure Check] dinov3_sat_1cha Output Analysis:
      Type: Tuple (len=2)
      Item 0: Shape (1, 1024)
      Item 1: Shape (1, 256, 1024)
      ✅ Identified: CLS=True, Patch=True
      👉 Final Strategy: concat_3 | Input Dim: 3072
   ❄️  Mode: Linear Probe (Backbone Frozen)
   ⚡ AMP Precision: torch.bfloat16
   🔄 Training Start... (Epochs: 50, Patience: 8)
   📅 Epoch 1 | Loss: 1.8195 | Val Accuracy: 66.54%
      ⭐ New Best! (Model saving disabled to save space)
   📅 Epoch 2 | Loss: 1.0450 | Val Accuracy: 73.17%
      ⭐ New Best! (Model saving disabled to save space)
   📅 Epoch 3 | Loss: 0.8077 | Val Accuracy: 75.71%
      ⭐ New Best! (Model saving disabled to save space)
   📅 Epoch 4 | Loss: 0.7126 | Val Accuracy: 77.63%
      ⭐ New Best! (Model saving disabled to save space)
   📅 Epoch 5 | Loss: 0.6563 | Val Accuracy: 78.62%
      ⭐ New Best! (Model saving disabled to save space)
   📅 Epoch 6 | Loss: 0.5948 | Val Accuracy: 78.69%
      ⭐ New Best! (Model saving disabled to save space)
   📅 Epoch 7 | Loss: 0.5645 | Val Accuracy: 79.31%
      ⭐ New Best! (Model saving disabled to save space)
   📅 Epoch 8 | Loss: 0.5378 | Val Accuracy: 79.00%
   📅 Epoch 9 | Loss: 0.5224 | Val Accuracy: 79.62%
      ⭐ New Best! (Model saving disabled to save space)
   📅 Epoch 10 | Loss: 0.5023 | Val Accuracy: 81.66%
      ⭐ New Best! (Model saving disabled to save space)
   📅 Epoch 11 | Loss: 0.4846 | Val Accuracy: 81.54%
   📅 Epoch 12 | Loss: 0.4465 | Val Accuracy: 81.97%
      ⭐ New Best! (Model saving disabled to save space)
   📅 Epoch 13 | Loss: 0.4400 | Val Accuracy: 82.22%
      ⭐ New Best! (Model saving disabled to save space)
   📅 Epoch 14 | Loss: 0.4302 | Val Accuracy: 82.84%
      ⭐ New Best! (Model saving disabled to save space)
   📅 Epoch 15 | Loss: 0.4208 | Val Accuracy: 82.84%
   📅 Epoch 16 | Loss: 0.4005 | Val Accuracy: 81.78%
   📅 Epoch 17 | Loss: 0.4033 | Val Accuracy: 82.34%
   📅 Epoch 18 | Loss: 0.3812 | Val Accuracy: 81.85%
   📅 Epoch 19 | Loss: 0.3781 | Val Accuracy: 83.95%
      ⭐ New Best! (Model saving disabled to save space)
   📅 Epoch 20 | Loss: 0.3825 | Val Accuracy: 83.33%
   📅 Epoch 21 | Loss: 0.3724 | Val Accuracy: 83.09%
   📅 Epoch 22 | Loss: 0.3565 | Val Accuracy: 83.52%
   📅 Epoch 23 | Loss: 0.3384 | Val Accuracy: 83.33%
   📅 Epoch 24 | Loss: 0.3531 | Val Accuracy: 81.97%
   📅 Epoch 25 | Loss: 0.3476 | Val Accuracy: 84.01%
      ⭐ New Best! (Model saving disabled to save space)
   📅 Epoch 26 | Loss: 0.3515 | Val Accuracy: 82.84%
   📅 Epoch 27 | Loss: 0.3283 | Val Accuracy: 83.09%
   📅 Epoch 28 | Loss: 0.3265 | Val Accuracy: 81.85%
   📅 Epoch 29 | Loss: 0.3160 | Val Accuracy: 83.02%
   📅 Epoch 30 | Loss: 0.3238 | Val Accuracy: 83.58%
   📅 Epoch 31 | Loss: 0.3157 | Val Accuracy: 83.89%
   📅 Epoch 32 | Loss: 0.3028 | Val Accuracy: 82.53%
   📅 Epoch 33 | Loss: 0.3053 | Val Accuracy: 83.33%

   🛑 Early Stopping triggered after 8 epochs.

========================================
🏆 Best Val Accuracy: 84.01%
💾 Best Checkpoint: ./checkpoints/linear_mb-domars16k_dinov3_sat_1cha_lr0.001_concat_3.pth
========================================

