
============================================================
📄 Log File: ./logs/linear_records/mb-domars16k_dinov3_sat_1cha_frac0.01x_lr1e-05_concat_3.log
⏰ Time: 2026-04-14 05:05:02
============================================================

🚀 Training dinov3_sat_1cha on mb-domars16k | Mode: LINEAR | LR: 1e-05
   📂 [TRAIN] Loading 1 shards...
   ✅ Loaded 113 samples.
   📂 [TEST] Loading 1 shards...
   ✅ Loaded 1614 samples.
   ⚙️  Config: Workers=0, BS=64, SmallData=True

>>> Loading Model: dinov3_sat_1cha (dinov3_hub)
   🔍 Auditing weights for [dinov3_sat_1cha]...
   ✅ [PERFECT MATCH] 368/368 layers loaded (100.0%)

   🔍 [Structure Check] dinov3_sat_1cha Output Analysis:
      Type: Tuple (len=2)
      Item 0: Shape (1, 1024)
      Item 1: Shape (1, 256, 1024)
      ✅ Identified: CLS=True, Patch=True
      👉 Final Strategy: concat_3 | Input Dim: 3072
   ❄️  Mode: Linear Probe (Backbone Frozen)
   ⚡ AMP Precision: torch.bfloat16
   🔄 Training Start... (Epochs: 50, Patience: 8)
   📅 Epoch 1 | Loss: 2.7285 | Val Accuracy: 10.41%
      ⭐ New Best! (Model saving disabled to save space)
   📅 Epoch 2 | Loss: 2.6995 | Val Accuracy: 10.78%
      ⭐ New Best! (Model saving disabled to save space)
   📅 Epoch 3 | Loss: 2.7217 | Val Accuracy: 10.90%
      ⭐ New Best! (Model saving disabled to save space)
   📅 Epoch 4 | Loss: 2.6965 | Val Accuracy: 11.21%
      ⭐ New Best! (Model saving disabled to save space)
   📅 Epoch 5 | Loss: 2.7222 | Val Accuracy: 11.40%
      ⭐ New Best! (Model saving disabled to save space)
   📅 Epoch 6 | Loss: 2.7329 | Val Accuracy: 11.52%
      ⭐ New Best! (Model saving disabled to save space)
   📅 Epoch 7 | Loss: 2.7280 | Val Accuracy: 11.52%
   📅 Epoch 8 | Loss: 2.7473 | Val Accuracy: 11.46%
   📅 Epoch 9 | Loss: 2.7178 | Val Accuracy: 11.46%
   📅 Epoch 10 | Loss: 2.7234 | Val Accuracy: 11.52%
   📅 Epoch 11 | Loss: 2.6973 | Val Accuracy: 11.59%
      ⭐ New Best! (Model saving disabled to save space)
   📅 Epoch 12 | Loss: 2.7188 | Val Accuracy: 11.59%
   📅 Epoch 13 | Loss: 2.6785 | Val Accuracy: 11.71%
      ⭐ New Best! (Model saving disabled to save space)
   📅 Epoch 14 | Loss: 2.7019 | Val Accuracy: 11.90%
      ⭐ New Best! (Model saving disabled to save space)
   📅 Epoch 15 | Loss: 2.7075 | Val Accuracy: 11.96%
      ⭐ New Best! (Model saving disabled to save space)
   📅 Epoch 16 | Loss: 2.7129 | Val Accuracy: 12.02%
      ⭐ New Best! (Model saving disabled to save space)
   📅 Epoch 17 | Loss: 2.6992 | Val Accuracy: 12.21%
      ⭐ New Best! (Model saving disabled to save space)
   📅 Epoch 18 | Loss: 2.6968 | Val Accuracy: 12.27%
      ⭐ New Best! (Model saving disabled to save space)
   📅 Epoch 19 | Loss: 2.6790 | Val Accuracy: 12.27%
   📅 Epoch 20 | Loss: 2.7251 | Val Accuracy: 12.27%
   📅 Epoch 21 | Loss: 2.7053 | Val Accuracy: 12.39%
      ⭐ New Best! (Model saving disabled to save space)
   📅 Epoch 22 | Loss: 2.6628 | Val Accuracy: 12.52%
      ⭐ New Best! (Model saving disabled to save space)
   📅 Epoch 23 | Loss: 2.6667 | Val Accuracy: 12.76%
      ⭐ New Best! (Model saving disabled to save space)
   📅 Epoch 24 | Loss: 2.6763 | Val Accuracy: 12.89%
      ⭐ New Best! (Model saving disabled to save space)
   📅 Epoch 25 | Loss: 2.6821 | Val Accuracy: 13.07%
      ⭐ New Best! (Model saving disabled to save space)
   📅 Epoch 26 | Loss: 2.6956 | Val Accuracy: 13.14%
      ⭐ New Best! (Model saving disabled to save space)
   📅 Epoch 27 | Loss: 2.7073 | Val Accuracy: 13.32%
      ⭐ New Best! (Model saving disabled to save space)
   📅 Epoch 28 | Loss: 2.7024 | Val Accuracy: 13.38%
      ⭐ New Best! (Model saving disabled to save space)
   📅 Epoch 29 | Loss: 2.7031 | Val Accuracy: 13.32%
   📅 Epoch 30 | Loss: 2.6831 | Val Accuracy: 13.44%
      ⭐ New Best! (Model saving disabled to save space)
   📅 Epoch 31 | Loss: 2.6816 | Val Accuracy: 13.82%
      ⭐ New Best! (Model saving disabled to save space)
   📅 Epoch 32 | Loss: 2.6675 | Val Accuracy: 13.94%
      ⭐ New Best! (Model saving disabled to save space)
   📅 Epoch 33 | Loss: 2.6450 | Val Accuracy: 14.13%
      ⭐ New Best! (Model saving disabled to save space)
   📅 Epoch 34 | Loss: 2.6797 | Val Accuracy: 14.31%
      ⭐ New Best! (Model saving disabled to save space)
   📅 Epoch 35 | Loss: 2.6577 | Val Accuracy: 14.31%
   📅 Epoch 36 | Loss: 2.6660 | Val Accuracy: 14.31%
   📅 Epoch 37 | Loss: 2.6462 | Val Accuracy: 14.25%
   📅 Epoch 38 | Loss: 2.6362 | Val Accuracy: 14.37%
      ⭐ New Best! (Model saving disabled to save space)
   📅 Epoch 39 | Loss: 2.6736 | Val Accuracy: 14.56%
      ⭐ New Best! (Model saving disabled to save space)
   📅 Epoch 40 | Loss: 2.6521 | Val Accuracy: 14.81%
      ⭐ New Best! (Model saving disabled to save space)
   📅 Epoch 41 | Loss: 2.6772 | Val Accuracy: 14.93%
      ⭐ New Best! (Model saving disabled to save space)
   📅 Epoch 42 | Loss: 2.6553 | Val Accuracy: 15.24%
      ⭐ New Best! (Model saving disabled to save space)
   📅 Epoch 43 | Loss: 2.6731 | Val Accuracy: 15.30%
      ⭐ New Best! (Model saving disabled to save space)
   📅 Epoch 44 | Loss: 2.6687 | Val Accuracy: 15.43%
      ⭐ New Best! (Model saving disabled to save space)
   📅 Epoch 45 | Loss: 2.6462 | Val Accuracy: 15.37%
   📅 Epoch 46 | Loss: 2.6667 | Val Accuracy: 15.43%
   📅 Epoch 47 | Loss: 2.6499 | Val Accuracy: 15.49%
      ⭐ New Best! (Model saving disabled to save space)
   📅 Epoch 48 | Loss: 2.6445 | Val Accuracy: 15.68%
      ⭐ New Best! (Model saving disabled to save space)
   📅 Epoch 49 | Loss: 2.6550 | Val Accuracy: 15.55%
   📅 Epoch 50 | Loss: 2.6143 | Val Accuracy: 15.68%

========================================
🏆 Best Val Accuracy: 15.68%
💾 Best Checkpoint: ./checkpoints/linear_mb-domars16k_dinov3_sat_1cha_lr1e-05_concat_3.pth
========================================

