
============================================================
📄 Log File: ./logs/linear_records_new/mb-domars16k_dinov3_sat_frac0.50x_lr1e-05_concat_3.log
⏰ Time: 2026-04-15 19:30:41
============================================================

🚀 Training dinov3_sat on mb-domars16k | Mode: LINEAR | LR: 1e-05
   📂 [TRAIN] Loading 1 shards...
   ✅ Loaded 5652 samples.
   📂 [TEST] Loading 1 shards...
   ✅ Loaded 1614 samples.
   ⚙️  Config: Workers=8, BS=64, SmallData=False

>>> Loading Model: dinov3_sat (dinov3_hub)
  ℹ️  DINOv3 Config: in_chans=3
   🔍 Auditing weights for [dinov3_sat]...
   ✅ [PERFECT MATCH] 368/368 layers loaded (100.0%)

   🔍 [Structure Check] dinov3_sat Output Analysis:
      Type: Tuple (len=2)
      Item 0: Shape (1, 1024)
      Item 1: Shape (1, 256, 1024)
      ✅ Identified: CLS=True, Patch=True
      👉 Final Strategy: concat_3 | Input Dim: 3072
   ❄️  Mode: Linear Probe (Backbone Frozen)
   ⚡ AMP Precision: torch.bfloat16
   🔄 Training Start... (Epochs: 50, Patience: 8)
   📅 Epoch 1 | Loss: 2.6912 | Val Accuracy: 13.14%
      ⭐ New Best! (Model saving disabled to save space)
   📅 Epoch 2 | Loss: 2.6114 | Val Accuracy: 27.57%
      ⭐ New Best! (Model saving disabled to save space)
   📅 Epoch 3 | Loss: 2.5383 | Val Accuracy: 38.48%
      ⭐ New Best! (Model saving disabled to save space)
   📅 Epoch 4 | Loss: 2.4678 | Val Accuracy: 47.09%
      ⭐ New Best! (Model saving disabled to save space)
   📅 Epoch 5 | Loss: 2.4003 | Val Accuracy: 53.04%
      ⭐ New Best! (Model saving disabled to save space)
   📅 Epoch 6 | Loss: 2.3340 | Val Accuracy: 56.82%
      ⭐ New Best! (Model saving disabled to save space)
   📅 Epoch 7 | Loss: 2.2692 | Val Accuracy: 59.73%
      ⭐ New Best! (Model saving disabled to save space)
   📅 Epoch 8 | Loss: 2.2086 | Val Accuracy: 61.28%
      ⭐ New Best! (Model saving disabled to save space)
   📅 Epoch 9 | Loss: 2.1496 | Val Accuracy: 62.89%
      ⭐ New Best! (Model saving disabled to save space)
   📅 Epoch 10 | Loss: 2.0954 | Val Accuracy: 64.68%
      ⭐ New Best! (Model saving disabled to save space)
   📅 Epoch 11 | Loss: 2.0459 | Val Accuracy: 66.17%
      ⭐ New Best! (Model saving disabled to save space)
   📅 Epoch 12 | Loss: 1.9963 | Val Accuracy: 67.16%
      ⭐ New Best! (Model saving disabled to save space)
   📅 Epoch 13 | Loss: 1.9456 | Val Accuracy: 67.66%
      ⭐ New Best! (Model saving disabled to save space)
   📅 Epoch 14 | Loss: 1.8911 | Val Accuracy: 68.40%
      ⭐ New Best! (Model saving disabled to save space)
   📅 Epoch 15 | Loss: 1.8517 | Val Accuracy: 68.77%
      ⭐ New Best! (Model saving disabled to save space)
   📅 Epoch 16 | Loss: 1.8091 | Val Accuracy: 68.77%
   📅 Epoch 17 | Loss: 1.7714 | Val Accuracy: 69.14%
      ⭐ New Best! (Model saving disabled to save space)
   📅 Epoch 18 | Loss: 1.7299 | Val Accuracy: 69.58%
      ⭐ New Best! (Model saving disabled to save space)
   📅 Epoch 19 | Loss: 1.6956 | Val Accuracy: 70.07%
      ⭐ New Best! (Model saving disabled to save space)
   📅 Epoch 20 | Loss: 1.6632 | Val Accuracy: 71.00%
      ⭐ New Best! (Model saving disabled to save space)
   📅 Epoch 21 | Loss: 1.6233 | Val Accuracy: 71.25%
      ⭐ New Best! (Model saving disabled to save space)
   📅 Epoch 22 | Loss: 1.5998 | Val Accuracy: 71.69%
      ⭐ New Best! (Model saving disabled to save space)
   📅 Epoch 23 | Loss: 1.5613 | Val Accuracy: 71.75%
      ⭐ New Best! (Model saving disabled to save space)
   📅 Epoch 24 | Loss: 1.5383 | Val Accuracy: 72.30%
      ⭐ New Best! (Model saving disabled to save space)
   📅 Epoch 25 | Loss: 1.5030 | Val Accuracy: 72.12%
   📅 Epoch 26 | Loss: 1.4829 | Val Accuracy: 72.24%
   📅 Epoch 27 | Loss: 1.4579 | Val Accuracy: 72.49%
      ⭐ New Best! (Model saving disabled to save space)
   📅 Epoch 28 | Loss: 1.4340 | Val Accuracy: 72.37%
   📅 Epoch 29 | Loss: 1.4090 | Val Accuracy: 72.55%
      ⭐ New Best! (Model saving disabled to save space)
   📅 Epoch 30 | Loss: 1.3871 | Val Accuracy: 72.86%
      ⭐ New Best! (Model saving disabled to save space)
   📅 Epoch 31 | Loss: 1.3710 | Val Accuracy: 73.23%
      ⭐ New Best! (Model saving disabled to save space)
   📅 Epoch 32 | Loss: 1.3427 | Val Accuracy: 73.30%
      ⭐ New Best! (Model saving disabled to save space)
   📅 Epoch 33 | Loss: 1.3308 | Val Accuracy: 73.30%
   📅 Epoch 34 | Loss: 1.3062 | Val Accuracy: 73.67%
      ⭐ New Best! (Model saving disabled to save space)
   📅 Epoch 35 | Loss: 1.2840 | Val Accuracy: 73.85%
      ⭐ New Best! (Model saving disabled to save space)
   📅 Epoch 36 | Loss: 1.2699 | Val Accuracy: 73.79%
   📅 Epoch 37 | Loss: 1.2622 | Val Accuracy: 74.16%
      ⭐ New Best! (Model saving disabled to save space)
   📅 Epoch 38 | Loss: 1.2336 | Val Accuracy: 74.04%
   📅 Epoch 39 | Loss: 1.2238 | Val Accuracy: 73.98%
   📅 Epoch 40 | Loss: 1.2045 | Val Accuracy: 74.54%
      ⭐ New Best! (Model saving disabled to save space)
   📅 Epoch 41 | Loss: 1.1885 | Val Accuracy: 74.78%
      ⭐ New Best! (Model saving disabled to save space)
   📅 Epoch 42 | Loss: 1.1829 | Val Accuracy: 74.97%
      ⭐ New Best! (Model saving disabled to save space)
   📅 Epoch 43 | Loss: 1.1739 | Val Accuracy: 75.15%
      ⭐ New Best! (Model saving disabled to save space)
   📅 Epoch 44 | Loss: 1.1509 | Val Accuracy: 75.53%
      ⭐ New Best! (Model saving disabled to save space)
   📅 Epoch 45 | Loss: 1.1391 | Val Accuracy: 75.34%
   📅 Epoch 46 | Loss: 1.1324 | Val Accuracy: 75.59%
      ⭐ New Best! (Model saving disabled to save space)
   📅 Epoch 47 | Loss: 1.1148 | Val Accuracy: 75.71%
      ⭐ New Best! (Model saving disabled to save space)
   📅 Epoch 48 | Loss: 1.1045 | Val Accuracy: 75.84%
      ⭐ New Best! (Model saving disabled to save space)
   📅 Epoch 49 | Loss: 1.0925 | Val Accuracy: 76.15%
      ⭐ New Best! (Model saving disabled to save space)
   📅 Epoch 50 | Loss: 1.0827 | Val Accuracy: 76.02%

========================================
🏆 Best Val Accuracy: 76.15%
💾 Best Checkpoint: ./checkpoints/linear_mb-domars16k_dinov3_sat_lr1e-05_concat_3.pth
========================================

