
============================================================
📄 Log File: ./logs/linear_records/mb-domars16k_vit_l_frac0.05x_lr0.0001_concat_3.log
⏰ Time: 2026-04-14 00:56:25
============================================================

🚀 Training vit_l on mb-domars16k | Mode: LINEAR | LR: 0.0001
   📂 [TRAIN] Loading 1 shards...
   ✅ Loaded 565 samples.
   📂 [TEST] Loading 1 shards...
   ✅ Loaded 1614 samples.
   ⚙️  Config: Workers=8, BS=64, SmallData=False

>>> Loading Model: vit_l (torchvision_vit)
   🔍 Auditing weights for [vit_l]...
   ✅ [PERFECT MATCH] 296/296 layers loaded (100.0%)

   🔍 [Structure Check] vit_l Output Analysis:
      Type: Tuple (len=2)
      Item 0: Shape (1, 1024)
      Item 1: Shape (1, 196, 1024)
      ✅ Identified: CLS=True, Patch=True
      👉 Final Strategy: concat_3 | Input Dim: 3072
   ❄️  Mode: Linear Probe (Backbone Frozen)
   ⚡ AMP Precision: torch.bfloat16
   🔄 Training Start... (Epochs: 50, Patience: 8)
   📅 Epoch 1 | Loss: 2.7256 | Val Accuracy: 17.84%
      ⭐ New Best! (Model saving disabled to save space)
   📅 Epoch 2 | Loss: 2.5319 | Val Accuracy: 28.50%
      ⭐ New Best! (Model saving disabled to save space)
   📅 Epoch 3 | Loss: 2.3966 | Val Accuracy: 39.53%
      ⭐ New Best! (Model saving disabled to save space)
   📅 Epoch 4 | Loss: 2.2641 | Val Accuracy: 48.33%
      ⭐ New Best! (Model saving disabled to save space)
   📅 Epoch 5 | Loss: 2.1488 | Val Accuracy: 53.66%
      ⭐ New Best! (Model saving disabled to save space)
   📅 Epoch 6 | Loss: 2.0075 | Val Accuracy: 56.63%
      ⭐ New Best! (Model saving disabled to save space)
   📅 Epoch 7 | Loss: 1.9154 | Val Accuracy: 59.79%
      ⭐ New Best! (Model saving disabled to save space)
   📅 Epoch 8 | Loss: 1.8140 | Val Accuracy: 61.83%
      ⭐ New Best! (Model saving disabled to save space)
   📅 Epoch 9 | Loss: 1.7145 | Val Accuracy: 63.32%
      ⭐ New Best! (Model saving disabled to save space)
   📅 Epoch 10 | Loss: 1.6606 | Val Accuracy: 64.75%
      ⭐ New Best! (Model saving disabled to save space)
   📅 Epoch 11 | Loss: 1.5592 | Val Accuracy: 65.24%
      ⭐ New Best! (Model saving disabled to save space)
   📅 Epoch 12 | Loss: 1.5085 | Val Accuracy: 66.91%
      ⭐ New Best! (Model saving disabled to save space)
   📅 Epoch 13 | Loss: 1.4300 | Val Accuracy: 68.46%
      ⭐ New Best! (Model saving disabled to save space)
   📅 Epoch 14 | Loss: 1.3827 | Val Accuracy: 67.78%
   📅 Epoch 15 | Loss: 1.3081 | Val Accuracy: 67.60%
   📅 Epoch 16 | Loss: 1.2847 | Val Accuracy: 70.26%
      ⭐ New Best! (Model saving disabled to save space)
   📅 Epoch 17 | Loss: 1.2321 | Val Accuracy: 69.95%
   📅 Epoch 18 | Loss: 1.1930 | Val Accuracy: 70.07%
   📅 Epoch 19 | Loss: 1.1619 | Val Accuracy: 71.13%
      ⭐ New Best! (Model saving disabled to save space)
   📅 Epoch 20 | Loss: 1.1382 | Val Accuracy: 71.69%
      ⭐ New Best! (Model saving disabled to save space)
   📅 Epoch 21 | Loss: 1.0804 | Val Accuracy: 70.51%
   📅 Epoch 22 | Loss: 1.0783 | Val Accuracy: 71.44%
   📅 Epoch 23 | Loss: 1.0637 | Val Accuracy: 72.55%
      ⭐ New Best! (Model saving disabled to save space)
   📅 Epoch 24 | Loss: 1.0279 | Val Accuracy: 72.92%
      ⭐ New Best! (Model saving disabled to save space)
   📅 Epoch 25 | Loss: 1.0049 | Val Accuracy: 72.37%
   📅 Epoch 26 | Loss: 0.9710 | Val Accuracy: 73.17%
      ⭐ New Best! (Model saving disabled to save space)
   📅 Epoch 27 | Loss: 0.9370 | Val Accuracy: 72.99%
   📅 Epoch 28 | Loss: 0.9264 | Val Accuracy: 73.92%
      ⭐ New Best! (Model saving disabled to save space)
   📅 Epoch 29 | Loss: 0.9148 | Val Accuracy: 73.17%
   📅 Epoch 30 | Loss: 0.8917 | Val Accuracy: 74.04%
      ⭐ New Best! (Model saving disabled to save space)
   📅 Epoch 31 | Loss: 0.9126 | Val Accuracy: 73.11%
   📅 Epoch 32 | Loss: 0.8684 | Val Accuracy: 73.30%
   📅 Epoch 33 | Loss: 0.8572 | Val Accuracy: 74.54%
      ⭐ New Best! (Model saving disabled to save space)
   📅 Epoch 34 | Loss: 0.8187 | Val Accuracy: 74.23%
   📅 Epoch 35 | Loss: 0.7968 | Val Accuracy: 74.85%
      ⭐ New Best! (Model saving disabled to save space)
   📅 Epoch 36 | Loss: 0.7690 | Val Accuracy: 73.98%
   📅 Epoch 37 | Loss: 0.8012 | Val Accuracy: 75.28%
      ⭐ New Best! (Model saving disabled to save space)
   📅 Epoch 38 | Loss: 0.7696 | Val Accuracy: 75.22%
   📅 Epoch 39 | Loss: 0.7722 | Val Accuracy: 75.09%
   📅 Epoch 40 | Loss: 0.7788 | Val Accuracy: 75.22%
   📅 Epoch 41 | Loss: 0.7630 | Val Accuracy: 75.59%
      ⭐ New Best! (Model saving disabled to save space)
   📅 Epoch 42 | Loss: 0.7356 | Val Accuracy: 75.15%
   📅 Epoch 43 | Loss: 0.7237 | Val Accuracy: 75.46%
   📅 Epoch 44 | Loss: 0.7077 | Val Accuracy: 75.96%
      ⭐ New Best! (Model saving disabled to save space)
   📅 Epoch 45 | Loss: 0.6992 | Val Accuracy: 75.71%
   📅 Epoch 46 | Loss: 0.7160 | Val Accuracy: 75.40%
   📅 Epoch 47 | Loss: 0.6929 | Val Accuracy: 75.96%
   📅 Epoch 48 | Loss: 0.6759 | Val Accuracy: 75.77%
   📅 Epoch 49 | Loss: 0.6708 | Val Accuracy: 75.34%
   📅 Epoch 50 | Loss: 0.6428 | Val Accuracy: 76.15%
      ⭐ New Best! (Model saving disabled to save space)

========================================
🏆 Best Val Accuracy: 76.15%
💾 Best Checkpoint: ./checkpoints/linear_mb-domars16k_vit_l_lr0.0001_concat_3.pth
========================================

