
============================================================
📄 Log File: ./logs/linear_records/mb-domars16k_siglip2_frac0.05x_lr0.001_concat_3.log
⏰ Time: 2026-04-14 02:08:56
============================================================

🚀 Training siglip2 on mb-domars16k | Mode: LINEAR | LR: 0.001
   📂 [TRAIN] Loading 1 shards...
   ✅ Loaded 565 samples.
   📂 [TEST] Loading 1 shards...
   ✅ Loaded 1614 samples.
   ⚙️  Config: Workers=8, BS=64, SmallData=False

>>> Loading Model: siglip2 (transformers)

   🔍 [Structure Check] siglip2 Output Analysis:
      Type: Tuple (len=2)
      Item 0: Shape (1, 1024)
      Item 1: Shape (1, 256, 1024)
      ✅ Identified: CLS=True, Patch=True
      👉 Final Strategy: concat_3 | Input Dim: 3072
   ❄️  Mode: Linear Probe (Backbone Frozen)
   ⚡ AMP Precision: torch.bfloat16
   🔄 Training Start... (Epochs: 50, Patience: 8)
   📅 Epoch 1 | Loss: 3.7086 | Val Accuracy: 20.45%
      ⭐ New Best! (Model saving disabled to save space)
   📅 Epoch 2 | Loss: 2.4145 | Val Accuracy: 34.26%
      ⭐ New Best! (Model saving disabled to save space)
   📅 Epoch 3 | Loss: 1.8269 | Val Accuracy: 35.69%
      ⭐ New Best! (Model saving disabled to save space)
   📅 Epoch 4 | Loss: 1.5635 | Val Accuracy: 38.85%
      ⭐ New Best! (Model saving disabled to save space)
   📅 Epoch 5 | Loss: 1.2612 | Val Accuracy: 52.42%
      ⭐ New Best! (Model saving disabled to save space)
   📅 Epoch 6 | Loss: 1.1578 | Val Accuracy: 51.05%
   📅 Epoch 7 | Loss: 1.0938 | Val Accuracy: 59.11%
      ⭐ New Best! (Model saving disabled to save space)
   📅 Epoch 8 | Loss: 0.9764 | Val Accuracy: 59.54%
      ⭐ New Best! (Model saving disabled to save space)
   📅 Epoch 9 | Loss: 0.9303 | Val Accuracy: 60.72%
      ⭐ New Best! (Model saving disabled to save space)
   📅 Epoch 10 | Loss: 0.8024 | Val Accuracy: 71.81%
      ⭐ New Best! (Model saving disabled to save space)
   📅 Epoch 11 | Loss: 0.7647 | Val Accuracy: 63.01%
   📅 Epoch 12 | Loss: 0.7308 | Val Accuracy: 66.17%
   📅 Epoch 13 | Loss: 0.7277 | Val Accuracy: 66.42%
   📅 Epoch 14 | Loss: 0.6620 | Val Accuracy: 72.80%
      ⭐ New Best! (Model saving disabled to save space)
   📅 Epoch 15 | Loss: 0.6370 | Val Accuracy: 69.02%
   📅 Epoch 16 | Loss: 0.6672 | Val Accuracy: 66.29%
   📅 Epoch 17 | Loss: 0.6237 | Val Accuracy: 66.79%
   📅 Epoch 18 | Loss: 0.6575 | Val Accuracy: 66.23%
   📅 Epoch 19 | Loss: 0.6550 | Val Accuracy: 67.78%
   📅 Epoch 20 | Loss: 0.5774 | Val Accuracy: 69.70%
   📅 Epoch 21 | Loss: 0.6468 | Val Accuracy: 72.43%
   📅 Epoch 22 | Loss: 0.6008 | Val Accuracy: 65.74%

   🛑 Early Stopping triggered after 8 epochs.

========================================
🏆 Best Val Accuracy: 72.80%
💾 Best Checkpoint: ./checkpoints/linear_mb-domars16k_siglip2_lr0.001_concat_3.pth
========================================

