
============================================================
📄 Log File: ./logs/linear_records/mb-domars16k_mars_mae_frac0.20x_lr0.0001_concat_3.log
⏰ Time: 2026-04-14 01:58:47
============================================================

🚀 Training mars_mae on mb-domars16k | Mode: LINEAR | LR: 0.0001
   📂 [TRAIN] Loading 1 shards...
   ✅ Loaded 2261 samples.
   📂 [TEST] Loading 1 shards...
   ✅ Loaded 1614 samples.
   ⚙️  Config: Workers=8, BS=64, SmallData=False

>>> Loading Model: mars_mae (timm_mae)
   ℹ️  Config: in_chans=1
   🔍 Auditing weights for [mars_mae]...
   ✅ [PERFECT MATCH] 150/150 layers loaded (100.0%)

   🔍 [Structure Check] mars_mae Output Analysis:
      Type: Tuple (len=2)
      Item 0: Shape (1, 768)
      Item 1: Shape (1, 196, 768)
      ✅ Identified: CLS=True, Patch=True
      👉 Final Strategy: concat_3 | Input Dim: 2304
   ❄️  Mode: Linear Probe (Backbone Frozen)
   ⚡ AMP Precision: torch.bfloat16
   🔄 Training Start... (Epochs: 50, Patience: 8)
   📅 Epoch 1 | Loss: 2.6518 | Val Accuracy: 28.56%
      ⭐ New Best! (Model saving disabled to save space)
   📅 Epoch 2 | Loss: 2.4374 | Val Accuracy: 44.73%
      ⭐ New Best! (Model saving disabled to save space)
   📅 Epoch 3 | Loss: 2.2798 | Val Accuracy: 53.66%
      ⭐ New Best! (Model saving disabled to save space)
   📅 Epoch 4 | Loss: 2.1264 | Val Accuracy: 57.81%
      ⭐ New Best! (Model saving disabled to save space)
   📅 Epoch 5 | Loss: 2.0091 | Val Accuracy: 60.84%
      ⭐ New Best! (Model saving disabled to save space)
   📅 Epoch 6 | Loss: 1.8899 | Val Accuracy: 65.49%
      ⭐ New Best! (Model saving disabled to save space)
   📅 Epoch 7 | Loss: 1.8156 | Val Accuracy: 66.17%
      ⭐ New Best! (Model saving disabled to save space)
   📅 Epoch 8 | Loss: 1.7277 | Val Accuracy: 67.78%
      ⭐ New Best! (Model saving disabled to save space)
   📅 Epoch 9 | Loss: 1.6776 | Val Accuracy: 68.96%
      ⭐ New Best! (Model saving disabled to save space)
   📅 Epoch 10 | Loss: 1.6041 | Val Accuracy: 69.83%
      ⭐ New Best! (Model saving disabled to save space)
   📅 Epoch 11 | Loss: 1.5546 | Val Accuracy: 71.07%
      ⭐ New Best! (Model saving disabled to save space)
   📅 Epoch 12 | Loss: 1.5043 | Val Accuracy: 70.01%
   📅 Epoch 13 | Loss: 1.4720 | Val Accuracy: 73.11%
      ⭐ New Best! (Model saving disabled to save space)
   📅 Epoch 14 | Loss: 1.4292 | Val Accuracy: 69.83%
   📅 Epoch 15 | Loss: 1.3917 | Val Accuracy: 70.01%
   📅 Epoch 16 | Loss: 1.3421 | Val Accuracy: 74.16%
      ⭐ New Best! (Model saving disabled to save space)
   📅 Epoch 17 | Loss: 1.3287 | Val Accuracy: 74.54%
      ⭐ New Best! (Model saving disabled to save space)
   📅 Epoch 18 | Loss: 1.3017 | Val Accuracy: 73.98%
   📅 Epoch 19 | Loss: 1.2728 | Val Accuracy: 72.68%
   📅 Epoch 20 | Loss: 1.2473 | Val Accuracy: 75.53%
      ⭐ New Best! (Model saving disabled to save space)
   📅 Epoch 21 | Loss: 1.2179 | Val Accuracy: 72.24%
   📅 Epoch 22 | Loss: 1.2207 | Val Accuracy: 74.10%
   📅 Epoch 23 | Loss: 1.1993 | Val Accuracy: 74.85%
   📅 Epoch 24 | Loss: 1.1619 | Val Accuracy: 75.84%
      ⭐ New Best! (Model saving disabled to save space)
   📅 Epoch 25 | Loss: 1.1445 | Val Accuracy: 75.96%
      ⭐ New Best! (Model saving disabled to save space)
   📅 Epoch 26 | Loss: 1.1398 | Val Accuracy: 76.58%
      ⭐ New Best! (Model saving disabled to save space)
   📅 Epoch 27 | Loss: 1.1210 | Val Accuracy: 75.84%
   📅 Epoch 28 | Loss: 1.1066 | Val Accuracy: 75.90%
   📅 Epoch 29 | Loss: 1.0891 | Val Accuracy: 76.64%
      ⭐ New Best! (Model saving disabled to save space)
   📅 Epoch 30 | Loss: 1.0882 | Val Accuracy: 76.58%
   📅 Epoch 31 | Loss: 1.0559 | Val Accuracy: 77.20%
      ⭐ New Best! (Model saving disabled to save space)
   📅 Epoch 32 | Loss: 1.0563 | Val Accuracy: 76.64%
   📅 Epoch 33 | Loss: 1.0537 | Val Accuracy: 76.83%
   📅 Epoch 34 | Loss: 1.0155 | Val Accuracy: 76.27%
   📅 Epoch 35 | Loss: 1.0178 | Val Accuracy: 77.14%
   📅 Epoch 36 | Loss: 1.0027 | Val Accuracy: 77.26%
      ⭐ New Best! (Model saving disabled to save space)
   📅 Epoch 37 | Loss: 1.0040 | Val Accuracy: 77.26%
   📅 Epoch 38 | Loss: 0.9924 | Val Accuracy: 77.82%
      ⭐ New Best! (Model saving disabled to save space)
   📅 Epoch 39 | Loss: 0.9801 | Val Accuracy: 77.76%
   📅 Epoch 40 | Loss: 0.9770 | Val Accuracy: 77.76%
   📅 Epoch 41 | Loss: 0.9797 | Val Accuracy: 79.06%
      ⭐ New Best! (Model saving disabled to save space)
   📅 Epoch 42 | Loss: 0.9631 | Val Accuracy: 77.88%
   📅 Epoch 43 | Loss: 0.9449 | Val Accuracy: 78.25%
   📅 Epoch 44 | Loss: 0.9542 | Val Accuracy: 77.32%
   📅 Epoch 45 | Loss: 0.9425 | Val Accuracy: 79.18%
      ⭐ New Best! (Model saving disabled to save space)
   📅 Epoch 46 | Loss: 0.9260 | Val Accuracy: 78.87%
   📅 Epoch 47 | Loss: 0.9104 | Val Accuracy: 79.55%
      ⭐ New Best! (Model saving disabled to save space)
   📅 Epoch 48 | Loss: 0.8984 | Val Accuracy: 78.75%
   📅 Epoch 49 | Loss: 0.9041 | Val Accuracy: 78.56%
   📅 Epoch 50 | Loss: 0.9041 | Val Accuracy: 78.44%

========================================
🏆 Best Val Accuracy: 79.55%
💾 Best Checkpoint: ./checkpoints/linear_mb-domars16k_mars_mae_lr0.0001_concat_3.pth
========================================

