
============================================================
📄 Log File: ./logs/linear_records/mb-domars16k_vit_l_frac0.50x_lr0.001_concat_3.log
⏰ Time: 2026-04-14 01:35:00
============================================================

🚀 Training vit_l on mb-domars16k | Mode: LINEAR | LR: 0.001
   📂 [TRAIN] Loading 1 shards...
   ✅ Loaded 5652 samples.
   📂 [TEST] Loading 1 shards...
   ✅ Loaded 1614 samples.
   ⚙️  Config: Workers=8, BS=64, SmallData=False

>>> Loading Model: vit_l (torchvision_vit)
   🔍 Auditing weights for [vit_l]...
   ✅ [PERFECT MATCH] 296/296 layers loaded (100.0%)

   🔍 [Structure Check] vit_l Output Analysis:
      Type: Tuple (len=2)
      Item 0: Shape (1, 1024)
      Item 1: Shape (1, 196, 1024)
      ✅ Identified: CLS=True, Patch=True
      👉 Final Strategy: concat_3 | Input Dim: 3072
   ❄️  Mode: Linear Probe (Backbone Frozen)
   ⚡ AMP Precision: torch.bfloat16
   🔄 Training Start... (Epochs: 50, Patience: 8)
   📅 Epoch 1 | Loss: 1.1106 | Val Accuracy: 79.55%
      ⭐ New Best! (Model saving disabled to save space)
   📅 Epoch 2 | Loss: 0.6471 | Val Accuracy: 80.86%
      ⭐ New Best! (Model saving disabled to save space)
   📅 Epoch 3 | Loss: 0.5920 | Val Accuracy: 81.10%
      ⭐ New Best! (Model saving disabled to save space)
   📅 Epoch 4 | Loss: 0.5609 | Val Accuracy: 83.58%
      ⭐ New Best! (Model saving disabled to save space)
   📅 Epoch 5 | Loss: 0.5064 | Val Accuracy: 84.51%
      ⭐ New Best! (Model saving disabled to save space)
   📅 Epoch 6 | Loss: 0.4962 | Val Accuracy: 83.58%
   📅 Epoch 7 | Loss: 0.4769 | Val Accuracy: 83.40%
   📅 Epoch 8 | Loss: 0.4513 | Val Accuracy: 85.69%
      ⭐ New Best! (Model saving disabled to save space)
   📅 Epoch 9 | Loss: 0.4346 | Val Accuracy: 85.13%
   📅 Epoch 10 | Loss: 0.4292 | Val Accuracy: 83.83%
   📅 Epoch 11 | Loss: 0.4016 | Val Accuracy: 84.63%
   📅 Epoch 12 | Loss: 0.3956 | Val Accuracy: 85.44%
   📅 Epoch 13 | Loss: 0.3952 | Val Accuracy: 85.50%
   📅 Epoch 14 | Loss: 0.3880 | Val Accuracy: 85.50%
   📅 Epoch 15 | Loss: 0.3918 | Val Accuracy: 85.50%
   📅 Epoch 16 | Loss: 0.3899 | Val Accuracy: 85.07%

   🛑 Early Stopping triggered after 8 epochs.

========================================
🏆 Best Val Accuracy: 85.69%
💾 Best Checkpoint: ./checkpoints/linear_mb-domars16k_vit_l_lr0.001_concat_3.pth
========================================

