
============================================================
📄 Log File: ./logs/linear_records/mb-domars16k_swin_v2_frac0.01x_lr0.001_concat_3.log
⏰ Time: 2026-04-14 01:16:49
============================================================

🚀 Training swin_v2 on mb-domars16k | Mode: LINEAR | LR: 0.001
   📂 [TRAIN] Loading 1 shards...
   ✅ Loaded 113 samples.
   📂 [TEST] Loading 1 shards...
   ✅ Loaded 1614 samples.
   ⚙️  Config: Workers=0, BS=64, SmallData=True

>>> Loading Model: swin_v2 (torchvision_swin)
   🔍 Auditing weights for [swin_v2]...
   ✅ [PERFECT MATCH] 449/449 layers loaded (100.0%)

   🔍 [Structure Check] swin_v2 Output Analysis:
      Type: Tuple (len=2)
      Item 0: Shape (1, 1024)
      Item 1: Shape (1, 64, 1024)
      ✅ Identified: CLS=True, Patch=True
      👉 Final Strategy: concat_3 | Input Dim: 3072
   ❄️  Mode: Linear Probe (Backbone Frozen)
   ⚡ AMP Precision: torch.bfloat16
   🔄 Training Start... (Epochs: 50, Patience: 8)
   📅 Epoch 1 | Loss: 2.9513 | Val Accuracy: 11.65%
      ⭐ New Best! (Model saving disabled to save space)
   📅 Epoch 2 | Loss: 2.9938 | Val Accuracy: 22.24%
      ⭐ New Best! (Model saving disabled to save space)
   📅 Epoch 3 | Loss: 2.7867 | Val Accuracy: 19.89%
   📅 Epoch 4 | Loss: 2.3303 | Val Accuracy: 33.09%
      ⭐ New Best! (Model saving disabled to save space)
   📅 Epoch 5 | Loss: 1.9308 | Val Accuracy: 34.82%
      ⭐ New Best! (Model saving disabled to save space)
   📅 Epoch 6 | Loss: 1.7641 | Val Accuracy: 38.10%
      ⭐ New Best! (Model saving disabled to save space)
   📅 Epoch 7 | Loss: 1.8096 | Val Accuracy: 42.38%
      ⭐ New Best! (Model saving disabled to save space)
   📅 Epoch 8 | Loss: 1.6102 | Val Accuracy: 45.54%
      ⭐ New Best! (Model saving disabled to save space)
   📅 Epoch 9 | Loss: 1.3961 | Val Accuracy: 47.15%
      ⭐ New Best! (Model saving disabled to save space)
   📅 Epoch 10 | Loss: 1.2520 | Val Accuracy: 50.12%
      ⭐ New Best! (Model saving disabled to save space)
   📅 Epoch 11 | Loss: 1.2803 | Val Accuracy: 51.24%
      ⭐ New Best! (Model saving disabled to save space)
   📅 Epoch 12 | Loss: 1.2619 | Val Accuracy: 50.37%
   📅 Epoch 13 | Loss: 1.1024 | Val Accuracy: 48.20%
   📅 Epoch 14 | Loss: 0.9217 | Val Accuracy: 48.57%
   📅 Epoch 15 | Loss: 0.9857 | Val Accuracy: 51.49%
      ⭐ New Best! (Model saving disabled to save space)
   📅 Epoch 16 | Loss: 0.9923 | Val Accuracy: 52.54%
      ⭐ New Best! (Model saving disabled to save space)
   📅 Epoch 17 | Loss: 0.8711 | Val Accuracy: 52.60%
      ⭐ New Best! (Model saving disabled to save space)
   📅 Epoch 18 | Loss: 0.8820 | Val Accuracy: 52.42%
   📅 Epoch 19 | Loss: 0.9021 | Val Accuracy: 53.16%
      ⭐ New Best! (Model saving disabled to save space)
   📅 Epoch 20 | Loss: 0.9331 | Val Accuracy: 54.40%
      ⭐ New Best! (Model saving disabled to save space)
   📅 Epoch 21 | Loss: 0.7742 | Val Accuracy: 55.33%
      ⭐ New Best! (Model saving disabled to save space)
   📅 Epoch 22 | Loss: 0.6407 | Val Accuracy: 56.01%
      ⭐ New Best! (Model saving disabled to save space)
   📅 Epoch 23 | Loss: 0.6418 | Val Accuracy: 55.70%
   📅 Epoch 24 | Loss: 0.6049 | Val Accuracy: 55.95%
   📅 Epoch 25 | Loss: 0.7186 | Val Accuracy: 54.89%
   📅 Epoch 26 | Loss: 0.7357 | Val Accuracy: 54.58%
   📅 Epoch 27 | Loss: 0.6119 | Val Accuracy: 56.01%
   📅 Epoch 28 | Loss: 0.5649 | Val Accuracy: 57.06%
      ⭐ New Best! (Model saving disabled to save space)
   📅 Epoch 29 | Loss: 0.5878 | Val Accuracy: 56.82%
   📅 Epoch 30 | Loss: 0.4946 | Val Accuracy: 57.13%
      ⭐ New Best! (Model saving disabled to save space)
   📅 Epoch 31 | Loss: 0.4821 | Val Accuracy: 57.37%
      ⭐ New Best! (Model saving disabled to save space)
   📅 Epoch 32 | Loss: 0.5282 | Val Accuracy: 56.57%
   📅 Epoch 33 | Loss: 0.3974 | Val Accuracy: 56.75%
   📅 Epoch 34 | Loss: 0.4802 | Val Accuracy: 56.20%
   📅 Epoch 35 | Loss: 0.4645 | Val Accuracy: 56.75%
   📅 Epoch 36 | Loss: 0.4169 | Val Accuracy: 57.68%
      ⭐ New Best! (Model saving disabled to save space)
   📅 Epoch 37 | Loss: 0.4214 | Val Accuracy: 58.24%
      ⭐ New Best! (Model saving disabled to save space)
   📅 Epoch 38 | Loss: 0.4886 | Val Accuracy: 59.60%
      ⭐ New Best! (Model saving disabled to save space)
   📅 Epoch 39 | Loss: 0.4057 | Val Accuracy: 59.36%
   📅 Epoch 40 | Loss: 0.4383 | Val Accuracy: 59.17%
   📅 Epoch 41 | Loss: 0.5729 | Val Accuracy: 59.60%
   📅 Epoch 42 | Loss: 0.3292 | Val Accuracy: 60.41%
      ⭐ New Best! (Model saving disabled to save space)
   📅 Epoch 43 | Loss: 0.2785 | Val Accuracy: 61.03%
      ⭐ New Best! (Model saving disabled to save space)
   📅 Epoch 44 | Loss: 0.4458 | Val Accuracy: 60.84%
   📅 Epoch 45 | Loss: 0.2841 | Val Accuracy: 59.85%
   📅 Epoch 46 | Loss: 0.3028 | Val Accuracy: 60.04%
   📅 Epoch 47 | Loss: 0.4311 | Val Accuracy: 59.85%
   📅 Epoch 48 | Loss: 0.2958 | Val Accuracy: 59.23%
   📅 Epoch 49 | Loss: 0.3306 | Val Accuracy: 58.55%
   📅 Epoch 50 | Loss: 0.3367 | Val Accuracy: 57.00%

========================================
🏆 Best Val Accuracy: 61.03%
💾 Best Checkpoint: ./checkpoints/linear_mb-domars16k_swin_v2_lr0.001_concat_3.pth
========================================

