
============================================================
📄 Log File: ./logs/linear_records_new/mb-domars16k_dinov3_lvd_frac0.50x_lr1e-05_concat_3.log
⏰ Time: 2026-04-15 18:30:51
============================================================

🚀 Training dinov3_lvd on mb-domars16k | Mode: LINEAR | LR: 1e-05
   📂 [TRAIN] Loading 1 shards...
   ✅ Loaded 5652 samples.
   📂 [TEST] Loading 1 shards...
   ✅ Loaded 1614 samples.
   ⚙️  Config: Workers=8, BS=64, SmallData=False

>>> Loading Model: dinov3_lvd (dinov3_hub)
  ℹ️  DINOv3 Config: in_chans=3
   🔍 Auditing weights for [dinov3_lvd]...
   ✅ [PERFECT MATCH] 368/368 layers loaded (100.0%)

   🔍 [Structure Check] dinov3_lvd Output Analysis:
      Type: Tuple (len=2)
      Item 0: Shape (1, 1024)
      Item 1: Shape (1, 256, 1024)
      ✅ Identified: CLS=True, Patch=True
      👉 Final Strategy: concat_3 | Input Dim: 3072
   ❄️  Mode: Linear Probe (Backbone Frozen)
   ⚡ AMP Precision: torch.bfloat16
   🔄 Training Start... (Epochs: 50, Patience: 8)
   📅 Epoch 1 | Loss: 2.6880 | Val Accuracy: 15.30%
      ⭐ New Best! (Model saving disabled to save space)
   📅 Epoch 2 | Loss: 2.5385 | Val Accuracy: 34.01%
      ⭐ New Best! (Model saving disabled to save space)
   📅 Epoch 3 | Loss: 2.4054 | Val Accuracy: 46.59%
      ⭐ New Best! (Model saving disabled to save space)
   📅 Epoch 4 | Loss: 2.2817 | Val Accuracy: 54.15%
      ⭐ New Best! (Model saving disabled to save space)
   📅 Epoch 5 | Loss: 2.1666 | Val Accuracy: 58.98%
      ⭐ New Best! (Model saving disabled to save space)
   📅 Epoch 6 | Loss: 2.0661 | Val Accuracy: 61.96%
      ⭐ New Best! (Model saving disabled to save space)
   📅 Epoch 7 | Loss: 1.9710 | Val Accuracy: 64.00%
      ⭐ New Best! (Model saving disabled to save space)
   📅 Epoch 8 | Loss: 1.8846 | Val Accuracy: 65.80%
      ⭐ New Best! (Model saving disabled to save space)
   📅 Epoch 9 | Loss: 1.8082 | Val Accuracy: 66.67%
      ⭐ New Best! (Model saving disabled to save space)
   📅 Epoch 10 | Loss: 1.7329 | Val Accuracy: 67.41%
      ⭐ New Best! (Model saving disabled to save space)
   📅 Epoch 11 | Loss: 1.6671 | Val Accuracy: 68.59%
      ⭐ New Best! (Model saving disabled to save space)
   📅 Epoch 12 | Loss: 1.6082 | Val Accuracy: 69.39%
      ⭐ New Best! (Model saving disabled to save space)
   📅 Epoch 13 | Loss: 1.5420 | Val Accuracy: 70.01%
      ⭐ New Best! (Model saving disabled to save space)
   📅 Epoch 14 | Loss: 1.4990 | Val Accuracy: 70.94%
      ⭐ New Best! (Model saving disabled to save space)
   📅 Epoch 15 | Loss: 1.4470 | Val Accuracy: 71.25%
      ⭐ New Best! (Model saving disabled to save space)
   📅 Epoch 16 | Loss: 1.4072 | Val Accuracy: 71.44%
      ⭐ New Best! (Model saving disabled to save space)
   📅 Epoch 17 | Loss: 1.3603 | Val Accuracy: 72.24%
      ⭐ New Best! (Model saving disabled to save space)
   📅 Epoch 18 | Loss: 1.3289 | Val Accuracy: 72.37%
      ⭐ New Best! (Model saving disabled to save space)
   📅 Epoch 19 | Loss: 1.2911 | Val Accuracy: 72.68%
      ⭐ New Best! (Model saving disabled to save space)
   📅 Epoch 20 | Loss: 1.2539 | Val Accuracy: 72.92%
      ⭐ New Best! (Model saving disabled to save space)
   📅 Epoch 21 | Loss: 1.2305 | Val Accuracy: 73.36%
      ⭐ New Best! (Model saving disabled to save space)
   📅 Epoch 22 | Loss: 1.1992 | Val Accuracy: 73.05%
   📅 Epoch 23 | Loss: 1.1747 | Val Accuracy: 73.36%
   📅 Epoch 24 | Loss: 1.1441 | Val Accuracy: 73.79%
      ⭐ New Best! (Model saving disabled to save space)
   📅 Epoch 25 | Loss: 1.1308 | Val Accuracy: 74.04%
      ⭐ New Best! (Model saving disabled to save space)
   📅 Epoch 26 | Loss: 1.1073 | Val Accuracy: 74.10%
      ⭐ New Best! (Model saving disabled to save space)
   📅 Epoch 27 | Loss: 1.0835 | Val Accuracy: 74.16%
      ⭐ New Best! (Model saving disabled to save space)
   📅 Epoch 28 | Loss: 1.0646 | Val Accuracy: 74.29%
      ⭐ New Best! (Model saving disabled to save space)
   📅 Epoch 29 | Loss: 1.0464 | Val Accuracy: 74.78%
      ⭐ New Best! (Model saving disabled to save space)
   📅 Epoch 30 | Loss: 1.0298 | Val Accuracy: 74.72%
   📅 Epoch 31 | Loss: 1.0244 | Val Accuracy: 74.85%
      ⭐ New Best! (Model saving disabled to save space)
   📅 Epoch 32 | Loss: 0.9860 | Val Accuracy: 75.03%
      ⭐ New Best! (Model saving disabled to save space)
   📅 Epoch 33 | Loss: 0.9788 | Val Accuracy: 75.09%
      ⭐ New Best! (Model saving disabled to save space)
   📅 Epoch 34 | Loss: 0.9632 | Val Accuracy: 75.46%
      ⭐ New Best! (Model saving disabled to save space)
   📅 Epoch 35 | Loss: 0.9517 | Val Accuracy: 75.90%
      ⭐ New Best! (Model saving disabled to save space)
   📅 Epoch 36 | Loss: 0.9396 | Val Accuracy: 76.08%
      ⭐ New Best! (Model saving disabled to save space)
   📅 Epoch 37 | Loss: 0.9177 | Val Accuracy: 76.33%
      ⭐ New Best! (Model saving disabled to save space)
   📅 Epoch 38 | Loss: 0.9083 | Val Accuracy: 76.64%
      ⭐ New Best! (Model saving disabled to save space)
   📅 Epoch 39 | Loss: 0.9016 | Val Accuracy: 76.77%
      ⭐ New Best! (Model saving disabled to save space)
   📅 Epoch 40 | Loss: 0.8945 | Val Accuracy: 76.77%
   📅 Epoch 41 | Loss: 0.8725 | Val Accuracy: 76.83%
      ⭐ New Best! (Model saving disabled to save space)
   📅 Epoch 42 | Loss: 0.8663 | Val Accuracy: 77.14%
      ⭐ New Best! (Model saving disabled to save space)
   📅 Epoch 43 | Loss: 0.8602 | Val Accuracy: 77.32%
      ⭐ New Best! (Model saving disabled to save space)
   📅 Epoch 44 | Loss: 0.8460 | Val Accuracy: 77.45%
      ⭐ New Best! (Model saving disabled to save space)
   📅 Epoch 45 | Loss: 0.8447 | Val Accuracy: 77.57%
      ⭐ New Best! (Model saving disabled to save space)
   📅 Epoch 46 | Loss: 0.8292 | Val Accuracy: 77.82%
      ⭐ New Best! (Model saving disabled to save space)
   📅 Epoch 47 | Loss: 0.8302 | Val Accuracy: 77.88%
      ⭐ New Best! (Model saving disabled to save space)
   📅 Epoch 48 | Loss: 0.8207 | Val Accuracy: 77.94%
      ⭐ New Best! (Model saving disabled to save space)
   📅 Epoch 49 | Loss: 0.8016 | Val Accuracy: 77.88%
   📅 Epoch 50 | Loss: 0.7977 | Val Accuracy: 77.82%

========================================
🏆 Best Val Accuracy: 77.94%
💾 Best Checkpoint: ./checkpoints/linear_mb-domars16k_dinov3_lvd_lr1e-05_concat_3.pth
========================================

