
============================================================
📄 Log File: ./logs/linear_records/mb-domars16k_openclip_frac0.50x_lr1e-05_concat_3.log
⏰ Time: 2026-04-14 03:15:35
============================================================

🚀 Training openclip on mb-domars16k | Mode: LINEAR | LR: 1e-05
   📂 [TRAIN] Loading 1 shards...
   ✅ Loaded 5652 samples.
   📂 [TEST] Loading 1 shards...
   ✅ Loaded 1614 samples.
   ⚙️  Config: Workers=8, BS=64, SmallData=False

>>> Loading Model: openclip (transformers_clip)

   🔍 [Structure Check] openclip Output Analysis:
      Type: Tuple (len=2)
      Item 0: Shape (1, 1024)
      Item 1: Shape (1, 256, 1024)
      ✅ Identified: CLS=True, Patch=True
      👉 Final Strategy: concat_3 | Input Dim: 3072
   ❄️  Mode: Linear Probe (Backbone Frozen)
   ⚡ AMP Precision: torch.bfloat16
   🔄 Training Start... (Epochs: 50, Patience: 8)
   📅 Epoch 1 | Loss: 3.0019 | Val Accuracy: 11.09%
      ⭐ New Best! (Model saving disabled to save space)
   📅 Epoch 2 | Loss: 2.6098 | Val Accuracy: 22.99%
      ⭐ New Best! (Model saving disabled to save space)
   📅 Epoch 3 | Loss: 2.4759 | Val Accuracy: 32.03%
      ⭐ New Best! (Model saving disabled to save space)
   📅 Epoch 4 | Loss: 2.3440 | Val Accuracy: 42.57%
      ⭐ New Best! (Model saving disabled to save space)
   📅 Epoch 5 | Loss: 2.2322 | Val Accuracy: 48.57%
      ⭐ New Best! (Model saving disabled to save space)
   📅 Epoch 6 | Loss: 2.1312 | Val Accuracy: 52.48%
      ⭐ New Best! (Model saving disabled to save space)
   📅 Epoch 7 | Loss: 2.0449 | Val Accuracy: 56.57%
      ⭐ New Best! (Model saving disabled to save space)
   📅 Epoch 8 | Loss: 1.9553 | Val Accuracy: 58.30%
      ⭐ New Best! (Model saving disabled to save space)
   📅 Epoch 9 | Loss: 1.8787 | Val Accuracy: 59.36%
      ⭐ New Best! (Model saving disabled to save space)
   📅 Epoch 10 | Loss: 1.8113 | Val Accuracy: 61.96%
      ⭐ New Best! (Model saving disabled to save space)
   📅 Epoch 11 | Loss: 1.7476 | Val Accuracy: 63.88%
      ⭐ New Best! (Model saving disabled to save space)
   📅 Epoch 12 | Loss: 1.6929 | Val Accuracy: 64.68%
      ⭐ New Best! (Model saving disabled to save space)
   📅 Epoch 13 | Loss: 1.6315 | Val Accuracy: 63.26%
   📅 Epoch 14 | Loss: 1.5875 | Val Accuracy: 65.99%
      ⭐ New Best! (Model saving disabled to save space)
   📅 Epoch 15 | Loss: 1.5429 | Val Accuracy: 66.67%
      ⭐ New Best! (Model saving disabled to save space)
   📅 Epoch 16 | Loss: 1.4971 | Val Accuracy: 66.54%
   📅 Epoch 17 | Loss: 1.4622 | Val Accuracy: 67.66%
      ⭐ New Best! (Model saving disabled to save space)
   📅 Epoch 18 | Loss: 1.4215 | Val Accuracy: 68.22%
      ⭐ New Best! (Model saving disabled to save space)
   📅 Epoch 19 | Loss: 1.3877 | Val Accuracy: 70.14%
      ⭐ New Best! (Model saving disabled to save space)
   📅 Epoch 20 | Loss: 1.3656 | Val Accuracy: 69.58%
   📅 Epoch 21 | Loss: 1.3320 | Val Accuracy: 68.40%
   📅 Epoch 22 | Loss: 1.3017 | Val Accuracy: 69.95%
   📅 Epoch 23 | Loss: 1.2865 | Val Accuracy: 71.25%
      ⭐ New Best! (Model saving disabled to save space)
   📅 Epoch 24 | Loss: 1.2570 | Val Accuracy: 71.69%
      ⭐ New Best! (Model saving disabled to save space)
   📅 Epoch 25 | Loss: 1.2330 | Val Accuracy: 71.93%
      ⭐ New Best! (Model saving disabled to save space)
   📅 Epoch 26 | Loss: 1.2140 | Val Accuracy: 72.12%
      ⭐ New Best! (Model saving disabled to save space)
   📅 Epoch 27 | Loss: 1.1940 | Val Accuracy: 72.06%
   📅 Epoch 28 | Loss: 1.1782 | Val Accuracy: 72.68%
      ⭐ New Best! (Model saving disabled to save space)
   📅 Epoch 29 | Loss: 1.1654 | Val Accuracy: 72.37%
   📅 Epoch 30 | Loss: 1.1419 | Val Accuracy: 73.23%
      ⭐ New Best! (Model saving disabled to save space)
   📅 Epoch 31 | Loss: 1.1192 | Val Accuracy: 73.23%
   📅 Epoch 32 | Loss: 1.1158 | Val Accuracy: 73.73%
      ⭐ New Best! (Model saving disabled to save space)
   📅 Epoch 33 | Loss: 1.0932 | Val Accuracy: 73.67%
   📅 Epoch 34 | Loss: 1.0867 | Val Accuracy: 73.67%
   📅 Epoch 35 | Loss: 1.0710 | Val Accuracy: 74.35%
      ⭐ New Best! (Model saving disabled to save space)
   📅 Epoch 36 | Loss: 1.0568 | Val Accuracy: 74.91%
      ⭐ New Best! (Model saving disabled to save space)
   📅 Epoch 37 | Loss: 1.0321 | Val Accuracy: 74.23%
   📅 Epoch 38 | Loss: 1.0300 | Val Accuracy: 74.91%
   📅 Epoch 39 | Loss: 1.0242 | Val Accuracy: 74.54%
   📅 Epoch 40 | Loss: 1.0073 | Val Accuracy: 75.09%
      ⭐ New Best! (Model saving disabled to save space)
   📅 Epoch 41 | Loss: 1.0000 | Val Accuracy: 75.84%
      ⭐ New Best! (Model saving disabled to save space)
   📅 Epoch 42 | Loss: 0.9980 | Val Accuracy: 74.91%
   📅 Epoch 43 | Loss: 0.9748 | Val Accuracy: 75.77%
   📅 Epoch 44 | Loss: 0.9695 | Val Accuracy: 75.15%
   📅 Epoch 45 | Loss: 0.9534 | Val Accuracy: 76.08%
      ⭐ New Best! (Model saving disabled to save space)
   📅 Epoch 46 | Loss: 0.9568 | Val Accuracy: 76.27%
      ⭐ New Best! (Model saving disabled to save space)
   📅 Epoch 47 | Loss: 0.9464 | Val Accuracy: 76.27%
   📅 Epoch 48 | Loss: 0.9491 | Val Accuracy: 76.46%
      ⭐ New Best! (Model saving disabled to save space)
   📅 Epoch 49 | Loss: 0.9219 | Val Accuracy: 76.39%
   📅 Epoch 50 | Loss: 0.9159 | Val Accuracy: 77.26%
      ⭐ New Best! (Model saving disabled to save space)

========================================
🏆 Best Val Accuracy: 77.26%
💾 Best Checkpoint: ./checkpoints/linear_mb-domars16k_openclip_lr1e-05_concat_3.pth
========================================

