
============================================================
📄 Log File: ./logs/linear_records/mb-domars16k_swin_v2_frac0.20x_lr0.0001_concat_3.log
⏰ Time: 2026-04-14 00:40:42
============================================================

🚀 Training swin_v2 on mb-domars16k | Mode: LINEAR | LR: 0.0001
   📂 [TRAIN] Loading 1 shards...
   ✅ Loaded 2261 samples.
   📂 [TEST] Loading 1 shards...
   ✅ Loaded 1614 samples.
   ⚙️  Config: Workers=8, BS=64, SmallData=False

>>> Loading Model: swin_v2 (torchvision_swin)
   🔍 Auditing weights for [swin_v2]...
   ✅ [PERFECT MATCH] 449/449 layers loaded (100.0%)

   🔍 [Structure Check] swin_v2 Output Analysis:
      Type: Tuple (len=2)
      Item 0: Shape (1, 1024)
      Item 1: Shape (1, 64, 1024)
      ✅ Identified: CLS=True, Patch=True
      👉 Final Strategy: concat_3 | Input Dim: 3072
   ❄️  Mode: Linear Probe (Backbone Frozen)
   ⚡ AMP Precision: torch.bfloat16
   🔄 Training Start... (Epochs: 50, Patience: 8)
   📅 Epoch 1 | Loss: 2.4875 | Val Accuracy: 42.32%
      ⭐ New Best! (Model saving disabled to save space)
   📅 Epoch 2 | Loss: 1.9169 | Val Accuracy: 58.12%
      ⭐ New Best! (Model saving disabled to save space)
   📅 Epoch 3 | Loss: 1.5857 | Val Accuracy: 61.28%
      ⭐ New Best! (Model saving disabled to save space)
   📅 Epoch 4 | Loss: 1.3639 | Val Accuracy: 64.75%
      ⭐ New Best! (Model saving disabled to save space)
   📅 Epoch 5 | Loss: 1.2370 | Val Accuracy: 67.16%
      ⭐ New Best! (Model saving disabled to save space)
   📅 Epoch 6 | Loss: 1.1376 | Val Accuracy: 67.72%
      ⭐ New Best! (Model saving disabled to save space)
   📅 Epoch 7 | Loss: 1.0726 | Val Accuracy: 68.77%
      ⭐ New Best! (Model saving disabled to save space)
   📅 Epoch 8 | Loss: 1.0356 | Val Accuracy: 68.96%
      ⭐ New Best! (Model saving disabled to save space)
   📅 Epoch 9 | Loss: 0.9892 | Val Accuracy: 70.07%
      ⭐ New Best! (Model saving disabled to save space)
   📅 Epoch 10 | Loss: 0.9413 | Val Accuracy: 71.75%
      ⭐ New Best! (Model saving disabled to save space)
   📅 Epoch 11 | Loss: 0.9116 | Val Accuracy: 71.25%
   📅 Epoch 12 | Loss: 0.8924 | Val Accuracy: 71.75%
   📅 Epoch 13 | Loss: 0.8751 | Val Accuracy: 72.92%
      ⭐ New Best! (Model saving disabled to save space)
   📅 Epoch 14 | Loss: 0.8554 | Val Accuracy: 72.80%
   📅 Epoch 15 | Loss: 0.8301 | Val Accuracy: 73.36%
      ⭐ New Best! (Model saving disabled to save space)
   📅 Epoch 16 | Loss: 0.8284 | Val Accuracy: 73.54%
      ⭐ New Best! (Model saving disabled to save space)
   📅 Epoch 17 | Loss: 0.7937 | Val Accuracy: 73.17%
   📅 Epoch 18 | Loss: 0.7872 | Val Accuracy: 74.23%
      ⭐ New Best! (Model saving disabled to save space)
   📅 Epoch 19 | Loss: 0.7867 | Val Accuracy: 73.79%
   📅 Epoch 20 | Loss: 0.7902 | Val Accuracy: 73.61%
   📅 Epoch 21 | Loss: 0.7772 | Val Accuracy: 74.60%
      ⭐ New Best! (Model saving disabled to save space)
   📅 Epoch 22 | Loss: 0.7300 | Val Accuracy: 74.41%
   📅 Epoch 23 | Loss: 0.7426 | Val Accuracy: 75.03%
      ⭐ New Best! (Model saving disabled to save space)
   📅 Epoch 24 | Loss: 0.7327 | Val Accuracy: 74.41%
   📅 Epoch 25 | Loss: 0.7136 | Val Accuracy: 75.03%
   📅 Epoch 26 | Loss: 0.7293 | Val Accuracy: 75.34%
      ⭐ New Best! (Model saving disabled to save space)
   📅 Epoch 27 | Loss: 0.7081 | Val Accuracy: 75.77%
      ⭐ New Best! (Model saving disabled to save space)
   📅 Epoch 28 | Loss: 0.6926 | Val Accuracy: 75.46%
   📅 Epoch 29 | Loss: 0.6931 | Val Accuracy: 75.77%
   📅 Epoch 30 | Loss: 0.6687 | Val Accuracy: 75.71%
   📅 Epoch 31 | Loss: 0.6814 | Val Accuracy: 76.08%
      ⭐ New Best! (Model saving disabled to save space)
   📅 Epoch 32 | Loss: 0.6686 | Val Accuracy: 76.46%
      ⭐ New Best! (Model saving disabled to save space)
   📅 Epoch 33 | Loss: 0.6714 | Val Accuracy: 76.33%
   📅 Epoch 34 | Loss: 0.6634 | Val Accuracy: 76.33%
   📅 Epoch 35 | Loss: 0.6492 | Val Accuracy: 76.39%
   📅 Epoch 36 | Loss: 0.6661 | Val Accuracy: 76.95%
      ⭐ New Best! (Model saving disabled to save space)
   📅 Epoch 37 | Loss: 0.6757 | Val Accuracy: 76.52%
   📅 Epoch 38 | Loss: 0.6535 | Val Accuracy: 77.39%
      ⭐ New Best! (Model saving disabled to save space)
   📅 Epoch 39 | Loss: 0.6198 | Val Accuracy: 77.08%
   📅 Epoch 40 | Loss: 0.6300 | Val Accuracy: 77.01%
   📅 Epoch 41 | Loss: 0.6260 | Val Accuracy: 77.39%
   📅 Epoch 42 | Loss: 0.6243 | Val Accuracy: 77.20%
   📅 Epoch 43 | Loss: 0.6476 | Val Accuracy: 76.95%
   📅 Epoch 44 | Loss: 0.6163 | Val Accuracy: 77.70%
      ⭐ New Best! (Model saving disabled to save space)
   📅 Epoch 45 | Loss: 0.5974 | Val Accuracy: 77.63%
   📅 Epoch 46 | Loss: 0.6501 | Val Accuracy: 77.45%
   📅 Epoch 47 | Loss: 0.6138 | Val Accuracy: 76.77%
   📅 Epoch 48 | Loss: 0.6100 | Val Accuracy: 77.39%
   📅 Epoch 49 | Loss: 0.5940 | Val Accuracy: 78.13%
      ⭐ New Best! (Model saving disabled to save space)
   📅 Epoch 50 | Loss: 0.6063 | Val Accuracy: 77.63%

========================================
🏆 Best Val Accuracy: 78.13%
💾 Best Checkpoint: ./checkpoints/linear_mb-domars16k_swin_v2_lr0.0001_concat_3.pth
========================================

