
============================================================
📄 Log File: ./logs/linear_records/mb-domars16k_vit_l_frac0.20x_lr0.001_concat_3.log
⏰ Time: 2026-04-13 23:35:25
============================================================

🚀 Training vit_l on mb-domars16k | Mode: LINEAR | LR: 0.001
   📂 [TRAIN] Loading 1 shards...
   ✅ Loaded 2261 samples.
   📂 [TEST] Loading 1 shards...
   ✅ Loaded 1614 samples.
   ⚙️  Config: Workers=8, BS=64, SmallData=False

>>> Loading Model: vit_l (torchvision_vit)
   🔍 Auditing weights for [vit_l]...
   ✅ [PERFECT MATCH] 296/296 layers loaded (100.0%)

   🔍 [Structure Check] vit_l Output Analysis:
      Type: Tuple (len=2)
      Item 0: Shape (1, 1024)
      Item 1: Shape (1, 196, 1024)
      ✅ Identified: CLS=True, Patch=True
      👉 Final Strategy: concat_3 | Input Dim: 3072
   ❄️  Mode: Linear Probe (Backbone Frozen)
   ⚡ AMP Precision: torch.bfloat16
   🔄 Training Start... (Epochs: 50, Patience: 8)
   📅 Epoch 1 | Loss: 1.6925 | Val Accuracy: 72.80%
      ⭐ New Best! (Model saving disabled to save space)
   📅 Epoch 2 | Loss: 0.8562 | Val Accuracy: 77.94%
      ⭐ New Best! (Model saving disabled to save space)
   📅 Epoch 3 | Loss: 0.6816 | Val Accuracy: 78.19%
      ⭐ New Best! (Model saving disabled to save space)
   📅 Epoch 4 | Loss: 0.6061 | Val Accuracy: 80.55%
      ⭐ New Best! (Model saving disabled to save space)
   📅 Epoch 5 | Loss: 0.5797 | Val Accuracy: 79.12%
   📅 Epoch 6 | Loss: 0.5472 | Val Accuracy: 78.19%
   📅 Epoch 7 | Loss: 0.5052 | Val Accuracy: 81.78%
      ⭐ New Best! (Model saving disabled to save space)
   📅 Epoch 8 | Loss: 0.4775 | Val Accuracy: 80.48%
   📅 Epoch 9 | Loss: 0.4635 | Val Accuracy: 80.92%
   📅 Epoch 10 | Loss: 0.4460 | Val Accuracy: 81.72%
   📅 Epoch 11 | Loss: 0.4663 | Val Accuracy: 83.46%
      ⭐ New Best! (Model saving disabled to save space)
   📅 Epoch 12 | Loss: 0.3800 | Val Accuracy: 82.59%
   📅 Epoch 13 | Loss: 0.3876 | Val Accuracy: 81.72%
   📅 Epoch 14 | Loss: 0.4055 | Val Accuracy: 83.33%
   📅 Epoch 15 | Loss: 0.3717 | Val Accuracy: 81.91%
   📅 Epoch 16 | Loss: 0.3851 | Val Accuracy: 80.98%
   📅 Epoch 17 | Loss: 0.3933 | Val Accuracy: 81.41%
   📅 Epoch 18 | Loss: 0.3713 | Val Accuracy: 82.53%
   📅 Epoch 19 | Loss: 0.3599 | Val Accuracy: 82.28%

   🛑 Early Stopping triggered after 8 epochs.

========================================
🏆 Best Val Accuracy: 83.46%
💾 Best Checkpoint: ./checkpoints/linear_mb-domars16k_vit_l_lr0.001_concat_3.pth
========================================

