
============================================================
📄 Log File: ./logs/linear_records/mb-domars16k_mars_mae_frac0.50x_lr1e-05_concat_3.log
⏰ Time: 2026-04-14 02:02:27
============================================================

🚀 Training mars_mae on mb-domars16k | Mode: LINEAR | LR: 1e-05
   📂 [TRAIN] Loading 1 shards...
   ✅ Loaded 5652 samples.
   📂 [TEST] Loading 1 shards...
   ✅ Loaded 1614 samples.
   ⚙️  Config: Workers=8, BS=64, SmallData=False

>>> Loading Model: mars_mae (timm_mae)
   ℹ️  Config: in_chans=1
   🔍 Auditing weights for [mars_mae]...
   ✅ [PERFECT MATCH] 150/150 layers loaded (100.0%)

   🔍 [Structure Check] mars_mae Output Analysis:
      Type: Tuple (len=2)
      Item 0: Shape (1, 768)
      Item 1: Shape (1, 196, 768)
      ✅ Identified: CLS=True, Patch=True
      👉 Final Strategy: concat_3 | Input Dim: 2304
   ❄️  Mode: Linear Probe (Backbone Frozen)
   ⚡ AMP Precision: torch.bfloat16
   🔄 Training Start... (Epochs: 50, Patience: 8)
   📅 Epoch 1 | Loss: 2.7755 | Val Accuracy: 10.04%
      ⭐ New Best! (Model saving disabled to save space)
   📅 Epoch 2 | Loss: 2.6582 | Val Accuracy: 16.29%
      ⭐ New Best! (Model saving disabled to save space)
   📅 Epoch 3 | Loss: 2.6004 | Val Accuracy: 23.61%
      ⭐ New Best! (Model saving disabled to save space)
   📅 Epoch 4 | Loss: 2.5543 | Val Accuracy: 29.68%
      ⭐ New Best! (Model saving disabled to save space)
   📅 Epoch 5 | Loss: 2.5083 | Val Accuracy: 32.40%
      ⭐ New Best! (Model saving disabled to save space)
   📅 Epoch 6 | Loss: 2.4611 | Val Accuracy: 35.56%
      ⭐ New Best! (Model saving disabled to save space)
   📅 Epoch 7 | Loss: 2.4188 | Val Accuracy: 39.96%
      ⭐ New Best! (Model saving disabled to save space)
   📅 Epoch 8 | Loss: 2.3770 | Val Accuracy: 43.80%
      ⭐ New Best! (Model saving disabled to save space)
   📅 Epoch 9 | Loss: 2.3388 | Val Accuracy: 47.15%
      ⭐ New Best! (Model saving disabled to save space)
   📅 Epoch 10 | Loss: 2.3004 | Val Accuracy: 49.69%
      ⭐ New Best! (Model saving disabled to save space)
   📅 Epoch 11 | Loss: 2.2570 | Val Accuracy: 50.62%
      ⭐ New Best! (Model saving disabled to save space)
   📅 Epoch 12 | Loss: 2.2197 | Val Accuracy: 53.90%
      ⭐ New Best! (Model saving disabled to save space)
   📅 Epoch 13 | Loss: 2.1882 | Val Accuracy: 54.89%
      ⭐ New Best! (Model saving disabled to save space)
   📅 Epoch 14 | Loss: 2.1497 | Val Accuracy: 56.44%
      ⭐ New Best! (Model saving disabled to save space)
   📅 Epoch 15 | Loss: 2.1202 | Val Accuracy: 56.88%
      ⭐ New Best! (Model saving disabled to save space)
   📅 Epoch 16 | Loss: 2.0883 | Val Accuracy: 58.12%
      ⭐ New Best! (Model saving disabled to save space)
   📅 Epoch 17 | Loss: 2.0657 | Val Accuracy: 58.55%
      ⭐ New Best! (Model saving disabled to save space)
   📅 Epoch 18 | Loss: 2.0351 | Val Accuracy: 60.35%
      ⭐ New Best! (Model saving disabled to save space)
   📅 Epoch 19 | Loss: 2.0048 | Val Accuracy: 60.84%
      ⭐ New Best! (Model saving disabled to save space)
   📅 Epoch 20 | Loss: 1.9826 | Val Accuracy: 61.65%
      ⭐ New Best! (Model saving disabled to save space)
   📅 Epoch 21 | Loss: 1.9518 | Val Accuracy: 62.02%
      ⭐ New Best! (Model saving disabled to save space)
   📅 Epoch 22 | Loss: 1.9215 | Val Accuracy: 62.83%
      ⭐ New Best! (Model saving disabled to save space)
   📅 Epoch 23 | Loss: 1.9013 | Val Accuracy: 63.14%
      ⭐ New Best! (Model saving disabled to save space)
   📅 Epoch 24 | Loss: 1.8768 | Val Accuracy: 64.06%
      ⭐ New Best! (Model saving disabled to save space)
   📅 Epoch 25 | Loss: 1.8535 | Val Accuracy: 64.44%
      ⭐ New Best! (Model saving disabled to save space)
   📅 Epoch 26 | Loss: 1.8339 | Val Accuracy: 65.74%
      ⭐ New Best! (Model saving disabled to save space)
   📅 Epoch 27 | Loss: 1.8128 | Val Accuracy: 65.43%
   📅 Epoch 28 | Loss: 1.7808 | Val Accuracy: 65.99%
      ⭐ New Best! (Model saving disabled to save space)
   📅 Epoch 29 | Loss: 1.7686 | Val Accuracy: 66.17%
      ⭐ New Best! (Model saving disabled to save space)
   📅 Epoch 30 | Loss: 1.7591 | Val Accuracy: 67.29%
      ⭐ New Best! (Model saving disabled to save space)
   📅 Epoch 31 | Loss: 1.7335 | Val Accuracy: 66.42%
   📅 Epoch 32 | Loss: 1.7110 | Val Accuracy: 67.78%
      ⭐ New Best! (Model saving disabled to save space)
   📅 Epoch 33 | Loss: 1.7012 | Val Accuracy: 68.40%
      ⭐ New Best! (Model saving disabled to save space)
   📅 Epoch 34 | Loss: 1.6757 | Val Accuracy: 68.09%
   📅 Epoch 35 | Loss: 1.6597 | Val Accuracy: 69.02%
      ⭐ New Best! (Model saving disabled to save space)
   📅 Epoch 36 | Loss: 1.6486 | Val Accuracy: 69.21%
      ⭐ New Best! (Model saving disabled to save space)
   📅 Epoch 37 | Loss: 1.6315 | Val Accuracy: 69.83%
      ⭐ New Best! (Model saving disabled to save space)
   📅 Epoch 38 | Loss: 1.6230 | Val Accuracy: 69.45%
   📅 Epoch 39 | Loss: 1.6063 | Val Accuracy: 70.26%
      ⭐ New Best! (Model saving disabled to save space)
   📅 Epoch 40 | Loss: 1.5875 | Val Accuracy: 70.45%
      ⭐ New Best! (Model saving disabled to save space)
   📅 Epoch 41 | Loss: 1.5723 | Val Accuracy: 70.57%
      ⭐ New Best! (Model saving disabled to save space)
   📅 Epoch 42 | Loss: 1.5583 | Val Accuracy: 70.76%
      ⭐ New Best! (Model saving disabled to save space)
   📅 Epoch 43 | Loss: 1.5493 | Val Accuracy: 70.76%
   📅 Epoch 44 | Loss: 1.5308 | Val Accuracy: 71.13%
      ⭐ New Best! (Model saving disabled to save space)
   📅 Epoch 45 | Loss: 1.5239 | Val Accuracy: 71.19%
      ⭐ New Best! (Model saving disabled to save space)
   📅 Epoch 46 | Loss: 1.5073 | Val Accuracy: 71.44%
      ⭐ New Best! (Model saving disabled to save space)
   📅 Epoch 47 | Loss: 1.4995 | Val Accuracy: 71.62%
      ⭐ New Best! (Model saving disabled to save space)
   📅 Epoch 48 | Loss: 1.4808 | Val Accuracy: 72.24%
      ⭐ New Best! (Model saving disabled to save space)
   📅 Epoch 49 | Loss: 1.4736 | Val Accuracy: 72.24%
   📅 Epoch 50 | Loss: 1.4655 | Val Accuracy: 72.24%

========================================
🏆 Best Val Accuracy: 72.24%
💾 Best Checkpoint: ./checkpoints/linear_mb-domars16k_mars_mae_lr1e-05_concat_3.pth
========================================

