
============================================================
📄 Log File: ./logs/linear_records/mb-domars16k_dinov3_lvd_1cha_frac0.01x_lr0.0001_concat_3.log
⏰ Time: 2026-04-14 04:44:56
============================================================

🚀 Training dinov3_lvd_1cha on mb-domars16k | Mode: LINEAR | LR: 0.0001
   📂 [TRAIN] Loading 1 shards...
   ✅ Loaded 113 samples.
   📂 [TEST] Loading 1 shards...
   ✅ Loaded 1614 samples.
   ⚙️  Config: Workers=0, BS=64, SmallData=True

>>> Loading Model: dinov3_lvd_1cha (dinov3_hub)
   🔍 Auditing weights for [dinov3_lvd_1cha]...
   ✅ [PERFECT MATCH] 368/368 layers loaded (100.0%)

   🔍 [Structure Check] dinov3_lvd_1cha Output Analysis:
      Type: Tuple (len=2)
      Item 0: Shape (1, 1024)
      Item 1: Shape (1, 256, 1024)
      ✅ Identified: CLS=True, Patch=True
      👉 Final Strategy: concat_3 | Input Dim: 3072
   ❄️  Mode: Linear Probe (Backbone Frozen)
   ⚡ AMP Precision: torch.bfloat16
   🔄 Training Start... (Epochs: 50, Patience: 8)
   📅 Epoch 1 | Loss: 2.7776 | Val Accuracy: 7.31%
      ⭐ New Best! (Model saving disabled to save space)
   📅 Epoch 2 | Loss: 2.7219 | Val Accuracy: 7.99%
      ⭐ New Best! (Model saving disabled to save space)
   📅 Epoch 3 | Loss: 2.7144 | Val Accuracy: 8.92%
      ⭐ New Best! (Model saving disabled to save space)
   📅 Epoch 4 | Loss: 2.6838 | Val Accuracy: 9.48%
      ⭐ New Best! (Model saving disabled to save space)
   📅 Epoch 5 | Loss: 2.6458 | Val Accuracy: 13.07%
      ⭐ New Best! (Model saving disabled to save space)
   📅 Epoch 6 | Loss: 2.6379 | Val Accuracy: 16.11%
      ⭐ New Best! (Model saving disabled to save space)
   📅 Epoch 7 | Loss: 2.6082 | Val Accuracy: 17.10%
      ⭐ New Best! (Model saving disabled to save space)
   📅 Epoch 8 | Loss: 2.5618 | Val Accuracy: 18.65%
      ⭐ New Best! (Model saving disabled to save space)
   📅 Epoch 9 | Loss: 2.5574 | Val Accuracy: 20.20%
      ⭐ New Best! (Model saving disabled to save space)
   📅 Epoch 10 | Loss: 2.5168 | Val Accuracy: 21.25%
      ⭐ New Best! (Model saving disabled to save space)
   📅 Epoch 11 | Loss: 2.5005 | Val Accuracy: 22.43%
      ⭐ New Best! (Model saving disabled to save space)
   📅 Epoch 12 | Loss: 2.4890 | Val Accuracy: 23.54%
      ⭐ New Best! (Model saving disabled to save space)
   📅 Epoch 13 | Loss: 2.4563 | Val Accuracy: 24.85%
      ⭐ New Best! (Model saving disabled to save space)
   📅 Epoch 14 | Loss: 2.4603 | Val Accuracy: 26.39%
      ⭐ New Best! (Model saving disabled to save space)
   📅 Epoch 15 | Loss: 2.4438 | Val Accuracy: 28.07%
      ⭐ New Best! (Model saving disabled to save space)
   📅 Epoch 16 | Loss: 2.4075 | Val Accuracy: 29.62%
      ⭐ New Best! (Model saving disabled to save space)
   📅 Epoch 17 | Loss: 2.3455 | Val Accuracy: 31.16%
      ⭐ New Best! (Model saving disabled to save space)
   📅 Epoch 18 | Loss: 2.3464 | Val Accuracy: 32.03%
      ⭐ New Best! (Model saving disabled to save space)
   📅 Epoch 19 | Loss: 2.3436 | Val Accuracy: 33.02%
      ⭐ New Best! (Model saving disabled to save space)
   📅 Epoch 20 | Loss: 2.3007 | Val Accuracy: 33.83%
      ⭐ New Best! (Model saving disabled to save space)
   📅 Epoch 21 | Loss: 2.2981 | Val Accuracy: 34.20%
      ⭐ New Best! (Model saving disabled to save space)
   📅 Epoch 22 | Loss: 2.2697 | Val Accuracy: 35.13%
      ⭐ New Best! (Model saving disabled to save space)
   📅 Epoch 23 | Loss: 2.2520 | Val Accuracy: 34.70%
   📅 Epoch 24 | Loss: 2.2571 | Val Accuracy: 35.13%
   📅 Epoch 25 | Loss: 2.1920 | Val Accuracy: 36.93%
      ⭐ New Best! (Model saving disabled to save space)
   📅 Epoch 26 | Loss: 2.2212 | Val Accuracy: 39.10%
      ⭐ New Best! (Model saving disabled to save space)
   📅 Epoch 27 | Loss: 2.1913 | Val Accuracy: 40.15%
      ⭐ New Best! (Model saving disabled to save space)
   📅 Epoch 28 | Loss: 2.1787 | Val Accuracy: 41.39%
      ⭐ New Best! (Model saving disabled to save space)
   📅 Epoch 29 | Loss: 2.1025 | Val Accuracy: 42.69%
      ⭐ New Best! (Model saving disabled to save space)
   📅 Epoch 30 | Loss: 2.0735 | Val Accuracy: 44.11%
      ⭐ New Best! (Model saving disabled to save space)
   📅 Epoch 31 | Loss: 2.0947 | Val Accuracy: 44.73%
      ⭐ New Best! (Model saving disabled to save space)
   📅 Epoch 32 | Loss: 2.0938 | Val Accuracy: 46.28%
      ⭐ New Best! (Model saving disabled to save space)
   📅 Epoch 33 | Loss: 2.0610 | Val Accuracy: 47.58%
      ⭐ New Best! (Model saving disabled to save space)
   📅 Epoch 34 | Loss: 2.0396 | Val Accuracy: 48.51%
      ⭐ New Best! (Model saving disabled to save space)
   📅 Epoch 35 | Loss: 2.0623 | Val Accuracy: 48.95%
      ⭐ New Best! (Model saving disabled to save space)
   📅 Epoch 36 | Loss: 2.0558 | Val Accuracy: 49.13%
      ⭐ New Best! (Model saving disabled to save space)
   📅 Epoch 37 | Loss: 1.9847 | Val Accuracy: 50.06%
      ⭐ New Best! (Model saving disabled to save space)
   📅 Epoch 38 | Loss: 1.9873 | Val Accuracy: 50.99%
      ⭐ New Best! (Model saving disabled to save space)
   📅 Epoch 39 | Loss: 1.9963 | Val Accuracy: 51.43%
      ⭐ New Best! (Model saving disabled to save space)
   📅 Epoch 40 | Loss: 1.9606 | Val Accuracy: 51.67%
      ⭐ New Best! (Model saving disabled to save space)
   📅 Epoch 41 | Loss: 1.8621 | Val Accuracy: 52.23%
      ⭐ New Best! (Model saving disabled to save space)
   📅 Epoch 42 | Loss: 1.9438 | Val Accuracy: 52.29%
      ⭐ New Best! (Model saving disabled to save space)
   📅 Epoch 43 | Loss: 1.9642 | Val Accuracy: 52.97%
      ⭐ New Best! (Model saving disabled to save space)
   📅 Epoch 44 | Loss: 1.8462 | Val Accuracy: 53.53%
      ⭐ New Best! (Model saving disabled to save space)
   📅 Epoch 45 | Loss: 1.9399 | Val Accuracy: 53.97%
      ⭐ New Best! (Model saving disabled to save space)
   📅 Epoch 46 | Loss: 1.8123 | Val Accuracy: 54.15%
      ⭐ New Best! (Model saving disabled to save space)
   📅 Epoch 47 | Loss: 1.7743 | Val Accuracy: 54.40%
      ⭐ New Best! (Model saving disabled to save space)
   📅 Epoch 48 | Loss: 1.7870 | Val Accuracy: 54.40%
   📅 Epoch 49 | Loss: 1.8006 | Val Accuracy: 54.40%
   📅 Epoch 50 | Loss: 1.7788 | Val Accuracy: 54.34%

========================================
🏆 Best Val Accuracy: 54.40%
💾 Best Checkpoint: ./checkpoints/linear_mb-domars16k_dinov3_lvd_1cha_lr0.0001_concat_3.pth
========================================

