
============================================================
📄 Log File: ./logs/linear_records/mb-domars16k_dinov3_lvd_1cha_frac0.05x_lr0.001_concat_3.log
⏰ Time: 2026-04-14 05:06:28
============================================================

🚀 Training dinov3_lvd_1cha on mb-domars16k | Mode: LINEAR | LR: 0.001
   📂 [TRAIN] Loading 1 shards...
   ✅ Loaded 565 samples.
   📂 [TEST] Loading 1 shards...
   ✅ Loaded 1614 samples.
   ⚙️  Config: Workers=8, BS=64, SmallData=False

>>> Loading Model: dinov3_lvd_1cha (dinov3_hub)
   🔍 Auditing weights for [dinov3_lvd_1cha]...
   ✅ [PERFECT MATCH] 368/368 layers loaded (100.0%)

   🔍 [Structure Check] dinov3_lvd_1cha Output Analysis:
      Type: Tuple (len=2)
      Item 0: Shape (1, 1024)
      Item 1: Shape (1, 256, 1024)
      ✅ Identified: CLS=True, Patch=True
      👉 Final Strategy: concat_3 | Input Dim: 3072
   ❄️  Mode: Linear Probe (Backbone Frozen)
   ⚡ AMP Precision: torch.bfloat16
   🔄 Training Start... (Epochs: 50, Patience: 8)
   📅 Epoch 1 | Loss: 2.3102 | Val Accuracy: 48.88%
      ⭐ New Best! (Model saving disabled to save space)
   📅 Epoch 2 | Loss: 1.4803 | Val Accuracy: 62.08%
      ⭐ New Best! (Model saving disabled to save space)
   📅 Epoch 3 | Loss: 1.0949 | Val Accuracy: 65.92%
      ⭐ New Best! (Model saving disabled to save space)
   📅 Epoch 4 | Loss: 0.9119 | Val Accuracy: 70.14%
      ⭐ New Best! (Model saving disabled to save space)
   📅 Epoch 5 | Loss: 0.7587 | Val Accuracy: 71.93%
      ⭐ New Best! (Model saving disabled to save space)
   📅 Epoch 6 | Loss: 0.6758 | Val Accuracy: 72.06%
      ⭐ New Best! (Model saving disabled to save space)
   📅 Epoch 7 | Loss: 0.6003 | Val Accuracy: 75.09%
      ⭐ New Best! (Model saving disabled to save space)
   📅 Epoch 8 | Loss: 0.5802 | Val Accuracy: 76.27%
      ⭐ New Best! (Model saving disabled to save space)
   📅 Epoch 9 | Loss: 0.5360 | Val Accuracy: 75.09%
   📅 Epoch 10 | Loss: 0.4891 | Val Accuracy: 76.21%
   📅 Epoch 11 | Loss: 0.4846 | Val Accuracy: 76.33%
      ⭐ New Best! (Model saving disabled to save space)
   📅 Epoch 12 | Loss: 0.4387 | Val Accuracy: 76.46%
      ⭐ New Best! (Model saving disabled to save space)
   📅 Epoch 13 | Loss: 0.4324 | Val Accuracy: 76.70%
      ⭐ New Best! (Model saving disabled to save space)
   📅 Epoch 14 | Loss: 0.4626 | Val Accuracy: 77.45%
      ⭐ New Best! (Model saving disabled to save space)
   📅 Epoch 15 | Loss: 0.4046 | Val Accuracy: 76.83%
   📅 Epoch 16 | Loss: 0.3727 | Val Accuracy: 77.32%
   📅 Epoch 17 | Loss: 0.3719 | Val Accuracy: 77.20%
   📅 Epoch 18 | Loss: 0.3714 | Val Accuracy: 78.19%
      ⭐ New Best! (Model saving disabled to save space)
   📅 Epoch 19 | Loss: 0.3454 | Val Accuracy: 78.19%
   📅 Epoch 20 | Loss: 0.3433 | Val Accuracy: 78.93%
      ⭐ New Best! (Model saving disabled to save space)
   📅 Epoch 21 | Loss: 0.3711 | Val Accuracy: 78.50%
   📅 Epoch 22 | Loss: 0.3192 | Val Accuracy: 77.45%
   📅 Epoch 23 | Loss: 0.3161 | Val Accuracy: 78.62%
   📅 Epoch 24 | Loss: 0.3232 | Val Accuracy: 77.63%
   📅 Epoch 25 | Loss: 0.3200 | Val Accuracy: 78.19%
   📅 Epoch 26 | Loss: 0.2736 | Val Accuracy: 79.06%
      ⭐ New Best! (Model saving disabled to save space)
   📅 Epoch 27 | Loss: 0.2668 | Val Accuracy: 78.31%
   📅 Epoch 28 | Loss: 0.2672 | Val Accuracy: 78.93%
   📅 Epoch 29 | Loss: 0.2788 | Val Accuracy: 79.12%
      ⭐ New Best! (Model saving disabled to save space)
   📅 Epoch 30 | Loss: 0.2740 | Val Accuracy: 77.76%
   📅 Epoch 31 | Loss: 0.2496 | Val Accuracy: 79.43%
      ⭐ New Best! (Model saving disabled to save space)
   📅 Epoch 32 | Loss: 0.2537 | Val Accuracy: 78.81%
   📅 Epoch 33 | Loss: 0.2290 | Val Accuracy: 79.24%
   📅 Epoch 34 | Loss: 0.2444 | Val Accuracy: 79.18%
   📅 Epoch 35 | Loss: 0.2491 | Val Accuracy: 79.18%
   📅 Epoch 36 | Loss: 0.2160 | Val Accuracy: 79.31%
   📅 Epoch 37 | Loss: 0.2232 | Val Accuracy: 79.12%
   📅 Epoch 38 | Loss: 0.2307 | Val Accuracy: 79.49%
      ⭐ New Best! (Model saving disabled to save space)
   📅 Epoch 39 | Loss: 0.2156 | Val Accuracy: 78.81%
   📅 Epoch 40 | Loss: 0.2180 | Val Accuracy: 79.62%
      ⭐ New Best! (Model saving disabled to save space)
   📅 Epoch 41 | Loss: 0.2401 | Val Accuracy: 79.74%
      ⭐ New Best! (Model saving disabled to save space)
   📅 Epoch 42 | Loss: 0.1636 | Val Accuracy: 78.93%
   📅 Epoch 43 | Loss: 0.2175 | Val Accuracy: 78.44%
   📅 Epoch 44 | Loss: 0.1898 | Val Accuracy: 79.06%
   📅 Epoch 45 | Loss: 0.1837 | Val Accuracy: 79.93%
      ⭐ New Best! (Model saving disabled to save space)
   📅 Epoch 46 | Loss: 0.1796 | Val Accuracy: 79.18%
   📅 Epoch 47 | Loss: 0.2145 | Val Accuracy: 79.68%
   📅 Epoch 48 | Loss: 0.2031 | Val Accuracy: 79.49%
   📅 Epoch 49 | Loss: 0.1733 | Val Accuracy: 79.31%
   📅 Epoch 50 | Loss: 0.1663 | Val Accuracy: 79.55%

========================================
🏆 Best Val Accuracy: 79.93%
💾 Best Checkpoint: ./checkpoints/linear_mb-domars16k_dinov3_lvd_1cha_lr0.001_concat_3.pth
========================================

