
============================================================
📄 Log File: ./logs/linear_records/mb-domars16k_satmae_frac0.01x_lr1e-05_concat_3.log
⏰ Time: 2026-04-14 00:49:25
============================================================

🚀 Training satmae on mb-domars16k | Mode: LINEAR | LR: 1e-05
   📂 [TRAIN] Loading 1 shards...
   ✅ Loaded 113 samples.
   📂 [TEST] Loading 1 shards...
   ✅ Loaded 1614 samples.
   ⚙️  Config: Workers=0, BS=64, SmallData=True

>>> Loading Model: satmae (timm_mae)
   ℹ️  Config: in_chans=3
   🔍 Auditing weights for [satmae]...
   ✅ [PERFECT MATCH] 294/294 layers loaded (100.0%)

   🔍 [Structure Check] satmae Output Analysis:
      Type: Tuple (len=2)
      Item 0: Shape (1, 1024)
      Item 1: Shape (1, 196, 1024)
      ✅ Identified: CLS=True, Patch=True
      👉 Final Strategy: concat_3 | Input Dim: 3072
   ❄️  Mode: Linear Probe (Backbone Frozen)
   ⚡ AMP Precision: torch.bfloat16
   🔄 Training Start... (Epochs: 50, Patience: 8)
   📅 Epoch 1 | Loss: 3.0261 | Val Accuracy: 6.44%
      ⭐ New Best! (Model saving disabled to save space)
   📅 Epoch 2 | Loss: 2.8170 | Val Accuracy: 6.44%
   📅 Epoch 3 | Loss: 2.8138 | Val Accuracy: 6.44%
   📅 Epoch 4 | Loss: 2.8737 | Val Accuracy: 6.51%
      ⭐ New Best! (Model saving disabled to save space)
   📅 Epoch 5 | Loss: 2.8809 | Val Accuracy: 6.44%
   📅 Epoch 6 | Loss: 2.8688 | Val Accuracy: 6.51%
   📅 Epoch 7 | Loss: 2.9285 | Val Accuracy: 6.44%
   📅 Epoch 8 | Loss: 2.8556 | Val Accuracy: 6.57%
      ⭐ New Best! (Model saving disabled to save space)
   📅 Epoch 9 | Loss: 2.8832 | Val Accuracy: 6.51%
   📅 Epoch 10 | Loss: 2.7743 | Val Accuracy: 6.57%
   📅 Epoch 11 | Loss: 2.8165 | Val Accuracy: 6.57%
   📅 Epoch 12 | Loss: 2.8640 | Val Accuracy: 6.63%
      ⭐ New Best! (Model saving disabled to save space)
   📅 Epoch 13 | Loss: 2.8518 | Val Accuracy: 6.57%
   📅 Epoch 14 | Loss: 2.8223 | Val Accuracy: 6.63%
   📅 Epoch 15 | Loss: 2.8491 | Val Accuracy: 6.63%
   📅 Epoch 16 | Loss: 2.7147 | Val Accuracy: 6.63%
   📅 Epoch 17 | Loss: 2.8376 | Val Accuracy: 6.57%
   📅 Epoch 18 | Loss: 2.7791 | Val Accuracy: 6.57%
   📅 Epoch 19 | Loss: 2.7932 | Val Accuracy: 6.63%
   📅 Epoch 20 | Loss: 2.7001 | Val Accuracy: 6.69%
      ⭐ New Best! (Model saving disabled to save space)
   📅 Epoch 21 | Loss: 2.7799 | Val Accuracy: 6.82%
      ⭐ New Best! (Model saving disabled to save space)
   📅 Epoch 22 | Loss: 2.7167 | Val Accuracy: 6.88%
      ⭐ New Best! (Model saving disabled to save space)
   📅 Epoch 23 | Loss: 2.6672 | Val Accuracy: 6.94%
      ⭐ New Best! (Model saving disabled to save space)
   📅 Epoch 24 | Loss: 2.6892 | Val Accuracy: 7.06%
      ⭐ New Best! (Model saving disabled to save space)
   📅 Epoch 25 | Loss: 2.6851 | Val Accuracy: 7.25%
      ⭐ New Best! (Model saving disabled to save space)
   📅 Epoch 26 | Loss: 2.7229 | Val Accuracy: 7.50%
      ⭐ New Best! (Model saving disabled to save space)
   📅 Epoch 27 | Loss: 2.6969 | Val Accuracy: 7.99%
      ⭐ New Best! (Model saving disabled to save space)
   📅 Epoch 28 | Loss: 2.7203 | Val Accuracy: 8.24%
      ⭐ New Best! (Model saving disabled to save space)
   📅 Epoch 29 | Loss: 2.6626 | Val Accuracy: 8.67%
      ⭐ New Best! (Model saving disabled to save space)
   📅 Epoch 30 | Loss: 2.6716 | Val Accuracy: 8.67%
   📅 Epoch 31 | Loss: 2.6309 | Val Accuracy: 8.74%
      ⭐ New Best! (Model saving disabled to save space)
   📅 Epoch 32 | Loss: 2.6875 | Val Accuracy: 8.98%
      ⭐ New Best! (Model saving disabled to save space)
   📅 Epoch 33 | Loss: 2.6622 | Val Accuracy: 9.36%
      ⭐ New Best! (Model saving disabled to save space)
   📅 Epoch 34 | Loss: 2.6704 | Val Accuracy: 9.60%
      ⭐ New Best! (Model saving disabled to save space)
   📅 Epoch 35 | Loss: 2.5951 | Val Accuracy: 9.85%
      ⭐ New Best! (Model saving disabled to save space)
   📅 Epoch 36 | Loss: 2.7129 | Val Accuracy: 9.85%
   📅 Epoch 37 | Loss: 2.6807 | Val Accuracy: 10.22%
      ⭐ New Best! (Model saving disabled to save space)
   📅 Epoch 38 | Loss: 2.7178 | Val Accuracy: 10.72%
      ⭐ New Best! (Model saving disabled to save space)
   📅 Epoch 39 | Loss: 2.6786 | Val Accuracy: 10.72%
   📅 Epoch 40 | Loss: 2.6355 | Val Accuracy: 10.59%
   📅 Epoch 41 | Loss: 2.6243 | Val Accuracy: 10.72%
   📅 Epoch 42 | Loss: 2.6272 | Val Accuracy: 10.97%
      ⭐ New Best! (Model saving disabled to save space)
   📅 Epoch 43 | Loss: 2.6213 | Val Accuracy: 11.15%
      ⭐ New Best! (Model saving disabled to save space)
   📅 Epoch 44 | Loss: 2.6509 | Val Accuracy: 11.52%
      ⭐ New Best! (Model saving disabled to save space)
   📅 Epoch 45 | Loss: 2.6611 | Val Accuracy: 11.52%
   📅 Epoch 46 | Loss: 2.6553 | Val Accuracy: 11.52%
   📅 Epoch 47 | Loss: 2.7065 | Val Accuracy: 11.46%
   📅 Epoch 48 | Loss: 2.6346 | Val Accuracy: 11.34%
   📅 Epoch 49 | Loss: 2.6106 | Val Accuracy: 11.77%
      ⭐ New Best! (Model saving disabled to save space)
   📅 Epoch 50 | Loss: 2.5955 | Val Accuracy: 11.83%
      ⭐ New Best! (Model saving disabled to save space)

========================================
🏆 Best Val Accuracy: 11.83%
💾 Best Checkpoint: ./checkpoints/linear_mb-domars16k_satmae_lr1e-05_concat_3.pth
========================================

