
============================================================
📄 Log File: ./logs/linear_records/mb-domars16k_siglip2_frac0.50x_lr1e-05_concat_3.log
⏰ Time: 2026-04-14 02:28:47
============================================================

🚀 Training siglip2 on mb-domars16k | Mode: LINEAR | LR: 1e-05
   📂 [TRAIN] Loading 1 shards...
   ✅ Loaded 5652 samples.
   📂 [TEST] Loading 1 shards...
   ✅ Loaded 1614 samples.
   ⚙️  Config: Workers=8, BS=64, SmallData=False

>>> Loading Model: siglip2 (transformers)

   🔍 [Structure Check] siglip2 Output Analysis:
      Type: Tuple (len=2)
      Item 0: Shape (1, 1024)
      Item 1: Shape (1, 256, 1024)
      ✅ Identified: CLS=True, Patch=True
      👉 Final Strategy: concat_3 | Input Dim: 3072
   ❄️  Mode: Linear Probe (Backbone Frozen)
   ⚡ AMP Precision: torch.bfloat16
   🔄 Training Start... (Epochs: 50, Patience: 8)
   📅 Epoch 1 | Loss: 2.7981 | Val Accuracy: 15.18%
      ⭐ New Best! (Model saving disabled to save space)
   📅 Epoch 2 | Loss: 2.5792 | Val Accuracy: 20.82%
      ⭐ New Best! (Model saving disabled to save space)
   📅 Epoch 3 | Loss: 2.4497 | Val Accuracy: 28.93%
      ⭐ New Best! (Model saving disabled to save space)
   📅 Epoch 4 | Loss: 2.3460 | Val Accuracy: 32.40%
      ⭐ New Best! (Model saving disabled to save space)
   📅 Epoch 5 | Loss: 2.2434 | Val Accuracy: 38.54%
      ⭐ New Best! (Model saving disabled to save space)
   📅 Epoch 6 | Loss: 2.1553 | Val Accuracy: 41.82%
      ⭐ New Best! (Model saving disabled to save space)
   📅 Epoch 7 | Loss: 2.0779 | Val Accuracy: 45.35%
      ⭐ New Best! (Model saving disabled to save space)
   📅 Epoch 8 | Loss: 2.0001 | Val Accuracy: 46.41%
      ⭐ New Best! (Model saving disabled to save space)
   📅 Epoch 9 | Loss: 1.9333 | Val Accuracy: 48.39%
      ⭐ New Best! (Model saving disabled to save space)
   📅 Epoch 10 | Loss: 1.8687 | Val Accuracy: 50.19%
      ⭐ New Best! (Model saving disabled to save space)
   📅 Epoch 11 | Loss: 1.8035 | Val Accuracy: 50.87%
      ⭐ New Best! (Model saving disabled to save space)
   📅 Epoch 12 | Loss: 1.7641 | Val Accuracy: 50.25%
   📅 Epoch 13 | Loss: 1.7044 | Val Accuracy: 54.52%
      ⭐ New Best! (Model saving disabled to save space)
   📅 Epoch 14 | Loss: 1.6555 | Val Accuracy: 54.77%
      ⭐ New Best! (Model saving disabled to save space)
   📅 Epoch 15 | Loss: 1.6131 | Val Accuracy: 54.65%
   📅 Epoch 16 | Loss: 1.5655 | Val Accuracy: 55.27%
      ⭐ New Best! (Model saving disabled to save space)
   📅 Epoch 17 | Loss: 1.5339 | Val Accuracy: 56.01%
      ⭐ New Best! (Model saving disabled to save space)
   📅 Epoch 18 | Loss: 1.4930 | Val Accuracy: 58.36%
      ⭐ New Best! (Model saving disabled to save space)
   📅 Epoch 19 | Loss: 1.4682 | Val Accuracy: 58.80%
      ⭐ New Best! (Model saving disabled to save space)
   📅 Epoch 20 | Loss: 1.4375 | Val Accuracy: 58.61%
   📅 Epoch 21 | Loss: 1.4107 | Val Accuracy: 60.41%
      ⭐ New Best! (Model saving disabled to save space)
   📅 Epoch 22 | Loss: 1.3714 | Val Accuracy: 62.02%
      ⭐ New Best! (Model saving disabled to save space)
   📅 Epoch 23 | Loss: 1.3446 | Val Accuracy: 61.34%
   📅 Epoch 24 | Loss: 1.3267 | Val Accuracy: 61.34%
   📅 Epoch 25 | Loss: 1.3072 | Val Accuracy: 61.21%
   📅 Epoch 26 | Loss: 1.2725 | Val Accuracy: 63.14%
      ⭐ New Best! (Model saving disabled to save space)
   📅 Epoch 27 | Loss: 1.2578 | Val Accuracy: 62.45%
   📅 Epoch 28 | Loss: 1.2390 | Val Accuracy: 62.64%
   📅 Epoch 29 | Loss: 1.2286 | Val Accuracy: 63.20%
      ⭐ New Best! (Model saving disabled to save space)
   📅 Epoch 30 | Loss: 1.2036 | Val Accuracy: 62.83%
   📅 Epoch 31 | Loss: 1.1889 | Val Accuracy: 63.75%
      ⭐ New Best! (Model saving disabled to save space)
   📅 Epoch 32 | Loss: 1.1665 | Val Accuracy: 64.19%
      ⭐ New Best! (Model saving disabled to save space)
   📅 Epoch 33 | Loss: 1.1427 | Val Accuracy: 64.68%
      ⭐ New Best! (Model saving disabled to save space)
   📅 Epoch 34 | Loss: 1.1464 | Val Accuracy: 65.74%
      ⭐ New Best! (Model saving disabled to save space)
   📅 Epoch 35 | Loss: 1.1247 | Val Accuracy: 64.99%
   📅 Epoch 36 | Loss: 1.1050 | Val Accuracy: 66.42%
      ⭐ New Best! (Model saving disabled to save space)
   📅 Epoch 37 | Loss: 1.0976 | Val Accuracy: 64.93%
   📅 Epoch 38 | Loss: 1.0756 | Val Accuracy: 65.74%
   📅 Epoch 39 | Loss: 1.0658 | Val Accuracy: 66.60%
      ⭐ New Best! (Model saving disabled to save space)
   📅 Epoch 40 | Loss: 1.0478 | Val Accuracy: 65.24%
   📅 Epoch 41 | Loss: 1.0443 | Val Accuracy: 67.72%
      ⭐ New Best! (Model saving disabled to save space)
   📅 Epoch 42 | Loss: 1.0216 | Val Accuracy: 66.91%
   📅 Epoch 43 | Loss: 1.0225 | Val Accuracy: 67.66%
   📅 Epoch 44 | Loss: 1.0117 | Val Accuracy: 68.46%
      ⭐ New Best! (Model saving disabled to save space)
   📅 Epoch 45 | Loss: 0.9987 | Val Accuracy: 69.45%
      ⭐ New Best! (Model saving disabled to save space)
   📅 Epoch 46 | Loss: 0.9841 | Val Accuracy: 68.28%
   📅 Epoch 47 | Loss: 0.9782 | Val Accuracy: 68.46%
   📅 Epoch 48 | Loss: 0.9692 | Val Accuracy: 68.96%
   📅 Epoch 49 | Loss: 0.9660 | Val Accuracy: 69.89%
      ⭐ New Best! (Model saving disabled to save space)
   📅 Epoch 50 | Loss: 0.9545 | Val Accuracy: 69.95%
      ⭐ New Best! (Model saving disabled to save space)

========================================
🏆 Best Val Accuracy: 69.95%
💾 Best Checkpoint: ./checkpoints/linear_mb-domars16k_siglip2_lr1e-05_concat_3.pth
========================================

