
============================================================
📄 Log File: ./logs/linear_records/mb-domars16k_dinov3_lvd_1cha_frac0.05x_lr1e-05_concat_3.log
⏰ Time: 2026-04-14 04:54:00
============================================================

🚀 Training dinov3_lvd_1cha on mb-domars16k | Mode: LINEAR | LR: 1e-05
   📂 [TRAIN] Loading 1 shards...
   ✅ Loaded 565 samples.
   📂 [TEST] Loading 1 shards...
   ✅ Loaded 1614 samples.
   ⚙️  Config: Workers=8, BS=64, SmallData=False

>>> Loading Model: dinov3_lvd_1cha (dinov3_hub)
   🔍 Auditing weights for [dinov3_lvd_1cha]...
   ✅ [PERFECT MATCH] 368/368 layers loaded (100.0%)

   🔍 [Structure Check] dinov3_lvd_1cha Output Analysis:
      Type: Tuple (len=2)
      Item 0: Shape (1, 1024)
      Item 1: Shape (1, 256, 1024)
      ✅ Identified: CLS=True, Patch=True
      👉 Final Strategy: concat_3 | Input Dim: 3072
   ❄️  Mode: Linear Probe (Backbone Frozen)
   ⚡ AMP Precision: torch.bfloat16
   🔄 Training Start... (Epochs: 50, Patience: 8)
   📅 Epoch 1 | Loss: 2.7174 | Val Accuracy: 7.56%
      ⭐ New Best! (Model saving disabled to save space)
   📅 Epoch 2 | Loss: 2.6985 | Val Accuracy: 8.55%
      ⭐ New Best! (Model saving disabled to save space)
   📅 Epoch 3 | Loss: 2.6804 | Val Accuracy: 10.29%
      ⭐ New Best! (Model saving disabled to save space)
   📅 Epoch 4 | Loss: 2.6638 | Val Accuracy: 11.96%
      ⭐ New Best! (Model saving disabled to save space)
   📅 Epoch 5 | Loss: 2.6445 | Val Accuracy: 13.88%
      ⭐ New Best! (Model saving disabled to save space)
   📅 Epoch 6 | Loss: 2.6325 | Val Accuracy: 15.86%
      ⭐ New Best! (Model saving disabled to save space)
   📅 Epoch 7 | Loss: 2.6167 | Val Accuracy: 18.22%
      ⭐ New Best! (Model saving disabled to save space)
   📅 Epoch 8 | Loss: 2.6071 | Val Accuracy: 20.69%
      ⭐ New Best! (Model saving disabled to save space)
   📅 Epoch 9 | Loss: 2.5935 | Val Accuracy: 22.55%
      ⭐ New Best! (Model saving disabled to save space)
   📅 Epoch 10 | Loss: 2.5647 | Val Accuracy: 25.22%
      ⭐ New Best! (Model saving disabled to save space)
   📅 Epoch 11 | Loss: 2.5590 | Val Accuracy: 27.51%
      ⭐ New Best! (Model saving disabled to save space)
   📅 Epoch 12 | Loss: 2.5472 | Val Accuracy: 30.05%
      ⭐ New Best! (Model saving disabled to save space)
   📅 Epoch 13 | Loss: 2.5315 | Val Accuracy: 31.85%
      ⭐ New Best! (Model saving disabled to save space)
   📅 Epoch 14 | Loss: 2.5166 | Val Accuracy: 33.58%
      ⭐ New Best! (Model saving disabled to save space)
   📅 Epoch 15 | Loss: 2.5062 | Val Accuracy: 35.56%
      ⭐ New Best! (Model saving disabled to save space)
   📅 Epoch 16 | Loss: 2.4897 | Val Accuracy: 37.86%
      ⭐ New Best! (Model saving disabled to save space)
   📅 Epoch 17 | Loss: 2.4757 | Val Accuracy: 39.65%
      ⭐ New Best! (Model saving disabled to save space)
   📅 Epoch 18 | Loss: 2.4645 | Val Accuracy: 41.02%
      ⭐ New Best! (Model saving disabled to save space)
   📅 Epoch 19 | Loss: 2.4474 | Val Accuracy: 42.69%
      ⭐ New Best! (Model saving disabled to save space)
   📅 Epoch 20 | Loss: 2.4341 | Val Accuracy: 43.99%
      ⭐ New Best! (Model saving disabled to save space)
   📅 Epoch 21 | Loss: 2.4238 | Val Accuracy: 45.97%
      ⭐ New Best! (Model saving disabled to save space)
   📅 Epoch 22 | Loss: 2.4138 | Val Accuracy: 46.96%
      ⭐ New Best! (Model saving disabled to save space)
   📅 Epoch 23 | Loss: 2.4076 | Val Accuracy: 47.71%
      ⭐ New Best! (Model saving disabled to save space)
   📅 Epoch 24 | Loss: 2.3857 | Val Accuracy: 49.32%
      ⭐ New Best! (Model saving disabled to save space)
   📅 Epoch 25 | Loss: 2.3717 | Val Accuracy: 49.88%
      ⭐ New Best! (Model saving disabled to save space)
   📅 Epoch 26 | Loss: 2.3509 | Val Accuracy: 50.74%
      ⭐ New Best! (Model saving disabled to save space)
   📅 Epoch 27 | Loss: 2.3490 | Val Accuracy: 51.67%
      ⭐ New Best! (Model saving disabled to save space)
   📅 Epoch 28 | Loss: 2.3392 | Val Accuracy: 52.54%
      ⭐ New Best! (Model saving disabled to save space)
   📅 Epoch 29 | Loss: 2.3217 | Val Accuracy: 52.66%
      ⭐ New Best! (Model saving disabled to save space)
   📅 Epoch 30 | Loss: 2.3009 | Val Accuracy: 53.28%
      ⭐ New Best! (Model saving disabled to save space)
   📅 Epoch 31 | Loss: 2.3050 | Val Accuracy: 53.84%
      ⭐ New Best! (Model saving disabled to save space)
   📅 Epoch 32 | Loss: 2.2906 | Val Accuracy: 54.28%
      ⭐ New Best! (Model saving disabled to save space)
   📅 Epoch 33 | Loss: 2.2795 | Val Accuracy: 54.52%
      ⭐ New Best! (Model saving disabled to save space)
   📅 Epoch 34 | Loss: 2.2652 | Val Accuracy: 55.02%
      ⭐ New Best! (Model saving disabled to save space)
   📅 Epoch 35 | Loss: 2.2496 | Val Accuracy: 55.45%
      ⭐ New Best! (Model saving disabled to save space)
   📅 Epoch 36 | Loss: 2.2428 | Val Accuracy: 55.58%
      ⭐ New Best! (Model saving disabled to save space)
   📅 Epoch 37 | Loss: 2.2250 | Val Accuracy: 55.95%
      ⭐ New Best! (Model saving disabled to save space)
   📅 Epoch 38 | Loss: 2.2200 | Val Accuracy: 56.07%
      ⭐ New Best! (Model saving disabled to save space)
   📅 Epoch 39 | Loss: 2.2170 | Val Accuracy: 56.69%
      ⭐ New Best! (Model saving disabled to save space)
   📅 Epoch 40 | Loss: 2.2054 | Val Accuracy: 56.88%
      ⭐ New Best! (Model saving disabled to save space)
   📅 Epoch 41 | Loss: 2.1858 | Val Accuracy: 57.87%
      ⭐ New Best! (Model saving disabled to save space)
   📅 Epoch 42 | Loss: 2.1695 | Val Accuracy: 57.87%
   📅 Epoch 43 | Loss: 2.1563 | Val Accuracy: 58.05%
      ⭐ New Best! (Model saving disabled to save space)
   📅 Epoch 44 | Loss: 2.1601 | Val Accuracy: 58.36%
      ⭐ New Best! (Model saving disabled to save space)
   📅 Epoch 45 | Loss: 2.1437 | Val Accuracy: 58.80%
      ⭐ New Best! (Model saving disabled to save space)
   📅 Epoch 46 | Loss: 2.1288 | Val Accuracy: 59.11%
      ⭐ New Best! (Model saving disabled to save space)
   📅 Epoch 47 | Loss: 2.1173 | Val Accuracy: 58.92%
   📅 Epoch 48 | Loss: 2.1194 | Val Accuracy: 59.05%
   📅 Epoch 49 | Loss: 2.0954 | Val Accuracy: 59.48%
      ⭐ New Best! (Model saving disabled to save space)
   📅 Epoch 50 | Loss: 2.0929 | Val Accuracy: 59.85%
      ⭐ New Best! (Model saving disabled to save space)

========================================
🏆 Best Val Accuracy: 59.85%
💾 Best Checkpoint: ./checkpoints/linear_mb-domars16k_dinov3_lvd_1cha_lr1e-05_concat_3.pth
========================================

