
============================================================
📄 Log File: ./logs/linear_records_new/mb-domars16k_dinov3_lvd_frac0.05x_lr0.001_concat_3.log
⏰ Time: 2026-04-15 18:03:16
============================================================

🚀 Training dinov3_lvd on mb-domars16k | Mode: LINEAR | LR: 0.001
   📂 [TRAIN] Loading 1 shards...
   ✅ Loaded 565 samples.
   📂 [TEST] Loading 1 shards...
   ✅ Loaded 1614 samples.
   ⚙️  Config: Workers=8, BS=64, SmallData=False

>>> Loading Model: dinov3_lvd (dinov3_hub)
  ℹ️  DINOv3 Config: in_chans=3
   🔍 Auditing weights for [dinov3_lvd]...
   ✅ [PERFECT MATCH] 368/368 layers loaded (100.0%)

   🔍 [Structure Check] dinov3_lvd Output Analysis:
      Type: Tuple (len=2)
      Item 0: Shape (1, 1024)
      Item 1: Shape (1, 256, 1024)
      ✅ Identified: CLS=True, Patch=True
      👉 Final Strategy: concat_3 | Input Dim: 3072
   ❄️  Mode: Linear Probe (Backbone Frozen)
   ⚡ AMP Precision: torch.bfloat16
   🔄 Training Start... (Epochs: 50, Patience: 8)
   📅 Epoch 1 | Loss: 2.3069 | Val Accuracy: 54.58%
      ⭐ New Best! (Model saving disabled to save space)
   📅 Epoch 2 | Loss: 1.4851 | Val Accuracy: 62.27%
      ⭐ New Best! (Model saving disabled to save space)
   📅 Epoch 3 | Loss: 1.0733 | Val Accuracy: 67.22%
      ⭐ New Best! (Model saving disabled to save space)
   📅 Epoch 4 | Loss: 0.8957 | Val Accuracy: 70.88%
      ⭐ New Best! (Model saving disabled to save space)
   📅 Epoch 5 | Loss: 0.7371 | Val Accuracy: 70.14%
   📅 Epoch 6 | Loss: 0.6482 | Val Accuracy: 73.54%
      ⭐ New Best! (Model saving disabled to save space)
   📅 Epoch 7 | Loss: 0.6003 | Val Accuracy: 75.15%
      ⭐ New Best! (Model saving disabled to save space)
   📅 Epoch 8 | Loss: 0.5742 | Val Accuracy: 73.67%
   📅 Epoch 9 | Loss: 0.5195 | Val Accuracy: 76.27%
      ⭐ New Best! (Model saving disabled to save space)
   📅 Epoch 10 | Loss: 0.5025 | Val Accuracy: 76.27%
   📅 Epoch 11 | Loss: 0.4743 | Val Accuracy: 76.15%
   📅 Epoch 12 | Loss: 0.4334 | Val Accuracy: 77.51%
      ⭐ New Best! (Model saving disabled to save space)
   📅 Epoch 13 | Loss: 0.4474 | Val Accuracy: 77.70%
      ⭐ New Best! (Model saving disabled to save space)
   📅 Epoch 14 | Loss: 0.3813 | Val Accuracy: 77.82%
      ⭐ New Best! (Model saving disabled to save space)
   📅 Epoch 15 | Loss: 0.3984 | Val Accuracy: 77.76%
   📅 Epoch 16 | Loss: 0.4094 | Val Accuracy: 78.13%
      ⭐ New Best! (Model saving disabled to save space)
   📅 Epoch 17 | Loss: 0.3646 | Val Accuracy: 77.26%
   📅 Epoch 18 | Loss: 0.3385 | Val Accuracy: 77.82%
   📅 Epoch 19 | Loss: 0.3550 | Val Accuracy: 77.32%
   📅 Epoch 20 | Loss: 0.3451 | Val Accuracy: 77.82%
   📅 Epoch 21 | Loss: 0.3647 | Val Accuracy: 78.07%
   📅 Epoch 22 | Loss: 0.3128 | Val Accuracy: 79.00%
      ⭐ New Best! (Model saving disabled to save space)
   📅 Epoch 23 | Loss: 0.3216 | Val Accuracy: 77.57%
   📅 Epoch 24 | Loss: 0.3058 | Val Accuracy: 78.75%
   📅 Epoch 25 | Loss: 0.2787 | Val Accuracy: 78.44%
   📅 Epoch 26 | Loss: 0.2760 | Val Accuracy: 78.44%
   📅 Epoch 27 | Loss: 0.2733 | Val Accuracy: 77.94%
   📅 Epoch 28 | Loss: 0.2928 | Val Accuracy: 79.24%
      ⭐ New Best! (Model saving disabled to save space)
   📅 Epoch 29 | Loss: 0.2536 | Val Accuracy: 77.82%
   📅 Epoch 30 | Loss: 0.2596 | Val Accuracy: 78.75%
   📅 Epoch 31 | Loss: 0.2366 | Val Accuracy: 78.81%
   📅 Epoch 32 | Loss: 0.2265 | Val Accuracy: 78.69%
   📅 Epoch 33 | Loss: 0.2457 | Val Accuracy: 77.94%
   📅 Epoch 34 | Loss: 0.2284 | Val Accuracy: 79.37%
      ⭐ New Best! (Model saving disabled to save space)
   📅 Epoch 35 | Loss: 0.2651 | Val Accuracy: 78.93%
   📅 Epoch 36 | Loss: 0.2269 | Val Accuracy: 79.18%
   📅 Epoch 37 | Loss: 0.2230 | Val Accuracy: 79.86%
      ⭐ New Best! (Model saving disabled to save space)
   📅 Epoch 38 | Loss: 0.2068 | Val Accuracy: 79.55%
   📅 Epoch 39 | Loss: 0.2278 | Val Accuracy: 79.43%
   📅 Epoch 40 | Loss: 0.2007 | Val Accuracy: 78.25%
   📅 Epoch 41 | Loss: 0.2333 | Val Accuracy: 78.56%
   📅 Epoch 42 | Loss: 0.2419 | Val Accuracy: 80.30%
      ⭐ New Best! (Model saving disabled to save space)
   📅 Epoch 43 | Loss: 0.1921 | Val Accuracy: 78.50%
   📅 Epoch 44 | Loss: 0.1956 | Val Accuracy: 79.12%
   📅 Epoch 45 | Loss: 0.1896 | Val Accuracy: 79.74%
   📅 Epoch 46 | Loss: 0.2075 | Val Accuracy: 79.99%
   📅 Epoch 47 | Loss: 0.1867 | Val Accuracy: 79.93%
   📅 Epoch 48 | Loss: 0.1694 | Val Accuracy: 79.37%
   📅 Epoch 49 | Loss: 0.1949 | Val Accuracy: 78.87%
   📅 Epoch 50 | Loss: 0.1829 | Val Accuracy: 79.55%

   🛑 Early Stopping triggered after 8 epochs.

========================================
🏆 Best Val Accuracy: 80.30%
💾 Best Checkpoint: ./checkpoints/linear_mb-domars16k_dinov3_lvd_lr0.001_concat_3.pth
========================================

