
============================================================
📄 Log File: ./logs/linear_records/mb-domars16k_dinov3_sat_1cha_frac0.05x_lr1e-05_concat_3.log
⏰ Time: 2026-04-14 05:32:34
============================================================

🚀 Training dinov3_sat_1cha on mb-domars16k | Mode: LINEAR | LR: 1e-05
   📂 [TRAIN] Loading 1 shards...
   ✅ Loaded 565 samples.
   📂 [TEST] Loading 1 shards...
   ✅ Loaded 1614 samples.
   ⚙️  Config: Workers=8, BS=64, SmallData=False

>>> Loading Model: dinov3_sat_1cha (dinov3_hub)
   🔍 Auditing weights for [dinov3_sat_1cha]...
   ✅ [PERFECT MATCH] 368/368 layers loaded (100.0%)

   🔍 [Structure Check] dinov3_sat_1cha Output Analysis:
      Type: Tuple (len=2)
      Item 0: Shape (1, 1024)
      Item 1: Shape (1, 256, 1024)
      ✅ Identified: CLS=True, Patch=True
      👉 Final Strategy: concat_3 | Input Dim: 3072
   ❄️  Mode: Linear Probe (Backbone Frozen)
   ⚡ AMP Precision: torch.bfloat16
   🔄 Training Start... (Epochs: 50, Patience: 8)
   📅 Epoch 1 | Loss: 2.7032 | Val Accuracy: 9.05%
      ⭐ New Best! (Model saving disabled to save space)
   📅 Epoch 2 | Loss: 2.6912 | Val Accuracy: 10.16%
      ⭐ New Best! (Model saving disabled to save space)
   📅 Epoch 3 | Loss: 2.6866 | Val Accuracy: 11.52%
      ⭐ New Best! (Model saving disabled to save space)
   📅 Epoch 4 | Loss: 2.6736 | Val Accuracy: 13.01%
      ⭐ New Best! (Model saving disabled to save space)
   📅 Epoch 5 | Loss: 2.6683 | Val Accuracy: 14.00%
      ⭐ New Best! (Model saving disabled to save space)
   📅 Epoch 6 | Loss: 2.6613 | Val Accuracy: 14.87%
      ⭐ New Best! (Model saving disabled to save space)
   📅 Epoch 7 | Loss: 2.6501 | Val Accuracy: 15.55%
      ⭐ New Best! (Model saving disabled to save space)
   📅 Epoch 8 | Loss: 2.6411 | Val Accuracy: 16.48%
      ⭐ New Best! (Model saving disabled to save space)
   📅 Epoch 9 | Loss: 2.6361 | Val Accuracy: 18.09%
      ⭐ New Best! (Model saving disabled to save space)
   📅 Epoch 10 | Loss: 2.6288 | Val Accuracy: 18.71%
      ⭐ New Best! (Model saving disabled to save space)
   📅 Epoch 11 | Loss: 2.6173 | Val Accuracy: 20.63%
      ⭐ New Best! (Model saving disabled to save space)
   📅 Epoch 12 | Loss: 2.6080 | Val Accuracy: 22.24%
      ⭐ New Best! (Model saving disabled to save space)
   📅 Epoch 13 | Loss: 2.6018 | Val Accuracy: 22.92%
      ⭐ New Best! (Model saving disabled to save space)
   📅 Epoch 14 | Loss: 2.6049 | Val Accuracy: 24.54%
      ⭐ New Best! (Model saving disabled to save space)
   📅 Epoch 15 | Loss: 2.5948 | Val Accuracy: 26.08%
      ⭐ New Best! (Model saving disabled to save space)
   📅 Epoch 16 | Loss: 2.5853 | Val Accuracy: 27.32%
      ⭐ New Best! (Model saving disabled to save space)
   📅 Epoch 17 | Loss: 2.5713 | Val Accuracy: 28.38%
      ⭐ New Best! (Model saving disabled to save space)
   📅 Epoch 18 | Loss: 2.5702 | Val Accuracy: 29.43%
      ⭐ New Best! (Model saving disabled to save space)
   📅 Epoch 19 | Loss: 2.5579 | Val Accuracy: 29.80%
      ⭐ New Best! (Model saving disabled to save space)
   📅 Epoch 20 | Loss: 2.5614 | Val Accuracy: 30.42%
      ⭐ New Best! (Model saving disabled to save space)
   📅 Epoch 21 | Loss: 2.5370 | Val Accuracy: 31.54%
      ⭐ New Best! (Model saving disabled to save space)
   📅 Epoch 22 | Loss: 2.5297 | Val Accuracy: 32.40%
      ⭐ New Best! (Model saving disabled to save space)
   📅 Epoch 23 | Loss: 2.5302 | Val Accuracy: 33.46%
      ⭐ New Best! (Model saving disabled to save space)
   📅 Epoch 24 | Loss: 2.5261 | Val Accuracy: 34.08%
      ⭐ New Best! (Model saving disabled to save space)
   📅 Epoch 25 | Loss: 2.5130 | Val Accuracy: 35.07%
      ⭐ New Best! (Model saving disabled to save space)
   📅 Epoch 26 | Loss: 2.5113 | Val Accuracy: 36.12%
      ⭐ New Best! (Model saving disabled to save space)
   📅 Epoch 27 | Loss: 2.5020 | Val Accuracy: 36.99%
      ⭐ New Best! (Model saving disabled to save space)
   📅 Epoch 28 | Loss: 2.4941 | Val Accuracy: 37.92%
      ⭐ New Best! (Model saving disabled to save space)
   📅 Epoch 29 | Loss: 2.4926 | Val Accuracy: 38.41%
      ⭐ New Best! (Model saving disabled to save space)
   📅 Epoch 30 | Loss: 2.4769 | Val Accuracy: 38.97%
      ⭐ New Best! (Model saving disabled to save space)
   📅 Epoch 31 | Loss: 2.4747 | Val Accuracy: 39.71%
      ⭐ New Best! (Model saving disabled to save space)
   📅 Epoch 32 | Loss: 2.4676 | Val Accuracy: 40.52%
      ⭐ New Best! (Model saving disabled to save space)
   📅 Epoch 33 | Loss: 2.4549 | Val Accuracy: 41.08%
      ⭐ New Best! (Model saving disabled to save space)
   📅 Epoch 34 | Loss: 2.4528 | Val Accuracy: 41.39%
      ⭐ New Best! (Model saving disabled to save space)
   📅 Epoch 35 | Loss: 2.4460 | Val Accuracy: 42.07%
      ⭐ New Best! (Model saving disabled to save space)
   📅 Epoch 36 | Loss: 2.4431 | Val Accuracy: 42.94%
      ⭐ New Best! (Model saving disabled to save space)
   📅 Epoch 37 | Loss: 2.4307 | Val Accuracy: 43.49%
      ⭐ New Best! (Model saving disabled to save space)
   📅 Epoch 38 | Loss: 2.4320 | Val Accuracy: 43.80%
      ⭐ New Best! (Model saving disabled to save space)
   📅 Epoch 39 | Loss: 2.4240 | Val Accuracy: 44.61%
      ⭐ New Best! (Model saving disabled to save space)
   📅 Epoch 40 | Loss: 2.4104 | Val Accuracy: 45.29%
      ⭐ New Best! (Model saving disabled to save space)
   📅 Epoch 41 | Loss: 2.3969 | Val Accuracy: 45.85%
      ⭐ New Best! (Model saving disabled to save space)
   📅 Epoch 42 | Loss: 2.3998 | Val Accuracy: 46.03%
      ⭐ New Best! (Model saving disabled to save space)
   📅 Epoch 43 | Loss: 2.3885 | Val Accuracy: 46.22%
      ⭐ New Best! (Model saving disabled to save space)
   📅 Epoch 44 | Loss: 2.3859 | Val Accuracy: 47.03%
      ⭐ New Best! (Model saving disabled to save space)
   📅 Epoch 45 | Loss: 2.3835 | Val Accuracy: 47.65%
      ⭐ New Best! (Model saving disabled to save space)
   📅 Epoch 46 | Loss: 2.3715 | Val Accuracy: 47.96%
      ⭐ New Best! (Model saving disabled to save space)
   📅 Epoch 47 | Loss: 2.3638 | Val Accuracy: 48.14%
      ⭐ New Best! (Model saving disabled to save space)
   📅 Epoch 48 | Loss: 2.3609 | Val Accuracy: 48.76%
      ⭐ New Best! (Model saving disabled to save space)
   📅 Epoch 49 | Loss: 2.3581 | Val Accuracy: 49.50%
      ⭐ New Best! (Model saving disabled to save space)
   📅 Epoch 50 | Loss: 2.3440 | Val Accuracy: 49.81%
      ⭐ New Best! (Model saving disabled to save space)

========================================
🏆 Best Val Accuracy: 49.81%
💾 Best Checkpoint: ./checkpoints/linear_mb-domars16k_dinov3_sat_1cha_lr1e-05_concat_3.pth
========================================

