
============================================================
📄 Log File: ./logs/linear_records/mb-domars16k_mars_mae_frac0.05x_lr0.001_concat_3.log
⏰ Time: 2026-04-14 01:56:38
============================================================

🚀 Training mars_mae on mb-domars16k | Mode: LINEAR | LR: 0.001
   📂 [TRAIN] Loading 1 shards...
   ✅ Loaded 565 samples.
   📂 [TEST] Loading 1 shards...
   ✅ Loaded 1614 samples.
   ⚙️  Config: Workers=8, BS=64, SmallData=False

>>> Loading Model: mars_mae (timm_mae)
   ℹ️  Config: in_chans=1
   🔍 Auditing weights for [mars_mae]...
   ✅ [PERFECT MATCH] 150/150 layers loaded (100.0%)

   🔍 [Structure Check] mars_mae Output Analysis:
      Type: Tuple (len=2)
      Item 0: Shape (1, 768)
      Item 1: Shape (1, 196, 768)
      ✅ Identified: CLS=True, Patch=True
      👉 Final Strategy: concat_3 | Input Dim: 2304
   ❄️  Mode: Linear Probe (Backbone Frozen)
   ⚡ AMP Precision: torch.bfloat16
   🔄 Training Start... (Epochs: 50, Patience: 8)
   📅 Epoch 1 | Loss: 2.8183 | Val Accuracy: 18.09%
      ⭐ New Best! (Model saving disabled to save space)
   📅 Epoch 2 | Loss: 2.3662 | Val Accuracy: 39.28%
      ⭐ New Best! (Model saving disabled to save space)
   📅 Epoch 3 | Loss: 2.0284 | Val Accuracy: 51.24%
      ⭐ New Best! (Model saving disabled to save space)
   📅 Epoch 4 | Loss: 1.8138 | Val Accuracy: 65.06%
      ⭐ New Best! (Model saving disabled to save space)
   📅 Epoch 5 | Loss: 1.5870 | Val Accuracy: 59.48%
   📅 Epoch 6 | Loss: 1.4910 | Val Accuracy: 65.86%
      ⭐ New Best! (Model saving disabled to save space)
   📅 Epoch 7 | Loss: 1.3480 | Val Accuracy: 62.64%
   📅 Epoch 8 | Loss: 1.3193 | Val Accuracy: 64.44%
   📅 Epoch 9 | Loss: 1.2394 | Val Accuracy: 65.24%
   📅 Epoch 10 | Loss: 1.1702 | Val Accuracy: 69.89%
      ⭐ New Best! (Model saving disabled to save space)
   📅 Epoch 11 | Loss: 1.1318 | Val Accuracy: 70.20%
      ⭐ New Best! (Model saving disabled to save space)
   📅 Epoch 12 | Loss: 1.1397 | Val Accuracy: 71.31%
      ⭐ New Best! (Model saving disabled to save space)
   📅 Epoch 13 | Loss: 1.0947 | Val Accuracy: 70.57%
   📅 Epoch 14 | Loss: 1.0526 | Val Accuracy: 70.26%
   📅 Epoch 15 | Loss: 1.0151 | Val Accuracy: 73.85%
      ⭐ New Best! (Model saving disabled to save space)
   📅 Epoch 16 | Loss: 0.9544 | Val Accuracy: 74.29%
      ⭐ New Best! (Model saving disabled to save space)
   📅 Epoch 17 | Loss: 0.9287 | Val Accuracy: 75.71%
      ⭐ New Best! (Model saving disabled to save space)
   📅 Epoch 18 | Loss: 0.9255 | Val Accuracy: 74.23%
   📅 Epoch 19 | Loss: 0.9370 | Val Accuracy: 75.59%
   📅 Epoch 20 | Loss: 0.9158 | Val Accuracy: 75.03%
   📅 Epoch 21 | Loss: 0.8513 | Val Accuracy: 76.27%
      ⭐ New Best! (Model saving disabled to save space)
   📅 Epoch 22 | Loss: 0.8650 | Val Accuracy: 74.23%
   📅 Epoch 23 | Loss: 0.8284 | Val Accuracy: 77.76%
      ⭐ New Best! (Model saving disabled to save space)
   📅 Epoch 24 | Loss: 0.7948 | Val Accuracy: 75.71%
   📅 Epoch 25 | Loss: 0.7769 | Val Accuracy: 77.01%
   📅 Epoch 26 | Loss: 0.7848 | Val Accuracy: 75.84%
   📅 Epoch 27 | Loss: 0.8030 | Val Accuracy: 77.26%
   📅 Epoch 28 | Loss: 0.7784 | Val Accuracy: 75.28%
   📅 Epoch 29 | Loss: 0.8166 | Val Accuracy: 76.89%
   📅 Epoch 30 | Loss: 0.7274 | Val Accuracy: 78.50%
      ⭐ New Best! (Model saving disabled to save space)
   📅 Epoch 31 | Loss: 0.7422 | Val Accuracy: 75.40%
   📅 Epoch 32 | Loss: 0.6874 | Val Accuracy: 78.38%
   📅 Epoch 33 | Loss: 0.7063 | Val Accuracy: 75.84%
   📅 Epoch 34 | Loss: 0.7067 | Val Accuracy: 78.62%
      ⭐ New Best! (Model saving disabled to save space)
   📅 Epoch 35 | Loss: 0.7065 | Val Accuracy: 76.89%
   📅 Epoch 36 | Loss: 0.6935 | Val Accuracy: 77.94%
   📅 Epoch 37 | Loss: 0.7162 | Val Accuracy: 77.94%
   📅 Epoch 38 | Loss: 0.6766 | Val Accuracy: 78.69%
      ⭐ New Best! (Model saving disabled to save space)
   📅 Epoch 39 | Loss: 0.6788 | Val Accuracy: 79.24%
      ⭐ New Best! (Model saving disabled to save space)
   📅 Epoch 40 | Loss: 0.6533 | Val Accuracy: 78.00%
   📅 Epoch 41 | Loss: 0.6550 | Val Accuracy: 79.06%
   📅 Epoch 42 | Loss: 0.6796 | Val Accuracy: 77.45%
   📅 Epoch 43 | Loss: 0.6939 | Val Accuracy: 79.18%
   📅 Epoch 44 | Loss: 0.6380 | Val Accuracy: 78.38%
   📅 Epoch 45 | Loss: 0.6603 | Val Accuracy: 78.93%
   📅 Epoch 46 | Loss: 0.5721 | Val Accuracy: 76.64%
   📅 Epoch 47 | Loss: 0.6565 | Val Accuracy: 79.12%

   🛑 Early Stopping triggered after 8 epochs.

========================================
🏆 Best Val Accuracy: 79.24%
💾 Best Checkpoint: ./checkpoints/linear_mb-domars16k_mars_mae_lr0.001_concat_3.pth
========================================

