
============================================================
📄 Log File: ./logs/linear_records_new/mb-domars16k_dinov3_sat_frac0.50x_lr0.001_concat_3.log
⏰ Time: 2026-04-15 19:55:27
============================================================

🚀 Training dinov3_sat on mb-domars16k | Mode: LINEAR | LR: 0.001
   📂 [TRAIN] Loading 1 shards...
   ✅ Loaded 5652 samples.
   📂 [TEST] Loading 1 shards...
   ✅ Loaded 1614 samples.
   ⚙️  Config: Workers=8, BS=64, SmallData=False

>>> Loading Model: dinov3_sat (dinov3_hub)
  ℹ️  DINOv3 Config: in_chans=3
   🔍 Auditing weights for [dinov3_sat]...
   ✅ [PERFECT MATCH] 368/368 layers loaded (100.0%)

   🔍 [Structure Check] dinov3_sat Output Analysis:
      Type: Tuple (len=2)
      Item 0: Shape (1, 1024)
      Item 1: Shape (1, 256, 1024)
      ✅ Identified: CLS=True, Patch=True
      👉 Final Strategy: concat_3 | Input Dim: 3072
   ❄️  Mode: Linear Probe (Backbone Frozen)
   ⚡ AMP Precision: torch.bfloat16
   🔄 Training Start... (Epochs: 50, Patience: 8)
   📅 Epoch 1 | Loss: 1.3127 | Val Accuracy: 76.89%
      ⭐ New Best! (Model saving disabled to save space)
   📅 Epoch 2 | Loss: 0.7325 | Val Accuracy: 81.78%
      ⭐ New Best! (Model saving disabled to save space)
   📅 Epoch 3 | Loss: 0.6042 | Val Accuracy: 82.03%
      ⭐ New Best! (Model saving disabled to save space)
   📅 Epoch 4 | Loss: 0.5398 | Val Accuracy: 83.15%
      ⭐ New Best! (Model saving disabled to save space)
   📅 Epoch 5 | Loss: 0.4905 | Val Accuracy: 84.01%
      ⭐ New Best! (Model saving disabled to save space)
   📅 Epoch 6 | Loss: 0.4606 | Val Accuracy: 84.39%
      ⭐ New Best! (Model saving disabled to save space)
   📅 Epoch 7 | Loss: 0.4393 | Val Accuracy: 85.19%
      ⭐ New Best! (Model saving disabled to save space)
   📅 Epoch 8 | Loss: 0.4200 | Val Accuracy: 86.06%
      ⭐ New Best! (Model saving disabled to save space)
   📅 Epoch 9 | Loss: 0.3974 | Val Accuracy: 85.50%
   📅 Epoch 10 | Loss: 0.3939 | Val Accuracy: 86.18%
      ⭐ New Best! (Model saving disabled to save space)
   📅 Epoch 11 | Loss: 0.3721 | Val Accuracy: 86.56%
      ⭐ New Best! (Model saving disabled to save space)
   📅 Epoch 12 | Loss: 0.3587 | Val Accuracy: 85.81%
   📅 Epoch 13 | Loss: 0.3653 | Val Accuracy: 85.81%
   📅 Epoch 14 | Loss: 0.3551 | Val Accuracy: 86.93%
      ⭐ New Best! (Model saving disabled to save space)
   📅 Epoch 15 | Loss: 0.3432 | Val Accuracy: 86.37%
   📅 Epoch 16 | Loss: 0.3334 | Val Accuracy: 87.11%
      ⭐ New Best! (Model saving disabled to save space)
   📅 Epoch 17 | Loss: 0.3182 | Val Accuracy: 86.18%
   📅 Epoch 18 | Loss: 0.3211 | Val Accuracy: 86.74%
   📅 Epoch 19 | Loss: 0.3187 | Val Accuracy: 87.11%
   📅 Epoch 20 | Loss: 0.3161 | Val Accuracy: 87.17%
      ⭐ New Best! (Model saving disabled to save space)
   📅 Epoch 21 | Loss: 0.2963 | Val Accuracy: 88.10%
      ⭐ New Best! (Model saving disabled to save space)
   📅 Epoch 22 | Loss: 0.2999 | Val Accuracy: 86.06%
   📅 Epoch 23 | Loss: 0.2982 | Val Accuracy: 87.92%
   📅 Epoch 24 | Loss: 0.2886 | Val Accuracy: 87.24%
   📅 Epoch 25 | Loss: 0.2972 | Val Accuracy: 87.24%
   📅 Epoch 26 | Loss: 0.2842 | Val Accuracy: 87.36%
   📅 Epoch 27 | Loss: 0.2816 | Val Accuracy: 86.80%
   📅 Epoch 28 | Loss: 0.2838 | Val Accuracy: 86.93%
   📅 Epoch 29 | Loss: 0.2815 | Val Accuracy: 87.61%

   🛑 Early Stopping triggered after 8 epochs.

========================================
🏆 Best Val Accuracy: 88.10%
💾 Best Checkpoint: ./checkpoints/linear_mb-domars16k_dinov3_sat_lr0.001_concat_3.pth
========================================

