
============================================================
📄 Log File: ./logs/linear_records_new/mb-domars16k_dinov3_lvd_frac0.50x_lr0.0001_concat_3.log
⏰ Time: 2026-04-15 19:04:35
============================================================

🚀 Training dinov3_lvd on mb-domars16k | Mode: LINEAR | LR: 0.0001
   📂 [TRAIN] Loading 1 shards...
   ✅ Loaded 5652 samples.
   📂 [TEST] Loading 1 shards...
   ✅ Loaded 1614 samples.
   ⚙️  Config: Workers=8, BS=64, SmallData=False

>>> Loading Model: dinov3_lvd (dinov3_hub)
  ℹ️  DINOv3 Config: in_chans=3
   🔍 Auditing weights for [dinov3_lvd]...
   ✅ [PERFECT MATCH] 368/368 layers loaded (100.0%)

   🔍 [Structure Check] dinov3_lvd Output Analysis:
      Type: Tuple (len=2)
      Item 0: Shape (1, 1024)
      Item 1: Shape (1, 256, 1024)
      ✅ Identified: CLS=True, Patch=True
      👉 Final Strategy: concat_3 | Input Dim: 3072
   ❄️  Mode: Linear Probe (Backbone Frozen)
   ⚡ AMP Precision: torch.bfloat16
   🔄 Training Start... (Epochs: 50, Patience: 8)
   📅 Epoch 1 | Loss: 2.1218 | Val Accuracy: 66.48%
      ⭐ New Best! (Model saving disabled to save space)
   📅 Epoch 2 | Loss: 1.4144 | Val Accuracy: 70.94%
      ⭐ New Best! (Model saving disabled to save space)
   📅 Epoch 3 | Loss: 1.1175 | Val Accuracy: 73.92%
      ⭐ New Best! (Model saving disabled to save space)
   📅 Epoch 4 | Loss: 0.9646 | Val Accuracy: 76.21%
      ⭐ New Best! (Model saving disabled to save space)
   📅 Epoch 5 | Loss: 0.8582 | Val Accuracy: 76.89%
      ⭐ New Best! (Model saving disabled to save space)
   📅 Epoch 6 | Loss: 0.7916 | Val Accuracy: 78.44%
      ⭐ New Best! (Model saving disabled to save space)
   📅 Epoch 7 | Loss: 0.7426 | Val Accuracy: 78.38%
   📅 Epoch 8 | Loss: 0.7035 | Val Accuracy: 79.86%
      ⭐ New Best! (Model saving disabled to save space)
   📅 Epoch 9 | Loss: 0.6764 | Val Accuracy: 80.36%
      ⭐ New Best! (Model saving disabled to save space)
   📅 Epoch 10 | Loss: 0.6478 | Val Accuracy: 81.04%
      ⭐ New Best! (Model saving disabled to save space)
   📅 Epoch 11 | Loss: 0.6141 | Val Accuracy: 80.55%
   📅 Epoch 12 | Loss: 0.6032 | Val Accuracy: 81.54%
      ⭐ New Best! (Model saving disabled to save space)
   📅 Epoch 13 | Loss: 0.5792 | Val Accuracy: 81.85%
      ⭐ New Best! (Model saving disabled to save space)
   📅 Epoch 14 | Loss: 0.5616 | Val Accuracy: 81.91%
      ⭐ New Best! (Model saving disabled to save space)
   📅 Epoch 15 | Loss: 0.5558 | Val Accuracy: 82.22%
      ⭐ New Best! (Model saving disabled to save space)
   📅 Epoch 16 | Loss: 0.5406 | Val Accuracy: 82.03%
   📅 Epoch 17 | Loss: 0.5340 | Val Accuracy: 82.65%
      ⭐ New Best! (Model saving disabled to save space)
   📅 Epoch 18 | Loss: 0.5256 | Val Accuracy: 82.71%
      ⭐ New Best! (Model saving disabled to save space)
   📅 Epoch 19 | Loss: 0.5270 | Val Accuracy: 82.96%
      ⭐ New Best! (Model saving disabled to save space)
   📅 Epoch 20 | Loss: 0.5061 | Val Accuracy: 83.15%
      ⭐ New Best! (Model saving disabled to save space)
   📅 Epoch 21 | Loss: 0.4964 | Val Accuracy: 83.21%
      ⭐ New Best! (Model saving disabled to save space)
   📅 Epoch 22 | Loss: 0.4831 | Val Accuracy: 83.71%
      ⭐ New Best! (Model saving disabled to save space)
   📅 Epoch 23 | Loss: 0.4790 | Val Accuracy: 83.33%
   📅 Epoch 24 | Loss: 0.4788 | Val Accuracy: 83.64%
   📅 Epoch 25 | Loss: 0.4742 | Val Accuracy: 83.95%
      ⭐ New Best! (Model saving disabled to save space)
   📅 Epoch 26 | Loss: 0.4593 | Val Accuracy: 83.52%
   📅 Epoch 27 | Loss: 0.4561 | Val Accuracy: 84.01%
      ⭐ New Best! (Model saving disabled to save space)
   📅 Epoch 28 | Loss: 0.4530 | Val Accuracy: 83.95%
   📅 Epoch 29 | Loss: 0.4493 | Val Accuracy: 83.71%
   📅 Epoch 30 | Loss: 0.4473 | Val Accuracy: 84.14%
      ⭐ New Best! (Model saving disabled to save space)
   📅 Epoch 31 | Loss: 0.4454 | Val Accuracy: 84.63%
      ⭐ New Best! (Model saving disabled to save space)
   📅 Epoch 32 | Loss: 0.4385 | Val Accuracy: 84.45%
   📅 Epoch 33 | Loss: 0.4404 | Val Accuracy: 84.94%
      ⭐ New Best! (Model saving disabled to save space)
   📅 Epoch 34 | Loss: 0.4278 | Val Accuracy: 84.51%
   📅 Epoch 35 | Loss: 0.4208 | Val Accuracy: 85.07%
      ⭐ New Best! (Model saving disabled to save space)
   📅 Epoch 36 | Loss: 0.4227 | Val Accuracy: 85.19%
      ⭐ New Best! (Model saving disabled to save space)
   📅 Epoch 37 | Loss: 0.4137 | Val Accuracy: 84.76%
   📅 Epoch 38 | Loss: 0.4129 | Val Accuracy: 85.13%
   📅 Epoch 39 | Loss: 0.4176 | Val Accuracy: 84.94%
   📅 Epoch 40 | Loss: 0.4176 | Val Accuracy: 84.94%
   📅 Epoch 41 | Loss: 0.4012 | Val Accuracy: 85.50%
      ⭐ New Best! (Model saving disabled to save space)
   📅 Epoch 42 | Loss: 0.4118 | Val Accuracy: 85.63%
      ⭐ New Best! (Model saving disabled to save space)
   📅 Epoch 43 | Loss: 0.4039 | Val Accuracy: 85.50%
   📅 Epoch 44 | Loss: 0.4055 | Val Accuracy: 84.82%
   📅 Epoch 45 | Loss: 0.3964 | Val Accuracy: 85.63%
   📅 Epoch 46 | Loss: 0.3906 | Val Accuracy: 85.32%
   📅 Epoch 47 | Loss: 0.3993 | Val Accuracy: 85.81%
      ⭐ New Best! (Model saving disabled to save space)
   📅 Epoch 48 | Loss: 0.3880 | Val Accuracy: 85.44%
   📅 Epoch 49 | Loss: 0.3824 | Val Accuracy: 85.63%
   📅 Epoch 50 | Loss: 0.3827 | Val Accuracy: 85.94%
      ⭐ New Best! (Model saving disabled to save space)

========================================
🏆 Best Val Accuracy: 85.94%
💾 Best Checkpoint: ./checkpoints/linear_mb-domars16k_dinov3_lvd_lr0.0001_concat_3.pth
========================================

