
============================================================
📄 Log File: ./logs/linear_records_new/mb-domars16k_dinov2_l14_frac0.20x_lr0.001_concat_3.log
⏰ Time: 2026-04-14 21:50:27
============================================================

🚀 Training dinov2_l14 on mb-domars16k | Mode: LINEAR | LR: 0.001
   📂 [TRAIN] Loading 1 shards...
   ✅ Loaded 2261 samples.
   📂 [TEST] Loading 1 shards...
   ✅ Loaded 1614 samples.
   ⚙️  Config: Workers=8, BS=64, SmallData=False

>>> Loading Model: dinov2_l14 (dinov2_hub)
   🔍 Auditing weights for [dinov2_l14]...
   ✅ [PERFECT MATCH] 343/343 layers loaded (100.0%)

   🔍 [Structure Check] dinov2_l14 Output Analysis:
      Type: Tuple (len=2)
      Item 0: Shape (1, 1024)
      Item 1: Shape (1, 256, 1024)
      ✅ Identified: CLS=True, Patch=True
      👉 Final Strategy: concat_3 | Input Dim: 3072
   ❄️  Mode: Linear Probe (Backbone Frozen)
   ⚡ AMP Precision: torch.bfloat16
   🔄 Training Start... (Epochs: 50, Patience: 8)
   📅 Epoch 1 | Loss: 2.4243 | Val Accuracy: 51.86%
      ⭐ New Best! (Model saving disabled to save space)
   📅 Epoch 2 | Loss: 1.5971 | Val Accuracy: 56.07%
      ⭐ New Best! (Model saving disabled to save space)
   📅 Epoch 3 | Loss: 1.4064 | Val Accuracy: 60.97%
      ⭐ New Best! (Model saving disabled to save space)
   📅 Epoch 4 | Loss: 1.2376 | Val Accuracy: 63.82%
      ⭐ New Best! (Model saving disabled to save space)
   📅 Epoch 5 | Loss: 1.1736 | Val Accuracy: 65.43%
      ⭐ New Best! (Model saving disabled to save space)
   📅 Epoch 6 | Loss: 1.1160 | Val Accuracy: 63.32%
   📅 Epoch 7 | Loss: 1.0842 | Val Accuracy: 67.04%
      ⭐ New Best! (Model saving disabled to save space)
   📅 Epoch 8 | Loss: 1.0183 | Val Accuracy: 66.98%
   📅 Epoch 9 | Loss: 1.0162 | Val Accuracy: 68.28%
      ⭐ New Best! (Model saving disabled to save space)
   📅 Epoch 10 | Loss: 1.0231 | Val Accuracy: 68.09%
   📅 Epoch 11 | Loss: 0.9083 | Val Accuracy: 70.45%
      ⭐ New Best! (Model saving disabled to save space)
   📅 Epoch 12 | Loss: 0.9373 | Val Accuracy: 70.20%
   📅 Epoch 13 | Loss: 0.9569 | Val Accuracy: 71.13%
      ⭐ New Best! (Model saving disabled to save space)
   📅 Epoch 14 | Loss: 0.9231 | Val Accuracy: 71.00%
   📅 Epoch 15 | Loss: 0.8907 | Val Accuracy: 72.61%
      ⭐ New Best! (Model saving disabled to save space)
   📅 Epoch 16 | Loss: 0.8902 | Val Accuracy: 73.23%
      ⭐ New Best! (Model saving disabled to save space)
   📅 Epoch 17 | Loss: 0.8711 | Val Accuracy: 70.01%
   📅 Epoch 18 | Loss: 0.8430 | Val Accuracy: 71.69%
   📅 Epoch 19 | Loss: 0.8372 | Val Accuracy: 70.38%
   📅 Epoch 20 | Loss: 0.8614 | Val Accuracy: 73.30%
      ⭐ New Best! (Model saving disabled to save space)
   📅 Epoch 21 | Loss: 0.8826 | Val Accuracy: 68.84%
   📅 Epoch 22 | Loss: 0.8523 | Val Accuracy: 72.74%
   📅 Epoch 23 | Loss: 0.7722 | Val Accuracy: 74.72%
      ⭐ New Best! (Model saving disabled to save space)
   📅 Epoch 24 | Loss: 0.8319 | Val Accuracy: 73.23%
   📅 Epoch 25 | Loss: 0.7903 | Val Accuracy: 72.12%
   📅 Epoch 26 | Loss: 0.7446 | Val Accuracy: 76.27%
      ⭐ New Best! (Model saving disabled to save space)
   📅 Epoch 27 | Loss: 0.7284 | Val Accuracy: 76.15%
   📅 Epoch 28 | Loss: 0.7970 | Val Accuracy: 75.03%
   📅 Epoch 29 | Loss: 0.7663 | Val Accuracy: 76.70%
      ⭐ New Best! (Model saving disabled to save space)
   📅 Epoch 30 | Loss: 0.7447 | Val Accuracy: 76.02%
   📅 Epoch 31 | Loss: 0.7884 | Val Accuracy: 74.97%
   📅 Epoch 32 | Loss: 0.7288 | Val Accuracy: 73.98%
   📅 Epoch 33 | Loss: 0.7479 | Val Accuracy: 73.05%
   📅 Epoch 34 | Loss: 0.7489 | Val Accuracy: 72.86%
   📅 Epoch 35 | Loss: 0.7508 | Val Accuracy: 76.89%
      ⭐ New Best! (Model saving disabled to save space)
   📅 Epoch 36 | Loss: 0.7689 | Val Accuracy: 74.23%
   📅 Epoch 37 | Loss: 0.7497 | Val Accuracy: 75.77%
   📅 Epoch 38 | Loss: 0.7423 | Val Accuracy: 73.17%
   📅 Epoch 39 | Loss: 0.7677 | Val Accuracy: 71.38%
   📅 Epoch 40 | Loss: 0.7495 | Val Accuracy: 75.84%
   📅 Epoch 41 | Loss: 0.6963 | Val Accuracy: 75.84%
   📅 Epoch 42 | Loss: 0.7231 | Val Accuracy: 72.00%
   📅 Epoch 43 | Loss: 0.6824 | Val Accuracy: 76.21%

   🛑 Early Stopping triggered after 8 epochs.

========================================
🏆 Best Val Accuracy: 76.89%
💾 Best Checkpoint: ./checkpoints/linear_mb-domars16k_dinov2_l14_lr0.001_concat_3.pth
========================================

