
============================================================
📄 Log File: ./logs/linear_records/mb-domars16k_dinov3_lvd_1cha_frac0.20x_lr1e-05_concat_3.log
⏰ Time: 2026-04-14 04:45:10
============================================================

🚀 Training dinov3_lvd_1cha on mb-domars16k | Mode: LINEAR | LR: 1e-05
   📂 [TRAIN] Loading 1 shards...
   ✅ Loaded 2261 samples.
   📂 [TEST] Loading 1 shards...
   ✅ Loaded 1614 samples.
   ⚙️  Config: Workers=8, BS=64, SmallData=False

>>> Loading Model: dinov3_lvd_1cha (dinov3_hub)
   🔍 Auditing weights for [dinov3_lvd_1cha]...
   ✅ [PERFECT MATCH] 368/368 layers loaded (100.0%)

   🔍 [Structure Check] dinov3_lvd_1cha Output Analysis:
      Type: Tuple (len=2)
      Item 0: Shape (1, 1024)
      Item 1: Shape (1, 256, 1024)
      ✅ Identified: CLS=True, Patch=True
      👉 Final Strategy: concat_3 | Input Dim: 3072
   ❄️  Mode: Linear Probe (Backbone Frozen)
   ⚡ AMP Precision: torch.bfloat16
   🔄 Training Start... (Epochs: 50, Patience: 8)
   📅 Epoch 1 | Loss: 2.6946 | Val Accuracy: 13.01%
      ⭐ New Best! (Model saving disabled to save space)
   📅 Epoch 2 | Loss: 2.6309 | Val Accuracy: 17.41%
      ⭐ New Best! (Model saving disabled to save space)
   📅 Epoch 3 | Loss: 2.5722 | Val Accuracy: 23.61%
      ⭐ New Best! (Model saving disabled to save space)
   📅 Epoch 4 | Loss: 2.5105 | Val Accuracy: 29.68%
      ⭐ New Best! (Model saving disabled to save space)
   📅 Epoch 5 | Loss: 2.4611 | Val Accuracy: 36.68%
      ⭐ New Best! (Model saving disabled to save space)
   📅 Epoch 6 | Loss: 2.4031 | Val Accuracy: 43.06%
      ⭐ New Best! (Model saving disabled to save space)
   📅 Epoch 7 | Loss: 2.3560 | Val Accuracy: 47.09%
      ⭐ New Best! (Model saving disabled to save space)
   📅 Epoch 8 | Loss: 2.3043 | Val Accuracy: 50.25%
      ⭐ New Best! (Model saving disabled to save space)
   📅 Epoch 9 | Loss: 2.2553 | Val Accuracy: 52.35%
      ⭐ New Best! (Model saving disabled to save space)
   📅 Epoch 10 | Loss: 2.2145 | Val Accuracy: 54.71%
      ⭐ New Best! (Model saving disabled to save space)
   📅 Epoch 11 | Loss: 2.1607 | Val Accuracy: 56.20%
      ⭐ New Best! (Model saving disabled to save space)
   📅 Epoch 12 | Loss: 2.1273 | Val Accuracy: 57.50%
      ⭐ New Best! (Model saving disabled to save space)
   📅 Epoch 13 | Loss: 2.0785 | Val Accuracy: 59.29%
      ⭐ New Best! (Model saving disabled to save space)
   📅 Epoch 14 | Loss: 2.0424 | Val Accuracy: 59.85%
      ⭐ New Best! (Model saving disabled to save space)
   📅 Epoch 15 | Loss: 2.0061 | Val Accuracy: 61.40%
      ⭐ New Best! (Model saving disabled to save space)
   📅 Epoch 16 | Loss: 1.9656 | Val Accuracy: 62.70%
      ⭐ New Best! (Model saving disabled to save space)
   📅 Epoch 17 | Loss: 1.9255 | Val Accuracy: 63.26%
      ⭐ New Best! (Model saving disabled to save space)
   📅 Epoch 18 | Loss: 1.8953 | Val Accuracy: 64.13%
      ⭐ New Best! (Model saving disabled to save space)
   📅 Epoch 19 | Loss: 1.8596 | Val Accuracy: 64.68%
      ⭐ New Best! (Model saving disabled to save space)
   📅 Epoch 20 | Loss: 1.8256 | Val Accuracy: 64.99%
      ⭐ New Best! (Model saving disabled to save space)
   📅 Epoch 21 | Loss: 1.7980 | Val Accuracy: 65.61%
      ⭐ New Best! (Model saving disabled to save space)
   📅 Epoch 22 | Loss: 1.7690 | Val Accuracy: 66.60%
      ⭐ New Best! (Model saving disabled to save space)
   📅 Epoch 23 | Loss: 1.7328 | Val Accuracy: 66.73%
      ⭐ New Best! (Model saving disabled to save space)
   📅 Epoch 24 | Loss: 1.7108 | Val Accuracy: 67.35%
      ⭐ New Best! (Model saving disabled to save space)
   📅 Epoch 25 | Loss: 1.6849 | Val Accuracy: 68.03%
      ⭐ New Best! (Model saving disabled to save space)
   📅 Epoch 26 | Loss: 1.6559 | Val Accuracy: 67.66%
   📅 Epoch 27 | Loss: 1.6325 | Val Accuracy: 68.03%
   📅 Epoch 28 | Loss: 1.5975 | Val Accuracy: 68.77%
      ⭐ New Best! (Model saving disabled to save space)
   📅 Epoch 29 | Loss: 1.5786 | Val Accuracy: 69.21%
      ⭐ New Best! (Model saving disabled to save space)
   📅 Epoch 30 | Loss: 1.5686 | Val Accuracy: 69.39%
      ⭐ New Best! (Model saving disabled to save space)
   📅 Epoch 31 | Loss: 1.5336 | Val Accuracy: 69.45%
      ⭐ New Best! (Model saving disabled to save space)
   📅 Epoch 32 | Loss: 1.5087 | Val Accuracy: 69.52%
      ⭐ New Best! (Model saving disabled to save space)
   📅 Epoch 33 | Loss: 1.4873 | Val Accuracy: 70.07%
      ⭐ New Best! (Model saving disabled to save space)
   📅 Epoch 34 | Loss: 1.4735 | Val Accuracy: 70.26%
      ⭐ New Best! (Model saving disabled to save space)
   📅 Epoch 35 | Loss: 1.4519 | Val Accuracy: 70.57%
      ⭐ New Best! (Model saving disabled to save space)
   📅 Epoch 36 | Loss: 1.4331 | Val Accuracy: 70.45%
   📅 Epoch 37 | Loss: 1.4213 | Val Accuracy: 70.76%
      ⭐ New Best! (Model saving disabled to save space)
   📅 Epoch 38 | Loss: 1.4009 | Val Accuracy: 70.69%
   📅 Epoch 39 | Loss: 1.3798 | Val Accuracy: 70.63%
   📅 Epoch 40 | Loss: 1.3670 | Val Accuracy: 71.31%
      ⭐ New Best! (Model saving disabled to save space)
   📅 Epoch 41 | Loss: 1.3617 | Val Accuracy: 71.44%
      ⭐ New Best! (Model saving disabled to save space)
   📅 Epoch 42 | Loss: 1.3357 | Val Accuracy: 71.62%
      ⭐ New Best! (Model saving disabled to save space)
   📅 Epoch 43 | Loss: 1.3217 | Val Accuracy: 71.75%
      ⭐ New Best! (Model saving disabled to save space)
   📅 Epoch 44 | Loss: 1.2981 | Val Accuracy: 71.75%
   📅 Epoch 45 | Loss: 1.2939 | Val Accuracy: 72.24%
      ⭐ New Best! (Model saving disabled to save space)
   📅 Epoch 46 | Loss: 1.2830 | Val Accuracy: 72.12%
   📅 Epoch 47 | Loss: 1.2596 | Val Accuracy: 72.74%
      ⭐ New Best! (Model saving disabled to save space)
   📅 Epoch 48 | Loss: 1.2504 | Val Accuracy: 72.80%
      ⭐ New Best! (Model saving disabled to save space)
   📅 Epoch 49 | Loss: 1.2317 | Val Accuracy: 72.74%
   📅 Epoch 50 | Loss: 1.2202 | Val Accuracy: 72.86%
      ⭐ New Best! (Model saving disabled to save space)

========================================
🏆 Best Val Accuracy: 72.86%
💾 Best Checkpoint: ./checkpoints/linear_mb-domars16k_dinov3_lvd_1cha_lr1e-05_concat_3.pth
========================================

