
============================================================
📄 Log File: ./logs/linear_records/mb-domars16k_swin_v2_frac0.50x_lr0.0001_concat_3.log
⏰ Time: 2026-04-14 00:21:19
============================================================

🚀 Training swin_v2 on mb-domars16k | Mode: LINEAR | LR: 0.0001
   📂 [TRAIN] Loading 1 shards...
   ✅ Loaded 5652 samples.
   📂 [TEST] Loading 1 shards...
   ✅ Loaded 1614 samples.
   ⚙️  Config: Workers=8, BS=64, SmallData=False

>>> Loading Model: swin_v2 (torchvision_swin)
   🔍 Auditing weights for [swin_v2]...
   ✅ [PERFECT MATCH] 449/449 layers loaded (100.0%)

   🔍 [Structure Check] swin_v2 Output Analysis:
      Type: Tuple (len=2)
      Item 0: Shape (1, 1024)
      Item 1: Shape (1, 64, 1024)
      ✅ Identified: CLS=True, Patch=True
      👉 Final Strategy: concat_3 | Input Dim: 3072
   ❄️  Mode: Linear Probe (Backbone Frozen)
   ⚡ AMP Precision: torch.bfloat16
   🔄 Training Start... (Epochs: 50, Patience: 8)
   📅 Epoch 1 | Loss: 2.1273 | Val Accuracy: 62.89%
      ⭐ New Best! (Model saving disabled to save space)
   📅 Epoch 2 | Loss: 1.3709 | Val Accuracy: 67.41%
      ⭐ New Best! (Model saving disabled to save space)
   📅 Epoch 3 | Loss: 1.1181 | Val Accuracy: 70.45%
      ⭐ New Best! (Model saving disabled to save space)
   📅 Epoch 4 | Loss: 0.9905 | Val Accuracy: 71.75%
      ⭐ New Best! (Model saving disabled to save space)
   📅 Epoch 5 | Loss: 0.9305 | Val Accuracy: 73.36%
      ⭐ New Best! (Model saving disabled to save space)
   📅 Epoch 6 | Loss: 0.8908 | Val Accuracy: 73.67%
      ⭐ New Best! (Model saving disabled to save space)
   📅 Epoch 7 | Loss: 0.8388 | Val Accuracy: 74.35%
      ⭐ New Best! (Model saving disabled to save space)
   📅 Epoch 8 | Loss: 0.8174 | Val Accuracy: 74.97%
      ⭐ New Best! (Model saving disabled to save space)
   📅 Epoch 9 | Loss: 0.7863 | Val Accuracy: 75.28%
      ⭐ New Best! (Model saving disabled to save space)
   📅 Epoch 10 | Loss: 0.7723 | Val Accuracy: 76.33%
      ⭐ New Best! (Model saving disabled to save space)
   📅 Epoch 11 | Loss: 0.7409 | Val Accuracy: 76.89%
      ⭐ New Best! (Model saving disabled to save space)
   📅 Epoch 12 | Loss: 0.7412 | Val Accuracy: 77.20%
      ⭐ New Best! (Model saving disabled to save space)
   📅 Epoch 13 | Loss: 0.7227 | Val Accuracy: 76.77%
   📅 Epoch 14 | Loss: 0.7151 | Val Accuracy: 77.08%
   📅 Epoch 15 | Loss: 0.6981 | Val Accuracy: 77.57%
      ⭐ New Best! (Model saving disabled to save space)
   📅 Epoch 16 | Loss: 0.7003 | Val Accuracy: 77.26%
   📅 Epoch 17 | Loss: 0.6892 | Val Accuracy: 77.51%
   📅 Epoch 18 | Loss: 0.6781 | Val Accuracy: 78.38%
      ⭐ New Best! (Model saving disabled to save space)
   📅 Epoch 19 | Loss: 0.6719 | Val Accuracy: 78.44%
      ⭐ New Best! (Model saving disabled to save space)
   📅 Epoch 20 | Loss: 0.6609 | Val Accuracy: 79.06%
      ⭐ New Best! (Model saving disabled to save space)
   📅 Epoch 21 | Loss: 0.6630 | Val Accuracy: 78.62%
   📅 Epoch 22 | Loss: 0.6458 | Val Accuracy: 78.56%
   📅 Epoch 23 | Loss: 0.6480 | Val Accuracy: 78.50%
   📅 Epoch 24 | Loss: 0.6339 | Val Accuracy: 78.87%
   📅 Epoch 25 | Loss: 0.6301 | Val Accuracy: 78.81%
   📅 Epoch 26 | Loss: 0.6202 | Val Accuracy: 79.06%
   📅 Epoch 27 | Loss: 0.6166 | Val Accuracy: 79.62%
      ⭐ New Best! (Model saving disabled to save space)
   📅 Epoch 28 | Loss: 0.6287 | Val Accuracy: 78.56%
   📅 Epoch 29 | Loss: 0.6089 | Val Accuracy: 79.24%
   📅 Epoch 30 | Loss: 0.6063 | Val Accuracy: 79.99%
      ⭐ New Best! (Model saving disabled to save space)
   📅 Epoch 31 | Loss: 0.6068 | Val Accuracy: 79.49%
   📅 Epoch 32 | Loss: 0.5941 | Val Accuracy: 79.24%
   📅 Epoch 33 | Loss: 0.6016 | Val Accuracy: 79.86%
   📅 Epoch 34 | Loss: 0.5864 | Val Accuracy: 79.80%
   📅 Epoch 35 | Loss: 0.6051 | Val Accuracy: 80.17%
      ⭐ New Best! (Model saving disabled to save space)
   📅 Epoch 36 | Loss: 0.5934 | Val Accuracy: 80.24%
      ⭐ New Best! (Model saving disabled to save space)
   📅 Epoch 37 | Loss: 0.5979 | Val Accuracy: 80.05%
   📅 Epoch 38 | Loss: 0.5835 | Val Accuracy: 79.86%
   📅 Epoch 39 | Loss: 0.5784 | Val Accuracy: 80.67%
      ⭐ New Best! (Model saving disabled to save space)
   📅 Epoch 40 | Loss: 0.5596 | Val Accuracy: 80.98%
      ⭐ New Best! (Model saving disabled to save space)
   📅 Epoch 41 | Loss: 0.5876 | Val Accuracy: 80.73%
   📅 Epoch 42 | Loss: 0.5633 | Val Accuracy: 80.36%
   📅 Epoch 43 | Loss: 0.5665 | Val Accuracy: 80.42%
   📅 Epoch 44 | Loss: 0.5652 | Val Accuracy: 80.79%
   📅 Epoch 45 | Loss: 0.5708 | Val Accuracy: 80.92%
   📅 Epoch 46 | Loss: 0.5705 | Val Accuracy: 80.98%
   📅 Epoch 47 | Loss: 0.5633 | Val Accuracy: 80.67%
   📅 Epoch 48 | Loss: 0.5558 | Val Accuracy: 80.24%

   🛑 Early Stopping triggered after 8 epochs.

========================================
🏆 Best Val Accuracy: 80.98%
💾 Best Checkpoint: ./checkpoints/linear_mb-domars16k_swin_v2_lr0.0001_concat_3.pth
========================================

