
============================================================
📄 Log File: ./logs/linear_records/mb-domars16k_mars_mae_lr0.01_concat_3.log
⏰ Time: 2026-03-01 20:51:41
============================================================

🚀 Training mars_mae on mb-domars16k | Mode: LINEAR | LR: 0.01
   📂 [TRAIN] Loading 1 shards...
   ✅ Loaded 11305 samples.
   📂 [TEST] Loading 1 shards...
   ✅ Loaded 1614 samples.
   ⚙️  Config: Workers=8, BS=256, SmallData=False

>>> Loading Model: mars_mae (timm_mae)
   ℹ️  Config: in_chans=1
   🔍 Auditing weights for [mars_mae]...
   ✅ [PERFECT MATCH] 150/150 layers loaded (100.0%)

   🔍 [Structure Check] mars_mae Output Analysis:
      Type: Tuple (len=2)
      Item 0: Shape (1, 768)
      Item 1: Shape (1, 196, 768)
      ✅ Identified: CLS=True, Patch=True
      👉 Final Strategy: concat_3 | Input Dim: 2304
   ❄️  Mode: Linear Probe (Backbone Frozen)
   🚀 Compiling model with torch.compile...
   ⚡ AMP Precision: torch.bfloat16
   🔄 Training Start... (Epochs: 40, Patience: 5)
   📅 Epoch 1 | Loss: 5.7386 | Val Accuracy: 71.87%
      ⭐ New Best! Saved.
   📅 Epoch 2 | Loss: 0.9270 | Val Accuracy: 79.18%
      ⭐ New Best! Saved.
   📅 Epoch 3 | Loss: 0.7385 | Val Accuracy: 83.33%
      ⭐ New Best! Saved.
   📅 Epoch 4 | Loss: 0.6846 | Val Accuracy: 82.47%
   📅 Epoch 5 | Loss: 0.6653 | Val Accuracy: 81.85%
   📅 Epoch 6 | Loss: 0.6499 | Val Accuracy: 83.89%
      ⭐ New Best! Saved.
   📅 Epoch 7 | Loss: 0.6488 | Val Accuracy: 85.63%
      ⭐ New Best! Saved.
   📅 Epoch 8 | Loss: 0.6102 | Val Accuracy: 84.88%
   📅 Epoch 9 | Loss: 0.6207 | Val Accuracy: 85.63%
   📅 Epoch 10 | Loss: 0.6045 | Val Accuracy: 82.84%
   📅 Epoch 11 | Loss: 0.6396 | Val Accuracy: 79.37%
   📅 Epoch 12 | Loss: 0.5962 | Val Accuracy: 84.39%

   🛑 Early Stopping triggered after 5 epochs.

========================================
🏆 Best Val Accuracy: 85.63%
💾 Best Checkpoint: ./checkpoints/linear_mb-domars16k_mars_mae_lr0.01_concat_3.pth
========================================

