
============================================================
📄 Log File: ./logs/linear_records/mb-domars16k_dinov1_b8_frac0.05x_lr0.001_concat_3.log
⏰ Time: 2026-04-14 03:40:00
============================================================

🚀 Training dinov1_b8 on mb-domars16k | Mode: LINEAR | LR: 0.001
   📂 [TRAIN] Loading 1 shards...
   ✅ Loaded 565 samples.
   📂 [TEST] Loading 1 shards...
   ✅ Loaded 1614 samples.
   ⚙️  Config: Workers=8, BS=64, SmallData=False

>>> Loading Model: dinov1_b8 (dinov1)

   🔍 [Structure Check] dinov1_b8 Output Analysis:
      Type: Tuple (len=2)
      Item 0: Shape (1, 768)
      Item 1: Shape (1, 784, 768)
      ✅ Identified: CLS=True, Patch=True
      👉 Final Strategy: concat_3 | Input Dim: 2304
   ❄️  Mode: Linear Probe (Backbone Frozen)
   ⚡ AMP Precision: torch.bfloat16
   🔄 Training Start... (Epochs: 50, Patience: 8)
   📅 Epoch 1 | Loss: 4.6694 | Val Accuracy: 30.73%
      ⭐ New Best! (Model saving disabled to save space)
   📅 Epoch 2 | Loss: 2.5775 | Val Accuracy: 54.83%
      ⭐ New Best! (Model saving disabled to save space)
   📅 Epoch 3 | Loss: 1.3037 | Val Accuracy: 58.36%
      ⭐ New Best! (Model saving disabled to save space)
   📅 Epoch 4 | Loss: 0.7965 | Val Accuracy: 71.50%
      ⭐ New Best! (Model saving disabled to save space)
   📅 Epoch 5 | Loss: 0.6382 | Val Accuracy: 72.24%
      ⭐ New Best! (Model saving disabled to save space)
   📅 Epoch 6 | Loss: 0.4502 | Val Accuracy: 75.03%
      ⭐ New Best! (Model saving disabled to save space)
   📅 Epoch 7 | Loss: 0.3900 | Val Accuracy: 77.32%
      ⭐ New Best! (Model saving disabled to save space)
   📅 Epoch 8 | Loss: 0.3637 | Val Accuracy: 73.98%
   📅 Epoch 9 | Loss: 0.3534 | Val Accuracy: 75.65%
   📅 Epoch 10 | Loss: 0.2791 | Val Accuracy: 77.08%
   📅 Epoch 11 | Loss: 0.2709 | Val Accuracy: 76.33%
   📅 Epoch 12 | Loss: 0.2661 | Val Accuracy: 78.13%
      ⭐ New Best! (Model saving disabled to save space)
   📅 Epoch 13 | Loss: 0.2458 | Val Accuracy: 77.94%
   📅 Epoch 14 | Loss: 0.2500 | Val Accuracy: 77.82%
   📅 Epoch 15 | Loss: 0.2066 | Val Accuracy: 77.57%
   📅 Epoch 16 | Loss: 0.1985 | Val Accuracy: 77.14%
   📅 Epoch 17 | Loss: 0.1885 | Val Accuracy: 79.00%
      ⭐ New Best! (Model saving disabled to save space)
   📅 Epoch 18 | Loss: 0.1832 | Val Accuracy: 76.89%
   📅 Epoch 19 | Loss: 0.1587 | Val Accuracy: 76.64%
   📅 Epoch 20 | Loss: 0.1626 | Val Accuracy: 77.88%
   📅 Epoch 21 | Loss: 0.1623 | Val Accuracy: 77.76%
   📅 Epoch 22 | Loss: 0.1413 | Val Accuracy: 78.75%
   📅 Epoch 23 | Loss: 0.1251 | Val Accuracy: 78.56%
   📅 Epoch 24 | Loss: 0.1470 | Val Accuracy: 79.06%
      ⭐ New Best! (Model saving disabled to save space)
   📅 Epoch 25 | Loss: 0.1268 | Val Accuracy: 78.19%
   📅 Epoch 26 | Loss: 0.1370 | Val Accuracy: 77.94%
   📅 Epoch 27 | Loss: 0.1329 | Val Accuracy: 78.69%
   📅 Epoch 28 | Loss: 0.0926 | Val Accuracy: 75.71%
   📅 Epoch 29 | Loss: 0.0949 | Val Accuracy: 78.13%
   📅 Epoch 30 | Loss: 0.1230 | Val Accuracy: 77.26%
   📅 Epoch 31 | Loss: 0.1438 | Val Accuracy: 78.13%
   📅 Epoch 32 | Loss: 0.1007 | Val Accuracy: 78.31%

   🛑 Early Stopping triggered after 8 epochs.

========================================
🏆 Best Val Accuracy: 79.06%
💾 Best Checkpoint: ./checkpoints/linear_mb-domars16k_dinov1_b8_lr0.001_concat_3.pth
========================================

