
============================================================
📄 Log File: ./logs/linear_records_new/mb-domars16k_dinov3_lvd_frac0.01x_lr0.0001_concat_3.log
⏰ Time: 2026-04-15 18:53:24
============================================================

🚀 Training dinov3_lvd on mb-domars16k | Mode: LINEAR | LR: 0.0001
   📂 [TRAIN] Loading 1 shards...
   ✅ Loaded 113 samples.
   📂 [TEST] Loading 1 shards...
   ✅ Loaded 1614 samples.
   ⚙️  Config: Workers=0, BS=64, SmallData=True

>>> Loading Model: dinov3_lvd (dinov3_hub)
  ℹ️  DINOv3 Config: in_chans=3
   🔍 Auditing weights for [dinov3_lvd]...
   ✅ [PERFECT MATCH] 368/368 layers loaded (100.0%)

   🔍 [Structure Check] dinov3_lvd Output Analysis:
      Type: Tuple (len=2)
      Item 0: Shape (1, 1024)
      Item 1: Shape (1, 256, 1024)
      ✅ Identified: CLS=True, Patch=True
      👉 Final Strategy: concat_3 | Input Dim: 3072
   ❄️  Mode: Linear Probe (Backbone Frozen)
   ⚡ AMP Precision: torch.bfloat16
   🔄 Training Start... (Epochs: 50, Patience: 8)
   📅 Epoch 1 | Loss: 2.7400 | Val Accuracy: 9.54%
      ⭐ New Best! (Model saving disabled to save space)
   📅 Epoch 2 | Loss: 2.6707 | Val Accuracy: 9.98%
      ⭐ New Best! (Model saving disabled to save space)
   📅 Epoch 3 | Loss: 2.6484 | Val Accuracy: 11.34%
      ⭐ New Best! (Model saving disabled to save space)
   📅 Epoch 4 | Loss: 2.6453 | Val Accuracy: 13.75%
      ⭐ New Best! (Model saving disabled to save space)
   📅 Epoch 5 | Loss: 2.6138 | Val Accuracy: 16.60%
      ⭐ New Best! (Model saving disabled to save space)
   📅 Epoch 6 | Loss: 2.5625 | Val Accuracy: 19.58%
      ⭐ New Best! (Model saving disabled to save space)
   📅 Epoch 7 | Loss: 2.5491 | Val Accuracy: 21.75%
      ⭐ New Best! (Model saving disabled to save space)
   📅 Epoch 8 | Loss: 2.5352 | Val Accuracy: 25.40%
      ⭐ New Best! (Model saving disabled to save space)
   📅 Epoch 9 | Loss: 2.5066 | Val Accuracy: 27.70%
      ⭐ New Best! (Model saving disabled to save space)
   📅 Epoch 10 | Loss: 2.4866 | Val Accuracy: 28.81%
      ⭐ New Best! (Model saving disabled to save space)
   📅 Epoch 11 | Loss: 2.4712 | Val Accuracy: 30.11%
      ⭐ New Best! (Model saving disabled to save space)
   📅 Epoch 12 | Loss: 2.4421 | Val Accuracy: 31.78%
      ⭐ New Best! (Model saving disabled to save space)
   📅 Epoch 13 | Loss: 2.4358 | Val Accuracy: 33.58%
      ⭐ New Best! (Model saving disabled to save space)
   📅 Epoch 14 | Loss: 2.3745 | Val Accuracy: 34.20%
      ⭐ New Best! (Model saving disabled to save space)
   📅 Epoch 15 | Loss: 2.3906 | Val Accuracy: 35.19%
      ⭐ New Best! (Model saving disabled to save space)
   📅 Epoch 16 | Loss: 2.3650 | Val Accuracy: 36.06%
      ⭐ New Best! (Model saving disabled to save space)
   📅 Epoch 17 | Loss: 2.3424 | Val Accuracy: 37.48%
      ⭐ New Best! (Model saving disabled to save space)
   📅 Epoch 18 | Loss: 2.3143 | Val Accuracy: 38.48%
      ⭐ New Best! (Model saving disabled to save space)
   📅 Epoch 19 | Loss: 2.2655 | Val Accuracy: 40.52%
      ⭐ New Best! (Model saving disabled to save space)
   📅 Epoch 20 | Loss: 2.2648 | Val Accuracy: 42.19%
      ⭐ New Best! (Model saving disabled to save space)
   📅 Epoch 21 | Loss: 2.2273 | Val Accuracy: 43.12%
      ⭐ New Best! (Model saving disabled to save space)
   📅 Epoch 22 | Loss: 2.2639 | Val Accuracy: 43.80%
      ⭐ New Best! (Model saving disabled to save space)
   📅 Epoch 23 | Loss: 2.2209 | Val Accuracy: 44.67%
      ⭐ New Best! (Model saving disabled to save space)
   📅 Epoch 24 | Loss: 2.1925 | Val Accuracy: 44.36%
   📅 Epoch 25 | Loss: 2.1870 | Val Accuracy: 44.92%
      ⭐ New Best! (Model saving disabled to save space)
   📅 Epoch 26 | Loss: 2.1647 | Val Accuracy: 45.54%
      ⭐ New Best! (Model saving disabled to save space)
   📅 Epoch 27 | Loss: 2.1003 | Val Accuracy: 46.22%
      ⭐ New Best! (Model saving disabled to save space)
   📅 Epoch 28 | Loss: 2.1104 | Val Accuracy: 47.27%
      ⭐ New Best! (Model saving disabled to save space)
   📅 Epoch 29 | Loss: 2.1271 | Val Accuracy: 47.77%
      ⭐ New Best! (Model saving disabled to save space)
   📅 Epoch 30 | Loss: 2.0569 | Val Accuracy: 48.70%
      ⭐ New Best! (Model saving disabled to save space)
   📅 Epoch 31 | Loss: 2.0740 | Val Accuracy: 49.01%
      ⭐ New Best! (Model saving disabled to save space)
   📅 Epoch 32 | Loss: 2.0547 | Val Accuracy: 49.57%
      ⭐ New Best! (Model saving disabled to save space)
   📅 Epoch 33 | Loss: 1.9875 | Val Accuracy: 50.00%
      ⭐ New Best! (Model saving disabled to save space)
   📅 Epoch 34 | Loss: 1.9763 | Val Accuracy: 50.50%
      ⭐ New Best! (Model saving disabled to save space)
   📅 Epoch 35 | Loss: 1.9802 | Val Accuracy: 50.93%
      ⭐ New Best! (Model saving disabled to save space)
   📅 Epoch 36 | Loss: 1.9651 | Val Accuracy: 51.43%
      ⭐ New Best! (Model saving disabled to save space)
   📅 Epoch 37 | Loss: 1.9656 | Val Accuracy: 52.23%
      ⭐ New Best! (Model saving disabled to save space)
   📅 Epoch 38 | Loss: 1.9225 | Val Accuracy: 52.79%
      ⭐ New Best! (Model saving disabled to save space)
   📅 Epoch 39 | Loss: 1.9135 | Val Accuracy: 53.66%
      ⭐ New Best! (Model saving disabled to save space)
   📅 Epoch 40 | Loss: 1.9237 | Val Accuracy: 54.34%
      ⭐ New Best! (Model saving disabled to save space)
   📅 Epoch 41 | Loss: 1.8672 | Val Accuracy: 55.14%
      ⭐ New Best! (Model saving disabled to save space)
   📅 Epoch 42 | Loss: 1.8516 | Val Accuracy: 56.82%
      ⭐ New Best! (Model saving disabled to save space)
   📅 Epoch 43 | Loss: 1.8405 | Val Accuracy: 56.94%
      ⭐ New Best! (Model saving disabled to save space)
   📅 Epoch 44 | Loss: 1.8448 | Val Accuracy: 56.88%
   📅 Epoch 45 | Loss: 1.8079 | Val Accuracy: 56.88%
   📅 Epoch 46 | Loss: 1.8542 | Val Accuracy: 56.75%
   📅 Epoch 47 | Loss: 1.7654 | Val Accuracy: 57.19%
      ⭐ New Best! (Model saving disabled to save space)
   📅 Epoch 48 | Loss: 1.7738 | Val Accuracy: 57.00%
   📅 Epoch 49 | Loss: 1.7939 | Val Accuracy: 57.13%
   📅 Epoch 50 | Loss: 1.7251 | Val Accuracy: 57.50%
      ⭐ New Best! (Model saving disabled to save space)

========================================
🏆 Best Val Accuracy: 57.50%
💾 Best Checkpoint: ./checkpoints/linear_mb-domars16k_dinov3_lvd_lr0.0001_concat_3.pth
========================================

