
============================================================
📄 Log File: ./logs/linear_records/mb-domars16k_dinov3_lvd_1cha_frac0.50x_lr0.001_concat_3.log
⏰ Time: 2026-04-14 05:04:09
============================================================

🚀 Training dinov3_lvd_1cha on mb-domars16k | Mode: LINEAR | LR: 0.001
   📂 [TRAIN] Loading 1 shards...
   ✅ Loaded 5652 samples.
   📂 [TEST] Loading 1 shards...
   ✅ Loaded 1614 samples.
   ⚙️  Config: Workers=8, BS=64, SmallData=False

>>> Loading Model: dinov3_lvd_1cha (dinov3_hub)
   🔍 Auditing weights for [dinov3_lvd_1cha]...
   ✅ [PERFECT MATCH] 368/368 layers loaded (100.0%)

   🔍 [Structure Check] dinov3_lvd_1cha Output Analysis:
      Type: Tuple (len=2)
      Item 0: Shape (1, 1024)
      Item 1: Shape (1, 256, 1024)
      ✅ Identified: CLS=True, Patch=True
      👉 Final Strategy: concat_3 | Input Dim: 3072
   ❄️  Mode: Linear Probe (Backbone Frozen)
   ⚡ AMP Precision: torch.bfloat16
   🔄 Training Start... (Epochs: 50, Patience: 8)
   📅 Epoch 1 | Loss: 1.0422 | Val Accuracy: 79.68%
      ⭐ New Best! (Model saving disabled to save space)
   📅 Epoch 2 | Loss: 0.5930 | Val Accuracy: 81.66%
      ⭐ New Best! (Model saving disabled to save space)
   📅 Epoch 3 | Loss: 0.5127 | Val Accuracy: 82.65%
      ⭐ New Best! (Model saving disabled to save space)
   📅 Epoch 4 | Loss: 0.4903 | Val Accuracy: 83.15%
      ⭐ New Best! (Model saving disabled to save space)
   📅 Epoch 5 | Loss: 0.4492 | Val Accuracy: 83.95%
      ⭐ New Best! (Model saving disabled to save space)
   📅 Epoch 6 | Loss: 0.4377 | Val Accuracy: 85.01%
      ⭐ New Best! (Model saving disabled to save space)
   📅 Epoch 7 | Loss: 0.4098 | Val Accuracy: 85.56%
      ⭐ New Best! (Model saving disabled to save space)
   📅 Epoch 8 | Loss: 0.3946 | Val Accuracy: 83.52%
   📅 Epoch 9 | Loss: 0.3770 | Val Accuracy: 85.32%
   📅 Epoch 10 | Loss: 0.3738 | Val Accuracy: 84.01%
   📅 Epoch 11 | Loss: 0.3679 | Val Accuracy: 84.51%
   📅 Epoch 12 | Loss: 0.3683 | Val Accuracy: 85.81%
      ⭐ New Best! (Model saving disabled to save space)
   📅 Epoch 13 | Loss: 0.3546 | Val Accuracy: 85.94%
      ⭐ New Best! (Model saving disabled to save space)
   📅 Epoch 14 | Loss: 0.3500 | Val Accuracy: 86.06%
      ⭐ New Best! (Model saving disabled to save space)
   📅 Epoch 15 | Loss: 0.3408 | Val Accuracy: 84.45%
   📅 Epoch 16 | Loss: 0.3486 | Val Accuracy: 86.43%
      ⭐ New Best! (Model saving disabled to save space)
   📅 Epoch 17 | Loss: 0.3205 | Val Accuracy: 86.00%
   📅 Epoch 18 | Loss: 0.3206 | Val Accuracy: 86.56%
      ⭐ New Best! (Model saving disabled to save space)
   📅 Epoch 19 | Loss: 0.3180 | Val Accuracy: 84.94%
   📅 Epoch 20 | Loss: 0.3258 | Val Accuracy: 87.24%
      ⭐ New Best! (Model saving disabled to save space)
   📅 Epoch 21 | Loss: 0.3116 | Val Accuracy: 86.49%
   📅 Epoch 22 | Loss: 0.2928 | Val Accuracy: 86.68%
   📅 Epoch 23 | Loss: 0.3118 | Val Accuracy: 86.25%
   📅 Epoch 24 | Loss: 0.2901 | Val Accuracy: 86.86%
   📅 Epoch 25 | Loss: 0.2932 | Val Accuracy: 86.43%
   📅 Epoch 26 | Loss: 0.3042 | Val Accuracy: 86.37%
   📅 Epoch 27 | Loss: 0.2902 | Val Accuracy: 86.06%
   📅 Epoch 28 | Loss: 0.2876 | Val Accuracy: 86.37%

   🛑 Early Stopping triggered after 8 epochs.

========================================
🏆 Best Val Accuracy: 87.24%
💾 Best Checkpoint: ./checkpoints/linear_mb-domars16k_dinov3_lvd_1cha_lr0.001_concat_3.pth
========================================

