
============================================================
📄 Log File: ./logs/linear_records/mb-domars16k_dinov3_lvd_1cha_frac0.20x_lr0.001_concat_3.log
⏰ Time: 2026-04-14 04:20:26
============================================================

🚀 Training dinov3_lvd_1cha on mb-domars16k | Mode: LINEAR | LR: 0.001
   📂 [TRAIN] Loading 1 shards...
   ✅ Loaded 2261 samples.
   📂 [TEST] Loading 1 shards...
   ✅ Loaded 1614 samples.
   ⚙️  Config: Workers=8, BS=64, SmallData=False

>>> Loading Model: dinov3_lvd_1cha (dinov3_hub)
   🔍 Auditing weights for [dinov3_lvd_1cha]...
   ✅ [PERFECT MATCH] 368/368 layers loaded (100.0%)

   🔍 [Structure Check] dinov3_lvd_1cha Output Analysis:
      Type: Tuple (len=2)
      Item 0: Shape (1, 1024)
      Item 1: Shape (1, 256, 1024)
      ✅ Identified: CLS=True, Patch=True
      👉 Final Strategy: concat_3 | Input Dim: 3072
   ❄️  Mode: Linear Probe (Backbone Frozen)
   ⚡ AMP Precision: torch.bfloat16
   🔄 Training Start... (Epochs: 50, Patience: 8)
   📅 Epoch 1 | Loss: 1.4512 | Val Accuracy: 68.65%
      ⭐ New Best! (Model saving disabled to save space)
   📅 Epoch 2 | Loss: 0.7771 | Val Accuracy: 76.21%
      ⭐ New Best! (Model saving disabled to save space)
   📅 Epoch 3 | Loss: 0.6616 | Val Accuracy: 79.24%
      ⭐ New Best! (Model saving disabled to save space)
   📅 Epoch 4 | Loss: 0.5856 | Val Accuracy: 78.19%
   📅 Epoch 5 | Loss: 0.5360 | Val Accuracy: 81.10%
      ⭐ New Best! (Model saving disabled to save space)
   📅 Epoch 6 | Loss: 0.4960 | Val Accuracy: 81.66%
      ⭐ New Best! (Model saving disabled to save space)
   📅 Epoch 7 | Loss: 0.4662 | Val Accuracy: 83.58%
      ⭐ New Best! (Model saving disabled to save space)
   📅 Epoch 8 | Loss: 0.4611 | Val Accuracy: 81.72%
   📅 Epoch 9 | Loss: 0.4356 | Val Accuracy: 83.89%
      ⭐ New Best! (Model saving disabled to save space)
   📅 Epoch 10 | Loss: 0.4299 | Val Accuracy: 82.40%
   📅 Epoch 11 | Loss: 0.4037 | Val Accuracy: 83.46%
   📅 Epoch 12 | Loss: 0.3741 | Val Accuracy: 83.89%
   📅 Epoch 13 | Loss: 0.3907 | Val Accuracy: 83.27%
   📅 Epoch 14 | Loss: 0.3699 | Val Accuracy: 82.09%
   📅 Epoch 15 | Loss: 0.3754 | Val Accuracy: 83.46%
   📅 Epoch 16 | Loss: 0.3519 | Val Accuracy: 83.83%
   📅 Epoch 17 | Loss: 0.3376 | Val Accuracy: 84.51%
      ⭐ New Best! (Model saving disabled to save space)
   📅 Epoch 18 | Loss: 0.3388 | Val Accuracy: 82.22%
   📅 Epoch 19 | Loss: 0.3516 | Val Accuracy: 83.83%
   📅 Epoch 20 | Loss: 0.3293 | Val Accuracy: 83.71%
   📅 Epoch 21 | Loss: 0.3172 | Val Accuracy: 84.08%
   📅 Epoch 22 | Loss: 0.3236 | Val Accuracy: 82.96%
   📅 Epoch 23 | Loss: 0.2836 | Val Accuracy: 83.46%
   📅 Epoch 24 | Loss: 0.2909 | Val Accuracy: 85.07%
      ⭐ New Best! (Model saving disabled to save space)
   📅 Epoch 25 | Loss: 0.3075 | Val Accuracy: 83.40%
   📅 Epoch 26 | Loss: 0.2851 | Val Accuracy: 85.07%
   📅 Epoch 27 | Loss: 0.2957 | Val Accuracy: 84.70%
   📅 Epoch 28 | Loss: 0.3024 | Val Accuracy: 84.57%
   📅 Epoch 29 | Loss: 0.2954 | Val Accuracy: 84.51%
   📅 Epoch 30 | Loss: 0.2873 | Val Accuracy: 84.57%
   📅 Epoch 31 | Loss: 0.2764 | Val Accuracy: 84.82%
   📅 Epoch 32 | Loss: 0.2971 | Val Accuracy: 84.32%

   🛑 Early Stopping triggered after 8 epochs.

========================================
🏆 Best Val Accuracy: 85.07%
💾 Best Checkpoint: ./checkpoints/linear_mb-domars16k_dinov3_lvd_1cha_lr0.001_concat_3.pth
========================================

