
============================================================
📄 Log File: ./logs/linear_records/mb-domars16k_swin_v2_frac0.05x_lr0.0001_concat_3.log
⏰ Time: 2026-04-14 01:27:12
============================================================

🚀 Training swin_v2 on mb-domars16k | Mode: LINEAR | LR: 0.0001
   📂 [TRAIN] Loading 1 shards...
   ✅ Loaded 565 samples.
   📂 [TEST] Loading 1 shards...
   ✅ Loaded 1614 samples.
   ⚙️  Config: Workers=8, BS=64, SmallData=False

>>> Loading Model: swin_v2 (torchvision_swin)
   🔍 Auditing weights for [swin_v2]...
   ✅ [PERFECT MATCH] 449/449 layers loaded (100.0%)

   🔍 [Structure Check] swin_v2 Output Analysis:
      Type: Tuple (len=2)
      Item 0: Shape (1, 1024)
      Item 1: Shape (1, 64, 1024)
      ✅ Identified: CLS=True, Patch=True
      👉 Final Strategy: concat_3 | Input Dim: 3072
   ❄️  Mode: Linear Probe (Backbone Frozen)
   ⚡ AMP Precision: torch.bfloat16
   🔄 Training Start... (Epochs: 50, Patience: 8)
   📅 Epoch 1 | Loss: 2.7568 | Val Accuracy: 14.99%
      ⭐ New Best! (Model saving disabled to save space)
   📅 Epoch 2 | Loss: 2.5094 | Val Accuracy: 25.59%
      ⭐ New Best! (Model saving disabled to save space)
   📅 Epoch 3 | Loss: 2.3832 | Val Accuracy: 36.43%
      ⭐ New Best! (Model saving disabled to save space)
   📅 Epoch 4 | Loss: 2.1743 | Val Accuracy: 43.62%
      ⭐ New Best! (Model saving disabled to save space)
   📅 Epoch 5 | Loss: 2.0348 | Val Accuracy: 48.14%
      ⭐ New Best! (Model saving disabled to save space)
   📅 Epoch 6 | Loss: 1.9637 | Val Accuracy: 52.54%
      ⭐ New Best! (Model saving disabled to save space)
   📅 Epoch 7 | Loss: 1.8344 | Val Accuracy: 54.28%
      ⭐ New Best! (Model saving disabled to save space)
   📅 Epoch 8 | Loss: 1.7283 | Val Accuracy: 56.32%
      ⭐ New Best! (Model saving disabled to save space)
   📅 Epoch 9 | Loss: 1.6306 | Val Accuracy: 57.43%
      ⭐ New Best! (Model saving disabled to save space)
   📅 Epoch 10 | Loss: 1.5321 | Val Accuracy: 58.12%
      ⭐ New Best! (Model saving disabled to save space)
   📅 Epoch 11 | Loss: 1.4669 | Val Accuracy: 59.91%
      ⭐ New Best! (Model saving disabled to save space)
   📅 Epoch 12 | Loss: 1.4458 | Val Accuracy: 61.52%
      ⭐ New Best! (Model saving disabled to save space)
   📅 Epoch 13 | Loss: 1.3691 | Val Accuracy: 61.52%
   📅 Epoch 14 | Loss: 1.3465 | Val Accuracy: 61.28%
   📅 Epoch 15 | Loss: 1.3104 | Val Accuracy: 61.52%
   📅 Epoch 16 | Loss: 1.2339 | Val Accuracy: 63.07%
      ⭐ New Best! (Model saving disabled to save space)
   📅 Epoch 17 | Loss: 1.1984 | Val Accuracy: 63.88%
      ⭐ New Best! (Model saving disabled to save space)
   📅 Epoch 18 | Loss: 1.1853 | Val Accuracy: 64.00%
      ⭐ New Best! (Model saving disabled to save space)
   📅 Epoch 19 | Loss: 1.1675 | Val Accuracy: 64.68%
      ⭐ New Best! (Model saving disabled to save space)
   📅 Epoch 20 | Loss: 1.1463 | Val Accuracy: 64.19%
   📅 Epoch 21 | Loss: 1.1218 | Val Accuracy: 64.25%
   📅 Epoch 22 | Loss: 1.0775 | Val Accuracy: 64.37%
   📅 Epoch 23 | Loss: 1.0670 | Val Accuracy: 65.61%
      ⭐ New Best! (Model saving disabled to save space)
   📅 Epoch 24 | Loss: 1.0500 | Val Accuracy: 65.99%
      ⭐ New Best! (Model saving disabled to save space)
   📅 Epoch 25 | Loss: 1.0034 | Val Accuracy: 66.73%
      ⭐ New Best! (Model saving disabled to save space)
   📅 Epoch 26 | Loss: 0.9709 | Val Accuracy: 66.48%
   📅 Epoch 27 | Loss: 0.9499 | Val Accuracy: 66.67%
   📅 Epoch 28 | Loss: 0.9567 | Val Accuracy: 66.23%
   📅 Epoch 29 | Loss: 0.9391 | Val Accuracy: 67.22%
      ⭐ New Best! (Model saving disabled to save space)
   📅 Epoch 30 | Loss: 0.9267 | Val Accuracy: 67.47%
      ⭐ New Best! (Model saving disabled to save space)
   📅 Epoch 31 | Loss: 0.9366 | Val Accuracy: 68.09%
      ⭐ New Best! (Model saving disabled to save space)
   📅 Epoch 32 | Loss: 0.9128 | Val Accuracy: 67.78%
   📅 Epoch 33 | Loss: 0.9233 | Val Accuracy: 67.41%
   📅 Epoch 34 | Loss: 0.8946 | Val Accuracy: 67.29%
   📅 Epoch 35 | Loss: 0.8736 | Val Accuracy: 68.09%
   📅 Epoch 36 | Loss: 0.8511 | Val Accuracy: 68.22%
      ⭐ New Best! (Model saving disabled to save space)
   📅 Epoch 37 | Loss: 0.8775 | Val Accuracy: 67.97%
   📅 Epoch 38 | Loss: 0.8390 | Val Accuracy: 68.71%
      ⭐ New Best! (Model saving disabled to save space)
   📅 Epoch 39 | Loss: 0.8254 | Val Accuracy: 68.09%
   📅 Epoch 40 | Loss: 0.8319 | Val Accuracy: 68.09%
   📅 Epoch 41 | Loss: 0.7975 | Val Accuracy: 68.90%
      ⭐ New Best! (Model saving disabled to save space)
   📅 Epoch 42 | Loss: 0.7895 | Val Accuracy: 69.39%
      ⭐ New Best! (Model saving disabled to save space)
   📅 Epoch 43 | Loss: 0.7972 | Val Accuracy: 68.90%
   📅 Epoch 44 | Loss: 0.8083 | Val Accuracy: 68.59%
   📅 Epoch 45 | Loss: 0.7945 | Val Accuracy: 68.40%
   📅 Epoch 46 | Loss: 0.7667 | Val Accuracy: 69.21%
   📅 Epoch 47 | Loss: 0.7758 | Val Accuracy: 69.70%
      ⭐ New Best! (Model saving disabled to save space)
   📅 Epoch 48 | Loss: 0.7473 | Val Accuracy: 69.45%
   📅 Epoch 49 | Loss: 0.7319 | Val Accuracy: 69.64%
   📅 Epoch 50 | Loss: 0.7652 | Val Accuracy: 69.39%

========================================
🏆 Best Val Accuracy: 69.70%
💾 Best Checkpoint: ./checkpoints/linear_mb-domars16k_swin_v2_lr0.0001_concat_3.pth
========================================

