
============================================================
📄 Log File: ./logs/linear_records_new/mb-domars16k_dinov3_lvd_frac0.20x_lr1e-05_concat_3.log
⏰ Time: 2026-04-15 19:09:42
============================================================

🚀 Training dinov3_lvd on mb-domars16k | Mode: LINEAR | LR: 1e-05
   📂 [TRAIN] Loading 1 shards...
   ✅ Loaded 2261 samples.
   📂 [TEST] Loading 1 shards...
   ✅ Loaded 1614 samples.
   ⚙️  Config: Workers=8, BS=64, SmallData=False

>>> Loading Model: dinov3_lvd (dinov3_hub)
  ℹ️  DINOv3 Config: in_chans=3
   🔍 Auditing weights for [dinov3_lvd]...
   ✅ [PERFECT MATCH] 368/368 layers loaded (100.0%)

   🔍 [Structure Check] dinov3_lvd Output Analysis:
      Type: Tuple (len=2)
      Item 0: Shape (1, 1024)
      Item 1: Shape (1, 256, 1024)
      ✅ Identified: CLS=True, Patch=True
      👉 Final Strategy: concat_3 | Input Dim: 3072
   ❄️  Mode: Linear Probe (Backbone Frozen)
   ⚡ AMP Precision: torch.bfloat16
   🔄 Training Start... (Epochs: 50, Patience: 8)
   📅 Epoch 1 | Loss: 2.7001 | Val Accuracy: 6.07%
      ⭐ New Best! (Model saving disabled to save space)
   📅 Epoch 2 | Loss: 2.6387 | Val Accuracy: 16.54%
      ⭐ New Best! (Model saving disabled to save space)
   📅 Epoch 3 | Loss: 2.5804 | Val Accuracy: 25.09%
      ⭐ New Best! (Model saving disabled to save space)
   📅 Epoch 4 | Loss: 2.5194 | Val Accuracy: 32.34%
      ⭐ New Best! (Model saving disabled to save space)
   📅 Epoch 5 | Loss: 2.4653 | Val Accuracy: 38.29%
      ⭐ New Best! (Model saving disabled to save space)
   📅 Epoch 6 | Loss: 2.4124 | Val Accuracy: 43.31%
      ⭐ New Best! (Model saving disabled to save space)
   📅 Epoch 7 | Loss: 2.3600 | Val Accuracy: 47.40%
      ⭐ New Best! (Model saving disabled to save space)
   📅 Epoch 8 | Loss: 2.3118 | Val Accuracy: 51.05%
      ⭐ New Best! (Model saving disabled to save space)
   📅 Epoch 9 | Loss: 2.2634 | Val Accuracy: 53.04%
      ⭐ New Best! (Model saving disabled to save space)
   📅 Epoch 10 | Loss: 2.2196 | Val Accuracy: 55.02%
      ⭐ New Best! (Model saving disabled to save space)
   📅 Epoch 11 | Loss: 2.1639 | Val Accuracy: 56.44%
      ⭐ New Best! (Model saving disabled to save space)
   📅 Epoch 12 | Loss: 2.1319 | Val Accuracy: 58.43%
      ⭐ New Best! (Model saving disabled to save space)
   📅 Epoch 13 | Loss: 2.0886 | Val Accuracy: 59.48%
      ⭐ New Best! (Model saving disabled to save space)
   📅 Epoch 14 | Loss: 2.0439 | Val Accuracy: 61.40%
      ⭐ New Best! (Model saving disabled to save space)
   📅 Epoch 15 | Loss: 2.0057 | Val Accuracy: 61.65%
      ⭐ New Best! (Model saving disabled to save space)
   📅 Epoch 16 | Loss: 1.9784 | Val Accuracy: 62.89%
      ⭐ New Best! (Model saving disabled to save space)
   📅 Epoch 17 | Loss: 1.9310 | Val Accuracy: 63.51%
      ⭐ New Best! (Model saving disabled to save space)
   📅 Epoch 18 | Loss: 1.8990 | Val Accuracy: 64.19%
      ⭐ New Best! (Model saving disabled to save space)
   📅 Epoch 19 | Loss: 1.8570 | Val Accuracy: 64.75%
      ⭐ New Best! (Model saving disabled to save space)
   📅 Epoch 20 | Loss: 1.8344 | Val Accuracy: 65.61%
      ⭐ New Best! (Model saving disabled to save space)
   📅 Epoch 21 | Loss: 1.8002 | Val Accuracy: 65.86%
      ⭐ New Best! (Model saving disabled to save space)
   📅 Epoch 22 | Loss: 1.7764 | Val Accuracy: 66.73%
      ⭐ New Best! (Model saving disabled to save space)
   📅 Epoch 23 | Loss: 1.7398 | Val Accuracy: 67.29%
      ⭐ New Best! (Model saving disabled to save space)
   📅 Epoch 24 | Loss: 1.7109 | Val Accuracy: 67.47%
      ⭐ New Best! (Model saving disabled to save space)
   📅 Epoch 25 | Loss: 1.6886 | Val Accuracy: 67.60%
      ⭐ New Best! (Model saving disabled to save space)
   📅 Epoch 26 | Loss: 1.6587 | Val Accuracy: 67.97%
      ⭐ New Best! (Model saving disabled to save space)
   📅 Epoch 27 | Loss: 1.6403 | Val Accuracy: 68.34%
      ⭐ New Best! (Model saving disabled to save space)
   📅 Epoch 28 | Loss: 1.6104 | Val Accuracy: 68.53%
      ⭐ New Best! (Model saving disabled to save space)
   📅 Epoch 29 | Loss: 1.5879 | Val Accuracy: 68.28%
   📅 Epoch 30 | Loss: 1.5686 | Val Accuracy: 68.90%
      ⭐ New Best! (Model saving disabled to save space)
   📅 Epoch 31 | Loss: 1.5344 | Val Accuracy: 69.27%
      ⭐ New Best! (Model saving disabled to save space)
   📅 Epoch 32 | Loss: 1.5256 | Val Accuracy: 69.21%
   📅 Epoch 33 | Loss: 1.4956 | Val Accuracy: 69.33%
      ⭐ New Best! (Model saving disabled to save space)
   📅 Epoch 34 | Loss: 1.4898 | Val Accuracy: 69.39%
      ⭐ New Best! (Model saving disabled to save space)
   📅 Epoch 35 | Loss: 1.4589 | Val Accuracy: 69.64%
      ⭐ New Best! (Model saving disabled to save space)
   📅 Epoch 36 | Loss: 1.4423 | Val Accuracy: 69.83%
      ⭐ New Best! (Model saving disabled to save space)
   📅 Epoch 37 | Loss: 1.4282 | Val Accuracy: 70.20%
      ⭐ New Best! (Model saving disabled to save space)
   📅 Epoch 38 | Loss: 1.4015 | Val Accuracy: 70.45%
      ⭐ New Best! (Model saving disabled to save space)
   📅 Epoch 39 | Loss: 1.3871 | Val Accuracy: 70.63%
      ⭐ New Best! (Model saving disabled to save space)
   📅 Epoch 40 | Loss: 1.3751 | Val Accuracy: 70.69%
      ⭐ New Best! (Model saving disabled to save space)
   📅 Epoch 41 | Loss: 1.3632 | Val Accuracy: 70.69%
   📅 Epoch 42 | Loss: 1.3316 | Val Accuracy: 70.94%
      ⭐ New Best! (Model saving disabled to save space)
   📅 Epoch 43 | Loss: 1.3256 | Val Accuracy: 71.44%
      ⭐ New Best! (Model saving disabled to save space)
   📅 Epoch 44 | Loss: 1.3067 | Val Accuracy: 71.62%
      ⭐ New Best! (Model saving disabled to save space)
   📅 Epoch 45 | Loss: 1.2857 | Val Accuracy: 71.87%
      ⭐ New Best! (Model saving disabled to save space)
   📅 Epoch 46 | Loss: 1.2905 | Val Accuracy: 71.87%
   📅 Epoch 47 | Loss: 1.2630 | Val Accuracy: 72.12%
      ⭐ New Best! (Model saving disabled to save space)
   📅 Epoch 48 | Loss: 1.2527 | Val Accuracy: 72.30%
      ⭐ New Best! (Model saving disabled to save space)
   📅 Epoch 49 | Loss: 1.2413 | Val Accuracy: 72.30%
   📅 Epoch 50 | Loss: 1.2258 | Val Accuracy: 72.37%
      ⭐ New Best! (Model saving disabled to save space)

========================================
🏆 Best Val Accuracy: 72.37%
💾 Best Checkpoint: ./checkpoints/linear_mb-domars16k_dinov3_lvd_lr1e-05_concat_3.pth
========================================

