
============================================================
📄 Log File: ./logs/linear_records/mb-domars16k_openclip_frac0.05x_lr0.0001_concat_3.log
⏰ Time: 2026-04-14 03:03:08
============================================================

🚀 Training openclip on mb-domars16k | Mode: LINEAR | LR: 0.0001
   📂 [TRAIN] Loading 1 shards...
   ✅ Loaded 565 samples.
   📂 [TEST] Loading 1 shards...
   ✅ Loaded 1614 samples.
   ⚙️  Config: Workers=8, BS=64, SmallData=False

>>> Loading Model: openclip (transformers_clip)

   🔍 [Structure Check] openclip Output Analysis:
      Type: Tuple (len=2)
      Item 0: Shape (1, 1024)
      Item 1: Shape (1, 256, 1024)
      ✅ Identified: CLS=True, Patch=True
      👉 Final Strategy: concat_3 | Input Dim: 3072
   ❄️  Mode: Linear Probe (Backbone Frozen)
   ⚡ AMP Precision: torch.bfloat16
   🔄 Training Start... (Epochs: 50, Patience: 8)
   📅 Epoch 1 | Loss: 2.9118 | Val Accuracy: 20.26%
      ⭐ New Best! (Model saving disabled to save space)
   📅 Epoch 2 | Loss: 2.6111 | Val Accuracy: 17.47%
   📅 Epoch 3 | Loss: 2.4581 | Val Accuracy: 31.35%
      ⭐ New Best! (Model saving disabled to save space)
   📅 Epoch 4 | Loss: 2.3316 | Val Accuracy: 39.59%
      ⭐ New Best! (Model saving disabled to save space)
   📅 Epoch 5 | Loss: 2.2117 | Val Accuracy: 43.43%
      ⭐ New Best! (Model saving disabled to save space)
   📅 Epoch 6 | Loss: 2.1128 | Val Accuracy: 42.81%
   📅 Epoch 7 | Loss: 2.0394 | Val Accuracy: 56.13%
      ⭐ New Best! (Model saving disabled to save space)
   📅 Epoch 8 | Loss: 1.9611 | Val Accuracy: 58.24%
      ⭐ New Best! (Model saving disabled to save space)
   📅 Epoch 9 | Loss: 1.8608 | Val Accuracy: 55.89%
   📅 Epoch 10 | Loss: 1.8180 | Val Accuracy: 60.78%
      ⭐ New Best! (Model saving disabled to save space)
   📅 Epoch 11 | Loss: 1.7128 | Val Accuracy: 61.40%
      ⭐ New Best! (Model saving disabled to save space)
   📅 Epoch 12 | Loss: 1.6740 | Val Accuracy: 62.14%
      ⭐ New Best! (Model saving disabled to save space)
   📅 Epoch 13 | Loss: 1.6257 | Val Accuracy: 64.50%
      ⭐ New Best! (Model saving disabled to save space)
   📅 Epoch 14 | Loss: 1.5853 | Val Accuracy: 64.62%
      ⭐ New Best! (Model saving disabled to save space)
   📅 Epoch 15 | Loss: 1.5171 | Val Accuracy: 63.82%
   📅 Epoch 16 | Loss: 1.4770 | Val Accuracy: 67.16%
      ⭐ New Best! (Model saving disabled to save space)
   📅 Epoch 17 | Loss: 1.4348 | Val Accuracy: 68.03%
      ⭐ New Best! (Model saving disabled to save space)
   📅 Epoch 18 | Loss: 1.4173 | Val Accuracy: 65.61%
   📅 Epoch 19 | Loss: 1.4047 | Val Accuracy: 67.41%
   📅 Epoch 20 | Loss: 1.3704 | Val Accuracy: 66.36%
   📅 Epoch 21 | Loss: 1.3094 | Val Accuracy: 66.54%
   📅 Epoch 22 | Loss: 1.2585 | Val Accuracy: 69.95%
      ⭐ New Best! (Model saving disabled to save space)
   📅 Epoch 23 | Loss: 1.2559 | Val Accuracy: 70.82%
      ⭐ New Best! (Model saving disabled to save space)
   📅 Epoch 24 | Loss: 1.2410 | Val Accuracy: 68.77%
   📅 Epoch 25 | Loss: 1.2095 | Val Accuracy: 69.33%
   📅 Epoch 26 | Loss: 1.2105 | Val Accuracy: 67.78%
   📅 Epoch 27 | Loss: 1.1703 | Val Accuracy: 71.38%
      ⭐ New Best! (Model saving disabled to save space)
   📅 Epoch 28 | Loss: 1.1833 | Val Accuracy: 70.45%
   📅 Epoch 29 | Loss: 1.1464 | Val Accuracy: 68.65%
   📅 Epoch 30 | Loss: 1.0845 | Val Accuracy: 69.45%
   📅 Epoch 31 | Loss: 1.1076 | Val Accuracy: 70.88%
   📅 Epoch 32 | Loss: 1.0577 | Val Accuracy: 69.83%
   📅 Epoch 33 | Loss: 1.0363 | Val Accuracy: 70.63%
   📅 Epoch 34 | Loss: 1.0616 | Val Accuracy: 71.87%
      ⭐ New Best! (Model saving disabled to save space)
   📅 Epoch 35 | Loss: 1.0419 | Val Accuracy: 72.74%
      ⭐ New Best! (Model saving disabled to save space)
   📅 Epoch 36 | Loss: 1.0450 | Val Accuracy: 71.00%
   📅 Epoch 37 | Loss: 1.0100 | Val Accuracy: 72.99%
      ⭐ New Best! (Model saving disabled to save space)
   📅 Epoch 38 | Loss: 1.0062 | Val Accuracy: 72.30%
   📅 Epoch 39 | Loss: 0.9838 | Val Accuracy: 72.74%
   📅 Epoch 40 | Loss: 0.9699 | Val Accuracy: 73.23%
      ⭐ New Best! (Model saving disabled to save space)
   📅 Epoch 41 | Loss: 0.9143 | Val Accuracy: 72.55%
   📅 Epoch 42 | Loss: 0.9769 | Val Accuracy: 73.67%
      ⭐ New Best! (Model saving disabled to save space)
   📅 Epoch 43 | Loss: 0.9649 | Val Accuracy: 73.17%
   📅 Epoch 44 | Loss: 0.9445 | Val Accuracy: 73.48%
   📅 Epoch 45 | Loss: 0.9053 | Val Accuracy: 74.10%
      ⭐ New Best! (Model saving disabled to save space)
   📅 Epoch 46 | Loss: 0.9289 | Val Accuracy: 73.36%
   📅 Epoch 47 | Loss: 0.9124 | Val Accuracy: 74.16%
      ⭐ New Best! (Model saving disabled to save space)
   📅 Epoch 48 | Loss: 0.8765 | Val Accuracy: 73.54%
   📅 Epoch 49 | Loss: 0.8951 | Val Accuracy: 75.22%
      ⭐ New Best! (Model saving disabled to save space)
   📅 Epoch 50 | Loss: 0.8425 | Val Accuracy: 75.03%

========================================
🏆 Best Val Accuracy: 75.22%
💾 Best Checkpoint: ./checkpoints/linear_mb-domars16k_openclip_lr0.0001_concat_3.pth
========================================

