
============================================================
📄 Log File: ./logs/linear_records/mb-domars16k_openclip_frac0.50x_lr0.0001_concat_3.log
⏰ Time: 2026-04-14 02:28:41
============================================================

🚀 Training openclip on mb-domars16k | Mode: LINEAR | LR: 0.0001
   📂 [TRAIN] Loading 1 shards...
   ✅ Loaded 5652 samples.
   📂 [TEST] Loading 1 shards...
   ✅ Loaded 1614 samples.
   ⚙️  Config: Workers=8, BS=64, SmallData=False

>>> Loading Model: openclip (transformers_clip)

   🔍 [Structure Check] openclip Output Analysis:
      Type: Tuple (len=2)
      Item 0: Shape (1, 1024)
      Item 1: Shape (1, 256, 1024)
      ✅ Identified: CLS=True, Patch=True
      👉 Final Strategy: concat_3 | Input Dim: 3072
   ❄️  Mode: Linear Probe (Backbone Frozen)
   ⚡ AMP Precision: torch.bfloat16
   🔄 Training Start... (Epochs: 50, Patience: 8)
   📅 Epoch 1 | Loss: 2.2138 | Val Accuracy: 60.47%
      ⭐ New Best! (Model saving disabled to save space)
   📅 Epoch 2 | Loss: 1.5383 | Val Accuracy: 68.59%
      ⭐ New Best! (Model saving disabled to save space)
   📅 Epoch 3 | Loss: 1.2534 | Val Accuracy: 70.38%
      ⭐ New Best! (Model saving disabled to save space)
   📅 Epoch 4 | Loss: 1.0956 | Val Accuracy: 74.23%
      ⭐ New Best! (Model saving disabled to save space)
   📅 Epoch 5 | Loss: 0.9891 | Val Accuracy: 76.21%
      ⭐ New Best! (Model saving disabled to save space)
   📅 Epoch 6 | Loss: 0.9261 | Val Accuracy: 77.63%
      ⭐ New Best! (Model saving disabled to save space)
   📅 Epoch 7 | Loss: 0.8724 | Val Accuracy: 78.19%
      ⭐ New Best! (Model saving disabled to save space)
   📅 Epoch 8 | Loss: 0.8324 | Val Accuracy: 77.76%
   📅 Epoch 9 | Loss: 0.7992 | Val Accuracy: 80.17%
      ⭐ New Best! (Model saving disabled to save space)
   📅 Epoch 10 | Loss: 0.7668 | Val Accuracy: 80.73%
      ⭐ New Best! (Model saving disabled to save space)
   📅 Epoch 11 | Loss: 0.7453 | Val Accuracy: 80.24%
   📅 Epoch 12 | Loss: 0.7455 | Val Accuracy: 81.04%
      ⭐ New Best! (Model saving disabled to save space)
   📅 Epoch 13 | Loss: 0.7050 | Val Accuracy: 81.72%
      ⭐ New Best! (Model saving disabled to save space)
   📅 Epoch 14 | Loss: 0.7077 | Val Accuracy: 80.42%
   📅 Epoch 15 | Loss: 0.6916 | Val Accuracy: 81.54%
   📅 Epoch 16 | Loss: 0.6691 | Val Accuracy: 81.78%
      ⭐ New Best! (Model saving disabled to save space)
   📅 Epoch 17 | Loss: 0.6685 | Val Accuracy: 81.60%
   📅 Epoch 18 | Loss: 0.6552 | Val Accuracy: 82.84%
      ⭐ New Best! (Model saving disabled to save space)
   📅 Epoch 19 | Loss: 0.6368 | Val Accuracy: 82.28%
   📅 Epoch 20 | Loss: 0.6277 | Val Accuracy: 82.03%
   📅 Epoch 21 | Loss: 0.6230 | Val Accuracy: 82.65%
   📅 Epoch 22 | Loss: 0.6244 | Val Accuracy: 82.96%
      ⭐ New Best! (Model saving disabled to save space)
   📅 Epoch 23 | Loss: 0.6184 | Val Accuracy: 82.78%
   📅 Epoch 24 | Loss: 0.6125 | Val Accuracy: 83.95%
      ⭐ New Best! (Model saving disabled to save space)
   📅 Epoch 25 | Loss: 0.6074 | Val Accuracy: 83.33%
   📅 Epoch 26 | Loss: 0.5953 | Val Accuracy: 83.64%
   📅 Epoch 27 | Loss: 0.5803 | Val Accuracy: 83.58%
   📅 Epoch 28 | Loss: 0.5781 | Val Accuracy: 84.39%
      ⭐ New Best! (Model saving disabled to save space)
   📅 Epoch 29 | Loss: 0.5821 | Val Accuracy: 83.83%
   📅 Epoch 30 | Loss: 0.5683 | Val Accuracy: 83.83%
   📅 Epoch 31 | Loss: 0.5610 | Val Accuracy: 84.63%
      ⭐ New Best! (Model saving disabled to save space)
   📅 Epoch 32 | Loss: 0.5555 | Val Accuracy: 83.77%
   📅 Epoch 33 | Loss: 0.5627 | Val Accuracy: 84.20%
   📅 Epoch 34 | Loss: 0.5551 | Val Accuracy: 84.76%
      ⭐ New Best! (Model saving disabled to save space)
   📅 Epoch 35 | Loss: 0.5579 | Val Accuracy: 84.88%
      ⭐ New Best! (Model saving disabled to save space)
   📅 Epoch 36 | Loss: 0.5452 | Val Accuracy: 84.08%
   📅 Epoch 37 | Loss: 0.5603 | Val Accuracy: 84.39%
   📅 Epoch 38 | Loss: 0.5418 | Val Accuracy: 84.20%
   📅 Epoch 39 | Loss: 0.5262 | Val Accuracy: 84.82%
   📅 Epoch 40 | Loss: 0.5264 | Val Accuracy: 85.13%
      ⭐ New Best! (Model saving disabled to save space)
   📅 Epoch 41 | Loss: 0.5303 | Val Accuracy: 85.07%
   📅 Epoch 42 | Loss: 0.5246 | Val Accuracy: 84.70%
   📅 Epoch 43 | Loss: 0.5172 | Val Accuracy: 85.19%
      ⭐ New Best! (Model saving disabled to save space)
   📅 Epoch 44 | Loss: 0.5095 | Val Accuracy: 84.82%
   📅 Epoch 45 | Loss: 0.5246 | Val Accuracy: 85.01%
   📅 Epoch 46 | Loss: 0.5147 | Val Accuracy: 84.76%
   📅 Epoch 47 | Loss: 0.5048 | Val Accuracy: 84.76%
   📅 Epoch 48 | Loss: 0.5029 | Val Accuracy: 85.25%
      ⭐ New Best! (Model saving disabled to save space)
   📅 Epoch 49 | Loss: 0.5106 | Val Accuracy: 85.19%
   📅 Epoch 50 | Loss: 0.5165 | Val Accuracy: 84.88%

========================================
🏆 Best Val Accuracy: 85.25%
💾 Best Checkpoint: ./checkpoints/linear_mb-domars16k_openclip_lr0.0001_concat_3.pth
========================================

