
============================================================
📄 Log File: ./logs/linear_records_new/mb-domars16k_dinov3_lvd_frac0.01x_lr1e-05_concat_3.log
⏰ Time: 2026-04-15 18:39:40
============================================================

🚀 Training dinov3_lvd on mb-domars16k | Mode: LINEAR | LR: 1e-05
   📂 [TRAIN] Loading 1 shards...
   ✅ Loaded 113 samples.
   📂 [TEST] Loading 1 shards...
   ✅ Loaded 1614 samples.
   ⚙️  Config: Workers=0, BS=64, SmallData=True

>>> Loading Model: dinov3_lvd (dinov3_hub)
  ℹ️  DINOv3 Config: in_chans=3
   🔍 Auditing weights for [dinov3_lvd]...
   ✅ [PERFECT MATCH] 368/368 layers loaded (100.0%)

   🔍 [Structure Check] dinov3_lvd Output Analysis:
      Type: Tuple (len=2)
      Item 0: Shape (1, 1024)
      Item 1: Shape (1, 256, 1024)
      ✅ Identified: CLS=True, Patch=True
      👉 Final Strategy: concat_3 | Input Dim: 3072
   ❄️  Mode: Linear Probe (Backbone Frozen)
   ⚡ AMP Precision: torch.bfloat16
   🔄 Training Start... (Epochs: 50, Patience: 8)
   📅 Epoch 1 | Loss: 2.6707 | Val Accuracy: 10.04%
      ⭐ New Best! (Model saving disabled to save space)
   📅 Epoch 2 | Loss: 2.7075 | Val Accuracy: 10.22%
      ⭐ New Best! (Model saving disabled to save space)
   📅 Epoch 3 | Loss: 2.6819 | Val Accuracy: 10.47%
      ⭐ New Best! (Model saving disabled to save space)
   📅 Epoch 4 | Loss: 2.7278 | Val Accuracy: 10.59%
      ⭐ New Best! (Model saving disabled to save space)
   📅 Epoch 5 | Loss: 2.7383 | Val Accuracy: 10.84%
      ⭐ New Best! (Model saving disabled to save space)
   📅 Epoch 6 | Loss: 2.6980 | Val Accuracy: 11.40%
      ⭐ New Best! (Model saving disabled to save space)
   📅 Epoch 7 | Loss: 2.6746 | Val Accuracy: 11.59%
      ⭐ New Best! (Model saving disabled to save space)
   📅 Epoch 8 | Loss: 2.6819 | Val Accuracy: 11.83%
      ⭐ New Best! (Model saving disabled to save space)
   📅 Epoch 9 | Loss: 2.6836 | Val Accuracy: 12.33%
      ⭐ New Best! (Model saving disabled to save space)
   📅 Epoch 10 | Loss: 2.6292 | Val Accuracy: 12.39%
      ⭐ New Best! (Model saving disabled to save space)
   📅 Epoch 11 | Loss: 2.6838 | Val Accuracy: 12.64%
      ⭐ New Best! (Model saving disabled to save space)
   📅 Epoch 12 | Loss: 2.6875 | Val Accuracy: 12.76%
      ⭐ New Best! (Model saving disabled to save space)
   📅 Epoch 13 | Loss: 2.7090 | Val Accuracy: 12.95%
      ⭐ New Best! (Model saving disabled to save space)
   📅 Epoch 14 | Loss: 2.6768 | Val Accuracy: 13.14%
      ⭐ New Best! (Model saving disabled to save space)
   📅 Epoch 15 | Loss: 2.6489 | Val Accuracy: 13.26%
      ⭐ New Best! (Model saving disabled to save space)
   📅 Epoch 16 | Loss: 2.6675 | Val Accuracy: 13.32%
      ⭐ New Best! (Model saving disabled to save space)
   📅 Epoch 17 | Loss: 2.6570 | Val Accuracy: 13.32%
   📅 Epoch 18 | Loss: 2.6521 | Val Accuracy: 13.44%
      ⭐ New Best! (Model saving disabled to save space)
   📅 Epoch 19 | Loss: 2.6570 | Val Accuracy: 13.63%
      ⭐ New Best! (Model saving disabled to save space)
   📅 Epoch 20 | Loss: 2.6443 | Val Accuracy: 13.88%
      ⭐ New Best! (Model saving disabled to save space)
   📅 Epoch 21 | Loss: 2.6511 | Val Accuracy: 14.00%
      ⭐ New Best! (Model saving disabled to save space)
   📅 Epoch 22 | Loss: 2.6511 | Val Accuracy: 14.25%
      ⭐ New Best! (Model saving disabled to save space)
   📅 Epoch 23 | Loss: 2.6445 | Val Accuracy: 14.44%
      ⭐ New Best! (Model saving disabled to save space)
   📅 Epoch 24 | Loss: 2.6428 | Val Accuracy: 14.68%
      ⭐ New Best! (Model saving disabled to save space)
   📅 Epoch 25 | Loss: 2.6470 | Val Accuracy: 14.93%
      ⭐ New Best! (Model saving disabled to save space)
   📅 Epoch 26 | Loss: 2.6213 | Val Accuracy: 15.24%
      ⭐ New Best! (Model saving disabled to save space)
   📅 Epoch 27 | Loss: 2.5896 | Val Accuracy: 15.06%
   📅 Epoch 28 | Loss: 2.6204 | Val Accuracy: 15.24%
   📅 Epoch 29 | Loss: 2.6533 | Val Accuracy: 15.24%
   📅 Epoch 30 | Loss: 2.6399 | Val Accuracy: 15.30%
      ⭐ New Best! (Model saving disabled to save space)
   📅 Epoch 31 | Loss: 2.6067 | Val Accuracy: 15.74%
      ⭐ New Best! (Model saving disabled to save space)
   📅 Epoch 32 | Loss: 2.6343 | Val Accuracy: 15.80%
      ⭐ New Best! (Model saving disabled to save space)
   📅 Epoch 33 | Loss: 2.6538 | Val Accuracy: 16.11%
      ⭐ New Best! (Model saving disabled to save space)
   📅 Epoch 34 | Loss: 2.6343 | Val Accuracy: 16.48%
      ⭐ New Best! (Model saving disabled to save space)
   📅 Epoch 35 | Loss: 2.5728 | Val Accuracy: 16.42%
   📅 Epoch 36 | Loss: 2.6106 | Val Accuracy: 16.48%
   📅 Epoch 37 | Loss: 2.5884 | Val Accuracy: 16.60%
      ⭐ New Best! (Model saving disabled to save space)
   📅 Epoch 38 | Loss: 2.5913 | Val Accuracy: 16.98%
      ⭐ New Best! (Model saving disabled to save space)
   📅 Epoch 39 | Loss: 2.6123 | Val Accuracy: 17.29%
      ⭐ New Best! (Model saving disabled to save space)
   📅 Epoch 40 | Loss: 2.6086 | Val Accuracy: 17.66%
      ⭐ New Best! (Model saving disabled to save space)
   📅 Epoch 41 | Loss: 2.5974 | Val Accuracy: 17.78%
      ⭐ New Best! (Model saving disabled to save space)
   📅 Epoch 42 | Loss: 2.5591 | Val Accuracy: 18.03%
      ⭐ New Best! (Model saving disabled to save space)
   📅 Epoch 43 | Loss: 2.5925 | Val Accuracy: 18.46%
      ⭐ New Best! (Model saving disabled to save space)
   📅 Epoch 44 | Loss: 2.5991 | Val Accuracy: 18.40%
   📅 Epoch 45 | Loss: 2.6055 | Val Accuracy: 18.90%
      ⭐ New Best! (Model saving disabled to save space)
   📅 Epoch 46 | Loss: 2.5908 | Val Accuracy: 18.96%
      ⭐ New Best! (Model saving disabled to save space)
   📅 Epoch 47 | Loss: 2.5757 | Val Accuracy: 19.02%
      ⭐ New Best! (Model saving disabled to save space)
   📅 Epoch 48 | Loss: 2.5732 | Val Accuracy: 19.14%
      ⭐ New Best! (Model saving disabled to save space)
   📅 Epoch 49 | Loss: 2.5830 | Val Accuracy: 19.45%
      ⭐ New Best! (Model saving disabled to save space)
   📅 Epoch 50 | Loss: 2.5974 | Val Accuracy: 19.58%
      ⭐ New Best! (Model saving disabled to save space)

========================================
🏆 Best Val Accuracy: 19.58%
💾 Best Checkpoint: ./checkpoints/linear_mb-domars16k_dinov3_lvd_lr1e-05_concat_3.pth
========================================

