
============================================================
📄 Log File: ./logs/linear_records/mb-domars16k_dinov3_lvd_1cha_frac0.50x_lr1e-05_concat_3.log
⏰ Time: 2026-04-14 05:34:32
============================================================

🚀 Training dinov3_lvd_1cha on mb-domars16k | Mode: LINEAR | LR: 1e-05
   📂 [TRAIN] Loading 1 shards...
   ✅ Loaded 5652 samples.
   📂 [TEST] Loading 1 shards...
   ✅ Loaded 1614 samples.
   ⚙️  Config: Workers=8, BS=64, SmallData=False

>>> Loading Model: dinov3_lvd_1cha (dinov3_hub)
   🔍 Auditing weights for [dinov3_lvd_1cha]...
   ✅ [PERFECT MATCH] 368/368 layers loaded (100.0%)

   🔍 [Structure Check] dinov3_lvd_1cha Output Analysis:
      Type: Tuple (len=2)
      Item 0: Shape (1, 1024)
      Item 1: Shape (1, 256, 1024)
      ✅ Identified: CLS=True, Patch=True
      👉 Final Strategy: concat_3 | Input Dim: 3072
   ❄️  Mode: Linear Probe (Backbone Frozen)
   ⚡ AMP Precision: torch.bfloat16
   🔄 Training Start... (Epochs: 50, Patience: 8)
   📅 Epoch 1 | Loss: 2.6518 | Val Accuracy: 22.00%
      ⭐ New Best! (Model saving disabled to save space)
   📅 Epoch 2 | Loss: 2.4992 | Val Accuracy: 42.69%
      ⭐ New Best! (Model saving disabled to save space)
   📅 Epoch 3 | Loss: 2.3660 | Val Accuracy: 51.24%
      ⭐ New Best! (Model saving disabled to save space)
   📅 Epoch 4 | Loss: 2.2447 | Val Accuracy: 57.13%
      ⭐ New Best! (Model saving disabled to save space)
   📅 Epoch 5 | Loss: 2.1306 | Val Accuracy: 61.09%
      ⭐ New Best! (Model saving disabled to save space)
   📅 Epoch 6 | Loss: 2.0321 | Val Accuracy: 63.44%
      ⭐ New Best! (Model saving disabled to save space)
   📅 Epoch 7 | Loss: 1.9391 | Val Accuracy: 65.12%
      ⭐ New Best! (Model saving disabled to save space)
   📅 Epoch 8 | Loss: 1.8535 | Val Accuracy: 66.91%
      ⭐ New Best! (Model saving disabled to save space)
   📅 Epoch 9 | Loss: 1.7740 | Val Accuracy: 67.47%
      ⭐ New Best! (Model saving disabled to save space)
   📅 Epoch 10 | Loss: 1.7054 | Val Accuracy: 68.46%
      ⭐ New Best! (Model saving disabled to save space)
   📅 Epoch 11 | Loss: 1.6399 | Val Accuracy: 69.27%
      ⭐ New Best! (Model saving disabled to save space)
   📅 Epoch 12 | Loss: 1.5819 | Val Accuracy: 69.83%
      ⭐ New Best! (Model saving disabled to save space)
   📅 Epoch 13 | Loss: 1.5298 | Val Accuracy: 70.88%
      ⭐ New Best! (Model saving disabled to save space)
   📅 Epoch 14 | Loss: 1.4715 | Val Accuracy: 71.19%
      ⭐ New Best! (Model saving disabled to save space)
   📅 Epoch 15 | Loss: 1.4348 | Val Accuracy: 71.81%
      ⭐ New Best! (Model saving disabled to save space)
   📅 Epoch 16 | Loss: 1.3933 | Val Accuracy: 71.81%
   📅 Epoch 17 | Loss: 1.3480 | Val Accuracy: 71.69%
   📅 Epoch 18 | Loss: 1.3085 | Val Accuracy: 72.24%
      ⭐ New Best! (Model saving disabled to save space)
   📅 Epoch 19 | Loss: 1.2835 | Val Accuracy: 72.80%
      ⭐ New Best! (Model saving disabled to save space)
   📅 Epoch 20 | Loss: 1.2450 | Val Accuracy: 72.99%
      ⭐ New Best! (Model saving disabled to save space)
   📅 Epoch 21 | Loss: 1.2145 | Val Accuracy: 73.11%
      ⭐ New Best! (Model saving disabled to save space)
   📅 Epoch 22 | Loss: 1.1863 | Val Accuracy: 72.99%
   📅 Epoch 23 | Loss: 1.1654 | Val Accuracy: 73.11%
   📅 Epoch 24 | Loss: 1.1485 | Val Accuracy: 73.61%
      ⭐ New Best! (Model saving disabled to save space)
   📅 Epoch 25 | Loss: 1.1164 | Val Accuracy: 74.04%
      ⭐ New Best! (Model saving disabled to save space)
   📅 Epoch 26 | Loss: 1.0967 | Val Accuracy: 73.79%
   📅 Epoch 27 | Loss: 1.0665 | Val Accuracy: 74.29%
      ⭐ New Best! (Model saving disabled to save space)
   📅 Epoch 28 | Loss: 1.0503 | Val Accuracy: 74.54%
      ⭐ New Best! (Model saving disabled to save space)
   📅 Epoch 29 | Loss: 1.0316 | Val Accuracy: 74.41%
   📅 Epoch 30 | Loss: 1.0200 | Val Accuracy: 74.66%
      ⭐ New Best! (Model saving disabled to save space)
   📅 Epoch 31 | Loss: 1.0022 | Val Accuracy: 74.60%
   📅 Epoch 32 | Loss: 0.9878 | Val Accuracy: 74.97%
      ⭐ New Best! (Model saving disabled to save space)
   📅 Epoch 33 | Loss: 0.9700 | Val Accuracy: 75.46%
      ⭐ New Best! (Model saving disabled to save space)
   📅 Epoch 34 | Loss: 0.9527 | Val Accuracy: 75.40%
   📅 Epoch 35 | Loss: 0.9450 | Val Accuracy: 75.34%
   📅 Epoch 36 | Loss: 0.9355 | Val Accuracy: 75.59%
      ⭐ New Best! (Model saving disabled to save space)
   📅 Epoch 37 | Loss: 0.9188 | Val Accuracy: 75.84%
      ⭐ New Best! (Model saving disabled to save space)
   📅 Epoch 38 | Loss: 0.9163 | Val Accuracy: 76.02%
      ⭐ New Best! (Model saving disabled to save space)
   📅 Epoch 39 | Loss: 0.8983 | Val Accuracy: 76.27%
      ⭐ New Best! (Model saving disabled to save space)
   📅 Epoch 40 | Loss: 0.8901 | Val Accuracy: 76.64%
      ⭐ New Best! (Model saving disabled to save space)
   📅 Epoch 41 | Loss: 0.8703 | Val Accuracy: 76.77%
      ⭐ New Best! (Model saving disabled to save space)
   📅 Epoch 42 | Loss: 0.8713 | Val Accuracy: 76.95%
      ⭐ New Best! (Model saving disabled to save space)
   📅 Epoch 43 | Loss: 0.8605 | Val Accuracy: 77.01%
      ⭐ New Best! (Model saving disabled to save space)
   📅 Epoch 44 | Loss: 0.8570 | Val Accuracy: 77.14%
      ⭐ New Best! (Model saving disabled to save space)
   📅 Epoch 45 | Loss: 0.8357 | Val Accuracy: 77.57%
      ⭐ New Best! (Model saving disabled to save space)
   📅 Epoch 46 | Loss: 0.8332 | Val Accuracy: 77.63%
      ⭐ New Best! (Model saving disabled to save space)
   📅 Epoch 47 | Loss: 0.8249 | Val Accuracy: 77.82%
      ⭐ New Best! (Model saving disabled to save space)
   📅 Epoch 48 | Loss: 0.8169 | Val Accuracy: 77.82%
   📅 Epoch 49 | Loss: 0.8096 | Val Accuracy: 77.88%
      ⭐ New Best! (Model saving disabled to save space)
   📅 Epoch 50 | Loss: 0.8064 | Val Accuracy: 78.00%
      ⭐ New Best! (Model saving disabled to save space)

========================================
🏆 Best Val Accuracy: 78.00%
💾 Best Checkpoint: ./checkpoints/linear_mb-domars16k_dinov3_lvd_1cha_lr1e-05_concat_3.pth
========================================

