
============================================================
📄 Log File: ./logs/linear_records_new/mb-domars16k_dinov2_l14_frac0.05x_lr1e-05_concat_3.log
⏰ Time: 2026-04-14 22:00:03
============================================================

🚀 Training dinov2_l14 on mb-domars16k | Mode: LINEAR | LR: 1e-05
   📂 [TRAIN] Loading 1 shards...
   ✅ Loaded 565 samples.
   📂 [TEST] Loading 1 shards...
   ✅ Loaded 1614 samples.
   ⚙️  Config: Workers=8, BS=64, SmallData=False

>>> Loading Model: dinov2_l14 (dinov2_hub)
   🔍 Auditing weights for [dinov2_l14]...
   ✅ [PERFECT MATCH] 343/343 layers loaded (100.0%)

   🔍 [Structure Check] dinov2_l14 Output Analysis:
      Type: Tuple (len=2)
      Item 0: Shape (1, 1024)
      Item 1: Shape (1, 256, 1024)
      ✅ Identified: CLS=True, Patch=True
      👉 Final Strategy: concat_3 | Input Dim: 3072
   ❄️  Mode: Linear Probe (Backbone Frozen)
   ⚡ AMP Precision: torch.bfloat16
   🔄 Training Start... (Epochs: 50, Patience: 8)
   📅 Epoch 1 | Loss: 2.7757 | Val Accuracy: 7.74%
      ⭐ New Best! (Model saving disabled to save space)
   📅 Epoch 2 | Loss: 2.7479 | Val Accuracy: 8.67%
      ⭐ New Best! (Model saving disabled to save space)
   📅 Epoch 3 | Loss: 2.7108 | Val Accuracy: 9.54%
      ⭐ New Best! (Model saving disabled to save space)
   📅 Epoch 4 | Loss: 2.7061 | Val Accuracy: 10.16%
      ⭐ New Best! (Model saving disabled to save space)
   📅 Epoch 5 | Loss: 2.6932 | Val Accuracy: 11.09%
      ⭐ New Best! (Model saving disabled to save space)
   📅 Epoch 6 | Loss: 2.6593 | Val Accuracy: 11.90%
      ⭐ New Best! (Model saving disabled to save space)
   📅 Epoch 7 | Loss: 2.6679 | Val Accuracy: 12.76%
      ⭐ New Best! (Model saving disabled to save space)
   📅 Epoch 8 | Loss: 2.6736 | Val Accuracy: 13.69%
      ⭐ New Best! (Model saving disabled to save space)
   📅 Epoch 9 | Loss: 2.6452 | Val Accuracy: 14.81%
      ⭐ New Best! (Model saving disabled to save space)
   📅 Epoch 10 | Loss: 2.6465 | Val Accuracy: 14.93%
      ⭐ New Best! (Model saving disabled to save space)
   📅 Epoch 11 | Loss: 2.6393 | Val Accuracy: 15.68%
      ⭐ New Best! (Model saving disabled to save space)
   📅 Epoch 12 | Loss: 2.6283 | Val Accuracy: 16.17%
      ⭐ New Best! (Model saving disabled to save space)
   📅 Epoch 13 | Loss: 2.6350 | Val Accuracy: 16.73%
      ⭐ New Best! (Model saving disabled to save space)
   📅 Epoch 14 | Loss: 2.6257 | Val Accuracy: 17.41%
      ⭐ New Best! (Model saving disabled to save space)
   📅 Epoch 15 | Loss: 2.6057 | Val Accuracy: 17.53%
      ⭐ New Best! (Model saving disabled to save space)
   📅 Epoch 16 | Loss: 2.6188 | Val Accuracy: 19.21%
      ⭐ New Best! (Model saving disabled to save space)
   📅 Epoch 17 | Loss: 2.6041 | Val Accuracy: 19.83%
      ⭐ New Best! (Model saving disabled to save space)
   📅 Epoch 18 | Loss: 2.5964 | Val Accuracy: 19.39%
   📅 Epoch 19 | Loss: 2.5943 | Val Accuracy: 20.01%
      ⭐ New Best! (Model saving disabled to save space)
   📅 Epoch 20 | Loss: 2.5849 | Val Accuracy: 20.69%
      ⭐ New Best! (Model saving disabled to save space)
   📅 Epoch 21 | Loss: 2.5822 | Val Accuracy: 20.88%
      ⭐ New Best! (Model saving disabled to save space)
   📅 Epoch 22 | Loss: 2.5621 | Val Accuracy: 21.38%
      ⭐ New Best! (Model saving disabled to save space)
   📅 Epoch 23 | Loss: 2.5759 | Val Accuracy: 22.37%
      ⭐ New Best! (Model saving disabled to save space)
   📅 Epoch 24 | Loss: 2.5608 | Val Accuracy: 23.17%
      ⭐ New Best! (Model saving disabled to save space)
   📅 Epoch 25 | Loss: 2.5466 | Val Accuracy: 24.29%
      ⭐ New Best! (Model saving disabled to save space)
   📅 Epoch 26 | Loss: 2.5464 | Val Accuracy: 25.59%
      ⭐ New Best! (Model saving disabled to save space)
   📅 Epoch 27 | Loss: 2.5463 | Val Accuracy: 26.21%
      ⭐ New Best! (Model saving disabled to save space)
   📅 Epoch 28 | Loss: 2.5360 | Val Accuracy: 26.33%
      ⭐ New Best! (Model saving disabled to save space)
   📅 Epoch 29 | Loss: 2.5511 | Val Accuracy: 26.33%
   📅 Epoch 30 | Loss: 2.5257 | Val Accuracy: 26.77%
      ⭐ New Best! (Model saving disabled to save space)
   📅 Epoch 31 | Loss: 2.5173 | Val Accuracy: 27.20%
      ⭐ New Best! (Model saving disabled to save space)
   📅 Epoch 32 | Loss: 2.5156 | Val Accuracy: 26.89%
   📅 Epoch 33 | Loss: 2.5151 | Val Accuracy: 27.45%
      ⭐ New Best! (Model saving disabled to save space)
   📅 Epoch 34 | Loss: 2.5090 | Val Accuracy: 27.01%
   📅 Epoch 35 | Loss: 2.5075 | Val Accuracy: 27.63%
      ⭐ New Best! (Model saving disabled to save space)
   📅 Epoch 36 | Loss: 2.4989 | Val Accuracy: 28.50%
      ⭐ New Best! (Model saving disabled to save space)
   📅 Epoch 37 | Loss: 2.4799 | Val Accuracy: 29.00%
      ⭐ New Best! (Model saving disabled to save space)
   📅 Epoch 38 | Loss: 2.4921 | Val Accuracy: 30.48%
      ⭐ New Best! (Model saving disabled to save space)
   📅 Epoch 39 | Loss: 2.4847 | Val Accuracy: 31.10%
      ⭐ New Best! (Model saving disabled to save space)
   📅 Epoch 40 | Loss: 2.4543 | Val Accuracy: 30.86%
   📅 Epoch 41 | Loss: 2.4743 | Val Accuracy: 31.35%
      ⭐ New Best! (Model saving disabled to save space)
   📅 Epoch 42 | Loss: 2.4661 | Val Accuracy: 31.85%
      ⭐ New Best! (Model saving disabled to save space)
   📅 Epoch 43 | Loss: 2.4575 | Val Accuracy: 32.53%
      ⭐ New Best! (Model saving disabled to save space)
   📅 Epoch 44 | Loss: 2.4642 | Val Accuracy: 33.40%
      ⭐ New Best! (Model saving disabled to save space)
   📅 Epoch 45 | Loss: 2.4465 | Val Accuracy: 33.77%
      ⭐ New Best! (Model saving disabled to save space)
   📅 Epoch 46 | Loss: 2.4502 | Val Accuracy: 34.26%
      ⭐ New Best! (Model saving disabled to save space)
   📅 Epoch 47 | Loss: 2.4324 | Val Accuracy: 34.45%
      ⭐ New Best! (Model saving disabled to save space)
   📅 Epoch 48 | Loss: 2.4283 | Val Accuracy: 35.44%
      ⭐ New Best! (Model saving disabled to save space)
   📅 Epoch 49 | Loss: 2.4112 | Val Accuracy: 35.19%
   📅 Epoch 50 | Loss: 2.4107 | Val Accuracy: 34.20%

========================================
🏆 Best Val Accuracy: 35.44%
💾 Best Checkpoint: ./checkpoints/linear_mb-domars16k_dinov2_l14_lr1e-05_concat_3.pth
========================================

