
============================================================
📄 Log File: ./logs/linear_records/mb-domars16k_openclip_frac0.20x_lr0.001_concat_3.log
⏰ Time: 2026-04-14 02:22:55
============================================================

🚀 Training openclip on mb-domars16k | Mode: LINEAR | LR: 0.001
   📂 [TRAIN] Loading 1 shards...
   ✅ Loaded 2261 samples.
   📂 [TEST] Loading 1 shards...
   ✅ Loaded 1614 samples.
   ⚙️  Config: Workers=8, BS=64, SmallData=False

>>> Loading Model: openclip (transformers_clip)

   🔍 [Structure Check] openclip Output Analysis:
      Type: Tuple (len=2)
      Item 0: Shape (1, 1024)
      Item 1: Shape (1, 256, 1024)
      ✅ Identified: CLS=True, Patch=True
      👉 Final Strategy: concat_3 | Input Dim: 3072
   ❄️  Mode: Linear Probe (Backbone Frozen)
   ⚡ AMP Precision: torch.bfloat16
   🔄 Training Start... (Epochs: 50, Patience: 8)
   📅 Epoch 1 | Loss: 2.0449 | Val Accuracy: 62.58%
      ⭐ New Best! (Model saving disabled to save space)
   📅 Epoch 2 | Loss: 1.0491 | Val Accuracy: 74.04%
      ⭐ New Best! (Model saving disabled to save space)
   📅 Epoch 3 | Loss: 0.8723 | Val Accuracy: 75.03%
      ⭐ New Best! (Model saving disabled to save space)
   📅 Epoch 4 | Loss: 0.8261 | Val Accuracy: 76.58%
      ⭐ New Best! (Model saving disabled to save space)
   📅 Epoch 5 | Loss: 0.8077 | Val Accuracy: 75.34%
   📅 Epoch 6 | Loss: 0.7764 | Val Accuracy: 76.27%
   📅 Epoch 7 | Loss: 0.7203 | Val Accuracy: 78.31%
      ⭐ New Best! (Model saving disabled to save space)
   📅 Epoch 8 | Loss: 0.6691 | Val Accuracy: 76.77%
   📅 Epoch 9 | Loss: 0.6446 | Val Accuracy: 81.54%
      ⭐ New Best! (Model saving disabled to save space)
   📅 Epoch 10 | Loss: 0.6153 | Val Accuracy: 80.24%
   📅 Epoch 11 | Loss: 0.6176 | Val Accuracy: 82.40%
      ⭐ New Best! (Model saving disabled to save space)
   📅 Epoch 12 | Loss: 0.6356 | Val Accuracy: 76.39%
   📅 Epoch 13 | Loss: 0.6456 | Val Accuracy: 84.08%
      ⭐ New Best! (Model saving disabled to save space)
   📅 Epoch 14 | Loss: 0.5675 | Val Accuracy: 81.29%
   📅 Epoch 15 | Loss: 0.5654 | Val Accuracy: 79.99%
   📅 Epoch 16 | Loss: 0.5678 | Val Accuracy: 80.24%
   📅 Epoch 17 | Loss: 0.5335 | Val Accuracy: 82.53%
   📅 Epoch 18 | Loss: 0.5304 | Val Accuracy: 79.06%
   📅 Epoch 19 | Loss: 0.5665 | Val Accuracy: 81.23%
   📅 Epoch 20 | Loss: 0.5194 | Val Accuracy: 76.77%
   📅 Epoch 21 | Loss: 0.5423 | Val Accuracy: 81.85%

   🛑 Early Stopping triggered after 8 epochs.

========================================
🏆 Best Val Accuracy: 84.08%
💾 Best Checkpoint: ./checkpoints/linear_mb-domars16k_openclip_lr0.001_concat_3.pth
========================================

