
============================================================
📄 Log File: ./logs/linear_records/mb-domars16k_dinov3_sat_1cha_lr0.0001_concat_3.log
⏰ Time: 2026-04-02 06:26:17
============================================================

🚀 Training dinov3_sat_1cha on mb-domars16k | Mode: LINEAR | LR: 0.0001
   📂 [TRAIN] Loading 1 shards...
   ✅ Loaded 11305 samples.
   📂 [TEST] Loading 1 shards...
   ✅ Loaded 1614 samples.
   ⚙️  Config: Workers=8, BS=256, SmallData=False

>>> Loading Model: dinov3_sat_1cha (dinov3_hub)
   🔍 Auditing weights for [dinov3_sat_1cha]...
   ✅ [PERFECT MATCH] 368/368 layers loaded (100.0%)

   🔍 [Structure Check] dinov3_sat_1cha Output Analysis:
      Type: Tuple (len=2)
      Item 0: Shape (1, 1024)
      Item 1: Shape (1, 256, 1024)
      ✅ Identified: CLS=True, Patch=True
      👉 Final Strategy: concat_3 | Input Dim: 3072
   ❄️  Mode: Linear Probe (Backbone Frozen)
   🚀 Compiling model with torch.compile...
   ⚡ AMP Precision: torch.bfloat16
   🔄 Training Start... (Epochs: 40, Patience: 5)
   📅 Epoch 1 | Loss: 2.4536 | Val Accuracy: 49.88%
      ⭐ New Best! Saved.
   📅 Epoch 2 | Loss: 2.0398 | Val Accuracy: 63.44%
      ⭐ New Best! Saved.
   📅 Epoch 3 | Loss: 1.7368 | Val Accuracy: 67.91%
      ⭐ New Best! Saved.
   📅 Epoch 4 | Loss: 1.5135 | Val Accuracy: 70.51%
      ⭐ New Best! Saved.
   📅 Epoch 5 | Loss: 1.3615 | Val Accuracy: 71.87%
      ⭐ New Best! Saved.
   📅 Epoch 6 | Loss: 1.2398 | Val Accuracy: 74.78%
      ⭐ New Best! Saved.
   📅 Epoch 7 | Loss: 1.1454 | Val Accuracy: 75.77%
      ⭐ New Best! Saved.
   📅 Epoch 8 | Loss: 1.0718 | Val Accuracy: 76.27%
      ⭐ New Best! Saved.
   📅 Epoch 9 | Loss: 1.0075 | Val Accuracy: 76.89%
      ⭐ New Best! Saved.
   📅 Epoch 10 | Loss: 0.9605 | Val Accuracy: 77.94%
      ⭐ New Best! Saved.
   📅 Epoch 11 | Loss: 0.9155 | Val Accuracy: 78.00%
      ⭐ New Best! Saved.
   📅 Epoch 12 | Loss: 0.8832 | Val Accuracy: 78.81%
      ⭐ New Best! Saved.
   📅 Epoch 13 | Loss: 0.8478 | Val Accuracy: 78.69%
   📅 Epoch 14 | Loss: 0.8232 | Val Accuracy: 79.37%
      ⭐ New Best! Saved.
   📅 Epoch 15 | Loss: 0.7958 | Val Accuracy: 79.31%
   📅 Epoch 16 | Loss: 0.7743 | Val Accuracy: 80.48%
      ⭐ New Best! Saved.
   📅 Epoch 17 | Loss: 0.7543 | Val Accuracy: 80.42%
   📅 Epoch 18 | Loss: 0.7328 | Val Accuracy: 80.42%
   📅 Epoch 19 | Loss: 0.7147 | Val Accuracy: 80.73%
      ⭐ New Best! Saved.
   📅 Epoch 20 | Loss: 0.7025 | Val Accuracy: 81.10%
      ⭐ New Best! Saved.
   📅 Epoch 21 | Loss: 0.6878 | Val Accuracy: 81.78%
      ⭐ New Best! Saved.
   📅 Epoch 22 | Loss: 0.6733 | Val Accuracy: 81.66%
   📅 Epoch 23 | Loss: 0.6612 | Val Accuracy: 81.72%
   📅 Epoch 24 | Loss: 0.6435 | Val Accuracy: 82.34%
      ⭐ New Best! Saved.
   📅 Epoch 25 | Loss: 0.6419 | Val Accuracy: 82.28%
   📅 Epoch 26 | Loss: 0.6308 | Val Accuracy: 82.53%
      ⭐ New Best! Saved.
   📅 Epoch 27 | Loss: 0.6274 | Val Accuracy: 82.28%
   📅 Epoch 28 | Loss: 0.6090 | Val Accuracy: 82.28%
   📅 Epoch 29 | Loss: 0.6065 | Val Accuracy: 83.09%
      ⭐ New Best! Saved.
   📅 Epoch 30 | Loss: 0.5945 | Val Accuracy: 82.71%
   📅 Epoch 31 | Loss: 0.5837 | Val Accuracy: 83.33%
      ⭐ New Best! Saved.
   📅 Epoch 32 | Loss: 0.5871 | Val Accuracy: 83.02%
   📅 Epoch 33 | Loss: 0.5753 | Val Accuracy: 83.21%
   📅 Epoch 34 | Loss: 0.5743 | Val Accuracy: 83.52%
      ⭐ New Best! Saved.
   📅 Epoch 35 | Loss: 0.5704 | Val Accuracy: 83.58%
      ⭐ New Best! Saved.
   📅 Epoch 36 | Loss: 0.5559 | Val Accuracy: 83.58%
   📅 Epoch 37 | Loss: 0.5454 | Val Accuracy: 83.58%
   📅 Epoch 38 | Loss: 0.5488 | Val Accuracy: 83.64%
      ⭐ New Best! Saved.
   📅 Epoch 39 | Loss: 0.5444 | Val Accuracy: 83.71%
      ⭐ New Best! Saved.
   📅 Epoch 40 | Loss: 0.5423 | Val Accuracy: 83.71%

========================================
🏆 Best Val Accuracy: 83.71%
💾 Best Checkpoint: ./checkpoints/linear_mb-domars16k_dinov3_sat_1cha_lr0.0001_concat_3.pth
========================================

