
============================================================
📄 Log File: ./logs/linear_records/mb-domars16k_satmae_frac0.20x_lr0.001_concat_3.log
⏰ Time: 2026-04-14 00:56:33
============================================================

🚀 Training satmae on mb-domars16k | Mode: LINEAR | LR: 0.001
   📂 [TRAIN] Loading 1 shards...
   ✅ Loaded 2261 samples.
   📂 [TEST] Loading 1 shards...
   ✅ Loaded 1614 samples.
   ⚙️  Config: Workers=8, BS=64, SmallData=False

>>> Loading Model: satmae (timm_mae)
   ℹ️  Config: in_chans=3
   🔍 Auditing weights for [satmae]...
   ✅ [PERFECT MATCH] 294/294 layers loaded (100.0%)

   🔍 [Structure Check] satmae Output Analysis:
      Type: Tuple (len=2)
      Item 0: Shape (1, 1024)
      Item 1: Shape (1, 196, 1024)
      ✅ Identified: CLS=True, Patch=True
      👉 Final Strategy: concat_3 | Input Dim: 3072
   ❄️  Mode: Linear Probe (Backbone Frozen)
   ⚡ AMP Precision: torch.bfloat16
   🔄 Training Start... (Epochs: 50, Patience: 8)
   📅 Epoch 1 | Loss: 1.9867 | Val Accuracy: 56.57%
      ⭐ New Best! (Model saving disabled to save space)
   📅 Epoch 2 | Loss: 1.3249 | Val Accuracy: 59.98%
      ⭐ New Best! (Model saving disabled to save space)
   📅 Epoch 3 | Loss: 1.1824 | Val Accuracy: 66.17%
      ⭐ New Best! (Model saving disabled to save space)
   📅 Epoch 4 | Loss: 1.0739 | Val Accuracy: 70.07%
      ⭐ New Best! (Model saving disabled to save space)
   📅 Epoch 5 | Loss: 1.0283 | Val Accuracy: 67.47%
   📅 Epoch 6 | Loss: 0.9610 | Val Accuracy: 69.64%
   📅 Epoch 7 | Loss: 0.9714 | Val Accuracy: 69.52%
   📅 Epoch 8 | Loss: 0.9374 | Val Accuracy: 72.06%
      ⭐ New Best! (Model saving disabled to save space)
   📅 Epoch 9 | Loss: 0.8990 | Val Accuracy: 73.73%
      ⭐ New Best! (Model saving disabled to save space)
   📅 Epoch 10 | Loss: 0.8340 | Val Accuracy: 74.47%
      ⭐ New Best! (Model saving disabled to save space)
   📅 Epoch 11 | Loss: 0.8473 | Val Accuracy: 74.04%
   📅 Epoch 12 | Loss: 0.8134 | Val Accuracy: 75.40%
      ⭐ New Best! (Model saving disabled to save space)
   📅 Epoch 13 | Loss: 0.8011 | Val Accuracy: 75.65%
      ⭐ New Best! (Model saving disabled to save space)
   📅 Epoch 14 | Loss: 0.7738 | Val Accuracy: 74.35%
   📅 Epoch 15 | Loss: 0.8360 | Val Accuracy: 74.16%
   📅 Epoch 16 | Loss: 0.7605 | Val Accuracy: 75.34%
   📅 Epoch 17 | Loss: 0.7658 | Val Accuracy: 76.64%
      ⭐ New Best! (Model saving disabled to save space)
   📅 Epoch 18 | Loss: 0.7366 | Val Accuracy: 76.89%
      ⭐ New Best! (Model saving disabled to save space)
   📅 Epoch 19 | Loss: 0.7384 | Val Accuracy: 78.38%
      ⭐ New Best! (Model saving disabled to save space)
   📅 Epoch 20 | Loss: 0.7558 | Val Accuracy: 74.72%
   📅 Epoch 21 | Loss: 0.7329 | Val Accuracy: 76.39%
   📅 Epoch 22 | Loss: 0.7247 | Val Accuracy: 76.46%
   📅 Epoch 23 | Loss: 0.7479 | Val Accuracy: 75.77%
   📅 Epoch 24 | Loss: 0.6878 | Val Accuracy: 76.39%
   📅 Epoch 25 | Loss: 0.6898 | Val Accuracy: 77.14%
   📅 Epoch 26 | Loss: 0.6912 | Val Accuracy: 78.19%
   📅 Epoch 27 | Loss: 0.6459 | Val Accuracy: 77.94%

   🛑 Early Stopping triggered after 8 epochs.

========================================
🏆 Best Val Accuracy: 78.38%
💾 Best Checkpoint: ./checkpoints/linear_mb-domars16k_satmae_lr0.001_concat_3.pth
========================================

