
============================================================
📄 Log File: ./logs/linear_records/mb-domars16k_dinov3_lvd_1cha_frac0.20x_lr0.0001_concat_3.log
⏰ Time: 2026-04-14 05:16:39
============================================================

🚀 Training dinov3_lvd_1cha on mb-domars16k | Mode: LINEAR | LR: 0.0001
   📂 [TRAIN] Loading 1 shards...
   ✅ Loaded 2261 samples.
   📂 [TEST] Loading 1 shards...
   ✅ Loaded 1614 samples.
   ⚙️  Config: Workers=8, BS=64, SmallData=False

>>> Loading Model: dinov3_lvd_1cha (dinov3_hub)
   🔍 Auditing weights for [dinov3_lvd_1cha]...
   ✅ [PERFECT MATCH] 368/368 layers loaded (100.0%)

   🔍 [Structure Check] dinov3_lvd_1cha Output Analysis:
      Type: Tuple (len=2)
      Item 0: Shape (1, 1024)
      Item 1: Shape (1, 256, 1024)
      ✅ Identified: CLS=True, Patch=True
      👉 Final Strategy: concat_3 | Input Dim: 3072
   ❄️  Mode: Linear Probe (Backbone Frozen)
   ⚡ AMP Precision: torch.bfloat16
   🔄 Training Start... (Epochs: 50, Patience: 8)
   📅 Epoch 1 | Loss: 2.4533 | Val Accuracy: 50.37%
      ⭐ New Best! (Model saving disabled to save space)
   📅 Epoch 2 | Loss: 1.9826 | Val Accuracy: 63.88%
      ⭐ New Best! (Model saving disabled to save space)
   📅 Epoch 3 | Loss: 1.6602 | Val Accuracy: 68.09%
      ⭐ New Best! (Model saving disabled to save space)
   📅 Epoch 4 | Loss: 1.4292 | Val Accuracy: 70.51%
      ⭐ New Best! (Model saving disabled to save space)
   📅 Epoch 5 | Loss: 1.2845 | Val Accuracy: 70.82%
      ⭐ New Best! (Model saving disabled to save space)
   📅 Epoch 6 | Loss: 1.1751 | Val Accuracy: 72.43%
      ⭐ New Best! (Model saving disabled to save space)
   📅 Epoch 7 | Loss: 1.0822 | Val Accuracy: 73.92%
      ⭐ New Best! (Model saving disabled to save space)
   📅 Epoch 8 | Loss: 1.0032 | Val Accuracy: 74.10%
      ⭐ New Best! (Model saving disabled to save space)
   📅 Epoch 9 | Loss: 0.9552 | Val Accuracy: 74.54%
      ⭐ New Best! (Model saving disabled to save space)
   📅 Epoch 10 | Loss: 0.9146 | Val Accuracy: 75.15%
      ⭐ New Best! (Model saving disabled to save space)
   📅 Epoch 11 | Loss: 0.8752 | Val Accuracy: 75.40%
      ⭐ New Best! (Model saving disabled to save space)
   📅 Epoch 12 | Loss: 0.8343 | Val Accuracy: 76.21%
      ⭐ New Best! (Model saving disabled to save space)
   📅 Epoch 13 | Loss: 0.7988 | Val Accuracy: 77.01%
      ⭐ New Best! (Model saving disabled to save space)
   📅 Epoch 14 | Loss: 0.7839 | Val Accuracy: 76.95%
   📅 Epoch 15 | Loss: 0.7617 | Val Accuracy: 77.82%
      ⭐ New Best! (Model saving disabled to save space)
   📅 Epoch 16 | Loss: 0.7210 | Val Accuracy: 77.70%
   📅 Epoch 17 | Loss: 0.7201 | Val Accuracy: 77.39%
   📅 Epoch 18 | Loss: 0.7090 | Val Accuracy: 77.70%
   📅 Epoch 19 | Loss: 0.6994 | Val Accuracy: 78.69%
      ⭐ New Best! (Model saving disabled to save space)
   📅 Epoch 20 | Loss: 0.6716 | Val Accuracy: 79.00%
      ⭐ New Best! (Model saving disabled to save space)
   📅 Epoch 21 | Loss: 0.6525 | Val Accuracy: 78.87%
   📅 Epoch 22 | Loss: 0.6400 | Val Accuracy: 79.24%
      ⭐ New Best! (Model saving disabled to save space)
   📅 Epoch 23 | Loss: 0.6260 | Val Accuracy: 79.12%
   📅 Epoch 24 | Loss: 0.6266 | Val Accuracy: 79.99%
      ⭐ New Best! (Model saving disabled to save space)
   📅 Epoch 25 | Loss: 0.6152 | Val Accuracy: 79.80%
   📅 Epoch 26 | Loss: 0.6072 | Val Accuracy: 80.11%
      ⭐ New Best! (Model saving disabled to save space)
   📅 Epoch 27 | Loss: 0.5918 | Val Accuracy: 80.11%
   📅 Epoch 28 | Loss: 0.5644 | Val Accuracy: 80.48%
      ⭐ New Best! (Model saving disabled to save space)
   📅 Epoch 29 | Loss: 0.5722 | Val Accuracy: 80.61%
      ⭐ New Best! (Model saving disabled to save space)
   📅 Epoch 30 | Loss: 0.5570 | Val Accuracy: 80.67%
      ⭐ New Best! (Model saving disabled to save space)
   📅 Epoch 31 | Loss: 0.5534 | Val Accuracy: 80.86%
      ⭐ New Best! (Model saving disabled to save space)
   📅 Epoch 32 | Loss: 0.5630 | Val Accuracy: 81.10%
      ⭐ New Best! (Model saving disabled to save space)
   📅 Epoch 33 | Loss: 0.5462 | Val Accuracy: 81.10%
   📅 Epoch 34 | Loss: 0.5430 | Val Accuracy: 81.35%
      ⭐ New Best! (Model saving disabled to save space)
   📅 Epoch 35 | Loss: 0.5244 | Val Accuracy: 81.10%
   📅 Epoch 36 | Loss: 0.5401 | Val Accuracy: 81.41%
      ⭐ New Best! (Model saving disabled to save space)
   📅 Epoch 37 | Loss: 0.5226 | Val Accuracy: 81.54%
      ⭐ New Best! (Model saving disabled to save space)
   📅 Epoch 38 | Loss: 0.5085 | Val Accuracy: 81.85%
      ⭐ New Best! (Model saving disabled to save space)
   📅 Epoch 39 | Loss: 0.5146 | Val Accuracy: 81.66%
   📅 Epoch 40 | Loss: 0.5070 | Val Accuracy: 82.22%
      ⭐ New Best! (Model saving disabled to save space)
   📅 Epoch 41 | Loss: 0.5153 | Val Accuracy: 82.34%
      ⭐ New Best! (Model saving disabled to save space)
   📅 Epoch 42 | Loss: 0.5005 | Val Accuracy: 82.03%
   📅 Epoch 43 | Loss: 0.5118 | Val Accuracy: 82.28%
   📅 Epoch 44 | Loss: 0.4732 | Val Accuracy: 82.09%
   📅 Epoch 45 | Loss: 0.5024 | Val Accuracy: 82.65%
      ⭐ New Best! (Model saving disabled to save space)
   📅 Epoch 46 | Loss: 0.4706 | Val Accuracy: 82.65%
   📅 Epoch 47 | Loss: 0.4729 | Val Accuracy: 82.34%
   📅 Epoch 48 | Loss: 0.4821 | Val Accuracy: 82.90%
      ⭐ New Best! (Model saving disabled to save space)
   📅 Epoch 49 | Loss: 0.4766 | Val Accuracy: 82.34%
   📅 Epoch 50 | Loss: 0.4772 | Val Accuracy: 82.84%

========================================
🏆 Best Val Accuracy: 82.90%
💾 Best Checkpoint: ./checkpoints/linear_mb-domars16k_dinov3_lvd_1cha_lr0.0001_concat_3.pth
========================================

