
============================================================
📄 Log File: ./logs/linear_records/mb-domars16k_dinov1_b8_frac0.20x_lr1e-05_concat_3.log
⏰ Time: 2026-04-14 03:54:38
============================================================

🚀 Training dinov1_b8 on mb-domars16k | Mode: LINEAR | LR: 1e-05
   📂 [TRAIN] Loading 1 shards...
   ✅ Loaded 2261 samples.
   📂 [TEST] Loading 1 shards...
   ✅ Loaded 1614 samples.
   ⚙️  Config: Workers=8, BS=64, SmallData=False

>>> Loading Model: dinov1_b8 (dinov1)

   🔍 [Structure Check] dinov1_b8 Output Analysis:
      Type: Tuple (len=2)
      Item 0: Shape (1, 768)
      Item 1: Shape (1, 784, 768)
      ✅ Identified: CLS=True, Patch=True
      👉 Final Strategy: concat_3 | Input Dim: 2304
   ❄️  Mode: Linear Probe (Backbone Frozen)
   ⚡ AMP Precision: torch.bfloat16
   🔄 Training Start... (Epochs: 50, Patience: 8)
   📅 Epoch 1 | Loss: 3.5508 | Val Accuracy: 7.62%
      ⭐ New Best! (Model saving disabled to save space)
   📅 Epoch 2 | Loss: 2.9855 | Val Accuracy: 9.48%
      ⭐ New Best! (Model saving disabled to save space)
   📅 Epoch 3 | Loss: 2.8058 | Val Accuracy: 12.83%
      ⭐ New Best! (Model saving disabled to save space)
   📅 Epoch 4 | Loss: 2.6668 | Val Accuracy: 17.10%
      ⭐ New Best! (Model saving disabled to save space)
   📅 Epoch 5 | Loss: 2.5340 | Val Accuracy: 20.51%
      ⭐ New Best! (Model saving disabled to save space)
   📅 Epoch 6 | Loss: 2.4348 | Val Accuracy: 26.08%
      ⭐ New Best! (Model saving disabled to save space)
   📅 Epoch 7 | Loss: 2.3287 | Val Accuracy: 29.68%
      ⭐ New Best! (Model saving disabled to save space)
   📅 Epoch 8 | Loss: 2.2082 | Val Accuracy: 35.19%
      ⭐ New Best! (Model saving disabled to save space)
   📅 Epoch 9 | Loss: 2.1197 | Val Accuracy: 39.90%
      ⭐ New Best! (Model saving disabled to save space)
   📅 Epoch 10 | Loss: 2.0227 | Val Accuracy: 44.18%
      ⭐ New Best! (Model saving disabled to save space)
   📅 Epoch 11 | Loss: 1.9297 | Val Accuracy: 47.58%
      ⭐ New Best! (Model saving disabled to save space)
   📅 Epoch 12 | Loss: 1.8518 | Val Accuracy: 49.88%
      ⭐ New Best! (Model saving disabled to save space)
   📅 Epoch 13 | Loss: 1.7773 | Val Accuracy: 51.98%
      ⭐ New Best! (Model saving disabled to save space)
   📅 Epoch 14 | Loss: 1.7145 | Val Accuracy: 54.58%
      ⭐ New Best! (Model saving disabled to save space)
   📅 Epoch 15 | Loss: 1.6460 | Val Accuracy: 56.75%
      ⭐ New Best! (Model saving disabled to save space)
   📅 Epoch 16 | Loss: 1.5985 | Val Accuracy: 58.49%
      ⭐ New Best! (Model saving disabled to save space)
   📅 Epoch 17 | Loss: 1.5400 | Val Accuracy: 60.78%
      ⭐ New Best! (Model saving disabled to save space)
   📅 Epoch 18 | Loss: 1.4804 | Val Accuracy: 61.40%
      ⭐ New Best! (Model saving disabled to save space)
   📅 Epoch 19 | Loss: 1.4407 | Val Accuracy: 62.89%
      ⭐ New Best! (Model saving disabled to save space)
   📅 Epoch 20 | Loss: 1.4039 | Val Accuracy: 64.25%
      ⭐ New Best! (Model saving disabled to save space)
   📅 Epoch 21 | Loss: 1.3565 | Val Accuracy: 65.49%
      ⭐ New Best! (Model saving disabled to save space)
   📅 Epoch 22 | Loss: 1.3294 | Val Accuracy: 65.49%
   📅 Epoch 23 | Loss: 1.2766 | Val Accuracy: 66.85%
      ⭐ New Best! (Model saving disabled to save space)
   📅 Epoch 24 | Loss: 1.2584 | Val Accuracy: 67.04%
      ⭐ New Best! (Model saving disabled to save space)
   📅 Epoch 25 | Loss: 1.2185 | Val Accuracy: 68.34%
      ⭐ New Best! (Model saving disabled to save space)
   📅 Epoch 26 | Loss: 1.1917 | Val Accuracy: 69.21%
      ⭐ New Best! (Model saving disabled to save space)
   📅 Epoch 27 | Loss: 1.1761 | Val Accuracy: 69.70%
      ⭐ New Best! (Model saving disabled to save space)
   📅 Epoch 28 | Loss: 1.1293 | Val Accuracy: 70.07%
      ⭐ New Best! (Model saving disabled to save space)
   📅 Epoch 29 | Loss: 1.1152 | Val Accuracy: 70.51%
      ⭐ New Best! (Model saving disabled to save space)
   📅 Epoch 30 | Loss: 1.0857 | Val Accuracy: 71.31%
      ⭐ New Best! (Model saving disabled to save space)
   📅 Epoch 31 | Loss: 1.0573 | Val Accuracy: 71.62%
      ⭐ New Best! (Model saving disabled to save space)
   📅 Epoch 32 | Loss: 1.0530 | Val Accuracy: 71.81%
      ⭐ New Best! (Model saving disabled to save space)
   📅 Epoch 33 | Loss: 1.0345 | Val Accuracy: 72.12%
      ⭐ New Best! (Model saving disabled to save space)
   📅 Epoch 34 | Loss: 1.0117 | Val Accuracy: 72.74%
      ⭐ New Best! (Model saving disabled to save space)
   📅 Epoch 35 | Loss: 1.0021 | Val Accuracy: 72.68%
   📅 Epoch 36 | Loss: 0.9769 | Val Accuracy: 73.05%
      ⭐ New Best! (Model saving disabled to save space)
   📅 Epoch 37 | Loss: 0.9541 | Val Accuracy: 73.73%
      ⭐ New Best! (Model saving disabled to save space)
   📅 Epoch 38 | Loss: 0.9525 | Val Accuracy: 73.48%
   📅 Epoch 39 | Loss: 0.9293 | Val Accuracy: 73.92%
      ⭐ New Best! (Model saving disabled to save space)
   📅 Epoch 40 | Loss: 0.8983 | Val Accuracy: 73.98%
      ⭐ New Best! (Model saving disabled to save space)
   📅 Epoch 41 | Loss: 0.8993 | Val Accuracy: 74.91%
      ⭐ New Best! (Model saving disabled to save space)
   📅 Epoch 42 | Loss: 0.9058 | Val Accuracy: 74.97%
      ⭐ New Best! (Model saving disabled to save space)
   📅 Epoch 43 | Loss: 0.8823 | Val Accuracy: 75.03%
      ⭐ New Best! (Model saving disabled to save space)
   📅 Epoch 44 | Loss: 0.8713 | Val Accuracy: 75.90%
      ⭐ New Best! (Model saving disabled to save space)
   📅 Epoch 45 | Loss: 0.8594 | Val Accuracy: 76.15%
      ⭐ New Best! (Model saving disabled to save space)
   📅 Epoch 46 | Loss: 0.8457 | Val Accuracy: 75.84%
   📅 Epoch 47 | Loss: 0.8441 | Val Accuracy: 76.21%
      ⭐ New Best! (Model saving disabled to save space)
   📅 Epoch 48 | Loss: 0.8312 | Val Accuracy: 76.77%
      ⭐ New Best! (Model saving disabled to save space)
   📅 Epoch 49 | Loss: 0.8073 | Val Accuracy: 76.95%
      ⭐ New Best! (Model saving disabled to save space)
   📅 Epoch 50 | Loss: 0.8051 | Val Accuracy: 77.20%
      ⭐ New Best! (Model saving disabled to save space)

========================================
🏆 Best Val Accuracy: 77.20%
💾 Best Checkpoint: ./checkpoints/linear_mb-domars16k_dinov1_b8_lr1e-05_concat_3.pth
========================================

