
============================================================
📄 Log File: ./logs/linear_records/mb-domars16k_satmae_frac0.20x_lr1e-05_concat_3.log
⏰ Time: 2026-04-14 02:04:07
============================================================

🚀 Training satmae on mb-domars16k | Mode: LINEAR | LR: 1e-05
   📂 [TRAIN] Loading 1 shards...
   ✅ Loaded 2261 samples.
   📂 [TEST] Loading 1 shards...
   ✅ Loaded 1614 samples.
   ⚙️  Config: Workers=8, BS=64, SmallData=False

>>> Loading Model: satmae (timm_mae)
   ℹ️  Config: in_chans=3
   🔍 Auditing weights for [satmae]...
   ✅ [PERFECT MATCH] 294/294 layers loaded (100.0%)

   🔍 [Structure Check] satmae Output Analysis:
      Type: Tuple (len=2)
      Item 0: Shape (1, 1024)
      Item 1: Shape (1, 196, 1024)
      ✅ Identified: CLS=True, Patch=True
      👉 Final Strategy: concat_3 | Input Dim: 3072
   ❄️  Mode: Linear Probe (Backbone Frozen)
   ⚡ AMP Precision: torch.bfloat16
   🔄 Training Start... (Epochs: 50, Patience: 8)
   📅 Epoch 1 | Loss: 2.8583 | Val Accuracy: 7.00%
      ⭐ New Best! (Model saving disabled to save space)
   📅 Epoch 2 | Loss: 2.6941 | Val Accuracy: 10.10%
      ⭐ New Best! (Model saving disabled to save space)
   📅 Epoch 3 | Loss: 2.6107 | Val Accuracy: 17.22%
      ⭐ New Best! (Model saving disabled to save space)
   📅 Epoch 4 | Loss: 2.5500 | Val Accuracy: 24.78%
      ⭐ New Best! (Model saving disabled to save space)
   📅 Epoch 5 | Loss: 2.4882 | Val Accuracy: 29.68%
      ⭐ New Best! (Model saving disabled to save space)
   📅 Epoch 6 | Loss: 2.4376 | Val Accuracy: 35.81%
      ⭐ New Best! (Model saving disabled to save space)
   📅 Epoch 7 | Loss: 2.3840 | Val Accuracy: 40.21%
      ⭐ New Best! (Model saving disabled to save space)
   📅 Epoch 8 | Loss: 2.3401 | Val Accuracy: 44.86%
      ⭐ New Best! (Model saving disabled to save space)
   📅 Epoch 9 | Loss: 2.2919 | Val Accuracy: 46.28%
      ⭐ New Best! (Model saving disabled to save space)
   📅 Epoch 10 | Loss: 2.2488 | Val Accuracy: 48.64%
      ⭐ New Best! (Model saving disabled to save space)
   📅 Epoch 11 | Loss: 2.2051 | Val Accuracy: 49.69%
      ⭐ New Best! (Model saving disabled to save space)
   📅 Epoch 12 | Loss: 2.1689 | Val Accuracy: 51.67%
      ⭐ New Best! (Model saving disabled to save space)
   📅 Epoch 13 | Loss: 2.1328 | Val Accuracy: 52.35%
      ⭐ New Best! (Model saving disabled to save space)
   📅 Epoch 14 | Loss: 2.0986 | Val Accuracy: 52.97%
      ⭐ New Best! (Model saving disabled to save space)
   📅 Epoch 15 | Loss: 2.0690 | Val Accuracy: 52.35%
   📅 Epoch 16 | Loss: 2.0337 | Val Accuracy: 54.83%
      ⭐ New Best! (Model saving disabled to save space)
   📅 Epoch 17 | Loss: 2.0121 | Val Accuracy: 55.33%
      ⭐ New Best! (Model saving disabled to save space)
   📅 Epoch 18 | Loss: 1.9673 | Val Accuracy: 55.82%
      ⭐ New Best! (Model saving disabled to save space)
   📅 Epoch 19 | Loss: 1.9435 | Val Accuracy: 56.13%
      ⭐ New Best! (Model saving disabled to save space)
   📅 Epoch 20 | Loss: 1.9213 | Val Accuracy: 56.94%
      ⭐ New Best! (Model saving disabled to save space)
   📅 Epoch 21 | Loss: 1.8982 | Val Accuracy: 57.31%
      ⭐ New Best! (Model saving disabled to save space)
   📅 Epoch 22 | Loss: 1.8698 | Val Accuracy: 57.00%
   📅 Epoch 23 | Loss: 1.8552 | Val Accuracy: 57.50%
      ⭐ New Best! (Model saving disabled to save space)
   📅 Epoch 24 | Loss: 1.8311 | Val Accuracy: 58.30%
      ⭐ New Best! (Model saving disabled to save space)
   📅 Epoch 25 | Loss: 1.8150 | Val Accuracy: 58.36%
      ⭐ New Best! (Model saving disabled to save space)
   📅 Epoch 26 | Loss: 1.7880 | Val Accuracy: 58.05%
   📅 Epoch 27 | Loss: 1.7820 | Val Accuracy: 59.36%
      ⭐ New Best! (Model saving disabled to save space)
   📅 Epoch 28 | Loss: 1.7535 | Val Accuracy: 59.29%
   📅 Epoch 29 | Loss: 1.7355 | Val Accuracy: 59.29%
   📅 Epoch 30 | Loss: 1.7293 | Val Accuracy: 59.79%
      ⭐ New Best! (Model saving disabled to save space)
   📅 Epoch 31 | Loss: 1.7018 | Val Accuracy: 59.54%
   📅 Epoch 32 | Loss: 1.6935 | Val Accuracy: 60.35%
      ⭐ New Best! (Model saving disabled to save space)
   📅 Epoch 33 | Loss: 1.6822 | Val Accuracy: 60.41%
      ⭐ New Best! (Model saving disabled to save space)
   📅 Epoch 34 | Loss: 1.6657 | Val Accuracy: 60.35%
   📅 Epoch 35 | Loss: 1.6525 | Val Accuracy: 60.66%
      ⭐ New Best! (Model saving disabled to save space)
   📅 Epoch 36 | Loss: 1.6299 | Val Accuracy: 60.66%
   📅 Epoch 37 | Loss: 1.6264 | Val Accuracy: 61.15%
      ⭐ New Best! (Model saving disabled to save space)
   📅 Epoch 38 | Loss: 1.6204 | Val Accuracy: 60.84%
   📅 Epoch 39 | Loss: 1.6083 | Val Accuracy: 61.21%
      ⭐ New Best! (Model saving disabled to save space)
   📅 Epoch 40 | Loss: 1.5872 | Val Accuracy: 61.28%
      ⭐ New Best! (Model saving disabled to save space)
   📅 Epoch 41 | Loss: 1.5683 | Val Accuracy: 61.83%
      ⭐ New Best! (Model saving disabled to save space)
   📅 Epoch 42 | Loss: 1.5716 | Val Accuracy: 61.90%
      ⭐ New Best! (Model saving disabled to save space)
   📅 Epoch 43 | Loss: 1.5571 | Val Accuracy: 62.02%
      ⭐ New Best! (Model saving disabled to save space)
   📅 Epoch 44 | Loss: 1.5335 | Val Accuracy: 62.52%
      ⭐ New Best! (Model saving disabled to save space)
   📅 Epoch 45 | Loss: 1.5325 | Val Accuracy: 62.52%
   📅 Epoch 46 | Loss: 1.5263 | Val Accuracy: 63.07%
      ⭐ New Best! (Model saving disabled to save space)
   📅 Epoch 47 | Loss: 1.5194 | Val Accuracy: 62.58%
   📅 Epoch 48 | Loss: 1.5061 | Val Accuracy: 63.14%
      ⭐ New Best! (Model saving disabled to save space)
   📅 Epoch 49 | Loss: 1.4911 | Val Accuracy: 63.32%
      ⭐ New Best! (Model saving disabled to save space)
   📅 Epoch 50 | Loss: 1.4878 | Val Accuracy: 63.51%
      ⭐ New Best! (Model saving disabled to save space)

========================================
🏆 Best Val Accuracy: 63.51%
💾 Best Checkpoint: ./checkpoints/linear_mb-domars16k_satmae_lr1e-05_concat_3.pth
========================================

