
============================================================
📄 Log File: ./logs/linear_records/mb-domars16k_dinov1_b8_frac0.20x_lr0.001_concat_3.log
⏰ Time: 2026-04-14 03:04:21
============================================================

🚀 Training dinov1_b8 on mb-domars16k | Mode: LINEAR | LR: 0.001
   📂 [TRAIN] Loading 1 shards...
   ✅ Loaded 2261 samples.
   📂 [TEST] Loading 1 shards...
   ✅ Loaded 1614 samples.
   ⚙️  Config: Workers=8, BS=64, SmallData=False

>>> Loading Model: dinov1_b8 (dinov1)

   🔍 [Structure Check] dinov1_b8 Output Analysis:
      Type: Tuple (len=2)
      Item 0: Shape (1, 768)
      Item 1: Shape (1, 784, 768)
      ✅ Identified: CLS=True, Patch=True
      👉 Final Strategy: concat_3 | Input Dim: 2304
   ❄️  Mode: Linear Probe (Backbone Frozen)
   ⚡ AMP Precision: torch.bfloat16
   🔄 Training Start... (Epochs: 50, Patience: 8)
   📅 Epoch 1 | Loss: 2.1233 | Val Accuracy: 75.77%
      ⭐ New Best! (Model saving disabled to save space)
   📅 Epoch 2 | Loss: 0.6468 | Val Accuracy: 80.79%
      ⭐ New Best! (Model saving disabled to save space)
   📅 Epoch 3 | Loss: 0.5308 | Val Accuracy: 81.35%
      ⭐ New Best! (Model saving disabled to save space)
   📅 Epoch 4 | Loss: 0.4645 | Val Accuracy: 81.47%
      ⭐ New Best! (Model saving disabled to save space)
   📅 Epoch 5 | Loss: 0.4174 | Val Accuracy: 84.08%
      ⭐ New Best! (Model saving disabled to save space)
   📅 Epoch 6 | Loss: 0.4034 | Val Accuracy: 80.48%
   📅 Epoch 7 | Loss: 0.4334 | Val Accuracy: 82.65%
   📅 Epoch 8 | Loss: 0.3878 | Val Accuracy: 83.89%
   📅 Epoch 9 | Loss: 0.3755 | Val Accuracy: 81.66%
   📅 Epoch 10 | Loss: 0.4321 | Val Accuracy: 83.46%
   📅 Epoch 11 | Loss: 0.3063 | Val Accuracy: 84.45%
      ⭐ New Best! (Model saving disabled to save space)
   📅 Epoch 12 | Loss: 0.3231 | Val Accuracy: 80.92%
   📅 Epoch 13 | Loss: 0.3976 | Val Accuracy: 84.39%
   📅 Epoch 14 | Loss: 0.3134 | Val Accuracy: 82.09%
   📅 Epoch 15 | Loss: 0.3254 | Val Accuracy: 83.09%
   📅 Epoch 16 | Loss: 0.3500 | Val Accuracy: 80.48%
   📅 Epoch 17 | Loss: 0.3388 | Val Accuracy: 85.56%
      ⭐ New Best! (Model saving disabled to save space)
   📅 Epoch 18 | Loss: 0.2339 | Val Accuracy: 80.17%
   📅 Epoch 19 | Loss: 0.2798 | Val Accuracy: 85.63%
      ⭐ New Best! (Model saving disabled to save space)
   📅 Epoch 20 | Loss: 0.2348 | Val Accuracy: 82.03%
   📅 Epoch 21 | Loss: 0.2493 | Val Accuracy: 85.69%
      ⭐ New Best! (Model saving disabled to save space)
   📅 Epoch 22 | Loss: 0.2616 | Val Accuracy: 83.95%
   📅 Epoch 23 | Loss: 0.2322 | Val Accuracy: 81.85%
   📅 Epoch 24 | Loss: 0.2444 | Val Accuracy: 82.84%
   📅 Epoch 25 | Loss: 0.1793 | Val Accuracy: 83.27%
   📅 Epoch 26 | Loss: 0.2307 | Val Accuracy: 85.44%
   📅 Epoch 27 | Loss: 0.2239 | Val Accuracy: 84.45%
   📅 Epoch 28 | Loss: 0.2503 | Val Accuracy: 81.54%
   📅 Epoch 29 | Loss: 0.2931 | Val Accuracy: 81.97%

   🛑 Early Stopping triggered after 8 epochs.

========================================
🏆 Best Val Accuracy: 85.69%
💾 Best Checkpoint: ./checkpoints/linear_mb-domars16k_dinov1_b8_lr0.001_concat_3.pth
========================================

