
============================================================
📄 Log File: ./logs/linear_records/mb-domars16k_siglip2_frac0.50x_lr0.0001_concat_3.log
⏰ Time: 2026-04-14 01:45:46
============================================================

🚀 Training siglip2 on mb-domars16k | Mode: LINEAR | LR: 0.0001
   📂 [TRAIN] Loading 1 shards...
   ✅ Loaded 5652 samples.
   📂 [TEST] Loading 1 shards...
   ✅ Loaded 1614 samples.
   ⚙️  Config: Workers=8, BS=64, SmallData=False

>>> Loading Model: siglip2 (transformers)

   🔍 [Structure Check] siglip2 Output Analysis:
      Type: Tuple (len=2)
      Item 0: Shape (1, 1024)
      Item 1: Shape (1, 256, 1024)
      ✅ Identified: CLS=True, Patch=True
      👉 Final Strategy: concat_3 | Input Dim: 3072
   ❄️  Mode: Linear Probe (Backbone Frozen)
   ⚡ AMP Precision: torch.bfloat16
   🔄 Training Start... (Epochs: 50, Patience: 8)
   📅 Epoch 1 | Loss: 2.3060 | Val Accuracy: 49.19%
      ⭐ New Best! (Model saving disabled to save space)
   📅 Epoch 2 | Loss: 1.6734 | Val Accuracy: 58.98%
      ⭐ New Best! (Model saving disabled to save space)
   📅 Epoch 3 | Loss: 1.3414 | Val Accuracy: 61.09%
      ⭐ New Best! (Model saving disabled to save space)
   📅 Epoch 4 | Loss: 1.1750 | Val Accuracy: 68.53%
      ⭐ New Best! (Model saving disabled to save space)
   📅 Epoch 5 | Loss: 1.0565 | Val Accuracy: 66.91%
   📅 Epoch 6 | Loss: 0.9698 | Val Accuracy: 67.35%
   📅 Epoch 7 | Loss: 0.9149 | Val Accuracy: 68.40%
   📅 Epoch 8 | Loss: 0.8565 | Val Accuracy: 68.96%
      ⭐ New Best! (Model saving disabled to save space)
   📅 Epoch 9 | Loss: 0.8229 | Val Accuracy: 72.99%
      ⭐ New Best! (Model saving disabled to save space)
   📅 Epoch 10 | Loss: 0.7829 | Val Accuracy: 75.53%
      ⭐ New Best! (Model saving disabled to save space)
   📅 Epoch 11 | Loss: 0.7629 | Val Accuracy: 76.58%
      ⭐ New Best! (Model saving disabled to save space)
   📅 Epoch 12 | Loss: 0.7391 | Val Accuracy: 74.85%
   📅 Epoch 13 | Loss: 0.7091 | Val Accuracy: 72.37%
   📅 Epoch 14 | Loss: 0.7116 | Val Accuracy: 74.60%
   📅 Epoch 15 | Loss: 0.6858 | Val Accuracy: 76.39%
   📅 Epoch 16 | Loss: 0.6775 | Val Accuracy: 76.77%
      ⭐ New Best! (Model saving disabled to save space)
   📅 Epoch 17 | Loss: 0.6670 | Val Accuracy: 77.08%
      ⭐ New Best! (Model saving disabled to save space)
   📅 Epoch 18 | Loss: 0.6509 | Val Accuracy: 79.00%
      ⭐ New Best! (Model saving disabled to save space)
   📅 Epoch 19 | Loss: 0.6486 | Val Accuracy: 76.58%
   📅 Epoch 20 | Loss: 0.6487 | Val Accuracy: 78.69%
   📅 Epoch 21 | Loss: 0.6210 | Val Accuracy: 77.76%
   📅 Epoch 22 | Loss: 0.6070 | Val Accuracy: 79.12%
      ⭐ New Best! (Model saving disabled to save space)
   📅 Epoch 23 | Loss: 0.6085 | Val Accuracy: 79.86%
      ⭐ New Best! (Model saving disabled to save space)
   📅 Epoch 24 | Loss: 0.5988 | Val Accuracy: 79.68%
   📅 Epoch 25 | Loss: 0.5834 | Val Accuracy: 78.13%
   📅 Epoch 26 | Loss: 0.5832 | Val Accuracy: 78.75%
   📅 Epoch 27 | Loss: 0.5748 | Val Accuracy: 79.68%
   📅 Epoch 28 | Loss: 0.5717 | Val Accuracy: 80.30%
      ⭐ New Best! (Model saving disabled to save space)
   📅 Epoch 29 | Loss: 0.5627 | Val Accuracy: 77.39%
   📅 Epoch 30 | Loss: 0.5631 | Val Accuracy: 79.68%
   📅 Epoch 31 | Loss: 0.5635 | Val Accuracy: 78.93%
   📅 Epoch 32 | Loss: 0.5513 | Val Accuracy: 79.49%
   📅 Epoch 33 | Loss: 0.5492 | Val Accuracy: 79.55%
   📅 Epoch 34 | Loss: 0.5474 | Val Accuracy: 81.04%
      ⭐ New Best! (Model saving disabled to save space)
   📅 Epoch 35 | Loss: 0.5442 | Val Accuracy: 80.73%
   📅 Epoch 36 | Loss: 0.5280 | Val Accuracy: 80.55%
   📅 Epoch 37 | Loss: 0.5315 | Val Accuracy: 80.61%
   📅 Epoch 38 | Loss: 0.5278 | Val Accuracy: 80.61%
   📅 Epoch 39 | Loss: 0.5318 | Val Accuracy: 80.79%
   📅 Epoch 40 | Loss: 0.5296 | Val Accuracy: 81.41%
      ⭐ New Best! (Model saving disabled to save space)
   📅 Epoch 41 | Loss: 0.5153 | Val Accuracy: 82.90%
      ⭐ New Best! (Model saving disabled to save space)
   📅 Epoch 42 | Loss: 0.5116 | Val Accuracy: 81.72%
   📅 Epoch 43 | Loss: 0.5153 | Val Accuracy: 81.85%
   📅 Epoch 44 | Loss: 0.5007 | Val Accuracy: 81.85%
   📅 Epoch 45 | Loss: 0.5102 | Val Accuracy: 81.16%
   📅 Epoch 46 | Loss: 0.4963 | Val Accuracy: 81.04%
   📅 Epoch 47 | Loss: 0.5014 | Val Accuracy: 81.54%
   📅 Epoch 48 | Loss: 0.5008 | Val Accuracy: 81.85%
   📅 Epoch 49 | Loss: 0.4939 | Val Accuracy: 81.47%

   🛑 Early Stopping triggered after 8 epochs.

========================================
🏆 Best Val Accuracy: 82.90%
💾 Best Checkpoint: ./checkpoints/linear_mb-domars16k_siglip2_lr0.0001_concat_3.pth
========================================

