
============================================================
📄 Log File: ./logs/linear_records/mb-domars16k_satmae_frac0.05x_lr0.001_concat_3.log
⏰ Time: 2026-04-14 01:25:56
============================================================

🚀 Training satmae on mb-domars16k | Mode: LINEAR | LR: 0.001
   📂 [TRAIN] Loading 1 shards...
   ✅ Loaded 565 samples.
   📂 [TEST] Loading 1 shards...
   ✅ Loaded 1614 samples.
   ⚙️  Config: Workers=8, BS=64, SmallData=False

>>> Loading Model: satmae (timm_mae)
   ℹ️  Config: in_chans=3
   🔍 Auditing weights for [satmae]...
   ✅ [PERFECT MATCH] 294/294 layers loaded (100.0%)

   🔍 [Structure Check] satmae Output Analysis:
      Type: Tuple (len=2)
      Item 0: Shape (1, 1024)
      Item 1: Shape (1, 196, 1024)
      ✅ Identified: CLS=True, Patch=True
      👉 Final Strategy: concat_3 | Input Dim: 3072
   ❄️  Mode: Linear Probe (Backbone Frozen)
   ⚡ AMP Precision: torch.bfloat16
   🔄 Training Start... (Epochs: 50, Patience: 8)
   📅 Epoch 1 | Loss: 2.7389 | Val Accuracy: 31.78%
      ⭐ New Best! (Model saving disabled to save space)
   📅 Epoch 2 | Loss: 1.9478 | Val Accuracy: 49.69%
      ⭐ New Best! (Model saving disabled to save space)
   📅 Epoch 3 | Loss: 1.5724 | Val Accuracy: 52.79%
      ⭐ New Best! (Model saving disabled to save space)
   📅 Epoch 4 | Loss: 1.4332 | Val Accuracy: 52.35%
   📅 Epoch 5 | Loss: 1.2596 | Val Accuracy: 57.19%
      ⭐ New Best! (Model saving disabled to save space)
   📅 Epoch 6 | Loss: 1.1956 | Val Accuracy: 63.14%
      ⭐ New Best! (Model saving disabled to save space)
   📅 Epoch 7 | Loss: 1.1257 | Val Accuracy: 63.38%
      ⭐ New Best! (Model saving disabled to save space)
   📅 Epoch 8 | Loss: 1.0536 | Val Accuracy: 61.65%
   📅 Epoch 9 | Loss: 1.0204 | Val Accuracy: 64.00%
      ⭐ New Best! (Model saving disabled to save space)
   📅 Epoch 10 | Loss: 1.0769 | Val Accuracy: 68.03%
      ⭐ New Best! (Model saving disabled to save space)
   📅 Epoch 11 | Loss: 0.9398 | Val Accuracy: 64.25%
   📅 Epoch 12 | Loss: 1.0247 | Val Accuracy: 65.43%
   📅 Epoch 13 | Loss: 0.9869 | Val Accuracy: 64.68%
   📅 Epoch 14 | Loss: 0.8659 | Val Accuracy: 67.97%
   📅 Epoch 15 | Loss: 0.8555 | Val Accuracy: 67.10%
   📅 Epoch 16 | Loss: 0.8563 | Val Accuracy: 63.63%
   📅 Epoch 17 | Loss: 0.8121 | Val Accuracy: 67.84%
   📅 Epoch 18 | Loss: 0.8318 | Val Accuracy: 66.91%

   🛑 Early Stopping triggered after 8 epochs.

========================================
🏆 Best Val Accuracy: 68.03%
💾 Best Checkpoint: ./checkpoints/linear_mb-domars16k_satmae_lr0.001_concat_3.pth
========================================

