
============================================================
📄 Log File: ./logs/linear_records/mb-domars16k_dinov1_b8_frac0.20x_lr0.0001_concat_3.log
⏰ Time: 2026-04-14 03:50:41
============================================================

🚀 Training dinov1_b8 on mb-domars16k | Mode: LINEAR | LR: 0.0001
   📂 [TRAIN] Loading 1 shards...
   ✅ Loaded 2261 samples.
   📂 [TEST] Loading 1 shards...
   ✅ Loaded 1614 samples.
   ⚙️  Config: Workers=8, BS=64, SmallData=False

>>> Loading Model: dinov1_b8 (dinov1)

   🔍 [Structure Check] dinov1_b8 Output Analysis:
      Type: Tuple (len=2)
      Item 0: Shape (1, 768)
      Item 1: Shape (1, 784, 768)
      ✅ Identified: CLS=True, Patch=True
      👉 Final Strategy: concat_3 | Input Dim: 2304
   ❄️  Mode: Linear Probe (Backbone Frozen)
   ⚡ AMP Precision: torch.bfloat16
   🔄 Training Start... (Epochs: 50, Patience: 8)
   📅 Epoch 1 | Loss: 2.6094 | Val Accuracy: 43.12%
      ⭐ New Best! (Model saving disabled to save space)
   📅 Epoch 2 | Loss: 1.6302 | Val Accuracy: 61.83%
      ⭐ New Best! (Model saving disabled to save space)
   📅 Epoch 3 | Loss: 1.2173 | Val Accuracy: 68.34%
      ⭐ New Best! (Model saving disabled to save space)
   📅 Epoch 4 | Loss: 0.9923 | Val Accuracy: 71.87%
      ⭐ New Best! (Model saving disabled to save space)
   📅 Epoch 5 | Loss: 0.8664 | Val Accuracy: 74.91%
      ⭐ New Best! (Model saving disabled to save space)
   📅 Epoch 6 | Loss: 0.8042 | Val Accuracy: 75.59%
      ⭐ New Best! (Model saving disabled to save space)
   📅 Epoch 7 | Loss: 0.7151 | Val Accuracy: 76.89%
      ⭐ New Best! (Model saving disabled to save space)
   📅 Epoch 8 | Loss: 0.6834 | Val Accuracy: 77.88%
      ⭐ New Best! (Model saving disabled to save space)
   📅 Epoch 9 | Loss: 0.6369 | Val Accuracy: 79.93%
      ⭐ New Best! (Model saving disabled to save space)
   📅 Epoch 10 | Loss: 0.5934 | Val Accuracy: 80.73%
      ⭐ New Best! (Model saving disabled to save space)
   📅 Epoch 11 | Loss: 0.5668 | Val Accuracy: 80.73%
   📅 Epoch 12 | Loss: 0.5515 | Val Accuracy: 81.23%
      ⭐ New Best! (Model saving disabled to save space)
   📅 Epoch 13 | Loss: 0.5345 | Val Accuracy: 80.24%
   📅 Epoch 14 | Loss: 0.5181 | Val Accuracy: 80.67%
   📅 Epoch 15 | Loss: 0.4890 | Val Accuracy: 82.28%
      ⭐ New Best! (Model saving disabled to save space)
   📅 Epoch 16 | Loss: 0.4823 | Val Accuracy: 82.22%
   📅 Epoch 17 | Loss: 0.4903 | Val Accuracy: 81.35%
   📅 Epoch 18 | Loss: 0.4652 | Val Accuracy: 82.09%
   📅 Epoch 19 | Loss: 0.4414 | Val Accuracy: 80.79%
   📅 Epoch 20 | Loss: 0.4141 | Val Accuracy: 82.59%
      ⭐ New Best! (Model saving disabled to save space)
   📅 Epoch 21 | Loss: 0.4331 | Val Accuracy: 83.46%
      ⭐ New Best! (Model saving disabled to save space)
   📅 Epoch 22 | Loss: 0.3992 | Val Accuracy: 83.15%
   📅 Epoch 23 | Loss: 0.4257 | Val Accuracy: 83.95%
      ⭐ New Best! (Model saving disabled to save space)
   📅 Epoch 24 | Loss: 0.4060 | Val Accuracy: 83.89%
   📅 Epoch 25 | Loss: 0.4032 | Val Accuracy: 84.45%
      ⭐ New Best! (Model saving disabled to save space)
   📅 Epoch 26 | Loss: 0.3837 | Val Accuracy: 83.71%
   📅 Epoch 27 | Loss: 0.3661 | Val Accuracy: 83.95%
   📅 Epoch 28 | Loss: 0.3603 | Val Accuracy: 83.58%
   📅 Epoch 29 | Loss: 0.3586 | Val Accuracy: 83.15%
   📅 Epoch 30 | Loss: 0.3726 | Val Accuracy: 82.47%
   📅 Epoch 31 | Loss: 0.3497 | Val Accuracy: 83.27%
   📅 Epoch 32 | Loss: 0.3482 | Val Accuracy: 84.26%
   📅 Epoch 33 | Loss: 0.3302 | Val Accuracy: 84.32%

   🛑 Early Stopping triggered after 8 epochs.

========================================
🏆 Best Val Accuracy: 84.45%
💾 Best Checkpoint: ./checkpoints/linear_mb-domars16k_dinov1_b8_lr0.0001_concat_3.pth
========================================

