
============================================================
📄 Log File: ./logs/linear_records/mb-domars16k_dinov1_b8_lr0.01_concat_3.log
⏰ Time: 2026-03-01 06:09:08
============================================================

🚀 Training dinov1_b8 on mb-domars16k | Mode: LINEAR | LR: 0.01
   📂 [TRAIN] Loading 1 shards...
   ✅ Loaded 11305 samples.
   📂 [TEST] Loading 1 shards...
   ✅ Loaded 1614 samples.
   ⚙️  Config: Workers=8, BS=256, SmallData=False

>>> Loading Model: dinov1_b8 (dinov1)

   🔍 [Structure Check] dinov1_b8 Output Analysis:
      Type: Tuple (len=2)
      Item 0: Shape (1, 768)
      Item 1: Shape (1, 784, 768)
      ✅ Identified: CLS=True, Patch=True
      👉 Final Strategy: concat_3 | Input Dim: 2304
   ❄️  Mode: Linear Probe (Backbone Frozen)
   🚀 Compiling model with torch.compile...
   ⚡ AMP Precision: torch.bfloat16
   🔄 Training Start... (Epochs: 40, Patience: 5)
   📅 Epoch 1 | Loss: 25.3400 | Val Accuracy: 77.70%
      ⭐ New Best! Saved.
   📅 Epoch 2 | Loss: 2.4640 | Val Accuracy: 83.21%
      ⭐ New Best! Saved.
   📅 Epoch 3 | Loss: 1.4037 | Val Accuracy: 85.50%
      ⭐ New Best! Saved.
   📅 Epoch 4 | Loss: 1.0959 | Val Accuracy: 80.86%
   📅 Epoch 5 | Loss: 1.0487 | Val Accuracy: 86.12%
      ⭐ New Best! Saved.
   📅 Epoch 6 | Loss: 0.8795 | Val Accuracy: 82.71%
   📅 Epoch 7 | Loss: 1.1358 | Val Accuracy: 82.09%
   📅 Epoch 8 | Loss: 0.8770 | Val Accuracy: 86.80%
      ⭐ New Best! Saved.
   📅 Epoch 9 | Loss: 0.7890 | Val Accuracy: 84.26%
   📅 Epoch 10 | Loss: 0.9099 | Val Accuracy: 81.35%
   📅 Epoch 11 | Loss: 1.1719 | Val Accuracy: 85.81%
   📅 Epoch 12 | Loss: 0.9024 | Val Accuracy: 84.26%
   📅 Epoch 13 | Loss: 0.7910 | Val Accuracy: 83.02%

   🛑 Early Stopping triggered after 5 epochs.

========================================
🏆 Best Val Accuracy: 86.80%
💾 Best Checkpoint: ./checkpoints/linear_mb-domars16k_dinov1_b8_lr0.01_concat_3.pth
========================================

