
============================================================
📄 Log File: ./logs/linear_records/mb-domars16k_dinov1_b8_frac0.05x_lr1e-05_concat_3.log
⏰ Time: 2026-04-14 03:55:54
============================================================

🚀 Training dinov1_b8 on mb-domars16k | Mode: LINEAR | LR: 1e-05
   📂 [TRAIN] Loading 1 shards...
   ✅ Loaded 565 samples.
   📂 [TEST] Loading 1 shards...
   ✅ Loaded 1614 samples.
   ⚙️  Config: Workers=8, BS=64, SmallData=False

>>> Loading Model: dinov1_b8 (dinov1)

   🔍 [Structure Check] dinov1_b8 Output Analysis:
      Type: Tuple (len=2)
      Item 0: Shape (1, 768)
      Item 1: Shape (1, 784, 768)
      ✅ Identified: CLS=True, Patch=True
      👉 Final Strategy: concat_3 | Input Dim: 2304
   ❄️  Mode: Linear Probe (Backbone Frozen)
   ⚡ AMP Precision: torch.bfloat16
   🔄 Training Start... (Epochs: 50, Patience: 8)
   📅 Epoch 1 | Loss: 4.0460 | Val Accuracy: 7.19%
      ⭐ New Best! (Model saving disabled to save space)
   📅 Epoch 2 | Loss: 3.6382 | Val Accuracy: 7.56%
      ⭐ New Best! (Model saving disabled to save space)
   📅 Epoch 3 | Loss: 3.4201 | Val Accuracy: 8.92%
      ⭐ New Best! (Model saving disabled to save space)
   📅 Epoch 4 | Loss: 3.1215 | Val Accuracy: 10.16%
      ⭐ New Best! (Model saving disabled to save space)
   📅 Epoch 5 | Loss: 3.0515 | Val Accuracy: 11.40%
      ⭐ New Best! (Model saving disabled to save space)
   📅 Epoch 6 | Loss: 2.9173 | Val Accuracy: 11.96%
      ⭐ New Best! (Model saving disabled to save space)
   📅 Epoch 7 | Loss: 2.8322 | Val Accuracy: 12.95%
      ⭐ New Best! (Model saving disabled to save space)
   📅 Epoch 8 | Loss: 2.7457 | Val Accuracy: 13.63%
      ⭐ New Best! (Model saving disabled to save space)
   📅 Epoch 9 | Loss: 2.7168 | Val Accuracy: 14.37%
      ⭐ New Best! (Model saving disabled to save space)
   📅 Epoch 10 | Loss: 2.6858 | Val Accuracy: 15.24%
      ⭐ New Best! (Model saving disabled to save space)
   📅 Epoch 11 | Loss: 2.6275 | Val Accuracy: 16.23%
      ⭐ New Best! (Model saving disabled to save space)
   📅 Epoch 12 | Loss: 2.5958 | Val Accuracy: 16.91%
      ⭐ New Best! (Model saving disabled to save space)
   📅 Epoch 13 | Loss: 2.5793 | Val Accuracy: 17.60%
      ⭐ New Best! (Model saving disabled to save space)
   📅 Epoch 14 | Loss: 2.5352 | Val Accuracy: 18.59%
      ⭐ New Best! (Model saving disabled to save space)
   📅 Epoch 15 | Loss: 2.5061 | Val Accuracy: 19.64%
      ⭐ New Best! (Model saving disabled to save space)
   📅 Epoch 16 | Loss: 2.4785 | Val Accuracy: 19.89%
      ⭐ New Best! (Model saving disabled to save space)
   📅 Epoch 17 | Loss: 2.4665 | Val Accuracy: 20.94%
      ⭐ New Best! (Model saving disabled to save space)
   📅 Epoch 18 | Loss: 2.4098 | Val Accuracy: 21.00%
      ⭐ New Best! (Model saving disabled to save space)
   📅 Epoch 19 | Loss: 2.4029 | Val Accuracy: 21.87%
      ⭐ New Best! (Model saving disabled to save space)
   📅 Epoch 20 | Loss: 2.3331 | Val Accuracy: 22.68%
      ⭐ New Best! (Model saving disabled to save space)
   📅 Epoch 21 | Loss: 2.3176 | Val Accuracy: 24.16%
      ⭐ New Best! (Model saving disabled to save space)
   📅 Epoch 22 | Loss: 2.3034 | Val Accuracy: 25.40%
      ⭐ New Best! (Model saving disabled to save space)
   📅 Epoch 23 | Loss: 2.2755 | Val Accuracy: 26.70%
      ⭐ New Best! (Model saving disabled to save space)
   📅 Epoch 24 | Loss: 2.2447 | Val Accuracy: 27.70%
      ⭐ New Best! (Model saving disabled to save space)
   📅 Epoch 25 | Loss: 2.2358 | Val Accuracy: 27.76%
      ⭐ New Best! (Model saving disabled to save space)
   📅 Epoch 26 | Loss: 2.2430 | Val Accuracy: 28.13%
      ⭐ New Best! (Model saving disabled to save space)
   📅 Epoch 27 | Loss: 2.2031 | Val Accuracy: 28.87%
      ⭐ New Best! (Model saving disabled to save space)
   📅 Epoch 28 | Loss: 2.1597 | Val Accuracy: 29.86%
      ⭐ New Best! (Model saving disabled to save space)
   📅 Epoch 29 | Loss: 2.1230 | Val Accuracy: 30.92%
      ⭐ New Best! (Model saving disabled to save space)
   📅 Epoch 30 | Loss: 2.1097 | Val Accuracy: 31.85%
      ⭐ New Best! (Model saving disabled to save space)
   📅 Epoch 31 | Loss: 2.0771 | Val Accuracy: 32.84%
      ⭐ New Best! (Model saving disabled to save space)
   📅 Epoch 32 | Loss: 2.0443 | Val Accuracy: 34.14%
      ⭐ New Best! (Model saving disabled to save space)
   📅 Epoch 33 | Loss: 2.0313 | Val Accuracy: 35.07%
      ⭐ New Best! (Model saving disabled to save space)
   📅 Epoch 34 | Loss: 2.0083 | Val Accuracy: 35.87%
      ⭐ New Best! (Model saving disabled to save space)
   📅 Epoch 35 | Loss: 1.9828 | Val Accuracy: 36.25%
      ⭐ New Best! (Model saving disabled to save space)
   📅 Epoch 36 | Loss: 1.9648 | Val Accuracy: 37.61%
      ⭐ New Best! (Model saving disabled to save space)
   📅 Epoch 37 | Loss: 1.9280 | Val Accuracy: 38.79%
      ⭐ New Best! (Model saving disabled to save space)
   📅 Epoch 38 | Loss: 1.9402 | Val Accuracy: 39.34%
      ⭐ New Best! (Model saving disabled to save space)
   📅 Epoch 39 | Loss: 1.8819 | Val Accuracy: 40.83%
      ⭐ New Best! (Model saving disabled to save space)
   📅 Epoch 40 | Loss: 1.8630 | Val Accuracy: 41.45%
      ⭐ New Best! (Model saving disabled to save space)
   📅 Epoch 41 | Loss: 1.8308 | Val Accuracy: 41.76%
      ⭐ New Best! (Model saving disabled to save space)
   📅 Epoch 42 | Loss: 1.8502 | Val Accuracy: 43.00%
      ⭐ New Best! (Model saving disabled to save space)
   📅 Epoch 43 | Loss: 1.8265 | Val Accuracy: 43.37%
      ⭐ New Best! (Model saving disabled to save space)
   📅 Epoch 44 | Loss: 1.7776 | Val Accuracy: 44.42%
      ⭐ New Best! (Model saving disabled to save space)
   📅 Epoch 45 | Loss: 1.7466 | Val Accuracy: 45.60%
      ⭐ New Best! (Model saving disabled to save space)
   📅 Epoch 46 | Loss: 1.7691 | Val Accuracy: 45.72%
      ⭐ New Best! (Model saving disabled to save space)
   📅 Epoch 47 | Loss: 1.7374 | Val Accuracy: 45.97%
      ⭐ New Best! (Model saving disabled to save space)
   📅 Epoch 48 | Loss: 1.7188 | Val Accuracy: 46.90%
      ⭐ New Best! (Model saving disabled to save space)
   📅 Epoch 49 | Loss: 1.6966 | Val Accuracy: 47.21%
      ⭐ New Best! (Model saving disabled to save space)
   📅 Epoch 50 | Loss: 1.6880 | Val Accuracy: 47.89%
      ⭐ New Best! (Model saving disabled to save space)

========================================
🏆 Best Val Accuracy: 47.89%
💾 Best Checkpoint: ./checkpoints/linear_mb-domars16k_dinov1_b8_lr1e-05_concat_3.pth
========================================

