
============================================================
📄 Log File: ./logs/linear_records/mb-domars16k_dinov3_lvd_1cha_frac0.01x_lr1e-05_concat_3.log
⏰ Time: 2026-04-14 04:11:20
============================================================

🚀 Training dinov3_lvd_1cha on mb-domars16k | Mode: LINEAR | LR: 1e-05
   📂 [TRAIN] Loading 1 shards...
   ✅ Loaded 113 samples.
   📂 [TEST] Loading 1 shards...
   ✅ Loaded 1614 samples.
   ⚙️  Config: Workers=0, BS=64, SmallData=True

>>> Loading Model: dinov3_lvd_1cha (dinov3_hub)
   🔍 Auditing weights for [dinov3_lvd_1cha]...
   ✅ [PERFECT MATCH] 368/368 layers loaded (100.0%)

   🔍 [Structure Check] dinov3_lvd_1cha Output Analysis:
      Type: Tuple (len=2)
      Item 0: Shape (1, 1024)
      Item 1: Shape (1, 256, 1024)
      ✅ Identified: CLS=True, Patch=True
      👉 Final Strategy: concat_3 | Input Dim: 3072
   ❄️  Mode: Linear Probe (Backbone Frozen)
   ⚡ AMP Precision: torch.bfloat16
   🔄 Training Start... (Epochs: 50, Patience: 8)
   📅 Epoch 1 | Loss: 2.7615 | Val Accuracy: 7.31%
      ⭐ New Best! (Model saving disabled to save space)
   📅 Epoch 2 | Loss: 2.7612 | Val Accuracy: 7.31%
   📅 Epoch 3 | Loss: 2.7378 | Val Accuracy: 7.43%
      ⭐ New Best! (Model saving disabled to save space)
   📅 Epoch 4 | Loss: 2.7273 | Val Accuracy: 7.50%
      ⭐ New Best! (Model saving disabled to save space)
   📅 Epoch 5 | Loss: 2.7026 | Val Accuracy: 7.74%
      ⭐ New Best! (Model saving disabled to save space)
   📅 Epoch 6 | Loss: 2.7312 | Val Accuracy: 7.93%
      ⭐ New Best! (Model saving disabled to save space)
   📅 Epoch 7 | Loss: 2.7324 | Val Accuracy: 8.12%
      ⭐ New Best! (Model saving disabled to save space)
   📅 Epoch 8 | Loss: 2.7285 | Val Accuracy: 8.05%
   📅 Epoch 9 | Loss: 2.7078 | Val Accuracy: 8.05%
   📅 Epoch 10 | Loss: 2.7148 | Val Accuracy: 8.12%
   📅 Epoch 11 | Loss: 2.7178 | Val Accuracy: 8.49%
      ⭐ New Best! (Model saving disabled to save space)
   📅 Epoch 12 | Loss: 2.7039 | Val Accuracy: 8.55%
      ⭐ New Best! (Model saving disabled to save space)
   📅 Epoch 13 | Loss: 2.7422 | Val Accuracy: 8.67%
      ⭐ New Best! (Model saving disabled to save space)
   📅 Epoch 14 | Loss: 2.6995 | Val Accuracy: 8.67%
   📅 Epoch 15 | Loss: 2.7207 | Val Accuracy: 8.92%
      ⭐ New Best! (Model saving disabled to save space)
   📅 Epoch 16 | Loss: 2.7139 | Val Accuracy: 9.23%
      ⭐ New Best! (Model saving disabled to save space)
   📅 Epoch 17 | Loss: 2.6938 | Val Accuracy: 9.48%
      ⭐ New Best! (Model saving disabled to save space)
   📅 Epoch 18 | Loss: 2.7078 | Val Accuracy: 9.54%
      ⭐ New Best! (Model saving disabled to save space)
   📅 Epoch 19 | Loss: 2.6860 | Val Accuracy: 9.73%
      ⭐ New Best! (Model saving disabled to save space)
   📅 Epoch 20 | Loss: 2.7161 | Val Accuracy: 10.10%
      ⭐ New Best! (Model saving disabled to save space)
   📅 Epoch 21 | Loss: 2.6929 | Val Accuracy: 10.29%
      ⭐ New Best! (Model saving disabled to save space)
   📅 Epoch 22 | Loss: 2.6453 | Val Accuracy: 10.29%
   📅 Epoch 23 | Loss: 2.6635 | Val Accuracy: 10.41%
      ⭐ New Best! (Model saving disabled to save space)
   📅 Epoch 24 | Loss: 2.6997 | Val Accuracy: 10.59%
      ⭐ New Best! (Model saving disabled to save space)
   📅 Epoch 25 | Loss: 2.6787 | Val Accuracy: 10.78%
      ⭐ New Best! (Model saving disabled to save space)
   📅 Epoch 26 | Loss: 2.6860 | Val Accuracy: 10.97%
      ⭐ New Best! (Model saving disabled to save space)
   📅 Epoch 27 | Loss: 2.6936 | Val Accuracy: 11.21%
      ⭐ New Best! (Model saving disabled to save space)
   📅 Epoch 28 | Loss: 2.6792 | Val Accuracy: 11.59%
      ⭐ New Best! (Model saving disabled to save space)
   📅 Epoch 29 | Loss: 2.6970 | Val Accuracy: 11.71%
      ⭐ New Best! (Model saving disabled to save space)
   📅 Epoch 30 | Loss: 2.6914 | Val Accuracy: 11.83%
      ⭐ New Best! (Model saving disabled to save space)
   📅 Epoch 31 | Loss: 2.6526 | Val Accuracy: 11.96%
      ⭐ New Best! (Model saving disabled to save space)
   📅 Epoch 32 | Loss: 2.6729 | Val Accuracy: 12.14%
      ⭐ New Best! (Model saving disabled to save space)
   📅 Epoch 33 | Loss: 2.6714 | Val Accuracy: 12.27%
      ⭐ New Best! (Model saving disabled to save space)
   📅 Epoch 34 | Loss: 2.6687 | Val Accuracy: 12.58%
      ⭐ New Best! (Model saving disabled to save space)
   📅 Epoch 35 | Loss: 2.6782 | Val Accuracy: 12.76%
      ⭐ New Best! (Model saving disabled to save space)
   📅 Epoch 36 | Loss: 2.6758 | Val Accuracy: 12.89%
      ⭐ New Best! (Model saving disabled to save space)
   📅 Epoch 37 | Loss: 2.6638 | Val Accuracy: 13.14%
      ⭐ New Best! (Model saving disabled to save space)
   📅 Epoch 38 | Loss: 2.6531 | Val Accuracy: 13.26%
      ⭐ New Best! (Model saving disabled to save space)
   📅 Epoch 39 | Loss: 2.5994 | Val Accuracy: 13.26%
   📅 Epoch 40 | Loss: 2.6169 | Val Accuracy: 13.44%
      ⭐ New Best! (Model saving disabled to save space)
   📅 Epoch 41 | Loss: 2.6345 | Val Accuracy: 13.69%
      ⭐ New Best! (Model saving disabled to save space)
   📅 Epoch 42 | Loss: 2.5806 | Val Accuracy: 13.75%
      ⭐ New Best! (Model saving disabled to save space)
   📅 Epoch 43 | Loss: 2.6306 | Val Accuracy: 13.88%
      ⭐ New Best! (Model saving disabled to save space)
   📅 Epoch 44 | Loss: 2.6389 | Val Accuracy: 14.06%
      ⭐ New Best! (Model saving disabled to save space)
   📅 Epoch 45 | Loss: 2.6299 | Val Accuracy: 14.19%
      ⭐ New Best! (Model saving disabled to save space)
   📅 Epoch 46 | Loss: 2.6055 | Val Accuracy: 14.31%
      ⭐ New Best! (Model saving disabled to save space)
   📅 Epoch 47 | Loss: 2.6108 | Val Accuracy: 14.50%
      ⭐ New Best! (Model saving disabled to save space)
   📅 Epoch 48 | Loss: 2.6223 | Val Accuracy: 14.75%
      ⭐ New Best! (Model saving disabled to save space)
   📅 Epoch 49 | Loss: 2.6089 | Val Accuracy: 14.81%
      ⭐ New Best! (Model saving disabled to save space)
   📅 Epoch 50 | Loss: 2.6165 | Val Accuracy: 14.99%
      ⭐ New Best! (Model saving disabled to save space)

========================================
🏆 Best Val Accuracy: 14.99%
💾 Best Checkpoint: ./checkpoints/linear_mb-domars16k_dinov3_lvd_1cha_lr1e-05_concat_3.pth
========================================

