
============================================================
📄 Log File: ./logs/linear_records_new/mb-domars16k_dinov3_lvd_frac0.50x_lr0.001_concat_3.log
⏰ Time: 2026-04-15 19:15:52
============================================================

🚀 Training dinov3_lvd on mb-domars16k | Mode: LINEAR | LR: 0.001
   📂 [TRAIN] Loading 1 shards...
   ✅ Loaded 5652 samples.
   📂 [TEST] Loading 1 shards...
   ✅ Loaded 1614 samples.
   ⚙️  Config: Workers=8, BS=64, SmallData=False

>>> Loading Model: dinov3_lvd (dinov3_hub)
  ℹ️  DINOv3 Config: in_chans=3
   🔍 Auditing weights for [dinov3_lvd]...
   ✅ [PERFECT MATCH] 368/368 layers loaded (100.0%)

   🔍 [Structure Check] dinov3_lvd Output Analysis:
      Type: Tuple (len=2)
      Item 0: Shape (1, 1024)
      Item 1: Shape (1, 256, 1024)
      ✅ Identified: CLS=True, Patch=True
      👉 Final Strategy: concat_3 | Input Dim: 3072
   ❄️  Mode: Linear Probe (Backbone Frozen)
   ⚡ AMP Precision: torch.bfloat16
   🔄 Training Start... (Epochs: 50, Patience: 8)
   📅 Epoch 1 | Loss: 1.0459 | Val Accuracy: 78.13%
      ⭐ New Best! (Model saving disabled to save space)
   📅 Epoch 2 | Loss: 0.5872 | Val Accuracy: 81.10%
      ⭐ New Best! (Model saving disabled to save space)
   📅 Epoch 3 | Loss: 0.5193 | Val Accuracy: 82.78%
      ⭐ New Best! (Model saving disabled to save space)
   📅 Epoch 4 | Loss: 0.4603 | Val Accuracy: 83.77%
      ⭐ New Best! (Model saving disabled to save space)
   📅 Epoch 5 | Loss: 0.4481 | Val Accuracy: 84.88%
      ⭐ New Best! (Model saving disabled to save space)
   📅 Epoch 6 | Loss: 0.4219 | Val Accuracy: 84.63%
   📅 Epoch 7 | Loss: 0.4005 | Val Accuracy: 84.32%
   📅 Epoch 8 | Loss: 0.3956 | Val Accuracy: 85.75%
      ⭐ New Best! (Model saving disabled to save space)
   📅 Epoch 9 | Loss: 0.3781 | Val Accuracy: 86.62%
      ⭐ New Best! (Model saving disabled to save space)
   📅 Epoch 10 | Loss: 0.3691 | Val Accuracy: 84.20%
   📅 Epoch 11 | Loss: 0.3637 | Val Accuracy: 86.43%
   📅 Epoch 12 | Loss: 0.3593 | Val Accuracy: 85.87%
   📅 Epoch 13 | Loss: 0.3432 | Val Accuracy: 84.88%
   📅 Epoch 14 | Loss: 0.3308 | Val Accuracy: 85.75%
   📅 Epoch 15 | Loss: 0.3171 | Val Accuracy: 85.87%
   📅 Epoch 16 | Loss: 0.3338 | Val Accuracy: 86.68%
      ⭐ New Best! (Model saving disabled to save space)
   📅 Epoch 17 | Loss: 0.3314 | Val Accuracy: 87.24%
      ⭐ New Best! (Model saving disabled to save space)
   📅 Epoch 18 | Loss: 0.3268 | Val Accuracy: 85.63%
   📅 Epoch 19 | Loss: 0.3161 | Val Accuracy: 87.24%
   📅 Epoch 20 | Loss: 0.3254 | Val Accuracy: 86.86%
   📅 Epoch 21 | Loss: 0.3140 | Val Accuracy: 86.99%
   📅 Epoch 22 | Loss: 0.2985 | Val Accuracy: 85.32%
   📅 Epoch 23 | Loss: 0.2960 | Val Accuracy: 86.31%
   📅 Epoch 24 | Loss: 0.2892 | Val Accuracy: 86.93%
   📅 Epoch 25 | Loss: 0.3026 | Val Accuracy: 86.86%

   🛑 Early Stopping triggered after 8 epochs.

========================================
🏆 Best Val Accuracy: 87.24%
💾 Best Checkpoint: ./checkpoints/linear_mb-domars16k_dinov3_lvd_lr0.001_concat_3.pth
========================================

