
============================================================
📄 Log File: ./logs/linear_records/mb-domars16k_dinov3_sat_1cha_frac0.50x_lr0.0001_concat_3.log
⏰ Time: 2026-04-14 05:26:04
============================================================

🚀 Training dinov3_sat_1cha on mb-domars16k | Mode: LINEAR | LR: 0.0001
   📂 [TRAIN] Loading 1 shards...
   ✅ Loaded 5652 samples.
   📂 [TEST] Loading 1 shards...
   ✅ Loaded 1614 samples.
   ⚙️  Config: Workers=8, BS=64, SmallData=False

>>> Loading Model: dinov3_sat_1cha (dinov3_hub)
   🔍 Auditing weights for [dinov3_sat_1cha]...
   ✅ [PERFECT MATCH] 368/368 layers loaded (100.0%)

   🔍 [Structure Check] dinov3_sat_1cha Output Analysis:
      Type: Tuple (len=2)
      Item 0: Shape (1, 1024)
      Item 1: Shape (1, 256, 1024)
      ✅ Identified: CLS=True, Patch=True
      👉 Final Strategy: concat_3 | Input Dim: 3072
   ❄️  Mode: Linear Probe (Backbone Frozen)
   ⚡ AMP Precision: torch.bfloat16
   🔄 Training Start... (Epochs: 50, Patience: 8)
   📅 Epoch 1 | Loss: 2.3730 | Val Accuracy: 60.16%
      ⭐ New Best! (Model saving disabled to save space)
   📅 Epoch 2 | Loss: 1.8359 | Val Accuracy: 68.22%
      ⭐ New Best! (Model saving disabled to save space)
   📅 Epoch 3 | Loss: 1.5171 | Val Accuracy: 71.19%
      ⭐ New Best! (Model saving disabled to save space)
   📅 Epoch 4 | Loss: 1.3097 | Val Accuracy: 73.85%
      ⭐ New Best! (Model saving disabled to save space)
   📅 Epoch 5 | Loss: 1.1716 | Val Accuracy: 74.91%
      ⭐ New Best! (Model saving disabled to save space)
   📅 Epoch 6 | Loss: 1.0740 | Val Accuracy: 75.84%
      ⭐ New Best! (Model saving disabled to save space)
   📅 Epoch 7 | Loss: 0.9872 | Val Accuracy: 76.02%
      ⭐ New Best! (Model saving disabled to save space)
   📅 Epoch 8 | Loss: 0.9316 | Val Accuracy: 76.95%
      ⭐ New Best! (Model saving disabled to save space)
   📅 Epoch 9 | Loss: 0.8866 | Val Accuracy: 77.45%
      ⭐ New Best! (Model saving disabled to save space)
   📅 Epoch 10 | Loss: 0.8328 | Val Accuracy: 78.25%
      ⭐ New Best! (Model saving disabled to save space)
   📅 Epoch 11 | Loss: 0.8027 | Val Accuracy: 78.93%
      ⭐ New Best! (Model saving disabled to save space)
   📅 Epoch 12 | Loss: 0.7751 | Val Accuracy: 79.37%
      ⭐ New Best! (Model saving disabled to save space)
   📅 Epoch 13 | Loss: 0.7484 | Val Accuracy: 79.37%
   📅 Epoch 14 | Loss: 0.7180 | Val Accuracy: 79.99%
      ⭐ New Best! (Model saving disabled to save space)
   📅 Epoch 15 | Loss: 0.6979 | Val Accuracy: 80.42%
      ⭐ New Best! (Model saving disabled to save space)
   📅 Epoch 16 | Loss: 0.6861 | Val Accuracy: 80.86%
      ⭐ New Best! (Model saving disabled to save space)
   📅 Epoch 17 | Loss: 0.6694 | Val Accuracy: 81.60%
      ⭐ New Best! (Model saving disabled to save space)
   📅 Epoch 18 | Loss: 0.6586 | Val Accuracy: 81.35%
   📅 Epoch 19 | Loss: 0.6360 | Val Accuracy: 81.66%
      ⭐ New Best! (Model saving disabled to save space)
   📅 Epoch 20 | Loss: 0.6166 | Val Accuracy: 81.85%
      ⭐ New Best! (Model saving disabled to save space)
   📅 Epoch 21 | Loss: 0.6143 | Val Accuracy: 81.72%
   📅 Epoch 22 | Loss: 0.5975 | Val Accuracy: 81.78%
   📅 Epoch 23 | Loss: 0.5883 | Val Accuracy: 82.40%
      ⭐ New Best! (Model saving disabled to save space)
   📅 Epoch 24 | Loss: 0.5836 | Val Accuracy: 82.34%
   📅 Epoch 25 | Loss: 0.5781 | Val Accuracy: 83.02%
      ⭐ New Best! (Model saving disabled to save space)
   📅 Epoch 26 | Loss: 0.5665 | Val Accuracy: 82.65%
   📅 Epoch 27 | Loss: 0.5610 | Val Accuracy: 82.53%
   📅 Epoch 28 | Loss: 0.5501 | Val Accuracy: 83.02%
   📅 Epoch 29 | Loss: 0.5500 | Val Accuracy: 83.02%
   📅 Epoch 30 | Loss: 0.5337 | Val Accuracy: 83.52%
      ⭐ New Best! (Model saving disabled to save space)
   📅 Epoch 31 | Loss: 0.5202 | Val Accuracy: 83.27%
   📅 Epoch 32 | Loss: 0.5234 | Val Accuracy: 83.71%
      ⭐ New Best! (Model saving disabled to save space)
   📅 Epoch 33 | Loss: 0.5168 | Val Accuracy: 83.71%
   📅 Epoch 34 | Loss: 0.5079 | Val Accuracy: 83.64%
   📅 Epoch 35 | Loss: 0.5096 | Val Accuracy: 83.89%
      ⭐ New Best! (Model saving disabled to save space)
   📅 Epoch 36 | Loss: 0.5129 | Val Accuracy: 84.26%
      ⭐ New Best! (Model saving disabled to save space)
   📅 Epoch 37 | Loss: 0.5008 | Val Accuracy: 84.32%
      ⭐ New Best! (Model saving disabled to save space)
   📅 Epoch 38 | Loss: 0.4935 | Val Accuracy: 83.77%
   📅 Epoch 39 | Loss: 0.4918 | Val Accuracy: 84.32%
   📅 Epoch 40 | Loss: 0.4849 | Val Accuracy: 84.45%
      ⭐ New Best! (Model saving disabled to save space)
   📅 Epoch 41 | Loss: 0.4779 | Val Accuracy: 84.45%
   📅 Epoch 42 | Loss: 0.4735 | Val Accuracy: 84.32%
   📅 Epoch 43 | Loss: 0.4758 | Val Accuracy: 84.39%
   📅 Epoch 44 | Loss: 0.4767 | Val Accuracy: 84.70%
      ⭐ New Best! (Model saving disabled to save space)
   📅 Epoch 45 | Loss: 0.4649 | Val Accuracy: 84.82%
      ⭐ New Best! (Model saving disabled to save space)
   📅 Epoch 46 | Loss: 0.4633 | Val Accuracy: 85.01%
      ⭐ New Best! (Model saving disabled to save space)
   📅 Epoch 47 | Loss: 0.4543 | Val Accuracy: 85.44%
      ⭐ New Best! (Model saving disabled to save space)
   📅 Epoch 48 | Loss: 0.4507 | Val Accuracy: 85.25%
   📅 Epoch 49 | Loss: 0.4467 | Val Accuracy: 85.32%
   📅 Epoch 50 | Loss: 0.4497 | Val Accuracy: 84.88%

========================================
🏆 Best Val Accuracy: 85.44%
💾 Best Checkpoint: ./checkpoints/linear_mb-domars16k_dinov3_sat_1cha_lr0.0001_concat_3.pth
========================================

