
============================================================
📄 Log File: ./logs/linear_records_new/mb-domars16k_dinov2_l14_frac0.01x_lr1e-05_concat_3.log
⏰ Time: 2026-04-14 21:48:13
============================================================

🚀 Training dinov2_l14 on mb-domars16k | Mode: LINEAR | LR: 1e-05
   📂 [TRAIN] Loading 1 shards...
   ✅ Loaded 113 samples.
   📂 [TEST] Loading 1 shards...
   ✅ Loaded 1614 samples.
   ⚙️  Config: Workers=0, BS=64, SmallData=True

>>> Loading Model: dinov2_l14 (dinov2_hub)
   🔍 Auditing weights for [dinov2_l14]...
   ✅ [PERFECT MATCH] 343/343 layers loaded (100.0%)

   🔍 [Structure Check] dinov2_l14 Output Analysis:
      Type: Tuple (len=2)
      Item 0: Shape (1, 1024)
      Item 1: Shape (1, 256, 1024)
      ✅ Identified: CLS=True, Patch=True
      👉 Final Strategy: concat_3 | Input Dim: 3072
   ❄️  Mode: Linear Probe (Backbone Frozen)
   ⚡ AMP Precision: torch.bfloat16
   🔄 Training Start... (Epochs: 50, Patience: 8)
   📅 Epoch 1 | Loss: 2.8838 | Val Accuracy: 7.74%
      ⭐ New Best! (Model saving disabled to save space)
   📅 Epoch 2 | Loss: 2.7856 | Val Accuracy: 7.68%
   📅 Epoch 3 | Loss: 2.8481 | Val Accuracy: 7.81%
      ⭐ New Best! (Model saving disabled to save space)
   📅 Epoch 4 | Loss: 2.8439 | Val Accuracy: 7.62%
   📅 Epoch 5 | Loss: 2.8109 | Val Accuracy: 7.68%
   📅 Epoch 6 | Loss: 2.7769 | Val Accuracy: 7.68%
   📅 Epoch 7 | Loss: 2.7616 | Val Accuracy: 7.68%
   📅 Epoch 8 | Loss: 2.8960 | Val Accuracy: 7.43%
   📅 Epoch 9 | Loss: 2.8308 | Val Accuracy: 7.50%
   📅 Epoch 10 | Loss: 2.8811 | Val Accuracy: 7.43%
   📅 Epoch 11 | Loss: 2.8149 | Val Accuracy: 7.56%

   🛑 Early Stopping triggered after 8 epochs.

========================================
🏆 Best Val Accuracy: 7.81%
💾 Best Checkpoint: ./checkpoints/linear_mb-domars16k_dinov2_l14_lr1e-05_concat_3.pth
========================================

