
============================================================
📄 Log File: ./logs/linear_records/mb-frost_cls_siglip2_frac0.20x_lr1e-05_concat_3.log
⏰ Time: 2026-04-14 14:54:48
============================================================

🚀 Training siglip2 on mb-frost_cls | Mode: LINEAR | LR: 1e-05
   📂 [TRAIN] Loading 1 shards...
   ✅ Loaded 6024 samples.
   📂 [TEST] Loading 2 shards...
   ✅ Loaded 12249 samples.
   ⚙️  Config: Workers=8, BS=64, SmallData=False

>>> Loading Model: siglip2 (transformers)

   🔍 [Structure Check] siglip2 Output Analysis:
      Type: Tuple (len=2)
      Item 0: Shape (1, 1024)
      Item 1: Shape (1, 256, 1024)
      ✅ Identified: CLS=True, Patch=True
      👉 Final Strategy: concat_3 | Input Dim: 3072
   ❄️  Mode: Linear Probe (Backbone Frozen)
   ⚡ AMP Precision: torch.bfloat16
   🔄 Training Start... (Epochs: 50, Patience: 8)
   📅 Epoch 1 | Loss: 0.6578 | Val Accuracy: 72.02%
      ⭐ New Best! (Model saving disabled to save space)
   📅 Epoch 2 | Loss: 0.6064 | Val Accuracy: 77.93%
      ⭐ New Best! (Model saving disabled to save space)
   📅 Epoch 3 | Loss: 0.5754 | Val Accuracy: 79.11%
      ⭐ New Best! (Model saving disabled to save space)
   📅 Epoch 4 | Loss: 0.5458 | Val Accuracy: 79.23%
      ⭐ New Best! (Model saving disabled to save space)
   📅 Epoch 5 | Loss: 0.5205 | Val Accuracy: 85.89%
      ⭐ New Best! (Model saving disabled to save space)
   📅 Epoch 6 | Loss: 0.4984 | Val Accuracy: 83.21%
   📅 Epoch 7 | Loss: 0.4834 | Val Accuracy: 84.27%
   📅 Epoch 8 | Loss: 0.4642 | Val Accuracy: 85.88%
   📅 Epoch 9 | Loss: 0.4468 | Val Accuracy: 88.51%
      ⭐ New Best! (Model saving disabled to save space)
   📅 Epoch 10 | Loss: 0.4375 | Val Accuracy: 87.63%
   📅 Epoch 11 | Loss: 0.4229 | Val Accuracy: 87.69%
   📅 Epoch 12 | Loss: 0.4086 | Val Accuracy: 87.59%
   📅 Epoch 13 | Loss: 0.3984 | Val Accuracy: 89.45%
      ⭐ New Best! (Model saving disabled to save space)
   📅 Epoch 14 | Loss: 0.3916 | Val Accuracy: 89.53%
      ⭐ New Best! (Model saving disabled to save space)
   📅 Epoch 15 | Loss: 0.3833 | Val Accuracy: 89.49%
   📅 Epoch 16 | Loss: 0.3728 | Val Accuracy: 90.78%
      ⭐ New Best! (Model saving disabled to save space)
   📅 Epoch 17 | Loss: 0.3662 | Val Accuracy: 90.25%
   📅 Epoch 18 | Loss: 0.3540 | Val Accuracy: 90.50%
   📅 Epoch 19 | Loss: 0.3515 | Val Accuracy: 91.31%
      ⭐ New Best! (Model saving disabled to save space)
   📅 Epoch 20 | Loss: 0.3426 | Val Accuracy: 90.69%
   📅 Epoch 21 | Loss: 0.3350 | Val Accuracy: 91.64%
      ⭐ New Best! (Model saving disabled to save space)
   📅 Epoch 22 | Loss: 0.3306 | Val Accuracy: 91.27%
   📅 Epoch 23 | Loss: 0.3278 | Val Accuracy: 91.80%
      ⭐ New Best! (Model saving disabled to save space)
   📅 Epoch 24 | Loss: 0.3183 | Val Accuracy: 91.17%
   📅 Epoch 25 | Loss: 0.3147 | Val Accuracy: 91.32%
   📅 Epoch 26 | Loss: 0.3046 | Val Accuracy: 92.70%
      ⭐ New Best! (Model saving disabled to save space)
   📅 Epoch 27 | Loss: 0.3049 | Val Accuracy: 92.42%
   📅 Epoch 28 | Loss: 0.2971 | Val Accuracy: 92.94%
      ⭐ New Best! (Model saving disabled to save space)
   📅 Epoch 29 | Loss: 0.2962 | Val Accuracy: 92.43%
   📅 Epoch 30 | Loss: 0.2931 | Val Accuracy: 92.42%
   📅 Epoch 31 | Loss: 0.2883 | Val Accuracy: 92.86%
   📅 Epoch 32 | Loss: 0.2827 | Val Accuracy: 92.69%
   📅 Epoch 33 | Loss: 0.2815 | Val Accuracy: 93.12%
      ⭐ New Best! (Model saving disabled to save space)
   📅 Epoch 34 | Loss: 0.2818 | Val Accuracy: 93.89%
      ⭐ New Best! (Model saving disabled to save space)
   📅 Epoch 35 | Loss: 0.2771 | Val Accuracy: 93.35%
   📅 Epoch 36 | Loss: 0.2730 | Val Accuracy: 93.11%
   📅 Epoch 37 | Loss: 0.2700 | Val Accuracy: 93.60%
   📅 Epoch 38 | Loss: 0.2654 | Val Accuracy: 93.59%
   📅 Epoch 39 | Loss: 0.2640 | Val Accuracy: 93.35%
   📅 Epoch 40 | Loss: 0.2583 | Val Accuracy: 93.79%
   📅 Epoch 41 | Loss: 0.2586 | Val Accuracy: 93.50%
   📅 Epoch 42 | Loss: 0.2540 | Val Accuracy: 93.80%

   🛑 Early Stopping triggered after 8 epochs.

========================================
🏆 Best Val Accuracy: 93.89%
💾 Best Checkpoint: ./checkpoints/linear_mb-frost_cls_siglip2_lr1e-05_concat_3.pth
========================================

