
============================================================
📄 Log File: ./logs/linear_records/mb-frost_cls_openclip_frac0.50x_lr0.001_concat_3.log
⏰ Time: 2026-04-14 19:32:42
============================================================

🚀 Training openclip on mb-frost_cls | Mode: LINEAR | LR: 0.001
   📂 [TRAIN] Loading 2 shards...
   ✅ Loaded 15062 samples.
   📂 [TEST] Loading 2 shards...
   ✅ Loaded 12249 samples.
   ⚙️  Config: Workers=8, BS=64, SmallData=False

>>> Loading Model: openclip (transformers_clip)

   🔍 [Structure Check] openclip Output Analysis:
      Type: Tuple (len=2)
      Item 0: Shape (1, 1024)
      Item 1: Shape (1, 256, 1024)
      ✅ Identified: CLS=True, Patch=True
      👉 Final Strategy: concat_3 | Input Dim: 3072
   ❄️  Mode: Linear Probe (Backbone Frozen)
   ⚡ AMP Precision: torch.bfloat16
   🔄 Training Start... (Epochs: 50, Patience: 8)
   📅 Epoch 1 | Loss: 0.2795 | Val Accuracy: 97.08%
      ⭐ New Best! (Model saving disabled to save space)
   📅 Epoch 2 | Loss: 0.1390 | Val Accuracy: 96.16%
   📅 Epoch 3 | Loss: 0.1062 | Val Accuracy: 96.19%
   📅 Epoch 4 | Loss: 0.1086 | Val Accuracy: 96.11%
   📅 Epoch 5 | Loss: 0.0927 | Val Accuracy: 94.20%
   📅 Epoch 6 | Loss: 0.0879 | Val Accuracy: 96.42%
   📅 Epoch 7 | Loss: 0.0752 | Val Accuracy: 95.84%
   📅 Epoch 8 | Loss: 0.0796 | Val Accuracy: 93.35%
   📅 Epoch 9 | Loss: 0.0857 | Val Accuracy: 94.10%

   🛑 Early Stopping triggered after 8 epochs.

========================================
🏆 Best Val Accuracy: 97.08%
💾 Best Checkpoint: ./checkpoints/linear_mb-frost_cls_openclip_lr0.001_concat_3.pth
========================================

