
============================================================
📄 Log File: ./logs/linear_records_new/mb-frost_cls_dinov3_lvd_frac0.01x_lr0.001_concat_3.log
⏰ Time: 2026-04-15 20:03:41
============================================================

🚀 Training dinov3_lvd on mb-frost_cls | Mode: LINEAR | LR: 0.001
   📂 [TRAIN] Loading 1 shards...
   ✅ Loaded 301 samples.
   📂 [TEST] Loading 2 shards...
   ✅ Loaded 12249 samples.
   ⚙️  Config: Workers=0, BS=64, SmallData=True

>>> Loading Model: dinov3_lvd (dinov3_hub)
  ℹ️  DINOv3 Config: in_chans=3
   🔍 Auditing weights for [dinov3_lvd]...
   ✅ [PERFECT MATCH] 368/368 layers loaded (100.0%)

   🔍 [Structure Check] dinov3_lvd Output Analysis:
      Type: Tuple (len=2)
      Item 0: Shape (1, 1024)
      Item 1: Shape (1, 256, 1024)
      ✅ Identified: CLS=True, Patch=True
      👉 Final Strategy: concat_3 | Input Dim: 3072
   ❄️  Mode: Linear Probe (Backbone Frozen)
   ⚡ AMP Precision: torch.bfloat16
   🔄 Training Start... (Epochs: 50, Patience: 8)
   📅 Epoch 1 | Loss: 0.5700 | Val Accuracy: 94.38%
      ⭐ New Best! (Model saving disabled to save space)
   📅 Epoch 2 | Loss: 0.4087 | Val Accuracy: 86.30%
   📅 Epoch 3 | Loss: 0.3075 | Val Accuracy: 96.55%
      ⭐ New Best! (Model saving disabled to save space)
   📅 Epoch 4 | Loss: 0.3214 | Val Accuracy: 96.88%
      ⭐ New Best! (Model saving disabled to save space)
   📅 Epoch 5 | Loss: 0.3253 | Val Accuracy: 91.97%
   📅 Epoch 6 | Loss: 0.2697 | Val Accuracy: 96.30%
   📅 Epoch 7 | Loss: 0.2576 | Val Accuracy: 96.11%
   📅 Epoch 8 | Loss: 0.2075 | Val Accuracy: 95.28%
   📅 Epoch 9 | Loss: 0.2049 | Val Accuracy: 95.10%
   📅 Epoch 10 | Loss: 0.1898 | Val Accuracy: 95.71%
   📅 Epoch 11 | Loss: 0.1752 | Val Accuracy: 94.84%
   📅 Epoch 12 | Loss: 0.1754 | Val Accuracy: 95.45%

   🛑 Early Stopping triggered after 8 epochs.

========================================
🏆 Best Val Accuracy: 96.88%
💾 Best Checkpoint: ./checkpoints/linear_mb-frost_cls_dinov3_lvd_lr0.001_concat_3.pth
========================================

