
============================================================
📄 Log File: ./logs/linear_records_new/mb-frost_cls_dinov2_l14_frac0.01x_lr0.001_concat_3.log
⏰ Time: 2026-04-14 22:51:41
============================================================

🚀 Training dinov2_l14 on mb-frost_cls | Mode: LINEAR | LR: 0.001
   📂 [TRAIN] Loading 1 shards...
   ✅ Loaded 301 samples.
   📂 [TEST] Loading 2 shards...
   ✅ Loaded 12249 samples.
   ⚙️  Config: Workers=0, BS=64, SmallData=True

>>> Loading Model: dinov2_l14 (dinov2_hub)
   🔍 Auditing weights for [dinov2_l14]...
   ✅ [PERFECT MATCH] 343/343 layers loaded (100.0%)

   🔍 [Structure Check] dinov2_l14 Output Analysis:
      Type: Tuple (len=2)
      Item 0: Shape (1, 1024)
      Item 1: Shape (1, 256, 1024)
      ✅ Identified: CLS=True, Patch=True
      👉 Final Strategy: concat_3 | Input Dim: 3072
   ❄️  Mode: Linear Probe (Backbone Frozen)
   ⚡ AMP Precision: torch.bfloat16
   🔄 Training Start... (Epochs: 50, Patience: 8)
   📅 Epoch 1 | Loss: 1.1443 | Val Accuracy: 36.07%
      ⭐ New Best! (Model saving disabled to save space)
   📅 Epoch 2 | Loss: 0.8701 | Val Accuracy: 63.93%
      ⭐ New Best! (Model saving disabled to save space)
   📅 Epoch 3 | Loss: 0.7427 | Val Accuracy: 36.58%
   📅 Epoch 4 | Loss: 0.6934 | Val Accuracy: 71.50%
      ⭐ New Best! (Model saving disabled to save space)
   📅 Epoch 5 | Loss: 0.6865 | Val Accuracy: 76.61%
      ⭐ New Best! (Model saving disabled to save space)
   📅 Epoch 6 | Loss: 0.6170 | Val Accuracy: 57.91%
   📅 Epoch 7 | Loss: 0.5636 | Val Accuracy: 73.62%
   📅 Epoch 8 | Loss: 0.4750 | Val Accuracy: 71.09%
   📅 Epoch 9 | Loss: 0.4663 | Val Accuracy: 78.68%
      ⭐ New Best! (Model saving disabled to save space)
   📅 Epoch 10 | Loss: 0.4927 | Val Accuracy: 81.40%
      ⭐ New Best! (Model saving disabled to save space)
   📅 Epoch 11 | Loss: 0.4627 | Val Accuracy: 75.34%
   📅 Epoch 12 | Loss: 0.4620 | Val Accuracy: 83.25%
      ⭐ New Best! (Model saving disabled to save space)
   📅 Epoch 13 | Loss: 0.4273 | Val Accuracy: 75.77%
   📅 Epoch 14 | Loss: 0.4362 | Val Accuracy: 84.44%
      ⭐ New Best! (Model saving disabled to save space)
   📅 Epoch 15 | Loss: 0.4753 | Val Accuracy: 84.71%
      ⭐ New Best! (Model saving disabled to save space)
   📅 Epoch 16 | Loss: 0.4297 | Val Accuracy: 86.35%
      ⭐ New Best! (Model saving disabled to save space)
   📅 Epoch 17 | Loss: 0.4085 | Val Accuracy: 83.94%
   📅 Epoch 18 | Loss: 0.4267 | Val Accuracy: 88.33%
      ⭐ New Best! (Model saving disabled to save space)
   📅 Epoch 19 | Loss: 0.4282 | Val Accuracy: 85.50%
   📅 Epoch 20 | Loss: 0.3551 | Val Accuracy: 90.59%
      ⭐ New Best! (Model saving disabled to save space)
   📅 Epoch 21 | Loss: 0.4071 | Val Accuracy: 89.77%
   📅 Epoch 22 | Loss: 0.3580 | Val Accuracy: 86.99%
   📅 Epoch 23 | Loss: 0.3836 | Val Accuracy: 90.68%
      ⭐ New Best! (Model saving disabled to save space)
   📅 Epoch 24 | Loss: 0.3783 | Val Accuracy: 88.61%
   📅 Epoch 25 | Loss: 0.3270 | Val Accuracy: 90.22%
   📅 Epoch 26 | Loss: 0.3848 | Val Accuracy: 88.70%
   📅 Epoch 27 | Loss: 0.3729 | Val Accuracy: 86.24%
   📅 Epoch 28 | Loss: 0.3545 | Val Accuracy: 91.35%
      ⭐ New Best! (Model saving disabled to save space)
   📅 Epoch 29 | Loss: 0.4060 | Val Accuracy: 86.53%
   📅 Epoch 30 | Loss: 0.4345 | Val Accuracy: 91.53%
      ⭐ New Best! (Model saving disabled to save space)
   📅 Epoch 31 | Loss: 0.3725 | Val Accuracy: 91.29%
   📅 Epoch 32 | Loss: 0.3555 | Val Accuracy: 88.91%
   📅 Epoch 33 | Loss: 0.3634 | Val Accuracy: 91.66%
      ⭐ New Best! (Model saving disabled to save space)
   📅 Epoch 34 | Loss: 0.3209 | Val Accuracy: 88.28%
   📅 Epoch 35 | Loss: 0.3452 | Val Accuracy: 91.65%
   📅 Epoch 36 | Loss: 0.3436 | Val Accuracy: 89.21%
   📅 Epoch 37 | Loss: 0.2835 | Val Accuracy: 91.81%
      ⭐ New Best! (Model saving disabled to save space)
   📅 Epoch 38 | Loss: 0.3083 | Val Accuracy: 91.90%
      ⭐ New Best! (Model saving disabled to save space)
   📅 Epoch 39 | Loss: 0.3074 | Val Accuracy: 89.48%
   📅 Epoch 40 | Loss: 0.3204 | Val Accuracy: 92.02%
      ⭐ New Best! (Model saving disabled to save space)
   📅 Epoch 41 | Loss: 0.3233 | Val Accuracy: 88.55%
   📅 Epoch 42 | Loss: 0.2988 | Val Accuracy: 92.06%
      ⭐ New Best! (Model saving disabled to save space)
   📅 Epoch 43 | Loss: 0.3130 | Val Accuracy: 87.86%
   📅 Epoch 44 | Loss: 0.2998 | Val Accuracy: 91.92%
   📅 Epoch 45 | Loss: 0.3019 | Val Accuracy: 90.42%
   📅 Epoch 46 | Loss: 0.3193 | Val Accuracy: 92.06%
   📅 Epoch 47 | Loss: 0.3197 | Val Accuracy: 90.47%
   📅 Epoch 48 | Loss: 0.3344 | Val Accuracy: 91.52%
   📅 Epoch 49 | Loss: 0.3163 | Val Accuracy: 89.69%
   📅 Epoch 50 | Loss: 0.3056 | Val Accuracy: 92.11%
      ⭐ New Best! (Model saving disabled to save space)

========================================
🏆 Best Val Accuracy: 92.11%
💾 Best Checkpoint: ./checkpoints/linear_mb-frost_cls_dinov2_l14_lr0.001_concat_3.pth
========================================

