
============================================================
📄 Log File: ./logs/linear_records_new/mb-frost_cls_dinov3_sat_frac0.50x_lr0.001_concat_3.log
⏰ Time: 2026-04-16 01:51:00
============================================================

🚀 Training dinov3_sat on mb-frost_cls | Mode: LINEAR | LR: 0.001
   📂 [TRAIN] Loading 2 shards...
   ✅ Loaded 15062 samples.
   📂 [TEST] Loading 2 shards...
   ✅ Loaded 12249 samples.
   ⚙️  Config: Workers=8, BS=64, SmallData=False

>>> Loading Model: dinov3_sat (dinov3_hub)
  ℹ️  DINOv3 Config: in_chans=3
   🔍 Auditing weights for [dinov3_sat]...
   ✅ [PERFECT MATCH] 368/368 layers loaded (100.0%)

   🔍 [Structure Check] dinov3_sat Output Analysis:
      Type: Tuple (len=2)
      Item 0: Shape (1, 1024)
      Item 1: Shape (1, 256, 1024)
      ✅ Identified: CLS=True, Patch=True
      👉 Final Strategy: concat_3 | Input Dim: 3072
   ❄️  Mode: Linear Probe (Backbone Frozen)
   ⚡ AMP Precision: torch.bfloat16
   🔄 Training Start... (Epochs: 50, Patience: 8)
   📅 Epoch 1 | Loss: 0.1226 | Val Accuracy: 99.28%
      ⭐ New Best! (Model saving disabled to save space)
   📅 Epoch 2 | Loss: 0.0490 | Val Accuracy: 99.29%
      ⭐ New Best! (Model saving disabled to save space)
   📅 Epoch 3 | Loss: 0.0399 | Val Accuracy: 99.19%
   📅 Epoch 4 | Loss: 0.0344 | Val Accuracy: 99.15%
   📅 Epoch 5 | Loss: 0.0314 | Val Accuracy: 99.20%
   📅 Epoch 6 | Loss: 0.0262 | Val Accuracy: 99.32%
      ⭐ New Best! (Model saving disabled to save space)
   📅 Epoch 7 | Loss: 0.0230 | Val Accuracy: 99.49%
      ⭐ New Best! (Model saving disabled to save space)
   📅 Epoch 8 | Loss: 0.0212 | Val Accuracy: 99.34%
   📅 Epoch 9 | Loss: 0.0221 | Val Accuracy: 98.80%
   📅 Epoch 10 | Loss: 0.0213 | Val Accuracy: 98.82%
   📅 Epoch 11 | Loss: 0.0189 | Val Accuracy: 99.18%
   📅 Epoch 12 | Loss: 0.0195 | Val Accuracy: 99.10%
   📅 Epoch 13 | Loss: 0.0170 | Val Accuracy: 99.50%
      ⭐ New Best! (Model saving disabled to save space)
   📅 Epoch 14 | Loss: 0.0185 | Val Accuracy: 99.23%
   📅 Epoch 15 | Loss: 0.0168 | Val Accuracy: 99.46%
   📅 Epoch 16 | Loss: 0.0163 | Val Accuracy: 99.45%
   📅 Epoch 17 | Loss: 0.0176 | Val Accuracy: 99.36%
   📅 Epoch 18 | Loss: 0.0144 | Val Accuracy: 99.60%
      ⭐ New Best! (Model saving disabled to save space)
   📅 Epoch 19 | Loss: 0.0151 | Val Accuracy: 99.41%
   📅 Epoch 20 | Loss: 0.0149 | Val Accuracy: 99.32%
   📅 Epoch 21 | Loss: 0.0139 | Val Accuracy: 99.37%
   📅 Epoch 22 | Loss: 0.0137 | Val Accuracy: 99.41%
   📅 Epoch 23 | Loss: 0.0154 | Val Accuracy: 99.46%
   📅 Epoch 24 | Loss: 0.0142 | Val Accuracy: 99.53%
   📅 Epoch 25 | Loss: 0.0136 | Val Accuracy: 99.47%
   📅 Epoch 26 | Loss: 0.0130 | Val Accuracy: 99.48%

   🛑 Early Stopping triggered after 8 epochs.

========================================
🏆 Best Val Accuracy: 99.60%
💾 Best Checkpoint: ./checkpoints/linear_mb-frost_cls_dinov3_sat_lr0.001_concat_3.pth
========================================

