
============================================================
📄 Log File: ./logs/linear_records/mb-frost_cls_dinov1_b8_lr0.001_concat_3.log
⏰ Time: 2026-03-02 10:02:41
============================================================

🚀 Training dinov1_b8 on mb-frost_cls | Mode: LINEAR | LR: 0.001
   📂 [TRAIN] Loading 4 shards...
   ✅ Loaded 30124 samples.
   📂 [TEST] Loading 2 shards...
   ✅ Loaded 12249 samples.
   ⚙️  Config: Workers=8, BS=256, SmallData=False

>>> Loading Model: dinov1_b8 (dinov1)

   🔍 [Structure Check] dinov1_b8 Output Analysis:
      Type: Tuple (len=2)
      Item 0: Shape (1, 768)
      Item 1: Shape (1, 784, 768)
      ✅ Identified: CLS=True, Patch=True
      👉 Final Strategy: concat_3 | Input Dim: 2304
   ❄️  Mode: Linear Probe (Backbone Frozen)
   🚀 Compiling model with torch.compile...
   ⚡ AMP Precision: torch.bfloat16
   🔄 Training Start... (Epochs: 40, Patience: 5)
   📅 Epoch 1 | Loss: 0.2585 | Val Accuracy: 96.87%
      ⭐ New Best! Saved.
   📅 Epoch 2 | Loss: 0.0710 | Val Accuracy: 96.79%
   📅 Epoch 3 | Loss: 0.0549 | Val Accuracy: 96.63%
   📅 Epoch 4 | Loss: 0.0467 | Val Accuracy: 96.68%
   📅 Epoch 5 | Loss: 0.0447 | Val Accuracy: 96.64%
   📅 Epoch 6 | Loss: 0.0386 | Val Accuracy: 96.82%

   🛑 Early Stopping triggered after 5 epochs.

========================================
🏆 Best Val Accuracy: 96.87%
💾 Best Checkpoint: ./checkpoints/linear_mb-frost_cls_dinov1_b8_lr0.001_concat_3.pth
========================================

