
============================================================
📄 Log File: ./logs/linear_records/mb-frost_cls_siglip2_lr0.01_concat_3.log
⏰ Time: 2026-03-03 02:58:30
============================================================

🚀 Training siglip2 on mb-frost_cls | Mode: LINEAR | LR: 0.01
   📂 [TRAIN] Loading 4 shards...
   ✅ Loaded 30124 samples.
   📂 [TEST] Loading 2 shards...
   ✅ Loaded 12249 samples.
   ⚙️  Config: Workers=8, BS=256, SmallData=False

>>> Loading Model: siglip2 (transformers)

   🔍 [Structure Check] siglip2 Output Analysis:
      Type: Tuple (len=2)
      Item 0: Shape (1, 1024)
      Item 1: Shape (1, 256, 1024)
      ✅ Identified: CLS=True, Patch=True
      👉 Final Strategy: concat_3 | Input Dim: 3072
   ❄️  Mode: Linear Probe (Backbone Frozen)
   🚀 Compiling model with torch.compile...
   ⚡ AMP Precision: torch.bfloat16
   🔄 Training Start... (Epochs: 40, Patience: 5)
   📅 Epoch 1 | Loss: 2.6374 | Val Accuracy: 94.21%
      ⭐ New Best! Saved.
   📅 Epoch 2 | Loss: 0.1353 | Val Accuracy: 95.96%
      ⭐ New Best! Saved.
   📅 Epoch 3 | Loss: 0.0974 | Val Accuracy: 96.33%
      ⭐ New Best! Saved.
   📅 Epoch 4 | Loss: 0.1193 | Val Accuracy: 95.03%
   📅 Epoch 5 | Loss: 0.3334 | Val Accuracy: 95.02%
   📅 Epoch 6 | Loss: 0.1269 | Val Accuracy: 95.47%
   📅 Epoch 7 | Loss: 0.0895 | Val Accuracy: 95.12%
   📅 Epoch 8 | Loss: 0.0823 | Val Accuracy: 95.82%

   🛑 Early Stopping triggered after 5 epochs.

========================================
🏆 Best Val Accuracy: 96.33%
💾 Best Checkpoint: ./checkpoints/linear_mb-frost_cls_siglip2_lr0.01_concat_3.pth
========================================

