
============================================================
📄 Log File: ./logs/linear_records/mb-frost_cls_mars_mae_frac0.20x_lr1e-05_concat_3.log
⏰ Time: 2026-04-14 12:28:49
============================================================

🚀 Training mars_mae on mb-frost_cls | Mode: LINEAR | LR: 1e-05
   📂 [TRAIN] Loading 1 shards...
   ✅ Loaded 6024 samples.
   📂 [TEST] Loading 2 shards...
   ✅ Loaded 12249 samples.
   ⚙️  Config: Workers=8, BS=64, SmallData=False

>>> Loading Model: mars_mae (timm_mae)
   ℹ️  Config: in_chans=1
   🔍 Auditing weights for [mars_mae]...
   ✅ [PERFECT MATCH] 150/150 layers loaded (100.0%)

   🔍 [Structure Check] mars_mae Output Analysis:
      Type: Tuple (len=2)
      Item 0: Shape (1, 768)
      Item 1: Shape (1, 196, 768)
      ✅ Identified: CLS=True, Patch=True
      👉 Final Strategy: concat_3 | Input Dim: 2304
   ❄️  Mode: Linear Probe (Backbone Frozen)
   ⚡ AMP Precision: torch.bfloat16
   🔄 Training Start... (Epochs: 50, Patience: 8)
   📅 Epoch 1 | Loss: 0.6951 | Val Accuracy: 60.43%
      ⭐ New Best! (Model saving disabled to save space)
   📅 Epoch 2 | Loss: 0.6719 | Val Accuracy: 68.21%
      ⭐ New Best! (Model saving disabled to save space)
   📅 Epoch 3 | Loss: 0.6497 | Val Accuracy: 71.67%
      ⭐ New Best! (Model saving disabled to save space)
   📅 Epoch 4 | Loss: 0.6316 | Val Accuracy: 78.26%
      ⭐ New Best! (Model saving disabled to save space)
   📅 Epoch 5 | Loss: 0.6152 | Val Accuracy: 77.79%
   📅 Epoch 6 | Loss: 0.6019 | Val Accuracy: 82.00%
      ⭐ New Best! (Model saving disabled to save space)
   📅 Epoch 7 | Loss: 0.5878 | Val Accuracy: 85.90%
      ⭐ New Best! (Model saving disabled to save space)
   📅 Epoch 8 | Loss: 0.5735 | Val Accuracy: 83.60%
   📅 Epoch 9 | Loss: 0.5603 | Val Accuracy: 86.87%
      ⭐ New Best! (Model saving disabled to save space)
   📅 Epoch 10 | Loss: 0.5478 | Val Accuracy: 88.38%
      ⭐ New Best! (Model saving disabled to save space)
   📅 Epoch 11 | Loss: 0.5379 | Val Accuracy: 89.93%
      ⭐ New Best! (Model saving disabled to save space)
   📅 Epoch 12 | Loss: 0.5295 | Val Accuracy: 89.97%
      ⭐ New Best! (Model saving disabled to save space)
   📅 Epoch 13 | Loss: 0.5188 | Val Accuracy: 91.57%
      ⭐ New Best! (Model saving disabled to save space)
   📅 Epoch 14 | Loss: 0.5061 | Val Accuracy: 91.80%
      ⭐ New Best! (Model saving disabled to save space)
   📅 Epoch 15 | Loss: 0.4972 | Val Accuracy: 92.79%
      ⭐ New Best! (Model saving disabled to save space)
   📅 Epoch 16 | Loss: 0.4931 | Val Accuracy: 93.28%
      ⭐ New Best! (Model saving disabled to save space)
   📅 Epoch 17 | Loss: 0.4835 | Val Accuracy: 92.98%
   📅 Epoch 18 | Loss: 0.4756 | Val Accuracy: 93.53%
      ⭐ New Best! (Model saving disabled to save space)
   📅 Epoch 19 | Loss: 0.4682 | Val Accuracy: 93.00%
   📅 Epoch 20 | Loss: 0.4613 | Val Accuracy: 93.65%
      ⭐ New Best! (Model saving disabled to save space)
   📅 Epoch 21 | Loss: 0.4538 | Val Accuracy: 93.57%
   📅 Epoch 22 | Loss: 0.4474 | Val Accuracy: 93.85%
      ⭐ New Best! (Model saving disabled to save space)
   📅 Epoch 23 | Loss: 0.4387 | Val Accuracy: 94.08%
      ⭐ New Best! (Model saving disabled to save space)
   📅 Epoch 24 | Loss: 0.4348 | Val Accuracy: 93.98%
   📅 Epoch 25 | Loss: 0.4284 | Val Accuracy: 93.87%
   📅 Epoch 26 | Loss: 0.4282 | Val Accuracy: 94.35%
      ⭐ New Best! (Model saving disabled to save space)
   📅 Epoch 27 | Loss: 0.4194 | Val Accuracy: 94.20%
   📅 Epoch 28 | Loss: 0.4177 | Val Accuracy: 94.11%
   📅 Epoch 29 | Loss: 0.4104 | Val Accuracy: 94.81%
      ⭐ New Best! (Model saving disabled to save space)
   📅 Epoch 30 | Loss: 0.4055 | Val Accuracy: 94.63%
   📅 Epoch 31 | Loss: 0.4018 | Val Accuracy: 94.68%
   📅 Epoch 32 | Loss: 0.3970 | Val Accuracy: 94.51%
   📅 Epoch 33 | Loss: 0.3917 | Val Accuracy: 94.35%
   📅 Epoch 34 | Loss: 0.3872 | Val Accuracy: 94.54%
   📅 Epoch 35 | Loss: 0.3845 | Val Accuracy: 94.74%
   📅 Epoch 36 | Loss: 0.3824 | Val Accuracy: 94.55%
   📅 Epoch 37 | Loss: 0.3774 | Val Accuracy: 94.73%

   🛑 Early Stopping triggered after 8 epochs.

========================================
🏆 Best Val Accuracy: 94.81%
💾 Best Checkpoint: ./checkpoints/linear_mb-frost_cls_mars_mae_lr1e-05_concat_3.pth
========================================

