
============================================================
📄 Log File: ./logs/linear_records/mb-frost_cls_openclip_frac0.01x_lr0.001_concat_3.log
⏰ Time: 2026-04-14 15:55:19
============================================================

🚀 Training openclip on mb-frost_cls | Mode: LINEAR | LR: 0.001
   📂 [TRAIN] Loading 1 shards...
   ✅ Loaded 301 samples.
   📂 [TEST] Loading 2 shards...
   ✅ Loaded 12249 samples.
   ⚙️  Config: Workers=0, BS=64, SmallData=True

>>> Loading Model: openclip (transformers_clip)

   🔍 [Structure Check] openclip Output Analysis:
      Type: Tuple (len=2)
      Item 0: Shape (1, 1024)
      Item 1: Shape (1, 256, 1024)
      ✅ Identified: CLS=True, Patch=True
      👉 Final Strategy: concat_3 | Input Dim: 3072
   ❄️  Mode: Linear Probe (Backbone Frozen)
   ⚡ AMP Precision: torch.bfloat16
   🔄 Training Start... (Epochs: 50, Patience: 8)
   📅 Epoch 1 | Loss: 1.1760 | Val Accuracy: 64.90%
      ⭐ New Best! (Model saving disabled to save space)
   📅 Epoch 2 | Loss: 0.7024 | Val Accuracy: 47.98%
   📅 Epoch 3 | Loss: 0.5288 | Val Accuracy: 93.44%
      ⭐ New Best! (Model saving disabled to save space)
   📅 Epoch 4 | Loss: 0.4497 | Val Accuracy: 77.32%
   📅 Epoch 5 | Loss: 0.4182 | Val Accuracy: 94.65%
      ⭐ New Best! (Model saving disabled to save space)
   📅 Epoch 6 | Loss: 0.3756 | Val Accuracy: 73.35%
   📅 Epoch 7 | Loss: 0.3737 | Val Accuracy: 93.05%
   📅 Epoch 8 | Loss: 0.3239 | Val Accuracy: 91.14%
   📅 Epoch 9 | Loss: 0.2903 | Val Accuracy: 88.11%
   📅 Epoch 10 | Loss: 0.2757 | Val Accuracy: 91.35%
   📅 Epoch 11 | Loss: 0.2974 | Val Accuracy: 93.42%
   📅 Epoch 12 | Loss: 0.2560 | Val Accuracy: 89.27%
   📅 Epoch 13 | Loss: 0.2716 | Val Accuracy: 92.68%

   🛑 Early Stopping triggered after 8 epochs.

========================================
🏆 Best Val Accuracy: 94.65%
💾 Best Checkpoint: ./checkpoints/linear_mb-frost_cls_openclip_lr0.001_concat_3.pth
========================================

