
============================================================
📄 Log File: ./logs/linear_records/mb-frost_cls_openclip_frac0.20x_lr0.0001_concat_3.log
⏰ Time: 2026-04-14 16:35:00
============================================================

🚀 Training openclip on mb-frost_cls | Mode: LINEAR | LR: 0.0001
   📂 [TRAIN] Loading 1 shards...
   ✅ Loaded 6024 samples.
   📂 [TEST] Loading 2 shards...
   ✅ Loaded 12249 samples.
   ⚙️  Config: Workers=8, BS=64, SmallData=False

>>> Loading Model: openclip (transformers_clip)

   🔍 [Structure Check] openclip Output Analysis:
      Type: Tuple (len=2)
      Item 0: Shape (1, 1024)
      Item 1: Shape (1, 256, 1024)
      ✅ Identified: CLS=True, Patch=True
      👉 Final Strategy: concat_3 | Input Dim: 3072
   ❄️  Mode: Linear Probe (Backbone Frozen)
   ⚡ AMP Precision: torch.bfloat16
   🔄 Training Start... (Epochs: 50, Patience: 8)
   📅 Epoch 1 | Loss: 0.6177 | Val Accuracy: 89.48%
      ⭐ New Best! (Model saving disabled to save space)
   📅 Epoch 2 | Loss: 0.4204 | Val Accuracy: 92.30%
      ⭐ New Best! (Model saving disabled to save space)
   📅 Epoch 3 | Loss: 0.3462 | Val Accuracy: 93.55%
      ⭐ New Best! (Model saving disabled to save space)
   📅 Epoch 4 | Loss: 0.3031 | Val Accuracy: 93.66%
      ⭐ New Best! (Model saving disabled to save space)
   📅 Epoch 5 | Loss: 0.2741 | Val Accuracy: 93.76%
      ⭐ New Best! (Model saving disabled to save space)
   📅 Epoch 6 | Loss: 0.2497 | Val Accuracy: 96.15%
      ⭐ New Best! (Model saving disabled to save space)
   📅 Epoch 7 | Loss: 0.2346 | Val Accuracy: 95.05%
   📅 Epoch 8 | Loss: 0.2162 | Val Accuracy: 96.91%
      ⭐ New Best! (Model saving disabled to save space)
   📅 Epoch 9 | Loss: 0.2021 | Val Accuracy: 96.31%
   📅 Epoch 10 | Loss: 0.1978 | Val Accuracy: 96.81%
   📅 Epoch 11 | Loss: 0.1886 | Val Accuracy: 97.03%
      ⭐ New Best! (Model saving disabled to save space)
   📅 Epoch 12 | Loss: 0.1800 | Val Accuracy: 97.31%
      ⭐ New Best! (Model saving disabled to save space)
   📅 Epoch 13 | Loss: 0.1705 | Val Accuracy: 96.47%
   📅 Epoch 14 | Loss: 0.1695 | Val Accuracy: 97.31%
   📅 Epoch 15 | Loss: 0.1549 | Val Accuracy: 97.30%
   📅 Epoch 16 | Loss: 0.1510 | Val Accuracy: 97.29%
   📅 Epoch 17 | Loss: 0.1466 | Val Accuracy: 96.91%
   📅 Epoch 18 | Loss: 0.1481 | Val Accuracy: 97.20%
   📅 Epoch 19 | Loss: 0.1410 | Val Accuracy: 97.13%
   📅 Epoch 20 | Loss: 0.1408 | Val Accuracy: 97.16%

   🛑 Early Stopping triggered after 8 epochs.

========================================
🏆 Best Val Accuracy: 97.31%
💾 Best Checkpoint: ./checkpoints/linear_mb-frost_cls_openclip_lr0.0001_concat_3.pth
========================================

