
============================================================
📄 Log File: ./logs/linear_records/mb-frost_cls_satmae_frac0.20x_lr0.0001_concat_3.log
⏰ Time: 2026-04-14 11:02:18
============================================================

🚀 Training satmae on mb-frost_cls | Mode: LINEAR | LR: 0.0001
   📂 [TRAIN] Loading 1 shards...
   ✅ Loaded 6024 samples.
   📂 [TEST] Loading 2 shards...
   ✅ Loaded 12249 samples.
   ⚙️  Config: Workers=8, BS=64, SmallData=False

>>> Loading Model: satmae (timm_mae)
   ℹ️  Config: in_chans=3
   🔍 Auditing weights for [satmae]...
   ✅ [PERFECT MATCH] 294/294 layers loaded (100.0%)

   🔍 [Structure Check] satmae Output Analysis:
      Type: Tuple (len=2)
      Item 0: Shape (1, 1024)
      Item 1: Shape (1, 196, 1024)
      ✅ Identified: CLS=True, Patch=True
      👉 Final Strategy: concat_3 | Input Dim: 3072
   ❄️  Mode: Linear Probe (Backbone Frozen)
   ⚡ AMP Precision: torch.bfloat16
   🔄 Training Start... (Epochs: 50, Patience: 8)
   📅 Epoch 1 | Loss: 0.5698 | Val Accuracy: 87.65%
      ⭐ New Best! (Model saving disabled to save space)
   📅 Epoch 2 | Loss: 0.4337 | Val Accuracy: 92.07%
      ⭐ New Best! (Model saving disabled to save space)
   📅 Epoch 3 | Loss: 0.3818 | Val Accuracy: 93.09%
      ⭐ New Best! (Model saving disabled to save space)
   📅 Epoch 4 | Loss: 0.3523 | Val Accuracy: 93.26%
      ⭐ New Best! (Model saving disabled to save space)
   📅 Epoch 5 | Loss: 0.3254 | Val Accuracy: 94.24%
      ⭐ New Best! (Model saving disabled to save space)
   📅 Epoch 6 | Loss: 0.3050 | Val Accuracy: 94.55%
      ⭐ New Best! (Model saving disabled to save space)
   📅 Epoch 7 | Loss: 0.2891 | Val Accuracy: 94.74%
      ⭐ New Best! (Model saving disabled to save space)
   📅 Epoch 8 | Loss: 0.2772 | Val Accuracy: 94.11%
   📅 Epoch 9 | Loss: 0.2729 | Val Accuracy: 94.76%
      ⭐ New Best! (Model saving disabled to save space)
   📅 Epoch 10 | Loss: 0.2560 | Val Accuracy: 94.45%
   📅 Epoch 11 | Loss: 0.2589 | Val Accuracy: 94.96%
      ⭐ New Best! (Model saving disabled to save space)
   📅 Epoch 12 | Loss: 0.2417 | Val Accuracy: 95.04%
      ⭐ New Best! (Model saving disabled to save space)
   📅 Epoch 13 | Loss: 0.2421 | Val Accuracy: 94.18%
   📅 Epoch 14 | Loss: 0.2323 | Val Accuracy: 94.90%
   📅 Epoch 15 | Loss: 0.2300 | Val Accuracy: 94.45%
   📅 Epoch 16 | Loss: 0.2250 | Val Accuracy: 94.77%
   📅 Epoch 17 | Loss: 0.2246 | Val Accuracy: 95.37%
      ⭐ New Best! (Model saving disabled to save space)
   📅 Epoch 18 | Loss: 0.2218 | Val Accuracy: 94.96%
   📅 Epoch 19 | Loss: 0.2136 | Val Accuracy: 94.86%
   📅 Epoch 20 | Loss: 0.2105 | Val Accuracy: 95.26%
   📅 Epoch 21 | Loss: 0.2071 | Val Accuracy: 94.43%
   📅 Epoch 22 | Loss: 0.2081 | Val Accuracy: 94.55%
   📅 Epoch 23 | Loss: 0.2007 | Val Accuracy: 95.57%
      ⭐ New Best! (Model saving disabled to save space)
   📅 Epoch 24 | Loss: 0.2020 | Val Accuracy: 94.65%
   📅 Epoch 25 | Loss: 0.1978 | Val Accuracy: 95.62%
      ⭐ New Best! (Model saving disabled to save space)
   📅 Epoch 26 | Loss: 0.1950 | Val Accuracy: 95.69%
      ⭐ New Best! (Model saving disabled to save space)
   📅 Epoch 27 | Loss: 0.1954 | Val Accuracy: 94.42%
   📅 Epoch 28 | Loss: 0.1893 | Val Accuracy: 95.35%
   📅 Epoch 29 | Loss: 0.1899 | Val Accuracy: 95.43%
   📅 Epoch 30 | Loss: 0.1824 | Val Accuracy: 95.65%
   📅 Epoch 31 | Loss: 0.1930 | Val Accuracy: 95.68%
   📅 Epoch 32 | Loss: 0.1765 | Val Accuracy: 95.31%
   📅 Epoch 33 | Loss: 0.1794 | Val Accuracy: 95.61%
   📅 Epoch 34 | Loss: 0.1822 | Val Accuracy: 95.78%
      ⭐ New Best! (Model saving disabled to save space)
   📅 Epoch 35 | Loss: 0.1774 | Val Accuracy: 95.42%
   📅 Epoch 36 | Loss: 0.1829 | Val Accuracy: 95.64%
   📅 Epoch 37 | Loss: 0.1742 | Val Accuracy: 95.62%
   📅 Epoch 38 | Loss: 0.1742 | Val Accuracy: 95.44%
   📅 Epoch 39 | Loss: 0.1740 | Val Accuracy: 95.58%
   📅 Epoch 40 | Loss: 0.1684 | Val Accuracy: 95.62%
   📅 Epoch 41 | Loss: 0.1760 | Val Accuracy: 94.48%
   📅 Epoch 42 | Loss: 0.1733 | Val Accuracy: 95.21%

   🛑 Early Stopping triggered after 8 epochs.

========================================
🏆 Best Val Accuracy: 95.78%
💾 Best Checkpoint: ./checkpoints/linear_mb-frost_cls_satmae_lr0.0001_concat_3.pth
========================================

