
============================================================
📄 Log File: ./logs/linear_records_new/mb-frost_cls_dinov2_l14_frac0.05x_lr0.001_concat_3.log
⏰ Time: 2026-04-14 23:00:27
============================================================

🚀 Training dinov2_l14 on mb-frost_cls | Mode: LINEAR | LR: 0.001
   📂 [TRAIN] Loading 1 shards...
   ✅ Loaded 1506 samples.
   📂 [TEST] Loading 2 shards...
   ✅ Loaded 12249 samples.
   ⚙️  Config: Workers=8, BS=64, SmallData=False

>>> Loading Model: dinov2_l14 (dinov2_hub)
   🔍 Auditing weights for [dinov2_l14]...
   ✅ [PERFECT MATCH] 343/343 layers loaded (100.0%)

   🔍 [Structure Check] dinov2_l14 Output Analysis:
      Type: Tuple (len=2)
      Item 0: Shape (1, 1024)
      Item 1: Shape (1, 256, 1024)
      ✅ Identified: CLS=True, Patch=True
      👉 Final Strategy: concat_3 | Input Dim: 3072
   ❄️  Mode: Linear Probe (Backbone Frozen)
   ⚡ AMP Precision: torch.bfloat16
   🔄 Training Start... (Epochs: 50, Patience: 8)
   📅 Epoch 1 | Loss: 0.7789 | Val Accuracy: 73.00%
      ⭐ New Best! (Model saving disabled to save space)
   📅 Epoch 2 | Loss: 0.5121 | Val Accuracy: 83.71%
      ⭐ New Best! (Model saving disabled to save space)
   📅 Epoch 3 | Loss: 0.4576 | Val Accuracy: 88.04%
      ⭐ New Best! (Model saving disabled to save space)
   📅 Epoch 4 | Loss: 0.3999 | Val Accuracy: 82.79%
   📅 Epoch 5 | Loss: 0.3734 | Val Accuracy: 87.94%
   📅 Epoch 6 | Loss: 0.3939 | Val Accuracy: 90.93%
      ⭐ New Best! (Model saving disabled to save space)
   📅 Epoch 7 | Loss: 0.3422 | Val Accuracy: 89.13%
   📅 Epoch 8 | Loss: 0.3358 | Val Accuracy: 92.45%
      ⭐ New Best! (Model saving disabled to save space)
   📅 Epoch 9 | Loss: 0.3347 | Val Accuracy: 92.48%
      ⭐ New Best! (Model saving disabled to save space)
   📅 Epoch 10 | Loss: 0.3240 | Val Accuracy: 93.14%
      ⭐ New Best! (Model saving disabled to save space)
   📅 Epoch 11 | Loss: 0.3202 | Val Accuracy: 88.33%
   📅 Epoch 12 | Loss: 0.3186 | Val Accuracy: 91.30%
   📅 Epoch 13 | Loss: 0.2992 | Val Accuracy: 92.57%
   📅 Epoch 14 | Loss: 0.2991 | Val Accuracy: 94.03%
      ⭐ New Best! (Model saving disabled to save space)
   📅 Epoch 15 | Loss: 0.2889 | Val Accuracy: 93.22%
   📅 Epoch 16 | Loss: 0.2760 | Val Accuracy: 90.96%
   📅 Epoch 17 | Loss: 0.2806 | Val Accuracy: 85.89%
   📅 Epoch 18 | Loss: 0.2947 | Val Accuracy: 93.53%
   📅 Epoch 19 | Loss: 0.3096 | Val Accuracy: 93.62%
   📅 Epoch 20 | Loss: 0.2748 | Val Accuracy: 93.92%
   📅 Epoch 21 | Loss: 0.2610 | Val Accuracy: 93.77%
   📅 Epoch 22 | Loss: 0.2827 | Val Accuracy: 91.75%

   🛑 Early Stopping triggered after 8 epochs.

========================================
🏆 Best Val Accuracy: 94.03%
💾 Best Checkpoint: ./checkpoints/linear_mb-frost_cls_dinov2_l14_lr0.001_concat_3.pth
========================================

