
============================================================
📄 Log File: ./logs/linear_records/mb-frost_cls_dinov3_lvd_1cha_frac0.01x_lr1e-05_concat_3.log
⏰ Time: 2026-04-14 19:00:51
============================================================

🚀 Training dinov3_lvd_1cha on mb-frost_cls | Mode: LINEAR | LR: 1e-05
   📂 [TRAIN] Loading 1 shards...
   ✅ Loaded 301 samples.
   📂 [TEST] Loading 2 shards...
   ✅ Loaded 12249 samples.
   ⚙️  Config: Workers=0, BS=64, SmallData=True

>>> Loading Model: dinov3_lvd_1cha (dinov3_hub)
   🔍 Auditing weights for [dinov3_lvd_1cha]...
   ✅ [PERFECT MATCH] 368/368 layers loaded (100.0%)

   🔍 [Structure Check] dinov3_lvd_1cha Output Analysis:
      Type: Tuple (len=2)
      Item 0: Shape (1, 1024)
      Item 1: Shape (1, 256, 1024)
      ✅ Identified: CLS=True, Patch=True
      👉 Final Strategy: concat_3 | Input Dim: 3072
   ❄️  Mode: Linear Probe (Backbone Frozen)
   ⚡ AMP Precision: torch.bfloat16
   🔄 Training Start... (Epochs: 50, Patience: 8)
   📅 Epoch 1 | Loss: 0.6995 | Val Accuracy: 36.17%
      ⭐ New Best! (Model saving disabled to save space)
   📅 Epoch 2 | Loss: 0.6853 | Val Accuracy: 36.23%
      ⭐ New Best! (Model saving disabled to save space)
   📅 Epoch 3 | Loss: 0.6718 | Val Accuracy: 36.40%
      ⭐ New Best! (Model saving disabled to save space)
   📅 Epoch 4 | Loss: 0.6827 | Val Accuracy: 36.59%
      ⭐ New Best! (Model saving disabled to save space)
   📅 Epoch 5 | Loss: 0.6779 | Val Accuracy: 36.95%
      ⭐ New Best! (Model saving disabled to save space)
   📅 Epoch 6 | Loss: 0.6616 | Val Accuracy: 37.41%
      ⭐ New Best! (Model saving disabled to save space)
   📅 Epoch 7 | Loss: 0.6646 | Val Accuracy: 38.33%
      ⭐ New Best! (Model saving disabled to save space)
   📅 Epoch 8 | Loss: 0.6669 | Val Accuracy: 39.46%
      ⭐ New Best! (Model saving disabled to save space)
   📅 Epoch 9 | Loss: 0.6650 | Val Accuracy: 41.19%
      ⭐ New Best! (Model saving disabled to save space)
   📅 Epoch 10 | Loss: 0.6585 | Val Accuracy: 43.08%
      ⭐ New Best! (Model saving disabled to save space)
   📅 Epoch 11 | Loss: 0.6493 | Val Accuracy: 45.33%
      ⭐ New Best! (Model saving disabled to save space)
   📅 Epoch 12 | Loss: 0.6467 | Val Accuracy: 47.75%
      ⭐ New Best! (Model saving disabled to save space)
   📅 Epoch 13 | Loss: 0.6445 | Val Accuracy: 50.41%
      ⭐ New Best! (Model saving disabled to save space)
   📅 Epoch 14 | Loss: 0.6353 | Val Accuracy: 52.53%
      ⭐ New Best! (Model saving disabled to save space)
   📅 Epoch 15 | Loss: 0.6363 | Val Accuracy: 54.64%
      ⭐ New Best! (Model saving disabled to save space)
   📅 Epoch 16 | Loss: 0.6455 | Val Accuracy: 57.34%
      ⭐ New Best! (Model saving disabled to save space)
   📅 Epoch 17 | Loss: 0.6258 | Val Accuracy: 59.96%
      ⭐ New Best! (Model saving disabled to save space)
   📅 Epoch 18 | Loss: 0.6276 | Val Accuracy: 62.32%
      ⭐ New Best! (Model saving disabled to save space)
   📅 Epoch 19 | Loss: 0.6176 | Val Accuracy: 64.00%
      ⭐ New Best! (Model saving disabled to save space)
   📅 Epoch 20 | Loss: 0.6174 | Val Accuracy: 65.73%
      ⭐ New Best! (Model saving disabled to save space)
   📅 Epoch 21 | Loss: 0.6187 | Val Accuracy: 67.37%
      ⭐ New Best! (Model saving disabled to save space)
   📅 Epoch 22 | Loss: 0.6129 | Val Accuracy: 68.87%
      ⭐ New Best! (Model saving disabled to save space)
   📅 Epoch 23 | Loss: 0.6097 | Val Accuracy: 70.15%
      ⭐ New Best! (Model saving disabled to save space)
   📅 Epoch 24 | Loss: 0.6085 | Val Accuracy: 71.21%
      ⭐ New Best! (Model saving disabled to save space)
   📅 Epoch 25 | Loss: 0.6056 | Val Accuracy: 72.08%
      ⭐ New Best! (Model saving disabled to save space)
   📅 Epoch 26 | Loss: 0.6070 | Val Accuracy: 73.10%
      ⭐ New Best! (Model saving disabled to save space)
   📅 Epoch 27 | Loss: 0.6063 | Val Accuracy: 74.16%
      ⭐ New Best! (Model saving disabled to save space)
   📅 Epoch 28 | Loss: 0.5958 | Val Accuracy: 75.18%
      ⭐ New Best! (Model saving disabled to save space)
   📅 Epoch 29 | Loss: 0.6031 | Val Accuracy: 75.92%
      ⭐ New Best! (Model saving disabled to save space)
   📅 Epoch 30 | Loss: 0.5904 | Val Accuracy: 76.56%
      ⭐ New Best! (Model saving disabled to save space)
   📅 Epoch 31 | Loss: 0.5908 | Val Accuracy: 76.53%
   📅 Epoch 32 | Loss: 0.5848 | Val Accuracy: 77.22%
      ⭐ New Best! (Model saving disabled to save space)
   📅 Epoch 33 | Loss: 0.5836 | Val Accuracy: 77.59%
      ⭐ New Best! (Model saving disabled to save space)
   📅 Epoch 34 | Loss: 0.5871 | Val Accuracy: 78.02%
      ⭐ New Best! (Model saving disabled to save space)
   📅 Epoch 35 | Loss: 0.5750 | Val Accuracy: 78.63%
      ⭐ New Best! (Model saving disabled to save space)
   📅 Epoch 36 | Loss: 0.5792 | Val Accuracy: 79.05%
      ⭐ New Best! (Model saving disabled to save space)
   📅 Epoch 37 | Loss: 0.5780 | Val Accuracy: 79.24%
      ⭐ New Best! (Model saving disabled to save space)
   📅 Epoch 38 | Loss: 0.5684 | Val Accuracy: 79.38%
      ⭐ New Best! (Model saving disabled to save space)
   📅 Epoch 39 | Loss: 0.5688 | Val Accuracy: 79.56%
      ⭐ New Best! (Model saving disabled to save space)
   📅 Epoch 40 | Loss: 0.5681 | Val Accuracy: 80.10%
      ⭐ New Best! (Model saving disabled to save space)
   📅 Epoch 41 | Loss: 0.5660 | Val Accuracy: 80.46%
      ⭐ New Best! (Model saving disabled to save space)
   📅 Epoch 42 | Loss: 0.5646 | Val Accuracy: 80.87%
      ⭐ New Best! (Model saving disabled to save space)
   📅 Epoch 43 | Loss: 0.5531 | Val Accuracy: 81.35%
      ⭐ New Best! (Model saving disabled to save space)
   📅 Epoch 44 | Loss: 0.5610 | Val Accuracy: 81.79%
      ⭐ New Best! (Model saving disabled to save space)
   📅 Epoch 45 | Loss: 0.5537 | Val Accuracy: 82.09%
      ⭐ New Best! (Model saving disabled to save space)
   📅 Epoch 46 | Loss: 0.5539 | Val Accuracy: 82.45%
      ⭐ New Best! (Model saving disabled to save space)
   📅 Epoch 47 | Loss: 0.5602 | Val Accuracy: 82.91%
      ⭐ New Best! (Model saving disabled to save space)
   📅 Epoch 48 | Loss: 0.5624 | Val Accuracy: 83.39%
      ⭐ New Best! (Model saving disabled to save space)
   📅 Epoch 49 | Loss: 0.5520 | Val Accuracy: 83.53%
      ⭐ New Best! (Model saving disabled to save space)
   📅 Epoch 50 | Loss: 0.5415 | Val Accuracy: 83.89%
      ⭐ New Best! (Model saving disabled to save space)

========================================
🏆 Best Val Accuracy: 83.89%
💾 Best Checkpoint: ./checkpoints/linear_mb-frost_cls_dinov3_lvd_1cha_lr1e-05_concat_3.pth
========================================

