
============================================================
📄 Log File: ./logs/linear_records/mb-frost_cls_openclip_frac0.50x_lr0.0001_concat_3.log
⏰ Time: 2026-04-14 16:28:01
============================================================

🚀 Training openclip on mb-frost_cls | Mode: LINEAR | LR: 0.0001
   📂 [TRAIN] Loading 2 shards...
   ✅ Loaded 15062 samples.
   📂 [TEST] Loading 2 shards...
   ✅ Loaded 12249 samples.
   ⚙️  Config: Workers=8, BS=64, SmallData=False

>>> Loading Model: openclip (transformers_clip)

   🔍 [Structure Check] openclip Output Analysis:
      Type: Tuple (len=2)
      Item 0: Shape (1, 1024)
      Item 1: Shape (1, 256, 1024)
      ✅ Identified: CLS=True, Patch=True
      👉 Final Strategy: concat_3 | Input Dim: 3072
   ❄️  Mode: Linear Probe (Backbone Frozen)
   ⚡ AMP Precision: torch.bfloat16
   🔄 Training Start... (Epochs: 50, Patience: 8)
   📅 Epoch 1 | Loss: 0.4404 | Val Accuracy: 93.30%
      ⭐ New Best! (Model saving disabled to save space)
   📅 Epoch 2 | Loss: 0.2739 | Val Accuracy: 96.37%
      ⭐ New Best! (Model saving disabled to save space)
   📅 Epoch 3 | Loss: 0.2196 | Val Accuracy: 97.35%
      ⭐ New Best! (Model saving disabled to save space)
   📅 Epoch 4 | Loss: 0.1896 | Val Accuracy: 97.24%
   📅 Epoch 5 | Loss: 0.1714 | Val Accuracy: 95.74%
   📅 Epoch 6 | Loss: 0.1570 | Val Accuracy: 97.36%
      ⭐ New Best! (Model saving disabled to save space)
   📅 Epoch 7 | Loss: 0.1492 | Val Accuracy: 97.48%
      ⭐ New Best! (Model saving disabled to save space)
   📅 Epoch 8 | Loss: 0.1344 | Val Accuracy: 97.33%
   📅 Epoch 9 | Loss: 0.1275 | Val Accuracy: 97.43%
   📅 Epoch 10 | Loss: 0.1186 | Val Accuracy: 97.27%
   📅 Epoch 11 | Loss: 0.1161 | Val Accuracy: 97.15%
   📅 Epoch 12 | Loss: 0.1150 | Val Accuracy: 97.11%
   📅 Epoch 13 | Loss: 0.1080 | Val Accuracy: 97.19%
   📅 Epoch 14 | Loss: 0.1053 | Val Accuracy: 96.87%
   📅 Epoch 15 | Loss: 0.1037 | Val Accuracy: 96.67%

   🛑 Early Stopping triggered after 8 epochs.

========================================
🏆 Best Val Accuracy: 97.48%
💾 Best Checkpoint: ./checkpoints/linear_mb-frost_cls_openclip_lr0.0001_concat_3.pth
========================================

