
============================================================
📄 Log File: ./logs/linear_records/mb-frost_cls_dinov1_b8_frac0.05x_lr0.001_concat_3.log
⏰ Time: 2026-04-14 18:29:19
============================================================

🚀 Training dinov1_b8 on mb-frost_cls | Mode: LINEAR | LR: 0.001
   📂 [TRAIN] Loading 1 shards...
   ✅ Loaded 1506 samples.
   📂 [TEST] Loading 2 shards...
   ✅ Loaded 12249 samples.
   ⚙️  Config: Workers=8, BS=64, SmallData=False

>>> Loading Model: dinov1_b8 (dinov1)

   🔍 [Structure Check] dinov1_b8 Output Analysis:
      Type: Tuple (len=2)
      Item 0: Shape (1, 768)
      Item 1: Shape (1, 784, 768)
      ✅ Identified: CLS=True, Patch=True
      👉 Final Strategy: concat_3 | Input Dim: 2304
   ❄️  Mode: Linear Probe (Backbone Frozen)
   ⚡ AMP Precision: torch.bfloat16
   🔄 Training Start... (Epochs: 50, Patience: 8)
   📅 Epoch 1 | Loss: 0.5626 | Val Accuracy: 93.84%
      ⭐ New Best! (Model saving disabled to save space)
   📅 Epoch 2 | Loss: 0.1565 | Val Accuracy: 96.48%
      ⭐ New Best! (Model saving disabled to save space)
   📅 Epoch 3 | Loss: 0.1073 | Val Accuracy: 96.51%
      ⭐ New Best! (Model saving disabled to save space)
   📅 Epoch 4 | Loss: 0.0904 | Val Accuracy: 95.46%
   📅 Epoch 5 | Loss: 0.0840 | Val Accuracy: 97.26%
      ⭐ New Best! (Model saving disabled to save space)
   📅 Epoch 6 | Loss: 0.0700 | Val Accuracy: 96.36%
   📅 Epoch 7 | Loss: 0.0575 | Val Accuracy: 96.40%
   📅 Epoch 8 | Loss: 0.0601 | Val Accuracy: 96.59%
   📅 Epoch 9 | Loss: 0.0652 | Val Accuracy: 94.85%
   📅 Epoch 10 | Loss: 0.0629 | Val Accuracy: 95.23%
   📅 Epoch 11 | Loss: 0.0486 | Val Accuracy: 96.12%
   📅 Epoch 12 | Loss: 0.0499 | Val Accuracy: 96.30%
   📅 Epoch 13 | Loss: 0.0541 | Val Accuracy: 96.55%

   🛑 Early Stopping triggered after 8 epochs.

========================================
🏆 Best Val Accuracy: 97.26%
💾 Best Checkpoint: ./checkpoints/linear_mb-frost_cls_dinov1_b8_lr0.001_concat_3.pth
========================================

