
============================================================
📄 Log File: ./logs/linear_records/mb-frost_cls_swin_v2_frac0.20x_lr1e-05_concat_3.log
⏰ Time: 2026-04-14 09:11:42
============================================================

🚀 Training swin_v2 on mb-frost_cls | Mode: LINEAR | LR: 1e-05
   📂 [TRAIN] Loading 1 shards...
   ✅ Loaded 6024 samples.
   📂 [TEST] Loading 2 shards...
   ✅ Loaded 12249 samples.
   ⚙️  Config: Workers=8, BS=64, SmallData=False

>>> Loading Model: swin_v2 (torchvision_swin)
   🔍 Auditing weights for [swin_v2]...
   ✅ [PERFECT MATCH] 449/449 layers loaded (100.0%)

   🔍 [Structure Check] swin_v2 Output Analysis:
      Type: Tuple (len=2)
      Item 0: Shape (1, 1024)
      Item 1: Shape (1, 64, 1024)
      ✅ Identified: CLS=True, Patch=True
      👉 Final Strategy: concat_3 | Input Dim: 3072
   ❄️  Mode: Linear Probe (Backbone Frozen)
   ⚡ AMP Precision: torch.bfloat16
   🔄 Training Start... (Epochs: 50, Patience: 8)
   📅 Epoch 1 | Loss: 0.6482 | Val Accuracy: 82.32%
      ⭐ New Best! (Model saving disabled to save space)
   📅 Epoch 2 | Loss: 0.5839 | Val Accuracy: 89.17%
      ⭐ New Best! (Model saving disabled to save space)
   📅 Epoch 3 | Loss: 0.5362 | Val Accuracy: 91.11%
      ⭐ New Best! (Model saving disabled to save space)
   📅 Epoch 4 | Loss: 0.5020 | Val Accuracy: 91.57%
      ⭐ New Best! (Model saving disabled to save space)
   📅 Epoch 5 | Loss: 0.4764 | Val Accuracy: 92.77%
      ⭐ New Best! (Model saving disabled to save space)
   📅 Epoch 6 | Loss: 0.4544 | Val Accuracy: 92.73%
   📅 Epoch 7 | Loss: 0.4345 | Val Accuracy: 93.28%
      ⭐ New Best! (Model saving disabled to save space)
   📅 Epoch 8 | Loss: 0.4156 | Val Accuracy: 93.32%
      ⭐ New Best! (Model saving disabled to save space)
   📅 Epoch 9 | Loss: 0.4025 | Val Accuracy: 93.15%
   📅 Epoch 10 | Loss: 0.3917 | Val Accuracy: 93.41%
      ⭐ New Best! (Model saving disabled to save space)
   📅 Epoch 11 | Loss: 0.3825 | Val Accuracy: 93.78%
      ⭐ New Best! (Model saving disabled to save space)
   📅 Epoch 12 | Loss: 0.3706 | Val Accuracy: 93.86%
      ⭐ New Best! (Model saving disabled to save space)
   📅 Epoch 13 | Loss: 0.3613 | Val Accuracy: 94.11%
      ⭐ New Best! (Model saving disabled to save space)
   📅 Epoch 14 | Loss: 0.3552 | Val Accuracy: 94.24%
      ⭐ New Best! (Model saving disabled to save space)
   📅 Epoch 15 | Loss: 0.3474 | Val Accuracy: 94.22%
   📅 Epoch 16 | Loss: 0.3412 | Val Accuracy: 94.53%
      ⭐ New Best! (Model saving disabled to save space)
   📅 Epoch 17 | Loss: 0.3335 | Val Accuracy: 94.32%
   📅 Epoch 18 | Loss: 0.3309 | Val Accuracy: 94.40%
   📅 Epoch 19 | Loss: 0.3241 | Val Accuracy: 94.71%
      ⭐ New Best! (Model saving disabled to save space)
   📅 Epoch 20 | Loss: 0.3192 | Val Accuracy: 94.85%
      ⭐ New Best! (Model saving disabled to save space)
   📅 Epoch 21 | Loss: 0.3161 | Val Accuracy: 94.91%
      ⭐ New Best! (Model saving disabled to save space)
   📅 Epoch 22 | Loss: 0.3113 | Val Accuracy: 94.91%
   📅 Epoch 23 | Loss: 0.3055 | Val Accuracy: 95.02%
      ⭐ New Best! (Model saving disabled to save space)
   📅 Epoch 24 | Loss: 0.3007 | Val Accuracy: 94.70%
   📅 Epoch 25 | Loss: 0.2981 | Val Accuracy: 95.00%
   📅 Epoch 26 | Loss: 0.2930 | Val Accuracy: 95.07%
      ⭐ New Best! (Model saving disabled to save space)
   📅 Epoch 27 | Loss: 0.2929 | Val Accuracy: 95.11%
      ⭐ New Best! (Model saving disabled to save space)
   📅 Epoch 28 | Loss: 0.2892 | Val Accuracy: 95.13%
      ⭐ New Best! (Model saving disabled to save space)
   📅 Epoch 29 | Loss: 0.2821 | Val Accuracy: 95.27%
      ⭐ New Best! (Model saving disabled to save space)
   📅 Epoch 30 | Loss: 0.2850 | Val Accuracy: 95.09%
   📅 Epoch 31 | Loss: 0.2778 | Val Accuracy: 95.45%
      ⭐ New Best! (Model saving disabled to save space)
   📅 Epoch 32 | Loss: 0.2789 | Val Accuracy: 95.63%
      ⭐ New Best! (Model saving disabled to save space)
   📅 Epoch 33 | Loss: 0.2743 | Val Accuracy: 95.12%
   📅 Epoch 34 | Loss: 0.2728 | Val Accuracy: 95.75%
      ⭐ New Best! (Model saving disabled to save space)
   📅 Epoch 35 | Loss: 0.2692 | Val Accuracy: 95.62%
   📅 Epoch 36 | Loss: 0.2660 | Val Accuracy: 95.50%
   📅 Epoch 37 | Loss: 0.2590 | Val Accuracy: 95.89%
      ⭐ New Best! (Model saving disabled to save space)
   📅 Epoch 38 | Loss: 0.2587 | Val Accuracy: 95.73%
   📅 Epoch 39 | Loss: 0.2632 | Val Accuracy: 95.64%
   📅 Epoch 40 | Loss: 0.2541 | Val Accuracy: 95.72%
   📅 Epoch 41 | Loss: 0.2548 | Val Accuracy: 95.70%
   📅 Epoch 42 | Loss: 0.2550 | Val Accuracy: 95.70%
   📅 Epoch 43 | Loss: 0.2556 | Val Accuracy: 95.77%
   📅 Epoch 44 | Loss: 0.2538 | Val Accuracy: 95.72%
   📅 Epoch 45 | Loss: 0.2468 | Val Accuracy: 95.69%

   🛑 Early Stopping triggered after 8 epochs.

========================================
🏆 Best Val Accuracy: 95.89%
💾 Best Checkpoint: ./checkpoints/linear_mb-frost_cls_swin_v2_lr1e-05_concat_3.pth
========================================

