
============================================================
📄 Log File: ./logs/linear_records/mb-frost_cls_vit_l_frac0.20x_lr0.001_concat_3.log
⏰ Time: 2026-04-14 07:16:36
============================================================

🚀 Training vit_l on mb-frost_cls | Mode: LINEAR | LR: 0.001
   📂 [TRAIN] Loading 1 shards...
   ✅ Loaded 6024 samples.
   📂 [TEST] Loading 2 shards...
   ✅ Loaded 12249 samples.
   ⚙️  Config: Workers=8, BS=64, SmallData=False

>>> Loading Model: vit_l (torchvision_vit)
   🔍 Auditing weights for [vit_l]...
   ✅ [PERFECT MATCH] 296/296 layers loaded (100.0%)

   🔍 [Structure Check] vit_l Output Analysis:
      Type: Tuple (len=2)
      Item 0: Shape (1, 1024)
      Item 1: Shape (1, 196, 1024)
      ✅ Identified: CLS=True, Patch=True
      👉 Final Strategy: concat_3 | Input Dim: 3072
   ❄️  Mode: Linear Probe (Backbone Frozen)
   ⚡ AMP Precision: torch.bfloat16
   🔄 Training Start... (Epochs: 50, Patience: 8)
   📅 Epoch 1 | Loss: 0.3766 | Val Accuracy: 93.17%
      ⭐ New Best! (Model saving disabled to save space)
   📅 Epoch 2 | Loss: 0.2115 | Val Accuracy: 93.91%
      ⭐ New Best! (Model saving disabled to save space)
   📅 Epoch 3 | Loss: 0.1776 | Val Accuracy: 93.93%
      ⭐ New Best! (Model saving disabled to save space)
   📅 Epoch 4 | Loss: 0.1614 | Val Accuracy: 92.82%
   📅 Epoch 5 | Loss: 0.1528 | Val Accuracy: 94.25%
      ⭐ New Best! (Model saving disabled to save space)
   📅 Epoch 6 | Loss: 0.1387 | Val Accuracy: 94.25%
   📅 Epoch 7 | Loss: 0.1386 | Val Accuracy: 94.41%
      ⭐ New Best! (Model saving disabled to save space)
   📅 Epoch 8 | Loss: 0.1296 | Val Accuracy: 94.02%
   📅 Epoch 9 | Loss: 0.1162 | Val Accuracy: 94.98%
      ⭐ New Best! (Model saving disabled to save space)
   📅 Epoch 10 | Loss: 0.1146 | Val Accuracy: 94.28%
   📅 Epoch 11 | Loss: 0.1110 | Val Accuracy: 95.08%
      ⭐ New Best! (Model saving disabled to save space)
   📅 Epoch 12 | Loss: 0.1021 | Val Accuracy: 94.63%
   📅 Epoch 13 | Loss: 0.1096 | Val Accuracy: 95.00%
   📅 Epoch 14 | Loss: 0.1057 | Val Accuracy: 94.43%
   📅 Epoch 15 | Loss: 0.1001 | Val Accuracy: 94.78%
   📅 Epoch 16 | Loss: 0.1008 | Val Accuracy: 95.09%
      ⭐ New Best! (Model saving disabled to save space)
   📅 Epoch 17 | Loss: 0.0932 | Val Accuracy: 94.31%
   📅 Epoch 18 | Loss: 0.1006 | Val Accuracy: 95.40%
      ⭐ New Best! (Model saving disabled to save space)
   📅 Epoch 19 | Loss: 0.0889 | Val Accuracy: 94.89%
   📅 Epoch 20 | Loss: 0.0967 | Val Accuracy: 94.97%
   📅 Epoch 21 | Loss: 0.0938 | Val Accuracy: 94.79%
   📅 Epoch 22 | Loss: 0.0861 | Val Accuracy: 94.30%
   📅 Epoch 23 | Loss: 0.0819 | Val Accuracy: 94.33%
   📅 Epoch 24 | Loss: 0.0959 | Val Accuracy: 92.33%
   📅 Epoch 25 | Loss: 0.0820 | Val Accuracy: 95.16%
   📅 Epoch 26 | Loss: 0.0784 | Val Accuracy: 93.44%

   🛑 Early Stopping triggered after 8 epochs.

========================================
🏆 Best Val Accuracy: 95.40%
💾 Best Checkpoint: ./checkpoints/linear_mb-frost_cls_vit_l_lr0.001_concat_3.pth
========================================

