
============================================================
📄 Log File: ./logs/linear_records/mb-frost_cls_vit_l_frac0.05x_lr1e-05_concat_3.log
⏰ Time: 2026-04-14 07:17:19
============================================================

🚀 Training vit_l on mb-frost_cls | Mode: LINEAR | LR: 1e-05
   📂 [TRAIN] Loading 1 shards...
   ✅ Loaded 1506 samples.
   📂 [TEST] Loading 2 shards...
   ✅ Loaded 12249 samples.
   ⚙️  Config: Workers=8, BS=64, SmallData=False

>>> Loading Model: vit_l (torchvision_vit)
   🔍 Auditing weights for [vit_l]...
   ✅ [PERFECT MATCH] 296/296 layers loaded (100.0%)

   🔍 [Structure Check] vit_l Output Analysis:
      Type: Tuple (len=2)
      Item 0: Shape (1, 1024)
      Item 1: Shape (1, 196, 1024)
      ✅ Identified: CLS=True, Patch=True
      👉 Final Strategy: concat_3 | Input Dim: 3072
   ❄️  Mode: Linear Probe (Backbone Frozen)
   ⚡ AMP Precision: torch.bfloat16
   🔄 Training Start... (Epochs: 50, Patience: 8)
   📅 Epoch 1 | Loss: 0.7180 | Val Accuracy: 49.14%
      ⭐ New Best! (Model saving disabled to save space)
   📅 Epoch 2 | Loss: 0.7050 | Val Accuracy: 53.60%
      ⭐ New Best! (Model saving disabled to save space)
   📅 Epoch 3 | Loss: 0.6833 | Val Accuracy: 55.55%
      ⭐ New Best! (Model saving disabled to save space)
   📅 Epoch 4 | Loss: 0.6703 | Val Accuracy: 60.26%
      ⭐ New Best! (Model saving disabled to save space)
   📅 Epoch 5 | Loss: 0.6536 | Val Accuracy: 62.82%
      ⭐ New Best! (Model saving disabled to save space)
   📅 Epoch 6 | Loss: 0.6390 | Val Accuracy: 65.18%
      ⭐ New Best! (Model saving disabled to save space)
   📅 Epoch 7 | Loss: 0.6291 | Val Accuracy: 68.90%
      ⭐ New Best! (Model saving disabled to save space)
   📅 Epoch 8 | Loss: 0.6173 | Val Accuracy: 71.05%
      ⭐ New Best! (Model saving disabled to save space)
   📅 Epoch 9 | Loss: 0.6004 | Val Accuracy: 74.85%
      ⭐ New Best! (Model saving disabled to save space)
   📅 Epoch 10 | Loss: 0.5923 | Val Accuracy: 78.02%
      ⭐ New Best! (Model saving disabled to save space)
   📅 Epoch 11 | Loss: 0.5818 | Val Accuracy: 76.74%
   📅 Epoch 12 | Loss: 0.5695 | Val Accuracy: 78.39%
      ⭐ New Best! (Model saving disabled to save space)
   📅 Epoch 13 | Loss: 0.5666 | Val Accuracy: 80.58%
      ⭐ New Best! (Model saving disabled to save space)
   📅 Epoch 14 | Loss: 0.5525 | Val Accuracy: 80.69%
      ⭐ New Best! (Model saving disabled to save space)
   📅 Epoch 15 | Loss: 0.5458 | Val Accuracy: 82.39%
      ⭐ New Best! (Model saving disabled to save space)
   📅 Epoch 16 | Loss: 0.5364 | Val Accuracy: 81.51%
   📅 Epoch 17 | Loss: 0.5263 | Val Accuracy: 83.57%
      ⭐ New Best! (Model saving disabled to save space)
   📅 Epoch 18 | Loss: 0.5252 | Val Accuracy: 82.46%
   📅 Epoch 19 | Loss: 0.5157 | Val Accuracy: 82.37%
   📅 Epoch 20 | Loss: 0.5088 | Val Accuracy: 84.15%
      ⭐ New Best! (Model saving disabled to save space)
   📅 Epoch 21 | Loss: 0.4996 | Val Accuracy: 83.20%
   📅 Epoch 22 | Loss: 0.4995 | Val Accuracy: 84.23%
      ⭐ New Best! (Model saving disabled to save space)
   📅 Epoch 23 | Loss: 0.4874 | Val Accuracy: 84.33%
      ⭐ New Best! (Model saving disabled to save space)
   📅 Epoch 24 | Loss: 0.4836 | Val Accuracy: 84.44%
      ⭐ New Best! (Model saving disabled to save space)
   📅 Epoch 25 | Loss: 0.4745 | Val Accuracy: 85.48%
      ⭐ New Best! (Model saving disabled to save space)
   📅 Epoch 26 | Loss: 0.4669 | Val Accuracy: 84.55%
   📅 Epoch 27 | Loss: 0.4679 | Val Accuracy: 85.54%
      ⭐ New Best! (Model saving disabled to save space)
   📅 Epoch 28 | Loss: 0.4651 | Val Accuracy: 85.58%
      ⭐ New Best! (Model saving disabled to save space)
   📅 Epoch 29 | Loss: 0.4564 | Val Accuracy: 86.65%
      ⭐ New Best! (Model saving disabled to save space)
   📅 Epoch 30 | Loss: 0.4530 | Val Accuracy: 86.41%
   📅 Epoch 31 | Loss: 0.4472 | Val Accuracy: 87.94%
      ⭐ New Best! (Model saving disabled to save space)
   📅 Epoch 32 | Loss: 0.4495 | Val Accuracy: 87.36%
   📅 Epoch 33 | Loss: 0.4379 | Val Accuracy: 86.93%
   📅 Epoch 34 | Loss: 0.4359 | Val Accuracy: 87.52%
   📅 Epoch 35 | Loss: 0.4305 | Val Accuracy: 87.28%
   📅 Epoch 36 | Loss: 0.4287 | Val Accuracy: 88.13%
      ⭐ New Best! (Model saving disabled to save space)
   📅 Epoch 37 | Loss: 0.4255 | Val Accuracy: 87.35%
   📅 Epoch 38 | Loss: 0.4196 | Val Accuracy: 88.51%
      ⭐ New Best! (Model saving disabled to save space)
   📅 Epoch 39 | Loss: 0.4166 | Val Accuracy: 88.33%
   📅 Epoch 40 | Loss: 0.4167 | Val Accuracy: 87.29%
   📅 Epoch 41 | Loss: 0.4083 | Val Accuracy: 89.46%
      ⭐ New Best! (Model saving disabled to save space)
   📅 Epoch 42 | Loss: 0.4045 | Val Accuracy: 88.02%
   📅 Epoch 43 | Loss: 0.4053 | Val Accuracy: 88.85%
   📅 Epoch 44 | Loss: 0.4024 | Val Accuracy: 89.24%
   📅 Epoch 45 | Loss: 0.3947 | Val Accuracy: 88.38%
   📅 Epoch 46 | Loss: 0.3935 | Val Accuracy: 89.22%
   📅 Epoch 47 | Loss: 0.3885 | Val Accuracy: 89.41%
   📅 Epoch 48 | Loss: 0.3924 | Val Accuracy: 89.43%
   📅 Epoch 49 | Loss: 0.3900 | Val Accuracy: 89.18%

   🛑 Early Stopping triggered after 8 epochs.

========================================
🏆 Best Val Accuracy: 89.46%
💾 Best Checkpoint: ./checkpoints/linear_mb-frost_cls_vit_l_lr1e-05_concat_3.pth
========================================

