
============================================================
📄 Log File: ./logs/linear_records/mb-frost_cls_siglip2_frac0.01x_lr0.001_concat_3.log
⏰ Time: 2026-04-14 12:40:15
============================================================

🚀 Training siglip2 on mb-frost_cls | Mode: LINEAR | LR: 0.001
   📂 [TRAIN] Loading 1 shards...
   ✅ Loaded 301 samples.
   📂 [TEST] Loading 2 shards...
   ✅ Loaded 12249 samples.
   ⚙️  Config: Workers=0, BS=64, SmallData=True

>>> Loading Model: siglip2 (transformers)

   🔍 [Structure Check] siglip2 Output Analysis:
      Type: Tuple (len=2)
      Item 0: Shape (1, 1024)
      Item 1: Shape (1, 256, 1024)
      ✅ Identified: CLS=True, Patch=True
      👉 Final Strategy: concat_3 | Input Dim: 3072
   ❄️  Mode: Linear Probe (Backbone Frozen)
   ⚡ AMP Precision: torch.bfloat16
   🔄 Training Start... (Epochs: 50, Patience: 8)
   📅 Epoch 1 | Loss: 1.5916 | Val Accuracy: 63.93%
      ⭐ New Best! (Model saving disabled to save space)
   📅 Epoch 2 | Loss: 1.2459 | Val Accuracy: 36.07%
   📅 Epoch 3 | Loss: 0.8362 | Val Accuracy: 65.92%
      ⭐ New Best! (Model saving disabled to save space)
   📅 Epoch 4 | Loss: 0.7216 | Val Accuracy: 57.20%
   📅 Epoch 5 | Loss: 0.6262 | Val Accuracy: 74.90%
      ⭐ New Best! (Model saving disabled to save space)
   📅 Epoch 6 | Loss: 0.5256 | Val Accuracy: 88.85%
      ⭐ New Best! (Model saving disabled to save space)
   📅 Epoch 7 | Loss: 0.4017 | Val Accuracy: 58.15%
   📅 Epoch 8 | Loss: 0.4414 | Val Accuracy: 91.41%
      ⭐ New Best! (Model saving disabled to save space)
   📅 Epoch 9 | Loss: 0.3718 | Val Accuracy: 85.67%
   📅 Epoch 10 | Loss: 0.3534 | Val Accuracy: 86.12%
   📅 Epoch 11 | Loss: 0.3216 | Val Accuracy: 89.40%
   📅 Epoch 12 | Loss: 0.3169 | Val Accuracy: 86.62%
   📅 Epoch 13 | Loss: 0.2727 | Val Accuracy: 91.84%
      ⭐ New Best! (Model saving disabled to save space)
   📅 Epoch 14 | Loss: 0.2833 | Val Accuracy: 90.55%
   📅 Epoch 15 | Loss: 0.2872 | Val Accuracy: 89.45%
   📅 Epoch 16 | Loss: 0.2566 | Val Accuracy: 91.13%
   📅 Epoch 17 | Loss: 0.2618 | Val Accuracy: 92.43%
      ⭐ New Best! (Model saving disabled to save space)
   📅 Epoch 18 | Loss: 0.2453 | Val Accuracy: 88.55%
   📅 Epoch 19 | Loss: 0.2677 | Val Accuracy: 92.28%
   📅 Epoch 20 | Loss: 0.2498 | Val Accuracy: 89.79%
   📅 Epoch 21 | Loss: 0.2653 | Val Accuracy: 91.85%
   📅 Epoch 22 | Loss: 0.2389 | Val Accuracy: 91.37%
   📅 Epoch 23 | Loss: 0.2266 | Val Accuracy: 89.35%
   📅 Epoch 24 | Loss: 0.2185 | Val Accuracy: 92.60%
      ⭐ New Best! (Model saving disabled to save space)
   📅 Epoch 25 | Loss: 0.1987 | Val Accuracy: 92.26%
   📅 Epoch 26 | Loss: 0.2326 | Val Accuracy: 92.10%
   📅 Epoch 27 | Loss: 0.2193 | Val Accuracy: 89.79%
   📅 Epoch 28 | Loss: 0.2519 | Val Accuracy: 93.31%
      ⭐ New Best! (Model saving disabled to save space)
   📅 Epoch 29 | Loss: 0.2113 | Val Accuracy: 88.03%
   📅 Epoch 30 | Loss: 0.2330 | Val Accuracy: 93.54%
      ⭐ New Best! (Model saving disabled to save space)
   📅 Epoch 31 | Loss: 0.1949 | Val Accuracy: 90.80%
   📅 Epoch 32 | Loss: 0.1794 | Val Accuracy: 93.89%
      ⭐ New Best! (Model saving disabled to save space)
   📅 Epoch 33 | Loss: 0.1799 | Val Accuracy: 91.29%
   📅 Epoch 34 | Loss: 0.1880 | Val Accuracy: 93.17%
   📅 Epoch 35 | Loss: 0.1893 | Val Accuracy: 92.68%
   📅 Epoch 36 | Loss: 0.2055 | Val Accuracy: 93.26%
   📅 Epoch 37 | Loss: 0.2131 | Val Accuracy: 93.35%
   📅 Epoch 38 | Loss: 0.2064 | Val Accuracy: 87.84%
   📅 Epoch 39 | Loss: 0.2385 | Val Accuracy: 94.22%
      ⭐ New Best! (Model saving disabled to save space)
   📅 Epoch 40 | Loss: 0.1962 | Val Accuracy: 91.30%
   📅 Epoch 41 | Loss: 0.1756 | Val Accuracy: 93.89%
   📅 Epoch 42 | Loss: 0.1467 | Val Accuracy: 92.70%
   📅 Epoch 43 | Loss: 0.1716 | Val Accuracy: 93.26%
   📅 Epoch 44 | Loss: 0.1582 | Val Accuracy: 92.58%
   📅 Epoch 45 | Loss: 0.1505 | Val Accuracy: 92.77%
   📅 Epoch 46 | Loss: 0.1538 | Val Accuracy: 93.41%
   📅 Epoch 47 | Loss: 0.1667 | Val Accuracy: 93.51%

   🛑 Early Stopping triggered after 8 epochs.

========================================
🏆 Best Val Accuracy: 94.22%
💾 Best Checkpoint: ./checkpoints/linear_mb-frost_cls_siglip2_lr0.001_concat_3.pth
========================================

