
============================================================
📄 Log File: ./logs/linear_records/mb-frost_cls_dinov3_sat_1cha_frac0.05x_lr0.0001_concat_3.log
⏰ Time: 2026-04-15 03:08:49
============================================================

🚀 Training dinov3_sat_1cha on mb-frost_cls | Mode: LINEAR | LR: 0.0001
   📂 [TRAIN] Loading 1 shards...
   ✅ Loaded 1506 samples.
   📂 [TEST] Loading 2 shards...
   ✅ Loaded 12249 samples.
   ⚙️  Config: Workers=8, BS=64, SmallData=False

>>> Loading Model: dinov3_sat_1cha (dinov3_hub)
   🔍 Auditing weights for [dinov3_sat_1cha]...
   ✅ [PERFECT MATCH] 368/368 layers loaded (100.0%)

   🔍 [Structure Check] dinov3_sat_1cha Output Analysis:
      Type: Tuple (len=2)
      Item 0: Shape (1, 1024)
      Item 1: Shape (1, 256, 1024)
      ✅ Identified: CLS=True, Patch=True
      👉 Final Strategy: concat_3 | Input Dim: 3072
   ❄️  Mode: Linear Probe (Backbone Frozen)
   ⚡ AMP Precision: torch.bfloat16
   🔄 Training Start... (Epochs: 50, Patience: 8)
   📅 Epoch 1 | Loss: 0.5965 | Val Accuracy: 94.42%
      ⭐ New Best! (Model saving disabled to save space)
   📅 Epoch 2 | Loss: 0.4907 | Val Accuracy: 96.38%
      ⭐ New Best! (Model saving disabled to save space)
   📅 Epoch 3 | Loss: 0.4160 | Val Accuracy: 96.43%
      ⭐ New Best! (Model saving disabled to save space)
   📅 Epoch 4 | Loss: 0.3702 | Val Accuracy: 97.51%
      ⭐ New Best! (Model saving disabled to save space)
   📅 Epoch 5 | Loss: 0.3304 | Val Accuracy: 97.84%
      ⭐ New Best! (Model saving disabled to save space)
   📅 Epoch 6 | Loss: 0.3023 | Val Accuracy: 97.74%
   📅 Epoch 7 | Loss: 0.2798 | Val Accuracy: 97.90%
      ⭐ New Best! (Model saving disabled to save space)
   📅 Epoch 8 | Loss: 0.2642 | Val Accuracy: 98.09%
      ⭐ New Best! (Model saving disabled to save space)
   📅 Epoch 9 | Loss: 0.2456 | Val Accuracy: 98.28%
      ⭐ New Best! (Model saving disabled to save space)
   📅 Epoch 10 | Loss: 0.2382 | Val Accuracy: 98.23%
   📅 Epoch 11 | Loss: 0.2184 | Val Accuracy: 98.21%
   📅 Epoch 12 | Loss: 0.2145 | Val Accuracy: 98.42%
      ⭐ New Best! (Model saving disabled to save space)
   📅 Epoch 13 | Loss: 0.2121 | Val Accuracy: 98.38%
   📅 Epoch 14 | Loss: 0.1980 | Val Accuracy: 98.28%
   📅 Epoch 15 | Loss: 0.1856 | Val Accuracy: 98.47%
      ⭐ New Best! (Model saving disabled to save space)
   📅 Epoch 16 | Loss: 0.1868 | Val Accuracy: 98.46%
   📅 Epoch 17 | Loss: 0.1780 | Val Accuracy: 98.38%
   📅 Epoch 18 | Loss: 0.1717 | Val Accuracy: 98.39%
   📅 Epoch 19 | Loss: 0.1706 | Val Accuracy: 98.38%
   📅 Epoch 20 | Loss: 0.1696 | Val Accuracy: 98.33%
   📅 Epoch 21 | Loss: 0.1601 | Val Accuracy: 98.33%
   📅 Epoch 22 | Loss: 0.1555 | Val Accuracy: 98.34%
   📅 Epoch 23 | Loss: 0.1488 | Val Accuracy: 98.34%

   🛑 Early Stopping triggered after 8 epochs.

========================================
🏆 Best Val Accuracy: 98.47%
💾 Best Checkpoint: ./checkpoints/linear_mb-frost_cls_dinov3_sat_1cha_lr0.0001_concat_3.pth
========================================

