
============================================================
📄 Log File: ./logs/linear_records_new/mb-frost_cls_dinov3_sat_frac0.01x_lr0.001_concat_3.log
⏰ Time: 2026-04-15 22:53:09
============================================================

🚀 Training dinov3_sat on mb-frost_cls | Mode: LINEAR | LR: 0.001
   📂 [TRAIN] Loading 1 shards...
   ✅ Loaded 301 samples.
   📂 [TEST] Loading 2 shards...
   ✅ Loaded 12249 samples.
   ⚙️  Config: Workers=0, BS=64, SmallData=True

>>> Loading Model: dinov3_sat (dinov3_hub)
  ℹ️  DINOv3 Config: in_chans=3
   🔍 Auditing weights for [dinov3_sat]...
   ✅ [PERFECT MATCH] 368/368 layers loaded (100.0%)

   🔍 [Structure Check] dinov3_sat Output Analysis:
      Type: Tuple (len=2)
      Item 0: Shape (1, 1024)
      Item 1: Shape (1, 256, 1024)
      ✅ Identified: CLS=True, Patch=True
      👉 Final Strategy: concat_3 | Input Dim: 3072
   ❄️  Mode: Linear Probe (Backbone Frozen)
   ⚡ AMP Precision: torch.bfloat16
   🔄 Training Start... (Epochs: 50, Patience: 8)
   📅 Epoch 1 | Loss: 0.6288 | Val Accuracy: 73.65%
      ⭐ New Best! (Model saving disabled to save space)
   📅 Epoch 2 | Loss: 0.4573 | Val Accuracy: 98.33%
      ⭐ New Best! (Model saving disabled to save space)
   📅 Epoch 3 | Loss: 0.3381 | Val Accuracy: 99.10%
      ⭐ New Best! (Model saving disabled to save space)
   📅 Epoch 4 | Loss: 0.2780 | Val Accuracy: 97.31%
   📅 Epoch 5 | Loss: 0.2499 | Val Accuracy: 98.29%
   📅 Epoch 6 | Loss: 0.1954 | Val Accuracy: 98.99%
   📅 Epoch 7 | Loss: 0.1981 | Val Accuracy: 99.08%
   📅 Epoch 8 | Loss: 0.1534 | Val Accuracy: 98.97%
   📅 Epoch 9 | Loss: 0.1404 | Val Accuracy: 98.58%
   📅 Epoch 10 | Loss: 0.1379 | Val Accuracy: 98.92%
   📅 Epoch 11 | Loss: 0.1452 | Val Accuracy: 98.93%

   🛑 Early Stopping triggered after 8 epochs.

========================================
🏆 Best Val Accuracy: 99.10%
💾 Best Checkpoint: ./checkpoints/linear_mb-frost_cls_dinov3_sat_lr0.001_concat_3.pth
========================================

