
============================================================
📄 Log File: ./logs/linear_records_new/mb-frost_cls_dinov3_lvd_frac0.20x_lr1e-05_concat_3.log
⏰ Time: 2026-04-15 21:26:18
============================================================

🚀 Training dinov3_lvd on mb-frost_cls | Mode: LINEAR | LR: 1e-05
   📂 [TRAIN] Loading 1 shards...
   ✅ Loaded 6024 samples.
   📂 [TEST] Loading 2 shards...
   ✅ Loaded 12249 samples.
   ⚙️  Config: Workers=8, BS=64, SmallData=False

>>> Loading Model: dinov3_lvd (dinov3_hub)
  ℹ️  DINOv3 Config: in_chans=3
   🔍 Auditing weights for [dinov3_lvd]...
   ✅ [PERFECT MATCH] 368/368 layers loaded (100.0%)

   🔍 [Structure Check] dinov3_lvd Output Analysis:
      Type: Tuple (len=2)
      Item 0: Shape (1, 1024)
      Item 1: Shape (1, 256, 1024)
      ✅ Identified: CLS=True, Patch=True
      👉 Final Strategy: concat_3 | Input Dim: 3072
   ❄️  Mode: Linear Probe (Backbone Frozen)
   ⚡ AMP Precision: torch.bfloat16
   🔄 Training Start... (Epochs: 50, Patience: 8)
   📅 Epoch 1 | Loss: 0.6298 | Val Accuracy: 82.90%
      ⭐ New Best! (Model saving disabled to save space)
   📅 Epoch 2 | Loss: 0.5690 | Val Accuracy: 91.49%
      ⭐ New Best! (Model saving disabled to save space)
   📅 Epoch 3 | Loss: 0.5230 | Val Accuracy: 92.90%
      ⭐ New Best! (Model saving disabled to save space)
   📅 Epoch 4 | Loss: 0.4870 | Val Accuracy: 94.05%
      ⭐ New Best! (Model saving disabled to save space)
   📅 Epoch 5 | Loss: 0.4598 | Val Accuracy: 94.06%
      ⭐ New Best! (Model saving disabled to save space)
   📅 Epoch 6 | Loss: 0.4354 | Val Accuracy: 94.83%
      ⭐ New Best! (Model saving disabled to save space)
   📅 Epoch 7 | Loss: 0.4145 | Val Accuracy: 95.09%
      ⭐ New Best! (Model saving disabled to save space)
   📅 Epoch 8 | Loss: 0.3993 | Val Accuracy: 95.09%
      ⭐ New Best! (Model saving disabled to save space)
   📅 Epoch 9 | Loss: 0.3820 | Val Accuracy: 95.31%
      ⭐ New Best! (Model saving disabled to save space)
   📅 Epoch 10 | Loss: 0.3731 | Val Accuracy: 95.40%
      ⭐ New Best! (Model saving disabled to save space)
   📅 Epoch 11 | Loss: 0.3619 | Val Accuracy: 95.19%
   📅 Epoch 12 | Loss: 0.3489 | Val Accuracy: 95.35%
   📅 Epoch 13 | Loss: 0.3368 | Val Accuracy: 95.52%
      ⭐ New Best! (Model saving disabled to save space)
   📅 Epoch 14 | Loss: 0.3317 | Val Accuracy: 95.71%
      ⭐ New Best! (Model saving disabled to save space)
   📅 Epoch 15 | Loss: 0.3235 | Val Accuracy: 95.72%
      ⭐ New Best! (Model saving disabled to save space)
   📅 Epoch 16 | Loss: 0.3125 | Val Accuracy: 95.50%
   📅 Epoch 17 | Loss: 0.3085 | Val Accuracy: 95.73%
      ⭐ New Best! (Model saving disabled to save space)
   📅 Epoch 18 | Loss: 0.3038 | Val Accuracy: 95.66%
   📅 Epoch 19 | Loss: 0.2971 | Val Accuracy: 95.69%
   📅 Epoch 20 | Loss: 0.2936 | Val Accuracy: 95.80%
      ⭐ New Best! (Model saving disabled to save space)
   📅 Epoch 21 | Loss: 0.2866 | Val Accuracy: 95.71%
   📅 Epoch 22 | Loss: 0.2842 | Val Accuracy: 95.81%
      ⭐ New Best! (Model saving disabled to save space)
   📅 Epoch 23 | Loss: 0.2774 | Val Accuracy: 95.89%
      ⭐ New Best! (Model saving disabled to save space)
   📅 Epoch 24 | Loss: 0.2768 | Val Accuracy: 95.89%
   📅 Epoch 25 | Loss: 0.2698 | Val Accuracy: 96.00%
      ⭐ New Best! (Model saving disabled to save space)
   📅 Epoch 26 | Loss: 0.2646 | Val Accuracy: 96.02%
      ⭐ New Best! (Model saving disabled to save space)
   📅 Epoch 27 | Loss: 0.2611 | Val Accuracy: 95.96%
   📅 Epoch 28 | Loss: 0.2592 | Val Accuracy: 96.06%
      ⭐ New Best! (Model saving disabled to save space)
   📅 Epoch 29 | Loss: 0.2565 | Val Accuracy: 96.06%
      ⭐ New Best! (Model saving disabled to save space)
   📅 Epoch 30 | Loss: 0.2527 | Val Accuracy: 96.01%
   📅 Epoch 31 | Loss: 0.2501 | Val Accuracy: 96.03%
   📅 Epoch 32 | Loss: 0.2496 | Val Accuracy: 96.11%
      ⭐ New Best! (Model saving disabled to save space)
   📅 Epoch 33 | Loss: 0.2426 | Val Accuracy: 96.11%
   📅 Epoch 34 | Loss: 0.2377 | Val Accuracy: 96.15%
      ⭐ New Best! (Model saving disabled to save space)
   📅 Epoch 35 | Loss: 0.2377 | Val Accuracy: 96.18%
      ⭐ New Best! (Model saving disabled to save space)
   📅 Epoch 36 | Loss: 0.2323 | Val Accuracy: 96.17%
   📅 Epoch 37 | Loss: 0.2327 | Val Accuracy: 96.26%
      ⭐ New Best! (Model saving disabled to save space)
   📅 Epoch 38 | Loss: 0.2277 | Val Accuracy: 96.29%
      ⭐ New Best! (Model saving disabled to save space)
   📅 Epoch 39 | Loss: 0.2302 | Val Accuracy: 96.22%
   📅 Epoch 40 | Loss: 0.2260 | Val Accuracy: 96.41%
      ⭐ New Best! (Model saving disabled to save space)
   📅 Epoch 41 | Loss: 0.2215 | Val Accuracy: 96.38%
   📅 Epoch 42 | Loss: 0.2169 | Val Accuracy: 96.38%
   📅 Epoch 43 | Loss: 0.2137 | Val Accuracy: 96.44%
      ⭐ New Best! (Model saving disabled to save space)
   📅 Epoch 44 | Loss: 0.2141 | Val Accuracy: 96.37%
   📅 Epoch 45 | Loss: 0.2125 | Val Accuracy: 96.45%
      ⭐ New Best! (Model saving disabled to save space)
   📅 Epoch 46 | Loss: 0.2080 | Val Accuracy: 96.45%
   📅 Epoch 47 | Loss: 0.2067 | Val Accuracy: 96.45%
   📅 Epoch 48 | Loss: 0.2074 | Val Accuracy: 96.45%
   📅 Epoch 49 | Loss: 0.2070 | Val Accuracy: 96.51%
      ⭐ New Best! (Model saving disabled to save space)
   📅 Epoch 50 | Loss: 0.2042 | Val Accuracy: 96.51%

========================================
🏆 Best Val Accuracy: 96.51%
💾 Best Checkpoint: ./checkpoints/linear_mb-frost_cls_dinov3_lvd_lr1e-05_concat_3.pth
========================================

