
============================================================
📄 Log File: ./logs/linear_records/mb-frost_cls_satmae_frac0.01x_lr0.0001_concat_3.log
⏰ Time: 2026-04-14 11:53:00
============================================================

🚀 Training satmae on mb-frost_cls | Mode: LINEAR | LR: 0.0001
   📂 [TRAIN] Loading 1 shards...
   ✅ Loaded 301 samples.
   📂 [TEST] Loading 2 shards...
   ✅ Loaded 12249 samples.
   ⚙️  Config: Workers=0, BS=64, SmallData=True

>>> Loading Model: satmae (timm_mae)
   ℹ️  Config: in_chans=3
   🔍 Auditing weights for [satmae]...
   ✅ [PERFECT MATCH] 294/294 layers loaded (100.0%)

   🔍 [Structure Check] satmae Output Analysis:
      Type: Tuple (len=2)
      Item 0: Shape (1, 1024)
      Item 1: Shape (1, 196, 1024)
      ✅ Identified: CLS=True, Patch=True
      👉 Final Strategy: concat_3 | Input Dim: 3072
   ❄️  Mode: Linear Probe (Backbone Frozen)
   ⚡ AMP Precision: torch.bfloat16
   🔄 Training Start... (Epochs: 50, Patience: 8)
   📅 Epoch 1 | Loss: 0.7151 | Val Accuracy: 55.53%
      ⭐ New Best! (Model saving disabled to save space)
   📅 Epoch 2 | Loss: 0.6866 | Val Accuracy: 57.34%
      ⭐ New Best! (Model saving disabled to save space)
   📅 Epoch 3 | Loss: 0.6675 | Val Accuracy: 63.29%
      ⭐ New Best! (Model saving disabled to save space)
   📅 Epoch 4 | Loss: 0.6478 | Val Accuracy: 74.64%
      ⭐ New Best! (Model saving disabled to save space)
   📅 Epoch 5 | Loss: 0.6312 | Val Accuracy: 76.87%
      ⭐ New Best! (Model saving disabled to save space)
   📅 Epoch 6 | Loss: 0.6045 | Val Accuracy: 78.14%
      ⭐ New Best! (Model saving disabled to save space)
   📅 Epoch 7 | Loss: 0.5946 | Val Accuracy: 80.10%
      ⭐ New Best! (Model saving disabled to save space)
   📅 Epoch 8 | Loss: 0.5945 | Val Accuracy: 82.31%
      ⭐ New Best! (Model saving disabled to save space)
   📅 Epoch 9 | Loss: 0.5710 | Val Accuracy: 84.40%
      ⭐ New Best! (Model saving disabled to save space)
   📅 Epoch 10 | Loss: 0.5605 | Val Accuracy: 85.35%
      ⭐ New Best! (Model saving disabled to save space)
   📅 Epoch 11 | Loss: 0.5374 | Val Accuracy: 85.19%
   📅 Epoch 12 | Loss: 0.5391 | Val Accuracy: 86.79%
      ⭐ New Best! (Model saving disabled to save space)
   📅 Epoch 13 | Loss: 0.5155 | Val Accuracy: 86.97%
      ⭐ New Best! (Model saving disabled to save space)
   📅 Epoch 14 | Loss: 0.5199 | Val Accuracy: 87.75%
      ⭐ New Best! (Model saving disabled to save space)
   📅 Epoch 15 | Loss: 0.4959 | Val Accuracy: 86.16%
   📅 Epoch 16 | Loss: 0.5319 | Val Accuracy: 88.39%
      ⭐ New Best! (Model saving disabled to save space)
   📅 Epoch 17 | Loss: 0.4864 | Val Accuracy: 89.62%
      ⭐ New Best! (Model saving disabled to save space)
   📅 Epoch 18 | Loss: 0.4987 | Val Accuracy: 90.31%
      ⭐ New Best! (Model saving disabled to save space)
   📅 Epoch 19 | Loss: 0.4825 | Val Accuracy: 89.59%
   📅 Epoch 20 | Loss: 0.4860 | Val Accuracy: 91.00%
      ⭐ New Best! (Model saving disabled to save space)
   📅 Epoch 21 | Loss: 0.4654 | Val Accuracy: 90.99%
   📅 Epoch 22 | Loss: 0.4511 | Val Accuracy: 91.35%
      ⭐ New Best! (Model saving disabled to save space)
   📅 Epoch 23 | Loss: 0.4436 | Val Accuracy: 91.78%
      ⭐ New Best! (Model saving disabled to save space)
   📅 Epoch 24 | Loss: 0.4352 | Val Accuracy: 92.00%
      ⭐ New Best! (Model saving disabled to save space)
   📅 Epoch 25 | Loss: 0.4400 | Val Accuracy: 92.02%
      ⭐ New Best! (Model saving disabled to save space)
   📅 Epoch 26 | Loss: 0.4389 | Val Accuracy: 92.24%
      ⭐ New Best! (Model saving disabled to save space)
   📅 Epoch 27 | Loss: 0.4630 | Val Accuracy: 92.40%
      ⭐ New Best! (Model saving disabled to save space)
   📅 Epoch 28 | Loss: 0.4255 | Val Accuracy: 92.51%
      ⭐ New Best! (Model saving disabled to save space)
   📅 Epoch 29 | Loss: 0.4063 | Val Accuracy: 92.62%
      ⭐ New Best! (Model saving disabled to save space)
   📅 Epoch 30 | Loss: 0.4438 | Val Accuracy: 92.85%
      ⭐ New Best! (Model saving disabled to save space)
   📅 Epoch 31 | Loss: 0.4156 | Val Accuracy: 92.81%
   📅 Epoch 32 | Loss: 0.4113 | Val Accuracy: 92.73%
   📅 Epoch 33 | Loss: 0.4122 | Val Accuracy: 93.43%
      ⭐ New Best! (Model saving disabled to save space)
   📅 Epoch 34 | Loss: 0.4295 | Val Accuracy: 93.46%
      ⭐ New Best! (Model saving disabled to save space)
   📅 Epoch 35 | Loss: 0.3872 | Val Accuracy: 93.23%
   📅 Epoch 36 | Loss: 0.3942 | Val Accuracy: 93.35%
   📅 Epoch 37 | Loss: 0.3999 | Val Accuracy: 93.72%
      ⭐ New Best! (Model saving disabled to save space)
   📅 Epoch 38 | Loss: 0.4033 | Val Accuracy: 93.44%
   📅 Epoch 39 | Loss: 0.3957 | Val Accuracy: 93.79%
      ⭐ New Best! (Model saving disabled to save space)
   📅 Epoch 40 | Loss: 0.3935 | Val Accuracy: 93.89%
      ⭐ New Best! (Model saving disabled to save space)
   📅 Epoch 41 | Loss: 0.3970 | Val Accuracy: 93.31%
   📅 Epoch 42 | Loss: 0.3665 | Val Accuracy: 93.76%
   📅 Epoch 43 | Loss: 0.3691 | Val Accuracy: 94.22%
      ⭐ New Best! (Model saving disabled to save space)
   📅 Epoch 44 | Loss: 0.3750 | Val Accuracy: 94.40%
      ⭐ New Best! (Model saving disabled to save space)
   📅 Epoch 45 | Loss: 0.3566 | Val Accuracy: 94.40%
   📅 Epoch 46 | Loss: 0.3649 | Val Accuracy: 94.30%
   📅 Epoch 47 | Loss: 0.3478 | Val Accuracy: 94.11%
   📅 Epoch 48 | Loss: 0.3720 | Val Accuracy: 94.32%
   📅 Epoch 49 | Loss: 0.3622 | Val Accuracy: 94.52%
      ⭐ New Best! (Model saving disabled to save space)
   📅 Epoch 50 | Loss: 0.3433 | Val Accuracy: 94.68%
      ⭐ New Best! (Model saving disabled to save space)

========================================
🏆 Best Val Accuracy: 94.68%
💾 Best Checkpoint: ./checkpoints/linear_mb-frost_cls_satmae_lr0.0001_concat_3.pth
========================================

