
============================================================
📄 Log File: ./logs/linear_records_new/mb-frost_cls_dinov3_sat_frac0.20x_lr0.001_concat_3.log
⏰ Time: 2026-04-16 01:23:23
============================================================

🚀 Training dinov3_sat on mb-frost_cls | Mode: LINEAR | LR: 0.001
   📂 [TRAIN] Loading 1 shards...
   ✅ Loaded 6024 samples.
   📂 [TEST] Loading 2 shards...
   ✅ Loaded 12249 samples.
   ⚙️  Config: Workers=8, BS=64, SmallData=False

>>> Loading Model: dinov3_sat (dinov3_hub)
  ℹ️  DINOv3 Config: in_chans=3
   🔍 Auditing weights for [dinov3_sat]...
   ✅ [PERFECT MATCH] 368/368 layers loaded (100.0%)

   🔍 [Structure Check] dinov3_sat Output Analysis:
      Type: Tuple (len=2)
      Item 0: Shape (1, 1024)
      Item 1: Shape (1, 256, 1024)
      ✅ Identified: CLS=True, Patch=True
      👉 Final Strategy: concat_3 | Input Dim: 3072
   ❄️  Mode: Linear Probe (Backbone Frozen)
   ⚡ AMP Precision: torch.bfloat16
   🔄 Training Start... (Epochs: 50, Patience: 8)
   📅 Epoch 1 | Loss: 0.1949 | Val Accuracy: 98.71%
      ⭐ New Best! (Model saving disabled to save space)
   📅 Epoch 2 | Loss: 0.0785 | Val Accuracy: 98.91%
      ⭐ New Best! (Model saving disabled to save space)
   📅 Epoch 3 | Loss: 0.0595 | Val Accuracy: 99.08%
      ⭐ New Best! (Model saving disabled to save space)
   📅 Epoch 4 | Loss: 0.0504 | Val Accuracy: 99.29%
      ⭐ New Best! (Model saving disabled to save space)
   📅 Epoch 5 | Loss: 0.0477 | Val Accuracy: 99.38%
      ⭐ New Best! (Model saving disabled to save space)
   📅 Epoch 6 | Loss: 0.0406 | Val Accuracy: 99.27%
   📅 Epoch 7 | Loss: 0.0387 | Val Accuracy: 99.19%
   📅 Epoch 8 | Loss: 0.0331 | Val Accuracy: 99.16%
   📅 Epoch 9 | Loss: 0.0315 | Val Accuracy: 99.28%
   📅 Epoch 10 | Loss: 0.0304 | Val Accuracy: 99.14%
   📅 Epoch 11 | Loss: 0.0280 | Val Accuracy: 99.10%
   📅 Epoch 12 | Loss: 0.0250 | Val Accuracy: 99.13%
   📅 Epoch 13 | Loss: 0.0263 | Val Accuracy: 99.24%

   🛑 Early Stopping triggered after 8 epochs.

========================================
🏆 Best Val Accuracy: 99.38%
💾 Best Checkpoint: ./checkpoints/linear_mb-frost_cls_dinov3_sat_lr0.001_concat_3.pth
========================================

