
============================================================
📄 Log File: ./logs/linear_records/mb-frost_cls_dinov3_sat_1cha_frac0.50x_lr0.001_concat_3.log
⏰ Time: 2026-04-15 08:39:28
============================================================

🚀 Training dinov3_sat_1cha on mb-frost_cls | Mode: LINEAR | LR: 0.001
   📂 [TRAIN] Loading 2 shards...
   ✅ Loaded 15062 samples.
   📂 [TEST] Loading 2 shards...
   ✅ Loaded 12249 samples.
   ⚙️  Config: Workers=8, BS=64, SmallData=False

>>> Loading Model: dinov3_sat_1cha (dinov3_hub)
   🔍 Auditing weights for [dinov3_sat_1cha]...
   ✅ [PERFECT MATCH] 368/368 layers loaded (100.0%)

   🔍 [Structure Check] dinov3_sat_1cha Output Analysis:
      Type: Tuple (len=2)
      Item 0: Shape (1, 1024)
      Item 1: Shape (1, 256, 1024)
      ✅ Identified: CLS=True, Patch=True
      👉 Final Strategy: concat_3 | Input Dim: 3072
   ❄️  Mode: Linear Probe (Backbone Frozen)
   ⚡ AMP Precision: torch.bfloat16
   🔄 Training Start... (Epochs: 50, Patience: 8)
   📅 Epoch 1 | Loss: 0.1534 | Val Accuracy: 98.07%
      ⭐ New Best! (Model saving disabled to save space)
   📅 Epoch 2 | Loss: 0.0662 | Val Accuracy: 98.48%
      ⭐ New Best! (Model saving disabled to save space)
   📅 Epoch 3 | Loss: 0.0534 | Val Accuracy: 98.47%
   📅 Epoch 4 | Loss: 0.0452 | Val Accuracy: 98.48%
   📅 Epoch 5 | Loss: 0.0395 | Val Accuracy: 98.11%
   📅 Epoch 6 | Loss: 0.0363 | Val Accuracy: 97.98%
   📅 Epoch 7 | Loss: 0.0323 | Val Accuracy: 98.30%
   📅 Epoch 8 | Loss: 0.0311 | Val Accuracy: 98.22%
   📅 Epoch 9 | Loss: 0.0290 | Val Accuracy: 98.19%
   📅 Epoch 10 | Loss: 0.0270 | Val Accuracy: 98.39%

   🛑 Early Stopping triggered after 8 epochs.

========================================
🏆 Best Val Accuracy: 98.48%
💾 Best Checkpoint: ./checkpoints/linear_mb-frost_cls_dinov3_sat_1cha_lr0.001_concat_3.pth
========================================

