
============================================================
📄 Log File: ./logs/linear_records_new/mb-frost_cls_dinov3_sat_frac0.01x_lr1e-05_concat_3.log
⏰ Time: 2026-04-15 23:42:42
============================================================

🚀 Training dinov3_sat on mb-frost_cls | Mode: LINEAR | LR: 1e-05
   📂 [TRAIN] Loading 1 shards...
   ✅ Loaded 301 samples.
   📂 [TEST] Loading 2 shards...
   ✅ Loaded 12249 samples.
   ⚙️  Config: Workers=0, BS=64, SmallData=True

>>> Loading Model: dinov3_sat (dinov3_hub)
  ℹ️  DINOv3 Config: in_chans=3
   🔍 Auditing weights for [dinov3_sat]...
   ✅ [PERFECT MATCH] 368/368 layers loaded (100.0%)

   🔍 [Structure Check] dinov3_sat Output Analysis:
      Type: Tuple (len=2)
      Item 0: Shape (1, 1024)
      Item 1: Shape (1, 256, 1024)
      ✅ Identified: CLS=True, Patch=True
      👉 Final Strategy: concat_3 | Input Dim: 3072
   ❄️  Mode: Linear Probe (Backbone Frozen)
   ⚡ AMP Precision: torch.bfloat16
   🔄 Training Start... (Epochs: 50, Patience: 8)
   📅 Epoch 1 | Loss: 0.7357 | Val Accuracy: 24.74%
      ⭐ New Best! (Model saving disabled to save space)
   📅 Epoch 2 | Loss: 0.7318 | Val Accuracy: 24.90%
      ⭐ New Best! (Model saving disabled to save space)
   📅 Epoch 3 | Loss: 0.7289 | Val Accuracy: 25.06%
      ⭐ New Best! (Model saving disabled to save space)
   📅 Epoch 4 | Loss: 0.7275 | Val Accuracy: 25.28%
      ⭐ New Best! (Model saving disabled to save space)
   📅 Epoch 5 | Loss: 0.7219 | Val Accuracy: 25.33%
      ⭐ New Best! (Model saving disabled to save space)
   📅 Epoch 6 | Loss: 0.7190 | Val Accuracy: 25.61%
      ⭐ New Best! (Model saving disabled to save space)
   📅 Epoch 7 | Loss: 0.7082 | Val Accuracy: 26.03%
      ⭐ New Best! (Model saving disabled to save space)
   📅 Epoch 8 | Loss: 0.7104 | Val Accuracy: 26.70%
      ⭐ New Best! (Model saving disabled to save space)
   📅 Epoch 9 | Loss: 0.7029 | Val Accuracy: 27.20%
      ⭐ New Best! (Model saving disabled to save space)
   📅 Epoch 10 | Loss: 0.6988 | Val Accuracy: 28.09%
      ⭐ New Best! (Model saving disabled to save space)
   📅 Epoch 11 | Loss: 0.7136 | Val Accuracy: 29.24%
      ⭐ New Best! (Model saving disabled to save space)
   📅 Epoch 12 | Loss: 0.7055 | Val Accuracy: 30.21%
      ⭐ New Best! (Model saving disabled to save space)
   📅 Epoch 13 | Loss: 0.7016 | Val Accuracy: 31.45%
      ⭐ New Best! (Model saving disabled to save space)
   📅 Epoch 14 | Loss: 0.6877 | Val Accuracy: 32.73%
      ⭐ New Best! (Model saving disabled to save space)
   📅 Epoch 15 | Loss: 0.6929 | Val Accuracy: 34.01%
      ⭐ New Best! (Model saving disabled to save space)
   📅 Epoch 16 | Loss: 0.6918 | Val Accuracy: 35.59%
      ⭐ New Best! (Model saving disabled to save space)
   📅 Epoch 17 | Loss: 0.6909 | Val Accuracy: 37.13%
      ⭐ New Best! (Model saving disabled to save space)
   📅 Epoch 18 | Loss: 0.6842 | Val Accuracy: 38.94%
      ⭐ New Best! (Model saving disabled to save space)
   📅 Epoch 19 | Loss: 0.6835 | Val Accuracy: 40.68%
      ⭐ New Best! (Model saving disabled to save space)
   📅 Epoch 20 | Loss: 0.6808 | Val Accuracy: 42.56%
      ⭐ New Best! (Model saving disabled to save space)
   📅 Epoch 21 | Loss: 0.6711 | Val Accuracy: 44.43%
      ⭐ New Best! (Model saving disabled to save space)
   📅 Epoch 22 | Loss: 0.6765 | Val Accuracy: 46.04%
      ⭐ New Best! (Model saving disabled to save space)
   📅 Epoch 23 | Loss: 0.6711 | Val Accuracy: 47.72%
      ⭐ New Best! (Model saving disabled to save space)
   📅 Epoch 24 | Loss: 0.6671 | Val Accuracy: 49.68%
      ⭐ New Best! (Model saving disabled to save space)
   📅 Epoch 25 | Loss: 0.6677 | Val Accuracy: 51.52%
      ⭐ New Best! (Model saving disabled to save space)
   📅 Epoch 26 | Loss: 0.6630 | Val Accuracy: 53.61%
      ⭐ New Best! (Model saving disabled to save space)
   📅 Epoch 27 | Loss: 0.6580 | Val Accuracy: 55.51%
      ⭐ New Best! (Model saving disabled to save space)
   📅 Epoch 28 | Loss: 0.6563 | Val Accuracy: 57.65%
      ⭐ New Best! (Model saving disabled to save space)
   📅 Epoch 29 | Loss: 0.6573 | Val Accuracy: 59.33%
      ⭐ New Best! (Model saving disabled to save space)
   📅 Epoch 30 | Loss: 0.6522 | Val Accuracy: 61.01%
      ⭐ New Best! (Model saving disabled to save space)
   📅 Epoch 31 | Loss: 0.6552 | Val Accuracy: 62.81%
      ⭐ New Best! (Model saving disabled to save space)
   📅 Epoch 32 | Loss: 0.6452 | Val Accuracy: 64.78%
      ⭐ New Best! (Model saving disabled to save space)
   📅 Epoch 33 | Loss: 0.6386 | Val Accuracy: 66.54%
      ⭐ New Best! (Model saving disabled to save space)
   📅 Epoch 34 | Loss: 0.6398 | Val Accuracy: 67.58%
      ⭐ New Best! (Model saving disabled to save space)
   📅 Epoch 35 | Loss: 0.6451 | Val Accuracy: 68.86%
      ⭐ New Best! (Model saving disabled to save space)
   📅 Epoch 36 | Loss: 0.6405 | Val Accuracy: 70.05%
      ⭐ New Best! (Model saving disabled to save space)
   📅 Epoch 37 | Loss: 0.6320 | Val Accuracy: 71.09%
      ⭐ New Best! (Model saving disabled to save space)
   📅 Epoch 38 | Loss: 0.6370 | Val Accuracy: 72.19%
      ⭐ New Best! (Model saving disabled to save space)
   📅 Epoch 39 | Loss: 0.6336 | Val Accuracy: 72.96%
      ⭐ New Best! (Model saving disabled to save space)
   📅 Epoch 40 | Loss: 0.6307 | Val Accuracy: 73.88%
      ⭐ New Best! (Model saving disabled to save space)
   📅 Epoch 41 | Loss: 0.6258 | Val Accuracy: 75.26%
      ⭐ New Best! (Model saving disabled to save space)
   📅 Epoch 42 | Loss: 0.6297 | Val Accuracy: 76.28%
      ⭐ New Best! (Model saving disabled to save space)
   📅 Epoch 43 | Loss: 0.6300 | Val Accuracy: 77.14%
      ⭐ New Best! (Model saving disabled to save space)
   📅 Epoch 44 | Loss: 0.6161 | Val Accuracy: 77.80%
      ⭐ New Best! (Model saving disabled to save space)
   📅 Epoch 45 | Loss: 0.6210 | Val Accuracy: 78.50%
      ⭐ New Best! (Model saving disabled to save space)
   📅 Epoch 46 | Loss: 0.6115 | Val Accuracy: 79.23%
      ⭐ New Best! (Model saving disabled to save space)
   📅 Epoch 47 | Loss: 0.6174 | Val Accuracy: 80.03%
      ⭐ New Best! (Model saving disabled to save space)
   📅 Epoch 48 | Loss: 0.6029 | Val Accuracy: 80.75%
      ⭐ New Best! (Model saving disabled to save space)
   📅 Epoch 49 | Loss: 0.6035 | Val Accuracy: 81.45%
      ⭐ New Best! (Model saving disabled to save space)
   📅 Epoch 50 | Loss: 0.6109 | Val Accuracy: 81.94%
      ⭐ New Best! (Model saving disabled to save space)

========================================
🏆 Best Val Accuracy: 81.94%
💾 Best Checkpoint: ./checkpoints/linear_mb-frost_cls_dinov3_sat_lr1e-05_concat_3.pth
========================================

