
============================================================
📄 Log File: ./logs/linear_records/mb-frost_cls_openclip_frac0.01x_lr1e-05_concat_3.log
⏰ Time: 2026-04-14 15:55:10
============================================================

🚀 Training openclip on mb-frost_cls | Mode: LINEAR | LR: 1e-05
   📂 [TRAIN] Loading 1 shards...
   ✅ Loaded 301 samples.
   📂 [TEST] Loading 2 shards...
   ✅ Loaded 12249 samples.
   ⚙️  Config: Workers=0, BS=64, SmallData=True

>>> Loading Model: openclip (transformers_clip)

   🔍 [Structure Check] openclip Output Analysis:
      Type: Tuple (len=2)
      Item 0: Shape (1, 1024)
      Item 1: Shape (1, 256, 1024)
      ✅ Identified: CLS=True, Patch=True
      👉 Final Strategy: concat_3 | Input Dim: 3072
   ❄️  Mode: Linear Probe (Backbone Frozen)
   ⚡ AMP Precision: torch.bfloat16
   🔄 Training Start... (Epochs: 50, Patience: 8)
   📅 Epoch 1 | Loss: 1.1384 | Val Accuracy: 63.93%
      ⭐ New Best! (Model saving disabled to save space)
   📅 Epoch 2 | Loss: 1.1043 | Val Accuracy: 63.92%
   📅 Epoch 3 | Loss: 1.0025 | Val Accuracy: 63.96%
      ⭐ New Best! (Model saving disabled to save space)
   📅 Epoch 4 | Loss: 0.9630 | Val Accuracy: 64.01%
      ⭐ New Best! (Model saving disabled to save space)
   📅 Epoch 5 | Loss: 0.9039 | Val Accuracy: 63.99%
   📅 Epoch 6 | Loss: 0.8311 | Val Accuracy: 63.82%
   📅 Epoch 7 | Loss: 0.7968 | Val Accuracy: 63.61%
   📅 Epoch 8 | Loss: 0.7647 | Val Accuracy: 62.97%
   📅 Epoch 9 | Loss: 0.6996 | Val Accuracy: 61.80%
   📅 Epoch 10 | Loss: 0.7029 | Val Accuracy: 61.35%
   📅 Epoch 11 | Loss: 0.6890 | Val Accuracy: 61.14%
   📅 Epoch 12 | Loss: 0.6868 | Val Accuracy: 60.83%

   🛑 Early Stopping triggered after 8 epochs.

========================================
🏆 Best Val Accuracy: 64.01%
💾 Best Checkpoint: ./checkpoints/linear_mb-frost_cls_openclip_lr1e-05_concat_3.pth
========================================

