
============================================================
📄 Log File: ./logs/linear_records/mb-frost_cls_scale_mae_lr0.0001_concat_3.log
⏰ Time: 2026-03-03 01:20:50
============================================================

🚀 Training scale_mae on mb-frost_cls | Mode: LINEAR | LR: 0.0001
   📂 [TRAIN] Loading 4 shards...
   ✅ Loaded 30124 samples.
   📂 [TEST] Loading 2 shards...
   ✅ Loaded 12249 samples.
   ⚙️  Config: Workers=8, BS=256, SmallData=False

>>> Loading Model: scale_mae (scalemae)
   🔍 Auditing weights for [scale_mae]...
   ⚠️ [PARTIAL MATCH] 344/435 layers loaded (79.1%)

   🔍 [Structure Check] scale_mae Output Analysis:
      Type: Tuple (len=2)
      Item 0: Shape (1, 1024)
      Item 1: Shape (1, 196, 1024)
      ✅ Identified: CLS=True, Patch=True
      👉 Final Strategy: concat_3 | Input Dim: 3072
      📏 ScaleMAE GSD: 0.3 m/px
   ❄️  Mode: Linear Probe (Backbone Frozen)
   🚀 Compiling model with torch.compile...
   ⚡ AMP Precision: torch.bfloat16
   🔄 Training Start... (Epochs: 40, Patience: 5)
   📅 Epoch 1 | Loss: 0.6260 | Val Accuracy: 70.87%
      ⭐ New Best! Saved.
   📅 Epoch 2 | Loss: 0.5349 | Val Accuracy: 84.01%
      ⭐ New Best! Saved.
   📅 Epoch 3 | Loss: 0.4907 | Val Accuracy: 89.03%
      ⭐ New Best! Saved.
   📅 Epoch 4 | Loss: 0.4601 | Val Accuracy: 91.16%
      ⭐ New Best! Saved.
   📅 Epoch 5 | Loss: 0.4368 | Val Accuracy: 92.18%
      ⭐ New Best! Saved.
   📅 Epoch 6 | Loss: 0.4208 | Val Accuracy: 94.04%
      ⭐ New Best! Saved.
   📅 Epoch 7 | Loss: 0.4081 | Val Accuracy: 93.67%
   📅 Epoch 8 | Loss: 0.3923 | Val Accuracy: 95.35%
      ⭐ New Best! Saved.
   📅 Epoch 9 | Loss: 0.3859 | Val Accuracy: 94.71%
   📅 Epoch 10 | Loss: 0.3747 | Val Accuracy: 95.37%
      ⭐ New Best! Saved.
   📅 Epoch 11 | Loss: 0.3667 | Val Accuracy: 95.22%
   📅 Epoch 12 | Loss: 0.3589 | Val Accuracy: 96.10%
      ⭐ New Best! Saved.
   📅 Epoch 13 | Loss: 0.3561 | Val Accuracy: 95.25%
   📅 Epoch 14 | Loss: 0.3478 | Val Accuracy: 95.66%
   📅 Epoch 15 | Loss: 0.3420 | Val Accuracy: 95.89%
   📅 Epoch 16 | Loss: 0.3387 | Val Accuracy: 95.84%
   📅 Epoch 17 | Loss: 0.3347 | Val Accuracy: 95.53%

   🛑 Early Stopping triggered after 5 epochs.

========================================
🏆 Best Val Accuracy: 96.10%
💾 Best Checkpoint: ./checkpoints/linear_mb-frost_cls_scale_mae_lr0.0001_concat_3.pth
========================================

