
============================================================
📄 Log File: ./logs/linear_records/mb-frost_cls_satmae_lr0.01_concat_3.log
⏰ Time: 2026-03-02 12:48:05
============================================================

🚀 Training satmae on mb-frost_cls | Mode: LINEAR | LR: 0.01
   📂 [TRAIN] Loading 4 shards...
   ✅ Loaded 30124 samples.
   📂 [TEST] Loading 2 shards...
   ✅ Loaded 12249 samples.
   ⚙️  Config: Workers=8, BS=256, SmallData=False

>>> Loading Model: satmae (timm_mae)
   ℹ️  Config: in_chans=3
   🔍 Auditing weights for [satmae]...
   ✅ [PERFECT MATCH] 294/294 layers loaded (100.0%)

   🔍 [Structure Check] satmae Output Analysis:
      Type: Tuple (len=2)
      Item 0: Shape (1, 1024)
      Item 1: Shape (1, 196, 1024)
      ✅ Identified: CLS=True, Patch=True
      👉 Final Strategy: concat_3 | Input Dim: 3072
   ❄️  Mode: Linear Probe (Backbone Frozen)
   🚀 Compiling model with torch.compile...
   ⚡ AMP Precision: torch.bfloat16
   🔄 Training Start... (Epochs: 40, Patience: 5)
   📅 Epoch 1 | Loss: 1.4435 | Val Accuracy: 92.47%
      ⭐ New Best! Saved.
   📅 Epoch 2 | Loss: 0.1752 | Val Accuracy: 95.50%
      ⭐ New Best! Saved.
   📅 Epoch 3 | Loss: 0.1833 | Val Accuracy: 94.85%
   📅 Epoch 4 | Loss: 0.1555 | Val Accuracy: 94.39%
   📅 Epoch 5 | Loss: 0.1974 | Val Accuracy: 92.85%
   📅 Epoch 6 | Loss: 0.1462 | Val Accuracy: 95.30%
   📅 Epoch 7 | Loss: 0.1893 | Val Accuracy: 94.25%

   🛑 Early Stopping triggered after 5 epochs.

========================================
🏆 Best Val Accuracy: 95.50%
💾 Best Checkpoint: ./checkpoints/linear_mb-frost_cls_satmae_lr0.01_concat_3.pth
========================================

