
============================================================
📄 Log File: ./logs/linear_records/mb-frost_cls_dinov3_lvd_1cha_frac0.20x_lr0.001_concat_3.log
⏰ Time: 2026-04-14 20:22:43
============================================================

🚀 Training dinov3_lvd_1cha on mb-frost_cls | Mode: LINEAR | LR: 0.001
   📂 [TRAIN] Loading 1 shards...
   ✅ Loaded 6024 samples.
   📂 [TEST] Loading 2 shards...
   ✅ Loaded 12249 samples.
   ⚙️  Config: Workers=8, BS=64, SmallData=False

>>> Loading Model: dinov3_lvd_1cha (dinov3_hub)
   🔍 Auditing weights for [dinov3_lvd_1cha]...
   ✅ [PERFECT MATCH] 368/368 layers loaded (100.0%)

   🔍 [Structure Check] dinov3_lvd_1cha Output Analysis:
      Type: Tuple (len=2)
      Item 0: Shape (1, 1024)
      Item 1: Shape (1, 256, 1024)
      ✅ Identified: CLS=True, Patch=True
      👉 Final Strategy: concat_3 | Input Dim: 3072
   ❄️  Mode: Linear Probe (Backbone Frozen)
   ⚡ AMP Precision: torch.bfloat16
   🔄 Training Start... (Epochs: 50, Patience: 8)
   📅 Epoch 1 | Loss: 0.2838 | Val Accuracy: 95.84%
      ⭐ New Best! (Model saving disabled to save space)
   📅 Epoch 2 | Loss: 0.1628 | Val Accuracy: 95.96%
      ⭐ New Best! (Model saving disabled to save space)
   📅 Epoch 3 | Loss: 0.1293 | Val Accuracy: 96.78%
      ⭐ New Best! (Model saving disabled to save space)
   📅 Epoch 4 | Loss: 0.1095 | Val Accuracy: 96.54%
   📅 Epoch 5 | Loss: 0.0991 | Val Accuracy: 96.91%
      ⭐ New Best! (Model saving disabled to save space)
   📅 Epoch 6 | Loss: 0.0932 | Val Accuracy: 97.14%
      ⭐ New Best! (Model saving disabled to save space)
   📅 Epoch 7 | Loss: 0.0857 | Val Accuracy: 96.09%
   📅 Epoch 8 | Loss: 0.0820 | Val Accuracy: 96.11%
   📅 Epoch 9 | Loss: 0.0730 | Val Accuracy: 96.20%
   📅 Epoch 10 | Loss: 0.0730 | Val Accuracy: 96.90%
   📅 Epoch 11 | Loss: 0.0715 | Val Accuracy: 96.32%
   📅 Epoch 12 | Loss: 0.0686 | Val Accuracy: 96.84%
   📅 Epoch 13 | Loss: 0.0636 | Val Accuracy: 96.97%
   📅 Epoch 14 | Loss: 0.0593 | Val Accuracy: 96.52%

   🛑 Early Stopping triggered after 8 epochs.

========================================
🏆 Best Val Accuracy: 97.14%
💾 Best Checkpoint: ./checkpoints/linear_mb-frost_cls_dinov3_lvd_1cha_lr0.001_concat_3.pth
========================================

