
============================================================
📄 Log File: ./logs/linear_records/mb-frost_cls_dinov3_sat_1cha_frac0.50x_lr0.0001_concat_3.log
⏰ Time: 2026-04-15 00:29:58
============================================================

🚀 Training dinov3_sat_1cha on mb-frost_cls | Mode: LINEAR | LR: 0.0001
   📂 [TRAIN] Loading 2 shards...
   ✅ Loaded 15062 samples.
   📂 [TEST] Loading 2 shards...
   ✅ Loaded 12249 samples.
   ⚙️  Config: Workers=8, BS=64, SmallData=False

>>> Loading Model: dinov3_sat_1cha (dinov3_hub)
   🔍 Auditing weights for [dinov3_sat_1cha]...
   ✅ [PERFECT MATCH] 368/368 layers loaded (100.0%)

   🔍 [Structure Check] dinov3_sat_1cha Output Analysis:
      Type: Tuple (len=2)
      Item 0: Shape (1, 1024)
      Item 1: Shape (1, 256, 1024)
      ✅ Identified: CLS=True, Patch=True
      👉 Final Strategy: concat_3 | Input Dim: 3072
   ❄️  Mode: Linear Probe (Backbone Frozen)
   ⚡ AMP Precision: torch.bfloat16
   🔄 Training Start... (Epochs: 50, Patience: 8)
   📅 Epoch 1 | Loss: 0.3567 | Val Accuracy: 98.20%
      ⭐ New Best! (Model saving disabled to save space)
   📅 Epoch 2 | Loss: 0.1925 | Val Accuracy: 98.49%
      ⭐ New Best! (Model saving disabled to save space)
   📅 Epoch 3 | Loss: 0.1495 | Val Accuracy: 98.31%
   📅 Epoch 4 | Loss: 0.1235 | Val Accuracy: 98.20%
   📅 Epoch 5 | Loss: 0.1055 | Val Accuracy: 98.27%
   📅 Epoch 6 | Loss: 0.0949 | Val Accuracy: 98.24%
   📅 Epoch 7 | Loss: 0.0865 | Val Accuracy: 98.08%
   📅 Epoch 8 | Loss: 0.0801 | Val Accuracy: 98.12%
   📅 Epoch 9 | Loss: 0.0732 | Val Accuracy: 98.07%
   📅 Epoch 10 | Loss: 0.0711 | Val Accuracy: 98.47%

   🛑 Early Stopping triggered after 8 epochs.

========================================
🏆 Best Val Accuracy: 98.49%
💾 Best Checkpoint: ./checkpoints/linear_mb-frost_cls_dinov3_sat_1cha_lr0.0001_concat_3.pth
========================================

