
============================================================
📄 Log File: ./logs/linear_records/mb-frost_cls_dinov3_sat_1cha_frac0.01x_lr1e-05_concat_3.log
⏰ Time: 2026-04-14 22:09:56
============================================================

🚀 Training dinov3_sat_1cha on mb-frost_cls | Mode: LINEAR | LR: 1e-05
   📂 [TRAIN] Loading 1 shards...
   ✅ Loaded 301 samples.
   📂 [TEST] Loading 2 shards...
   ✅ Loaded 12249 samples.
   ⚙️  Config: Workers=0, BS=64, SmallData=True

>>> Loading Model: dinov3_sat_1cha (dinov3_hub)
   🔍 Auditing weights for [dinov3_sat_1cha]...
   ✅ [PERFECT MATCH] 368/368 layers loaded (100.0%)

   🔍 [Structure Check] dinov3_sat_1cha Output Analysis:
      Type: Tuple (len=2)
      Item 0: Shape (1, 1024)
      Item 1: Shape (1, 256, 1024)
      ✅ Identified: CLS=True, Patch=True
      👉 Final Strategy: concat_3 | Input Dim: 3072
   ❄️  Mode: Linear Probe (Backbone Frozen)
   ⚡ AMP Precision: torch.bfloat16
   🔄 Training Start... (Epochs: 50, Patience: 8)
   📅 Epoch 1 | Loss: 0.6965 | Val Accuracy: 54.85%
      ⭐ New Best! (Model saving disabled to save space)
   📅 Epoch 2 | Loss: 0.6926 | Val Accuracy: 56.08%
      ⭐ New Best! (Model saving disabled to save space)
   📅 Epoch 3 | Loss: 0.6948 | Val Accuracy: 57.61%
      ⭐ New Best! (Model saving disabled to save space)
   📅 Epoch 4 | Loss: 0.6951 | Val Accuracy: 58.75%
      ⭐ New Best! (Model saving disabled to save space)
   📅 Epoch 5 | Loss: 0.6954 | Val Accuracy: 59.92%
      ⭐ New Best! (Model saving disabled to save space)
   📅 Epoch 6 | Loss: 0.6982 | Val Accuracy: 61.29%
      ⭐ New Best! (Model saving disabled to save space)
   📅 Epoch 7 | Loss: 0.6827 | Val Accuracy: 62.87%
      ⭐ New Best! (Model saving disabled to save space)
   📅 Epoch 8 | Loss: 0.6855 | Val Accuracy: 64.33%
      ⭐ New Best! (Model saving disabled to save space)
   📅 Epoch 9 | Loss: 0.6840 | Val Accuracy: 65.91%
      ⭐ New Best! (Model saving disabled to save space)
   📅 Epoch 10 | Loss: 0.6756 | Val Accuracy: 67.28%
      ⭐ New Best! (Model saving disabled to save space)
   📅 Epoch 11 | Loss: 0.6701 | Val Accuracy: 68.42%
      ⭐ New Best! (Model saving disabled to save space)
   📅 Epoch 12 | Loss: 0.6711 | Val Accuracy: 69.73%
      ⭐ New Best! (Model saving disabled to save space)
   📅 Epoch 13 | Loss: 0.6684 | Val Accuracy: 70.84%
      ⭐ New Best! (Model saving disabled to save space)
   📅 Epoch 14 | Loss: 0.6651 | Val Accuracy: 71.86%
      ⭐ New Best! (Model saving disabled to save space)
   📅 Epoch 15 | Loss: 0.6669 | Val Accuracy: 73.38%
      ⭐ New Best! (Model saving disabled to save space)
   📅 Epoch 16 | Loss: 0.6554 | Val Accuracy: 74.64%
      ⭐ New Best! (Model saving disabled to save space)
   📅 Epoch 17 | Loss: 0.6584 | Val Accuracy: 75.54%
      ⭐ New Best! (Model saving disabled to save space)
   📅 Epoch 18 | Loss: 0.6605 | Val Accuracy: 76.81%
      ⭐ New Best! (Model saving disabled to save space)
   📅 Epoch 19 | Loss: 0.6480 | Val Accuracy: 78.18%
      ⭐ New Best! (Model saving disabled to save space)
   📅 Epoch 20 | Loss: 0.6471 | Val Accuracy: 79.32%
      ⭐ New Best! (Model saving disabled to save space)
   📅 Epoch 21 | Loss: 0.6461 | Val Accuracy: 80.19%
      ⭐ New Best! (Model saving disabled to save space)
   📅 Epoch 22 | Loss: 0.6548 | Val Accuracy: 81.25%
      ⭐ New Best! (Model saving disabled to save space)
   📅 Epoch 23 | Loss: 0.6344 | Val Accuracy: 82.31%
      ⭐ New Best! (Model saving disabled to save space)
   📅 Epoch 24 | Loss: 0.6333 | Val Accuracy: 83.01%
      ⭐ New Best! (Model saving disabled to save space)
   📅 Epoch 25 | Loss: 0.6429 | Val Accuracy: 83.69%
      ⭐ New Best! (Model saving disabled to save space)
   📅 Epoch 26 | Loss: 0.6384 | Val Accuracy: 84.03%
      ⭐ New Best! (Model saving disabled to save space)
   📅 Epoch 27 | Loss: 0.6300 | Val Accuracy: 84.82%
      ⭐ New Best! (Model saving disabled to save space)
   📅 Epoch 28 | Loss: 0.6299 | Val Accuracy: 85.14%
      ⭐ New Best! (Model saving disabled to save space)
   📅 Epoch 29 | Loss: 0.6224 | Val Accuracy: 85.87%
      ⭐ New Best! (Model saving disabled to save space)
   📅 Epoch 30 | Loss: 0.6338 | Val Accuracy: 86.24%
      ⭐ New Best! (Model saving disabled to save space)
   📅 Epoch 31 | Loss: 0.6195 | Val Accuracy: 86.42%
      ⭐ New Best! (Model saving disabled to save space)
   📅 Epoch 32 | Loss: 0.6227 | Val Accuracy: 86.47%
      ⭐ New Best! (Model saving disabled to save space)
   📅 Epoch 33 | Loss: 0.6250 | Val Accuracy: 86.81%
      ⭐ New Best! (Model saving disabled to save space)
   📅 Epoch 34 | Loss: 0.6119 | Val Accuracy: 87.04%
      ⭐ New Best! (Model saving disabled to save space)
   📅 Epoch 35 | Loss: 0.6128 | Val Accuracy: 87.62%
      ⭐ New Best! (Model saving disabled to save space)
   📅 Epoch 36 | Loss: 0.6106 | Val Accuracy: 88.01%
      ⭐ New Best! (Model saving disabled to save space)
   📅 Epoch 37 | Loss: 0.6065 | Val Accuracy: 88.68%
      ⭐ New Best! (Model saving disabled to save space)
   📅 Epoch 38 | Loss: 0.5922 | Val Accuracy: 88.74%
      ⭐ New Best! (Model saving disabled to save space)
   📅 Epoch 39 | Loss: 0.6012 | Val Accuracy: 88.99%
      ⭐ New Best! (Model saving disabled to save space)
   📅 Epoch 40 | Loss: 0.6078 | Val Accuracy: 89.37%
      ⭐ New Best! (Model saving disabled to save space)
   📅 Epoch 41 | Loss: 0.6022 | Val Accuracy: 89.71%
      ⭐ New Best! (Model saving disabled to save space)
   📅 Epoch 42 | Loss: 0.5995 | Val Accuracy: 89.95%
      ⭐ New Best! (Model saving disabled to save space)
   📅 Epoch 43 | Loss: 0.6002 | Val Accuracy: 89.83%
   📅 Epoch 44 | Loss: 0.5978 | Val Accuracy: 89.81%
   📅 Epoch 45 | Loss: 0.5919 | Val Accuracy: 89.84%
   📅 Epoch 46 | Loss: 0.5910 | Val Accuracy: 90.03%
      ⭐ New Best! (Model saving disabled to save space)
   📅 Epoch 47 | Loss: 0.5888 | Val Accuracy: 90.06%
      ⭐ New Best! (Model saving disabled to save space)
   📅 Epoch 48 | Loss: 0.5853 | Val Accuracy: 90.37%
      ⭐ New Best! (Model saving disabled to save space)
   📅 Epoch 49 | Loss: 0.5844 | Val Accuracy: 90.67%
      ⭐ New Best! (Model saving disabled to save space)
   📅 Epoch 50 | Loss: 0.5723 | Val Accuracy: 90.86%
      ⭐ New Best! (Model saving disabled to save space)

========================================
🏆 Best Val Accuracy: 90.86%
💾 Best Checkpoint: ./checkpoints/linear_mb-frost_cls_dinov3_sat_1cha_lr1e-05_concat_3.pth
========================================

