
============================================================
📄 Log File: ./logs/linear_records/mb-frost_cls_satmae_frac0.50x_lr0.001_concat_3.log
⏰ Time: 2026-04-14 13:35:02
============================================================

🚀 Training satmae on mb-frost_cls | Mode: LINEAR | LR: 0.001
   📂 [TRAIN] Loading 2 shards...
   ✅ Loaded 15062 samples.
   📂 [TEST] Loading 2 shards...
   ✅ Loaded 12249 samples.
   ⚙️  Config: Workers=8, BS=64, SmallData=False

>>> Loading Model: satmae (timm_mae)
   ℹ️  Config: in_chans=3
   🔍 Auditing weights for [satmae]...
   ✅ [PERFECT MATCH] 294/294 layers loaded (100.0%)

   🔍 [Structure Check] satmae Output Analysis:
      Type: Tuple (len=2)
      Item 0: Shape (1, 1024)
      Item 1: Shape (1, 196, 1024)
      ✅ Identified: CLS=True, Patch=True
      👉 Final Strategy: concat_3 | Input Dim: 3072
   ❄️  Mode: Linear Probe (Backbone Frozen)
   ⚡ AMP Precision: torch.bfloat16
   🔄 Training Start... (Epochs: 50, Patience: 8)
   📅 Epoch 1 | Loss: 0.3373 | Val Accuracy: 95.55%
      ⭐ New Best! (Model saving disabled to save space)
   📅 Epoch 2 | Loss: 0.2126 | Val Accuracy: 95.11%
   📅 Epoch 3 | Loss: 0.1855 | Val Accuracy: 96.29%
      ⭐ New Best! (Model saving disabled to save space)
   📅 Epoch 4 | Loss: 0.1755 | Val Accuracy: 96.05%
   📅 Epoch 5 | Loss: 0.1574 | Val Accuracy: 96.27%
   📅 Epoch 6 | Loss: 0.1582 | Val Accuracy: 96.08%
   📅 Epoch 7 | Loss: 0.1475 | Val Accuracy: 95.89%
   📅 Epoch 8 | Loss: 0.1516 | Val Accuracy: 96.11%
   📅 Epoch 9 | Loss: 0.1473 | Val Accuracy: 94.79%
   📅 Epoch 10 | Loss: 0.1387 | Val Accuracy: 95.89%
   📅 Epoch 11 | Loss: 0.1436 | Val Accuracy: 94.68%

   🛑 Early Stopping triggered after 8 epochs.

========================================
🏆 Best Val Accuracy: 96.29%
💾 Best Checkpoint: ./checkpoints/linear_mb-frost_cls_satmae_lr0.001_concat_3.pth
========================================

