
============================================================
📄 Log File: ./logs/linear_records/mb-frost_cls_dinov3_lvd_1cha_frac0.05x_lr0.001_concat_3.log
⏰ Time: 2026-04-15 01:28:20
============================================================

🚀 Training dinov3_lvd_1cha on mb-frost_cls | Mode: LINEAR | LR: 0.001
   📂 [TRAIN] Loading 1 shards...
   ✅ Loaded 1506 samples.
   📂 [TEST] Loading 2 shards...
   ✅ Loaded 12249 samples.
   ⚙️  Config: Workers=8, BS=64, SmallData=False

>>> Loading Model: dinov3_lvd_1cha (dinov3_hub)
   🔍 Auditing weights for [dinov3_lvd_1cha]...
   ✅ [PERFECT MATCH] 368/368 layers loaded (100.0%)

   🔍 [Structure Check] dinov3_lvd_1cha Output Analysis:
      Type: Tuple (len=2)
      Item 0: Shape (1, 1024)
      Item 1: Shape (1, 256, 1024)
      ✅ Identified: CLS=True, Patch=True
      👉 Final Strategy: concat_3 | Input Dim: 3072
   ❄️  Mode: Linear Probe (Backbone Frozen)
   ⚡ AMP Precision: torch.bfloat16
   🔄 Training Start... (Epochs: 50, Patience: 8)
   📅 Epoch 1 | Loss: 0.3931 | Val Accuracy: 92.95%
      ⭐ New Best! (Model saving disabled to save space)
   📅 Epoch 2 | Loss: 0.2402 | Val Accuracy: 95.61%
      ⭐ New Best! (Model saving disabled to save space)
   📅 Epoch 3 | Loss: 0.2028 | Val Accuracy: 96.25%
      ⭐ New Best! (Model saving disabled to save space)
   📅 Epoch 4 | Loss: 0.1704 | Val Accuracy: 95.09%
   📅 Epoch 5 | Loss: 0.1487 | Val Accuracy: 96.78%
      ⭐ New Best! (Model saving disabled to save space)
   📅 Epoch 6 | Loss: 0.1499 | Val Accuracy: 96.21%
   📅 Epoch 7 | Loss: 0.1343 | Val Accuracy: 95.69%
   📅 Epoch 8 | Loss: 0.1232 | Val Accuracy: 96.44%
   📅 Epoch 9 | Loss: 0.1193 | Val Accuracy: 96.06%
   📅 Epoch 10 | Loss: 0.1019 | Val Accuracy: 96.46%
   📅 Epoch 11 | Loss: 0.1008 | Val Accuracy: 96.28%
   📅 Epoch 12 | Loss: 0.1062 | Val Accuracy: 96.45%
   📅 Epoch 13 | Loss: 0.0995 | Val Accuracy: 96.70%

   🛑 Early Stopping triggered after 8 epochs.

========================================
🏆 Best Val Accuracy: 96.78%
💾 Best Checkpoint: ./checkpoints/linear_mb-frost_cls_dinov3_lvd_1cha_lr0.001_concat_3.pth
========================================

