
============================================================
📄 Log File: ./logs/linear_records/mb-frost_cls_swin_v2_frac0.05x_lr0.001_concat_3.log
⏰ Time: 2026-04-14 08:32:52
============================================================

🚀 Training swin_v2 on mb-frost_cls | Mode: LINEAR | LR: 0.001
   📂 [TRAIN] Loading 1 shards...
   ✅ Loaded 1506 samples.
   📂 [TEST] Loading 2 shards...
   ✅ Loaded 12249 samples.
   ⚙️  Config: Workers=8, BS=64, SmallData=False

>>> Loading Model: swin_v2 (torchvision_swin)
   🔍 Auditing weights for [swin_v2]...
   ✅ [PERFECT MATCH] 449/449 layers loaded (100.0%)

   🔍 [Structure Check] swin_v2 Output Analysis:
      Type: Tuple (len=2)
      Item 0: Shape (1, 1024)
      Item 1: Shape (1, 64, 1024)
      ✅ Identified: CLS=True, Patch=True
      👉 Final Strategy: concat_3 | Input Dim: 3072
   ❄️  Mode: Linear Probe (Backbone Frozen)
   ⚡ AMP Precision: torch.bfloat16
   🔄 Training Start... (Epochs: 50, Patience: 8)
   📅 Epoch 1 | Loss: 0.6824 | Val Accuracy: 93.01%
      ⭐ New Best! (Model saving disabled to save space)
   📅 Epoch 2 | Loss: 0.3323 | Val Accuracy: 91.49%
   📅 Epoch 3 | Loss: 0.2890 | Val Accuracy: 95.28%
      ⭐ New Best! (Model saving disabled to save space)
   📅 Epoch 4 | Loss: 0.2477 | Val Accuracy: 94.15%
   📅 Epoch 5 | Loss: 0.2556 | Val Accuracy: 93.69%
   📅 Epoch 6 | Loss: 0.2382 | Val Accuracy: 96.23%
      ⭐ New Best! (Model saving disabled to save space)
   📅 Epoch 7 | Loss: 0.2428 | Val Accuracy: 94.15%
   📅 Epoch 8 | Loss: 0.2193 | Val Accuracy: 94.84%
   📅 Epoch 9 | Loss: 0.2039 | Val Accuracy: 96.11%
   📅 Epoch 10 | Loss: 0.2127 | Val Accuracy: 95.92%
   📅 Epoch 11 | Loss: 0.2097 | Val Accuracy: 96.38%
      ⭐ New Best! (Model saving disabled to save space)
   📅 Epoch 12 | Loss: 0.1891 | Val Accuracy: 95.25%
   📅 Epoch 13 | Loss: 0.1846 | Val Accuracy: 95.69%
   📅 Epoch 14 | Loss: 0.1719 | Val Accuracy: 95.16%
   📅 Epoch 15 | Loss: 0.1769 | Val Accuracy: 96.38%
   📅 Epoch 16 | Loss: 0.1669 | Val Accuracy: 96.34%
   📅 Epoch 17 | Loss: 0.1712 | Val Accuracy: 96.40%
      ⭐ New Best! (Model saving disabled to save space)
   📅 Epoch 18 | Loss: 0.1669 | Val Accuracy: 96.38%
   📅 Epoch 19 | Loss: 0.1767 | Val Accuracy: 96.51%
      ⭐ New Best! (Model saving disabled to save space)
   📅 Epoch 20 | Loss: 0.1538 | Val Accuracy: 95.95%
   📅 Epoch 21 | Loss: 0.1614 | Val Accuracy: 94.56%
   📅 Epoch 22 | Loss: 0.1669 | Val Accuracy: 94.01%
   📅 Epoch 23 | Loss: 0.1598 | Val Accuracy: 95.35%
   📅 Epoch 24 | Loss: 0.1545 | Val Accuracy: 95.68%
   📅 Epoch 25 | Loss: 0.1548 | Val Accuracy: 93.22%
   📅 Epoch 26 | Loss: 0.1569 | Val Accuracy: 96.43%
   📅 Epoch 27 | Loss: 0.1554 | Val Accuracy: 95.95%

   🛑 Early Stopping triggered after 8 epochs.

========================================
🏆 Best Val Accuracy: 96.51%
💾 Best Checkpoint: ./checkpoints/linear_mb-frost_cls_swin_v2_lr0.001_concat_3.pth
========================================

