
============================================================
📄 Log File: ./logs/linear_records/mb-frost_cls_vit_l_frac0.20x_lr0.0001_concat_3.log
⏰ Time: 2026-04-14 07:16:55
============================================================

🚀 Training vit_l on mb-frost_cls | Mode: LINEAR | LR: 0.0001
   📂 [TRAIN] Loading 1 shards...
   ✅ Loaded 6024 samples.
   📂 [TEST] Loading 2 shards...
   ✅ Loaded 12249 samples.
   ⚙️  Config: Workers=8, BS=64, SmallData=False

>>> Loading Model: vit_l (torchvision_vit)
   🔍 Auditing weights for [vit_l]...
   ✅ [PERFECT MATCH] 296/296 layers loaded (100.0%)

   🔍 [Structure Check] vit_l Output Analysis:
      Type: Tuple (len=2)
      Item 0: Shape (1, 1024)
      Item 1: Shape (1, 196, 1024)
      ✅ Identified: CLS=True, Patch=True
      👉 Final Strategy: concat_3 | Input Dim: 3072
   ❄️  Mode: Linear Probe (Backbone Frozen)
   ⚡ AMP Precision: torch.bfloat16
   🔄 Training Start... (Epochs: 50, Patience: 8)
   📅 Epoch 1 | Loss: 0.5153 | Val Accuracy: 85.32%
      ⭐ New Best! (Model saving disabled to save space)
   📅 Epoch 2 | Loss: 0.3616 | Val Accuracy: 91.35%
      ⭐ New Best! (Model saving disabled to save space)
   📅 Epoch 3 | Loss: 0.3129 | Val Accuracy: 92.96%
      ⭐ New Best! (Model saving disabled to save space)
   📅 Epoch 4 | Loss: 0.2765 | Val Accuracy: 94.65%
      ⭐ New Best! (Model saving disabled to save space)
   📅 Epoch 5 | Loss: 0.2580 | Val Accuracy: 94.13%
   📅 Epoch 6 | Loss: 0.2387 | Val Accuracy: 94.80%
      ⭐ New Best! (Model saving disabled to save space)
   📅 Epoch 7 | Loss: 0.2230 | Val Accuracy: 94.36%
   📅 Epoch 8 | Loss: 0.2070 | Val Accuracy: 94.51%
   📅 Epoch 9 | Loss: 0.1987 | Val Accuracy: 94.69%
   📅 Epoch 10 | Loss: 0.1946 | Val Accuracy: 94.61%
   📅 Epoch 11 | Loss: 0.1878 | Val Accuracy: 94.50%
   📅 Epoch 12 | Loss: 0.1811 | Val Accuracy: 94.43%
   📅 Epoch 13 | Loss: 0.1770 | Val Accuracy: 94.51%
   📅 Epoch 14 | Loss: 0.1702 | Val Accuracy: 94.38%

   🛑 Early Stopping triggered after 8 epochs.

========================================
🏆 Best Val Accuracy: 94.80%
💾 Best Checkpoint: ./checkpoints/linear_mb-frost_cls_vit_l_lr0.0001_concat_3.pth
========================================

