
============================================================
📄 Log File: ./logs/linear_records/mb-frost_cls_dinov3_sat_1cha_frac0.20x_lr0.0001_concat_3.log
⏰ Time: 2026-04-15 04:59:51
============================================================

🚀 Training dinov3_sat_1cha on mb-frost_cls | Mode: LINEAR | LR: 0.0001
   📂 [TRAIN] Loading 1 shards...
   ✅ Loaded 6024 samples.
   📂 [TEST] Loading 2 shards...
   ✅ Loaded 12249 samples.
   ⚙️  Config: Workers=8, BS=64, SmallData=False

>>> Loading Model: dinov3_sat_1cha (dinov3_hub)
   🔍 Auditing weights for [dinov3_sat_1cha]...
   ✅ [PERFECT MATCH] 368/368 layers loaded (100.0%)

   🔍 [Structure Check] dinov3_sat_1cha Output Analysis:
      Type: Tuple (len=2)
      Item 0: Shape (1, 1024)
      Item 1: Shape (1, 256, 1024)
      ✅ Identified: CLS=True, Patch=True
      👉 Final Strategy: concat_3 | Input Dim: 3072
   ❄️  Mode: Linear Probe (Backbone Frozen)
   ⚡ AMP Precision: torch.bfloat16
   🔄 Training Start... (Epochs: 50, Patience: 8)
   📅 Epoch 1 | Loss: 0.4897 | Val Accuracy: 96.56%
      ⭐ New Best! (Model saving disabled to save space)
   📅 Epoch 2 | Loss: 0.3125 | Val Accuracy: 98.57%
      ⭐ New Best! (Model saving disabled to save space)
   📅 Epoch 3 | Loss: 0.2446 | Val Accuracy: 98.60%
      ⭐ New Best! (Model saving disabled to save space)
   📅 Epoch 4 | Loss: 0.2067 | Val Accuracy: 98.65%
      ⭐ New Best! (Model saving disabled to save space)
   📅 Epoch 5 | Loss: 0.1798 | Val Accuracy: 98.66%
      ⭐ New Best! (Model saving disabled to save space)
   📅 Epoch 6 | Loss: 0.1640 | Val Accuracy: 98.44%
   📅 Epoch 7 | Loss: 0.1485 | Val Accuracy: 98.40%
   📅 Epoch 8 | Loss: 0.1382 | Val Accuracy: 98.55%
   📅 Epoch 9 | Loss: 0.1293 | Val Accuracy: 98.46%
   📅 Epoch 10 | Loss: 0.1238 | Val Accuracy: 98.53%
   📅 Epoch 11 | Loss: 0.1131 | Val Accuracy: 98.56%
   📅 Epoch 12 | Loss: 0.1084 | Val Accuracy: 98.32%
   📅 Epoch 13 | Loss: 0.1024 | Val Accuracy: 98.47%

   🛑 Early Stopping triggered after 8 epochs.

========================================
🏆 Best Val Accuracy: 98.66%
💾 Best Checkpoint: ./checkpoints/linear_mb-frost_cls_dinov3_sat_1cha_lr0.0001_concat_3.pth
========================================

