
============================================================
📄 Log File: ./logs/linear_records/mb-frost_cls_dinov1_b8_frac0.50x_lr0.001_concat_3.log
⏰ Time: 2026-04-14 23:45:00
============================================================

🚀 Training dinov1_b8 on mb-frost_cls | Mode: LINEAR | LR: 0.001
   📂 [TRAIN] Loading 2 shards...
   ✅ Loaded 15062 samples.
   📂 [TEST] Loading 2 shards...
   ✅ Loaded 12249 samples.
   ⚙️  Config: Workers=8, BS=64, SmallData=False

>>> Loading Model: dinov1_b8 (dinov1)

   🔍 [Structure Check] dinov1_b8 Output Analysis:
      Type: Tuple (len=2)
      Item 0: Shape (1, 768)
      Item 1: Shape (1, 784, 768)
      ✅ Identified: CLS=True, Patch=True
      👉 Final Strategy: concat_3 | Input Dim: 2304
   ❄️  Mode: Linear Probe (Backbone Frozen)
   ⚡ AMP Precision: torch.bfloat16
   🔄 Training Start... (Epochs: 50, Patience: 8)
   📅 Epoch 1 | Loss: 0.2002 | Val Accuracy: 96.69%
      ⭐ New Best! (Model saving disabled to save space)
   📅 Epoch 2 | Loss: 0.0713 | Val Accuracy: 97.54%
      ⭐ New Best! (Model saving disabled to save space)
   📅 Epoch 3 | Loss: 0.0540 | Val Accuracy: 95.69%
   📅 Epoch 4 | Loss: 0.0489 | Val Accuracy: 97.06%
   📅 Epoch 5 | Loss: 0.0405 | Val Accuracy: 96.64%
   📅 Epoch 6 | Loss: 0.0413 | Val Accuracy: 97.27%
   📅 Epoch 7 | Loss: 0.0413 | Val Accuracy: 96.34%
   📅 Epoch 8 | Loss: 0.0360 | Val Accuracy: 96.76%
   📅 Epoch 9 | Loss: 0.0421 | Val Accuracy: 96.60%
   📅 Epoch 10 | Loss: 0.0318 | Val Accuracy: 96.64%

   🛑 Early Stopping triggered after 8 epochs.

========================================
🏆 Best Val Accuracy: 97.54%
💾 Best Checkpoint: ./checkpoints/linear_mb-frost_cls_dinov1_b8_lr0.001_concat_3.pth
========================================

