
============================================================
📄 Log File: ./logs/linear_records/mb-frost_cls_dinov1_b8_frac0.20x_lr0.0001_concat_3.log
⏰ Time: 2026-04-14 18:56:13
============================================================

🚀 Training dinov1_b8 on mb-frost_cls | Mode: LINEAR | LR: 0.0001
   📂 [TRAIN] Loading 1 shards...
   ✅ Loaded 6024 samples.
   📂 [TEST] Loading 2 shards...
   ✅ Loaded 12249 samples.
   ⚙️  Config: Workers=8, BS=64, SmallData=False

>>> Loading Model: dinov1_b8 (dinov1)

   🔍 [Structure Check] dinov1_b8 Output Analysis:
      Type: Tuple (len=2)
      Item 0: Shape (1, 768)
      Item 1: Shape (1, 784, 768)
      ✅ Identified: CLS=True, Patch=True
      👉 Final Strategy: concat_3 | Input Dim: 2304
   ❄️  Mode: Linear Probe (Backbone Frozen)
   ⚡ AMP Precision: torch.bfloat16
   🔄 Training Start... (Epochs: 50, Patience: 8)
   📅 Epoch 1 | Loss: 0.4453 | Val Accuracy: 97.05%
      ⭐ New Best! (Model saving disabled to save space)
   📅 Epoch 2 | Loss: 0.2222 | Val Accuracy: 98.64%
      ⭐ New Best! (Model saving disabled to save space)
   📅 Epoch 3 | Loss: 0.1636 | Val Accuracy: 98.84%
      ⭐ New Best! (Model saving disabled to save space)
   📅 Epoch 4 | Loss: 0.1370 | Val Accuracy: 98.55%
   📅 Epoch 5 | Loss: 0.1191 | Val Accuracy: 98.11%
   📅 Epoch 6 | Loss: 0.1029 | Val Accuracy: 98.32%
   📅 Epoch 7 | Loss: 0.0962 | Val Accuracy: 97.74%
   📅 Epoch 8 | Loss: 0.0893 | Val Accuracy: 97.22%
   📅 Epoch 9 | Loss: 0.0830 | Val Accuracy: 97.98%
   📅 Epoch 10 | Loss: 0.0789 | Val Accuracy: 98.15%
   📅 Epoch 11 | Loss: 0.0746 | Val Accuracy: 97.36%

   🛑 Early Stopping triggered after 8 epochs.

========================================
🏆 Best Val Accuracy: 98.84%
💾 Best Checkpoint: ./checkpoints/linear_mb-frost_cls_dinov1_b8_lr0.0001_concat_3.pth
========================================

