
============================================================
📄 Log File: ./logs/linear_records_new/mb-frost_cls_dinov3_sat_frac0.20x_lr1e-05_concat_3.log
⏰ Time: 2026-04-15 23:44:30
============================================================

🚀 Training dinov3_sat on mb-frost_cls | Mode: LINEAR | LR: 1e-05
   📂 [TRAIN] Loading 1 shards...
   ✅ Loaded 6024 samples.
   📂 [TEST] Loading 2 shards...
   ✅ Loaded 12249 samples.
   ⚙️  Config: Workers=8, BS=64, SmallData=False

>>> Loading Model: dinov3_sat (dinov3_hub)
  ℹ️  DINOv3 Config: in_chans=3
   🔍 Auditing weights for [dinov3_sat]...
   ✅ [PERFECT MATCH] 368/368 layers loaded (100.0%)

   🔍 [Structure Check] dinov3_sat Output Analysis:
      Type: Tuple (len=2)
      Item 0: Shape (1, 1024)
      Item 1: Shape (1, 256, 1024)
      ✅ Identified: CLS=True, Patch=True
      👉 Final Strategy: concat_3 | Input Dim: 3072
   ❄️  Mode: Linear Probe (Backbone Frozen)
   ⚡ AMP Precision: torch.bfloat16
   🔄 Training Start... (Epochs: 50, Patience: 8)
   📅 Epoch 1 | Loss: 0.6737 | Val Accuracy: 91.40%
      ⭐ New Best! (Model saving disabled to save space)
   📅 Epoch 2 | Loss: 0.6204 | Val Accuracy: 95.68%
      ⭐ New Best! (Model saving disabled to save space)
   📅 Epoch 3 | Loss: 0.5737 | Val Accuracy: 97.37%
      ⭐ New Best! (Model saving disabled to save space)
   📅 Epoch 4 | Loss: 0.5337 | Val Accuracy: 98.12%
      ⭐ New Best! (Model saving disabled to save space)
   📅 Epoch 5 | Loss: 0.4978 | Val Accuracy: 98.58%
      ⭐ New Best! (Model saving disabled to save space)
   📅 Epoch 6 | Loss: 0.4669 | Val Accuracy: 98.69%
      ⭐ New Best! (Model saving disabled to save space)
   📅 Epoch 7 | Loss: 0.4409 | Val Accuracy: 98.87%
      ⭐ New Best! (Model saving disabled to save space)
   📅 Epoch 8 | Loss: 0.4152 | Val Accuracy: 99.00%
      ⭐ New Best! (Model saving disabled to save space)
   📅 Epoch 9 | Loss: 0.3938 | Val Accuracy: 99.09%
      ⭐ New Best! (Model saving disabled to save space)
   📅 Epoch 10 | Loss: 0.3757 | Val Accuracy: 99.11%
      ⭐ New Best! (Model saving disabled to save space)
   📅 Epoch 11 | Loss: 0.3598 | Val Accuracy: 99.13%
      ⭐ New Best! (Model saving disabled to save space)
   📅 Epoch 12 | Loss: 0.3447 | Val Accuracy: 99.14%
      ⭐ New Best! (Model saving disabled to save space)
   📅 Epoch 13 | Loss: 0.3304 | Val Accuracy: 99.15%
      ⭐ New Best! (Model saving disabled to save space)
   📅 Epoch 14 | Loss: 0.3169 | Val Accuracy: 99.13%
   📅 Epoch 15 | Loss: 0.3053 | Val Accuracy: 99.14%
   📅 Epoch 16 | Loss: 0.2934 | Val Accuracy: 99.14%
   📅 Epoch 17 | Loss: 0.2815 | Val Accuracy: 99.15%
   📅 Epoch 18 | Loss: 0.2750 | Val Accuracy: 99.15%
   📅 Epoch 19 | Loss: 0.2635 | Val Accuracy: 99.16%
      ⭐ New Best! (Model saving disabled to save space)
   📅 Epoch 20 | Loss: 0.2560 | Val Accuracy: 99.17%
      ⭐ New Best! (Model saving disabled to save space)
   📅 Epoch 21 | Loss: 0.2497 | Val Accuracy: 99.16%
   📅 Epoch 22 | Loss: 0.2419 | Val Accuracy: 99.17%
   📅 Epoch 23 | Loss: 0.2354 | Val Accuracy: 99.16%
   📅 Epoch 24 | Loss: 0.2258 | Val Accuracy: 99.15%
   📅 Epoch 25 | Loss: 0.2241 | Val Accuracy: 99.18%
      ⭐ New Best! (Model saving disabled to save space)
   📅 Epoch 26 | Loss: 0.2158 | Val Accuracy: 99.18%
   📅 Epoch 27 | Loss: 0.2125 | Val Accuracy: 99.21%
      ⭐ New Best! (Model saving disabled to save space)
   📅 Epoch 28 | Loss: 0.2066 | Val Accuracy: 99.21%
   📅 Epoch 29 | Loss: 0.2039 | Val Accuracy: 99.18%
   📅 Epoch 30 | Loss: 0.1989 | Val Accuracy: 99.18%
   📅 Epoch 31 | Loss: 0.1911 | Val Accuracy: 99.18%
   📅 Epoch 32 | Loss: 0.1893 | Val Accuracy: 99.17%
   📅 Epoch 33 | Loss: 0.1847 | Val Accuracy: 99.16%
   📅 Epoch 34 | Loss: 0.1804 | Val Accuracy: 99.18%
   📅 Epoch 35 | Loss: 0.1778 | Val Accuracy: 99.15%

   🛑 Early Stopping triggered after 8 epochs.

========================================
🏆 Best Val Accuracy: 99.21%
💾 Best Checkpoint: ./checkpoints/linear_mb-frost_cls_dinov3_sat_lr1e-05_concat_3.pth
========================================

