
============================================================
📄 Log File: ./logs/linear_records/mb-landmark_cls_openclip_frac0.05x_lr0.001_concat_3.log
⏰ Time: 2026-04-15 07:50:38
============================================================

🚀 Training openclip on mb-landmark_cls | Mode: LINEAR | LR: 0.001
   📂 [TRAIN] Loading 1 shards...
   ✅ Loaded 349 samples.
   📂 [TEST] Loading 1 shards...
   ✅ Loaded 1793 samples.
   ⚙️  Config: Workers=0, BS=64, SmallData=True

>>> Loading Model: openclip (transformers_clip)

   🔍 [Structure Check] openclip Output Analysis:
      Type: Tuple (len=2)
      Item 0: Shape (1, 1024)
      Item 1: Shape (1, 256, 1024)
      ✅ Identified: CLS=True, Patch=True
      👉 Final Strategy: concat_3 | Input Dim: 3072
   ❄️  Mode: Linear Probe (Backbone Frozen)
   ⚡ AMP Precision: torch.bfloat16
   🔄 Training Start... (Epochs: 50, Patience: 8)
   📅 Epoch 1 | Loss: 2.5331 | Val Accuracy: 15.90%
      ⭐ New Best! (Model saving disabled to save space)
   📅 Epoch 2 | Loss: 1.5521 | Val Accuracy: 74.68%
      ⭐ New Best! (Model saving disabled to save space)
   📅 Epoch 3 | Loss: 1.1421 | Val Accuracy: 57.56%
   📅 Epoch 4 | Loss: 0.8889 | Val Accuracy: 48.80%
   📅 Epoch 5 | Loss: 0.7279 | Val Accuracy: 73.28%
   📅 Epoch 6 | Loss: 0.5977 | Val Accuracy: 52.65%
   📅 Epoch 7 | Loss: 0.6207 | Val Accuracy: 66.76%
   📅 Epoch 8 | Loss: 0.4990 | Val Accuracy: 69.99%
   📅 Epoch 9 | Loss: 0.5069 | Val Accuracy: 55.27%
   📅 Epoch 10 | Loss: 0.4574 | Val Accuracy: 65.53%

   🛑 Early Stopping triggered after 8 epochs.

========================================
🏆 Best Val Accuracy: 74.68%
💾 Best Checkpoint: ./checkpoints/linear_mb-landmark_cls_openclip_lr0.001_concat_3.pth
========================================

