
============================================================
📄 Log File: ./logs/linear_records/mb-landmark_cls_siglip2_frac0.05x_lr1e-05_concat_3.log
⏰ Time: 2026-04-15 10:15:24
============================================================

🚀 Training siglip2 on mb-landmark_cls | Mode: LINEAR | LR: 1e-05
   📂 [TRAIN] Loading 1 shards...
   ✅ Loaded 349 samples.
   📂 [TEST] Loading 1 shards...
   ✅ Loaded 1793 samples.
   ⚙️  Config: Workers=0, BS=64, SmallData=True

>>> Loading Model: siglip2 (transformers)

   🔍 [Structure Check] siglip2 Output Analysis:
      Type: Tuple (len=2)
      Item 0: Shape (1, 1024)
      Item 1: Shape (1, 256, 1024)
      ✅ Identified: CLS=True, Patch=True
      👉 Final Strategy: concat_3 | Input Dim: 3072
   ❄️  Mode: Linear Probe (Backbone Frozen)
   ⚡ AMP Precision: torch.bfloat16
   🔄 Training Start... (Epochs: 50, Patience: 8)
   📅 Epoch 1 | Loss: 2.8367 | Val Accuracy: 82.65%
      ⭐ New Best! (Model saving disabled to save space)
   📅 Epoch 2 | Loss: 2.7093 | Val Accuracy: 82.65%
   📅 Epoch 3 | Loss: 2.5164 | Val Accuracy: 82.60%
   📅 Epoch 4 | Loss: 2.4498 | Val Accuracy: 82.43%
   📅 Epoch 5 | Loss: 2.3516 | Val Accuracy: 82.15%
   📅 Epoch 6 | Loss: 2.3140 | Val Accuracy: 81.15%
   📅 Epoch 7 | Loss: 2.2525 | Val Accuracy: 79.03%
   📅 Epoch 8 | Loss: 2.2056 | Val Accuracy: 77.19%
   📅 Epoch 9 | Loss: 2.1581 | Val Accuracy: 74.34%

   🛑 Early Stopping triggered after 8 epochs.

========================================
🏆 Best Val Accuracy: 82.65%
💾 Best Checkpoint: ./checkpoints/linear_mb-landmark_cls_siglip2_lr1e-05_concat_3.pth
========================================

