
============================================================
📄 Log File: ./logs/linear_records/mb-landmark_cls_mars_mae_frac0.05x_lr1e-05_concat_3.log
⏰ Time: 2026-04-15 10:08:59
============================================================

🚀 Training mars_mae on mb-landmark_cls | Mode: LINEAR | LR: 1e-05
   📂 [TRAIN] Loading 1 shards...
   ✅ Loaded 349 samples.
   📂 [TEST] Loading 1 shards...
   ✅ Loaded 1793 samples.
   ⚙️  Config: Workers=0, BS=64, SmallData=True

>>> Loading Model: mars_mae (timm_mae)
   ℹ️  Config: in_chans=1
   🔍 Auditing weights for [mars_mae]...
   ✅ [PERFECT MATCH] 150/150 layers loaded (100.0%)

   🔍 [Structure Check] mars_mae Output Analysis:
      Type: Tuple (len=2)
      Item 0: Shape (1, 768)
      Item 1: Shape (1, 196, 768)
      ✅ Identified: CLS=True, Patch=True
      👉 Final Strategy: concat_3 | Input Dim: 2304
   ❄️  Mode: Linear Probe (Backbone Frozen)
   ⚡ AMP Precision: torch.bfloat16
   🔄 Training Start... (Epochs: 50, Patience: 8)
   📅 Epoch 1 | Loss: 2.2195 | Val Accuracy: 1.12%
      ⭐ New Best! (Model saving disabled to save space)
   📅 Epoch 2 | Loss: 2.2052 | Val Accuracy: 1.12%
   📅 Epoch 3 | Loss: 2.1927 | Val Accuracy: 1.06%
   📅 Epoch 4 | Loss: 2.1644 | Val Accuracy: 1.06%
   📅 Epoch 5 | Loss: 2.1547 | Val Accuracy: 1.12%
   📅 Epoch 6 | Loss: 2.1371 | Val Accuracy: 1.12%
   📅 Epoch 7 | Loss: 2.1111 | Val Accuracy: 1.12%
   📅 Epoch 8 | Loss: 2.1281 | Val Accuracy: 1.12%
   📅 Epoch 9 | Loss: 2.1234 | Val Accuracy: 1.06%

   🛑 Early Stopping triggered after 8 epochs.

========================================
🏆 Best Val Accuracy: 1.12%
💾 Best Checkpoint: ./checkpoints/linear_mb-landmark_cls_mars_mae_lr1e-05_concat_3.pth
========================================

