
============================================================
📄 Log File: ./logs/linear_records_new/mb-landmark_cls_dinov3_lvd_frac0.01x_lr0.0001_concat_3.log
⏰ Time: 2026-04-16 02:55:43
============================================================

🚀 Training dinov3_lvd on mb-landmark_cls | Mode: LINEAR | LR: 0.0001
   📂 [TRAIN] Loading 1 shards...
   ✅ Loaded 69 samples.
   📂 [TEST] Loading 1 shards...
   ✅ Loaded 1793 samples.
   ⚙️  Config: Workers=0, BS=64, SmallData=True

>>> Loading Model: dinov3_lvd (dinov3_hub)
  ℹ️  DINOv3 Config: in_chans=3
   🔍 Auditing weights for [dinov3_lvd]...
   ✅ [PERFECT MATCH] 368/368 layers loaded (100.0%)

   🔍 [Structure Check] dinov3_lvd Output Analysis:
      Type: Tuple (len=2)
      Item 0: Shape (1, 1024)
      Item 1: Shape (1, 256, 1024)
      ✅ Identified: CLS=True, Patch=True
      👉 Final Strategy: concat_3 | Input Dim: 3072
   ❄️  Mode: Linear Probe (Backbone Frozen)
   ⚡ AMP Precision: torch.bfloat16
   🔄 Training Start... (Epochs: 50, Patience: 8)
   📅 Epoch 1 | Loss: 2.0619 | Val Accuracy: 10.93%
      ⭐ New Best! (Model saving disabled to save space)
   📅 Epoch 2 | Loss: 2.0256 | Val Accuracy: 12.88%
      ⭐ New Best! (Model saving disabled to save space)
   📅 Epoch 3 | Loss: 1.9969 | Val Accuracy: 16.29%
      ⭐ New Best! (Model saving disabled to save space)
   📅 Epoch 4 | Loss: 1.9552 | Val Accuracy: 18.91%
      ⭐ New Best! (Model saving disabled to save space)
   📅 Epoch 5 | Loss: 1.9414 | Val Accuracy: 21.31%
      ⭐ New Best! (Model saving disabled to save space)
   📅 Epoch 6 | Loss: 1.9248 | Val Accuracy: 20.47%
   📅 Epoch 7 | Loss: 1.8767 | Val Accuracy: 20.52%
   📅 Epoch 8 | Loss: 1.8649 | Val Accuracy: 20.80%
   📅 Epoch 9 | Loss: 1.8307 | Val Accuracy: 21.53%
      ⭐ New Best! (Model saving disabled to save space)
   📅 Epoch 10 | Loss: 1.8420 | Val Accuracy: 21.81%
      ⭐ New Best! (Model saving disabled to save space)
   📅 Epoch 11 | Loss: 1.7870 | Val Accuracy: 22.70%
      ⭐ New Best! (Model saving disabled to save space)
   📅 Epoch 12 | Loss: 1.7819 | Val Accuracy: 24.04%
      ⭐ New Best! (Model saving disabled to save space)
   📅 Epoch 13 | Loss: 1.7496 | Val Accuracy: 25.26%
      ⭐ New Best! (Model saving disabled to save space)
   📅 Epoch 14 | Loss: 1.7152 | Val Accuracy: 26.66%
      ⭐ New Best! (Model saving disabled to save space)
   📅 Epoch 15 | Loss: 1.6920 | Val Accuracy: 27.77%
      ⭐ New Best! (Model saving disabled to save space)
   📅 Epoch 16 | Loss: 1.7067 | Val Accuracy: 29.28%
      ⭐ New Best! (Model saving disabled to save space)
   📅 Epoch 17 | Loss: 1.6582 | Val Accuracy: 30.56%
      ⭐ New Best! (Model saving disabled to save space)
   📅 Epoch 18 | Loss: 1.6576 | Val Accuracy: 31.46%
      ⭐ New Best! (Model saving disabled to save space)
   📅 Epoch 19 | Loss: 1.6271 | Val Accuracy: 32.63%
      ⭐ New Best! (Model saving disabled to save space)
   📅 Epoch 20 | Loss: 1.5906 | Val Accuracy: 33.52%
      ⭐ New Best! (Model saving disabled to save space)
   📅 Epoch 21 | Loss: 1.6130 | Val Accuracy: 33.85%
      ⭐ New Best! (Model saving disabled to save space)
   📅 Epoch 22 | Loss: 1.5588 | Val Accuracy: 34.13%
      ⭐ New Best! (Model saving disabled to save space)
   📅 Epoch 23 | Loss: 1.5182 | Val Accuracy: 34.24%
      ⭐ New Best! (Model saving disabled to save space)
   📅 Epoch 24 | Loss: 1.5266 | Val Accuracy: 34.47%
      ⭐ New Best! (Model saving disabled to save space)
   📅 Epoch 25 | Loss: 1.5275 | Val Accuracy: 34.75%
      ⭐ New Best! (Model saving disabled to save space)
   📅 Epoch 26 | Loss: 1.4879 | Val Accuracy: 35.08%
      ⭐ New Best! (Model saving disabled to save space)
   📅 Epoch 27 | Loss: 1.4475 | Val Accuracy: 35.53%
      ⭐ New Best! (Model saving disabled to save space)
   📅 Epoch 28 | Loss: 1.4357 | Val Accuracy: 36.36%
      ⭐ New Best! (Model saving disabled to save space)
   📅 Epoch 29 | Loss: 1.4159 | Val Accuracy: 37.48%
      ⭐ New Best! (Model saving disabled to save space)
   📅 Epoch 30 | Loss: 1.4062 | Val Accuracy: 38.26%
      ⭐ New Best! (Model saving disabled to save space)
   📅 Epoch 31 | Loss: 1.3798 | Val Accuracy: 38.98%
      ⭐ New Best! (Model saving disabled to save space)
   📅 Epoch 32 | Loss: 1.3766 | Val Accuracy: 39.71%
      ⭐ New Best! (Model saving disabled to save space)
   📅 Epoch 33 | Loss: 1.3458 | Val Accuracy: 40.71%
      ⭐ New Best! (Model saving disabled to save space)
   📅 Epoch 34 | Loss: 1.3121 | Val Accuracy: 41.72%
      ⭐ New Best! (Model saving disabled to save space)
   📅 Epoch 35 | Loss: 1.2925 | Val Accuracy: 42.16%
      ⭐ New Best! (Model saving disabled to save space)
   📅 Epoch 36 | Loss: 1.2556 | Val Accuracy: 42.94%
      ⭐ New Best! (Model saving disabled to save space)
   📅 Epoch 37 | Loss: 1.2799 | Val Accuracy: 44.12%
      ⭐ New Best! (Model saving disabled to save space)
   📅 Epoch 38 | Loss: 1.2435 | Val Accuracy: 44.79%
      ⭐ New Best! (Model saving disabled to save space)
   📅 Epoch 39 | Loss: 1.2800 | Val Accuracy: 45.06%
      ⭐ New Best! (Model saving disabled to save space)
   📅 Epoch 40 | Loss: 1.2228 | Val Accuracy: 45.57%
      ⭐ New Best! (Model saving disabled to save space)
   📅 Epoch 41 | Loss: 1.2061 | Val Accuracy: 46.35%
      ⭐ New Best! (Model saving disabled to save space)
   📅 Epoch 42 | Loss: 1.1957 | Val Accuracy: 47.18%
      ⭐ New Best! (Model saving disabled to save space)
   📅 Epoch 43 | Loss: 1.1985 | Val Accuracy: 47.85%
      ⭐ New Best! (Model saving disabled to save space)
   📅 Epoch 44 | Loss: 1.1546 | Val Accuracy: 48.75%
      ⭐ New Best! (Model saving disabled to save space)
   📅 Epoch 45 | Loss: 1.1645 | Val Accuracy: 49.25%
      ⭐ New Best! (Model saving disabled to save space)
   📅 Epoch 46 | Loss: 1.1104 | Val Accuracy: 50.03%
      ⭐ New Best! (Model saving disabled to save space)
   📅 Epoch 47 | Loss: 1.1577 | Val Accuracy: 50.14%
      ⭐ New Best! (Model saving disabled to save space)
   📅 Epoch 48 | Loss: 1.1138 | Val Accuracy: 50.42%
      ⭐ New Best! (Model saving disabled to save space)
   📅 Epoch 49 | Loss: 1.0720 | Val Accuracy: 50.20%
   📅 Epoch 50 | Loss: 1.0579 | Val Accuracy: 49.86%

========================================
🏆 Best Val Accuracy: 50.42%
💾 Best Checkpoint: ./checkpoints/linear_mb-landmark_cls_dinov3_lvd_lr0.0001_concat_3.pth
========================================

