
============================================================
📄 Log File: ./logs/linear_records/mb-landmark_cls_dinov3_sat_lr0.01_concat_3.log
⏰ Time: 2026-03-03 09:45:10
============================================================

🚀 Training dinov3_sat on mb-landmark_cls | Mode: LINEAR | LR: 0.01
   📂 [TRAIN] Loading 1 shards...
   ✅ Loaded 6997 samples.
   📂 [TEST] Loading 1 shards...
   ✅ Loaded 1793 samples.
   ⚙️  Config: Workers=8, BS=256, SmallData=False

>>> Loading Model: dinov3_sat (dinov3_hub)
   🔍 Auditing weights for [dinov3_sat]...
   ✅ [PERFECT MATCH] 368/368 layers loaded (100.0%)

   🔍 [Structure Check] dinov3_sat Output Analysis:
      Type: Tuple (len=2)
      Item 0: Shape (1, 1024)
      Item 1: Shape (1, 256, 1024)
      ✅ Identified: CLS=True, Patch=True
      👉 Final Strategy: concat_3 | Input Dim: 3072
   ❄️  Mode: Linear Probe (Backbone Frozen)
   🚀 Compiling model with torch.compile...
   ⚡ AMP Precision: torch.bfloat16
   🔄 Training Start... (Epochs: 40, Patience: 5)
   📅 Epoch 1 | Loss: 1.0711 | Val Accuracy: 88.73%
      ⭐ New Best! Saved.
   📅 Epoch 2 | Loss: 0.2649 | Val Accuracy: 90.85%
      ⭐ New Best! Saved.
   📅 Epoch 3 | Loss: 0.2028 | Val Accuracy: 90.52%
   📅 Epoch 4 | Loss: 0.1860 | Val Accuracy: 91.02%
      ⭐ New Best! Saved.
   📅 Epoch 5 | Loss: 0.1679 | Val Accuracy: 91.91%
      ⭐ New Best! Saved.
   📅 Epoch 6 | Loss: 0.1732 | Val Accuracy: 91.58%
   📅 Epoch 7 | Loss: 0.1692 | Val Accuracy: 91.13%
   📅 Epoch 8 | Loss: 0.1557 | Val Accuracy: 91.86%
   📅 Epoch 9 | Loss: 0.1444 | Val Accuracy: 90.46%
   📅 Epoch 10 | Loss: 0.1487 | Val Accuracy: 90.63%

   🛑 Early Stopping triggered after 5 epochs.

========================================
🏆 Best Val Accuracy: 91.91%
💾 Best Checkpoint: ./checkpoints/linear_mb-landmark_cls_dinov3_sat_lr0.01_concat_3.pth
========================================

