
============================================================
📄 Log File: ./logs/linear_records/mb-landmark_cls_mars_mae_frac0.05x_lr0.001_concat_3.log
⏰ Time: 2026-04-15 07:16:59
============================================================

🚀 Training mars_mae on mb-landmark_cls | Mode: LINEAR | LR: 0.001
   📂 [TRAIN] Loading 1 shards...
   ✅ Loaded 349 samples.
   📂 [TEST] Loading 1 shards...
   ✅ Loaded 1793 samples.
   ⚙️  Config: Workers=0, BS=64, SmallData=True

>>> Loading Model: mars_mae (timm_mae)
   ℹ️  Config: in_chans=1
   🔍 Auditing weights for [mars_mae]...
   ✅ [PERFECT MATCH] 150/150 layers loaded (100.0%)

   🔍 [Structure Check] mars_mae Output Analysis:
      Type: Tuple (len=2)
      Item 0: Shape (1, 768)
      Item 1: Shape (1, 196, 768)
      ✅ Identified: CLS=True, Patch=True
      👉 Final Strategy: concat_3 | Input Dim: 2304
   ❄️  Mode: Linear Probe (Backbone Frozen)
   ⚡ AMP Precision: torch.bfloat16
   🔄 Training Start... (Epochs: 50, Patience: 8)
   📅 Epoch 1 | Loss: 2.1488 | Val Accuracy: 5.08%
      ⭐ New Best! (Model saving disabled to save space)
   📅 Epoch 2 | Loss: 1.8475 | Val Accuracy: 34.02%
      ⭐ New Best! (Model saving disabled to save space)
   📅 Epoch 3 | Loss: 1.6124 | Val Accuracy: 14.72%
   📅 Epoch 4 | Loss: 1.4852 | Val Accuracy: 20.30%
   📅 Epoch 5 | Loss: 1.3546 | Val Accuracy: 45.45%
      ⭐ New Best! (Model saving disabled to save space)
   📅 Epoch 6 | Loss: 1.2833 | Val Accuracy: 20.47%
   📅 Epoch 7 | Loss: 1.1649 | Val Accuracy: 22.25%
   📅 Epoch 8 | Loss: 1.0652 | Val Accuracy: 45.06%
   📅 Epoch 9 | Loss: 1.0468 | Val Accuracy: 19.35%
   📅 Epoch 10 | Loss: 0.9815 | Val Accuracy: 27.94%
   📅 Epoch 11 | Loss: 0.9558 | Val Accuracy: 39.38%
   📅 Epoch 12 | Loss: 0.9133 | Val Accuracy: 26.83%
   📅 Epoch 13 | Loss: 0.8468 | Val Accuracy: 32.85%

   🛑 Early Stopping triggered after 8 epochs.

========================================
🏆 Best Val Accuracy: 45.45%
💾 Best Checkpoint: ./checkpoints/linear_mb-landmark_cls_mars_mae_lr0.001_concat_3.pth
========================================

