
============================================================
📄 Log File: ./logs/linear_records/mb-landmark_cls_siglip2_frac0.50x_lr0.0001_concat_3.log
⏰ Time: 2026-04-15 02:10:17
============================================================

🚀 Training siglip2 on mb-landmark_cls | Mode: LINEAR | LR: 0.0001
   📂 [TRAIN] Loading 1 shards...
   ✅ Loaded 2646 samples.
   📂 [TEST] Loading 1 shards...
   ✅ Loaded 1793 samples.
   ⚙️  Config: Workers=8, BS=64, SmallData=False

>>> Loading Model: siglip2 (transformers)

   🔍 [Structure Check] siglip2 Output Analysis:
      Type: Tuple (len=2)
      Item 0: Shape (1, 1024)
      Item 1: Shape (1, 256, 1024)
      ✅ Identified: CLS=True, Patch=True
      👉 Final Strategy: concat_3 | Input Dim: 3072
   ❄️  Mode: Linear Probe (Backbone Frozen)
   ⚡ AMP Precision: torch.bfloat16
   🔄 Training Start... (Epochs: 50, Patience: 8)
   📅 Epoch 1 | Loss: 1.5911 | Val Accuracy: 82.65%
      ⭐ New Best! (Model saving disabled to save space)
   📅 Epoch 2 | Loss: 1.1016 | Val Accuracy: 73.23%
   📅 Epoch 3 | Loss: 0.9051 | Val Accuracy: 84.05%
      ⭐ New Best! (Model saving disabled to save space)
   📅 Epoch 4 | Loss: 0.7736 | Val Accuracy: 83.77%
   📅 Epoch 5 | Loss: 0.6751 | Val Accuracy: 87.90%
      ⭐ New Best! (Model saving disabled to save space)
   📅 Epoch 6 | Loss: 0.6182 | Val Accuracy: 83.60%
   📅 Epoch 7 | Loss: 0.5687 | Val Accuracy: 89.96%
      ⭐ New Best! (Model saving disabled to save space)
   📅 Epoch 8 | Loss: 0.5320 | Val Accuracy: 88.06%
   📅 Epoch 9 | Loss: 0.5106 | Val Accuracy: 90.35%
      ⭐ New Best! (Model saving disabled to save space)
   📅 Epoch 10 | Loss: 0.4744 | Val Accuracy: 87.73%
   📅 Epoch 11 | Loss: 0.4569 | Val Accuracy: 88.62%
   📅 Epoch 12 | Loss: 0.4382 | Val Accuracy: 89.79%
   📅 Epoch 13 | Loss: 0.4145 | Val Accuracy: 88.51%
   📅 Epoch 14 | Loss: 0.4089 | Val Accuracy: 90.91%
      ⭐ New Best! (Model saving disabled to save space)
   📅 Epoch 15 | Loss: 0.3836 | Val Accuracy: 88.01%
   📅 Epoch 16 | Loss: 0.3742 | Val Accuracy: 89.68%
   📅 Epoch 17 | Loss: 0.3752 | Val Accuracy: 90.91%
   📅 Epoch 18 | Loss: 0.3580 | Val Accuracy: 91.02%
      ⭐ New Best! (Model saving disabled to save space)
   📅 Epoch 19 | Loss: 0.3672 | Val Accuracy: 90.30%
   📅 Epoch 20 | Loss: 0.3457 | Val Accuracy: 88.85%
   📅 Epoch 21 | Loss: 0.3561 | Val Accuracy: 88.57%
   📅 Epoch 22 | Loss: 0.3393 | Val Accuracy: 89.46%
   📅 Epoch 23 | Loss: 0.3259 | Val Accuracy: 91.36%
      ⭐ New Best! (Model saving disabled to save space)
   📅 Epoch 24 | Loss: 0.3248 | Val Accuracy: 90.69%
   📅 Epoch 25 | Loss: 0.3196 | Val Accuracy: 90.85%
   📅 Epoch 26 | Loss: 0.3175 | Val Accuracy: 90.35%
   📅 Epoch 27 | Loss: 0.3035 | Val Accuracy: 90.63%
   📅 Epoch 28 | Loss: 0.3084 | Val Accuracy: 91.36%
   📅 Epoch 29 | Loss: 0.3114 | Val Accuracy: 89.12%
   📅 Epoch 30 | Loss: 0.3034 | Val Accuracy: 90.63%
   📅 Epoch 31 | Loss: 0.3014 | Val Accuracy: 89.68%

   🛑 Early Stopping triggered after 8 epochs.

========================================
🏆 Best Val Accuracy: 91.36%
💾 Best Checkpoint: ./checkpoints/linear_mb-landmark_cls_siglip2_lr0.0001_concat_3.pth
========================================

