
============================================================
📄 Log File: ./logs/linear_records_new/mb-landmark_cls_dinov3_lvd_frac0.50x_lr0.001_concat_3.log
⏰ Time: 2026-04-16 03:23:02
============================================================

🚀 Training dinov3_lvd on mb-landmark_cls | Mode: LINEAR | LR: 0.001
   📂 [TRAIN] Loading 1 shards...
   ✅ Loaded 2646 samples.
   📂 [TEST] Loading 1 shards...
   ✅ Loaded 1793 samples.
   ⚙️  Config: Workers=8, BS=64, SmallData=False

>>> Loading Model: dinov3_lvd (dinov3_hub)
  ℹ️  DINOv3 Config: in_chans=3
   🔍 Auditing weights for [dinov3_lvd]...
   ✅ [PERFECT MATCH] 368/368 layers loaded (100.0%)

   🔍 [Structure Check] dinov3_lvd Output Analysis:
      Type: Tuple (len=2)
      Item 0: Shape (1, 1024)
      Item 1: Shape (1, 256, 1024)
      ✅ Identified: CLS=True, Patch=True
      👉 Final Strategy: concat_3 | Input Dim: 3072
   ❄️  Mode: Linear Probe (Backbone Frozen)
   ⚡ AMP Precision: torch.bfloat16
   🔄 Training Start... (Epochs: 50, Patience: 8)
   📅 Epoch 1 | Loss: 0.7348 | Val Accuracy: 86.67%
      ⭐ New Best! (Model saving disabled to save space)
   📅 Epoch 2 | Loss: 0.3418 | Val Accuracy: 90.24%
      ⭐ New Best! (Model saving disabled to save space)
   📅 Epoch 3 | Loss: 0.2693 | Val Accuracy: 90.46%
      ⭐ New Best! (Model saving disabled to save space)
   📅 Epoch 4 | Loss: 0.2328 | Val Accuracy: 90.85%
      ⭐ New Best! (Model saving disabled to save space)
   📅 Epoch 5 | Loss: 0.2133 | Val Accuracy: 91.86%
      ⭐ New Best! (Model saving disabled to save space)
   📅 Epoch 6 | Loss: 0.2041 | Val Accuracy: 91.75%
   📅 Epoch 7 | Loss: 0.1893 | Val Accuracy: 92.92%
      ⭐ New Best! (Model saving disabled to save space)
   📅 Epoch 8 | Loss: 0.1853 | Val Accuracy: 93.31%
      ⭐ New Best! (Model saving disabled to save space)
   📅 Epoch 9 | Loss: 0.1715 | Val Accuracy: 92.69%
   📅 Epoch 10 | Loss: 0.1703 | Val Accuracy: 92.64%
   📅 Epoch 11 | Loss: 0.1678 | Val Accuracy: 93.20%
   📅 Epoch 12 | Loss: 0.1667 | Val Accuracy: 92.30%
   📅 Epoch 13 | Loss: 0.1552 | Val Accuracy: 92.81%
   📅 Epoch 14 | Loss: 0.1463 | Val Accuracy: 92.86%
   📅 Epoch 15 | Loss: 0.1478 | Val Accuracy: 93.20%
   📅 Epoch 16 | Loss: 0.1439 | Val Accuracy: 91.47%

   🛑 Early Stopping triggered after 8 epochs.

========================================
🏆 Best Val Accuracy: 93.31%
💾 Best Checkpoint: ./checkpoints/linear_mb-landmark_cls_dinov3_lvd_lr0.001_concat_3.pth
========================================

