
============================================================
📄 Log File: ./logs/linear_records/mb-landmark_cls_dinov3_sat_1cha_lr0.001_concat_3.log
⏰ Time: 2026-04-09 21:10:53
============================================================

🚀 Training dinov3_sat_1cha on mb-landmark_cls | Mode: LINEAR | LR: 0.001
   📂 [TRAIN] Loading 1 shards...
   ✅ Loaded 6997 samples.
   📂 [TEST] Loading 1 shards...
   ✅ Loaded 1793 samples.
   ⚙️  Config: Workers=8, BS=256, SmallData=False

>>> Loading Model: dinov3_sat_1cha (dinov3_hub)
   🔍 Auditing weights for [dinov3_sat_1cha]...
   ✅ [PERFECT MATCH] 368/368 layers loaded (100.0%)

   🔍 [Structure Check] dinov3_sat_1cha Output Analysis:
      Type: Tuple (len=2)
      Item 0: Shape (1, 1024)
      Item 1: Shape (1, 256, 1024)
      ✅ Identified: CLS=True, Patch=True
      👉 Final Strategy: concat_3 | Input Dim: 3072
   ❄️  Mode: Linear Probe (Backbone Frozen)
   🚀 Compiling model with torch.compile...
   ⚡ AMP Precision: torch.bfloat16
   🔄 Training Start... (Epochs: 40, Patience: 5)
   📅 Epoch 1 | Loss: 0.8210 | Val Accuracy: 83.99%
      ⭐ New Best! (Model saving disabled to save space)
   📅 Epoch 2 | Loss: 0.4390 | Val Accuracy: 87.34%
      ⭐ New Best! (Model saving disabled to save space)
   📅 Epoch 3 | Loss: 0.3504 | Val Accuracy: 89.46%
      ⭐ New Best! (Model saving disabled to save space)
   📅 Epoch 4 | Loss: 0.3004 | Val Accuracy: 90.02%
      ⭐ New Best! (Model saving disabled to save space)
   📅 Epoch 5 | Loss: 0.2817 | Val Accuracy: 90.07%
      ⭐ New Best! (Model saving disabled to save space)
   📅 Epoch 6 | Loss: 0.2605 | Val Accuracy: 90.63%
      ⭐ New Best! (Model saving disabled to save space)
   📅 Epoch 7 | Loss: 0.2389 | Val Accuracy: 90.63%
   📅 Epoch 8 | Loss: 0.2329 | Val Accuracy: 90.69%
      ⭐ New Best! (Model saving disabled to save space)
   📅 Epoch 9 | Loss: 0.2166 | Val Accuracy: 90.85%
      ⭐ New Best! (Model saving disabled to save space)
   📅 Epoch 10 | Loss: 0.2102 | Val Accuracy: 90.35%
   📅 Epoch 11 | Loss: 0.2068 | Val Accuracy: 90.74%
   📅 Epoch 12 | Loss: 0.2020 | Val Accuracy: 90.91%
      ⭐ New Best! (Model saving disabled to save space)
   📅 Epoch 13 | Loss: 0.1896 | Val Accuracy: 90.46%
   📅 Epoch 14 | Loss: 0.1956 | Val Accuracy: 90.30%
   📅 Epoch 15 | Loss: 0.1847 | Val Accuracy: 89.85%
   📅 Epoch 16 | Loss: 0.1893 | Val Accuracy: 90.18%
   📅 Epoch 17 | Loss: 0.1862 | Val Accuracy: 90.52%

   🛑 Early Stopping triggered after 5 epochs.

========================================
🏆 Best Val Accuracy: 90.91%
💾 Best Checkpoint: ./checkpoints/linear_mb-landmark_cls_dinov3_sat_1cha_lr0.001_concat_3.pth
========================================

