
============================================================
📄 Log File: ./logs/linear_records/mb-landmark_cls_vit_l_frac0.01x_lr0.001_concat_3.log
⏰ Time: 2026-04-15 04:47:09
============================================================

🚀 Training vit_l on mb-landmark_cls | Mode: LINEAR | LR: 0.001
   📂 [TRAIN] Loading 1 shards...
   ✅ Loaded 69 samples.
   📂 [TEST] Loading 1 shards...
   ✅ Loaded 1793 samples.
   ⚙️  Config: Workers=0, BS=64, SmallData=True

>>> Loading Model: vit_l (torchvision_vit)
   🔍 Auditing weights for [vit_l]...
   ✅ [PERFECT MATCH] 296/296 layers loaded (100.0%)

   🔍 [Structure Check] vit_l Output Analysis:
      Type: Tuple (len=2)
      Item 0: Shape (1, 1024)
      Item 1: Shape (1, 196, 1024)
      ✅ Identified: CLS=True, Patch=True
      👉 Final Strategy: concat_3 | Input Dim: 3072
   ❄️  Mode: Linear Probe (Backbone Frozen)
   ⚡ AMP Precision: torch.bfloat16
   🔄 Training Start... (Epochs: 50, Patience: 8)
   📅 Epoch 1 | Loss: 2.2281 | Val Accuracy: 5.08%
      ⭐ New Best! (Model saving disabled to save space)
   📅 Epoch 2 | Loss: 2.5452 | Val Accuracy: 2.96%
   📅 Epoch 3 | Loss: 2.0073 | Val Accuracy: 5.80%
      ⭐ New Best! (Model saving disabled to save space)
   📅 Epoch 4 | Loss: 1.6897 | Val Accuracy: 47.96%
      ⭐ New Best! (Model saving disabled to save space)
   📅 Epoch 5 | Loss: 1.5708 | Val Accuracy: 53.26%
      ⭐ New Best! (Model saving disabled to save space)
   📅 Epoch 6 | Loss: 1.4771 | Val Accuracy: 26.49%
   📅 Epoch 7 | Loss: 1.1955 | Val Accuracy: 12.38%
   📅 Epoch 8 | Loss: 1.0176 | Val Accuracy: 9.76%
   📅 Epoch 9 | Loss: 0.9547 | Val Accuracy: 11.10%
   📅 Epoch 10 | Loss: 0.8507 | Val Accuracy: 11.43%
   📅 Epoch 11 | Loss: 0.7591 | Val Accuracy: 16.23%
   📅 Epoch 12 | Loss: 0.6774 | Val Accuracy: 38.65%
   📅 Epoch 13 | Loss: 0.5863 | Val Accuracy: 58.95%
      ⭐ New Best! (Model saving disabled to save space)
   📅 Epoch 14 | Loss: 0.5126 | Val Accuracy: 63.02%
      ⭐ New Best! (Model saving disabled to save space)
   📅 Epoch 15 | Loss: 0.5149 | Val Accuracy: 61.63%
   📅 Epoch 16 | Loss: 0.4569 | Val Accuracy: 57.33%
   📅 Epoch 17 | Loss: 0.4288 | Val Accuracy: 48.13%
   📅 Epoch 18 | Loss: 0.3219 | Val Accuracy: 39.43%
   📅 Epoch 19 | Loss: 0.3221 | Val Accuracy: 35.47%
   📅 Epoch 20 | Loss: 0.3652 | Val Accuracy: 36.03%
   📅 Epoch 21 | Loss: 0.2951 | Val Accuracy: 39.77%
   📅 Epoch 22 | Loss: 0.3496 | Val Accuracy: 44.84%

   🛑 Early Stopping triggered after 8 epochs.

========================================
🏆 Best Val Accuracy: 63.02%
💾 Best Checkpoint: ./checkpoints/linear_mb-landmark_cls_vit_l_lr0.001_concat_3.pth
========================================

