
============================================================
📄 Log File: ./logs/linear_records/mb-landmark_cls_dinov3_sat_1cha_frac0.50x_lr1e-05_concat_3.log
⏰ Time: 2026-04-15 10:08:30
============================================================

🚀 Training dinov3_sat_1cha on mb-landmark_cls | Mode: LINEAR | LR: 1e-05
   📂 [TRAIN] Loading 1 shards...
   ✅ Loaded 2646 samples.
   📂 [TEST] Loading 1 shards...
   ✅ Loaded 1793 samples.
   ⚙️  Config: Workers=8, BS=64, SmallData=False

>>> Loading Model: dinov3_sat_1cha (dinov3_hub)
   🔍 Auditing weights for [dinov3_sat_1cha]...
   ✅ [PERFECT MATCH] 368/368 layers loaded (100.0%)

   🔍 [Structure Check] dinov3_sat_1cha Output Analysis:
      Type: Tuple (len=2)
      Item 0: Shape (1, 1024)
      Item 1: Shape (1, 256, 1024)
      ✅ Identified: CLS=True, Patch=True
      👉 Final Strategy: concat_3 | Input Dim: 3072
   ❄️  Mode: Linear Probe (Backbone Frozen)
   ⚡ AMP Precision: torch.bfloat16
   🔄 Training Start... (Epochs: 50, Patience: 8)
   📅 Epoch 1 | Loss: 1.9753 | Val Accuracy: 79.36%
      ⭐ New Best! (Model saving disabled to save space)
   📅 Epoch 2 | Loss: 1.7983 | Val Accuracy: 82.10%
      ⭐ New Best! (Model saving disabled to save space)
   📅 Epoch 3 | Loss: 1.6721 | Val Accuracy: 82.65%
      ⭐ New Best! (Model saving disabled to save space)
   📅 Epoch 4 | Loss: 1.5811 | Val Accuracy: 82.65%
   📅 Epoch 5 | Loss: 1.5153 | Val Accuracy: 82.65%
   📅 Epoch 6 | Loss: 1.4720 | Val Accuracy: 82.65%
   📅 Epoch 7 | Loss: 1.4378 | Val Accuracy: 82.65%
   📅 Epoch 8 | Loss: 1.4129 | Val Accuracy: 82.65%
   📅 Epoch 9 | Loss: 1.3907 | Val Accuracy: 82.65%
   📅 Epoch 10 | Loss: 1.3612 | Val Accuracy: 82.65%
   📅 Epoch 11 | Loss: 1.3430 | Val Accuracy: 82.65%

   🛑 Early Stopping triggered after 8 epochs.

========================================
🏆 Best Val Accuracy: 82.65%
💾 Best Checkpoint: ./checkpoints/linear_mb-landmark_cls_dinov3_sat_1cha_lr1e-05_concat_3.pth
========================================

