
============================================================
📄 Log File: ./logs/linear_records/mb-landmark_cls_swin_v2_frac0.01x_lr0.0001_concat_3.log
⏰ Time: 2026-04-15 09:23:50
============================================================

🚀 Training swin_v2 on mb-landmark_cls | Mode: LINEAR | LR: 0.0001
   📂 [TRAIN] Loading 1 shards...
   ✅ Loaded 69 samples.
   📂 [TEST] Loading 1 shards...
   ✅ Loaded 1793 samples.
   ⚙️  Config: Workers=0, BS=64, SmallData=True

>>> Loading Model: swin_v2 (torchvision_swin)
   🔍 Auditing weights for [swin_v2]...
   ✅ [PERFECT MATCH] 449/449 layers loaded (100.0%)

   🔍 [Structure Check] swin_v2 Output Analysis:
      Type: Tuple (len=2)
      Item 0: Shape (1, 1024)
      Item 1: Shape (1, 64, 1024)
      ✅ Identified: CLS=True, Patch=True
      👉 Final Strategy: concat_3 | Input Dim: 3072
   ❄️  Mode: Linear Probe (Backbone Frozen)
   ⚡ AMP Precision: torch.bfloat16
   🔄 Training Start... (Epochs: 50, Patience: 8)
   📅 Epoch 1 | Loss: 2.3015 | Val Accuracy: 3.74%
      ⭐ New Best! (Model saving disabled to save space)
   📅 Epoch 2 | Loss: 2.2411 | Val Accuracy: 7.47%
      ⭐ New Best! (Model saving disabled to save space)
   📅 Epoch 3 | Loss: 2.1139 | Val Accuracy: 15.23%
      ⭐ New Best! (Model saving disabled to save space)
   📅 Epoch 4 | Loss: 2.1077 | Val Accuracy: 20.47%
      ⭐ New Best! (Model saving disabled to save space)
   📅 Epoch 5 | Loss: 2.0935 | Val Accuracy: 24.04%
      ⭐ New Best! (Model saving disabled to save space)
   📅 Epoch 6 | Loss: 2.0660 | Val Accuracy: 24.87%
      ⭐ New Best! (Model saving disabled to save space)
   📅 Epoch 7 | Loss: 2.0527 | Val Accuracy: 24.48%
   📅 Epoch 8 | Loss: 1.9333 | Val Accuracy: 24.37%
   📅 Epoch 9 | Loss: 1.9547 | Val Accuracy: 22.81%
   📅 Epoch 10 | Loss: 1.8900 | Val Accuracy: 22.53%
   📅 Epoch 11 | Loss: 1.8727 | Val Accuracy: 21.58%
   📅 Epoch 12 | Loss: 1.8276 | Val Accuracy: 21.58%
   📅 Epoch 13 | Loss: 1.7567 | Val Accuracy: 21.81%
   📅 Epoch 14 | Loss: 1.8101 | Val Accuracy: 21.58%

   🛑 Early Stopping triggered after 8 epochs.

========================================
🏆 Best Val Accuracy: 24.87%
💾 Best Checkpoint: ./checkpoints/linear_mb-landmark_cls_swin_v2_lr0.0001_concat_3.pth
========================================

