
============================================================
📄 Log File: ./logs/linear_records/mb-landmark_cls_swin_v2_frac0.20x_lr0.0001_concat_3.log
⏰ Time: 2026-04-15 06:42:03
============================================================

🚀 Training swin_v2 on mb-landmark_cls | Mode: LINEAR | LR: 0.0001
   📂 [TRAIN] Loading 1 shards...
   ✅ Loaded 1286 samples.
   📂 [TEST] Loading 1 shards...
   ✅ Loaded 1793 samples.
   ⚙️  Config: Workers=8, BS=64, SmallData=False

>>> Loading Model: swin_v2 (torchvision_swin)
   🔍 Auditing weights for [swin_v2]...
   ✅ [PERFECT MATCH] 449/449 layers loaded (100.0%)

   🔍 [Structure Check] swin_v2 Output Analysis:
      Type: Tuple (len=2)
      Item 0: Shape (1, 1024)
      Item 1: Shape (1, 64, 1024)
      ✅ Identified: CLS=True, Patch=True
      👉 Final Strategy: concat_3 | Input Dim: 3072
   ❄️  Mode: Linear Probe (Backbone Frozen)
   ⚡ AMP Precision: torch.bfloat16
   🔄 Training Start... (Epochs: 50, Patience: 8)
   📅 Epoch 1 | Loss: 1.8670 | Val Accuracy: 60.85%
      ⭐ New Best! (Model saving disabled to save space)
   📅 Epoch 2 | Loss: 1.4854 | Val Accuracy: 68.99%
      ⭐ New Best! (Model saving disabled to save space)
   📅 Epoch 3 | Loss: 1.2397 | Val Accuracy: 70.27%
      ⭐ New Best! (Model saving disabled to save space)
   📅 Epoch 4 | Loss: 1.0741 | Val Accuracy: 73.12%
      ⭐ New Best! (Model saving disabled to save space)
   📅 Epoch 5 | Loss: 0.9439 | Val Accuracy: 72.11%
   📅 Epoch 6 | Loss: 0.8510 | Val Accuracy: 74.90%
      ⭐ New Best! (Model saving disabled to save space)
   📅 Epoch 7 | Loss: 0.7962 | Val Accuracy: 77.41%
      ⭐ New Best! (Model saving disabled to save space)
   📅 Epoch 8 | Loss: 0.7243 | Val Accuracy: 73.68%
   📅 Epoch 9 | Loss: 0.6754 | Val Accuracy: 71.22%
   📅 Epoch 10 | Loss: 0.6666 | Val Accuracy: 77.19%
   📅 Epoch 11 | Loss: 0.6032 | Val Accuracy: 75.52%
   📅 Epoch 12 | Loss: 0.5875 | Val Accuracy: 74.29%
   📅 Epoch 13 | Loss: 0.5574 | Val Accuracy: 77.41%
   📅 Epoch 14 | Loss: 0.5628 | Val Accuracy: 75.52%
   📅 Epoch 15 | Loss: 0.5380 | Val Accuracy: 80.93%
      ⭐ New Best! (Model saving disabled to save space)
   📅 Epoch 16 | Loss: 0.5178 | Val Accuracy: 75.63%
   📅 Epoch 17 | Loss: 0.4891 | Val Accuracy: 78.25%
   📅 Epoch 18 | Loss: 0.4749 | Val Accuracy: 77.97%
   📅 Epoch 19 | Loss: 0.4852 | Val Accuracy: 76.41%
   📅 Epoch 20 | Loss: 0.4580 | Val Accuracy: 81.20%
      ⭐ New Best! (Model saving disabled to save space)
   📅 Epoch 21 | Loss: 0.4304 | Val Accuracy: 77.80%
   📅 Epoch 22 | Loss: 0.4257 | Val Accuracy: 74.79%
   📅 Epoch 23 | Loss: 0.4266 | Val Accuracy: 75.46%
   📅 Epoch 24 | Loss: 0.4250 | Val Accuracy: 75.79%
   📅 Epoch 25 | Loss: 0.4375 | Val Accuracy: 80.31%
   📅 Epoch 26 | Loss: 0.3982 | Val Accuracy: 80.20%
   📅 Epoch 27 | Loss: 0.3990 | Val Accuracy: 76.02%
   📅 Epoch 28 | Loss: 0.3748 | Val Accuracy: 75.13%

   🛑 Early Stopping triggered after 8 epochs.

========================================
🏆 Best Val Accuracy: 81.20%
💾 Best Checkpoint: ./checkpoints/linear_mb-landmark_cls_swin_v2_lr0.0001_concat_3.pth
========================================

