
============================================================
📄 Log File: ./logs/linear_records/mb-landmark_cls_dinov3_lvd_1cha_frac0.05x_lr0.001_concat_3.log
⏰ Time: 2026-04-15 09:22:41
============================================================

🚀 Training dinov3_lvd_1cha on mb-landmark_cls | Mode: LINEAR | LR: 0.001
   📂 [TRAIN] Loading 1 shards...
   ✅ Loaded 349 samples.
   📂 [TEST] Loading 1 shards...
   ✅ Loaded 1793 samples.
   ⚙️  Config: Workers=0, BS=64, SmallData=True

>>> Loading Model: dinov3_lvd_1cha (dinov3_hub)
   🔍 Auditing weights for [dinov3_lvd_1cha]...
   ✅ [PERFECT MATCH] 368/368 layers loaded (100.0%)

   🔍 [Structure Check] dinov3_lvd_1cha Output Analysis:
      Type: Tuple (len=2)
      Item 0: Shape (1, 1024)
      Item 1: Shape (1, 256, 1024)
      ✅ Identified: CLS=True, Patch=True
      👉 Final Strategy: concat_3 | Input Dim: 3072
   ❄️  Mode: Linear Probe (Backbone Frozen)
   ⚡ AMP Precision: torch.bfloat16
   🔄 Training Start... (Epochs: 50, Patience: 8)
   📅 Epoch 1 | Loss: 1.7578 | Val Accuracy: 68.38%
      ⭐ New Best! (Model saving disabled to save space)
   📅 Epoch 2 | Loss: 1.0940 | Val Accuracy: 60.85%
   📅 Epoch 3 | Loss: 0.7255 | Val Accuracy: 58.51%
   📅 Epoch 4 | Loss: 0.5173 | Val Accuracy: 73.79%
      ⭐ New Best! (Model saving disabled to save space)
   📅 Epoch 5 | Loss: 0.4563 | Val Accuracy: 64.92%
   📅 Epoch 6 | Loss: 0.4249 | Val Accuracy: 65.14%
   📅 Epoch 7 | Loss: 0.3299 | Val Accuracy: 72.84%
   📅 Epoch 8 | Loss: 0.2878 | Val Accuracy: 71.05%
   📅 Epoch 9 | Loss: 0.2896 | Val Accuracy: 65.42%
   📅 Epoch 10 | Loss: 0.2404 | Val Accuracy: 70.38%
   📅 Epoch 11 | Loss: 0.2342 | Val Accuracy: 68.38%
   📅 Epoch 12 | Loss: 0.2218 | Val Accuracy: 65.64%

   🛑 Early Stopping triggered after 8 epochs.

========================================
🏆 Best Val Accuracy: 73.79%
💾 Best Checkpoint: ./checkpoints/linear_mb-landmark_cls_dinov3_lvd_1cha_lr0.001_concat_3.pth
========================================

