
============================================================
📄 Log File: ./logs/linear_records/mb-landmark_cls_satmae_frac0.05x_lr1e-05_concat_3.log
⏰ Time: 2026-04-15 09:53:31
============================================================

🚀 Training satmae on mb-landmark_cls | Mode: LINEAR | LR: 1e-05
   📂 [TRAIN] Loading 1 shards...
   ✅ Loaded 349 samples.
   📂 [TEST] Loading 1 shards...
   ✅ Loaded 1793 samples.
   ⚙️  Config: Workers=0, BS=64, SmallData=True

>>> Loading Model: satmae (timm_mae)
   ℹ️  Config: in_chans=3
   🔍 Auditing weights for [satmae]...
   ✅ [PERFECT MATCH] 294/294 layers loaded (100.0%)

   🔍 [Structure Check] satmae Output Analysis:
      Type: Tuple (len=2)
      Item 0: Shape (1, 1024)
      Item 1: Shape (1, 196, 1024)
      ✅ Identified: CLS=True, Patch=True
      👉 Final Strategy: concat_3 | Input Dim: 3072
   ❄️  Mode: Linear Probe (Backbone Frozen)
   ⚡ AMP Precision: torch.bfloat16
   🔄 Training Start... (Epochs: 50, Patience: 8)
   📅 Epoch 1 | Loss: 2.2730 | Val Accuracy: 2.34%
      ⭐ New Best! (Model saving disabled to save space)
   📅 Epoch 2 | Loss: 2.2377 | Val Accuracy: 2.34%
   📅 Epoch 3 | Loss: 2.2039 | Val Accuracy: 2.34%
   📅 Epoch 4 | Loss: 2.1461 | Val Accuracy: 2.68%
      ⭐ New Best! (Model saving disabled to save space)
   📅 Epoch 5 | Loss: 2.1529 | Val Accuracy: 3.35%
      ⭐ New Best! (Model saving disabled to save space)
   📅 Epoch 6 | Loss: 2.1187 | Val Accuracy: 4.13%
      ⭐ New Best! (Model saving disabled to save space)
   📅 Epoch 7 | Loss: 2.0945 | Val Accuracy: 5.97%
      ⭐ New Best! (Model saving disabled to save space)
   📅 Epoch 8 | Loss: 2.0776 | Val Accuracy: 7.03%
      ⭐ New Best! (Model saving disabled to save space)
   📅 Epoch 9 | Loss: 2.0573 | Val Accuracy: 9.04%
      ⭐ New Best! (Model saving disabled to save space)
   📅 Epoch 10 | Loss: 2.0642 | Val Accuracy: 9.37%
      ⭐ New Best! (Model saving disabled to save space)
   📅 Epoch 11 | Loss: 2.0294 | Val Accuracy: 10.82%
      ⭐ New Best! (Model saving disabled to save space)
   📅 Epoch 12 | Loss: 2.0403 | Val Accuracy: 12.83%
      ⭐ New Best! (Model saving disabled to save space)
   📅 Epoch 13 | Loss: 2.0230 | Val Accuracy: 14.45%
      ⭐ New Best! (Model saving disabled to save space)
   📅 Epoch 14 | Loss: 2.0205 | Val Accuracy: 15.39%
      ⭐ New Best! (Model saving disabled to save space)
   📅 Epoch 15 | Loss: 2.0117 | Val Accuracy: 16.56%
      ⭐ New Best! (Model saving disabled to save space)
   📅 Epoch 16 | Loss: 2.0005 | Val Accuracy: 17.79%
      ⭐ New Best! (Model saving disabled to save space)
   📅 Epoch 17 | Loss: 1.9882 | Val Accuracy: 19.41%
      ⭐ New Best! (Model saving disabled to save space)
   📅 Epoch 18 | Loss: 1.9747 | Val Accuracy: 20.19%
      ⭐ New Best! (Model saving disabled to save space)
   📅 Epoch 19 | Loss: 1.9650 | Val Accuracy: 19.97%
   📅 Epoch 20 | Loss: 1.9434 | Val Accuracy: 19.85%
   📅 Epoch 21 | Loss: 1.9608 | Val Accuracy: 20.30%
      ⭐ New Best! (Model saving disabled to save space)
   📅 Epoch 22 | Loss: 1.9538 | Val Accuracy: 19.85%
   📅 Epoch 23 | Loss: 1.9247 | Val Accuracy: 20.58%
      ⭐ New Best! (Model saving disabled to save space)
   📅 Epoch 24 | Loss: 1.9237 | Val Accuracy: 20.52%
   📅 Epoch 25 | Loss: 1.9199 | Val Accuracy: 21.08%
      ⭐ New Best! (Model saving disabled to save space)
   📅 Epoch 26 | Loss: 1.9169 | Val Accuracy: 21.36%
      ⭐ New Best! (Model saving disabled to save space)
   📅 Epoch 27 | Loss: 1.9209 | Val Accuracy: 20.64%
   📅 Epoch 28 | Loss: 1.8925 | Val Accuracy: 20.91%
   📅 Epoch 29 | Loss: 1.8982 | Val Accuracy: 21.42%
      ⭐ New Best! (Model saving disabled to save space)
   📅 Epoch 30 | Loss: 1.8843 | Val Accuracy: 23.48%
      ⭐ New Best! (Model saving disabled to save space)
   📅 Epoch 31 | Loss: 1.8708 | Val Accuracy: 24.65%
      ⭐ New Best! (Model saving disabled to save space)
   📅 Epoch 32 | Loss: 1.8627 | Val Accuracy: 26.66%
      ⭐ New Best! (Model saving disabled to save space)
   📅 Epoch 33 | Loss: 1.8571 | Val Accuracy: 26.38%
   📅 Epoch 34 | Loss: 1.8576 | Val Accuracy: 28.22%
      ⭐ New Best! (Model saving disabled to save space)
   📅 Epoch 35 | Loss: 1.8455 | Val Accuracy: 27.11%
   📅 Epoch 36 | Loss: 1.8227 | Val Accuracy: 26.16%
   📅 Epoch 37 | Loss: 1.8418 | Val Accuracy: 27.94%
   📅 Epoch 38 | Loss: 1.8323 | Val Accuracy: 26.94%
   📅 Epoch 39 | Loss: 1.8230 | Val Accuracy: 27.61%
   📅 Epoch 40 | Loss: 1.8079 | Val Accuracy: 27.94%
   📅 Epoch 41 | Loss: 1.7993 | Val Accuracy: 28.05%
   📅 Epoch 42 | Loss: 1.8023 | Val Accuracy: 30.90%
      ⭐ New Best! (Model saving disabled to save space)
   📅 Epoch 43 | Loss: 1.7807 | Val Accuracy: 31.79%
      ⭐ New Best! (Model saving disabled to save space)
   📅 Epoch 44 | Loss: 1.7744 | Val Accuracy: 32.35%
      ⭐ New Best! (Model saving disabled to save space)
   📅 Epoch 45 | Loss: 1.7660 | Val Accuracy: 32.46%
      ⭐ New Best! (Model saving disabled to save space)
   📅 Epoch 46 | Loss: 1.7724 | Val Accuracy: 32.74%
      ⭐ New Best! (Model saving disabled to save space)
   📅 Epoch 47 | Loss: 1.7628 | Val Accuracy: 32.46%
   📅 Epoch 48 | Loss: 1.7734 | Val Accuracy: 33.24%
      ⭐ New Best! (Model saving disabled to save space)
   📅 Epoch 49 | Loss: 1.7619 | Val Accuracy: 33.69%
      ⭐ New Best! (Model saving disabled to save space)
   📅 Epoch 50 | Loss: 1.7395 | Val Accuracy: 35.08%
      ⭐ New Best! (Model saving disabled to save space)

========================================
🏆 Best Val Accuracy: 35.08%
💾 Best Checkpoint: ./checkpoints/linear_mb-landmark_cls_satmae_lr1e-05_concat_3.pth
========================================

