
============================================================
📄 Log File: ./logs/linear_records/mb-landmark_cls_satmae_frac0.50x_lr1e-05_concat_3.log
⏰ Time: 2026-04-15 07:14:13
============================================================

🚀 Training satmae on mb-landmark_cls | Mode: LINEAR | LR: 1e-05
   📂 [TRAIN] Loading 1 shards...
   ✅ Loaded 2646 samples.
   📂 [TEST] Loading 1 shards...
   ✅ Loaded 1793 samples.
   ⚙️  Config: Workers=8, BS=64, SmallData=False

>>> Loading Model: satmae (timm_mae)
   ℹ️  Config: in_chans=3
   🔍 Auditing weights for [satmae]...
   ✅ [PERFECT MATCH] 294/294 layers loaded (100.0%)

   🔍 [Structure Check] satmae Output Analysis:
      Type: Tuple (len=2)
      Item 0: Shape (1, 1024)
      Item 1: Shape (1, 196, 1024)
      ✅ Identified: CLS=True, Patch=True
      👉 Final Strategy: concat_3 | Input Dim: 3072
   ❄️  Mode: Linear Probe (Backbone Frozen)
   ⚡ AMP Precision: torch.bfloat16
   🔄 Training Start... (Epochs: 50, Patience: 8)
   📅 Epoch 1 | Loss: 2.1973 | Val Accuracy: 23.98%
      ⭐ New Best! (Model saving disabled to save space)
   📅 Epoch 2 | Loss: 1.6840 | Val Accuracy: 81.37%
      ⭐ New Best! (Model saving disabled to save space)
   📅 Epoch 3 | Loss: 1.5226 | Val Accuracy: 82.54%
      ⭐ New Best! (Model saving disabled to save space)
   📅 Epoch 4 | Loss: 1.4698 | Val Accuracy: 82.32%
   📅 Epoch 5 | Loss: 1.4389 | Val Accuracy: 82.32%
   📅 Epoch 6 | Loss: 1.4112 | Val Accuracy: 82.32%
   📅 Epoch 7 | Loss: 1.3766 | Val Accuracy: 81.99%
   📅 Epoch 8 | Loss: 1.3532 | Val Accuracy: 81.54%
   📅 Epoch 9 | Loss: 1.3276 | Val Accuracy: 81.09%
   📅 Epoch 10 | Loss: 1.3043 | Val Accuracy: 80.65%
   📅 Epoch 11 | Loss: 1.2764 | Val Accuracy: 79.98%

   🛑 Early Stopping triggered after 8 epochs.

========================================
🏆 Best Val Accuracy: 82.54%
💾 Best Checkpoint: ./checkpoints/linear_mb-landmark_cls_satmae_lr1e-05_concat_3.pth
========================================

