
============================================================
📄 Log File: ./logs/linear_records/mb-landmark_cls_dinov3_lvd_1cha_frac0.20x_lr1e-05_concat_3.log
⏰ Time: 2026-04-15 07:36:48
============================================================

🚀 Training dinov3_lvd_1cha on mb-landmark_cls | Mode: LINEAR | LR: 1e-05
   📂 [TRAIN] Loading 1 shards...
   ✅ Loaded 1286 samples.
   📂 [TEST] Loading 1 shards...
   ✅ Loaded 1793 samples.
   ⚙️  Config: Workers=8, BS=64, SmallData=False

>>> Loading Model: dinov3_lvd_1cha (dinov3_hub)
   🔍 Auditing weights for [dinov3_lvd_1cha]...
   ✅ [PERFECT MATCH] 368/368 layers loaded (100.0%)

   🔍 [Structure Check] dinov3_lvd_1cha Output Analysis:
      Type: Tuple (len=2)
      Item 0: Shape (1, 1024)
      Item 1: Shape (1, 256, 1024)
      ✅ Identified: CLS=True, Patch=True
      👉 Final Strategy: concat_3 | Input Dim: 3072
   ❄️  Mode: Linear Probe (Backbone Frozen)
   ⚡ AMP Precision: torch.bfloat16
   🔄 Training Start... (Epochs: 50, Patience: 8)
   📅 Epoch 1 | Loss: 2.0666 | Val Accuracy: 5.86%
      ⭐ New Best! (Model saving disabled to save space)
   📅 Epoch 2 | Loss: 1.9971 | Val Accuracy: 12.49%
      ⭐ New Best! (Model saving disabled to save space)
   📅 Epoch 3 | Loss: 1.9326 | Val Accuracy: 17.07%
      ⭐ New Best! (Model saving disabled to save space)
   📅 Epoch 4 | Loss: 1.8842 | Val Accuracy: 23.48%
      ⭐ New Best! (Model saving disabled to save space)
   📅 Epoch 5 | Loss: 1.8307 | Val Accuracy: 27.11%
      ⭐ New Best! (Model saving disabled to save space)
   📅 Epoch 6 | Loss: 1.7885 | Val Accuracy: 30.67%
      ⭐ New Best! (Model saving disabled to save space)
   📅 Epoch 7 | Loss: 1.7472 | Val Accuracy: 33.41%
      ⭐ New Best! (Model saving disabled to save space)
   📅 Epoch 8 | Loss: 1.7092 | Val Accuracy: 37.09%
      ⭐ New Best! (Model saving disabled to save space)
   📅 Epoch 9 | Loss: 1.6666 | Val Accuracy: 39.10%
      ⭐ New Best! (Model saving disabled to save space)
   📅 Epoch 10 | Loss: 1.6317 | Val Accuracy: 43.95%
      ⭐ New Best! (Model saving disabled to save space)
   📅 Epoch 11 | Loss: 1.6057 | Val Accuracy: 47.85%
      ⭐ New Best! (Model saving disabled to save space)
   📅 Epoch 12 | Loss: 1.5661 | Val Accuracy: 48.97%
      ⭐ New Best! (Model saving disabled to save space)
   📅 Epoch 13 | Loss: 1.5390 | Val Accuracy: 51.92%
      ⭐ New Best! (Model saving disabled to save space)
   📅 Epoch 14 | Loss: 1.5111 | Val Accuracy: 52.59%
      ⭐ New Best! (Model saving disabled to save space)
   📅 Epoch 15 | Loss: 1.4763 | Val Accuracy: 54.55%
      ⭐ New Best! (Model saving disabled to save space)
   📅 Epoch 16 | Loss: 1.4501 | Val Accuracy: 56.61%
      ⭐ New Best! (Model saving disabled to save space)
   📅 Epoch 17 | Loss: 1.4200 | Val Accuracy: 57.28%
      ⭐ New Best! (Model saving disabled to save space)
   📅 Epoch 18 | Loss: 1.3905 | Val Accuracy: 59.17%
      ⭐ New Best! (Model saving disabled to save space)
   📅 Epoch 19 | Loss: 1.3631 | Val Accuracy: 59.96%
      ⭐ New Best! (Model saving disabled to save space)
   📅 Epoch 20 | Loss: 1.3403 | Val Accuracy: 60.46%
      ⭐ New Best! (Model saving disabled to save space)
   📅 Epoch 21 | Loss: 1.3246 | Val Accuracy: 62.41%
      ⭐ New Best! (Model saving disabled to save space)
   📅 Epoch 22 | Loss: 1.2932 | Val Accuracy: 62.86%
      ⭐ New Best! (Model saving disabled to save space)
   📅 Epoch 23 | Loss: 1.2759 | Val Accuracy: 64.03%
      ⭐ New Best! (Model saving disabled to save space)
   📅 Epoch 24 | Loss: 1.2475 | Val Accuracy: 64.86%
      ⭐ New Best! (Model saving disabled to save space)
   📅 Epoch 25 | Loss: 1.2325 | Val Accuracy: 65.03%
      ⭐ New Best! (Model saving disabled to save space)
   📅 Epoch 26 | Loss: 1.2079 | Val Accuracy: 65.42%
      ⭐ New Best! (Model saving disabled to save space)
   📅 Epoch 27 | Loss: 1.1833 | Val Accuracy: 65.53%
      ⭐ New Best! (Model saving disabled to save space)
   📅 Epoch 28 | Loss: 1.1645 | Val Accuracy: 65.59%
      ⭐ New Best! (Model saving disabled to save space)
   📅 Epoch 29 | Loss: 1.1459 | Val Accuracy: 67.82%
      ⭐ New Best! (Model saving disabled to save space)
   📅 Epoch 30 | Loss: 1.1278 | Val Accuracy: 67.32%
   📅 Epoch 31 | Loss: 1.1069 | Val Accuracy: 68.32%
      ⭐ New Best! (Model saving disabled to save space)
   📅 Epoch 32 | Loss: 1.0954 | Val Accuracy: 68.15%
   📅 Epoch 33 | Loss: 1.0834 | Val Accuracy: 68.71%
      ⭐ New Best! (Model saving disabled to save space)
   📅 Epoch 34 | Loss: 1.0681 | Val Accuracy: 68.71%
   📅 Epoch 35 | Loss: 1.0398 | Val Accuracy: 68.60%
   📅 Epoch 36 | Loss: 1.0346 | Val Accuracy: 68.88%
      ⭐ New Best! (Model saving disabled to save space)
   📅 Epoch 37 | Loss: 1.0193 | Val Accuracy: 69.21%
      ⭐ New Best! (Model saving disabled to save space)
   📅 Epoch 38 | Loss: 1.0057 | Val Accuracy: 69.66%
      ⭐ New Best! (Model saving disabled to save space)
   📅 Epoch 39 | Loss: 0.9899 | Val Accuracy: 70.05%
      ⭐ New Best! (Model saving disabled to save space)
   📅 Epoch 40 | Loss: 0.9748 | Val Accuracy: 70.50%
      ⭐ New Best! (Model saving disabled to save space)
   📅 Epoch 41 | Loss: 0.9636 | Val Accuracy: 71.22%
      ⭐ New Best! (Model saving disabled to save space)
   📅 Epoch 42 | Loss: 0.9410 | Val Accuracy: 71.44%
      ⭐ New Best! (Model saving disabled to save space)
   📅 Epoch 43 | Loss: 0.9480 | Val Accuracy: 72.06%
      ⭐ New Best! (Model saving disabled to save space)
   📅 Epoch 44 | Loss: 0.9258 | Val Accuracy: 71.72%
   📅 Epoch 45 | Loss: 0.9091 | Val Accuracy: 72.11%
      ⭐ New Best! (Model saving disabled to save space)
   📅 Epoch 46 | Loss: 0.8972 | Val Accuracy: 72.62%
      ⭐ New Best! (Model saving disabled to save space)
   📅 Epoch 47 | Loss: 0.8765 | Val Accuracy: 73.01%
      ⭐ New Best! (Model saving disabled to save space)
   📅 Epoch 48 | Loss: 0.8700 | Val Accuracy: 72.06%
   📅 Epoch 49 | Loss: 0.8660 | Val Accuracy: 72.00%
   📅 Epoch 50 | Loss: 0.8505 | Val Accuracy: 71.83%

========================================
🏆 Best Val Accuracy: 73.01%
💾 Best Checkpoint: ./checkpoints/linear_mb-landmark_cls_dinov3_lvd_1cha_lr1e-05_concat_3.pth
========================================

