
============================================================
📄 Log File: ./logs/linear_records_new/mb-landmark_cls_dinov3_sat_frac0.01x_lr1e-05_concat_3.log
⏰ Time: 2026-04-16 03:20:56
============================================================

🚀 Training dinov3_sat on mb-landmark_cls | Mode: LINEAR | LR: 1e-05
   📂 [TRAIN] Loading 1 shards...
   ✅ Loaded 69 samples.
   📂 [TEST] Loading 1 shards...
   ✅ Loaded 1793 samples.
   ⚙️  Config: Workers=0, BS=64, SmallData=True

>>> Loading Model: dinov3_sat (dinov3_hub)
  ℹ️  DINOv3 Config: in_chans=3
   🔍 Auditing weights for [dinov3_sat]...
   ✅ [PERFECT MATCH] 368/368 layers loaded (100.0%)

   🔍 [Structure Check] dinov3_sat Output Analysis:
      Type: Tuple (len=2)
      Item 0: Shape (1, 1024)
      Item 1: Shape (1, 256, 1024)
      ✅ Identified: CLS=True, Patch=True
      👉 Final Strategy: concat_3 | Input Dim: 3072
   ❄️  Mode: Linear Probe (Backbone Frozen)
   ⚡ AMP Precision: torch.bfloat16
   🔄 Training Start... (Epochs: 50, Patience: 8)
   📅 Epoch 1 | Loss: 2.0974 | Val Accuracy: 22.81%
      ⭐ New Best! (Model saving disabled to save space)
   📅 Epoch 2 | Loss: 2.0819 | Val Accuracy: 22.20%
   📅 Epoch 3 | Loss: 2.0920 | Val Accuracy: 21.53%
   📅 Epoch 4 | Loss: 2.0873 | Val Accuracy: 20.97%
   📅 Epoch 5 | Loss: 2.0736 | Val Accuracy: 20.41%
   📅 Epoch 6 | Loss: 2.0690 | Val Accuracy: 19.58%
   📅 Epoch 7 | Loss: 2.0634 | Val Accuracy: 18.85%
   📅 Epoch 8 | Loss: 2.0784 | Val Accuracy: 18.40%
   📅 Epoch 9 | Loss: 2.0657 | Val Accuracy: 18.07%

   🛑 Early Stopping triggered after 8 epochs.

========================================
🏆 Best Val Accuracy: 22.81%
💾 Best Checkpoint: ./checkpoints/linear_mb-landmark_cls_dinov3_sat_lr1e-05_concat_3.pth
========================================

