
============================================================
📄 Log File: ./logs/linear_records/mb-landmark_cls_dinov3_sat_1cha_frac0.50x_lr0.0001_concat_3.log
⏰ Time: 2026-04-15 04:33:12
============================================================

🚀 Training dinov3_sat_1cha on mb-landmark_cls | Mode: LINEAR | LR: 0.0001
   📂 [TRAIN] Loading 1 shards...
   ✅ Loaded 2646 samples.
   📂 [TEST] Loading 1 shards...
   ✅ Loaded 1793 samples.
   ⚙️  Config: Workers=8, BS=64, SmallData=False

>>> Loading Model: dinov3_sat_1cha (dinov3_hub)
   🔍 Auditing weights for [dinov3_sat_1cha]...
   ✅ [PERFECT MATCH] 368/368 layers loaded (100.0%)

   🔍 [Structure Check] dinov3_sat_1cha Output Analysis:
      Type: Tuple (len=2)
      Item 0: Shape (1, 1024)
      Item 1: Shape (1, 256, 1024)
      ✅ Identified: CLS=True, Patch=True
      👉 Final Strategy: concat_3 | Input Dim: 3072
   ❄️  Mode: Linear Probe (Backbone Frozen)
   ⚡ AMP Precision: torch.bfloat16
   🔄 Training Start... (Epochs: 50, Patience: 8)
   📅 Epoch 1 | Loss: 1.5840 | Val Accuracy: 82.65%
      ⭐ New Best! (Model saving disabled to save space)
   📅 Epoch 2 | Loss: 1.2816 | Val Accuracy: 82.82%
      ⭐ New Best! (Model saving disabled to save space)
   📅 Epoch 3 | Loss: 1.1393 | Val Accuracy: 83.66%
      ⭐ New Best! (Model saving disabled to save space)
   📅 Epoch 4 | Loss: 1.0193 | Val Accuracy: 84.27%
      ⭐ New Best! (Model saving disabled to save space)
   📅 Epoch 5 | Loss: 0.9415 | Val Accuracy: 85.05%
      ⭐ New Best! (Model saving disabled to save space)
   📅 Epoch 6 | Loss: 0.8627 | Val Accuracy: 85.28%
      ⭐ New Best! (Model saving disabled to save space)
   📅 Epoch 7 | Loss: 0.7994 | Val Accuracy: 85.22%
   📅 Epoch 8 | Loss: 0.7471 | Val Accuracy: 86.45%
      ⭐ New Best! (Model saving disabled to save space)
   📅 Epoch 9 | Loss: 0.7142 | Val Accuracy: 87.01%
      ⭐ New Best! (Model saving disabled to save space)
   📅 Epoch 10 | Loss: 0.6744 | Val Accuracy: 87.28%
      ⭐ New Best! (Model saving disabled to save space)
   📅 Epoch 11 | Loss: 0.6562 | Val Accuracy: 85.44%
   📅 Epoch 12 | Loss: 0.6290 | Val Accuracy: 85.28%
   📅 Epoch 13 | Loss: 0.6103 | Val Accuracy: 84.72%
   📅 Epoch 14 | Loss: 0.5767 | Val Accuracy: 85.39%
   📅 Epoch 15 | Loss: 0.5626 | Val Accuracy: 84.22%
   📅 Epoch 16 | Loss: 0.5501 | Val Accuracy: 87.01%
   📅 Epoch 17 | Loss: 0.5396 | Val Accuracy: 85.05%
   📅 Epoch 18 | Loss: 0.5208 | Val Accuracy: 84.10%

   🛑 Early Stopping triggered after 8 epochs.

========================================
🏆 Best Val Accuracy: 87.28%
💾 Best Checkpoint: ./checkpoints/linear_mb-landmark_cls_dinov3_sat_1cha_lr0.0001_concat_3.pth
========================================

