
============================================================
📄 Log File: ./logs/linear_records/mb-landmark_cls_mars_mae_frac0.01x_lr0.001_concat_3.log
⏰ Time: 2026-04-15 05:55:36
============================================================

🚀 Training mars_mae on mb-landmark_cls | Mode: LINEAR | LR: 0.001
   📂 [TRAIN] Loading 1 shards...
   ✅ Loaded 69 samples.
   📂 [TEST] Loading 1 shards...
   ✅ Loaded 1793 samples.
   ⚙️  Config: Workers=0, BS=64, SmallData=True

>>> Loading Model: mars_mae (timm_mae)
   ℹ️  Config: in_chans=1
   🔍 Auditing weights for [mars_mae]...
   ✅ [PERFECT MATCH] 150/150 layers loaded (100.0%)

   🔍 [Structure Check] mars_mae Output Analysis:
      Type: Tuple (len=2)
      Item 0: Shape (1, 768)
      Item 1: Shape (1, 196, 768)
      ✅ Identified: CLS=True, Patch=True
      👉 Final Strategy: concat_3 | Input Dim: 2304
   ❄️  Mode: Linear Probe (Backbone Frozen)
   ⚡ AMP Precision: torch.bfloat16
   🔄 Training Start... (Epochs: 50, Patience: 8)
   📅 Epoch 1 | Loss: 2.0641 | Val Accuracy: 2.40%
      ⭐ New Best! (Model saving disabled to save space)
   📅 Epoch 2 | Loss: 2.1403 | Val Accuracy: 3.46%
      ⭐ New Best! (Model saving disabled to save space)
   📅 Epoch 3 | Loss: 1.9491 | Val Accuracy: 10.43%
      ⭐ New Best! (Model saving disabled to save space)
   📅 Epoch 4 | Loss: 1.9017 | Val Accuracy: 10.60%
      ⭐ New Best! (Model saving disabled to save space)
   📅 Epoch 5 | Loss: 1.8866 | Val Accuracy: 8.37%
   📅 Epoch 6 | Loss: 1.8348 | Val Accuracy: 4.74%
   📅 Epoch 7 | Loss: 1.7821 | Val Accuracy: 4.13%
   📅 Epoch 8 | Loss: 1.6307 | Val Accuracy: 6.92%
   📅 Epoch 9 | Loss: 1.5522 | Val Accuracy: 8.81%
   📅 Epoch 10 | Loss: 1.5301 | Val Accuracy: 10.93%
      ⭐ New Best! (Model saving disabled to save space)
   📅 Epoch 11 | Loss: 1.5145 | Val Accuracy: 13.78%
      ⭐ New Best! (Model saving disabled to save space)
   📅 Epoch 12 | Loss: 1.4496 | Val Accuracy: 13.78%
   📅 Epoch 13 | Loss: 1.4377 | Val Accuracy: 13.44%
   📅 Epoch 14 | Loss: 1.3203 | Val Accuracy: 10.37%
   📅 Epoch 15 | Loss: 1.4675 | Val Accuracy: 9.98%
   📅 Epoch 16 | Loss: 1.2643 | Val Accuracy: 10.49%
   📅 Epoch 17 | Loss: 1.3212 | Val Accuracy: 12.10%
   📅 Epoch 18 | Loss: 1.1938 | Val Accuracy: 16.62%
      ⭐ New Best! (Model saving disabled to save space)
   📅 Epoch 19 | Loss: 1.1411 | Val Accuracy: 21.31%
      ⭐ New Best! (Model saving disabled to save space)
   📅 Epoch 20 | Loss: 1.1725 | Val Accuracy: 19.02%
   📅 Epoch 21 | Loss: 1.1035 | Val Accuracy: 16.40%
   📅 Epoch 22 | Loss: 1.0991 | Val Accuracy: 14.95%
   📅 Epoch 23 | Loss: 1.0203 | Val Accuracy: 14.56%
   📅 Epoch 24 | Loss: 1.1173 | Val Accuracy: 14.45%
   📅 Epoch 25 | Loss: 0.9885 | Val Accuracy: 15.39%
   📅 Epoch 26 | Loss: 0.9624 | Val Accuracy: 16.23%
   📅 Epoch 27 | Loss: 0.9482 | Val Accuracy: 16.45%

   🛑 Early Stopping triggered after 8 epochs.

========================================
🏆 Best Val Accuracy: 21.31%
💾 Best Checkpoint: ./checkpoints/linear_mb-landmark_cls_mars_mae_lr0.001_concat_3.pth
========================================

