
============================================================
📄 Log File: ./logs/linear_records/mb-landmark_cls_openclip_frac0.20x_lr0.001_concat_3.log
⏰ Time: 2026-04-15 02:31:19
============================================================

🚀 Training openclip on mb-landmark_cls | Mode: LINEAR | LR: 0.001
   📂 [TRAIN] Loading 1 shards...
   ✅ Loaded 1286 samples.
   📂 [TEST] Loading 1 shards...
   ✅ Loaded 1793 samples.
   ⚙️  Config: Workers=8, BS=64, SmallData=False

>>> Loading Model: openclip (transformers_clip)

   🔍 [Structure Check] openclip Output Analysis:
      Type: Tuple (len=2)
      Item 0: Shape (1, 1024)
      Item 1: Shape (1, 256, 1024)
      ✅ Identified: CLS=True, Patch=True
      👉 Final Strategy: concat_3 | Input Dim: 3072
   ❄️  Mode: Linear Probe (Backbone Frozen)
   ⚡ AMP Precision: torch.bfloat16
   🔄 Training Start... (Epochs: 50, Patience: 8)
   📅 Epoch 1 | Loss: 1.8239 | Val Accuracy: 50.81%
      ⭐ New Best! (Model saving disabled to save space)
   📅 Epoch 2 | Loss: 0.6677 | Val Accuracy: 65.25%
      ⭐ New Best! (Model saving disabled to save space)
   📅 Epoch 3 | Loss: 0.5325 | Val Accuracy: 72.28%
      ⭐ New Best! (Model saving disabled to save space)
   📅 Epoch 4 | Loss: 0.4500 | Val Accuracy: 84.61%
      ⭐ New Best! (Model saving disabled to save space)
   📅 Epoch 5 | Loss: 0.4176 | Val Accuracy: 78.75%
   📅 Epoch 6 | Loss: 0.3980 | Val Accuracy: 89.01%
      ⭐ New Best! (Model saving disabled to save space)
   📅 Epoch 7 | Loss: 0.3325 | Val Accuracy: 73.62%
   📅 Epoch 8 | Loss: 0.3366 | Val Accuracy: 66.82%
   📅 Epoch 9 | Loss: 0.3560 | Val Accuracy: 88.01%
   📅 Epoch 10 | Loss: 0.3108 | Val Accuracy: 78.97%
   📅 Epoch 11 | Loss: 0.2958 | Val Accuracy: 82.77%
   📅 Epoch 12 | Loss: 0.2948 | Val Accuracy: 81.15%
   📅 Epoch 13 | Loss: 0.2942 | Val Accuracy: 87.51%
   📅 Epoch 14 | Loss: 0.2539 | Val Accuracy: 87.84%

   🛑 Early Stopping triggered after 8 epochs.

========================================
🏆 Best Val Accuracy: 89.01%
💾 Best Checkpoint: ./checkpoints/linear_mb-landmark_cls_openclip_lr0.001_concat_3.pth
========================================

