
============================================================
📄 Log File: ./logs/linear_records/mb-landmark_cls_dinov1_b8_frac0.01x_lr0.001_concat_3.log
⏰ Time: 2026-04-15 06:32:43
============================================================

🚀 Training dinov1_b8 on mb-landmark_cls | Mode: LINEAR | LR: 0.001
   📂 [TRAIN] Loading 1 shards...
   ✅ Loaded 69 samples.
   📂 [TEST] Loading 1 shards...
   ✅ Loaded 1793 samples.
   ⚙️  Config: Workers=0, BS=64, SmallData=True

>>> Loading Model: dinov1_b8 (dinov1)

   🔍 [Structure Check] dinov1_b8 Output Analysis:
      Type: Tuple (len=2)
      Item 0: Shape (1, 768)
      Item 1: Shape (1, 784, 768)
      ✅ Identified: CLS=True, Patch=True
      👉 Final Strategy: concat_3 | Input Dim: 2304
   ❄️  Mode: Linear Probe (Backbone Frozen)
   ⚡ AMP Precision: torch.bfloat16
   🔄 Training Start... (Epochs: 50, Patience: 8)
   📅 Epoch 1 | Loss: 3.1183 | Val Accuracy: 6.80%
      ⭐ New Best! (Model saving disabled to save space)
   📅 Epoch 2 | Loss: 2.5949 | Val Accuracy: 12.38%
      ⭐ New Best! (Model saving disabled to save space)
   📅 Epoch 3 | Loss: 4.0997 | Val Accuracy: 81.65%
      ⭐ New Best! (Model saving disabled to save space)
   📅 Epoch 4 | Loss: 3.8400 | Val Accuracy: 7.53%
   📅 Epoch 5 | Loss: 2.9280 | Val Accuracy: 8.87%
   📅 Epoch 6 | Loss: 2.8581 | Val Accuracy: 9.04%
   📅 Epoch 7 | Loss: 2.6902 | Val Accuracy: 11.27%
   📅 Epoch 8 | Loss: 1.9120 | Val Accuracy: 14.22%
   📅 Epoch 9 | Loss: 1.6237 | Val Accuracy: 14.17%
   📅 Epoch 10 | Loss: 1.0643 | Val Accuracy: 18.80%
   📅 Epoch 11 | Loss: 0.4793 | Val Accuracy: 47.41%

   🛑 Early Stopping triggered after 8 epochs.

========================================
🏆 Best Val Accuracy: 81.65%
💾 Best Checkpoint: ./checkpoints/linear_mb-landmark_cls_dinov1_b8_lr0.001_concat_3.pth
========================================

