
============================================================
📄 Log File: ./logs/linear_records_new/mb-landmark_cls_dinov2_l14_frac0.20x_lr1e-05_concat_3.log
⏰ Time: 2026-04-15 02:29:35
============================================================

🚀 Training dinov2_l14 on mb-landmark_cls | Mode: LINEAR | LR: 1e-05
   📂 [TRAIN] Loading 1 shards...
   ✅ Loaded 1286 samples.
   📂 [TEST] Loading 1 shards...
   ✅ Loaded 1793 samples.
   ⚙️  Config: Workers=8, BS=64, SmallData=False

>>> Loading Model: dinov2_l14 (dinov2_hub)
   🔍 Auditing weights for [dinov2_l14]...
   ✅ [PERFECT MATCH] 343/343 layers loaded (100.0%)

   🔍 [Structure Check] dinov2_l14 Output Analysis:
      Type: Tuple (len=2)
      Item 0: Shape (1, 1024)
      Item 1: Shape (1, 256, 1024)
      ✅ Identified: CLS=True, Patch=True
      👉 Final Strategy: concat_3 | Input Dim: 3072
   ❄️  Mode: Linear Probe (Backbone Frozen)
   ⚡ AMP Precision: torch.bfloat16
   🔄 Training Start... (Epochs: 50, Patience: 8)
   📅 Epoch 1 | Loss: 2.0586 | Val Accuracy: 39.65%
      ⭐ New Best! (Model saving disabled to save space)
   📅 Epoch 2 | Loss: 1.9826 | Val Accuracy: 34.69%
   📅 Epoch 3 | Loss: 1.9431 | Val Accuracy: 28.11%
   📅 Epoch 4 | Loss: 1.9242 | Val Accuracy: 25.54%
   📅 Epoch 5 | Loss: 1.9179 | Val Accuracy: 31.07%
   📅 Epoch 6 | Loss: 1.9027 | Val Accuracy: 27.16%
   📅 Epoch 7 | Loss: 1.8837 | Val Accuracy: 28.22%
   📅 Epoch 8 | Loss: 1.8639 | Val Accuracy: 28.17%
   📅 Epoch 9 | Loss: 1.8564 | Val Accuracy: 31.96%

   🛑 Early Stopping triggered after 8 epochs.

========================================
🏆 Best Val Accuracy: 39.65%
💾 Best Checkpoint: ./checkpoints/linear_mb-landmark_cls_dinov2_l14_lr1e-05_concat_3.pth
========================================

