
============================================================
📄 Log File: ./logs/linear_records_new/mb-landmark_cls_dinov3_sat_frac0.50x_lr1e-05_concat_3.log
⏰ Time: 2026-04-16 02:07:56
============================================================

🚀 Training dinov3_sat on mb-landmark_cls | Mode: LINEAR | LR: 1e-05
   📂 [TRAIN] Loading 1 shards...
   ✅ Loaded 2646 samples.
   📂 [TEST] Loading 1 shards...
   ✅ Loaded 1793 samples.
   ⚙️  Config: Workers=8, BS=64, SmallData=False

>>> Loading Model: dinov3_sat (dinov3_hub)
  ℹ️  DINOv3 Config: in_chans=3
   🔍 Auditing weights for [dinov3_sat]...
   ✅ [PERFECT MATCH] 368/368 layers loaded (100.0%)

   🔍 [Structure Check] dinov3_sat Output Analysis:
      Type: Tuple (len=2)
      Item 0: Shape (1, 1024)
      Item 1: Shape (1, 256, 1024)
      ✅ Identified: CLS=True, Patch=True
      👉 Final Strategy: concat_3 | Input Dim: 3072
   ❄️  Mode: Linear Probe (Backbone Frozen)
   ⚡ AMP Precision: torch.bfloat16
   🔄 Training Start... (Epochs: 50, Patience: 8)
   📅 Epoch 1 | Loss: 2.0605 | Val Accuracy: 7.70%
      ⭐ New Best! (Model saving disabled to save space)
   📅 Epoch 2 | Loss: 1.8839 | Val Accuracy: 25.04%
      ⭐ New Best! (Model saving disabled to save space)
   📅 Epoch 3 | Loss: 1.7435 | Val Accuracy: 61.24%
      ⭐ New Best! (Model saving disabled to save space)
   📅 Epoch 4 | Loss: 1.6364 | Val Accuracy: 78.53%
      ⭐ New Best! (Model saving disabled to save space)
   📅 Epoch 5 | Loss: 1.5586 | Val Accuracy: 81.43%
      ⭐ New Best! (Model saving disabled to save space)
   📅 Epoch 6 | Loss: 1.5007 | Val Accuracy: 82.21%
      ⭐ New Best! (Model saving disabled to save space)
   📅 Epoch 7 | Loss: 1.4552 | Val Accuracy: 82.77%
      ⭐ New Best! (Model saving disabled to save space)
   📅 Epoch 8 | Loss: 1.4173 | Val Accuracy: 82.71%
   📅 Epoch 9 | Loss: 1.3900 | Val Accuracy: 82.71%
   📅 Epoch 10 | Loss: 1.3622 | Val Accuracy: 82.71%
   📅 Epoch 11 | Loss: 1.3411 | Val Accuracy: 82.71%
   📅 Epoch 12 | Loss: 1.3172 | Val Accuracy: 82.71%
   📅 Epoch 13 | Loss: 1.2938 | Val Accuracy: 82.71%
   📅 Epoch 14 | Loss: 1.2732 | Val Accuracy: 82.71%
   📅 Epoch 15 | Loss: 1.2575 | Val Accuracy: 82.71%

   🛑 Early Stopping triggered after 8 epochs.

========================================
🏆 Best Val Accuracy: 82.77%
💾 Best Checkpoint: ./checkpoints/linear_mb-landmark_cls_dinov3_sat_lr1e-05_concat_3.pth
========================================

