
============================================================
📄 Log File: ./logs/linear_records_new/mb-landmark_cls_dinov3_sat_frac0.50x_lr0.001_concat_3.log
⏰ Time: 2026-04-16 03:35:21
============================================================

🚀 Training dinov3_sat on mb-landmark_cls | Mode: LINEAR | LR: 0.001
   📂 [TRAIN] Loading 1 shards...
   ✅ Loaded 2646 samples.
   📂 [TEST] Loading 1 shards...
   ✅ Loaded 1793 samples.
   ⚙️  Config: Workers=8, BS=64, SmallData=False

>>> Loading Model: dinov3_sat (dinov3_hub)
  ℹ️  DINOv3 Config: in_chans=3
   🔍 Auditing weights for [dinov3_sat]...
   ✅ [PERFECT MATCH] 368/368 layers loaded (100.0%)

   🔍 [Structure Check] dinov3_sat Output Analysis:
      Type: Tuple (len=2)
      Item 0: Shape (1, 1024)
      Item 1: Shape (1, 256, 1024)
      ✅ Identified: CLS=True, Patch=True
      👉 Final Strategy: concat_3 | Input Dim: 3072
   ❄️  Mode: Linear Probe (Backbone Frozen)
   ⚡ AMP Precision: torch.bfloat16
   🔄 Training Start... (Epochs: 50, Patience: 8)
   📅 Epoch 1 | Loss: 1.0427 | Val Accuracy: 75.01%
      ⭐ New Best! (Model saving disabled to save space)
   📅 Epoch 2 | Loss: 0.5474 | Val Accuracy: 88.34%
      ⭐ New Best! (Model saving disabled to save space)
   📅 Epoch 3 | Loss: 0.4420 | Val Accuracy: 87.79%
   📅 Epoch 4 | Loss: 0.3821 | Val Accuracy: 88.79%
      ⭐ New Best! (Model saving disabled to save space)
   📅 Epoch 5 | Loss: 0.3580 | Val Accuracy: 88.68%
   📅 Epoch 6 | Loss: 0.3321 | Val Accuracy: 88.79%
   📅 Epoch 7 | Loss: 0.3101 | Val Accuracy: 85.95%
   📅 Epoch 8 | Loss: 0.2922 | Val Accuracy: 85.83%
   📅 Epoch 9 | Loss: 0.2758 | Val Accuracy: 87.40%
   📅 Epoch 10 | Loss: 0.2729 | Val Accuracy: 85.33%
   📅 Epoch 11 | Loss: 0.2640 | Val Accuracy: 86.89%
   📅 Epoch 12 | Loss: 0.2520 | Val Accuracy: 87.45%

   🛑 Early Stopping triggered after 8 epochs.

========================================
🏆 Best Val Accuracy: 88.79%
💾 Best Checkpoint: ./checkpoints/linear_mb-landmark_cls_dinov3_sat_lr0.001_concat_3.pth
========================================

