
============================================================
📄 Log File: ./logs/linear_records/mb-landmark_cls_mars_mae_lr0.001_concat_3.log
⏰ Time: 2026-03-03 20:11:41
============================================================

🚀 Training mars_mae on mb-landmark_cls | Mode: LINEAR | LR: 0.001
   📂 [TRAIN] Loading 1 shards...
   ✅ Loaded 6997 samples.
   📂 [TEST] Loading 1 shards...
   ✅ Loaded 1793 samples.
   ⚙️  Config: Workers=8, BS=256, SmallData=False

>>> Loading Model: mars_mae (timm_mae)
   ℹ️  Config: in_chans=1
   🔍 Auditing weights for [mars_mae]...
   ✅ [PERFECT MATCH] 150/150 layers loaded (100.0%)

   🔍 [Structure Check] mars_mae Output Analysis:
      Type: Tuple (len=2)
      Item 0: Shape (1, 768)
      Item 1: Shape (1, 196, 768)
      ✅ Identified: CLS=True, Patch=True
      👉 Final Strategy: concat_3 | Input Dim: 2304
   ❄️  Mode: Linear Probe (Backbone Frozen)
   🚀 Compiling model with torch.compile...
   ⚡ AMP Precision: torch.bfloat16
   🔄 Training Start... (Epochs: 40, Patience: 5)
   📅 Epoch 1 | Loss: 0.8815 | Val Accuracy: 82.65%
      ⭐ New Best! Saved.
   📅 Epoch 2 | Loss: 0.5735 | Val Accuracy: 83.77%
      ⭐ New Best! Saved.
   📅 Epoch 3 | Loss: 0.4676 | Val Accuracy: 84.72%
      ⭐ New Best! Saved.
   📅 Epoch 4 | Loss: 0.4075 | Val Accuracy: 85.89%
      ⭐ New Best! Saved.
   📅 Epoch 5 | Loss: 0.3693 | Val Accuracy: 87.51%
      ⭐ New Best! Saved.
   📅 Epoch 6 | Loss: 0.3425 | Val Accuracy: 87.84%
      ⭐ New Best! Saved.
   📅 Epoch 7 | Loss: 0.3204 | Val Accuracy: 88.01%
      ⭐ New Best! Saved.
   📅 Epoch 8 | Loss: 0.2950 | Val Accuracy: 87.28%
   📅 Epoch 9 | Loss: 0.2874 | Val Accuracy: 87.51%
   📅 Epoch 10 | Loss: 0.2696 | Val Accuracy: 88.51%
      ⭐ New Best! Saved.
   📅 Epoch 11 | Loss: 0.2615 | Val Accuracy: 88.18%
   📅 Epoch 12 | Loss: 0.2524 | Val Accuracy: 89.12%
      ⭐ New Best! Saved.
   📅 Epoch 13 | Loss: 0.2467 | Val Accuracy: 89.40%
      ⭐ New Best! Saved.
   📅 Epoch 14 | Loss: 0.2397 | Val Accuracy: 88.68%
   📅 Epoch 15 | Loss: 0.2414 | Val Accuracy: 89.40%
   📅 Epoch 16 | Loss: 0.2339 | Val Accuracy: 89.51%
      ⭐ New Best! Saved.
   📅 Epoch 17 | Loss: 0.2255 | Val Accuracy: 89.51%
   📅 Epoch 18 | Loss: 0.2262 | Val Accuracy: 89.51%
   📅 Epoch 19 | Loss: 0.2261 | Val Accuracy: 89.63%
      ⭐ New Best! Saved.
   📅 Epoch 20 | Loss: 0.2195 | Val Accuracy: 87.34%
   📅 Epoch 21 | Loss: 0.2174 | Val Accuracy: 89.07%
   📅 Epoch 22 | Loss: 0.2091 | Val Accuracy: 88.96%
   📅 Epoch 23 | Loss: 0.2057 | Val Accuracy: 90.24%
      ⭐ New Best! Saved.
   📅 Epoch 24 | Loss: 0.2077 | Val Accuracy: 90.02%
   📅 Epoch 25 | Loss: 0.2036 | Val Accuracy: 89.57%
   📅 Epoch 26 | Loss: 0.2018 | Val Accuracy: 89.85%
   📅 Epoch 27 | Loss: 0.1944 | Val Accuracy: 90.13%
   📅 Epoch 28 | Loss: 0.1909 | Val Accuracy: 90.35%
      ⭐ New Best! Saved.
   📅 Epoch 29 | Loss: 0.1927 | Val Accuracy: 90.30%
   📅 Epoch 30 | Loss: 0.1822 | Val Accuracy: 89.96%
   📅 Epoch 31 | Loss: 0.1990 | Val Accuracy: 90.57%
      ⭐ New Best! Saved.
   📅 Epoch 32 | Loss: 0.1878 | Val Accuracy: 89.96%
   📅 Epoch 33 | Loss: 0.1912 | Val Accuracy: 90.35%
   📅 Epoch 34 | Loss: 0.1954 | Val Accuracy: 90.85%
      ⭐ New Best! Saved.
   📅 Epoch 35 | Loss: 0.1903 | Val Accuracy: 89.96%
   📅 Epoch 36 | Loss: 0.1928 | Val Accuracy: 89.46%
   📅 Epoch 37 | Loss: 0.1744 | Val Accuracy: 89.96%
   📅 Epoch 38 | Loss: 0.1832 | Val Accuracy: 90.41%
   📅 Epoch 39 | Loss: 0.1792 | Val Accuracy: 90.41%

   🛑 Early Stopping triggered after 5 epochs.

========================================
🏆 Best Val Accuracy: 90.85%
💾 Best Checkpoint: ./checkpoints/linear_mb-landmark_cls_mars_mae_lr0.001_concat_3.pth
========================================

