
============================================================
📄 Log File: ./logs/linear_records_new/mb-landmark_cls_dinov3_lvd_frac0.50x_lr0.0001_concat_3.log
⏰ Time: 2026-04-16 03:02:52
============================================================

🚀 Training dinov3_lvd on mb-landmark_cls | Mode: LINEAR | LR: 0.0001
   📂 [TRAIN] Loading 1 shards...
   ✅ Loaded 2646 samples.
   📂 [TEST] Loading 1 shards...
   ✅ Loaded 1793 samples.
   ⚙️  Config: Workers=8, BS=64, SmallData=False

>>> Loading Model: dinov3_lvd (dinov3_hub)
  ℹ️  DINOv3 Config: in_chans=3
   🔍 Auditing weights for [dinov3_lvd]...
   ✅ [PERFECT MATCH] 368/368 layers loaded (100.0%)

   🔍 [Structure Check] dinov3_lvd Output Analysis:
      Type: Tuple (len=2)
      Item 0: Shape (1, 1024)
      Item 1: Shape (1, 256, 1024)
      ✅ Identified: CLS=True, Patch=True
      👉 Final Strategy: concat_3 | Input Dim: 3072
   ❄️  Mode: Linear Probe (Backbone Frozen)
   ⚡ AMP Precision: torch.bfloat16
   🔄 Training Start... (Epochs: 50, Patience: 8)
   📅 Epoch 1 | Loss: 1.3785 | Val Accuracy: 83.05%
      ⭐ New Best! (Model saving disabled to save space)
   📅 Epoch 2 | Loss: 0.9434 | Val Accuracy: 82.04%
   📅 Epoch 3 | Loss: 0.7543 | Val Accuracy: 85.55%
      ⭐ New Best! (Model saving disabled to save space)
   📅 Epoch 4 | Loss: 0.6361 | Val Accuracy: 86.39%
      ⭐ New Best! (Model saving disabled to save space)
   📅 Epoch 5 | Loss: 0.5525 | Val Accuracy: 88.85%
      ⭐ New Best! (Model saving disabled to save space)
   📅 Epoch 6 | Loss: 0.4967 | Val Accuracy: 88.46%
   📅 Epoch 7 | Loss: 0.4579 | Val Accuracy: 88.23%
   📅 Epoch 8 | Loss: 0.4292 | Val Accuracy: 88.46%
   📅 Epoch 9 | Loss: 0.4043 | Val Accuracy: 88.62%
   📅 Epoch 10 | Loss: 0.3746 | Val Accuracy: 88.96%
      ⭐ New Best! (Model saving disabled to save space)
   📅 Epoch 11 | Loss: 0.3705 | Val Accuracy: 89.46%
      ⭐ New Best! (Model saving disabled to save space)
   📅 Epoch 12 | Loss: 0.3441 | Val Accuracy: 89.40%
   📅 Epoch 13 | Loss: 0.3334 | Val Accuracy: 89.35%
   📅 Epoch 14 | Loss: 0.3276 | Val Accuracy: 89.74%
      ⭐ New Best! (Model saving disabled to save space)
   📅 Epoch 15 | Loss: 0.3168 | Val Accuracy: 89.46%
   📅 Epoch 16 | Loss: 0.3015 | Val Accuracy: 90.30%
      ⭐ New Best! (Model saving disabled to save space)
   📅 Epoch 17 | Loss: 0.2945 | Val Accuracy: 90.35%
      ⭐ New Best! (Model saving disabled to save space)
   📅 Epoch 18 | Loss: 0.2900 | Val Accuracy: 90.02%
   📅 Epoch 19 | Loss: 0.2853 | Val Accuracy: 90.41%
      ⭐ New Best! (Model saving disabled to save space)
   📅 Epoch 20 | Loss: 0.2742 | Val Accuracy: 90.13%
   📅 Epoch 21 | Loss: 0.2772 | Val Accuracy: 90.35%
   📅 Epoch 22 | Loss: 0.2727 | Val Accuracy: 91.08%
      ⭐ New Best! (Model saving disabled to save space)
   📅 Epoch 23 | Loss: 0.2612 | Val Accuracy: 91.24%
      ⭐ New Best! (Model saving disabled to save space)
   📅 Epoch 24 | Loss: 0.2571 | Val Accuracy: 91.47%
      ⭐ New Best! (Model saving disabled to save space)
   📅 Epoch 25 | Loss: 0.2459 | Val Accuracy: 91.19%
   📅 Epoch 26 | Loss: 0.2400 | Val Accuracy: 91.24%
   📅 Epoch 27 | Loss: 0.2386 | Val Accuracy: 91.41%
   📅 Epoch 28 | Loss: 0.2367 | Val Accuracy: 91.52%
      ⭐ New Best! (Model saving disabled to save space)
   📅 Epoch 29 | Loss: 0.2368 | Val Accuracy: 91.69%
      ⭐ New Best! (Model saving disabled to save space)
   📅 Epoch 30 | Loss: 0.2454 | Val Accuracy: 91.91%
      ⭐ New Best! (Model saving disabled to save space)
   📅 Epoch 31 | Loss: 0.2236 | Val Accuracy: 91.91%
   📅 Epoch 32 | Loss: 0.2275 | Val Accuracy: 92.08%
      ⭐ New Best! (Model saving disabled to save space)
   📅 Epoch 33 | Loss: 0.2222 | Val Accuracy: 92.25%
      ⭐ New Best! (Model saving disabled to save space)
   📅 Epoch 34 | Loss: 0.2290 | Val Accuracy: 92.19%
   📅 Epoch 35 | Loss: 0.2147 | Val Accuracy: 92.30%
      ⭐ New Best! (Model saving disabled to save space)
   📅 Epoch 36 | Loss: 0.2219 | Val Accuracy: 91.97%
   📅 Epoch 37 | Loss: 0.2152 | Val Accuracy: 92.14%
   📅 Epoch 38 | Loss: 0.2194 | Val Accuracy: 91.75%
   📅 Epoch 39 | Loss: 0.2032 | Val Accuracy: 91.58%
   📅 Epoch 40 | Loss: 0.2127 | Val Accuracy: 92.19%
   📅 Epoch 41 | Loss: 0.2042 | Val Accuracy: 91.63%
   📅 Epoch 42 | Loss: 0.2033 | Val Accuracy: 92.14%
   📅 Epoch 43 | Loss: 0.1992 | Val Accuracy: 91.69%

   🛑 Early Stopping triggered after 8 epochs.

========================================
🏆 Best Val Accuracy: 92.30%
💾 Best Checkpoint: ./checkpoints/linear_mb-landmark_cls_dinov3_lvd_lr0.0001_concat_3.pth
========================================

