
============================================================
📄 Log File: ./logs/linear_records/mb-landmark_cls_dinov1_b8_frac0.50x_lr0.001_concat_3.log
⏰ Time: 2026-04-15 10:51:34
============================================================

🚀 Training dinov1_b8 on mb-landmark_cls | Mode: LINEAR | LR: 0.001
   📂 [TRAIN] Loading 1 shards...
   ✅ Loaded 2646 samples.
   📂 [TEST] Loading 1 shards...
   ✅ Loaded 1793 samples.
   ⚙️  Config: Workers=8, BS=64, SmallData=False

>>> Loading Model: dinov1_b8 (dinov1)

   🔍 [Structure Check] dinov1_b8 Output Analysis:
      Type: Tuple (len=2)
      Item 0: Shape (1, 768)
      Item 1: Shape (1, 784, 768)
      ✅ Identified: CLS=True, Patch=True
      👉 Final Strategy: concat_3 | Input Dim: 2304
   ❄️  Mode: Linear Probe (Backbone Frozen)
   ⚡ AMP Precision: torch.bfloat16
   🔄 Training Start... (Epochs: 50, Patience: 8)
   📅 Epoch 1 | Loss: 1.4008 | Val Accuracy: 91.08%
      ⭐ New Best! (Model saving disabled to save space)
   📅 Epoch 2 | Loss: 0.2825 | Val Accuracy: 91.63%
      ⭐ New Best! (Model saving disabled to save space)
   📅 Epoch 3 | Loss: 0.2273 | Val Accuracy: 90.24%
   📅 Epoch 4 | Loss: 0.1894 | Val Accuracy: 89.29%
   📅 Epoch 5 | Loss: 0.1835 | Val Accuracy: 91.47%
   📅 Epoch 6 | Loss: 0.1991 | Val Accuracy: 90.74%
   📅 Epoch 7 | Loss: 0.1754 | Val Accuracy: 92.25%
      ⭐ New Best! (Model saving disabled to save space)
   📅 Epoch 8 | Loss: 0.1515 | Val Accuracy: 92.64%
      ⭐ New Best! (Model saving disabled to save space)
   📅 Epoch 9 | Loss: 0.1552 | Val Accuracy: 92.30%
   📅 Epoch 10 | Loss: 0.1351 | Val Accuracy: 91.75%
   📅 Epoch 11 | Loss: 0.1592 | Val Accuracy: 92.41%
   📅 Epoch 12 | Loss: 0.1671 | Val Accuracy: 92.81%
      ⭐ New Best! (Model saving disabled to save space)
   📅 Epoch 13 | Loss: 0.1506 | Val Accuracy: 92.86%
      ⭐ New Best! (Model saving disabled to save space)
   📅 Epoch 14 | Loss: 0.1417 | Val Accuracy: 92.64%
   📅 Epoch 15 | Loss: 0.1509 | Val Accuracy: 87.01%
   📅 Epoch 16 | Loss: 0.1015 | Val Accuracy: 89.63%
   📅 Epoch 17 | Loss: 0.1300 | Val Accuracy: 92.92%
      ⭐ New Best! (Model saving disabled to save space)
   📅 Epoch 18 | Loss: 0.1524 | Val Accuracy: 92.19%
   📅 Epoch 19 | Loss: 0.1216 | Val Accuracy: 90.80%
   📅 Epoch 20 | Loss: 0.1444 | Val Accuracy: 92.25%
   📅 Epoch 21 | Loss: 0.1256 | Val Accuracy: 92.41%
   📅 Epoch 22 | Loss: 0.1348 | Val Accuracy: 93.25%
      ⭐ New Best! (Model saving disabled to save space)
   📅 Epoch 23 | Loss: 0.1524 | Val Accuracy: 90.80%
   📅 Epoch 24 | Loss: 0.1273 | Val Accuracy: 91.91%
   📅 Epoch 25 | Loss: 0.1305 | Val Accuracy: 93.03%
   📅 Epoch 26 | Loss: 0.1504 | Val Accuracy: 91.24%
   📅 Epoch 27 | Loss: 0.2093 | Val Accuracy: 91.30%
   📅 Epoch 28 | Loss: 0.1310 | Val Accuracy: 91.58%
   📅 Epoch 29 | Loss: 0.1081 | Val Accuracy: 92.58%
   📅 Epoch 30 | Loss: 0.1109 | Val Accuracy: 92.08%

   🛑 Early Stopping triggered after 8 epochs.

========================================
🏆 Best Val Accuracy: 93.25%
💾 Best Checkpoint: ./checkpoints/linear_mb-landmark_cls_dinov1_b8_lr0.001_concat_3.pth
========================================

