
============================================================
📄 Log File: ./logs/linear_records_new/mb-landmark_cls_dinov2_l14_frac0.01x_lr1e-05_concat_3.log
⏰ Time: 2026-04-15 02:11:38
============================================================

🚀 Training dinov2_l14 on mb-landmark_cls | Mode: LINEAR | LR: 1e-05
   📂 [TRAIN] Loading 1 shards...
   ✅ Loaded 69 samples.
   📂 [TEST] Loading 1 shards...
   ✅ Loaded 1793 samples.
   ⚙️  Config: Workers=0, BS=64, SmallData=True

>>> Loading Model: dinov2_l14 (dinov2_hub)
   🔍 Auditing weights for [dinov2_l14]...
   ✅ [PERFECT MATCH] 343/343 layers loaded (100.0%)

   🔍 [Structure Check] dinov2_l14 Output Analysis:
      Type: Tuple (len=2)
      Item 0: Shape (1, 1024)
      Item 1: Shape (1, 256, 1024)
      ✅ Identified: CLS=True, Patch=True
      👉 Final Strategy: concat_3 | Input Dim: 3072
   ❄️  Mode: Linear Probe (Backbone Frozen)
   ⚡ AMP Precision: torch.bfloat16
   🔄 Training Start... (Epochs: 50, Patience: 8)
   📅 Epoch 1 | Loss: 2.3019 | Val Accuracy: 0.89%
      ⭐ New Best! (Model saving disabled to save space)
   📅 Epoch 2 | Loss: 2.2955 | Val Accuracy: 0.89%
   📅 Epoch 3 | Loss: 2.2686 | Val Accuracy: 0.89%
   📅 Epoch 4 | Loss: 2.2440 | Val Accuracy: 0.89%
   📅 Epoch 5 | Loss: 2.2472 | Val Accuracy: 0.89%
   📅 Epoch 6 | Loss: 2.2432 | Val Accuracy: 0.89%
   📅 Epoch 7 | Loss: 2.2274 | Val Accuracy: 0.89%
   📅 Epoch 8 | Loss: 2.2357 | Val Accuracy: 0.89%
   📅 Epoch 9 | Loss: 2.1893 | Val Accuracy: 0.89%

   🛑 Early Stopping triggered after 8 epochs.

========================================
🏆 Best Val Accuracy: 0.89%
💾 Best Checkpoint: ./checkpoints/linear_mb-landmark_cls_dinov2_l14_lr1e-05_concat_3.pth
========================================

