
============================================================
📄 Log File: ./logs/linear_records/mb-landmark_cls_dinov1_b8_lr0.01_concat_3.log
⏰ Time: 2026-03-03 12:19:07
============================================================

🚀 Training dinov1_b8 on mb-landmark_cls | Mode: LINEAR | LR: 0.01
   📂 [TRAIN] Loading 1 shards...
   ✅ Loaded 6997 samples.
   📂 [TEST] Loading 1 shards...
   ✅ Loaded 1793 samples.
   ⚙️  Config: Workers=8, BS=256, SmallData=False

>>> Loading Model: dinov1_b8 (dinov1)

   🔍 [Structure Check] dinov1_b8 Output Analysis:
      Type: Tuple (len=2)
      Item 0: Shape (1, 768)
      Item 1: Shape (1, 784, 768)
      ✅ Identified: CLS=True, Patch=True
      👉 Final Strategy: concat_3 | Input Dim: 2304
   ❄️  Mode: Linear Probe (Backbone Frozen)
   🚀 Compiling model with torch.compile...
   ⚡ AMP Precision: torch.bfloat16
   🔄 Training Start... (Epochs: 40, Patience: 5)
   📅 Epoch 1 | Loss: 16.9979 | Val Accuracy: 84.94%
      ⭐ New Best! Saved.
   📅 Epoch 2 | Loss: 3.3729 | Val Accuracy: 89.57%
      ⭐ New Best! Saved.
   📅 Epoch 3 | Loss: 0.6539 | Val Accuracy: 90.57%
      ⭐ New Best! Saved.
   📅 Epoch 4 | Loss: 0.4584 | Val Accuracy: 90.96%
      ⭐ New Best! Saved.
   📅 Epoch 5 | Loss: 0.3483 | Val Accuracy: 90.13%
   📅 Epoch 6 | Loss: 0.3026 | Val Accuracy: 91.47%
      ⭐ New Best! Saved.
   📅 Epoch 7 | Loss: 0.2825 | Val Accuracy: 92.53%
      ⭐ New Best! Saved.
   📅 Epoch 8 | Loss: 0.2812 | Val Accuracy: 92.81%
      ⭐ New Best! Saved.
   📅 Epoch 9 | Loss: 0.2543 | Val Accuracy: 92.02%
   📅 Epoch 10 | Loss: 0.3136 | Val Accuracy: 89.96%
   📅 Epoch 11 | Loss: 0.2970 | Val Accuracy: 91.86%
   📅 Epoch 12 | Loss: 0.3439 | Val Accuracy: 91.75%
   📅 Epoch 13 | Loss: 0.4544 | Val Accuracy: 82.26%

   🛑 Early Stopping triggered after 5 epochs.

========================================
🏆 Best Val Accuracy: 92.81%
💾 Best Checkpoint: ./checkpoints/linear_mb-landmark_cls_dinov1_b8_lr0.01_concat_3.pth
========================================

