
============================================================
📄 Log File: ./logs/linear_records/mb-landmark_cls_dinov3_lvd_1cha_frac0.20x_lr0.001_concat_3.log
⏰ Time: 2026-04-15 04:00:03
============================================================

🚀 Training dinov3_lvd_1cha on mb-landmark_cls | Mode: LINEAR | LR: 0.001
   📂 [TRAIN] Loading 1 shards...
   ✅ Loaded 1286 samples.
   📂 [TEST] Loading 1 shards...
   ✅ Loaded 1793 samples.
   ⚙️  Config: Workers=8, BS=64, SmallData=False

>>> Loading Model: dinov3_lvd_1cha (dinov3_hub)
   🔍 Auditing weights for [dinov3_lvd_1cha]...
   ✅ [PERFECT MATCH] 368/368 layers loaded (100.0%)

   🔍 [Structure Check] dinov3_lvd_1cha Output Analysis:
      Type: Tuple (len=2)
      Item 0: Shape (1, 1024)
      Item 1: Shape (1, 256, 1024)
      ✅ Identified: CLS=True, Patch=True
      👉 Final Strategy: concat_3 | Input Dim: 3072
   ❄️  Mode: Linear Probe (Backbone Frozen)
   ⚡ AMP Precision: torch.bfloat16
   🔄 Training Start... (Epochs: 50, Patience: 8)
   📅 Epoch 1 | Loss: 1.0301 | Val Accuracy: 72.78%
      ⭐ New Best! (Model saving disabled to save space)
   📅 Epoch 2 | Loss: 0.4353 | Val Accuracy: 74.96%
      ⭐ New Best! (Model saving disabled to save space)
   📅 Epoch 3 | Loss: 0.3158 | Val Accuracy: 79.31%
      ⭐ New Best! (Model saving disabled to save space)
   📅 Epoch 4 | Loss: 0.2624 | Val Accuracy: 81.04%
      ⭐ New Best! (Model saving disabled to save space)
   📅 Epoch 5 | Loss: 0.2493 | Val Accuracy: 77.75%
   📅 Epoch 6 | Loss: 0.2323 | Val Accuracy: 83.77%
      ⭐ New Best! (Model saving disabled to save space)
   📅 Epoch 7 | Loss: 0.2132 | Val Accuracy: 79.31%
   📅 Epoch 8 | Loss: 0.1952 | Val Accuracy: 87.79%
      ⭐ New Best! (Model saving disabled to save space)
   📅 Epoch 9 | Loss: 0.1968 | Val Accuracy: 85.05%
   📅 Epoch 10 | Loss: 0.1682 | Val Accuracy: 85.44%
   📅 Epoch 11 | Loss: 0.1603 | Val Accuracy: 77.69%
   📅 Epoch 12 | Loss: 0.1589 | Val Accuracy: 76.46%
   📅 Epoch 13 | Loss: 0.1455 | Val Accuracy: 82.93%
   📅 Epoch 14 | Loss: 0.1578 | Val Accuracy: 82.65%
   📅 Epoch 15 | Loss: 0.1359 | Val Accuracy: 77.86%
   📅 Epoch 16 | Loss: 0.1603 | Val Accuracy: 80.59%

   🛑 Early Stopping triggered after 8 epochs.

========================================
🏆 Best Val Accuracy: 87.79%
💾 Best Checkpoint: ./checkpoints/linear_mb-landmark_cls_dinov3_lvd_1cha_lr0.001_concat_3.pth
========================================

